                Step[ FC]     Time          Energy          fmax
*Force-consistent energies used in optimization.
BFGSLineSearch:    0[  0] 15:16:57   -39986.477165*       3.9973
BFGSLineSearch:    1[  2] 15:38:38   -39986.592497*       2.2133
BFGSLineSearch:    2[  4] 16:06:23   -39986.887412*       1.7816
BFGSLineSearch:    3[  6] 16:28:51   -39987.156676*       1.0487
BFGSLineSearch:    4[  8] 16:54:16   -39987.293007*       1.1054
BFGSLineSearch:    5[ 10] 17:24:31   -39987.354587*       1.0236
BFGSLineSearch:    6[ 12] 17:50:08   -39987.426156*       0.9032
BFGSLineSearch:    7[ 14] 18:15:20   -39987.506696*       1.1184
BFGSLineSearch:    8[ 16] 18:42:52   -39987.541875*       0.8613
BFGSLineSearch:    9[ 18] 19:06:40   -39987.589427*       0.5125
BFGSLineSearch:   10[ 19] 19:23:06   -39987.666159*       0.7371
BFGSLineSearch:   11[ 20] 19:37:16   -39987.714463*       0.6088
BFGSLineSearch:   12[ 21] 19:45:16   -39987.770186*       0.8224
BFGSLineSearch:   13[ 22] 19:56:26   -39987.816141*       1.2164
BFGSLineSearch:   14[ 24] 20:13:21   -39987.848185*       1.1682
BFGSLineSearch:   15[ 25] 20:22:32   -39987.878742*       1.3843
BFGSLineSearch:   16[ 26] 20:36:37   -39987.919305*       0.7072
BFGSLineSearch:   17[ 27] 20:44:27   -39987.967385*       0.5089
BFGSLineSearch:   18[ 28] 20:54:33   -39987.995514*       0.4475
BFGSLineSearch:   19[ 29] 21:04:45   -39988.017049*       1.5056
BFGSLineSearch:   20[ 31] 21:29:16   -39988.050889*       0.4508
                Step[ FC]     Time          Energy          fmax
*Force-consistent energies used in optimization.
BFGSLineSearch:    0[  0] 10:33:44   -39988.050896*       0.4509
BFGSLineSearch:    1[  2] 11:05:33   -39988.061946*       0.4353
BFGSLineSearch:    2[  3] 11:24:09   -39988.077100*       0.2621
BFGSLineSearch:    3[  4] 11:38:38   -39988.087949*       0.1584
BFGSLineSearch:    4[  5] 11:55:57   -39988.100679*       0.4501
BFGSLineSearch:    5[  6] 12:13:55   -39988.117141*       0.2536
BFGSLineSearch:    6[  7] 12:30:33   -39988.151229*       0.5650
BFGSLineSearch:    7[  9] 13:05:35   -39988.254119*       1.3959
BFGSLineSearch:    8[ 11] 13:49:17   -39988.351002*       2.1861
BFGSLineSearch:    9[ 13] 14:20:18   -39988.499874*       2.1857
BFGSLineSearch:   10[ 14] 14:40:25   -39988.745257*       1.6139
BFGSLineSearch:   11[ 15] 14:56:54   -39989.194965*       1.5009
BFGSLineSearch:   12[ 16] 15:16:02   -39989.360636*       1.3125
BFGSLineSearch:   13[ 17] 15:36:15   -39989.536502*       1.5095
BFGSLineSearch:   14[ 18] 15:56:03   -39989.648802*       0.6980
BFGSLineSearch:   15[ 19] 16:11:33   -39989.707806*       0.9426
BFGSLineSearch:   16[ 21] 16:46:38   -39989.749257*       0.4198
                Step[ FC]     Time          Energy          fmax
*Force-consistent energies used in optimization.
BFGSLineSearch:    0[  0] 18:12:33   -39989.749255*       0.4197
BFGSLineSearch:    1[  2] 18:31:59   -39989.769276*       0.4073
BFGSLineSearch:    2[  3] 18:42:27   -39989.805549*       0.3814
BFGSLineSearch:    3[  4] 18:51:08   -39989.822708*       1.1680
BFGSLineSearch:    4[  5] 18:57:57   -39989.834015*       0.6656
BFGSLineSearch:    5[  6] 19:05:26   -39989.842690*       0.1914
BFGSLineSearch:    6[  7] 19:11:42   -39989.849303*       0.3288
BFGSLineSearch:    7[  8] 19:21:22   -39989.855547*       0.3336
BFGSLineSearch:    8[  9] 19:29:15   -39989.862651*       0.2760
BFGSLineSearch:    9[ 10] 19:36:30   -39989.869154*       0.3393
BFGSLineSearch:   10[ 11] 19:43:38   -39989.875483*       0.2315
BFGSLineSearch:   11[ 12] 19:51:19   -39989.881819*       0.2869
BFGSLineSearch:   12[ 13] 19:56:55   -39989.891293*       0.1616
BFGSLineSearch:   13[ 14] 20:03:45   -39989.895279*       0.1422
BFGSLineSearch:   14[ 15] 20:09:23   -39989.898080*       0.1359
BFGSLineSearch:   15[ 17] 20:25:07   -39989.899909*       0.2037
BFGSLineSearch:   16[ 20] 20:43:58   -39989.904713*       0.3284
BFGSLineSearch:   17[ 23] 21:13:37   -39989.911776*       0.3040
BFGSLineSearch:   18[ 24] 21:22:35   -39989.917089*       0.1432
BFGSLineSearch:   19[ 25] 21:30:24   -39989.920925*       0.2703
BFGSLineSearch:   20[ 26] 21:36:32   -39989.923961*       0.1606
BFGSLineSearch:   21[ 29] 21:56:40   -39989.924362*       0.1367
BFGSLineSearch:   22[ 32] 22:15:57   -39989.927720*       0.1129
BFGSLineSearch:   23[ 33] 22:21:11   -39989.929407*       0.0804
BFGSLineSearch:   24[ 34] 22:27:07   -39989.931718*       0.2164
                Step[ FC]     Time          Energy          fmax
*Force-consistent energies used in optimization.
BFGSLineSearch:    0[  0] 10:45:26   -39989.931699*       0.2104
BFGSLineSearch:    1[  3] 11:18:36   -39989.933663*       0.0783
BFGSLineSearch:    2[  6] 11:56:58   -39989.937711*       0.1161
BFGSLineSearch:    3[  9] 12:40:31   -39989.942976*       0.2364
BFGSLineSearch:    4[ 10] 12:53:10   -39989.946790*       0.2309
BFGSLineSearch:    5[ 11] 13:05:50   -39989.952707*       0.1320
BFGSLineSearch:    6[ 14] 13:39:25   -39989.953849*       0.1259
BFGSLineSearch:    7[ 15] 13:49:31   -39989.956971*       0.1120
BFGSLineSearch:    8[ 17] 14:11:31   -39989.959840*       0.1310
BFGSLineSearch:    9[ 20] 14:45:24   -39989.964352*       0.2161
BFGSLineSearch:   10[ 21] 14:55:09   -39989.966963*       0.0812
BFGSLineSearch:   11[ 22] 15:05:16   -39989.970367*       0.1447
BFGSLineSearch:   12[ 24] 15:29:59   -39989.971647*       0.2286
BFGSLineSearch:   13[ 25] 15:39:43   -39989.973856*       0.0797
BFGSLineSearch:   14[ 26] 15:52:21   -39989.976020*       0.0743
BFGSLineSearch:   15[ 29] 16:28:38   -39989.978638*       0.1443
BFGSLineSearch:   16[ 30] 16:36:26   -39989.980008*       0.0980
BFGSLineSearch:   17[ 31] 16:46:09   -39989.981219*       0.2640
BFGSLineSearch:   18[ 43] 17:35:32   -39989.981291*       0.2734
BFGSLineSearch:   19[ 44] 17:44:45   -39989.983074*       0.0823
                Step[ FC]     Time          Energy          fmax
*Force-consistent energies used in optimization.
BFGSLineSearch:    0[  0] 11:21:49   -39989.983068*       0.0814
BFGSLineSearch:    1[  1] 11:31:16   -39989.983973*       0.1673
BFGSLineSearch:    2[  4] 11:55:32   -39989.986262*       0.3721
BFGSLineSearch:    3[  5] 12:00:43   -39989.987797*       0.1033
BFGSLineSearch:    4[  6] 12:06:33   -39989.989257*       0.3171
BFGSLineSearch:    5[  7] 12:11:26   -39989.990411*       0.1752
BFGSLineSearch:    6[  8] 12:15:33   -39989.991271*       0.2782
BFGSLineSearch:    7[ 10] 12:26:19   -39989.992207*       0.1221
BFGSLineSearch:    8[ 11] 12:30:45   -39989.992937*       0.2272
BFGSLineSearch:    9[ 14] 12:45:56   -39989.993429*       0.0461
