***************************************************************************
*                       SPARC (version Dec 27, 2021)                      *
*   Copyright (c) 2020 Material Physics & Mechanics Group, Georgia Tech   *
*           Distributed under GNU General Public License 3 (GPL)          *
*                   Start time: Wed Jan 12 12:49:28 2022                  *
***************************************************************************
                           Input parameters                                
***************************************************************************
CELL: 12.4338823950489 11.2657846029438 47.5378507412217 
LATVEC:
1.000000000000000 0.000000000000000 0.000000000000000 
-0.000130020950961 0.999999991547276 0.000000000000000 
0.000000000000000 -0.000000000000000 1.000000000000000 
FD_GRID: 66 60 252
FD_ORDER: 12
BC: P P D
KPOINT_GRID: 4 4 1
KPOINT_SHIFT: 0 0 0
SPIN_TYP: 1
ELEC_TEMP_TYPE: Gaussian
SMEARING: 0.007349864435
CHEB_DEGREE: 37
NSTATES: 235
EXCHANGE_CORRELATION: HSE
CALC_STRESS: 0
CALC_PRES: 0
CHEFSI_BOUND_FLAG: 0
MAXIT_SCF: 100
MINIT_SCF: 3
MAXIT_POISSON: 3000
TOL_SCF: 1.00E-06
POISSON_SOLVER: AAR
TOL_POISSON: 1.00E-08
TOL_LANCZOS: 1.00E-02
TOL_PSEUDOCHARGE: 1.00E-08
MIXING_VARIABLE: density
MIXING_PRECOND: kerker
MIXING_PRECOND_MAG: none
TOL_PRECOND: 3.54E-05
PRECOND_KERKER_KTF: 1
PRECOND_KERKER_THRESH: 0.1
MIXING_PARAMETER: 0.3
MIXING_PARAMETER_MAG: 0.3
MIXING_HISTORY: 7
PULAY_FREQUENCY: 1
PULAY_RESTART: 0
REFERENCE_CUTOFF: 0.5
RHO_TRIGGER: 4
FIX_RAND: 0
VERBOSITY: 1
PRINT_FORCES: 1
PRINT_ATOMS: 1
PRINT_EIGEN: 1
PRINT_DENSITY: 0
PRINT_ENERGY_DENSITY: 0
TOL_FOCK: 5.00E-05
TOL_SCF_INIT: 1.00E-04
MAXIT_FOCK: 1000
EXX_METHOD: FOURIER_SPACE
EXX_DIVERGENCE: AUXILIARY
ACE_FLAG: 1
EXX_ACE_MEM: 1
EXX_ACE_VALENCE_STATES: 10000
EXX_DOWNSAMPLING: 1 1 1
EXX_RANGE_FOCK: 0.106000
EXX_RANGE_PBE: 0.106000
OUTPUT_FILE: sprc-calc
***************************************************************************
                                Cell                                       
***************************************************************************
Lattice vectors (Bohr):
12.433882395048860 0.000000000000000 0.000000000000000 
-0.001464788027397 11.265784507717260 0.000000000000000 
0.000000000000000 -0.000000000000000 47.537850741221725 
Volume                  :  6.6589804186E+03 (Bohr^3)
***************************************************************************
                           Parallelization                                 
***************************************************************************
NP_SPIN_PARAL: 2
NP_KPOINT_PARAL: 10
NP_BAND_PARAL: 1
NP_DOMAIN_PARAL: 2 1 8
NP_DOMAIN_PHI_PARAL: 4 4 21
EIG_SERIAL_MAXNS: 1500
***************************************************************************
                             Initialization                                
***************************************************************************
Number of processors               :  336
Mesh spacing in x-direction        :  0.188392 (Bohr)
Mesh spacing in y-direction        :  0.187763 (Bohr)
Mesh spacing in z direction        :  0.188642 (Bohr)
Number of symmetry adapted k-points:  10
Output printed to                  :  sprc-calc.out
Final eigenvalues printed to       :  sprc-calc.eigen
Total number of atom types         :  4
Total number of atoms              :  50
Total number of electrons          :  385
Atom type 1  (valence electrons)   :  H 1
Pseudopotential                    :  H.psp8
Pseudocharge radii of atom type 1  :  3.77 3.76 3.77 (x, y, z dir)
Number of atoms of type 1          :  2
Atom type 2  (valence electrons)   :  N 5
Pseudopotential                    :  N.psp8
Pseudocharge radii of atom type 2  :  6.78 6.76 6.79 (x, y, z dir)
Number of atoms of type 2          :  1
Atom type 3  (valence electrons)   :  O 6
Pseudopotential                    :  O.psp8
Pseudocharge radii of atom type 3  :  6.78 6.76 6.79 (x, y, z dir)
Number of atoms of type 3          :  31
Atom type 4  (valence electrons)   :  Ti 12
Pseudopotential                    :  Ti.psp8
Pseudocharge radii of atom type 4  :  6.78 6.76 6.79 (x, y, z dir)
Number of atoms of type 4          :  16
Estimated total memory usage       :  441.81 GB
Estimated memory per processor     :  1.31 GB
========================================================================================
                    Self Consistent Field (SCF#1)                     
========================================================================================
Iteration     Free Energy (Ha/atom)    Magnetization     SCF Error        Timing (sec)
1            -2.9053878045E+01         7.7932E+00        4.367E-01        291.431
2            -3.0954023719E+01         5.4972E+00        4.533E-01        73.772
3            -2.9775568519E+01         1.2756E+01        3.721E-01        73.133
4            -2.9301331213E+01         1.5386E+01        3.074E-01        73.495
5            -2.9383282137E+01         4.6957E+00        2.502E-01        73.685
6            -2.9521190253E+01         6.1477E+00        1.896E-01        73.716
7            -2.9553398046E+01         5.9931E+00        1.569E-01        73.474
8            -2.9555153609E+01         6.0476E+00        1.430E-01        73.538
9            -2.9558811048E+01         8.0078E+00        1.196E-01        72.935
10           -2.9528600198E+01         2.1446E-01        1.115E-01        73.780
11           -2.9519977349E+01         4.0591E-01        1.096E-01        73.123
12           -2.9508031830E+01        -7.7460E-01        8.122E-02        73.158
13           -2.9466967633E+01         4.1918E-01        1.002E-01        72.988
14           -2.9454087720E+01        -2.3737E-01        9.209E-02        72.688
15           -2.9433713341E+01         8.0182E-01        8.834E-02        73.932
16           -2.9385479488E+01         1.8273E-02        7.726E-02        73.075
17           -2.9354925213E+01         7.6899E-01        6.581E-02        72.891
18           -2.9293438190E+01         8.4944E-01        4.860E-02        72.845
19           -2.9279547085E+01         9.9148E-01        3.967E-02        73.173
20           -2.9239624258E+01         1.3380E-01        2.917E-02        72.951
21           -2.9228744231E+01        -5.6107E-01        8.786E-02        74.487
22           -2.9226287317E+01         1.3906E-01        2.445E-02        72.790
23           -2.9224321973E+01         3.3620E-01        2.398E-02        73.021
24           -2.9207016389E+01         6.6088E-01        2.448E-02        72.748
25           -2.9194199027E+01         4.1175E-01        2.013E-02        72.905
26           -2.9179604942E+01         1.5784E-01        1.737E-02        73.568
27           -2.9167808468E+01         3.9847E-01        1.629E-02        73.448
28           -2.9155818624E+01         1.2688E-01        1.381E-02        72.870
29           -2.9149711210E+01         2.4616E-01        1.376E-02        73.041
30           -2.9162094475E+01         1.2871E-01        1.410E-01        73.229
31           -2.9171427353E+01         1.2558E-01        1.422E-01        72.484
32           -2.9169063637E+01         1.2598E-01        1.410E-01        72.520
33           -2.9168814969E+01         1.2300E-01        1.419E-01        72.899
34           -2.9169783978E+01         7.7759E-02        1.407E-01        73.691
35           -2.9169588961E+01         6.5417E-02        1.395E-01        73.187
36           -2.9147527800E+01        -6.5480E-02        1.217E-02        72.526
37           -2.9146862427E+01         5.4567E-02        7.139E-03        73.510
38           -2.9145320553E+01         3.3923E-02        5.638E-03        73.000
39           -2.9143589138E+01        -3.2256E-02        5.303E-03        73.719
40           -2.9141299718E+01        -2.6497E-02        4.590E-03        72.944
41           -2.9139510702E+01        -5.0771E-02        3.746E-03        74.123
42           -2.9137404621E+01        -6.1378E-02        3.451E-03        74.061
43           -2.9136385719E+01        -6.6968E-02        2.685E-03        73.898
44           -2.9134756279E+01        -6.9810E-02        2.189E-03        73.928
45           -2.9132511639E+01        -8.7717E-02        1.898E-03        73.813
46           -2.9132505193E+01        -8.4434E-02        1.611E-03        75.625
47           -2.9132481017E+01        -8.1432E-02        9.914E-04        73.360
48           -2.9131887472E+01        -8.9743E-02        1.170E-03        72.725
49           -2.9131787197E+01        -8.6947E-02        5.091E-04        72.967
50           -2.9131538847E+01        -9.5177E-02        9.511E-04        72.925
51           -2.9131488346E+01        -9.2839E-02        3.909E-04        73.551
52           -2.9131398539E+01        -9.6783E-02        4.422E-04        79.295
53           -2.9131354979E+01        -9.2759E-02        4.167E-04        79.409
54           -2.9131333494E+01        -9.8826E-02        3.282E-04        79.422
55           -2.9131304382E+01        -9.7581E-02        9.954E-05        78.990
Total number of SCF: 55    

k = [-0.250, -0.250, 0.000]
Occupation of state 212 = 0.000000000000951.
Occupation of state 235 = 0.000000000000000.

No.1 Exx outer loop: 
1            -2.8927554098E+01        -1.8125E-01        1.375E-02        126.648
2            -2.8919040721E+01        -2.6390E-01        1.387E-02        119.646
3            -2.8920454048E+01        -2.7664E-01        1.079E-02        119.338
4            -2.8925125788E+01        -2.9602E-01        5.831E-03        119.726
5            -2.8929585755E+01        -3.7601E-01        4.711E-03        120.291
6            -2.8929530620E+01        -3.5461E-01        2.973E-03        119.382
7            -2.8929637485E+01        -3.5326E-01        1.636E-03        119.378
8            -2.8929342291E+01        -3.2721E-01        1.017E-03        119.281
9            -2.8929437314E+01        -3.4567E-01        8.137E-04        119.579
10           -2.8929299246E+01        -3.5507E-01        6.767E-04        119.298
11           -2.8929299719E+01        -3.4039E-01        3.523E-04        119.732
12           -2.8929246121E+01        -3.4652E-01        3.050E-04        120.272
13           -2.8929130445E+01        -3.4381E-01        1.257E-04        119.529
14           -2.8929105897E+01        -3.4081E-01        1.145E-04        119.064
15           -2.8929079336E+01        -3.4939E-01        2.600E-04        119.470
16           -2.8929069827E+01        -3.4582E-01        1.177E-04        119.733
17           -2.8929044081E+01        -3.4049E-01        9.495E-05        121.021
18           -2.8929041098E+01        -3.4046E-01        6.396E-05        119.662
19           -2.8929034707E+01        -3.4020E-01        4.921E-05        119.551
20           -2.8929028965E+01        -3.4015E-01        2.219E-05        119.635
21           -2.8929027337E+01        -3.4031E-01        9.212E-06        119.347
22           -2.8929023237E+01        -3.4031E-01        7.340E-06        119.501
23           -2.8929020376E+01        -3.4022E-01        6.823E-06        119.324
24           -2.8929019996E+01        -3.4028E-01        2.198E-06        119.353
25           -2.8929019879E+01        -3.4025E-01        2.511E-06        119.350
26           -2.8929019615E+01        -3.4029E-01        9.710E-07        119.069
Total number of SCF: 26    

k = [-0.250, -0.250, 0.000]
Occupation of state 212 = 0.000000000000000.
Occupation of state 235 = 0.000000000000000.
Exx outer loop error: 6.2941187230e-01 

No.2 Exx outer loop: 
1            -2.8929358537E+01        -6.2950E-01        4.126E-03        122.463
2            -2.8929152941E+01        -5.9356E-01        2.585E-03        119.501
3            -2.8929171791E+01        -6.5294E-01        2.989E-03        118.704
4            -2.8930043620E+01        -7.6039E-01        3.259E-03        118.767
5            -2.8930150806E+01        -7.3943E-01        2.487E-03        120.989
6            -2.8930166381E+01        -7.5881E-01        2.823E-03        126.647
7            -2.8929954164E+01        -6.1469E-01        1.589E-03        119.130
8            -2.8929785798E+01        -6.3688E-01        7.359E-04        119.190
9            -2.8929890011E+01        -7.3296E-01        2.205E-03        120.799
10           -2.8929750825E+01        -6.3165E-01        5.194E-04        119.104
11           -2.8929828960E+01        -5.0566E-01        2.216E-03        119.127
12           -2.8929903778E+01        -6.3220E-01        5.912E-04        120.304
13           -2.8929838668E+01        -5.9376E-01        1.132E-03        120.175
14           -2.8929801875E+01        -6.0722E-01        9.810E-04        121.168
15           -2.8929756789E+01        -5.1391E-01        2.713E-03        119.467
16           -2.8929729862E+01        -5.5345E-01        1.934E-03        119.014
17           -2.8929748930E+01        -5.5788E-01        1.842E-03        119.366
18           -2.8929763869E+01        -6.4698E-01        4.346E-04        118.737
19           -2.8929664021E+01        -5.8552E-01        8.697E-04        119.059
20           -2.8929685554E+01        -5.7746E-01        9.277E-04        119.118
21           -2.8929676637E+01        -5.9890E-01        4.978E-04        119.003
22           -2.8929638502E+01        -5.9460E-01        6.046E-04        118.994
23           -2.8929577204E+01        -5.9792E-01        5.897E-04        119.355
24           -2.8929566511E+01        -5.9736E-01        6.250E-04        118.994
25           -2.8929575786E+01        -5.9547E-01        6.448E-04        119.335
26           -2.8929577541E+01        -5.9531E-01        6.414E-04        119.243
27           -2.8929544117E+01        -5.9008E-01        7.156E-04        119.244
28           -2.8929553053E+01        -5.9023E-01        7.007E-04        119.241
29           -2.8929759438E+01        -5.7619E-01        8.943E-04        120.264
30           -2.8929472590E+01        -5.7288E-01        1.048E-03        118.385
31           -2.8929478230E+01        -5.7785E-01        9.685E-04        118.794
32           -2.8929492416E+01        -5.7821E-01        1.006E-03        119.636
33           -2.8929497583E+01        -5.8454E-01        8.288E-04        118.719
34           -2.8929458600E+01        -5.9004E-01        7.111E-04        118.964
35           -2.8929438692E+01        -5.8904E-01        7.010E-04        118.791
36           -2.8929439265E+01        -5.8864E-01        7.082E-04        119.583
37           -2.8929453471E+01        -5.9851E-01        4.900E-04        118.955
38           -2.8929452726E+01        -5.9843E-01        5.012E-04        118.342
39           -2.8929453835E+01        -6.0054E-01        3.697E-04        118.952
40           -2.8929421483E+01        -6.0584E-01        1.406E-04        119.427
41           -2.8929379957E+01        -6.0500E-01        8.036E-05        118.566
42           -2.8929365129E+01        -6.0616E-01        7.849E-05        118.713
43           -2.8929349165E+01        -6.0487E-01        3.324E-05        118.780
44           -2.8929326500E+01        -6.0674E-01        4.984E-05        118.993
45           -2.8929327306E+01        -6.0439E-01        2.969E-05        118.207
46           -2.8929321441E+01        -6.0691E-01        2.898E-05        118.591
47           -2.8929322163E+01        -6.0508E-01        1.096E-05        119.732
48           -2.8929320905E+01        -6.0525E-01        7.842E-06        120.071
49           -2.8929320393E+01        -6.0635E-01        2.375E-05        120.442
50           -2.8929319683E+01        -6.0447E-01        1.862E-05        119.377
51           -2.8929317993E+01        -6.0410E-01        2.590E-05        119.408
52           -2.8929316250E+01        -6.0482E-01        4.940E-06        119.292
53           -2.8929315669E+01        -6.0475E-01        4.536E-06        119.435
54           -2.8929315209E+01        -6.0459E-01        6.312E-06        119.296
55           -2.8929314986E+01        -6.0477E-01        1.417E-06        119.581
56           -2.8929314680E+01        -6.0483E-01        8.096E-07        119.302
Total number of SCF: 56    

k = [-0.250, -0.250, 0.000]
Occupation of state 212 = 0.000000000000000.
Occupation of state 235 = 0.000000000000000.
Exx outer loop error: 1.6560657987e-02 

No.3 Exx outer loop: 
1            -2.8929414992E+01        -8.1858E-01        4.278E-03        122.786
2            -2.8929711561E+01        -7.3847E-01        1.511E-03        119.227
3            -2.8929667165E+01        -8.0918E-01        2.052E-03        118.303
4            -2.8929620886E+01        -7.5409E-01        7.037E-04        118.483
5            -2.8929626945E+01        -7.9836E-01        1.643E-03        118.295
6            -2.8929570728E+01        -7.4121E-01        5.232E-04        119.110
7            -2.8929547664E+01        -7.2553E-01        2.386E-04        119.200
8            -2.8929513820E+01        -7.2022E-01        1.428E-04        118.518
9            -2.8929478961E+01        -7.2128E-01        1.039E-04        118.454
10           -2.8929447316E+01        -7.2013E-01        7.473E-05        118.356
11           -2.8929424964E+01        -7.2143E-01        4.900E-05        119.343
12           -2.8929401961E+01        -7.1988E-01        3.830E-05        121.141
13           -2.8929382572E+01        -7.1940E-01        2.318E-05        118.547
14           -2.8929377388E+01        -7.1876E-01        2.643E-05        119.015
15           -2.8929374232E+01        -7.1879E-01        1.756E-05        119.560
16           -2.8929371345E+01        -7.1884E-01        6.571E-06        119.324
17           -2.8929369025E+01        -7.1830E-01        9.447E-06        119.099
18           -2.8929368705E+01        -7.1823E-01        8.683E-06        118.017
19           -2.8929368604E+01        -7.1848E-01        4.168E-06        118.752
20           -2.8929367989E+01        -7.1812E-01        7.597E-06        118.743
21           -2.8929367321E+01        -7.1788E-01        1.018E-05        119.017
22           -2.8929366666E+01        -7.1815E-01        3.565E-06        119.284
23           -2.8929366012E+01        -7.1842E-01        2.796E-06        118.568
24           -2.8929365129E+01        -7.1832E-01        1.232E-06        118.831
25           -2.8929364776E+01        -7.1836E-01        1.390E-06        120.078
26           -2.8929364633E+01        -7.1821E-01        2.177E-06        118.452
27           -2.8929364474E+01        -7.1835E-01        4.498E-07        119.981
Total number of SCF: 27    

k = [-0.250, -0.250, 0.000]
Occupation of state 212 = 0.000000000000000.
Occupation of state 235 = 0.000000000000000.
Exx outer loop error: 8.1525582535e-03 

No.4 Exx outer loop: 
1            -2.8929415947E+01        -8.1140E-01        2.812E-03        122.378
2            -2.8929555137E+01        -7.5762E-01        8.874E-04        118.513
3            -2.8929659473E+01        -8.3856E-01        2.347E-03        119.091
4            -2.8929612977E+01        -7.8534E-01        1.036E-03        119.431
5            -2.8929705174E+01        -6.9896E-01        1.437E-03        118.057
6            -2.8929785155E+01        -8.4994E-01        2.121E-03        118.628
7            -2.8929723851E+01        -8.0194E-01        9.808E-04        118.258
8            -2.8929705564E+01        -7.4738E-01        4.073E-04        119.789
9            -2.8929604982E+01        -7.4758E-01        1.838E-04        118.814
10           -2.8929565686E+01        -7.4274E-01        1.688E-04        118.929
11           -2.8929524858E+01        -7.5413E-01        1.881E-04        118.605
12           -2.8929502863E+01        -7.5002E-01        1.201E-04        118.201
13           -2.8929464759E+01        -7.5102E-01        1.207E-04        118.581
14           -2.8929432837E+01        -7.5195E-01        1.043E-04        118.270
15           -2.8929415849E+01        -7.5231E-01        9.136E-05        118.477
16           -2.8929408579E+01        -7.5188E-01        6.402E-05        117.795
17           -2.8929401783E+01        -7.5189E-01        5.019E-05        118.196
18           -2.8929397820E+01        -7.5172E-01        3.468E-05        117.701
19           -2.8929396200E+01        -7.5064E-01        9.074E-06        118.848
20           -2.8929394881E+01        -7.5066E-01        8.887E-06        118.207
21           -2.8929392932E+01        -7.5077E-01        8.204E-06        117.629
22           -2.8929391806E+01        -7.5035E-01        5.829E-06        117.704
23           -2.8929390837E+01        -7.5048E-01        3.688E-06        120.915
24           -2.8929389652E+01        -7.5010E-01        1.017E-05        118.486
25           -2.8929389262E+01        -7.5047E-01        2.324E-06        117.712
26           -2.8929388642E+01        -7.5098E-01        7.785E-06        118.453
27           -2.8929388821E+01        -7.5058E-01        8.243E-07        118.957
Total number of SCF: 27    

k = [-0.250, -0.250, 0.000]
Occupation of state 212 = 0.000000000000000.
Occupation of state 235 = 0.000000000000000.
Exx outer loop error: 5.3450967251e-03 

No.5 Exx outer loop: 
1            -2.8929417107E+01        -7.9349E-01        1.666E-03        122.857
2            -2.8929478640E+01        -7.6572E-01        5.839E-04        118.074
3            -2.8929732945E+01        -8.2311E-01        1.359E-03        118.837
4            -2.8929688629E+01        -7.8807E-01        5.507E-04        128.632
5            -2.8929736631E+01        -7.7437E-01        2.338E-04        131.799
6            -2.8929615911E+01        -7.6314E-01        2.552E-04        143.137
7            -2.8929512794E+01        -7.5839E-01        2.970E-04        151.254
8            -2.8929520136E+01        -7.6789E-01        8.013E-05        145.285
9            -2.8929493100E+01        -7.6670E-01        7.968E-05        149.728
10           -2.8929460061E+01        -7.6682E-01        4.867E-05        153.279
11           -2.8929436669E+01        -7.6672E-01        3.261E-05        156.295
12           -2.8929419142E+01        -7.6601E-01        2.567E-05        141.016
13           -2.8929406828E+01        -7.6653E-01        1.858E-05        131.516
14           -2.8929407982E+01        -7.6577E-01        1.111E-05        131.086
15           -2.8929405545E+01        -7.6549E-01        9.887E-06        146.120
16           -2.8929404284E+01        -7.6541E-01        7.467E-06        137.066
17           -2.8929402323E+01        -7.6534E-01        4.826E-06        121.512
18           -2.8929400674E+01        -7.6523E-01        3.335E-06        117.351
19           -2.8929400068E+01        -7.6522E-01        1.926E-06        117.399
20           -2.8929400306E+01        -7.6518E-01        1.545E-06        118.385
21           -2.8929400357E+01        -7.6515E-01        1.424E-06        118.385
22           -2.8929400259E+01        -7.6515E-01        1.059E-06        117.319
23           -2.8929400439E+01        -7.6522E-01        1.503E-06        117.448
24           -2.8929400213E+01        -7.6519E-01        7.087E-07        117.317
Total number of SCF: 24    

k = [-0.250, -0.250, 0.000]
Occupation of state 212 = 0.000000000000000.
Occupation of state 235 = 0.000000000000000.
Exx outer loop error: 3.2250969639e-03 

No.6 Exx outer loop: 
1            -2.8929414562E+01        -7.9293E-01        9.352E-04        121.491
2            -2.8929453703E+01        -7.7830E-01        3.436E-04        119.898
3            -2.8929548965E+01        -7.9305E-01        4.298E-04        117.480
4            -2.8929538892E+01        -7.8497E-01        1.339E-04        117.677
5            -2.8929522766E+01        -7.7954E-01        1.363E-04        119.118
6            -2.8929452034E+01        -7.8384E-01        1.751E-04        117.624
7            -2.8929439823E+01        -7.8253E-01        1.010E-04        117.887
8            -2.8929427954E+01        -7.7384E-01        1.591E-04        117.740
9            -2.8929429591E+01        -7.8270E-01        1.076E-04        118.054
10           -2.8929424167E+01        -7.7815E-01        2.378E-05        118.327
11           -2.8929417319E+01        -7.7823E-01        1.731E-05        117.715
12           -2.8929414823E+01        -7.7930E-01        1.533E-05        117.802
13           -2.8929411984E+01        -7.7760E-01        3.149E-05        118.152
14           -2.8929410947E+01        -7.7853E-01        5.764E-06        117.567
15           -2.8929408856E+01        -7.7834E-01        8.131E-06        118.107
16           -2.8929406603E+01        -7.7871E-01        5.123E-06        117.681
17           -2.8929406087E+01        -7.7861E-01        3.929E-06        119.773
18           -2.8929406037E+01        -7.7838E-01        1.563E-06        117.074
19           -2.8929405915E+01        -7.7839E-01        6.554E-07        117.011
Total number of SCF: 19    

k = [-0.250, -0.250, 0.000]
Occupation of state 212 = 0.000000000000000.
Occupation of state 235 = 0.000000000000000.
Exx outer loop error: 1.3457461491e-03 

No.7 Exx outer loop: 
1            -2.8929412871E+01        -7.9703E-01        4.836E-04        121.669
2            -2.8929439263E+01        -7.9120E-01        2.021E-04        118.885
3            -2.8929424189E+01        -7.8491E-01        1.268E-04        117.577
4            -2.8929432750E+01        -7.9172E-01        1.880E-04        117.762
5            -2.8929427758E+01        -7.9115E-01        6.690E-05        124.486
6            -2.8929425759E+01        -7.9072E-01        2.937E-05        118.445
7            -2.8929417021E+01        -7.9088E-01        1.995E-05        117.443
8            -2.8929415816E+01        -7.9092E-01        1.436E-05        117.244
9            -2.8929419770E+01        -7.9124E-01        9.932E-06        117.400
10           -2.8929418764E+01        -7.9094E-01        1.523E-05        117.757
11           -2.8929417036E+01        -7.9117E-01        7.576E-06        117.392
12           -2.8929414668E+01        -7.9119E-01        6.421E-06        117.266
13           -2.8929413105E+01        -7.9116E-01        5.886E-06        117.194
14           -2.8929410420E+01        -7.9116E-01        3.656E-06        117.294
15           -2.8929410021E+01        -7.9117E-01        2.531E-06        117.248
16           -2.8929409021E+01        -7.9119E-01        1.654E-06        118.099
17           -2.8929408317E+01        -7.9122E-01        9.786E-07        118.176
Total number of SCF: 17    

k = [-0.250, -0.250, 0.000]
Occupation of state 212 = 0.000000000000000.
Occupation of state 235 = 0.000000000000000.
Exx outer loop error: 9.6141501925e-04 

No.8 Exx outer loop: 
1            -2.8929411905E+01        -8.0399E-01        2.480E-04        121.803
2            -2.8929428247E+01        -8.0197E-01        1.224E-04        117.448
3            -2.8929451101E+01        -7.9515E-01        2.091E-04        118.029
4            -2.8929428557E+01        -8.0045E-01        5.865E-05        117.157
5            -2.8929424035E+01        -8.0186E-01        3.739E-05        117.198
6            -2.8929433413E+01        -8.0225E-01        1.940E-05        117.133
7            -2.8929423034E+01        -8.0254E-01        1.519E-05        117.128
8            -2.8929417022E+01        -8.0329E-01        2.867E-05        117.110
9            -2.8929417179E+01        -8.0282E-01        9.017E-06        117.753
10           -2.8929416393E+01        -8.0285E-01        5.292E-06        117.025
11           -2.8929414980E+01        -8.0290E-01        4.235E-06        118.357
12           -2.8929412313E+01        -8.0287E-01        4.710E-06        117.110
13           -2.8929411466E+01        -8.0282E-01        4.720E-06        118.706
14           -2.8929409479E+01        -8.0279E-01        4.480E-06        117.679
15           -2.8929408902E+01        -8.0283E-01        2.380E-06        118.331
16           -2.8929408736E+01        -8.0281E-01        2.044E-06        117.682
17           -2.8929408660E+01        -8.0280E-01        1.426E-06        116.984
18           -2.8929408516E+01        -8.0275E-01        1.146E-06        117.158
19           -2.8929408944E+01        -8.0281E-01        1.813E-06        117.070
20           -2.8929408973E+01        -8.0275E-01        7.707E-07        116.764
Total number of SCF: 20    

k = [-0.250, -0.250, 0.000]
Occupation of state 212 = 0.000000000000000.
Occupation of state 235 = 0.000000000000000.
Exx outer loop error: 3.9107637826e-05 
====================================================================
                    Energy and force calculation                    
====================================================================
Free energy per atom               : -2.8929405652E+01 (Ha/atom)
Total free energy                  : -1.4464702826E+03 (Ha)
Band structure energy              : -3.7101373165E+02 (Ha)
Exchange correlation energy        : -2.5591129429E+02 (Ha)
Self and correction energy         : -1.9047163944E+03 (Ha)
Entropy*kb*T                       : -3.0378640266E-03 (Ha)
Fermi level                        : -1.7264715525E-01 (Ha)
RMS force                          :  1.9846507342E-02 (Ha/Bohr)
Maximum force                      :  1.0467724822E-01 (Ha/Bohr)
Time for force calculation         :  1.641 (sec)
***************************************************************************
                               Timing info                                 
***************************************************************************
Total walltime                     :  80117.633 sec
___________________________________________________________________________

***************************************************************************
*             Material Physics & Mechanics Group, Georgia Tech            *
*                       PI: Phanish Suryanarayana                         *
*                Main Developers: Qimen Xu, Abhiraj Sharma                *
*     Collaborators: J.E. Pask (LLNL), A.J. Medford (GT), E. Chow (GT)    *
*  Acknowledgements: U.S. DOE (DE-SC0019410); U.S. NSF (1333500,1553212)  *
***************************************************************************
                                                                           

***************************************************************************
*                       SPARC (version May 02, 2022)                      *
*   Copyright (c) 2020 Material Physics & Mechanics Group, Georgia Tech   *
*           Distributed under GNU General Public License 3 (GPL)          *
*                   Start time: Mon Jun 13 08:31:48 2022                  *
***************************************************************************
                           Input parameters                                
***************************************************************************
CELL: 12.4338823950489 11.2657846029438 47.5378507412217 
LATVEC:
1.000000000000000 0.000000000000000 0.000000000000000 
-0.000130020950961 0.999999991547276 0.000000000000000 
0.000000000000000 -0.000000000000000 1.000000000000000 
FD_GRID: 66 60 252
FD_ORDER: 12
BC: P P D
KPOINT_GRID: 4 4 1
KPOINT_SHIFT: 0 0 0
SPIN_TYP: 1
ELEC_TEMP_TYPE: Gaussian
SMEARING: 0.007349864435
CHEB_DEGREE: 37
NSTATES: 235
EXCHANGE_CORRELATION: HSE
EXX_RANGE_FOCK: 0.106000
EXX_RANGE_PBE: 0.106000
CALC_STRESS: 0
CALC_PRES: 0
CHEFSI_BOUND_FLAG: 0
MAXIT_SCF: 100
MINIT_SCF: 3
MAXIT_POISSON: 3000
TOL_SCF: 1.00E-06
POISSON_SOLVER: AAR
TOL_POISSON: 1.00E-08
TOL_LANCZOS: 1.00E-02
TOL_PSEUDOCHARGE: 1.00E-08
MIXING_VARIABLE: density
MIXING_PRECOND: kerker
MIXING_PRECOND_MAG: none
TOL_PRECOND: 3.54E-05
PRECOND_KERKER_KTF: 1
PRECOND_KERKER_THRESH: 0.1
MIXING_PARAMETER: 0.3
MIXING_PARAMETER_MAG: 0.3
MIXING_HISTORY: 7
PULAY_FREQUENCY: 1
PULAY_RESTART: 0
REFERENCE_CUTOFF: 0.5
RHO_TRIGGER: 4
FIX_RAND: 0
VERBOSITY: 1
PRINT_FORCES: 1
PRINT_ATOMS: 1
PRINT_EIGEN: 1
PRINT_DENSITY: 0
PRINT_ENERGY_DENSITY: 0
TOL_FOCK: 5.00E-05
TOL_SCF_INIT: 1.00E-03
MAXIT_FOCK: 20
EXX_METHOD: FOURIER_SPACE
EXX_DIVERGENCE: AUXILIARY
EXX_MEM: 1
ACE_FLAG: 1
EXX_ACE_VALENCE_STATES: 10000
EXX_DOWNSAMPLING: 1 1 1
OUTPUT_FILE: sprc-calc
***************************************************************************
                                Cell                                       
***************************************************************************
Lattice vectors (Bohr):
12.433882395048860 0.000000000000000 0.000000000000000 
-0.001464788027397 11.265784507717260 0.000000000000000 
0.000000000000000 -0.000000000000000 47.537850741221725 
Volume                  :  6.6589804186E+03 (Bohr^3)
***************************************************************************
                           Parallelization                                 
***************************************************************************
NP_SPIN_PARAL: 2
NP_KPOINT_PARAL: 10
NP_BAND_PARAL: 1
NP_DOMAIN_PARAL: 2 1 8
NP_DOMAIN_PHI_PARAL: 4 4 21
EIG_SERIAL_MAXNS: 1500
***************************************************************************
                             Initialization                                
***************************************************************************
Number of processors               :  336
Mesh spacing in x-direction        :  0.188392 (Bohr)
Mesh spacing in y-direction        :  0.187763 (Bohr)
Mesh spacing in z direction        :  0.188642 (Bohr)
Number of symmetry adapted k-points:  10
Output printed to                  :  sprc-calc.out_01
Final eigenvalues printed to       :  sprc-calc.eigen_01
Total number of atom types         :  4
Total number of atoms              :  50
Total number of electrons          :  385
Atom type 1  (valence electrons)   :  H 1
Pseudopotential                    :  H.psp8
Pseudocharge radii of atom type 1  :  3.77 3.76 3.77 (x, y, z dir)
Number of atoms of type 1          :  2
Atom type 2  (valence electrons)   :  N 5
Pseudopotential                    :  N.psp8
Pseudocharge radii of atom type 2  :  6.78 6.76 6.79 (x, y, z dir)
Number of atoms of type 2          :  1
Atom type 3  (valence electrons)   :  O 6
Pseudopotential                    :  O.psp8
Pseudocharge radii of atom type 3  :  6.78 6.76 6.79 (x, y, z dir)
Number of atoms of type 3          :  31
Atom type 4  (valence electrons)   :  Ti 12
Pseudopotential                    :  Ti.psp8
Pseudocharge radii of atom type 4  :  6.78 6.76 6.79 (x, y, z dir)
Number of atoms of type 4          :  16
Estimated total memory usage       :  441.81 GB
Estimated memory per processor     :  1.31 GB
========================================================================================
                    Self Consistent Field (SCF#1)                     
========================================================================================
Iteration     Free Energy (Ha/atom)    Magnetization     SCF Error        Timing (sec)

***************************************************************************
*                       SPARC (version May 02, 2022)                      *
*   Copyright (c) 2020 Material Physics & Mechanics Group, Georgia Tech   *
*           Distributed under GNU General Public License 3 (GPL)          *
*                   Start time: Tue Jun 14 02:46:59 2022                  *
***************************************************************************
                           Input parameters                                
***************************************************************************
CELL: 12.4338823950489 11.2657846029438 47.5378507412217 
LATVEC:
1.000000000000000 0.000000000000000 0.000000000000000 
-0.000130020950961 0.999999991547276 0.000000000000000 
0.000000000000000 -0.000000000000000 1.000000000000000 
FD_GRID: 66 60 252
FD_ORDER: 12
BC: P P D
KPOINT_GRID: 4 4 1
KPOINT_SHIFT: 0 0 0
SPIN_TYP: 1
ELEC_TEMP_TYPE: Gaussian
SMEARING: 0.007349864435
CHEB_DEGREE: 37
NSTATES: 235
EXCHANGE_CORRELATION: HSE
EXX_RANGE_FOCK: 0.106000
EXX_RANGE_PBE: 0.106000
CALC_STRESS: 0
CALC_PRES: 0
CHEFSI_BOUND_FLAG: 0
MAXIT_SCF: 100
MINIT_SCF: 3
MAXIT_POISSON: 3000
TOL_SCF: 1.00E-06
POISSON_SOLVER: AAR
TOL_POISSON: 1.00E-08
TOL_LANCZOS: 1.00E-02
TOL_PSEUDOCHARGE: 1.00E-08
MIXING_VARIABLE: density
MIXING_PRECOND: kerker
MIXING_PRECOND_MAG: none
TOL_PRECOND: 3.54E-05
PRECOND_KERKER_KTF: 1
PRECOND_KERKER_THRESH: 0.1
MIXING_PARAMETER: 0.3
MIXING_PARAMETER_MAG: 0.3
MIXING_HISTORY: 7
PULAY_FREQUENCY: 1
PULAY_RESTART: 0
REFERENCE_CUTOFF: 0.5
RHO_TRIGGER: 4
FIX_RAND: 0
VERBOSITY: 1
PRINT_FORCES: 1
PRINT_ATOMS: 1
PRINT_EIGEN: 1
PRINT_DENSITY: 0
PRINT_ENERGY_DENSITY: 0
TOL_FOCK: 5.00E-05
TOL_SCF_INIT: 1.00E-03
MAXIT_FOCK: 20
EXX_METHOD: FOURIER_SPACE
EXX_DIVERGENCE: AUXILIARY
EXX_MEM: 1
ACE_FLAG: 1
EXX_ACE_VALENCE_STATES: 10000
EXX_DOWNSAMPLING: 1 1 1
OUTPUT_FILE: sprc-calc
***************************************************************************
                                Cell                                       
***************************************************************************
Lattice vectors (Bohr):
12.433882395048860 0.000000000000000 0.000000000000000 
-0.001464788027397 11.265784507717260 0.000000000000000 
0.000000000000000 -0.000000000000000 47.537850741221725 
Volume                  :  6.6589804186E+03 (Bohr^3)
***************************************************************************
                           Parallelization                                 
***************************************************************************
NP_SPIN_PARAL: 2
NP_KPOINT_PARAL: 10
NP_BAND_PARAL: 1
NP_DOMAIN_PARAL: 2 1 8
NP_DOMAIN_PHI_PARAL: 4 4 21
EIG_SERIAL_MAXNS: 1500
***************************************************************************
                             Initialization                                
***************************************************************************
Number of processors               :  336
Mesh spacing in x-direction        :  0.188392 (Bohr)
Mesh spacing in y-direction        :  0.187763 (Bohr)
Mesh spacing in z direction        :  0.188642 (Bohr)
Number of symmetry adapted k-points:  10
Output printed to                  :  sprc-calc.out_01
Final eigenvalues printed to       :  sprc-calc.eigen_01
Total number of atom types         :  4
Total number of atoms              :  50
Total number of electrons          :  385
Atom type 1  (valence electrons)   :  H 1
Pseudopotential                    :  H.psp8
Pseudocharge radii of atom type 1  :  3.77 3.76 3.77 (x, y, z dir)
Number of atoms of type 1          :  2
Atom type 2  (valence electrons)   :  N 5
Pseudopotential                    :  N.psp8
Pseudocharge radii of atom type 2  :  6.78 6.76 6.79 (x, y, z dir)
Number of atoms of type 2          :  1
Atom type 3  (valence electrons)   :  O 6
Pseudopotential                    :  O.psp8
Pseudocharge radii of atom type 3  :  6.78 6.76 6.79 (x, y, z dir)
Number of atoms of type 3          :  31
Atom type 4  (valence electrons)   :  Ti 12
Pseudopotential                    :  Ti.psp8
Pseudocharge radii of atom type 4  :  6.78 6.76 6.79 (x, y, z dir)
Number of atoms of type 4          :  16
Estimated total memory usage       :  441.81 GB
Estimated memory per processor     :  1.31 GB
========================================================================================
                    Self Consistent Field (SCF#1)                     
========================================================================================
Iteration     Free Energy (Ha/atom)    Magnetization     SCF Error        Timing (sec)
1            -2.9053878045E+01         7.7932E+00        4.367E-01        394.204
2            -3.0954023719E+01         5.4972E+00        4.533E-01        123.224
3            -2.9775568519E+01         1.2756E+01        3.721E-01        95.653
4            -2.9301331213E+01         1.5386E+01        3.074E-01        101.481
5            -2.9383282138E+01         4.6957E+00        2.502E-01        98.101
6            -2.9521190239E+01         6.1477E+00        1.896E-01        95.480
7            -2.9553398057E+01         5.9931E+00        1.569E-01        95.193
8            -2.9555153604E+01         6.0476E+00        1.430E-01        95.352
9            -2.9558810979E+01         8.0078E+00        1.196E-01        95.391
10           -2.9528600160E+01         2.1447E-01        1.115E-01        95.260
11           -2.9519977339E+01         4.0594E-01        1.096E-01        95.400
12           -2.9508031664E+01        -7.7461E-01        8.122E-02        95.268
13           -2.9466967439E+01         4.1915E-01        1.002E-01        95.382
14           -2.9454087605E+01        -2.3736E-01        9.209E-02        96.026
15           -2.9433713158E+01         8.0181E-01        8.834E-02        123.969
16           -2.9385479380E+01         1.8271E-02        7.726E-02        140.764
17           -2.9354925046E+01         7.6897E-01        6.580E-02        129.831
18           -2.9293438914E+01         8.4943E-01        4.860E-02        132.284
19           -2.9279547018E+01         9.9148E-01        3.967E-02        142.676
20           -2.9239624693E+01         1.3374E-01        2.917E-02        98.794
21           -2.9228744449E+01        -5.6122E-01        8.786E-02        97.152
22           -2.9226287928E+01         1.3890E-01        2.445E-02        98.451
23           -2.9224322227E+01         3.3614E-01        2.398E-02        134.143
24           -2.9207016656E+01         6.6086E-01        2.448E-02        109.455
25           -2.9194198998E+01         4.1170E-01        2.013E-02        105.707
26           -2.9179605629E+01         1.5781E-01        1.737E-02        103.641
27           -2.9167808691E+01         3.9846E-01        1.629E-02        119.427
28           -2.9155819220E+01         1.2680E-01        1.381E-02        151.163
29           -2.9149710813E+01         2.4611E-01        1.376E-02        176.407
30           -2.9162093519E+01         1.2693E-01        1.410E-01        116.306
31           -2.9171427964E+01         1.2509E-01        1.422E-01        95.541
32           -2.9169065945E+01         1.2541E-01        1.410E-01        96.124
33           -2.9168815780E+01         1.2227E-01        1.419E-01        95.793
34           -2.9169783108E+01         7.7614E-02        1.407E-01        95.875
35           -2.9169585201E+01         6.4931E-02        1.395E-01        96.436
36           -2.9147528161E+01        -6.5768E-02        1.217E-02        96.351
37           -2.9146861996E+01         5.4808E-02        7.138E-03        95.636
38           -2.9145321307E+01         3.4114E-02        5.639E-03        95.788
39           -2.9143590913E+01        -3.2193E-02        5.303E-03        95.933
40           -2.9141302048E+01        -2.6416E-02        4.594E-03        96.076
41           -2.9139510553E+01        -5.0794E-02        3.746E-03        95.693
42           -2.9137405370E+01        -6.1433E-02        3.449E-03        96.030
43           -2.9136382397E+01        -6.7044E-02        2.685E-03        95.771
44           -2.9134757755E+01        -6.9884E-02        2.189E-03        96.698
45           -2.9132510603E+01        -8.7826E-02        1.897E-03        96.138
46           -2.9132501592E+01        -8.4577E-02        1.618E-03        95.832
47           -2.9132490805E+01        -8.1541E-02        9.953E-04        95.379
Total number of SCF: 47    

k = [-0.250, -0.250, 0.000]
Occupation of state 212 = 0.000000000000874.
Occupation of state 235 = 0.000000000000000.

No.1 Exx outer loop: 
1            -2.8927624883E+01        -2.2578E-01        1.496E-02        132.553
2            -2.8918294690E+01        -1.7681E-01        1.420E-02        128.582
3            -2.8999542059E+01        -2.3459E-01        2.000E-01        128.741
4            -2.8922287890E+01        -4.2548E-02        1.428E-02        128.388
5            -2.8924465061E+01        -9.8393E-03        1.159E-02        128.318
6            -2.8927335223E+01         2.7442E-02        1.194E-02        128.691
7            -2.8928781543E+01         2.7566E-02        1.127E-02        128.821
8            -2.8930526816E+01         2.1412E-02        1.048E-02        129.643
9            -2.8931291016E+01         1.7225E-02        9.822E-03        128.499
10           -2.8931079565E+01         1.4195E-02        9.274E-03        128.413
11           -2.8930736728E+01         1.3446E-02        8.743E-03        128.636
12           -2.8933696281E+01        -1.3338E-01        1.144E-02        128.639
13           -2.8930664746E+01        -9.8476E-02        5.962E-03        128.634
14           -2.8930744317E+01        -9.8564E-02        5.991E-03        128.831
15           -2.8932146125E+01        -1.1832E-01        7.662E-03        128.872
16           -2.8931013979E+01        -1.1129E-01        6.877E-03        128.360
17           -2.8931125679E+01        -1.0256E-01        6.709E-03        128.527
18           -2.8929346127E+01        -1.6115E-01        4.158E-03        128.489
19           -2.8929627922E+01        -1.1034E-01        4.836E-03        129.105
20           -2.8929408280E+01        -2.2183E-01        3.325E-03        128.350
21           -2.8929419251E+01        -1.8391E-01        1.884E-03        128.423
22           -2.8929445758E+01        -2.2028E-01        1.359E-03        130.161
23           -2.8929552522E+01        -2.1565E-01        1.206E-03        128.560
24           -2.8929553478E+01        -2.3981E-01        6.879E-04        128.543
25           -2.8929501673E+01        -2.5584E-01        7.090E-04        128.716
26           -2.8929319593E+01        -2.7896E-01        7.239E-04        134.301
27           -2.8929240520E+01        -2.8536E-01        4.617E-04        135.368
28           -2.8929167764E+01        -2.9034E-01        2.336E-04        129.925
29           -2.8929156558E+01        -2.9183E-01        2.570E-04        130.939
30           -2.8929123817E+01        -2.9226E-01        1.013E-04        153.828
31           -2.8929085545E+01        -2.9267E-01        9.542E-05        133.994
32           -2.8929055195E+01        -2.9393E-01        6.351E-05        129.591
33           -2.8929034555E+01        -2.9475E-01        3.670E-05        129.787
34           -2.8929025754E+01        -2.9469E-01        2.489E-05        129.632
35           -2.8929019004E+01        -2.9381E-01        3.447E-05        128.295
36           -2.8929020029E+01        -2.9341E-01        1.615E-05        130.633
37           -2.8929016956E+01        -2.9361E-01        1.756E-05        128.404
38           -2.8929015686E+01        -2.9325E-01        1.130E-05        133.489
39           -2.8929013446E+01        -2.9417E-01        2.519E-05        128.705
40           -2.8929012712E+01        -2.9380E-01        6.451E-06        129.011
41           -2.8929011240E+01        -2.9379E-01        5.606E-06        128.858
42           -2.8929010737E+01        -2.9391E-01        4.002E-06        132.703
43           -2.8929010352E+01        -2.9388E-01        3.247E-06        132.193
44           -2.8929010293E+01        -2.9395E-01        1.189E-06        127.882
45           -2.8929010158E+01        -2.9391E-01        1.391E-06        127.945
46           -2.8929010023E+01        -2.9391E-01        1.197E-06        129.293
47           -2.8929009970E+01        -2.9391E-01        4.805E-07        128.179
Total number of SCF: 47    

k = [-0.250, -0.250, 0.000]
Occupation of state 212 = 0.000000000000000.
Occupation of state 235 = 0.000000000000000.
Exx outer loop error: 5.8011179016e-02 

No.2 Exx outer loop: 
1            -2.8929331645E+01        -5.7189E-01        3.836E-03        132.429
2            -2.8929040043E+01        -5.5189E-01        2.599E-03        128.127
3            -2.8929159686E+01        -5.9480E-01        2.241E-03        128.060
4            -2.8929633262E+01        -6.5437E-01        2.197E-03        128.193
5            -2.8929788477E+01        -5.9436E-01        5.439E-04        128.443
6            -2.8929724891E+01        -5.4883E-01        1.101E-03        128.179
7            -2.8929689500E+01        -5.6442E-01        6.775E-04        128.089
8            -2.8929634466E+01        -5.6573E-01        5.565E-04        128.203
9            -2.8929514357E+01        -5.7614E-01        1.709E-04        128.293
10           -2.8929463007E+01        -5.7690E-01        1.111E-04        130.233
11           -2.8929406212E+01        -5.7659E-01        8.716E-05        128.234
12           -2.8929380138E+01        -5.7775E-01        6.274E-05        128.690
13           -2.8929348051E+01        -5.7733E-01        5.405E-05        128.248
14           -2.8929305035E+01        -5.7760E-01        2.594E-05        128.346
15           -2.8929292781E+01        -5.7693E-01        2.380E-05        127.776
16           -2.8929290006E+01        -5.7707E-01        1.519E-05        128.213
17           -2.8929293516E+01        -5.7785E-01        2.773E-05        128.943
18           -2.8929295185E+01        -5.7683E-01        1.144E-05        128.573
19           -2.8929296331E+01        -5.7767E-01        1.158E-05        128.748
20           -2.8929298528E+01        -5.7772E-01        7.237E-06        128.295
21           -2.8929296512E+01        -5.7761E-01        4.198E-06        128.232
22           -2.8929296467E+01        -5.7781E-01        5.597E-06        128.665
23           -2.8929295855E+01        -5.7766E-01        1.613E-06        127.974
24           -2.8929296012E+01        -5.7768E-01        1.205E-06        129.732
25           -2.8929296468E+01        -5.7769E-01        1.233E-06        127.948
26           -2.8929296006E+01        -5.7760E-01        1.829E-06        128.193
27           -2.8929296231E+01        -5.7778E-01        2.319E-06        128.290
28           -2.8929295935E+01        -5.7769E-01        8.079E-07        127.611
Total number of SCF: 28    

k = [-0.250, -0.250, 0.000]
Occupation of state 212 = 0.000000000000000.
Occupation of state 235 = 0.000000000000000.
Exx outer loop error: 2.4273010860e-02 

No.3 Exx outer loop: 
1            -2.8929394098E+01        -8.1227E-01        4.432E-03        132.763
2            -2.8929721502E+01        -7.3279E-01        1.627E-03        129.086
3            -2.8929972040E+01        -6.7975E-01        9.002E-04        129.072
4            -2.8929908830E+01        -6.7678E-01        9.750E-04        130.358
5            -2.8929649116E+01        -7.2703E-01        6.854E-04        128.041
6            -2.8929587639E+01        -7.0494E-01        2.477E-04        128.783
7            -2.8929578091E+01        -7.7144E-01        1.258E-03        128.353
8            -2.8929543219E+01        -7.1779E-01        2.046E-04        119.753
9            -2.8929497505E+01        -7.1129E-01        1.331E-04        119.714
10           -2.8929442291E+01        -7.1353E-01        7.730E-05        120.177
11           -2.8929404472E+01        -7.1338E-01        6.141E-05        119.898
12           -2.8929370436E+01        -7.1509E-01        2.071E-05        119.830
13           -2.8929358158E+01        -7.1490E-01        1.309E-05        119.898
14           -2.8929350641E+01        -7.1309E-01        2.595E-05        119.878
15           -2.8929349972E+01        -7.1423E-01        7.760E-06        119.988
16           -2.8929347025E+01        -7.1307E-01        1.823E-05        128.118
17           -2.8929343497E+01        -7.1361E-01        5.521E-06        119.857
18           -2.8929343464E+01        -7.1319E-01        1.242E-05        121.887
19           -2.8929342230E+01        -7.1451E-01        1.538E-05        119.866
20           -2.8929341071E+01        -7.1323E-01        9.452E-06        120.065
21           -2.8929340939E+01        -7.1319E-01        9.439E-06        119.816
22           -2.8929340912E+01        -7.1317E-01        9.988E-06        119.744
23           -2.8929340651E+01        -7.1326E-01        6.963E-06        119.796
24           -2.8929340828E+01        -7.1362E-01        2.608E-06        119.903
25           -2.8929340303E+01        -7.1322E-01        6.234E-06        119.987
26           -2.8929340432E+01        -7.1316E-01        6.953E-06        119.847
27           -2.8929340910E+01        -7.1332E-01        3.702E-06        119.958
28           -2.8929341093E+01        -7.1324E-01        4.745E-06        119.719
29           -2.8929341147E+01        -7.1329E-01        3.434E-06        119.653
30           -2.8929341037E+01        -7.1326E-01        4.054E-06        119.941
31           -2.8929340976E+01        -7.1334E-01        2.359E-06        119.839
32           -2.8929340611E+01        -7.1325E-01        3.960E-06        119.696
33           -2.8929340523E+01        -7.1334E-01        1.597E-06        121.417
34           -2.8929340249E+01        -7.1318E-01        4.242E-06        119.747
35           -2.8929340156E+01        -7.1320E-01        4.023E-06        119.773
36           -2.8929340177E+01        -7.1320E-01        3.962E-06        120.061
37           -2.8929340175E+01        -7.1306E-01        6.795E-06        119.856
38           -2.8929340107E+01        -7.1305E-01        7.074E-06        119.991
39           -2.8929340117E+01        -7.1305E-01        7.025E-06        119.923
40           -2.8929340232E+01        -7.1303E-01        7.413E-06        120.685
41           -2.8929340068E+01        -7.1305E-01        6.782E-06        122.438
42           -2.8929340114E+01        -7.1308E-01        6.191E-06        120.149
43           -2.8929340144E+01        -7.1305E-01        6.819E-06        120.027
44           -2.8929340133E+01        -7.1310E-01        5.489E-06        119.919
45           -2.8929340120E+01        -7.1338E-01        1.527E-06        119.782
46           -2.8929339878E+01        -7.1321E-01        3.413E-06        119.573
47           -2.8929339881E+01        -7.1323E-01        3.142E-06        119.662
48           -2.8929339836E+01        -7.1319E-01        3.547E-06        121.197
49           -2.8929339859E+01        -7.1327E-01        2.159E-06        119.824
50           -2.8929339947E+01        -7.1327E-01        1.716E-06        119.881
51           -2.8929339973E+01        -7.1335E-01        2.951E-07        119.760
Total number of SCF: 51    

k = [-0.250, -0.250, 0.000]
Occupation of state 212 = 0.000000000000000.
Occupation of state 235 = 0.000000000000000.
Exx outer loop error: 9.0735648025e-03 

No.4 Exx outer loop: 
1            -2.8929394781E+01        -8.2073E-01        3.048E-03        128.463
2            -2.8929555795E+01        -7.6011E-01        9.481E-04        120.453
3            -2.8929504901E+01        -5.9142E-01        3.520E-03        120.521
4            -2.8929745224E+01        -8.2854E-01        1.856E-03        120.417
5            -2.8929752559E+01        -7.9505E-01        1.021E-03        122.163
6            -2.8929804814E+01        -7.7437E-01        4.435E-04        135.006
7            -2.8929658590E+01        -7.5413E-01        4.096E-04        119.975
8            -2.8929564331E+01        -7.3655E-01        6.608E-04        120.143
9            -2.8929477287E+01        -7.6564E-01        3.181E-04        121.273
10           -2.8929455202E+01        -7.9616E-01        8.940E-04        120.460
11           -2.8929389201E+01        -7.5968E-01        9.934E-05        120.094
12           -2.8929382018E+01        -7.5439E-01        6.088E-05        121.614
13           -2.8929380359E+01        -7.5404E-01        4.004E-05        127.014
14           -2.8929381727E+01        -7.5809E-01        8.231E-05        122.059
15           -2.8929376504E+01        -7.4770E-01        1.234E-04        120.224
16           -2.8929374825E+01        -7.5201E-01        2.757E-05        120.375
17           -2.8929372868E+01        -7.5235E-01        1.857E-05        120.302
18           -2.8929369180E+01        -7.5003E-01        5.647E-05        120.625
19           -2.8929365985E+01        -7.5124E-01        2.350E-05        120.095
20           -2.8929363452E+01        -7.5275E-01        1.211E-05        121.103
21           -2.8929362105E+01        -7.5246E-01        4.092E-06        120.206
22           -2.8929361860E+01        -7.5245E-01        2.139E-06        120.173
23           -2.8929361633E+01        -7.5245E-01        1.255E-06        120.273
24           -2.8929361589E+01        -7.5238E-01        3.098E-06        120.520
25           -2.8929361237E+01        -7.5236E-01        2.990E-06        120.200
26           -2.8929361167E+01        -7.5248E-01        7.712E-07        119.691
Total number of SCF: 26    

k = [-0.250, -0.250, 0.000]
Occupation of state 212 = 0.000000000000000.
Occupation of state 235 = 0.000000000000000.
Exx outer loop error: 6.1401645840e-03 

No.5 Exx outer loop: 
1            -2.8929390422E+01        -7.9928E-01        1.811E-03        125.028
2            -2.8929456868E+01        -7.6825E-01        6.241E-04        122.459
3            -2.8929610597E+01        -8.0012E-01        1.253E-03        121.047
4            -2.8929681582E+01        -8.7503E-01        3.049E-03        121.255
5            -2.8929553180E+01        -7.5861E-01        6.677E-04        120.513
6            -2.8929558410E+01        -7.9269E-01        1.095E-03        120.889
7            -2.8929485852E+01        -8.0984E-01        1.570E-03        121.329
8            -2.8929614731E+01        -7.9586E-01        9.868E-04        121.198
9            -2.8929690937E+01        -7.9151E-01        6.030E-04        121.315
10           -2.8929645419E+01        -7.7321E-01        2.034E-04        121.304
11           -2.8929542453E+01        -7.6383E-01        2.514E-04        121.173
12           -2.8929454542E+01        -7.7033E-01        1.080E-04        121.249
13           -2.8929443093E+01        -7.6786E-01        6.876E-05        120.912
14           -2.8929410330E+01        -7.6902E-01        6.756E-05        121.115
15           -2.8929401158E+01        -7.6909E-01        5.796E-05        119.909
16           -2.8929402130E+01        -7.6839E-01        2.434E-05        120.088
17           -2.8929385787E+01        -7.6805E-01        1.287E-05        121.452
18           -2.8929376660E+01        -7.6743E-01        1.454E-05        120.425
19           -2.8929374678E+01        -7.6792E-01        7.955E-06        120.237
20           -2.8929373717E+01        -7.6744E-01        1.098E-05        120.859
21           -2.8929373348E+01        -7.6781E-01        4.789E-06        120.980
22           -2.8929372001E+01        -7.6742E-01        7.201E-06        119.881
23           -2.8929370860E+01        -7.6814E-01        1.235E-05        120.303
24           -2.8929371118E+01        -7.6802E-01        8.453E-06        120.315
25           -2.8929370708E+01        -7.6803E-01        6.738E-06        119.801
26           -2.8929370709E+01        -7.6795E-01        1.975E-06        120.307
27           -2.8929370272E+01        -7.6804E-01        2.376E-06        120.417
28           -2.8929370342E+01        -7.6800E-01        7.809E-07        119.615
Total number of SCF: 28    

k = [-0.250, -0.250, 0.000]
Occupation of state 212 = 0.000000000000000.
Occupation of state 235 = 0.000000000000000.
Exx outer loop error: 3.1551732167e-03 

No.6 Exx outer loop: 
1            -2.8929385392E+01        -7.9717E-01        1.030E-03        124.025
2            -2.8929427134E+01        -7.8109E-01        3.775E-04        120.262
3            -2.8929461082E+01        -7.9376E-01        4.622E-04        120.129
4            -2.8929448077E+01        -7.8526E-01        1.370E-04        120.322
5            -2.8929411569E+01        -7.7964E-01        6.781E-05        120.215
6            -2.8929393066E+01        -7.8321E-01        5.603E-05        120.271
7            -2.8929384745E+01        -7.8165E-01        2.601E-05        120.344
8            -2.8929380631E+01        -7.8134E-01        1.685E-05        120.410
9            -2.8929379223E+01        -7.8111E-01        1.080E-05        117.280
10           -2.8929378608E+01        -7.8101E-01        6.542E-06        120.419
11           -2.8929376067E+01        -7.8102E-01        3.733E-06        119.859
12           -2.8929374880E+01        -7.8085E-01        3.025E-06        120.956
13           -2.8929374167E+01        -7.8103E-01        3.898E-06        119.784
14           -2.8929373825E+01        -7.8103E-01        3.533E-06        120.343
15           -2.8929373855E+01        -7.8118E-01        6.183E-06        120.708
16           -2.8929373917E+01        -7.8117E-01        6.005E-06        120.066
17           -2.8929374049E+01        -7.8110E-01        3.945E-06        120.037
18           -2.8929374186E+01        -7.8109E-01        3.082E-06        119.701
19           -2.8929374162E+01        -7.8108E-01        2.627E-06        119.721
20           -2.8929374182E+01        -7.8100E-01        6.663E-07        119.576
Total number of SCF: 20    

k = [-0.250, -0.250, 0.000]
Occupation of state 212 = 0.000000000000000.
Occupation of state 235 = 0.000000000000000.
Exx outer loop error: 1.5002116752e-03 

No.7 Exx outer loop: 
1            -2.8929381762E+01        -8.0130E-01        5.560E-04        124.253
2            -2.8929410781E+01        -7.9359E-01        2.154E-04        120.281
3            -2.8929405202E+01        -8.1412E-01        7.425E-04        120.468
4            -2.8929408824E+01        -8.1256E-01        6.386E-04        120.097
5            -2.8929400890E+01        -7.9550E-01        1.076E-04        120.155
6            -2.8929396205E+01        -7.9169E-01        6.855E-05        119.997
7            -2.8929400735E+01        -7.9328E-01        5.149E-05        129.407
8            -2.8929399929E+01        -7.9408E-01        4.383E-05        121.624
9            -2.8929395716E+01        -7.9384E-01        5.251E-05        121.479
10           -2.8929392248E+01        -7.9384E-01        4.704E-05        135.944
11           -2.8929388143E+01        -7.9379E-01        4.226E-05        134.052
12           -2.8929384856E+01        -7.9448E-01        1.326E-05        137.683
13           -2.8929380642E+01        -7.9373E-01        1.970E-05        129.096
14           -2.8929379141E+01        -7.9381E-01        1.010E-05        113.541
15           -2.8929378905E+01        -7.9376E-01        7.784E-06        117.396
16           -2.8929378355E+01        -7.9366E-01        9.228E-06        113.560
17           -2.8929378118E+01        -7.9378E-01        3.522E-06        113.488
18           -2.8929377446E+01        -7.9371E-01        3.605E-06        114.107
19           -2.8929377229E+01        -7.9376E-01        2.087E-06        128.143
20           -2.8929377372E+01        -7.9417E-01        1.110E-05        125.704
21           -2.8929377100E+01        -7.9386E-01        1.249E-06        115.734
22           -2.8929377095E+01        -7.9385E-01        7.953E-07        113.088
Total number of SCF: 22    

k = [-0.250, -0.250, 0.000]
Occupation of state 212 = 0.000000000000000.
Occupation of state 235 = 0.000000000000000.
Exx outer loop error: 1.3500296068e-03 

No.8 Exx outer loop: 
1            -2.8929381943E+01        -8.0585E-01        2.507E-04        123.315
2            -2.8929396987E+01        -8.0549E-01        1.582E-04        113.653
3            -2.8929405408E+01        -8.0910E-01        2.074E-04        114.077
4            -2.8929402166E+01        -8.0689E-01        8.526E-05        113.678
5            -2.8929405946E+01        -8.0385E-01        8.261E-05        113.628
6            -2.8929402001E+01        -8.0458E-01        3.947E-05        114.680
7            -2.8929393296E+01        -8.0533E-01        1.531E-05        119.955
8            -2.8929388880E+01        -8.0516E-01        1.454E-05        113.549
9            -2.8929383472E+01        -8.0533E-01        6.698E-06        113.742
10           -2.8929379266E+01        -8.0510E-01        4.515E-06        113.510
11           -2.8929378055E+01        -8.0524E-01        4.433E-06        113.409
12           -2.8929377199E+01        -8.0527E-01        4.827E-06        113.228
13           -2.8929376939E+01        -8.0529E-01        1.935E-06        113.621
14           -2.8929376302E+01        -8.0529E-01        1.764E-06        114.119
15           -2.8929376232E+01        -8.0531E-01        1.339E-06        113.426
16           -2.8929376110E+01        -8.0527E-01        5.481E-07        113.134
Total number of SCF: 16    

k = [-0.250, -0.250, 0.000]
Occupation of state 212 = 0.000000000000000.
Occupation of state 235 = 0.000000000000000.
Exx outer loop error: 6.5296362003e-05 

No.9 Exx outer loop: 
1            -2.8929378050E+01        -8.1466E-01        1.429E-04        117.425
2            -2.8929390049E+01        -8.1446E-01        9.203E-05        115.728
3            -2.8929394697E+01        -8.1357E-01        5.404E-05        128.732
4            -2.8929410575E+01        -8.1575E-01        9.188E-05        114.744
5            -2.8929410717E+01        -8.1392E-01        5.282E-05        113.457
6            -2.8929406678E+01        -8.1445E-01        3.187E-05        113.680
7            -2.8929396412E+01        -8.1427E-01        2.322E-05        113.366
8            -2.8929393160E+01        -8.1502E-01        2.237E-05        133.590
9            -2.8929390240E+01        -8.1640E-01        4.569E-05        114.277
10           -2.8929387215E+01        -8.1527E-01        1.283E-05        113.630
11           -2.8929384890E+01        -8.1549E-01        7.692E-06        127.548
12           -2.8929384661E+01        -8.1682E-01        4.116E-05        115.124
13           -2.8929382971E+01        -8.1582E-01        5.775E-06        122.723
14           -2.8929383910E+01        -8.1656E-01        3.271E-05        139.345
15           -2.8929382853E+01        -8.1601E-01        1.540E-05        122.627
16           -2.8929380706E+01        -8.1546E-01        5.580E-06        113.454
17           -2.8929379585E+01        -8.1556E-01        3.760E-06        113.369
18           -2.8929378228E+01        -8.1544E-01        2.288E-06        113.410
19           -2.8929377664E+01        -8.1542E-01        1.453E-06        114.222
20           -2.8929377079E+01        -8.1536E-01        1.180E-06        113.391
21           -2.8929376811E+01        -8.1540E-01        1.184E-06        113.542
22           -2.8929376509E+01        -8.1538E-01        4.678E-07        117.234
Total number of SCF: 22    

k = [-0.250, -0.250, 0.000]
Occupation of state 212 = 0.000000000000000.
Occupation of state 235 = 0.000000000000000.
Exx outer loop error: 3.0038371083e-04 

No.10 Exx outer loop: 
1            -2.8929377892E+01        -8.2254E-01        8.157E-05        122.249
2            -2.8929386420E+01        -8.2348E-01        7.667E-05        113.401
3            -2.8929404432E+01        -8.2150E-01        5.263E-05        113.076
4            -2.8929400369E+01        -8.2340E-01        4.076E-05        113.578
5            -2.8929395835E+01        -8.2365E-01        1.951E-05        113.589
6            -2.8929391308E+01        -8.2442E-01        1.403E-05        114.141
7            -2.8929385096E+01        -8.2414E-01        6.784E-06        113.169
8            -2.8929383044E+01        -8.2427E-01        6.682E-06        113.629
9            -2.8929382809E+01        -8.2420E-01        8.713E-06        113.218
10           -2.8929381339E+01        -8.2418E-01        1.074E-05        114.820
11           -2.8929379870E+01        -8.2421E-01        9.182E-06        112.983
12           -2.8929378288E+01        -8.2424E-01        7.303E-06        113.311
13           -2.8929378022E+01        -8.2428E-01        5.317E-06        113.015
14           -2.8929377947E+01        -8.2426E-01        5.523E-06        113.081
15           -2.8929376790E+01        -8.2424E-01        6.087E-06        114.754
16           -2.8929377903E+01        -8.2421E-01        8.526E-06        119.185
17           -2.8929378026E+01        -8.2425E-01        7.006E-06        113.180
18           -2.8929378158E+01        -8.2428E-01        5.940E-06        113.013
19           -2.8929378100E+01        -8.2427E-01        5.982E-06        112.935
20           -2.8929378495E+01        -8.2430E-01        5.083E-06        113.411
21           -2.8929378475E+01        -8.2437E-01        2.834E-06        113.321
22           -2.8929377731E+01        -8.2423E-01        5.028E-06        113.189
23           -2.8929377872E+01        -8.2430E-01        2.333E-06        113.242
24           -2.8929376887E+01        -8.2422E-01        3.270E-06        113.352
25           -2.8929376290E+01        -8.2430E-01        1.189E-06        114.435
26           -2.8929375903E+01        -8.2431E-01        1.106E-06        114.187
27           -2.8929375833E+01        -8.2428E-01        8.761E-07        113.137
Total number of SCF: 27    

k = [-0.250, -0.250, 0.000]
Occupation of state 212 = 0.000000000000000.
Occupation of state 235 = 0.000000000000000.
Exx outer loop error: 7.6027053804e-05 

No.11 Exx outer loop: 
1            -2.8929376309E+01        -8.3027E-01        5.802E-05        117.390
2            -2.8929383717E+01        -8.3102E-01        5.510E-05        113.368
3            -2.8929395561E+01        -8.2852E-01        1.234E-04        113.637
4            -2.8929404840E+01        -8.3560E-01        2.178E-04        113.340
5            -2.8929407619E+01        -8.3096E-01        2.672E-05        113.508
6            -2.8929402594E+01        -8.3176E-01        2.663E-05        113.397
7            -2.8929393856E+01        -8.3355E-01        5.576E-05        113.212
8            -2.8929390658E+01        -8.3155E-01        3.811E-05        114.981
9            -2.8929385942E+01        -8.3196E-01        1.704E-05        113.568
10           -2.8929380719E+01        -8.3212E-01        5.118E-06        117.864
11           -2.8929377696E+01        -8.3224E-01        7.078E-06        113.318
12           -2.8929376610E+01        -8.3215E-01        3.321E-06        113.189
13           -2.8929376460E+01        -8.3210E-01        1.335E-06        113.384
14           -2.8929376386E+01        -8.3206E-01        2.127E-06        126.702
15           -2.8929376345E+01        -8.3209E-01        6.286E-07        112.716
Total number of SCF: 15    

k = [-0.250, -0.250, 0.000]
Occupation of state 212 = 0.000000000000000.
Occupation of state 235 = 0.000000000000000.
Exx outer loop error: 3.5895450711e-04 

No.12 Exx outer loop: 
1            -2.8929376745E+01        -8.3679E-01        4.910E-05        122.532
2            -2.8929381812E+01        -8.3797E-01        5.269E-05        113.952
3            -2.8929388184E+01        -8.3719E-01        4.177E-05        113.307
4            -2.8929395386E+01        -8.3948E-01        6.585E-05        113.648
5            -2.8929388510E+01        -8.3885E-01        1.970E-05        113.195
6            -2.8929385530E+01        -8.3873E-01        9.317E-06        113.181
7            -2.8929383343E+01        -8.3887E-01        4.145E-06        113.322
8            -2.8929380529E+01        -8.3877E-01        6.980E-06        113.206
9            -2.8929380085E+01        -8.3876E-01        7.522E-06        113.168
10           -2.8929378815E+01        -8.3886E-01        1.868E-06        113.233
11           -2.8929377784E+01        -8.3887E-01        2.195E-06        113.414
12           -2.8929377134E+01        -8.3877E-01        2.041E-06        113.133
13           -2.8929377072E+01        -8.3880E-01        7.144E-07        112.905
Total number of SCF: 13    

k = [-0.250, -0.250, 0.000]
Occupation of state 212 = 0.000000000000000.
Occupation of state 235 = 0.000000000000000.
Exx outer loop error: 1.2586789433e-04 

No.13 Exx outer loop: 
1            -2.8929378214E+01        -8.4212E-01        6.142E-05        117.385
2            -2.8929381376E+01        -8.4427E-01        7.582E-05        113.145
3            -2.8929395723E+01        -8.4740E-01        1.791E-04        115.918
4            -2.8929382850E+01        -8.4480E-01        3.619E-05        113.017
5            -2.8929381367E+01        -8.4436E-01        5.211E-06        113.043
6            -2.8929378882E+01        -8.4413E-01        1.477E-05        113.927
7            -2.8929380625E+01        -8.4437E-01        3.480E-06        128.624
8            -2.8929379318E+01        -8.4422E-01        8.941E-06        113.261
9            -2.8929379621E+01        -8.4436E-01        3.558E-06        113.157
10           -2.8929377953E+01        -8.4434E-01        3.133E-06        113.248
11           -2.8929377495E+01        -8.4434E-01        2.979E-06        113.198
12           -2.8929377203E+01        -8.4435E-01        1.871E-06        114.874
13           -2.8929377054E+01        -8.4435E-01        1.283E-06        113.284
14           -2.8929376976E+01        -8.4440E-01        1.747E-06        113.385
15           -2.8929376597E+01        -8.4439E-01        6.893E-07        112.876
Total number of SCF: 15    

k = [-0.250, -0.250, 0.000]
Occupation of state 212 = 0.000000000000000.
Occupation of state 235 = 0.000000000000000.
Exx outer loop error: 9.0155439852e-05 

No.14 Exx outer loop: 
1            -2.8929376998E+01        -8.4726E-01        4.469E-05        117.163
2            -2.8929380121E+01        -8.4876E-01        5.212E-05        113.207
3            -2.8929379991E+01        -8.5025E-01        8.835E-05        115.116
4            -2.8929376936E+01        -8.4901E-01        1.521E-05        113.401
5            -2.8929375526E+01        -8.4897E-01        5.246E-06        115.138
6            -2.8929375795E+01        -8.4894E-01        3.268E-06        114.570
7            -2.8929376083E+01        -8.4898E-01        2.130E-06        132.428
8            -2.8929375782E+01        -8.4897E-01        2.130E-06        113.159
9            -2.8929375617E+01        -8.4896E-01        1.243E-06        113.023
10           -2.8929375812E+01        -8.4897E-01        9.146E-07        112.699
Total number of SCF: 10    

k = [-0.250, -0.250, 0.000]
Occupation of state 212 = 0.000000000000000.
Occupation of state 235 = 0.000000000000000.
Exx outer loop error: 1.3827353217e-04 

No.15 Exx outer loop: 
1            -2.8929375545E+01        -8.5203E-01        2.644E-05        120.137
2            -2.8929377651E+01        -8.5154E-01        3.212E-05        113.971
3            -2.8929375123E+01        -8.5244E-01        1.256E-05        113.450
4            -2.8929375263E+01        -8.5270E-01        1.777E-06        115.114
5            -2.8929375282E+01        -8.5269E-01        1.462E-06        134.393
6            -2.8929375598E+01        -8.5275E-01        2.653E-06        125.423
7            -2.8929375599E+01        -8.5273E-01        1.488E-06        116.737
8            -2.8929376087E+01        -8.5279E-01        4.707E-06        113.430
9            -2.8929375858E+01        -8.5280E-01        4.453E-06        113.217
10           -2.8929375840E+01        -8.5278E-01        3.866E-06        113.211
11           -2.8929375774E+01        -8.5277E-01        2.872E-06        113.003
12           -2.8929375873E+01        -8.5273E-01        7.509E-07        112.807
Total number of SCF: 12    

k = [-0.250, -0.250, 0.000]
Occupation of state 212 = 0.000000000000000.
Occupation of state 235 = 0.000000000000000.
Exx outer loop error: 3.2663420236e-04 

No.16 Exx outer loop: 
1            -2.8929375858E+01        -8.5488E-01        1.911E-05        117.157
2            -2.8929378058E+01        -8.5519E-01        1.702E-05        114.562
3            -2.8929377985E+01        -8.5520E-01        1.524E-05        113.317
4            -2.8929380443E+01        -8.5572E-01        1.233E-05        113.611
5            -2.8929377222E+01        -8.5558E-01        5.012E-06        113.148
6            -2.8929377677E+01        -8.5564E-01        3.985E-06        130.488
7            -2.8929377340E+01        -8.5564E-01        4.405E-06        113.397
8            -2.8929377650E+01        -8.5565E-01        3.147E-06        113.002
9            -2.8929377632E+01        -8.5566E-01        2.355E-06        113.387
10           -2.8929377617E+01        -8.5566E-01        2.550E-06        112.972
11           -2.8929377683E+01        -8.5567E-01        1.938E-06        112.978
12           -2.8929377648E+01        -8.5567E-01        1.719E-06        113.380
13           -2.8929377452E+01        -8.5562E-01        4.311E-06        113.703
14           -2.8929377462E+01        -8.5562E-01        4.673E-06        113.225
15           -2.8929377377E+01        -8.5562E-01        4.519E-06        114.104
16           -2.8929377388E+01        -8.5562E-01        4.541E-06        115.098
17           -2.8929377423E+01        -8.5562E-01        4.622E-06        112.977
18           -2.8929377371E+01        -8.5561E-01        4.632E-06        113.190
19           -2.8929377317E+01        -8.5559E-01        5.741E-06        114.041
20           -2.8929377359E+01        -8.5559E-01        6.186E-06        112.920
21           -2.8929377285E+01        -8.5560E-01        5.753E-06        112.948
22           -2.8929377209E+01        -8.5560E-01        5.577E-06        113.444
23           -2.8929377049E+01        -8.5561E-01        5.792E-06        126.829
24           -2.8929377036E+01        -8.5562E-01        5.277E-06        112.743
25           -2.8929377019E+01        -8.5562E-01        5.252E-06        112.962
26           -2.8929377004E+01        -8.5562E-01        5.273E-06        113.427
27           -2.8929376692E+01        -8.5561E-01        5.704E-06        113.133
28           -2.8929376915E+01        -8.5559E-01        7.345E-06        113.204
29           -2.8929376909E+01        -8.5566E-01        3.458E-06        113.094
30           -2.8929377100E+01        -8.5567E-01        1.737E-06        112.953
31           -2.8929377049E+01        -8.5566E-01        1.523E-06        113.186
32           -2.8929376976E+01        -8.5564E-01        1.572E-06        114.784
33           -2.8929376747E+01        -8.5567E-01        5.699E-07        113.085
Total number of SCF: 33    

k = [-0.250, -0.250, 0.000]
Occupation of state 212 = 0.000000000000000.
Occupation of state 235 = 0.000000000000000.
Exx outer loop error: 5.7988637696e-04 

No.17 Exx outer loop: 
1            -2.8929377289E+01        -8.5733E-01        2.600E-05        118.161
2            -2.8929377672E+01        -8.5760E-01        2.072E-05        113.539
3            -2.8929381482E+01        -8.5720E-01        3.675E-05        114.556
4            -2.8929382780E+01        -8.5790E-01        1.234E-05        113.141
5            -2.8929382323E+01        -8.5784E-01        5.481E-06        113.806
6            -2.8929380518E+01        -8.5800E-01        8.880E-06        113.269
7            -2.8929379661E+01        -8.5798E-01        3.639E-06        114.941
8            -2.8929378196E+01        -8.5803E-01        5.044E-06        113.258
9            -2.8929377512E+01        -8.5801E-01        2.593E-06        113.029
10           -2.8929377256E+01        -8.5800E-01        1.196E-06        112.991
11           -2.8929376858E+01        -8.5795E-01        2.747E-06        113.106
12           -2.8929376450E+01        -8.5799E-01        5.611E-07        113.179
Total number of SCF: 12    

k = [-0.250, -0.250, 0.000]
Occupation of state 212 = 0.000000000000000.
Occupation of state 235 = 0.000000000000000.
Exx outer loop error: 6.4325891252e-05 

No.18 Exx outer loop: 
1            -2.8929376297E+01        -8.5883E-01        3.172E-05        117.128
2            -2.8929377003E+01        -8.5991E-01        3.477E-05        113.920
3            -2.8929383512E+01        -8.6064E-01        6.381E-05        113.338
4            -2.8929381851E+01        -8.5985E-01        6.125E-06        114.788
5            -2.8929380711E+01        -8.5971E-01        5.577E-06        113.310
6            -2.8929378461E+01        -8.5965E-01        7.245E-06        113.086
7            -2.8929377380E+01        -8.5980E-01        2.408E-06        113.186
8            -2.8929376992E+01        -8.5977E-01        1.408E-06        113.327
9            -2.8929376558E+01        -8.5979E-01        1.741E-06        113.391
10           -2.8929376261E+01        -8.5977E-01        8.856E-07        113.088
Total number of SCF: 10    

k = [-0.250, -0.250, 0.000]
Occupation of state 212 = 0.000000000000000.
Occupation of state 235 = 0.000000000000000.
Exx outer loop error: 5.3707466956e-05 

No.19 Exx outer loop: 
1            -2.8929375813E+01        -8.6025E-01        3.185E-05        116.934
2            -2.8929376817E+01        -8.6143E-01        3.813E-05        114.640
3            -2.8929376480E+01        -8.6126E-01        7.491E-06        113.043
4            -2.8929376266E+01        -8.6119E-01        4.272E-06        113.615
5            -2.8929375958E+01        -8.6115E-01        1.413E-06        113.806
6            -2.8929375786E+01        -8.6115E-01        1.320E-06        113.732
7            -2.8929375806E+01        -8.6116E-01        1.905E-06        113.696
8            -2.8929375730E+01        -8.6113E-01        5.176E-07        112.608
Total number of SCF: 8     

k = [-0.250, -0.250, 0.000]
Occupation of state 212 = 0.000000000000000.
Occupation of state 235 = 0.000000000000000.
Exx outer loop error: 4.0901646287e-04 

No.20 Exx outer loop: 
1            -2.8929375599E+01        -8.6160E-01        1.950E-05        117.411
2            -2.8929376440E+01        -8.6232E-01        2.333E-05        129.224
3            -2.8929375802E+01        -8.6226E-01        4.863E-06        113.102
4            -2.8929375597E+01        -8.6226E-01        5.191E-06        113.676
5            -2.8929375704E+01        -8.6227E-01        5.812E-06        113.070
6            -2.8929375823E+01        -8.6222E-01        1.611E-06        112.935
7            -2.8929375747E+01        -8.6218E-01        1.612E-06        113.247
8            -2.8929375803E+01        -8.6216E-01        1.844E-06        113.081
9            -2.8929375828E+01        -8.6217E-01        1.244E-06        113.119
10           -2.8929375842E+01        -8.6218E-01        3.116E-07        113.062
Total number of SCF: 10    

k = [-0.250, -0.250, 0.000]
Occupation of state 212 = 0.000000000000000.
Occupation of state 235 = 0.000000000000000.
Exx outer loop error: 6.7058552793e-06 
====================================================================
                    Energy and force calculation                    
====================================================================
Free energy per atom               : -2.8929376098E+01 (Ha/atom)
Total free energy                  : -1.4464688049E+03 (Ha)
Band structure energy              : -3.7103478901E+02 (Ha)
Exchange correlation energy        : -2.5591051411E+02 (Ha)
Self and correction energy         : -1.9047163944E+03 (Ha)
Entropy*kb*T                       : -2.9312688516E-03 (Ha)
Fermi level                        : -1.7305365610E-01 (Ha)
RMS force                          :  1.9835905420E-02 (Ha/Bohr)
Maximum force                      :  1.0476240662E-01 (Ha/Bohr)
Time for force calculation         :  1.763 (sec)
***************************************************************************
                               Timing info                                 
***************************************************************************
Total walltime                     :  181189.229 sec
___________________________________________________________________________

***************************************************************************
*             Material Physics & Mechanics Group, Georgia Tech            *
*                       PI: Phanish Suryanarayana                         *
*                Main Developers: Qimen Xu, Abhiraj Sharma                *
*     Collaborators: J.E. Pask (LLNL), A.J. Medford (GT), E. Chow (GT)    *
*  Acknowledgements: U.S. DOE (DE-SC0019410); U.S. NSF (1333500,1553212)  *
***************************************************************************
                                                                           
