***************************************************************************
*                       SPARC (version Nov 19, 2021)                      *
*   Copyright (c) 2020 Material Physics & Mechanics Group, Georgia Tech   *
*           Distributed under GNU General Public License 3 (GPL)          *
*                   Start time: Tue Dec 14 14:40:07 2021                  *
***************************************************************************
                           Input parameters                                
***************************************************************************
CELL: 20.5574499106053 20.9388760112965 20.5824661050591 
LATVEC:
1.000000000000000 0.000000000000000 0.000000000000000 
0.000000000000000 1.000000000000000 0.000000000000000 
0.000000000000000 0.000000000000000 1.000000000000000 
FD_GRID: 109 111 109
FD_ORDER: 12
BC: P P D
KPOINT_GRID: 1 1 1
KPOINT_SHIFT: 0 0 0
SPIN_TYP: 0
ELEC_TEMP_TYPE: Gaussian
SMEARING: 0.007349864435
CHEB_DEGREE: 36
NSTATES: 13
EXCHANGE_CORRELATION: HSE
CALC_STRESS: 0
CALC_PRES: 0
CHEFSI_BOUND_FLAG: 0
MAXIT_SCF: 100
MINIT_SCF: 3
MAXIT_POISSON: 3000
TOL_SCF: 1.00E-06
POISSON_SOLVER: AAR
TOL_POISSON: 1.00E-08
TOL_LANCZOS: 1.00E-02
TOL_PSEUDOCHARGE: 1.00E-08
MIXING_VARIABLE: density
MIXING_PRECOND: kerker
TOL_PRECOND: 3.56E-05
PRECOND_KERKER_KTF: 1
PRECOND_KERKER_THRESH: 0.1
MIXING_PARAMETER: 0.3
MIXING_HISTORY: 7
PULAY_FREQUENCY: 1
PULAY_RESTART: 0
REFERENCE_CUTOFF: 0.5
RHO_TRIGGER: 4
FIX_RAND: 0
VERBOSITY: 1
PRINT_FORCES: 1
PRINT_ATOMS: 1
PRINT_EIGEN: 1
PRINT_DENSITY: 0
PRINT_ENERGY_DENSITY: 0
TOL_FOCK: 5.00E-05
TOL_SCF_INIT: 1.00E-04
MAXIT_FOCK: 1000
EXX_METHOD: FOURIER_SPACE
EXX_DIVERGENCE: AUXILIARY
ACE_FLAG: 1
EXX_ACE_MEM: 1
EXX_ACE_VALENCE_STATES: 10000
EXX_DOWNSAMPLING: 1 1 1
EXX_RANGE_FOCK: 0.106000
EXX_RANGE_PBE: 0.106000
OUTPUT_FILE: sprc-calc
***************************************************************************
                                Cell                                       
***************************************************************************
Lattice vectors (Bohr):
20.557449910605303 0.000000000000000 0.000000000000000 
0.000000000000000 20.938876011296479 0.000000000000000 
0.000000000000000 0.000000000000000 20.582466105059133 
Volume                  :  8.8597203694E+03 (Bohr^3)
***************************************************************************
                           Parallelization                                 
***************************************************************************
NP_SPIN_PARAL: 1
NP_KPOINT_PARAL: 1
NP_BAND_PARAL: 1
NP_DOMAIN_PARAL: 6 8 7
NP_DOMAIN_PHI_PARAL: 6 8 7
EIG_SERIAL_MAXNS: 1500
***************************************************************************
                             Initialization                                
***************************************************************************
Number of processors               :  336
Mesh spacing in x-direction        :  0.1886 (Bohr)
Mesh spacing in y-direction        :  0.188639 (Bohr)
Mesh spacing in z direction        :  0.18883 (Bohr)
Number of symmetry adapted k-points:  1
Output printed to                  :  sprc-calc.out
Final eigenvalues printed to       :  sprc-calc.eigen
Total number of atom types         :  3
Total number of atoms              :  6
Total number of electrons          :  14
Atom type 1  (valence electrons)   :  C 4
Pseudopotential                    :  C.psp8
Pseudocharge radii of atom type 1  :  6.98 6.98 6.99 (x, y, z dir)
Number of atoms of type 1          :  1
Atom type 2  (valence electrons)   :  H 1
Pseudopotential                    :  H.psp8
Pseudocharge radii of atom type 2  :  3.96 3.96 3.97 (x, y, z dir)
Number of atoms of type 2          :  4
Atom type 3  (valence electrons)   :  O 6
Pseudopotential                    :  O.psp8
Pseudocharge radii of atom type 3  :  6.98 6.98 6.99 (x, y, z dir)
Number of atoms of type 3          :  1
Estimated total memory usage       :  14.40 GB
Estimated memory per processor     :  43.87 MB
===================================================================
                    Self Consistent Field (SCF#1)                     
===================================================================
Iteration     Free Energy (Ha/atom)   SCF Error        Timing (sec)
1            -4.1954538244E+00        1.512E-01        0.488
2            -4.1940604298E+00        1.094E-01        0.234
3            -4.1525475735E+00        3.568E-02        0.182
4            -4.1563187911E+00        2.325E-02        0.196
5            -4.1573533147E+00        7.033E-03        0.207
6            -4.1550376871E+00        4.415E-03        0.211
7            -4.1530792036E+00        2.397E-03        0.674
8            -4.1518121275E+00        1.386E-03        0.201
9            -4.1517129396E+00        7.819E-04        0.202
10           -4.1515588218E+00        5.441E-04        0.191
11           -4.1514529195E+00        3.601E-04        0.213
12           -4.1513145265E+00        2.481E-04        0.176
13           -4.1513773678E+00        2.238E-04        0.175
14           -4.1513190449E+00        1.700E-04        0.872
15           -4.1513228562E+00        2.107E-04        0.176
16           -4.1512699812E+00        1.487E-04        0.178
17           -4.1511963598E+00        9.306E-05        0.066
Total number of SCF: 17    

k = [0.000, 0.000, 0.000]
Occupation of state 12 = 0.000000000000000.
Occupation of state 13 = 0.000000000000000.

No.1 Exx outer loop: 
1            -4.1112957522E+00        5.657E-03        0.220
2            -4.1114962338E+00        1.010E-02        0.222
3            -4.1132218835E+00        1.424E-02        0.244
4            -4.1162425069E+00        1.029E-02        0.236
5            -4.1168903108E+00        9.760E-03        0.204
6            -4.1161329856E+00        7.232E-03        0.204
7            -4.1168873226E+00        8.802E-03        0.189
8            -4.1171722095E+00        9.461E-03        0.206
9            -4.1164876335E+00        8.024E-03        0.191
10           -4.1156897689E+00        6.379E-03        0.211
11           -4.1126110252E+00        1.120E-03        0.197
12           -4.1122638788E+00        6.559E-04        0.206
13           -4.1119633590E+00        4.003E-04        0.211
14           -4.1118998843E+00        2.971E-04        0.197
15           -4.1118453809E+00        1.571E-04        0.190
16           -4.1118160833E+00        1.132E-04        0.206
17           -4.1117998702E+00        9.025E-05        0.193
18           -4.1118002853E+00        7.362E-05        0.172
19           -4.1117852666E+00        4.722E-05        0.165
20           -4.1117711298E+00        2.884E-05        0.165
21           -4.1117615366E+00        1.439E-05        0.160
22           -4.1117606940E+00        7.068E-06        0.156
23           -4.1117588845E+00        5.320E-06        0.165
24           -4.1117597681E+00        4.005E-06        0.166
25           -4.1117589668E+00        2.670E-06        0.146
26           -4.1117590027E+00        2.387E-06        0.141
27           -4.1117589070E+00        2.289E-06        0.126
28           -4.1117589933E+00        2.461E-06        0.127
29           -4.1117597177E+00        3.874E-06        0.757
30           -4.1117583579E+00        1.132E-06        0.179
31           -4.1117579682E+00        6.730E-07        0.080
Total number of SCF: 31    

k = [0.000, 0.000, 0.000]
Occupation of state 12 = 0.000000000000000.
Occupation of state 13 = 0.000000000000000.
Exx outer loop error: 1.3627167774e-01 

No.2 Exx outer loop: 
1            -4.1117671690E+00        3.395E-04        0.211
2            -4.1117974262E+00        8.108E-04        0.195
3            -4.1122224779E+00        1.071E-03        0.173
4            -4.1120954589E+00        9.824E-04        0.206
5            -4.1121236583E+00        9.013E-04        0.207
6            -4.1120463307E+00        8.180E-04        0.174
7            -4.1120795752E+00        8.876E-04        0.180
8            -4.1121244614E+00        8.906E-04        0.213
9            -4.1118974384E+00        6.386E-04        0.192
10           -4.1120708637E+00        7.044E-04        0.183
11           -4.1118527078E+00        1.877E-04        0.167
12           -4.1118357336E+00        1.399E-04        0.209
13           -4.1118448200E+00        1.281E-04        0.184
14           -4.1118850640E+00        1.714E-04        0.173
15           -4.1118666435E+00        1.309E-04        0.167
16           -4.1118274724E+00        6.528E-05        0.173
17           -4.1118117553E+00        3.939E-05        0.185
18           -4.1118023869E+00        2.587E-05        0.189
19           -4.1117966875E+00        2.045E-05        0.157
20           -4.1117935402E+00        1.859E-05        0.154
21           -4.1117913670E+00        1.615E-05        0.134
22           -4.1117892898E+00        1.245E-05        0.180
23           -4.1117899141E+00        1.342E-05        0.155
24           -4.1117883197E+00        1.029E-05        0.133
25           -4.1117858245E+00        6.340E-06        0.178
26           -4.1117836176E+00        4.163E-06        0.140
27           -4.1117815280E+00        2.309E-06        0.149
28           -4.1117808107E+00        1.468E-06        0.131
29           -4.1117804976E+00        1.065E-06        0.136
30           -4.1117804162E+00        7.423E-07        0.077
Total number of SCF: 30    

k = [0.000, 0.000, 0.000]
Occupation of state 12 = 0.000000000000000.
Occupation of state 13 = 0.000000000000000.
Exx outer loop error: 1.5436118280e-04 

No.3 Exx outer loop: 
1            -4.1117805504E+00        2.675E-05        1.034
2            -4.1117850423E+00        8.936E-05        0.276
3            -4.1117986263E+00        9.863E-05        0.141
4            -4.1118013039E+00        9.763E-05        0.160
5            -4.1117936542E+00        8.922E-05        0.148
6            -4.1117943610E+00        9.142E-05        0.145
7            -4.1117951316E+00        8.863E-05        0.140
8            -4.1117902233E+00        9.287E-05        0.137
9            -4.1117930597E+00        7.564E-05        0.163
10           -4.1117875710E+00        1.804E-05        0.140
11           -4.1117859913E+00        1.085E-05        0.515
12           -4.1117839353E+00        5.048E-06        0.281
13           -4.1117820783E+00        3.304E-06        0.152
14           -4.1117809210E+00        2.659E-06        0.174
15           -4.1117817247E+00        2.067E-06        0.146
16           -4.1117809652E+00        1.147E-06        0.159
17           -4.1117807982E+00        9.374E-07        0.087
Total number of SCF: 17    

k = [0.000, 0.000, 0.000]
Occupation of state 12 = 0.000000000000000.
Occupation of state 13 = 0.000000000000000.
Exx outer loop error: 1.8874746039e-05 
====================================================================
                    Energy and force calculation                    
====================================================================
Free energy per atom               : -4.1117775335E+00 (Ha/atom)
Total free energy                  : -2.4670665201E+01 (Ha)
Band structure energy              : -7.4478430670E+00 (Ha)
Exchange correlation energy        : -4.8134310454E+00 (Ha)
Self and correction energy         : -4.0181918673E+01 (Ha)
Entropy*kb*T                       : -4.0002047437E-11 (Ha)
Fermi level                        : -2.4759299732E-01 (Ha)
RMS force                          :  6.9496941224E-03 (Ha/Bohr)
Maximum force                      :  1.3820949335E-02 (Ha/Bohr)
Time for force calculation         :  0.014 (sec)
***************************************************************************
                               Timing info                                 
***************************************************************************
Total walltime                     :  25.173 sec
___________________________________________________________________________

***************************************************************************
*             Material Physics & Mechanics Group, Georgia Tech            *
*                       PI: Phanish Suryanarayana                         *
*                Main Developers: Qimen Xu, Abhiraj Sharma                *
*     Collaborators: J.E. Pask (LLNL), A.J. Medford (GT), E. Chow (GT)    *
*  Acknowledgements: U.S. DOE (DE-SC0019410); U.S. NSF (1333500,1553212)  *
***************************************************************************
                                                                           

***************************************************************************
*                       SPARC (version Dec 27, 2021)                      *
*   Copyright (c) 2020 Material Physics & Mechanics Group, Georgia Tech   *
*           Distributed under GNU General Public License 3 (GPL)          *
*                   Start time: Wed Jan 12 12:37:29 2022                  *
***************************************************************************
                           Input parameters                                
***************************************************************************
CELL: 20.5574499106053 20.9388760112965 20.5824661050591 
LATVEC:
1.000000000000000 0.000000000000000 0.000000000000000 
0.000000000000000 1.000000000000000 0.000000000000000 
0.000000000000000 0.000000000000000 1.000000000000000 
FD_GRID: 109 111 109
FD_ORDER: 12
BC: D D D
SPIN_TYP: 0
ELEC_TEMP_TYPE: Gaussian
SMEARING: 0.007349864435
CHEB_DEGREE: 36
NSTATES: 13
EXCHANGE_CORRELATION: HSE
CALC_STRESS: 0
CALC_PRES: 0
CHEFSI_BOUND_FLAG: 0
MAXIT_SCF: 100
MINIT_SCF: 3
MAXIT_POISSON: 3000
TOL_SCF: 1.00E-06
POISSON_SOLVER: AAR
TOL_POISSON: 1.00E-08
TOL_LANCZOS: 1.00E-02
TOL_PSEUDOCHARGE: 1.00E-08
MIXING_VARIABLE: density
MIXING_PRECOND: kerker
TOL_PRECOND: 3.56E-05
PRECOND_KERKER_KTF: 1
PRECOND_KERKER_THRESH: 0.1
MIXING_PARAMETER: 0.3
MIXING_HISTORY: 7
PULAY_FREQUENCY: 1
PULAY_RESTART: 0
REFERENCE_CUTOFF: 0.5
RHO_TRIGGER: 4
FIX_RAND: 0
VERBOSITY: 1
PRINT_FORCES: 1
PRINT_ATOMS: 1
PRINT_EIGEN: 1
PRINT_DENSITY: 0
PRINT_ENERGY_DENSITY: 0
TOL_FOCK: 5.00E-05
TOL_SCF_INIT: 1.00E-04
MAXIT_FOCK: 1000
EXX_METHOD: FOURIER_SPACE
EXX_DIVERGENCE: AUXILIARY
ACE_FLAG: 1
EXX_ACE_MEM: 1
EXX_ACE_VALENCE_STATES: 10000
EXX_DOWNSAMPLING: 1 1 1
EXX_RANGE_FOCK: 0.106000
EXX_RANGE_PBE: 0.106000
OUTPUT_FILE: sprc-calc
***************************************************************************
                                Cell                                       
***************************************************************************
Lattice vectors (Bohr):
20.557449910605303 0.000000000000000 0.000000000000000 
0.000000000000000 20.938876011296479 0.000000000000000 
0.000000000000000 0.000000000000000 20.582466105059133 
Volume                  :  8.8597203694E+03 (Bohr^3)
***************************************************************************
                           Parallelization                                 
***************************************************************************
NP_SPIN_PARAL: 1
NP_KPOINT_PARAL: 1
NP_BAND_PARAL: 1
NP_DOMAIN_PARAL: 6 8 7
NP_DOMAIN_PHI_PARAL: 6 8 7
EIG_SERIAL_MAXNS: 1500
***************************************************************************
                             Initialization                                
***************************************************************************
Number of processors               :  336
Mesh spacing in x-direction        :  0.1886 (Bohr)
Mesh spacing in y-direction        :  0.188639 (Bohr)
Mesh spacing in z direction        :  0.18883 (Bohr)
Output printed to                  :  sprc-calc.out_01
Final eigenvalues printed to       :  sprc-calc.eigen_01
Total number of atom types         :  3
Total number of atoms              :  6
Total number of electrons          :  14
Atom type 1  (valence electrons)   :  C 4
Pseudopotential                    :  C.psp8
Pseudocharge radii of atom type 1  :  6.98 6.98 6.99 (x, y, z dir)
Number of atoms of type 1          :  1
Atom type 2  (valence electrons)   :  H 1
Pseudopotential                    :  H.psp8
Pseudocharge radii of atom type 2  :  3.96 3.96 3.97 (x, y, z dir)
Number of atoms of type 2          :  4
Atom type 3  (valence electrons)   :  O 6
Pseudopotential                    :  O.psp8
Pseudocharge radii of atom type 3  :  6.98 6.98 6.99 (x, y, z dir)
Number of atoms of type 3          :  1
Estimated total memory usage       :  14.66 GB
Estimated memory per processor     :  44.67 MB
===================================================================
                    Self Consistent Field (SCF#1)                     
===================================================================
Iteration     Free Energy (Ha/atom)   SCF Error        Timing (sec)
1            -4.1966413644E+00        1.505E-01        0.470
2            -4.1941661849E+00        1.094E-01        0.180
3            -4.1514707201E+00        3.642E-02        0.163
4            -4.1554950748E+00        2.392E-02        0.178
5            -4.1566119080E+00        6.133E-03        0.203
6            -4.1546674141E+00        4.145E-03        0.212
7            -4.1524165172E+00        2.089E-03        0.172
8            -4.1515648096E+00        1.273E-03        0.184
9            -4.1513023944E+00        6.206E-04        0.175
10           -4.1512601864E+00        4.479E-04        0.179
11           -4.1512206781E+00        2.612E-04        0.163
12           -4.1511226992E+00        1.727E-04        0.157
13           -4.1511664543E+00        1.015E-04        0.168
14           -4.1511474266E+00        6.668E-05        0.063
Total number of SCF: 14    

k = [0.000, 0.000, 0.000]
Occupation of state 12 = 0.000000000000000.
Occupation of state 13 = 0.000000000000000.

No.1 Exx outer loop: 
1            -4.1113870966E+00        5.595E-03        0.208
2            -4.1114383845E+00        1.010E-02        0.176
3            -4.1117998118E+00        1.423E-02        0.202
4            -4.1145725060E+00        7.927E-03        0.174
5            -4.1129852469E+00        4.249E-03        0.180
6            -4.1119810169E+00        1.840E-03        0.224
7            -4.1144567495E+00        4.468E-03        0.174
8            -4.1149979874E+00        5.566E-03        0.183
9            -4.1143243197E+00        4.572E-03        0.171
10           -4.1137165472E+00        3.797E-03        0.188
11           -4.1119680586E+00        4.843E-04        0.201
12           -4.1118278870E+00        3.278E-04        0.452
13           -4.1118372653E+00        1.621E-04        0.366
14           -4.1117986622E+00        1.374E-04        0.183
15           -4.1117623886E+00        7.186E-05        0.163
16           -4.1117369727E+00        3.644E-05        0.156
17           -4.1117298088E+00        2.582E-05        0.182
18           -4.1117385656E+00        1.258E-05        0.154
19           -4.1117347733E+00        7.981E-06        0.172
20           -4.1117354636E+00        6.189E-06        0.149
21           -4.1117379794E+00        5.848E-06        0.168
22           -4.1117363383E+00        3.092E-06        0.133
23           -4.1117356879E+00        1.443E-06        0.135
24           -4.1117356744E+00        1.184E-06        0.126
25           -4.1117352285E+00        7.077E-07        0.073
Total number of SCF: 25    

k = [0.000, 0.000, 0.000]
Occupation of state 12 = 0.000000000000000.
Occupation of state 13 = 0.000000000000000.
Exx outer loop error: 1.3651018160e-01 

No.2 Exx outer loop: 
1            -4.1117527512E+00        3.348E-04        0.231
2            -4.1117730530E+00        8.033E-04        0.169
3            -4.1118822489E+00        9.315E-04        0.165
4            -4.1119412763E+00        6.972E-04        0.159
5            -4.1118694052E+00        6.829E-04        0.165
6            -4.1119480779E+00        6.102E-04        0.162
7            -4.1118902777E+00        5.550E-04        0.147
8            -4.1118725180E+00        5.331E-04        0.165
9            -4.1118351850E+00        3.404E-04        0.183
10           -4.1117958083E+00        1.690E-04        0.161
11           -4.1117788265E+00        9.397E-05        0.147
12           -4.1117523845E+00        5.454E-05        0.650
13           -4.1117705403E+00        2.614E-05        0.151
14           -4.1117616974E+00        2.361E-05        0.187
15           -4.1117620173E+00        1.263E-05        0.186
16           -4.1117593402E+00        7.984E-06        0.144
17           -4.1117583956E+00        4.468E-06        0.141
18           -4.1117584620E+00        3.300E-06        0.142
19           -4.1117587388E+00        1.801E-06        0.134
20           -4.1117584419E+00        1.335E-06        0.141
21           -4.1117580506E+00        6.720E-07        0.073
Total number of SCF: 21    

k = [0.000, 0.000, 0.000]
Occupation of state 12 = 0.000000000000000.
Occupation of state 13 = 0.000000000000000.
Exx outer loop error: 1.4881836323e-04 

No.3 Exx outer loop: 
1            -4.1117588406E+00        2.660E-05        0.169
2            -4.1117627411E+00        8.788E-05        0.139
3            -4.1117678640E+00        1.013E-04        0.154
4            -4.1117707553E+00        9.533E-05        0.142
5            -4.1117739296E+00        7.577E-05        0.147
6            -4.1117758433E+00        6.116E-05        0.141
7            -4.1117797341E+00        6.589E-05        0.141
8            -4.1117757412E+00        5.801E-05        0.134
9            -4.1117709274E+00        5.730E-05        0.171
10           -4.1117797888E+00        2.563E-05        0.137
11           -4.1117735851E+00        1.696E-05        0.148
12           -4.1117663603E+00        8.448E-06        0.142
13           -4.1117605613E+00        4.487E-06        0.151
14           -4.1117598718E+00        2.933E-06        0.147
15           -4.1117588623E+00        1.596E-06        0.146
16           -4.1117581219E+00        8.148E-07        0.075
Total number of SCF: 16    

k = [0.000, 0.000, 0.000]
Occupation of state 12 = 0.000000000000000.
Occupation of state 13 = 0.000000000000000.
Exx outer loop error: 1.5060500077e-05 
====================================================================
                    Energy and force calculation                    
====================================================================
Free energy per atom               : -4.1117525719E+00 (Ha/atom)
Total free energy                  : -2.4670515431E+01 (Ha)
Band structure energy              : -7.4419309333E+00 (Ha)
Exchange correlation energy        : -7.4980374363E+00 (Ha)
Self and correction energy         : -4.0181918673E+01 (Ha)
Entropy*kb*T                       : -4.0001147237E-11 (Ha)
Fermi level                        : -2.4711290838E-01 (Ha)
RMS force                          :  7.0166990383E-03 (Ha/Bohr)
Maximum force                      :  1.3976921302E-02 (Ha/Bohr)
Time for force calculation         :  0.012 (sec)
***************************************************************************
                               Timing info                                 
***************************************************************************
Total walltime                     :  18.242 sec
___________________________________________________________________________

***************************************************************************
*             Material Physics & Mechanics Group, Georgia Tech            *
*                       PI: Phanish Suryanarayana                         *
*                Main Developers: Qimen Xu, Abhiraj Sharma                *
*     Collaborators: J.E. Pask (LLNL), A.J. Medford (GT), E. Chow (GT)    *
*  Acknowledgements: U.S. DOE (DE-SC0019410); U.S. NSF (1333500,1553212)  *
***************************************************************************
                                                                           
