***************************************************************************
*                       SPARC (version Nov 19, 2021)                      *
*   Copyright (c) 2020 Material Physics & Mechanics Group, Georgia Tech   *
*           Distributed under GNU General Public License 3 (GPL)          *
*                   Start time: Tue Dec 14 14:44:53 2021                  *
***************************************************************************
                           Input parameters                                
***************************************************************************
CELL: 12.4338823950489 11.2657846029438 47.5378507412217 
LATVEC:
1.000000000000000 0.000000000000000 0.000000000000000 
-0.000130020950961 0.999999991547276 0.000000000000000 
0.000000000000000 -0.000000000000000 1.000000000000000 
FD_GRID: 66 60 252
FD_ORDER: 12
BC: P P D
KPOINT_GRID: 4 4 1
KPOINT_SHIFT: 0 0 0
SPIN_TYP: 1
ELEC_TEMP_TYPE: Gaussian
SMEARING: 0.007349864435
CHEB_DEGREE: 37
NSTATES: 234
EXCHANGE_CORRELATION: HSE
CALC_STRESS: 0
CALC_PRES: 0
CHEFSI_BOUND_FLAG: 0
MAXIT_SCF: 100
MINIT_SCF: 3
MAXIT_POISSON: 3000
TOL_SCF: 1.00E-06
POISSON_SOLVER: AAR
TOL_POISSON: 1.00E-08
TOL_LANCZOS: 1.00E-02
TOL_PSEUDOCHARGE: 1.00E-08
MIXING_VARIABLE: density
MIXING_PRECOND: kerker
MIXING_PRECOND_MAG: none
TOL_PRECOND: 3.54E-05
PRECOND_KERKER_KTF: 1
PRECOND_KERKER_THRESH: 0.1
MIXING_PARAMETER: 0.3
MIXING_PARAMETER_MAG: 0.3
MIXING_HISTORY: 7
PULAY_FREQUENCY: 1
PULAY_RESTART: 0
REFERENCE_CUTOFF: 0.5
RHO_TRIGGER: 4
FIX_RAND: 0
VERBOSITY: 1
PRINT_FORCES: 1
PRINT_ATOMS: 1
PRINT_EIGEN: 1
PRINT_DENSITY: 0
PRINT_ENERGY_DENSITY: 0
TOL_FOCK: 5.00E-05
TOL_SCF_INIT: 1.00E-04
MAXIT_FOCK: 1000
EXX_METHOD: FOURIER_SPACE
EXX_DIVERGENCE: AUXILIARY
ACE_FLAG: 1
EXX_ACE_MEM: 1
EXX_ACE_VALENCE_STATES: 10000
EXX_DOWNSAMPLING: 1 1 1
EXX_RANGE_FOCK: 0.106000
EXX_RANGE_PBE: 0.106000
OUTPUT_FILE: sprc-calc
***************************************************************************
                                Cell                                       
***************************************************************************
Lattice vectors (Bohr):
12.433882395048860 0.000000000000000 0.000000000000000 
-0.001464788027397 11.265784507717260 0.000000000000000 
0.000000000000000 -0.000000000000000 47.537850741221725 
Volume                  :  6.6589804186E+03 (Bohr^3)
***************************************************************************
                           Parallelization                                 
***************************************************************************
NP_SPIN_PARAL: 2
NP_KPOINT_PARAL: 10
NP_BAND_PARAL: 1
NP_DOMAIN_PARAL: 2 1 8
NP_DOMAIN_PHI_PARAL: 4 4 21
EIG_SERIAL_MAXNS: 1500
***************************************************************************
                             Initialization                                
***************************************************************************
Number of processors               :  336
Mesh spacing in x-direction        :  0.188392 (Bohr)
Mesh spacing in y-direction        :  0.187763 (Bohr)
Mesh spacing in z direction        :  0.188642 (Bohr)
Number of symmetry adapted k-points:  10
Output printed to                  :  sprc-calc.out
Final eigenvalues printed to       :  sprc-calc.eigen
Total number of atom types         :  4
Total number of atoms              :  49
Total number of electrons          :  383
Atom type 1  (valence electrons)   :  C 4
Pseudopotential                    :  C.psp8
Pseudocharge radii of atom type 1  :  6.78 6.76 6.79 (x, y, z dir)
Number of atoms of type 1          :  1
Atom type 2  (valence electrons)   :  H 1
Pseudopotential                    :  H.psp8
Pseudocharge radii of atom type 2  :  3.77 3.76 3.77 (x, y, z dir)
Number of atoms of type 2          :  1
Atom type 3  (valence electrons)   :  O 6
Pseudopotential                    :  O.psp8
Pseudocharge radii of atom type 3  :  6.78 6.76 6.79 (x, y, z dir)
Number of atoms of type 3          :  31
Atom type 4  (valence electrons)   :  Ti 12
Pseudopotential                    :  Ti.psp8
Pseudocharge radii of atom type 4  :  6.78 6.76 6.79 (x, y, z dir)
Number of atoms of type 4          :  16
Estimated total memory usage       :  440.02 GB
Estimated memory per processor     :  1.31 GB
========================================================================================
                    Self Consistent Field (SCF#1)                     
========================================================================================
Iteration     Free Energy (Ha/atom)    Magnetization     SCF Error        Timing (sec)
1            -2.9545507528E+01         4.6125E+00        4.258E-01        342.455
2            -3.0709248744E+01        -1.4205E+00        4.369E-01        79.653
3            -3.0015525592E+01         5.6181E+00        3.287E-01        80.226
4            -2.9753980156E+01         8.2402E+00        2.922E-01        80.443
5            -2.9915940193E+01         9.4813E+00        2.040E-01        79.695
6            -2.9920713831E+01         1.8781E+00        1.771E-01        80.070
7            -2.9927301655E+01         3.7302E+00        1.448E-01        85.797
8            -2.9928749213E+01         4.6907E+00        1.214E-01        79.789
9            -2.9927515133E+01         4.6502E+00        9.712E-02        81.470
10           -2.9909915581E+01         3.4418E+00        8.447E-02        79.732
11           -2.9886222422E+01         8.4136E-01        6.850E-02        80.455
12           -2.9863670341E+01        -7.3047E-01        6.390E-02        80.549
13           -2.9861171129E+01        -1.0554E+00        5.283E-02        79.844
14           -2.9840851894E+01        -1.1387E+00        4.988E-02        82.595
15           -2.9813879962E+01        -1.8348E+00        3.672E-02        88.409
16           -2.9789061408E+01        -1.0549E+00        3.569E-02        83.076
17           -2.9750831180E+01        -1.1108E+00        2.733E-02        80.691
18           -2.9714585624E+01        -2.1857E+00        1.701E-02        81.730
19           -2.9699437128E+01        -1.7283E+00        1.490E-02        80.149
20           -2.9687051725E+01        -2.1874E+00        1.240E-02        81.286
21           -2.9664535404E+01        -1.1988E+00        1.307E-02        103.166
22           -2.9658861638E+01        -1.6931E+00        7.937E-03        80.485
23           -2.9648289497E+01        -1.0067E+00        1.244E-02        80.486
24           -2.9642575091E+01        -1.0027E+00        1.108E-02        80.108
25           -2.9632534146E+01        -9.9966E-01        8.250E-03        81.604
26           -2.9631989815E+01        -9.9932E-01        7.711E-03        80.086
27           -2.9627489640E+01        -2.3978E-01        3.012E-02        80.326
28           -2.9627105449E+01        -2.0071E-01        2.225E-02        80.104
29           -2.9628575388E+01        -2.8304E-01        4.223E-02        79.926
30           -2.9629641253E+01        -2.9750E-01        5.718E-02        80.588
31           -2.9655529068E+01        -2.1534E-01        1.331E-01        79.945
32           -2.9659799835E+01        -2.5492E-01        1.388E-01        80.312
33           -2.9630070235E+01        -1.0008E+00        7.509E-03        80.250
34           -2.9629584188E+01        -1.0017E+00        5.023E-03        80.888
35           -2.9628787377E+01        -1.0018E+00        4.790E-03        80.098
36           -2.9627467286E+01        -1.0009E+00        3.475E-03        80.619
37           -2.9625812148E+01        -1.0119E+00        2.687E-03        79.981
38           -2.9625112804E+01        -1.0085E+00        2.130E-03        80.068
39           -2.9623943121E+01        -1.0194E+00        1.925E-03        80.297
40           -2.9623345874E+01        -1.0204E+00        1.693E-03        79.809
41           -2.9622803733E+01        -1.0111E+00        1.268E-03        81.826
42           -2.9622429801E+01        -1.0133E+00        7.378E-04        79.777
43           -2.9622387148E+01        -1.0060E+00        6.456E-04        80.467
44           -2.9622154281E+01        -1.0041E+00        4.354E-04        79.903
45           -2.9622092458E+01        -1.0024E+00        3.102E-04        80.869
46           -2.9621994529E+01        -1.0028E+00        2.149E-04        79.865
47           -2.9621961902E+01        -1.0022E+00        1.533E-04        79.869
48           -2.9621894893E+01        -1.0023E+00        9.600E-05        79.594
Total number of SCF: 48    

k = [-0.250, -0.250, 0.000]
Occupation of state 211 = 0.000000000000000.
Occupation of state 234 = 0.000000000000000.

No.1 Exx outer loop: 
1            -2.9414829195E+01        -1.0000E+00        1.432E-02        123.508
2            -2.9405928377E+01        -1.0000E+00        1.362E-02        119.120
3            -2.9484252621E+01        -1.6589E-01        1.920E-01        119.223
4            -2.9444544185E+01        -2.6767E-01        1.349E-01        118.962
5            -2.9446693883E+01        -2.7603E-01        1.421E-01        118.888
6            -2.9444116501E+01        -2.6872E-01        1.345E-01        120.695
7            -2.9434213729E+01        -1.0924E-01        9.213E-02        119.084
8            -2.9408172172E+01        -1.0000E+00        1.167E-02        119.665
9            -2.9412899827E+01        -9.2127E-01        1.101E-02        119.107
10           -2.9414716823E+01        -8.0083E-02        2.364E-02        119.112
11           -2.9415243765E+01        -1.4094E-01        3.095E-02        119.394
12           -2.9415429227E+01        -1.4458E-01        3.179E-02        119.116
13           -2.9415108098E+01        -9.3474E-02        2.522E-02        118.984
14           -2.9414401392E+01        -1.2031E-01        1.844E-02        119.519
15           -2.9414207664E+01        -3.5512E-01        1.506E-02        120.130
16           -2.9412939488E+01        -9.9999E-01        5.129E-03        119.834
17           -2.9414820665E+01        -1.0000E+00        2.908E-03        119.006
18           -2.9416350391E+01        -1.0000E+00        1.871E-03        119.154
19           -2.9416735003E+01        -1.0000E+00        1.587E-03        119.344
20           -2.9416707004E+01        -1.0000E+00        1.404E-03        118.758
21           -2.9416698966E+01        -1.0000E+00        1.365E-03        120.448
22           -2.9416507277E+01        -1.0000E+00        8.492E-04        118.925
23           -2.9416483580E+01        -1.0000E+00        5.439E-04        118.818
24           -2.9416465247E+01        -1.0000E+00        3.296E-04        120.073
25           -2.9416461018E+01        -1.0000E+00        2.310E-04        119.038
26           -2.9416435168E+01        -1.0000E+00        1.535E-04        118.763
27           -2.9416423319E+01        -1.0000E+00        9.479E-05        118.807
28           -2.9416422457E+01        -1.0000E+00        5.179E-05        119.049
29           -2.9416416981E+01        -1.0000E+00        3.055E-05        119.719
30           -2.9416408144E+01        -1.0000E+00        2.029E-05        119.844
31           -2.9416401586E+01        -1.0000E+00        1.518E-05        120.217
32           -2.9416395110E+01        -1.0000E+00        1.090E-05        119.701
33           -2.9416390849E+01        -1.0000E+00        7.901E-06        119.556
34           -2.9416388503E+01        -1.0000E+00        6.199E-06        119.304
35           -2.9416384043E+01        -1.0000E+00        3.290E-06        119.050
36           -2.9416383619E+01        -1.0000E+00        2.541E-06        120.143
37           -2.9416383460E+01        -1.0000E+00        2.189E-06        118.540
38           -2.9416383853E+01        -1.0000E+00        1.769E-06        119.459
39           -2.9416383907E+01        -1.0000E+00        1.578E-06        120.321
40           -2.9416383654E+01        -1.0000E+00        1.332E-06        118.775
41           -2.9416383635E+01        -1.0000E+00        1.015E-06        118.483
42           -2.9416383808E+01        -1.0000E+00        6.906E-07        118.858
Total number of SCF: 42    

k = [-0.250, -0.250, 0.000]
Occupation of state 211 = 0.000000000000000.
Occupation of state 234 = 0.000000000000000.
Exx outer loop error: 6.3463537284e-01 

No.2 Exx outer loop: 
1            -2.9416682930E+01        -1.0000E+00        1.511E-03        123.102
2            -2.9415930470E+01        -1.0000E+00        1.624E-03        119.510
3            -2.9416106476E+01        -1.0000E+00        1.366E-03        119.472
4            -2.9416481346E+01        -1.0000E+00        7.089E-04        120.158
5            -2.9416701346E+01        -1.0000E+00        5.438E-04        119.453
6            -2.9416940178E+01        -1.0000E+00        2.434E-04        119.167
7            -2.9416832925E+01        -1.0000E+00        1.473E-04        119.054
8            -2.9416742212E+01        -1.0000E+00        1.346E-04        119.449
9            -2.9416750153E+01        -1.0000E+00        1.202E-04        119.701
10           -2.9416736607E+01        -1.0000E+00        7.783E-05        118.921
11           -2.9416738675E+01        -1.0000E+00        1.068E-04        118.671
12           -2.9416740477E+01        -1.0000E+00        1.236E-04        118.855
13           -2.9416730393E+01        -1.0000E+00        8.460E-05        119.292
14           -2.9416726478E+01        -1.0000E+00        6.266E-05        118.745
15           -2.9416707336E+01        -1.0000E+00        3.694E-05        119.970
16           -2.9416691875E+01        -1.0000E+00        2.613E-05        119.697
17           -2.9416682849E+01        -1.0000E+00        2.275E-05        119.239
18           -2.9416678648E+01        -1.0000E+00        2.285E-05        118.924
19           -2.9416671619E+01        -1.0000E+00        1.122E-05        120.836
20           -2.9416666066E+01        -1.0000E+00        1.344E-05        119.064
21           -2.9416659418E+01        -1.0000E+00        3.714E-06        119.384
22           -2.9416658073E+01        -1.0000E+00        3.313E-06        118.937
23           -2.9416657082E+01        -1.0000E+00        1.377E-06        119.566
24           -2.9416656829E+01        -1.0000E+00        8.414E-07        118.364
Total number of SCF: 24    

k = [-0.250, -0.250, 0.000]
Occupation of state 211 = 0.000000000000000.
Occupation of state 234 = 0.000000000000000.
Exx outer loop error: 1.2323768419e-02 

No.3 Exx outer loop: 
1            -2.9416687887E+01        -1.0000E+00        2.183E-04        124.038
2            -2.9416613150E+01        -1.0000E+00        3.263E-04        121.847
3            -2.9416670635E+01        -1.0000E+00        4.034E-04        119.274
4            -2.9416737254E+01        -1.0000E+00        2.841E-04        119.779
5            -2.9416744318E+01        -1.0000E+00        1.853E-04        121.035
6            -2.9416732924E+01        -1.0000E+00        1.504E-04        125.518
7            -2.9416740206E+01        -1.0000E+00        9.528E-05        122.299
8            -2.9416719515E+01        -1.0000E+00        7.633E-05        120.661
9            -2.9416715407E+01        -1.0000E+00        6.056E-05        120.179
10           -2.9416698214E+01        -1.0000E+00        3.446E-05        119.681
11           -2.9416677664E+01        -1.0000E+00        2.112E-05        133.032
12           -2.9416676196E+01        -1.0000E+00        1.257E-05        120.403
13           -2.9416675202E+01        -1.0000E+00        8.563E-06        119.210
14           -2.9416674089E+01        -1.0000E+00        6.258E-06        118.601
15           -2.9416671460E+01        -1.0000E+00        4.793E-06        135.551
16           -2.9416669847E+01        -1.0000E+00        3.356E-06        119.074
17           -2.9416668800E+01        -1.0000E+00        2.853E-06        118.615
18           -2.9416668355E+01        -1.0000E+00        2.476E-06        118.559
19           -2.9416667173E+01        -1.0000E+00        1.777E-06        118.771
20           -2.9416666139E+01        -1.0000E+00        1.185E-06        118.705
21           -2.9416665342E+01        -1.0000E+00        7.130E-07        119.631
Total number of SCF: 21    

k = [-0.250, -0.250, 0.000]
Occupation of state 211 = 0.000000000000000.
Occupation of state 234 = 0.000000000000000.
Exx outer loop error: 1.5950765915e-03 

No.4 Exx outer loop: 
1            -2.9416670769E+01        -1.0000E+00        4.399E-05        122.746
2            -2.9416663641E+01        -1.0000E+00        9.701E-05        118.295
3            -2.9416675228E+01        -1.0000E+00        1.232E-04        118.510
4            -2.9416681343E+01        -1.0000E+00        1.102E-04        118.346
5            -2.9416667917E+01        -1.0000E+00        8.936E-05        118.477
6            -2.9416666526E+01        -1.0000E+00        6.814E-05        118.637
7            -2.9416668128E+01        -1.0000E+00        4.568E-05        118.126
8            -2.9416666647E+01        -1.0000E+00        3.630E-05        118.492
9            -2.9416664952E+01        -1.0000E+00        2.972E-05        118.240
10           -2.9416661119E+01        -1.0000E+00        7.402E-06        120.434
11           -2.9416663699E+01        -1.0000E+00        3.977E-06        118.251
12           -2.9416663687E+01        -1.0000E+00        2.973E-06        118.071
13           -2.9416664171E+01        -1.0000E+00        1.846E-06        118.720
14           -2.9416664691E+01        -1.0000E+00        1.263E-06        117.843
15           -2.9416665323E+01        -1.0000E+00        9.603E-07        118.561
Total number of SCF: 15    

k = [-0.250, -0.250, 0.000]
Occupation of state 211 = 0.000000000000000.
Occupation of state 234 = 0.000000000000000.
Exx outer loop error: 3.9037243725e-04 

No.5 Exx outer loop: 
1            -2.9416666160E+01        -1.0000E+00        1.546E-05        154.601
2            -2.9416666163E+01        -1.0000E+00        4.328E-05        147.410
3            -2.9416672385E+01        -1.0000E+00        4.040E-05        149.037
4            -2.9416671507E+01        -1.0000E+00        4.234E-05        154.587
5            -2.9416668849E+01        -1.0000E+00        4.295E-05        144.057
6            -2.9416667167E+01        -1.0000E+00        4.393E-05        150.096
7            -2.9416667202E+01        -1.0000E+00        4.473E-05        118.243
8            -2.9416667404E+01        -1.0000E+00        4.301E-05        118.777
9            -2.9416669201E+01        -1.0000E+00        4.487E-05        118.455
10           -2.9416674049E+01        -1.0000E+00        1.938E-05        118.160
11           -2.9416665010E+01        -1.0000E+00        6.139E-06        118.224
12           -2.9416663494E+01        -1.0000E+00        3.555E-06        118.442
13           -2.9416663183E+01        -1.0000E+00        2.857E-06        118.128
14           -2.9416663986E+01        -1.0000E+00        2.511E-06        118.710
15           -2.9416664699E+01        -1.0000E+00        2.140E-06        118.686
16           -2.9416664975E+01        -1.0000E+00        1.690E-06        118.355
17           -2.9416665162E+01        -1.0000E+00        1.353E-06        118.194
18           -2.9416665549E+01        -1.0000E+00        9.777E-07        117.918
Total number of SCF: 18    

k = [-0.250, -0.250, 0.000]
Occupation of state 211 = 0.000000000000000.
Occupation of state 234 = 0.000000000000000.
Exx outer loop error: 2.1890674234e-04 

No.6 Exx outer loop: 
1            -2.9416664960E+01        -1.0000E+00        8.611E-06        122.402
2            -2.9416666108E+01        -1.0000E+00        2.405E-05        118.105
3            -2.9416664529E+01        -1.0000E+00        2.129E-05        118.128
4            -2.9416664824E+01        -1.0000E+00        2.295E-05        118.488
5            -2.9416663436E+01        -1.0000E+00        1.984E-05        118.507
6            -2.9416663687E+01        -1.0000E+00        1.911E-05        118.778
7            -2.9416663642E+01        -1.0000E+00        1.811E-05        118.324
8            -2.9416664531E+01        -1.0000E+00        1.649E-05        118.119
9            -2.9416663853E+01        -1.0000E+00        1.890E-05        118.548
10           -2.9416669358E+01        -1.0000E+00        4.596E-06        118.686
11           -2.9416669210E+01        -1.0000E+00        3.123E-06        122.431
12           -2.9416668521E+01        -1.0000E+00        1.705E-06        118.503
13           -2.9416668561E+01        -1.0000E+00        1.198E-06        117.917
14           -2.9416668116E+01        -1.0000E+00        8.754E-07        118.420
Total number of SCF: 14    

k = [-0.250, -0.250, 0.000]
Occupation of state 211 = 0.000000000000000.
Occupation of state 234 = 0.000000000000000.
Exx outer loop error: 1.0931787444e-03 

No.7 Exx outer loop: 
1            -2.9416668828E+01        -1.0000E+00        6.662E-06        122.661
2            -2.9416668540E+01        -1.0000E+00        1.389E-05        117.556
3            -2.9416669515E+01        -1.0000E+00        6.031E-06        118.658
4            -2.9416669141E+01        -1.0000E+00        1.517E-06        118.016
5            -2.9416668843E+01        -1.0000E+00        1.343E-06        118.207
6            -2.9416668226E+01        -1.0000E+00        2.277E-06        118.312
7            -2.9416668170E+01        -1.0000E+00        1.640E-06        118.233
8            -2.9416667995E+01        -1.0000E+00        1.259E-06        120.086
9            -2.9416667789E+01        -1.0000E+00        6.647E-07        118.244
Total number of SCF: 9     

k = [-0.250, -0.250, 0.000]
Occupation of state 211 = 0.000000000000000.
Occupation of state 234 = 0.000000000000000.
Exx outer loop error: 2.2620140141e-04 

No.8 Exx outer loop: 
1            -2.9416668193E+01        -1.0000E+00        4.181E-06        122.388
2            -2.9416667870E+01        -1.0000E+00        8.265E-06        118.963
3            -2.9416667376E+01        -1.0000E+00        1.080E-06        118.298
4            -2.9416667294E+01        -1.0000E+00        6.630E-07        119.018
Total number of SCF: 4     

k = [-0.250, -0.250, 0.000]
Occupation of state 211 = 0.000000000000000.
Occupation of state 234 = 0.000000000000000.
Exx outer loop error: 2.7799913242e-04 

No.9 Exx outer loop: 
1            -2.9416667719E+01        -1.0000E+00        3.484E-06        142.982
2            -2.9416667240E+01        -1.0000E+00        5.545E-06        118.985
3            -2.9416666967E+01        -1.0000E+00        2.323E-06        118.772
4            -2.9416666971E+01        -1.0000E+00        1.317E-06        117.895
5            -2.9416667120E+01        -1.0000E+00        7.097E-07        117.873
Total number of SCF: 5     

k = [-0.250, -0.250, 0.000]
Occupation of state 211 = 0.000000000000000.
Occupation of state 234 = 0.000000000000000.
Exx outer loop error: 1.5525349481e-04 

No.10 Exx outer loop: 
1            -2.9416667349E+01        -1.0000E+00        3.756E-06        122.477
2            -2.9416667083E+01        -1.0000E+00        3.834E-06        117.797
3            -2.9416667072E+01        -1.0000E+00        1.030E-06        118.297
4            -2.9416667154E+01        -1.0000E+00        7.091E-07        118.073
Total number of SCF: 4     

k = [-0.250, -0.250, 0.000]
Occupation of state 211 = 0.000000000000000.
Occupation of state 234 = 0.000000000000000.
Exx outer loop error: 9.0621871821e-06 
====================================================================
                    Energy and force calculation                    
====================================================================
Free energy per atom               : -2.9416666844E+01 (Ha/atom)
Total free energy                  : -1.4414166753E+03 (Ha)
Band structure energy              : -3.7189021361E+02 (Ha)
Exchange correlation energy        : -1.6335945045E+02 (Ha)
Self and correction energy         : -1.8970440362E+03 (Ha)
Entropy*kb*T                       : -4.6339763725E-09 (Ha)
Fermi level                        : -2.0991816176E-01 (Ha)
RMS force                          :  2.1059141792E-02 (Ha/Bohr)
Maximum force                      :  9.4936784425E-02 (Ha/Bohr)
Time for force calculation         :  1.645 (sec)
***************************************************************************
                               Timing info                                 
***************************************************************************
Total walltime                     :  82775.365 sec
___________________________________________________________________________

***************************************************************************
*             Material Physics & Mechanics Group, Georgia Tech            *
*                       PI: Phanish Suryanarayana                         *
*                Main Developers: Qimen Xu, Abhiraj Sharma                *
*     Collaborators: J.E. Pask (LLNL), A.J. Medford (GT), E. Chow (GT)    *
*  Acknowledgements: U.S. DOE (DE-SC0019410); U.S. NSF (1333500,1553212)  *
***************************************************************************
                                                                           

***************************************************************************
*                       SPARC (version Mar 30, 2022)                      *
*   Copyright (c) 2020 Material Physics & Mechanics Group, Georgia Tech   *
*           Distributed under GNU General Public License 3 (GPL)          *
*                   Start time: Wed Mar 30 16:23:11 2022                  *
***************************************************************************
                           Input parameters                                
***************************************************************************
CELL: 12.4338823950489 11.2657846029438 47.5378507412217 
LATVEC:
1.000000000000000 0.000000000000000 0.000000000000000 
-0.000130020950961 0.999999991547276 0.000000000000000 
0.000000000000000 -0.000000000000000 1.000000000000000 
FD_GRID: 66 60 252
FD_ORDER: 12
BC: P P D
KPOINT_GRID: 4 4 1
KPOINT_SHIFT: 0 0 0
SPIN_TYP: 1
ELEC_TEMP_TYPE: Gaussian
SMEARING: 0.007349864435
CHEB_DEGREE: 37
NSTATES: 234
EXCHANGE_CORRELATION: HSE
CALC_STRESS: 0
CALC_PRES: 0
CHEFSI_BOUND_FLAG: 0
MAXIT_SCF: 100
MINIT_SCF: 3
MAXIT_POISSON: 3000
TOL_SCF: 1.00E-06
POISSON_SOLVER: AAR
TOL_POISSON: 1.00E-08
TOL_LANCZOS: 1.00E-02
TOL_PSEUDOCHARGE: 1.00E-08
MIXING_VARIABLE: density
MIXING_PRECOND: kerker
MIXING_PRECOND_MAG: none
TOL_PRECOND: 3.54E-05
PRECOND_KERKER_KTF: 1
PRECOND_KERKER_THRESH: 0.1
MIXING_PARAMETER: 0.3
MIXING_PARAMETER_MAG: 0.3
MIXING_HISTORY: 7
PULAY_FREQUENCY: 1
PULAY_RESTART: 0
REFERENCE_CUTOFF: 0.5
RHO_TRIGGER: 4
FIX_RAND: 0
VERBOSITY: 1
PRINT_FORCES: 1
PRINT_ATOMS: 1
PRINT_EIGEN: 1
PRINT_DENSITY: 0
PRINT_ENERGY_DENSITY: 0
TOL_FOCK: 5.00E-05
TOL_SCF_INIT: 1.00E-04
MAXIT_FOCK: 20
EXX_METHOD: FOURIER_SPACE
EXX_DIVERGENCE: AUXILIARY
ACE_FLAG: 1
EXX_ACE_MEM: 1
EXX_ACE_VALENCE_STATES: 10000
EXX_DOWNSAMPLING: 1 1 1
EXX_RANGE_FOCK: 0.106000
EXX_RANGE_PBE: 0.106000
OUTPUT_FILE: sprc-calc
***************************************************************************
                                Cell                                       
***************************************************************************
Lattice vectors (Bohr):
12.433882395048860 0.000000000000000 0.000000000000000 
-0.001464788027397 11.265784507717260 0.000000000000000 
0.000000000000000 -0.000000000000000 47.537850741221725 
Volume                  :  6.6589804186E+03 (Bohr^3)
***************************************************************************
                           Parallelization                                 
***************************************************************************
NP_SPIN_PARAL: 2
NP_KPOINT_PARAL: 10
NP_BAND_PARAL: 1
NP_DOMAIN_PARAL: 2 1 8
NP_DOMAIN_PHI_PARAL: 4 4 21
EIG_SERIAL_MAXNS: 1500
***************************************************************************
                             Initialization                                
***************************************************************************
Number of processors               :  336
Mesh spacing in x-direction        :  0.188392 (Bohr)
Mesh spacing in y-direction        :  0.187763 (Bohr)
Mesh spacing in z direction        :  0.188642 (Bohr)
Number of symmetry adapted k-points:  10
Output printed to                  :  sprc-calc.out_01
Final eigenvalues printed to       :  sprc-calc.eigen_01
Total number of atom types         :  4
Total number of atoms              :  49
Total number of electrons          :  383
Atom type 1  (valence electrons)   :  C 4
Pseudopotential                    :  C.psp8
Pseudocharge radii of atom type 1  :  6.78 6.76 6.79 (x, y, z dir)
Number of atoms of type 1          :  1
Atom type 2  (valence electrons)   :  H 1
Pseudopotential                    :  H.psp8
Pseudocharge radii of atom type 2  :  3.77 3.76 3.77 (x, y, z dir)
Number of atoms of type 2          :  1
Atom type 3  (valence electrons)   :  O 6
Pseudopotential                    :  O.psp8
Pseudocharge radii of atom type 3  :  6.78 6.76 6.79 (x, y, z dir)
Number of atoms of type 3          :  31
Atom type 4  (valence electrons)   :  Ti 12
Pseudopotential                    :  Ti.psp8
Pseudocharge radii of atom type 4  :  6.78 6.76 6.79 (x, y, z dir)
Number of atoms of type 4          :  16
Estimated total memory usage       :  440.02 GB
Estimated memory per processor     :  1.31 GB
========================================================================================
                    Self Consistent Field (SCF#1)                     
========================================================================================
Iteration     Free Energy (Ha/atom)    Magnetization     SCF Error        Timing (sec)
1            -2.9545507528E+01         4.6125E+00        4.258E-01        310.977
2            -3.0709248745E+01        -1.4205E+00        4.369E-01        78.087
3            -3.0015525592E+01         5.6181E+00        3.287E-01        78.155
4            -2.9753980156E+01         8.2402E+00        2.922E-01        78.643
5            -2.9915940192E+01         9.4813E+00        2.040E-01        78.101
6            -2.9920713832E+01         1.8781E+00        1.771E-01        78.297
7            -2.9927301656E+01         3.7302E+00        1.448E-01        78.141
8            -2.9928749213E+01         4.6907E+00        1.214E-01        78.079
9            -2.9927515135E+01         4.6502E+00        9.712E-02        77.986
10           -2.9909915583E+01         3.4418E+00        8.447E-02        78.069
11           -2.9886222423E+01         8.4136E-01        6.850E-02        78.073
12           -2.9863670338E+01        -7.3047E-01        6.390E-02        77.891
13           -2.9861171131E+01        -1.0554E+00        5.283E-02        78.260
14           -2.9840851901E+01        -1.1387E+00        4.988E-02        78.243
15           -2.9813879970E+01        -1.8348E+00        3.672E-02        78.307
16           -2.9789061410E+01        -1.0549E+00        3.569E-02        78.473
17           -2.9750831195E+01        -1.1108E+00        2.733E-02        84.217
18           -2.9714585629E+01        -2.1857E+00        1.701E-02        79.477
19           -2.9699437114E+01        -1.7283E+00        1.490E-02        78.557
20           -2.9687051709E+01        -2.1874E+00        1.240E-02        79.785
21           -2.9664535418E+01        -1.1988E+00        1.307E-02        78.481
22           -2.9658861606E+01        -1.6931E+00        7.937E-03        78.314
23           -2.9648289499E+01        -1.0067E+00        1.244E-02        79.395
24           -2.9642575102E+01        -1.0027E+00        1.108E-02        78.544
25           -2.9632534139E+01        -9.9966E-01        8.250E-03        78.306
26           -2.9631989826E+01        -9.9932E-01        7.711E-03        78.726
27           -2.9627489628E+01        -2.3978E-01        3.012E-02        78.180
28           -2.9627105449E+01        -2.0071E-01        2.225E-02        78.521
29           -2.9628575444E+01        -2.8305E-01        4.223E-02        78.205
30           -2.9629641329E+01        -2.9750E-01        5.718E-02        78.344
31           -2.9655529035E+01        -2.1535E-01        1.331E-01        78.209
32           -2.9659799815E+01        -2.5492E-01        1.388E-01        78.778
33           -2.9630070256E+01        -1.0008E+00        7.509E-03        78.375
34           -2.9629584227E+01        -1.0017E+00        5.023E-03        78.343
35           -2.9628787419E+01        -1.0018E+00        4.790E-03        78.378
36           -2.9627467319E+01        -1.0009E+00        3.475E-03        78.576
37           -2.9625812160E+01        -1.0119E+00        2.687E-03        78.185
38           -2.9625112789E+01        -1.0085E+00        2.130E-03        78.311
39           -2.9623943125E+01        -1.0194E+00        1.925E-03        81.195
40           -2.9623345874E+01        -1.0204E+00        1.693E-03        85.893
41           -2.9622803723E+01        -1.0111E+00        1.268E-03        79.487
42           -2.9622429813E+01        -1.0133E+00        7.377E-04        79.381
43           -2.9622387136E+01        -1.0060E+00        6.456E-04        81.033
44           -2.9622154305E+01        -1.0041E+00        4.354E-04        84.722
45           -2.9622092451E+01        -1.0024E+00        3.102E-04        99.703
46           -2.9621994525E+01        -1.0028E+00        2.149E-04        78.598
47           -2.9621961897E+01        -1.0022E+00        1.533E-04        78.227
48           -2.9621894892E+01        -1.0023E+00        9.599E-05        77.574
Total number of SCF: 48    

k = [-0.250, -0.250, 0.000]
Occupation of state 211 = 0.000000000000000.
Occupation of state 234 = 0.000000000000000.

No.1 Exx outer loop: 
1            -2.9414749449E+01        -1.0000E+00        1.432E-02        122.865
2            -2.9405846017E+01        -1.0000E+00        1.362E-02        119.174
3            -2.9484188770E+01        -1.6599E-01        1.920E-01        119.204
4            -2.9444513428E+01        -2.6773E-01        1.349E-01        119.474
5            -2.9446660158E+01        -2.7605E-01        1.421E-01        119.779
6            -2.9444080672E+01        -2.6875E-01        1.345E-01        119.389
7            -2.9434173063E+01        -1.0926E-01        9.213E-02        120.716
8            -2.9408091609E+01        -1.0000E+00        1.167E-02        119.390
9            -2.9412821586E+01        -9.2150E-01        1.101E-02        119.649
10           -2.9414631328E+01        -8.0312E-02        2.367E-02        119.636
11           -2.9415155786E+01        -1.4094E-01        3.095E-02        119.329
12           -2.9415341909E+01        -1.4461E-01        3.179E-02        119.417
13           -2.9415021890E+01        -9.3422E-02        2.521E-02        119.442
14           -2.9414317539E+01        -1.2008E-01        1.845E-02        119.078
15           -2.9414124587E+01        -3.5326E-01        1.508E-02        119.537
16           -2.9412857852E+01        -9.9999E-01        5.129E-03        119.341
17           -2.9414741296E+01        -1.0000E+00        2.908E-03        119.392
18           -2.9416270995E+01        -1.0000E+00        1.872E-03        119.164
19           -2.9416656983E+01        -1.0000E+00        1.588E-03        119.139
20           -2.9416628430E+01        -1.0000E+00        1.405E-03        118.926
21           -2.9416620134E+01        -1.0000E+00        1.367E-03        119.301
22           -2.9416421546E+01        -1.0000E+00        8.483E-04        121.892
23           -2.9416396684E+01        -1.0000E+00        5.431E-04        130.530
24           -2.9416378804E+01        -1.0000E+00        3.293E-04        129.143
25           -2.9416375562E+01        -1.0000E+00        2.312E-04        133.186
26           -2.9416349646E+01        -1.0000E+00        1.535E-04        146.102
27           -2.9416337662E+01        -1.0000E+00        9.499E-05        136.298
28           -2.9416336812E+01        -1.0000E+00        5.177E-05        123.371
29           -2.9416331350E+01        -1.0000E+00        3.055E-05        136.606
30           -2.9416322538E+01        -1.0000E+00        2.030E-05        119.539
31           -2.9416316039E+01        -1.0000E+00        1.522E-05        119.015
32           -2.9416309539E+01        -1.0000E+00        1.093E-05        129.014
33           -2.9416305233E+01        -1.0000E+00        7.884E-06        118.836
34           -2.9416302925E+01        -1.0000E+00        6.271E-06        119.569
35           -2.9416298298E+01        -1.0000E+00        3.225E-06        120.494
36           -2.9416297930E+01        -1.0000E+00        2.609E-06        121.409
37           -2.9416297741E+01        -1.0000E+00        2.244E-06        131.675
38           -2.9416298241E+01        -1.0000E+00        1.750E-06        133.465
39           -2.9416298293E+01        -1.0000E+00        1.474E-06        119.349
40           -2.9416297985E+01        -1.0000E+00        1.190E-06        119.682
41           -2.9416297996E+01        -1.0000E+00        8.120E-07        119.737
Total number of SCF: 41    

k = [-0.250, -0.250, 0.000]
Occupation of state 211 = 0.000000000000000.
Occupation of state 234 = 0.000000000000000.
Exx outer loop error: 6.3460983728e-01 

No.2 Exx outer loop: 
1            -2.9416597098E+01        -1.0000E+00        1.511E-03        123.201
2            -2.9415844056E+01        -1.0000E+00        1.624E-03        119.832
3            -2.9416072480E+01        -1.0000E+00        1.208E-03        120.107
4            -2.9416627515E+01        -1.0000E+00        6.633E-04        120.116
5            -2.9416831726E+01        -1.0000E+00        5.438E-04        120.025
6            -2.9416916566E+01        -1.0000E+00        3.019E-04        120.954
7            -2.9416688827E+01        -1.0000E+00        1.812E-04        120.019
8            -2.9416652270E+01        -1.0000E+00        1.062E-04        119.857
9            -2.9416630413E+01        -1.0000E+00        5.765E-05        119.628
10           -2.9416601457E+01        -1.0000E+00        3.764E-05        119.790
11           -2.9416590929E+01        -1.0000E+00        2.413E-05        119.918
12           -2.9416584467E+01        -1.0000E+00        1.546E-05        119.793
13           -2.9416577540E+01        -1.0000E+00        1.292E-05        119.553
14           -2.9416573490E+01        -1.0000E+00        1.089E-05        119.779
15           -2.9416573557E+01        -1.0000E+00        7.069E-06        119.545
16           -2.9416570667E+01        -1.0000E+00        4.459E-06        119.930
17           -2.9416568141E+01        -1.0000E+00        3.056E-06        119.711
18           -2.9416567821E+01        -1.0000E+00        1.976E-06        119.798
19           -2.9416567495E+01        -1.0000E+00        1.597E-06        119.504
20           -2.9416567687E+01        -1.0000E+00        1.103E-06        119.227
21           -2.9416567693E+01        -1.0000E+00        8.104E-07        121.018
Total number of SCF: 21    

k = [-0.250, -0.250, 0.000]
Occupation of state 211 = 0.000000000000000.
Occupation of state 234 = 0.000000000000000.
Exx outer loop error: 1.2142063949e-02 

No.3 Exx outer loop: 
1            -2.9416597586E+01        -1.0000E+00        2.175E-04        141.306
2            -2.9416523797E+01        -1.0000E+00        3.268E-04        119.277
3            -2.9416565324E+01        -1.0000E+00        3.649E-04        119.828
4            -2.9416722889E+01        -1.0000E+00        5.373E-04        119.715
5            -2.9416562585E+01        -1.0000E+00        3.638E-04        119.794
6            -2.9416557300E+01        -1.0000E+00        3.705E-04        119.960
7            -2.9416562520E+01        -1.0000E+00        3.747E-04        119.848
8            -2.9416563523E+01        -1.0000E+00        3.655E-04        123.057
9            -2.9416577424E+01        -1.0000E+00        2.928E-04        135.908
10           -2.9416600496E+01        -1.0000E+00        1.375E-04        121.937
11           -2.9416586902E+01        -1.0000E+00        6.740E-05        124.843
12           -2.9416588936E+01        -1.0000E+00        2.555E-05        131.564
13           -2.9416582834E+01        -1.0000E+00        1.324E-05        119.606
14           -2.9416580621E+01        -1.0000E+00        6.118E-06        119.393
15           -2.9416579471E+01        -1.0000E+00        4.417E-06        119.297
16           -2.9416578699E+01        -1.0000E+00        3.079E-06        119.660
17           -2.9416578136E+01        -1.0000E+00        2.021E-06        119.809
18           -2.9416577671E+01        -1.0000E+00        1.473E-06        119.137
19           -2.9416577246E+01        -1.0000E+00        1.226E-06        118.823
20           -2.9416576687E+01        -1.0000E+00        9.136E-07        118.412
Total number of SCF: 20    

k = [-0.250, -0.250, 0.000]
Occupation of state 211 = 0.000000000000000.
Occupation of state 234 = 0.000000000000000.
Exx outer loop error: 1.9846242200e-03 

No.4 Exx outer loop: 
1            -2.9416581540E+01        -1.0000E+00        4.461E-05        123.358
2            -2.9416575153E+01        -1.0000E+00        9.703E-05        118.901
3            -2.9416585145E+01        -1.0000E+00        1.230E-04        118.608
4            -2.9416580773E+01        -1.0000E+00        9.719E-05        118.607
5            -2.9416574798E+01        -1.0000E+00        7.646E-05        118.636
6            -2.9416577041E+01        -1.0000E+00        8.063E-05        118.813
7            -2.9416600990E+01        -1.0000E+00        8.104E-05        118.729
8            -2.9416576540E+01        -1.0000E+00        3.650E-05        119.132
9            -2.9416579401E+01        -1.0000E+00        1.852E-05        118.650
10           -2.9416579382E+01        -1.0000E+00        1.330E-05        119.053
11           -2.9416575287E+01        -1.0000E+00        3.036E-06        118.897
12           -2.9416575898E+01        -1.0000E+00        2.385E-06        145.296
13           -2.9416576870E+01        -1.0000E+00        1.515E-06        193.595
14           -2.9416577009E+01        -1.0000E+00        1.292E-06        172.238
15           -2.9416576936E+01        -1.0000E+00        9.217E-07        131.963
Total number of SCF: 15    

k = [-0.250, -0.250, 0.000]
Occupation of state 211 = 0.000000000000000.
Occupation of state 234 = 0.000000000000000.
Exx outer loop error: 2.0335044732e-05 
====================================================================
                    Energy and force calculation                    
====================================================================
Free energy per atom               : -2.9416564353E+01 (Ha/atom)
Total free energy                  : -1.4414116533E+03 (Ha)
Band structure energy              : -3.7188665153E+02 (Ha)
Exchange correlation energy        : -2.5454879428E+02 (Ha)
Self and correction energy         : -1.8970440362E+03 (Ha)
Entropy*kb*T                       : -4.6339837867E-09 (Ha)
Fermi level                        : -2.0993071696E-01 (Ha)
RMS force                          :  2.1040316891E-02 (Ha/Bohr)
Maximum force                      :  9.4900541093E-02 (Ha/Bohr)
Time for force calculation         :  1.615 (sec)
***************************************************************************
                               Timing info                                 
***************************************************************************
Total walltime                     :  39769.109 sec
___________________________________________________________________________

***************************************************************************
*             Material Physics & Mechanics Group, Georgia Tech            *
*                       PI: Phanish Suryanarayana                         *
*                Main Developers: Qimen Xu, Abhiraj Sharma                *
*     Collaborators: J.E. Pask (LLNL), A.J. Medford (GT), E. Chow (GT)    *
*  Acknowledgements: U.S. DOE (DE-SC0019410); U.S. NSF (1333500,1553212)  *
***************************************************************************
                                                                           

***************************************************************************
*                       SPARC (version Mar 30, 2022)                      *
*   Copyright (c) 2020 Material Physics & Mechanics Group, Georgia Tech   *
*           Distributed under GNU General Public License 3 (GPL)          *
*                   Start time: Tue Apr  5 09:55:15 2022                  *
***************************************************************************
                           Input parameters                                
***************************************************************************
CELL: 12.4338823950489 11.2657846029438 47.5378507412217 
LATVEC:
1.000000000000000 0.000000000000000 0.000000000000000 
-0.000130020950961 0.999999991547276 0.000000000000000 
0.000000000000000 -0.000000000000000 1.000000000000000 
FD_GRID: 66 60 252
FD_ORDER: 12
BC: P P D
KPOINT_GRID: 4 4 1
KPOINT_SHIFT: 0 0 0
SPIN_TYP: 1
ELEC_TEMP_TYPE: Gaussian
SMEARING: 0.007349864435
CHEB_DEGREE: 37
NSTATES: 234
EXCHANGE_CORRELATION: HSE
CALC_STRESS: 0
CALC_PRES: 0
CHEFSI_BOUND_FLAG: 0
MAXIT_SCF: 100
MINIT_SCF: 3
MAXIT_POISSON: 3000
TOL_SCF: 1.00E-06
POISSON_SOLVER: AAR
TOL_POISSON: 1.00E-08
TOL_LANCZOS: 1.00E-02
TOL_PSEUDOCHARGE: 1.00E-08
MIXING_VARIABLE: density
MIXING_PRECOND: kerker
MIXING_PRECOND_MAG: none
TOL_PRECOND: 3.54E-05
PRECOND_KERKER_KTF: 1
PRECOND_KERKER_THRESH: 0.1
MIXING_PARAMETER: 0.3
MIXING_PARAMETER_MAG: 0.3
MIXING_HISTORY: 7
PULAY_FREQUENCY: 1
PULAY_RESTART: 0
REFERENCE_CUTOFF: 0.5
RHO_TRIGGER: 4
FIX_RAND: 0
VERBOSITY: 1
PRINT_FORCES: 1
PRINT_ATOMS: 1
PRINT_EIGEN: 1
PRINT_DENSITY: 0
PRINT_ENERGY_DENSITY: 0
TOL_FOCK: 5.00E-05
TOL_SCF_INIT: 1.00E-04
MAXIT_FOCK: 20
EXX_METHOD: FOURIER_SPACE
EXX_DIVERGENCE: AUXILIARY
ACE_FLAG: 1
EXX_ACE_MEM: 1
EXX_ACE_VALENCE_STATES: 10000
EXX_DOWNSAMPLING: 1 1 1
EXX_RANGE_FOCK: 0.106000
EXX_RANGE_PBE: 0.106000
OUTPUT_FILE: sprc-calc
***************************************************************************
                                Cell                                       
***************************************************************************
Lattice vectors (Bohr):
12.433882395048860 0.000000000000000 0.000000000000000 
-0.001464788027397 11.265784507717260 0.000000000000000 
0.000000000000000 -0.000000000000000 47.537850741221725 
Volume                  :  6.6589804186E+03 (Bohr^3)
***************************************************************************
                           Parallelization                                 
***************************************************************************
NP_SPIN_PARAL: 2
NP_KPOINT_PARAL: 10
NP_BAND_PARAL: 1
NP_DOMAIN_PARAL: 2 1 8
NP_DOMAIN_PHI_PARAL: 4 4 21
EIG_SERIAL_MAXNS: 1500
***************************************************************************
                             Initialization                                
***************************************************************************
Number of processors               :  336
Mesh spacing in x-direction        :  0.188392 (Bohr)
Mesh spacing in y-direction        :  0.187763 (Bohr)
Mesh spacing in z direction        :  0.188642 (Bohr)
Number of symmetry adapted k-points:  10
Output printed to                  :  sprc-calc.out_01
Final eigenvalues printed to       :  sprc-calc.eigen_01
Total number of atom types         :  4
Total number of atoms              :  49
Total number of electrons          :  383
Atom type 1  (valence electrons)   :  C 4
Pseudopotential                    :  C.psp8
Pseudocharge radii of atom type 1  :  6.78 6.76 6.79 (x, y, z dir)
Number of atoms of type 1          :  1
Atom type 2  (valence electrons)   :  H 1
Pseudopotential                    :  H.psp8
Pseudocharge radii of atom type 2  :  3.77 3.76 3.77 (x, y, z dir)
Number of atoms of type 2          :  1
Atom type 3  (valence electrons)   :  O 6
Pseudopotential                    :  O.psp8
Pseudocharge radii of atom type 3  :  6.78 6.76 6.79 (x, y, z dir)
Number of atoms of type 3          :  31
Atom type 4  (valence electrons)   :  Ti 12
Pseudopotential                    :  Ti.psp8
Pseudocharge radii of atom type 4  :  6.78 6.76 6.79 (x, y, z dir)
Number of atoms of type 4          :  16
Estimated total memory usage       :  440.02 GB
Estimated memory per processor     :  1.31 GB
========================================================================================
                    Self Consistent Field (SCF#1)                     
========================================================================================
Iteration     Free Energy (Ha/atom)    Magnetization     SCF Error        Timing (sec)
1            -2.9545507528E+01         4.6125E+00        4.258E-01        294.496
2            -3.0709248745E+01        -1.4205E+00        4.369E-01        72.371
3            -3.0015525592E+01         5.6181E+00        3.287E-01        72.404
4            -2.9753980156E+01         8.2402E+00        2.922E-01        72.666
5            -2.9915940195E+01         9.4813E+00        2.040E-01        74.002
6            -2.9920713830E+01         1.8781E+00        1.771E-01        75.908
7            -2.9927301655E+01         3.7302E+00        1.448E-01        72.852
8            -2.9928749211E+01         4.6907E+00        1.214E-01        72.329
9            -2.9927515133E+01         4.6502E+00        9.712E-02        72.302
10           -2.9909915585E+01         3.4418E+00        8.447E-02        72.312
11           -2.9886222415E+01         8.4136E-01        6.850E-02        72.526
12           -2.9863670318E+01        -7.3047E-01        6.390E-02        72.437
13           -2.9861171127E+01        -1.0554E+00        5.283E-02        72.617
14           -2.9840851921E+01        -1.1387E+00        4.988E-02        73.144
15           -2.9813879999E+01        -1.8348E+00        3.672E-02        73.056
16           -2.9789061408E+01        -1.0549E+00        3.569E-02        73.081
17           -2.9750831239E+01        -1.1108E+00        2.733E-02        73.005
18           -2.9714585669E+01        -2.1857E+00        1.701E-02        72.976
19           -2.9699437083E+01        -1.7283E+00        1.490E-02        72.465
20           -2.9687051688E+01        -2.1874E+00        1.240E-02        73.851
21           -2.9664535359E+01        -1.1988E+00        1.307E-02        75.032
22           -2.9658861580E+01        -1.6931E+00        7.937E-03        75.810
23           -2.9648289470E+01        -1.0067E+00        1.244E-02        72.552
24           -2.9642575149E+01        -1.0027E+00        1.108E-02        72.470
25           -2.9632534191E+01        -9.9966E-01        8.250E-03        72.517
26           -2.9631989854E+01        -9.9932E-01        7.711E-03        72.558
27           -2.9627489608E+01        -2.3978E-01        3.012E-02        72.086
28           -2.9627105432E+01        -2.0071E-01        2.225E-02        72.195
29           -2.9628575397E+01        -2.8304E-01        4.223E-02        72.717
30           -2.9629641333E+01        -2.9750E-01        5.718E-02        72.618
31           -2.9655528969E+01        -2.1534E-01        1.331E-01        72.406
32           -2.9659799723E+01        -2.5492E-01        1.388E-01        72.695
33           -2.9630070238E+01        -1.0008E+00        7.509E-03        73.051
34           -2.9629584173E+01        -1.0017E+00        5.023E-03        75.943
35           -2.9628787339E+01        -1.0018E+00        4.790E-03        72.251
36           -2.9627467223E+01        -1.0009E+00        3.475E-03        76.521
37           -2.9625812078E+01        -1.0119E+00        2.687E-03        72.456
38           -2.9625112751E+01        -1.0085E+00        2.130E-03        72.500
39           -2.9623943114E+01        -1.0194E+00        1.925E-03        73.015
40           -2.9623345847E+01        -1.0204E+00        1.693E-03        72.643
41           -2.9622803758E+01        -1.0112E+00        1.268E-03        72.943
42           -2.9622429807E+01        -1.0133E+00        7.378E-04        72.927
43           -2.9622387180E+01        -1.0060E+00        6.456E-04        72.896
44           -2.9622154315E+01        -1.0041E+00        4.354E-04        72.864
45           -2.9622092468E+01        -1.0024E+00        3.102E-04        73.809
46           -2.9621994537E+01        -1.0028E+00        2.149E-04        74.661
47           -2.9621961905E+01        -1.0022E+00        1.533E-04        73.682
48           -2.9621894902E+01        -1.0023E+00        9.600E-05        71.784
Total number of SCF: 48    

k = [-0.250, -0.250, 0.000]
Occupation of state 211 = 0.000000000000000.
Occupation of state 234 = 0.000000000000000.

No.1 Exx outer loop: 
1            -2.9414749450E+01        -1.0000E+00        1.432E-02        121.060
2            -2.9405846011E+01        -1.0000E+00        1.362E-02        115.089
3            -2.9484163227E+01        -1.6611E-01        1.920E-01        114.965
4            -2.9444498885E+01        -2.6765E-01        1.349E-01        115.386
5            -2.9446649038E+01        -2.7603E-01        1.421E-01        115.437
6            -2.9444062162E+01        -2.6867E-01        1.344E-01        115.494
7            -2.9434164365E+01        -1.0905E-01        9.209E-02        115.704
8            -2.9408091142E+01        -1.0000E+00        1.167E-02        115.736
9            -2.9412819765E+01        -9.2108E-01        1.101E-02        117.330
10           -2.9414625649E+01        -7.9770E-02        2.361E-02        115.460
11           -2.9415153345E+01        -1.4085E-01        3.094E-02        115.286
12           -2.9415339894E+01        -1.4446E-01        3.178E-02        116.424
13           -2.9415020410E+01        -9.3155E-02        2.518E-02        116.017
14           -2.9414317617E+01        -1.2029E-01        1.844E-02        119.779
15           -2.9414126679E+01        -3.5813E-01        1.501E-02        115.912
16           -2.9412861064E+01        -9.9999E-01        5.128E-03        115.835
17           -2.9414740661E+01        -1.0000E+00        2.908E-03        119.698
18           -2.9416273876E+01        -1.0000E+00        1.871E-03        124.795
19           -2.9416657674E+01        -1.0000E+00        1.588E-03        115.385
20           -2.9416628335E+01        -1.0000E+00        1.406E-03        115.281
21           -2.9416619643E+01        -1.0000E+00        1.366E-03        115.469
22           -2.9416420647E+01        -1.0000E+00        8.480E-04        115.391
23           -2.9416395582E+01        -1.0000E+00        5.449E-04        115.498
24           -2.9416377972E+01        -1.0000E+00        3.286E-04        115.772
25           -2.9416374783E+01        -1.0000E+00        2.313E-04        115.577
26           -2.9416350332E+01        -1.0000E+00        1.537E-04        115.436
27           -2.9416338373E+01        -1.0000E+00        9.428E-05        115.658
28           -2.9416336782E+01        -1.0000E+00        5.194E-05        115.708
29           -2.9416331163E+01        -1.0000E+00        3.033E-05        115.689
30           -2.9416322789E+01        -1.0000E+00        2.037E-05        115.661
31           -2.9416316055E+01        -1.0000E+00        1.514E-05        115.599
32           -2.9416309423E+01        -1.0000E+00        1.079E-05        115.399
33           -2.9416305446E+01        -1.0000E+00        8.113E-06        115.456
34           -2.9416302428E+01        -1.0000E+00        5.841E-06        115.573
35           -2.9416299004E+01        -1.0000E+00        3.556E-06        115.271
36           -2.9416297856E+01        -1.0000E+00        2.555E-06        115.146
37           -2.9416297794E+01        -1.0000E+00        2.198E-06        119.083
38           -2.9416297860E+01        -1.0000E+00        1.582E-06        115.182
39           -2.9416298023E+01        -1.0000E+00        1.263E-06        115.089
40           -2.9416298113E+01        -1.0000E+00        9.362E-07        116.586
Total number of SCF: 40    

k = [-0.250, -0.250, 0.000]
Occupation of state 211 = 0.000000000000000.
Occupation of state 234 = 0.000000000000000.
Exx outer loop error: 6.3471894888e-01 

No.2 Exx outer loop: 
1            -2.9416597225E+01        -1.0000E+00        1.510E-03        120.647
2            -2.9415844172E+01        -1.0000E+00        1.624E-03        139.765
3            -2.9416065566E+01        -1.0000E+00        1.277E-03        121.806
4            -2.9416433012E+01        -1.0000E+00        6.748E-04        115.237
5            -2.9416639620E+01        -1.0000E+00        4.840E-04        139.121
6            -2.9416737324E+01        -1.0000E+00        3.014E-04        115.126
7            -2.9416631713E+01        -1.0000E+00        1.859E-04        114.896
8            -2.9416632791E+01        -1.0000E+00        1.100E-04        119.923
9            -2.9416617726E+01        -1.0000E+00        6.777E-05        134.271
10           -2.9416594071E+01        -1.0000E+00        3.574E-05        117.059
11           -2.9416582548E+01        -1.0000E+00        2.801E-05        115.197
12           -2.9416577607E+01        -1.0000E+00        1.941E-05        114.894
13           -2.9416571951E+01        -1.0000E+00        1.223E-05        116.199
14           -2.9416570859E+01        -1.0000E+00        1.215E-05        114.764
15           -2.9416568625E+01        -1.0000E+00        6.680E-06        114.858
16           -2.9416566986E+01        -1.0000E+00        4.562E-06        114.977
17           -2.9416566685E+01        -1.0000E+00        3.772E-06        114.920
18           -2.9416567080E+01        -1.0000E+00        2.630E-06        115.314
19           -2.9416567286E+01        -1.0000E+00        1.508E-06        115.043
20           -2.9416567288E+01        -1.0000E+00        8.368E-07        114.735
Total number of SCF: 20    

k = [-0.250, -0.250, 0.000]
Occupation of state 211 = 0.000000000000000.
Occupation of state 234 = 0.000000000000000.
Exx outer loop error: 1.1732755753e-02 

No.3 Exx outer loop: 
1            -2.9416596463E+01        -1.0000E+00        2.178E-04        120.820
2            -2.9416523429E+01        -1.0000E+00        3.268E-04        114.912
3            -2.9416560156E+01        -1.0000E+00        3.787E-04        114.816
4            -2.9416640432E+01        -1.0000E+00        3.336E-04        115.536
5            -2.9416584706E+01        -1.0000E+00        3.042E-04        115.220
6            -2.9416569670E+01        -1.0000E+00        3.122E-04        114.861
7            -2.9416579081E+01        -1.0000E+00        3.179E-04        114.982
8            -2.9416573442E+01        -1.0000E+00        2.999E-04        114.760
9            -2.9416567647E+01        -1.0000E+00        3.079E-04        115.064
10           -2.9416626792E+01        -1.0000E+00        1.587E-04        114.959
11           -2.9416599895E+01        -1.0000E+00        8.730E-05        114.910
12           -2.9416601172E+01        -1.0000E+00        4.756E-05        114.835
13           -2.9416601580E+01        -1.0000E+00        2.551E-05        114.808
14           -2.9416598505E+01        -1.0000E+00        1.590E-05        115.532
15           -2.9416590975E+01        -1.0000E+00        1.207E-05        114.819
16           -2.9416586689E+01        -1.0000E+00        1.015E-05        114.799
17           -2.9416581818E+01        -1.0000E+00        6.764E-06        116.768
18           -2.9416578699E+01        -1.0000E+00        3.123E-06        114.642
19           -2.9416577414E+01        -1.0000E+00        1.670E-06        115.238
20           -2.9416577377E+01        -1.0000E+00        1.069E-06        118.167
21           -2.9416576755E+01        -1.0000E+00        6.930E-07        117.652
Total number of SCF: 21    

k = [-0.250, -0.250, 0.000]
Occupation of state 211 = 0.000000000000000.
Occupation of state 234 = 0.000000000000000.
Exx outer loop error: 2.0661990657e-03 

No.4 Exx outer loop: 
1            -2.9416582354E+01        -1.0000E+00        4.432E-05        120.170
2            -2.9416575086E+01        -1.0000E+00        9.700E-05        114.655
3            -2.9416585479E+01        -1.0000E+00        1.217E-04        114.594
4            -2.9416579255E+01        -1.0000E+00        9.602E-05        114.999
5            -2.9416578358E+01        -1.0000E+00        7.785E-05        115.191
6            -2.9416573715E+01        -1.0000E+00        3.473E-05        114.630
7            -2.9416574963E+01        -1.0000E+00        2.799E-05        114.666
8            -2.9416574296E+01        -1.0000E+00        2.173E-05        114.750
9            -2.9416575368E+01        -1.0000E+00        2.199E-05        114.690
10           -2.9416575573E+01        -1.0000E+00        6.744E-06        114.782
11           -2.9416577393E+01        -1.0000E+00        4.735E-06        114.679
12           -2.9416578278E+01        -1.0000E+00        2.713E-06        114.503
13           -2.9416577223E+01        -1.0000E+00        1.250E-06        114.369
14           -2.9416576898E+01        -1.0000E+00        9.458E-07        121.803
Total number of SCF: 14    

k = [-0.250, -0.250, 0.000]
Occupation of state 211 = 0.000000000000000.
Occupation of state 234 = 0.000000000000000.
Exx outer loop error: 2.5411808007e-04 

No.5 Exx outer loop: 
1            -2.9416577316E+01        -1.0000E+00        1.575E-05        119.742
2            -2.9416577791E+01        -1.0000E+00        4.299E-05        114.548
3            -2.9416578705E+01        -1.0000E+00        3.788E-05        114.378
4            -2.9416579056E+01        -1.0000E+00        3.794E-05        114.815
5            -2.9416578375E+01        -1.0000E+00        3.979E-05        114.443
6            -2.9416578909E+01        -1.0000E+00        3.407E-05        114.449
7            -2.9416580065E+01        -1.0000E+00        3.525E-05        114.506
8            -2.9416578833E+01        -1.0000E+00        3.414E-05        114.340
9            -2.9416578993E+01        -1.0000E+00        3.178E-05        114.454
10           -2.9416579085E+01        -1.0000E+00        7.993E-06        114.610
11           -2.9416578608E+01        -1.0000E+00        5.418E-06        114.671
12           -2.9416578020E+01        -1.0000E+00        2.441E-06        114.722
13           -2.9416577857E+01        -1.0000E+00        1.657E-06        114.534
14           -2.9416577571E+01        -1.0000E+00        1.083E-06        114.423
15           -2.9416577102E+01        -1.0000E+00        7.945E-07        114.169
Total number of SCF: 15    

k = [-0.250, -0.250, 0.000]
Occupation of state 211 = 0.000000000000000.
Occupation of state 234 = 0.000000000000000.
Exx outer loop error: 1.3039348738e-04 

No.6 Exx outer loop: 
1            -2.9416577303E+01        -1.0000E+00        9.398E-06        119.992
2            -2.9416577616E+01        -1.0000E+00        2.360E-05        114.841
3            -2.9416578131E+01        -1.0000E+00        1.544E-05        119.528
4            -2.9416578155E+01        -1.0000E+00        1.055E-05        128.074
5            -2.9416578048E+01        -1.0000E+00        7.944E-06        114.349
6            -2.9416577407E+01        -1.0000E+00        3.421E-06        133.768
7            -2.9416576904E+01        -1.0000E+00        1.788E-06        114.216
8            -2.9416576987E+01        -1.0000E+00        8.111E-07        114.154
Total number of SCF: 8     

k = [-0.250, -0.250, 0.000]
Occupation of state 211 = 0.000000000000000.
Occupation of state 234 = 0.000000000000000.
Exx outer loop error: 8.2335461894e-05 

No.7 Exx outer loop: 
1            -2.9416577251E+01        -1.0000E+00        6.374E-06        119.735
2            -2.9416577144E+01        -1.0000E+00        1.426E-05        114.184
3            -2.9416577073E+01        -1.0000E+00        2.414E-06        115.321
4            -2.9416576881E+01        -1.0000E+00        1.344E-06        114.311
5            -2.9416576755E+01        -1.0000E+00        6.719E-07        114.035
Total number of SCF: 5     

k = [-0.250, -0.250, 0.000]
Occupation of state 211 = 0.000000000000000.
Occupation of state 234 = 0.000000000000000.
Exx outer loop error: 6.5784750681e-05 

No.8 Exx outer loop: 
1            -2.9416576526E+01        -1.0000E+00        3.067E-06        119.892
2            -2.9416576849E+01        -1.0000E+00        8.423E-06        114.401
3            -2.9416576769E+01        -1.0000E+00        3.301E-06        138.868
4            -2.9416576934E+01        -1.0000E+00        1.123E-06        114.838
5            -2.9416576910E+01        -1.0000E+00        7.120E-07        114.232
Total number of SCF: 5     

k = [-0.250, -0.250, 0.000]
Occupation of state 211 = 0.000000000000000.
Occupation of state 234 = 0.000000000000000.
Exx outer loop error: 2.7020434421e-05 
====================================================================
                    Energy and force calculation                    
====================================================================
Free energy per atom               : -2.9416576451E+01 (Ha/atom)
Total free energy                  : -1.4414122461E+03 (Ha)
Band structure energy              : -3.7188818481E+02 (Ha)
Exchange correlation energy        : -2.5454943857E+02 (Ha)
Self and correction energy         : -1.8970440362E+03 (Ha)
Entropy*kb*T                       : -4.6339773108E-09 (Ha)
Fermi level                        : -2.0991013010E-01 (Ha)
RMS force                          :  2.1058903192E-02 (Ha/Bohr)
Maximum force                      :  9.4924903611E-02 (Ha/Bohr)
Time for force calculation         :  1.574 (sec)
***************************************************************************
                               Timing info                                 
***************************************************************************
Total walltime                     :  66366.635 sec
___________________________________________________________________________

***************************************************************************
*             Material Physics & Mechanics Group, Georgia Tech            *
*                       PI: Phanish Suryanarayana                         *
*                Main Developers: Qimen Xu, Abhiraj Sharma                *
*     Collaborators: J.E. Pask (LLNL), A.J. Medford (GT), E. Chow (GT)    *
*  Acknowledgements: U.S. DOE (DE-SC0019410); U.S. NSF (1333500,1553212)  *
***************************************************************************
                                                                           

***************************************************************************
*                       SPARC (version Mar 30, 2022)                      *
*   Copyright (c) 2020 Material Physics & Mechanics Group, Georgia Tech   *
*           Distributed under GNU General Public License 3 (GPL)          *
*                   Start time: Wed Apr  6 08:19:44 2022                  *
***************************************************************************
                           Input parameters                                
***************************************************************************
CELL: 12.4338823950489 11.2657846029438 47.5378507412217 
LATVEC:
1.000000000000000 0.000000000000000 0.000000000000000 
-0.000130020950961 0.999999991547276 0.000000000000000 
0.000000000000000 -0.000000000000000 1.000000000000000 
FD_GRID: 66 60 252
FD_ORDER: 12
BC: P P D
KPOINT_GRID: 4 4 1
KPOINT_SHIFT: 0 0 0
SPIN_TYP: 1
ELEC_TEMP_TYPE: Gaussian
SMEARING: 0.007349864435
CHEB_DEGREE: 37
NSTATES: 234
EXCHANGE_CORRELATION: HSE
CALC_STRESS: 0
CALC_PRES: 0
CHEFSI_BOUND_FLAG: 0
MAXIT_SCF: 100
MINIT_SCF: 3
MAXIT_POISSON: 3000
TOL_SCF: 1.00E-06
POISSON_SOLVER: AAR
TOL_POISSON: 1.00E-08
TOL_LANCZOS: 1.00E-02
TOL_PSEUDOCHARGE: 1.00E-08
MIXING_VARIABLE: density
MIXING_PRECOND: kerker
MIXING_PRECOND_MAG: none
TOL_PRECOND: 3.54E-05
PRECOND_KERKER_KTF: 1
PRECOND_KERKER_THRESH: 0.1
MIXING_PARAMETER: 0.3
MIXING_PARAMETER_MAG: 0.3
MIXING_HISTORY: 7
PULAY_FREQUENCY: 1
PULAY_RESTART: 0
REFERENCE_CUTOFF: 0.5
RHO_TRIGGER: 4
FIX_RAND: 0
VERBOSITY: 1
PRINT_FORCES: 1
PRINT_ATOMS: 1
PRINT_EIGEN: 1
PRINT_DENSITY: 0
PRINT_ENERGY_DENSITY: 0
TOL_FOCK: 5.00E-05
TOL_SCF_INIT: 1.00E-04
MAXIT_FOCK: 20
EXX_METHOD: FOURIER_SPACE
EXX_DIVERGENCE: AUXILIARY
ACE_FLAG: 1
EXX_ACE_MEM: 1
EXX_ACE_VALENCE_STATES: 10000
EXX_DOWNSAMPLING: 1 1 1
EXX_RANGE_FOCK: 0.106000
EXX_RANGE_PBE: 0.106000
OUTPUT_FILE: sprc-calc
***************************************************************************
                                Cell                                       
***************************************************************************
Lattice vectors (Bohr):
12.433882395048860 0.000000000000000 0.000000000000000 
-0.001464788027397 11.265784507717260 0.000000000000000 
0.000000000000000 -0.000000000000000 47.537850741221725 
Volume                  :  6.6589804186E+03 (Bohr^3)
***************************************************************************
                           Parallelization                                 
***************************************************************************
NP_SPIN_PARAL: 2
NP_KPOINT_PARAL: 10
NP_BAND_PARAL: 1
NP_DOMAIN_PARAL: 2 1 8
NP_DOMAIN_PHI_PARAL: 4 4 21
EIG_SERIAL_MAXNS: 1500
***************************************************************************
                             Initialization                                
***************************************************************************
Number of processors               :  336
Mesh spacing in x-direction        :  0.188392 (Bohr)
Mesh spacing in y-direction        :  0.187763 (Bohr)
Mesh spacing in z direction        :  0.188642 (Bohr)
Number of symmetry adapted k-points:  10
Output printed to                  :  sprc-calc.out_01
Final eigenvalues printed to       :  sprc-calc.eigen_01
Total number of atom types         :  4
Total number of atoms              :  49
Total number of electrons          :  383
Atom type 1  (valence electrons)   :  C 4
Pseudopotential                    :  C.psp8
Pseudocharge radii of atom type 1  :  6.78 6.76 6.79 (x, y, z dir)
Number of atoms of type 1          :  1
Atom type 2  (valence electrons)   :  H 1
Pseudopotential                    :  H.psp8
Pseudocharge radii of atom type 2  :  3.77 3.76 3.77 (x, y, z dir)
Number of atoms of type 2          :  1
Atom type 3  (valence electrons)   :  O 6
Pseudopotential                    :  O.psp8
Pseudocharge radii of atom type 3  :  6.78 6.76 6.79 (x, y, z dir)
Number of atoms of type 3          :  31
Atom type 4  (valence electrons)   :  Ti 12
Pseudopotential                    :  Ti.psp8
Pseudocharge radii of atom type 4  :  6.78 6.76 6.79 (x, y, z dir)
Number of atoms of type 4          :  16
Estimated total memory usage       :  440.02 GB
Estimated memory per processor     :  1.31 GB
========================================================================================
                    Self Consistent Field (SCF#1)                     
========================================================================================
Iteration     Free Energy (Ha/atom)    Magnetization     SCF Error        Timing (sec)
1            -2.9545507528E+01         4.6125E+00        4.258E-01        297.021
2            -3.0709248744E+01        -1.4205E+00        4.369E-01        72.581
3            -3.0015525591E+01         5.6181E+00        3.287E-01        88.833
4            -2.9753980157E+01         8.2402E+00        2.922E-01        77.370
5            -2.9915940190E+01         9.4813E+00        2.040E-01        71.995
6            -2.9920713833E+01         1.8781E+00        1.771E-01        72.006
7            -2.9927301656E+01         3.7302E+00        1.448E-01        72.027
8            -2.9928749214E+01         4.6907E+00        1.214E-01        72.336
9            -2.9927515135E+01         4.6502E+00        9.712E-02        71.984
10           -2.9909915580E+01         3.4418E+00        8.447E-02        72.748
11           -2.9886222429E+01         8.4136E-01        6.850E-02        71.972
12           -2.9863670355E+01        -7.3047E-01        6.390E-02        71.956
13           -2.9861171135E+01        -1.0554E+00        5.283E-02        81.086
14           -2.9840851885E+01        -1.1387E+00        4.988E-02        73.016
15           -2.9813879946E+01        -1.8348E+00        3.672E-02        81.228
16           -2.9789061415E+01        -1.0549E+00        3.569E-02        81.022
17           -2.9750831158E+01        -1.1108E+00        2.733E-02        75.308
18           -2.9714585592E+01        -2.1857E+00        1.701E-02        98.471
19           -2.9699437152E+01        -1.7283E+00        1.490E-02        102.263
20           -2.9687051738E+01        -2.1874E+00        1.240E-02        74.527
21           -2.9664535460E+01        -1.1988E+00        1.307E-02        83.805
22           -2.9658861648E+01        -1.6931E+00        7.937E-03        75.065
23           -2.9648289522E+01        -1.0067E+00        1.244E-02        74.596
24           -2.9642575060E+01        -1.0027E+00        1.108E-02        89.745
25           -2.9632534109E+01        -9.9966E-01        8.250E-03        82.729
26           -2.9631989797E+01        -9.9932E-01        7.711E-03        105.225
27           -2.9627489647E+01        -2.3978E-01        3.012E-02        72.953
28           -2.9627105462E+01        -2.0071E-01        2.225E-02        78.066
29           -2.9628575453E+01        -2.8305E-01        4.223E-02        82.600
30           -2.9629641297E+01        -2.9750E-01        5.718E-02        91.600
31           -2.9655529090E+01        -2.1534E-01        1.331E-01        72.440
32           -2.9659799837E+01        -2.5492E-01        1.388E-01        79.069
33           -2.9630070251E+01        -1.0008E+00        7.509E-03        82.680
34           -2.9629584239E+01        -1.0017E+00        5.023E-03        82.896
35           -2.9628787447E+01        -1.0018E+00        4.790E-03        72.118
36           -2.9627467362E+01        -1.0009E+00        3.475E-03        72.773
37           -2.9625812203E+01        -1.0119E+00        2.687E-03        72.243
38           -2.9625112821E+01        -1.0085E+00        2.130E-03        72.671
39           -2.9623943130E+01        -1.0194E+00        1.925E-03        72.345
40           -2.9623345894E+01        -1.0204E+00        1.693E-03        71.942
41           -2.9622803700E+01        -1.0111E+00        1.268E-03        72.089
42           -2.9622429813E+01        -1.0133E+00        7.377E-04        73.866
43           -2.9622387112E+01        -1.0060E+00        6.456E-04        73.697
44           -2.9622154283E+01        -1.0041E+00        4.354E-04        72.284
45           -2.9622092442E+01        -1.0024E+00        3.102E-04        72.342
46           -2.9621994518E+01        -1.0028E+00        2.149E-04        72.265
47           -2.9621961897E+01        -1.0022E+00        1.533E-04        71.962
48           -2.9621894885E+01        -1.0023E+00        9.599E-05        71.423
Total number of SCF: 48    

k = [-0.250, -0.250, 0.000]
Occupation of state 211 = 0.000000000000000.
Occupation of state 234 = 0.000000000000000.

No.1 Exx outer loop: 
1            -2.9414749450E+01        -1.0000E+00        1.432E-02        114.798
2            -2.9405846014E+01        -1.0000E+00        1.362E-02        112.393
3            -2.9484220365E+01        -1.6586E-01        1.920E-01        114.678
4            -2.9444516383E+01        -2.6775E-01        1.349E-01        110.828
5            -2.9446658356E+01        -2.7604E-01        1.421E-01        114.350
6            -2.9444089640E+01        -2.6879E-01        1.345E-01        110.986
7            -2.9434177381E+01        -1.0935E-01        9.215E-02        111.796
8            -2.9408091856E+01        -1.0000E+00        1.167E-02        113.103
9            -2.9412822381E+01        -9.2164E-01        1.101E-02        118.279
10           -2.9414633353E+01        -8.0520E-02        2.369E-02        110.939
11           -2.9415156751E+01        -1.4098E-01        3.096E-02        110.929
12           -2.9415342444E+01        -1.4466E-01        3.180E-02        111.238
13           -2.9415024059E+01        -9.3729E-02        2.524E-02        111.192
14           -2.9414315771E+01        -1.2058E-01        1.844E-02        111.418
15           -2.9414123787E+01        -3.5234E-01        1.510E-02        111.460
16           -2.9412857602E+01        -9.9999E-01        5.128E-03        110.773
17           -2.9414741387E+01        -1.0000E+00        2.908E-03        110.914
18           -2.9416270216E+01        -1.0000E+00        1.871E-03        110.932
19           -2.9416656646E+01        -1.0000E+00        1.586E-03        111.039
20           -2.9416628442E+01        -1.0000E+00        1.404E-03        110.617
21           -2.9416620124E+01        -1.0000E+00        1.366E-03        110.952
22           -2.9416422501E+01        -1.0000E+00        8.503E-04        110.860
23           -2.9416397138E+01        -1.0000E+00        5.428E-04        110.901
24           -2.9416379790E+01        -1.0000E+00        3.304E-04        112.258
25           -2.9416376003E+01        -1.0000E+00        2.310E-04        111.589
26           -2.9416349344E+01        -1.0000E+00        1.533E-04        118.684
27           -2.9416337431E+01        -1.0000E+00        9.515E-05        111.226
28           -2.9416336998E+01        -1.0000E+00        5.172E-05        111.305
29           -2.9416331562E+01        -1.0000E+00        3.073E-05        110.800
30           -2.9416322441E+01        -1.0000E+00        2.027E-05        110.806
31           -2.9416315967E+01        -1.0000E+00        1.522E-05        110.790
32           -2.9416309603E+01        -1.0000E+00        1.101E-05        110.977
33           -2.9416305318E+01        -1.0000E+00        7.892E-06        121.476
34           -2.9416302851E+01        -1.0000E+00        6.224E-06        118.708
35           -2.9416298325E+01        -1.0000E+00        3.160E-06        113.304
36           -2.9416297852E+01        -1.0000E+00        2.617E-06        115.342
37           -2.9416297715E+01        -1.0000E+00        2.254E-06        138.453
38           -2.9416298253E+01        -1.0000E+00        1.700E-06        136.526
39           -2.9416298394E+01        -1.0000E+00        1.342E-06        125.726
40           -2.9416298185E+01        -1.0000E+00        1.172E-06        116.250
41           -2.9416298259E+01        -1.0000E+00        8.582E-07        133.878
Total number of SCF: 41    

k = [-0.250, -0.250, 0.000]
Occupation of state 211 = 0.000000000000000.
Occupation of state 234 = 0.000000000000000.
Exx outer loop error: 6.3478998148e-01 

No.2 Exx outer loop: 
1            -2.9416597419E+01        -1.0000E+00        1.511E-03        114.797
2            -2.9415844320E+01        -1.0000E+00        1.624E-03        110.998
3            -2.9416293702E+01        -1.0000E+00        1.253E-03        111.552
4            -2.9416471630E+01        -1.0000E+00        9.797E-04        111.498
5            -2.9416612107E+01        -1.0000E+00        6.641E-04        111.718
6            -2.9416777503E+01        -1.0000E+00        3.813E-04        110.969
7            -2.9416860056E+01        -1.0000E+00        2.122E-04        110.645
8            -2.9416853375E+01        -1.0000E+00        1.594E-04        111.434
9            -2.9416708441E+01        -1.0000E+00        1.321E-04        112.567
10           -2.9416716201E+01        -1.0000E+00        1.060E-04        117.123
11           -2.9416683886E+01        -1.0000E+00        7.964E-05        110.746
12           -2.9416635219E+01        -1.0000E+00        6.116E-05        110.881
13           -2.9416602804E+01        -1.0000E+00        4.344E-05        115.647
14           -2.9416589605E+01        -1.0000E+00        2.247E-05        111.268
15           -2.9416581652E+01        -1.0000E+00        1.711E-05        111.416
16           -2.9416573080E+01        -1.0000E+00        9.870E-06        110.650
17           -2.9416569485E+01        -1.0000E+00        7.721E-06        111.000
18           -2.9416568081E+01        -1.0000E+00        5.104E-06        111.229
19           -2.9416567624E+01        -1.0000E+00        3.715E-06        110.470
20           -2.9416567484E+01        -1.0000E+00        2.831E-06        110.477
21           -2.9416567399E+01        -1.0000E+00        2.729E-06        110.270
22           -2.9416567398E+01        -1.0000E+00        2.004E-06        110.851
23           -2.9416567847E+01        -1.0000E+00        1.341E-06        110.580
24           -2.9416567629E+01        -1.0000E+00        8.093E-07        110.090
Total number of SCF: 24    

k = [-0.250, -0.250, 0.000]
Occupation of state 211 = 0.000000000000000.
Occupation of state 234 = 0.000000000000000.
Exx outer loop error: 1.1769550829e-02 

No.3 Exx outer loop: 
1            -2.9416597679E+01        -1.0000E+00        2.175E-04        114.705
2            -2.9416523718E+01        -1.0000E+00        3.265E-04        111.000
3            -2.9416575774E+01        -1.0000E+00        3.952E-04        111.004
4            -2.9416746475E+01        -1.0000E+00        5.348E-04        111.708
5            -2.9416684374E+01        -1.0000E+00        3.450E-04        117.183
6            -2.9416680355E+01        -1.0000E+00        3.370E-04        111.371
7            -2.9416702980E+01        -1.0000E+00        3.962E-04        111.329
8            -2.9416679198E+01        -1.0000E+00        3.654E-04        110.868
9            -2.9416674694E+01        -1.0000E+00        4.119E-04        110.801
10           -2.9416653672E+01        -1.0000E+00        3.212E-04        110.775
11           -2.9416544524E+01        -1.0000E+00        8.347E-05        110.827
12           -2.9416584113E+01        -1.0000E+00        4.696E-05        111.284
13           -2.9416596421E+01        -1.0000E+00        3.070E-05        114.716
14           -2.9416594965E+01        -1.0000E+00        2.031E-05        113.566
15           -2.9416591894E+01        -1.0000E+00        1.113E-05        110.887
16           -2.9416588800E+01        -1.0000E+00        7.890E-06        111.349
17           -2.9416586425E+01        -1.0000E+00        6.731E-06        115.121
18           -2.9416583362E+01        -1.0000E+00        4.740E-06        110.460
19           -2.9416581439E+01        -1.0000E+00        3.725E-06        114.326
20           -2.9416579545E+01        -1.0000E+00        2.650E-06        112.627
21           -2.9416578024E+01        -1.0000E+00        2.028E-06        112.493
22           -2.9416577199E+01        -1.0000E+00        1.388E-06        110.370
23           -2.9416576609E+01        -1.0000E+00        7.704E-07        114.648
Total number of SCF: 23    

k = [-0.250, -0.250, 0.000]
Occupation of state 211 = 0.000000000000000.
Occupation of state 234 = 0.000000000000000.
Exx outer loop error: 1.9673248763e-03 

No.4 Exx outer loop: 
1            -2.9416582220E+01        -1.0000E+00        4.416E-05        115.927
2            -2.9416574937E+01        -1.0000E+00        9.694E-05        110.366
3            -2.9416585463E+01        -1.0000E+00        1.214E-04        110.558
4            -2.9416577063E+01        -1.0000E+00        1.023E-04        110.400
5            -2.9416576952E+01        -1.0000E+00        9.187E-05        110.483
6            -2.9416579840E+01        -1.0000E+00        8.008E-05        110.760
7            -2.9416577436E+01        -1.0000E+00        8.200E-05        110.759
8            -2.9416577466E+01        -1.0000E+00        8.292E-05        110.601
9            -2.9416578771E+01        -1.0000E+00        8.271E-05        110.461
10           -2.9416579744E+01        -1.0000E+00        2.217E-05        110.496
11           -2.9416584891E+01        -1.0000E+00        1.045E-05        110.486
12           -2.9416586240E+01        -1.0000E+00        6.091E-06        110.574
13           -2.9416583878E+01        -1.0000E+00        4.443E-06        110.923
14           -2.9416581207E+01        -1.0000E+00        2.842E-06        110.772
15           -2.9416579903E+01        -1.0000E+00        1.883E-06        110.610
16           -2.9416578689E+01        -1.0000E+00        1.191E-06        110.556
17           -2.9416577611E+01        -1.0000E+00        7.235E-07        111.722
Total number of SCF: 17    

k = [-0.250, -0.250, 0.000]
Occupation of state 211 = 0.000000000000000.
Occupation of state 234 = 0.000000000000000.
Exx outer loop error: 2.7889849185e-04 

No.5 Exx outer loop: 
1            -2.9416579504E+01        -1.0000E+00        1.620E-05        118.037
2            -2.9416578484E+01        -1.0000E+00        4.280E-05        112.828
3            -2.9416582052E+01        -1.0000E+00        3.949E-05        112.553
4            -2.9416582167E+01        -1.0000E+00        5.317E-05        111.852
5            -2.9416585166E+01        -1.0000E+00        3.462E-05        112.568
6            -2.9416580708E+01        -1.0000E+00        2.665E-05        112.780
7            -2.9416580278E+01        -1.0000E+00        1.756E-05        111.235
8            -2.9416579058E+01        -1.0000E+00        1.089E-05        110.042
9            -2.9416578476E+01        -1.0000E+00        5.097E-06        109.987
10           -2.9416577925E+01        -1.0000E+00        1.647E-06        109.840
11           -2.9416577604E+01        -1.0000E+00        1.208E-06        110.824
12           -2.9416576978E+01        -1.0000E+00        7.924E-07        111.635
Total number of SCF: 12    

k = [-0.250, -0.250, 0.000]
Occupation of state 211 = 0.000000000000000.
Occupation of state 234 = 0.000000000000000.
Exx outer loop error: 7.5550355408e-05 

No.6 Exx outer loop: 
1            -2.9416576935E+01        -1.0000E+00        8.207E-06        114.246
2            -2.9416577424E+01        -1.0000E+00        2.371E-05        110.328
3            -2.9416576653E+01        -1.0000E+00        1.590E-05        110.299
4            -2.9416575444E+01        -1.0000E+00        5.755E-06        109.727
5            -2.9416575339E+01        -1.0000E+00        4.045E-06        109.600
6            -2.9416575244E+01        -1.0000E+00        1.751E-06        109.847
7            -2.9416575809E+01        -1.0000E+00        1.477E-06        109.729
8            -2.9416576115E+01        -1.0000E+00        1.769E-06        110.341
9            -2.9416576202E+01        -1.0000E+00        1.704E-06        109.394
10           -2.9416576162E+01        -1.0000E+00        1.267E-06        110.007
11           -2.9416576315E+01        -1.0000E+00        1.791E-06        111.136
12           -2.9416576227E+01        -1.0000E+00        1.467E-06        109.956
13           -2.9416576123E+01        -1.0000E+00        9.026E-07        109.503
Total number of SCF: 13    

k = [-0.250, -0.250, 0.000]
Occupation of state 211 = 0.000000000000000.
Occupation of state 234 = 0.000000000000000.
Exx outer loop error: 4.9134493198e-04 

No.7 Exx outer loop: 
1            -2.9416576355E+01        -1.0000E+00        6.183E-06        114.433
2            -2.9416576287E+01        -1.0000E+00        1.430E-05        109.807
3            -2.9416576611E+01        -1.0000E+00        6.763E-06        109.957
4            -2.9416576498E+01        -1.0000E+00        3.229E-06        110.128
5            -2.9416576468E+01        -1.0000E+00        1.243E-06        110.219
6            -2.9416576455E+01        -1.0000E+00        1.129E-06        110.436
7            -2.9416576406E+01        -1.0000E+00        5.349E-07        110.113
Total number of SCF: 7     

k = [-0.250, -0.250, 0.000]
Occupation of state 211 = 0.000000000000000.
Occupation of state 234 = 0.000000000000000.
Exx outer loop error: 1.7737987307e-04 

No.8 Exx outer loop: 
1            -2.9416576244E+01        -1.0000E+00        3.984E-06        114.645
2            -2.9416576538E+01        -1.0000E+00        8.757E-06        109.754
3            -2.9416576926E+01        -1.0000E+00        1.124E-06        109.659
4            -2.9416576888E+01        -1.0000E+00        4.940E-07        110.108
Total number of SCF: 4     

k = [-0.250, -0.250, 0.000]
Occupation of state 211 = 0.000000000000000.
Occupation of state 234 = 0.000000000000000.
Exx outer loop error: 1.8381989491e-04 

No.9 Exx outer loop: 
1            -2.9416576927E+01        -1.0000E+00        2.465E-06        131.934
2            -2.9416576979E+01        -1.0000E+00        5.292E-06        123.700
3            -2.9416577190E+01        -1.0000E+00        1.398E-06        109.454
4            -2.9416577137E+01        -1.0000E+00        6.030E-07        111.043
Total number of SCF: 4     

k = [-0.250, -0.250, 0.000]
Occupation of state 211 = 0.000000000000000.
Occupation of state 234 = 0.000000000000000.
Exx outer loop error: 1.2837230386e-04 

No.10 Exx outer loop: 
1            -2.9416577322E+01        -1.0000E+00        2.897E-06        145.066
2            -2.9416577180E+01        -1.0000E+00        3.713E-06        138.310
3            -2.9416577336E+01        -1.0000E+00        1.107E-06        132.656
4            -2.9416577349E+01        -1.0000E+00        5.208E-07        128.709
Total number of SCF: 4     

k = [-0.250, -0.250, 0.000]
Occupation of state 211 = 0.000000000000000.
Occupation of state 234 = 0.000000000000000.
Exx outer loop error: 4.2086585005e-05 
====================================================================
                    Energy and force calculation                    
====================================================================
Free energy per atom               : -2.9416576587E+01 (Ha/atom)
Total free energy                  : -1.4414122528E+03 (Ha)
Band structure energy              : -3.7189456156E+02 (Ha)
Exchange correlation energy        : -2.5454947872E+02 (Ha)
Self and correction energy         : -1.8970440362E+03 (Ha)
Entropy*kb*T                       : -4.6339749858E-09 (Ha)
Fermi level                        : -2.0995529711E-01 (Ha)
RMS force                          :  2.1056434435E-02 (Ha/Bohr)
Maximum force                      :  9.4912521050E-02 (Ha/Bohr)
Time for force calculation         :  3.569 (sec)
***************************************************************************
                               Timing info                                 
***************************************************************************
Total walltime                     :  80391.320 sec
___________________________________________________________________________

***************************************************************************
*             Material Physics & Mechanics Group, Georgia Tech            *
*                       PI: Phanish Suryanarayana                         *
*                Main Developers: Qimen Xu, Abhiraj Sharma                *
*     Collaborators: J.E. Pask (LLNL), A.J. Medford (GT), E. Chow (GT)    *
*  Acknowledgements: U.S. DOE (DE-SC0019410); U.S. NSF (1333500,1553212)  *
***************************************************************************
                                                                           
