***************************************************************************
*                       SPARC (version May 02, 2022)                      *
*   Copyright (c) 2020 Material Physics & Mechanics Group, Georgia Tech   *
*           Distributed under GNU General Public License 3 (GPL)          *
*                   Start time: Mon Jun 27 16:11:46 2022                  *
***************************************************************************
                           Input parameters                                
***************************************************************************
CELL: 24.4105565118772 20.2475249479988 65.3638340193554 
LATVEC:
1.000000000000000 0.000000000000000 0.000000000000000 
0.000000000000000 1.000000000000000 0.000000000000000 
0.000000000000000 0.000000000000000 1.000000000000000 
FD_GRID: 129 107 346
FD_ORDER: 12
BC: D D D
SPIN_TYP: 0
ELEC_TEMP_TYPE: Gaussian
SMEARING: 0.007349864435
CHEB_DEGREE: 36
NSTATES: 12
EXCHANGE_CORRELATION: HSE
EXX_RANGE_FOCK: 0.106000
EXX_RANGE_PBE: 0.106000
CALC_STRESS: 0
CALC_PRES: 0
CHEFSI_BOUND_FLAG: 0
MAXIT_SCF: 100
MINIT_SCF: 3
MAXIT_POISSON: 3000
TOL_SCF: 1.00E-06
POISSON_SOLVER: AAR
TOL_POISSON: 1.00E-08
TOL_LANCZOS: 1.00E-02
TOL_PSEUDOCHARGE: 1.00E-08
MIXING_VARIABLE: density
MIXING_PRECOND: kerker
TOL_PRECOND: 3.58E-05
PRECOND_KERKER_KTF: 1
PRECOND_KERKER_THRESH: 0.1
MIXING_PARAMETER: 0.3
MIXING_HISTORY: 7
PULAY_FREQUENCY: 1
PULAY_RESTART: 0
REFERENCE_CUTOFF: 0.5
RHO_TRIGGER: 4
FIX_RAND: 0
VERBOSITY: 1
PRINT_FORCES: 1
PRINT_ATOMS: 1
PRINT_EIGEN: 1
PRINT_DENSITY: 0
PRINT_ENERGY_DENSITY: 0
TOL_FOCK: 5.00E-05
TOL_SCF_INIT: 1.00E-03
MAXIT_FOCK: 1000
EXX_METHOD: FOURIER_SPACE
EXX_DIVERGENCE: AUXILIARY
EXX_MEM: 1
ACE_FLAG: 1
EXX_ACE_VALENCE_STATES: 10000
EXX_DOWNSAMPLING: 1 1 1
OUTPUT_FILE: sprc-calc
***************************************************************************
                                Cell                                       
***************************************************************************
Lattice vectors (Bohr):
24.410556511877200 0.000000000000000 0.000000000000000 
0.000000000000000 20.247524947998816 0.000000000000000 
0.000000000000000 0.000000000000000 65.363834019355380 
Volume                  :  3.2306294062E+04 (Bohr^3)
***************************************************************************
                           Parallelization                                 
***************************************************************************
NP_SPIN_PARAL: 1
NP_KPOINT_PARAL: 1
NP_BAND_PARAL: 1
NP_DOMAIN_PARAL: 6 4 14
NP_DOMAIN_PHI_PARAL: 6 4 14
EIG_SERIAL_MAXNS: 1500
***************************************************************************
                             Initialization                                
***************************************************************************
Number of processors               :  336
Mesh spacing in x-direction        :  0.189229 (Bohr)
Mesh spacing in y-direction        :  0.189229 (Bohr)
Mesh spacing in z direction        :  0.188913 (Bohr)
Output printed to                  :  sprc-calc.out
Final eigenvalues printed to       :  sprc-calc.eigen
Total number of atom types         :  2
Total number of atoms              :  4
Total number of electrons          :  12
Atom type 1  (valence electrons)   :  H 1
Pseudopotential                    :  H.psp8
Pseudocharge radii of atom type 1  :  3.97 3.97 3.97 (x, y, z dir)
Number of atoms of type 1          :  2
Atom type 2  (valence electrons)   :  N 5
Pseudopotential                    :  N.psp8
Pseudocharge radii of atom type 2  :  7.00 7.00 6.99 (x, y, z dir)
Number of atoms of type 2          :  2
Estimated total memory usage       :  52.47 GB
Estimated memory per processor     :  159.91 MB
===================================================================
                    Self Consistent Field (SCF#1)                     
===================================================================
Iteration     Free Energy (Ha/atom)   SCF Error        Timing (sec)
1            -5.4730914534E+00        1.530E-01        1.807
2            -5.5096835975E+00        1.175E-01        0.858
3            -5.4711869094E+00        4.059E-02        0.934
4            -5.4635142261E+00        2.402E-02        1.424
5            -5.4654681576E+00        6.448E-03        1.320
6            -5.4635830796E+00        4.702E-03        1.023
7            -5.4620003489E+00        2.614E-03        0.862
8            -5.4602771105E+00        1.725E-03        0.861
9            -5.4600706784E+00        9.493E-04        0.257
Total number of SCF: 9     

k = [0.000, 0.000, 0.000]
Occupation of state 11 = 0.000000000000000.
Occupation of state 12 = 0.000000000000000.

No.1 Exx outer loop: 
1            -5.3984933085E+00        6.336E-03        0.806
2            -5.3970164248E+00        1.287E-02        0.859
3            -5.3965075818E+00        1.605E-02        0.837
4            -5.4003409918E+00        1.618E-03        0.804
5            -5.4001537175E+00        9.994E-04        0.766
6            -5.3997803023E+00        4.830E-04        0.785
7            -5.3996802835E+00        4.755E-04        0.742
8            -5.3996672455E+00        3.836E-04        0.840
9            -5.3996776738E+00        1.948E-04        0.815
10           -5.3997125122E+00        8.379E-05        0.776
11           -5.3996668099E+00        4.984E-05        0.736
12           -5.3996596235E+00        3.661E-05        0.799
13           -5.3996505316E+00        2.880E-05        0.793
14           -5.3996375686E+00        1.637E-05        0.678
15           -5.3996328216E+00        1.238E-05        0.667
16           -5.3996322550E+00        8.486E-06        0.678
17           -5.3996317282E+00        5.851E-06        0.645
18           -5.3996302839E+00        4.619E-06        0.678
19           -5.3996295117E+00        2.870E-06        0.638
20           -5.3996287583E+00        1.834E-06        0.920
21           -5.3996291053E+00        1.385E-06        1.090
22           -5.3996288790E+00        1.143E-06        0.575
23           -5.3996289688E+00        8.922E-07        0.315
Total number of SCF: 23    

k = [0.000, 0.000, 0.000]
Occupation of state 11 = 0.000000000000000.
Occupation of state 12 = 0.000000000000000.
Exx outer loop error: 1.6049101108e-01 

No.2 Exx outer loop: 
1            -5.3996064735E+00        3.991E-04        0.804
2            -5.3995127859E+00        9.707E-04        0.799
3            -5.3995909074E+00        1.021E-03        0.832
4            -5.3996243108E+00        7.212E-04        0.778
5            -5.3996159485E+00        8.408E-04        0.780
6            -5.3997511542E+00        5.115E-04        0.693
7            -5.3997359426E+00        5.111E-04        0.691
8            -5.3997022086E+00        5.671E-04        0.796
9            -5.3997915028E+00        5.809E-04        0.784
10           -5.4001096046E+00        7.049E-04        0.746
11           -5.3998122666E+00        2.676E-04        0.800
12           -5.3997290878E+00        1.098E-04        0.755
13           -5.3997380931E+00        7.740E-05        0.730
14           -5.3997595272E+00        9.515E-05        0.760
15           -5.3997347477E+00        5.859E-05        0.661
16           -5.3997059966E+00        3.324E-05        0.766
17           -5.3996895945E+00        2.532E-05        0.739
18           -5.3996847298E+00        1.958E-05        0.726
19           -5.3996744678E+00        8.789E-06        0.702
20           -5.3996699530E+00        6.558E-06        0.719
21           -5.3996672831E+00        4.346E-06        0.681
22           -5.3996663658E+00        3.232E-06        0.643
23           -5.3996666641E+00        3.699E-06        0.635
24           -5.3996643207E+00        2.167E-06        0.623
25           -5.3996654605E+00        2.536E-06        0.662
26           -5.3996642643E+00        1.304E-06        0.590
27           -5.3996637385E+00        7.750E-07        0.300
Total number of SCF: 27    

k = [0.000, 0.000, 0.000]
Occupation of state 11 = 0.000000000000000.
Occupation of state 12 = 0.000000000000000.
Exx outer loop error: 4.5466911554e-04 

No.3 Exx outer loop: 
1            -5.3996613013E+00        3.370E-05        0.783
2            -5.3996578954E+00        9.575E-05        0.698
3            -5.3996663643E+00        1.079E-04        0.711
4            -5.3996788285E+00        7.407E-05        0.795
5            -5.3996829244E+00        7.219E-05        0.564
6            -5.3996801240E+00        6.236E-05        0.690
7            -5.3996658940E+00        4.830E-05        0.655
8            -5.3996602516E+00        3.049E-05        0.613
9            -5.3996621760E+00        2.146E-05        0.669
10           -5.3996646676E+00        3.427E-06        0.583
11           -5.3996659242E+00        2.667E-06        0.532
12           -5.3996647212E+00        1.328E-06        0.537
13           -5.3996645402E+00        1.027E-06        0.549
14           -5.3996643801E+00        8.168E-07        0.315
Total number of SCF: 14    

k = [0.000, 0.000, 0.000]
Occupation of state 11 = 0.000000000000000.
Occupation of state 12 = 0.000000000000000.
Exx outer loop error: 2.5402806616e-05 
====================================================================
                    Energy and force calculation                    
====================================================================
Free energy per atom               : -5.3996593128E+00 (Ha/atom)
Total free energy                  : -2.1598637251E+01 (Ha)
Band structure energy              : -6.7736615826E+00 (Ha)
Exchange correlation energy        : -6.4450250286E+00 (Ha)
Self and correction energy         : -3.6046588203E+01 (Ha)
Entropy*kb*T                       : -2.8951149469E-11 (Ha)
Fermi level                        : -2.1908130317E-01 (Ha)
RMS force                          :  8.6518717751E-03 (Ha/Bohr)
Maximum force                      :  1.2435065517E-02 (Ha/Bohr)
Time for force calculation         :  0.019 (sec)
***************************************************************************
                               Timing info                                 
***************************************************************************
Total walltime                     :  61.939 sec
___________________________________________________________________________

***************************************************************************
*             Material Physics & Mechanics Group, Georgia Tech            *
*                       PI: Phanish Suryanarayana                         *
*                Main Developers: Qimen Xu, Abhiraj Sharma                *
*     Collaborators: J.E. Pask (LLNL), A.J. Medford (GT), E. Chow (GT)    *
*  Acknowledgements: U.S. DOE (DE-SC0019410); U.S. NSF (1333500,1553212)  *
***************************************************************************
                                                                           
