***************************************************************************
*                       SPARC (version Dec 27, 2021)                      *
*   Copyright (c) 2020 Material Physics & Mechanics Group, Georgia Tech   *
*           Distributed under GNU General Public License 3 (GPL)          *
*                   Start time: Sat Jan 15 14:43:03 2022                  *
***************************************************************************
                           Input parameters                                
***************************************************************************
CELL: 12.4338823950489 16.8986769044157 47.5378507412217 
LATVEC:
1.000000000000000 0.000000000000000 0.000000000000000 
-0.000130020950961 0.999999991547276 0.000000000000000 
0.000000000000000 -0.000000000000000 1.000000000000000 
FD_GRID: 66 89 252
FD_ORDER: 12
BC: P P D
KPOINT_GRID: 2 2 1
KPOINT_SHIFT: 0 0 0
SPIN_TYP: 1
ELEC_TEMP_TYPE: Gaussian
SMEARING: 0.007349864435
CHEB_DEGREE: 37
NSTATES: 269
EXCHANGE_CORRELATION: HSE
CALC_STRESS: 0
CALC_PRES: 0
CHEFSI_BOUND_FLAG: 0
MAXIT_SCF: 100
MINIT_SCF: 3
MAXIT_POISSON: 3000
TOL_SCF: 1.00E-06
POISSON_SOLVER: AAR
TOL_POISSON: 1.00E-08
TOL_LANCZOS: 1.00E-02
TOL_PSEUDOCHARGE: 1.00E-08
MIXING_VARIABLE: density
MIXING_PRECOND: kerker
MIXING_PRECOND_MAG: none
TOL_PRECOND: 3.57E-05
PRECOND_KERKER_KTF: 1
PRECOND_KERKER_THRESH: 0.1
MIXING_PARAMETER: 0.3
MIXING_PARAMETER_MAG: 0.3
MIXING_HISTORY: 7
PULAY_FREQUENCY: 1
PULAY_RESTART: 0
REFERENCE_CUTOFF: 0.5
RHO_TRIGGER: 4
FIX_RAND: 0
VERBOSITY: 1
PRINT_FORCES: 1
PRINT_ATOMS: 1
PRINT_EIGEN: 1
PRINT_DENSITY: 0
PRINT_ENERGY_DENSITY: 0
TOL_FOCK: 5.00E-05
TOL_SCF_INIT: 1.00E-04
MAXIT_FOCK: 1000
EXX_METHOD: FOURIER_SPACE
EXX_DIVERGENCE: AUXILIARY
ACE_FLAG: 1
EXX_ACE_MEM: 1
EXX_ACE_VALENCE_STATES: 10000
EXX_DOWNSAMPLING: 1 1 1
EXX_RANGE_FOCK: 0.106000
EXX_RANGE_PBE: 0.106000
OUTPUT_FILE: sprc-calc
***************************************************************************
                                Cell                                       
***************************************************************************
Lattice vectors (Bohr):
12.433882395048860 0.000000000000000 0.000000000000000 
-0.002197182041095 16.898676761575889 0.000000000000000 
0.000000000000000 -0.000000000000000 47.537850741221725 
Volume                  :  9.9884706279E+03 (Bohr^3)
***************************************************************************
                           Parallelization                                 
***************************************************************************
NP_SPIN_PARAL: 2
NP_KPOINT_PARAL: 4
NP_BAND_PARAL: 1
NP_DOMAIN_PARAL: 2 3 7
NP_DOMAIN_PHI_PARAL: 4 6 14
EIG_SERIAL_MAXNS: 1500
***************************************************************************
                             Initialization                                
***************************************************************************
Number of processors               :  336
Mesh spacing in x-direction        :  0.188392 (Bohr)
Mesh spacing in y-direction        :  0.189873 (Bohr)
Mesh spacing in z direction        :  0.188642 (Bohr)
Number of symmetry adapted k-points:  4
Output printed to                  :  sprc-calc.out
Final eigenvalues printed to       :  sprc-calc.eigen
Total number of atom types         :  4
Total number of atoms              :  59
Total number of electrons          :  440
Atom type 1  (valence electrons)   :  H 1
Pseudopotential                    :  H.psp8
Pseudocharge radii of atom type 1  :  3.77 3.80 3.77 (x, y, z dir)
Number of atoms of type 1          :  4
Atom type 2  (valence electrons)   :  N 5
Pseudopotential                    :  N.psp8
Pseudocharge radii of atom type 2  :  6.78 6.65 6.79 (x, y, z dir)
Number of atoms of type 2          :  2
Atom type 3  (valence electrons)   :  O 6
Pseudopotential                    :  O.psp8
Pseudocharge radii of atom type 3  :  6.78 6.84 6.79 (x, y, z dir)
Number of atoms of type 3          :  35
Atom type 4  (valence electrons)   :  Ti 12
Pseudopotential                    :  Ti.psp8
Pseudocharge radii of atom type 4  :  6.78 6.84 6.79 (x, y, z dir)
Number of atoms of type 4          :  18
Estimated total memory usage       :  316.88 GB
Estimated memory per processor     :  965.74 MB
========================================================================================
                    Self Consistent Field (SCF#1)                     
========================================================================================
Iteration     Free Energy (Ha/atom)    Magnetization     SCF Error        Timing (sec)
1            -2.7871763454E+01         2.4041E+00        4.778E-01        203.177
2            -2.7961793174E+01        -1.1435E+00        3.407E-01        51.092
3            -2.8007689823E+01        -5.2308E-01        2.795E-01        51.679
4            -2.8030957780E+01         5.2339E+00        1.966E-01        51.151
5            -2.8004772619E+01        -9.4890E-07        1.288E-01        51.101
6            -2.7994636789E+01        -2.7538E-01        7.342E-02        51.118
7            -2.7997159750E+01        -2.9036E-01        4.779E-02        51.040
8            -2.7999129845E+01        -1.0016E-01        3.292E-02        51.120
9            -2.8000339406E+01        -8.4138E-02        2.215E-02        51.013
10           -2.8000179157E+01        -1.2092E-02        1.261E-02        51.839
11           -2.7995816612E+01        -2.3894E-03        7.824E-03        51.078
12           -2.7991088612E+01        -1.9947E-04        5.073E-03        51.426
13           -2.7988116225E+01        -4.7641E-05        3.971E-03        51.616
14           -2.7985063829E+01        -6.8351E-06        2.968E-03        51.399
15           -2.7982820476E+01        -2.5278E-07        2.256E-03        52.004
16           -2.7981221629E+01         9.0055E-07        1.753E-03        50.925
17           -2.7980435553E+01         8.3740E-07        1.340E-03        51.182
18           -2.7979536547E+01         8.1513E-07        1.005E-03        51.654
19           -2.7979175436E+01         3.5693E-07        7.222E-04        51.259
20           -2.7978753729E+01         1.9103E-07        5.377E-04        51.830
21           -2.7978302533E+01         7.0428E-08        3.578E-04        51.320
22           -2.7978095373E+01         1.0798E-08        2.243E-04        51.153
23           -2.7977944568E+01         7.7067E-09        1.658E-04        51.027
24           -2.7977791218E+01         1.2470E-08        1.013E-04        50.895
25           -2.7977737581E+01         1.0853E-08        6.564E-05        50.788
Total number of SCF: 25    

k = [0.000, 0.000, 0.000]
Occupation of state 242 = 0.000000000000000.
Occupation of state 269 = 0.000000000000000.

No.1 Exx outer loop: 
1            -2.7781340553E+01         6.3014E-10        1.476E-02        82.013
2            -2.7772991577E+01         2.5245E-09        1.340E-02        79.446
3            -2.7777921962E+01        -1.2435E-08        8.926E-03        79.498
4            -2.7786139542E+01        -1.3930E-04        6.504E-03        79.572
5            -2.7786446842E+01        -1.0067E-07        3.984E-03        79.400
6            -2.7787257773E+01        -6.6077E-08        2.795E-03        79.199
7            -2.7785934888E+01         2.7941E-10        2.254E-03        82.892
8            -2.7786343718E+01        -1.1684E-09        1.519E-03        80.952
9            -2.7784137539E+01        -4.1371E-10        1.456E-03        79.325
10           -2.7784181667E+01        -9.7486E-11        6.549E-04        79.407
11           -2.7783431716E+01         5.3063E-11        3.283E-04        79.544
12           -2.7783184816E+01         6.1755E-10        1.805E-04        79.293
13           -2.7783058223E+01         7.9126E-10        1.318E-04        79.185
14           -2.7783005843E+01         9.1555E-10        1.026E-04        79.167
15           -2.7782995089E+01         9.4892E-10        8.407E-05        79.110
16           -2.7782996386E+01         9.3456E-10        6.196E-05        79.123
17           -2.7782992011E+01         9.2729E-10        5.385E-05        79.261
18           -2.7782996049E+01         9.1663E-10        4.076E-05        79.334
19           -2.7782991194E+01         9.1813E-10        2.877E-05        80.461
20           -2.7782977979E+01         9.1467E-10        1.692E-05        79.268
21           -2.7782973347E+01         8.8869E-10        1.015E-05        79.373
22           -2.7782969520E+01         8.7567E-10        7.597E-06        79.202
23           -2.7782964801E+01         8.7198E-10        5.375E-06        79.264
24           -2.7782960660E+01         8.6874E-10        3.492E-06        79.156
25           -2.7782958847E+01         8.7007E-10        2.379E-06        78.810
26           -2.7782958310E+01         8.7019E-10        1.993E-06        78.949
27           -2.7782957923E+01         8.7010E-10        1.565E-06        79.095
28           -2.7782957927E+01         8.6973E-10        1.215E-06        79.224
29           -2.7782957542E+01         8.6931E-10        7.070E-07        81.205
Total number of SCF: 29    

k = [0.000, 0.000, 0.000]
Occupation of state 242 = 0.000000000000000.
Occupation of state 269 = 0.000000000000000.
Exx outer loop error: 6.2480205072e-01 

No.2 Exx outer loop: 
1            -2.7783204242E+01         2.2848E-09        1.539E-03        81.841
2            -2.7782510345E+01         2.4910E-09        1.552E-03        79.319
3            -2.7783233862E+01         2.3563E-09        1.219E-03        81.521
4            -2.7783675763E+01         2.4976E-09        8.283E-04        83.342
5            -2.7783689882E+01         1.9391E-09        6.417E-04        79.812
6            -2.7783939906E+01         1.7416E-09        4.415E-04        79.538
7            -2.7783748707E+01         2.0077E-09        3.279E-04        79.399
8            -2.7783665738E+01         1.9373E-09        2.381E-04        79.248
9            -2.7783349151E+01         1.8898E-09        1.715E-04        79.431
10           -2.7783287507E+01         1.7289E-09        9.573E-05        79.336
11           -2.7783251799E+01         1.7595E-09        6.840E-05        79.039
12           -2.7783232186E+01         1.8098E-09        3.806E-05        79.204
13           -2.7783221263E+01         1.8316E-09        2.578E-05        79.207
14           -2.7783208987E+01         1.8360E-09        1.743E-05        79.129
15           -2.7783209382E+01         1.8401E-09        1.246E-05        79.115
16           -2.7783207873E+01         1.8294E-09        9.156E-06        79.886
17           -2.7783206568E+01         1.8166E-09        5.846E-06        79.099
18           -2.7783202851E+01         1.8126E-09        4.019E-06        79.172
19           -2.7783201980E+01         1.8148E-09        2.649E-06        79.102
20           -2.7783202487E+01         1.8170E-09        1.979E-06        79.207
21           -2.7783203176E+01         1.8181E-09        1.456E-06        79.091
22           -2.7783203245E+01         1.8176E-09        9.645E-07        78.675
Total number of SCF: 22    

k = [0.000, 0.000, 0.000]
Occupation of state 242 = 0.000000000000000.
Occupation of state 269 = 0.000000000000000.
Exx outer loop error: 1.1133586923e-02 

No.3 Exx outer loop: 
1            -2.7783227776E+01         1.2598E-09        2.167E-04        81.882
2            -2.7783159761E+01         1.2468E-09        2.953E-04        79.172
3            -2.7783218363E+01         1.2161E-09        2.986E-04        79.021
4            -2.7783199006E+01         1.2375E-09        3.185E-04        79.218
5            -2.7783237701E+01         1.2912E-09        3.151E-04        79.199
6            -2.7783302471E+01         1.2814E-09        3.153E-04        79.632
7            -2.7783246132E+01         1.1950E-09        2.831E-04        83.931
8            -2.7783305889E+01         1.1842E-09        3.053E-04        79.975
9            -2.7783233251E+01         1.2047E-09        2.999E-04        79.310
10           -2.7783300126E+01         1.1826E-09        1.933E-04        79.277
11           -2.7783226977E+01         1.0362E-09        9.196E-05        79.312
12           -2.7783232521E+01         9.7921E-10        5.161E-05        79.016
13           -2.7783228836E+01         9.5932E-10        4.319E-05        79.321
14           -2.7783212465E+01         9.3374E-10        2.855E-05        79.042
15           -2.7783219159E+01         9.3144E-10        3.973E-05        79.025
16           -2.7783221317E+01         9.3513E-10        3.689E-05        79.177
17           -2.7783221194E+01         9.4093E-10        2.222E-05        79.061
18           -2.7783234227E+01         9.4187E-10        2.643E-05        79.147
19           -2.7783228598E+01         9.4121E-10        1.766E-05        79.561
20           -2.7783216569E+01         9.3624E-10        8.428E-06        79.103
21           -2.7783214014E+01         9.3542E-10        4.656E-06        79.405
22           -2.7783213239E+01         9.3581E-10        2.946E-06        78.949
23           -2.7783212818E+01         9.3468E-10        1.852E-06        79.471
24           -2.7783211092E+01         9.3391E-10        1.429E-06        79.016
25           -2.7783210603E+01         9.3408E-10        1.094E-06        79.139
26           -2.7783210311E+01         9.3448E-10        8.567E-07        78.715
Total number of SCF: 26    

k = [0.000, 0.000, 0.000]
Occupation of state 242 = 0.000000000000000.
Occupation of state 269 = 0.000000000000000.
Exx outer loop error: 1.0163844052e-03 

No.4 Exx outer loop: 
1            -2.7783215602E+01         5.2489E-10        4.014E-05        81.674
2            -2.7783208092E+01         5.0787E-10        7.274E-05        79.237
3            -2.7783224360E+01         5.1145E-10        8.721E-05        79.121
4            -2.7783217284E+01         5.1656E-10        8.553E-05        79.136
5            -2.7783217547E+01         5.0875E-10        8.085E-05        79.117
6            -2.7783215542E+01         5.0775E-10        8.062E-05        82.181
7            -2.7783218233E+01         5.0397E-10        7.783E-05        81.993
8            -2.7783222863E+01         5.0380E-10        7.764E-05        78.954
9            -2.7783229225E+01         5.0679E-10        7.893E-05        79.031
10           -2.7783235077E+01         4.7095E-10        7.944E-05        79.079
11           -2.7783205446E+01         4.2110E-10        1.924E-05        79.641
12           -2.7783213248E+01         4.0049E-10        1.211E-05        79.349
13           -2.7783214470E+01         3.8466E-10        8.267E-06        79.030
14           -2.7783215132E+01         3.8327E-10        5.401E-06        79.086
15           -2.7783213940E+01         3.8105E-10        3.701E-06        79.184
16           -2.7783214450E+01         3.8094E-10        3.000E-06        79.021
17           -2.7783214446E+01         3.8165E-10        2.524E-06        78.969
18           -2.7783214216E+01         3.8165E-10        2.031E-06        78.891
19           -2.7783212615E+01         3.8099E-10        1.534E-06        79.570
20           -2.7783211858E+01         3.7988E-10        1.185E-06        79.138
21           -2.7783211132E+01         3.7920E-10        9.003E-07        78.752
Total number of SCF: 21    

k = [0.000, 0.000, 0.000]
Occupation of state 242 = 0.000000000000000.
Occupation of state 269 = 0.000000000000000.
Exx outer loop error: 1.9879664508e-04 

No.5 Exx outer loop: 
1            -2.7783213605E+01         1.9878E-10        1.119E-05        82.112
2            -2.7783211628E+01         1.9071E-10        2.272E-05        78.961
3            -2.7783213561E+01         1.9398E-10        2.810E-05        79.027
4            -2.7783212940E+01         1.8247E-10        2.110E-05        78.741
5            -2.7783214496E+01         1.8159E-10        2.049E-05        78.902
6            -2.7783217248E+01         1.7718E-10        2.199E-05        79.088
7            -2.7783216082E+01         1.7803E-10        1.787E-05        85.454
8            -2.7783214954E+01         1.7559E-10        1.752E-05        85.644
9            -2.7783208033E+01         1.6513E-10        1.041E-05        86.009
10           -2.7783209863E+01         1.4890E-10        1.035E-05        86.101
11           -2.7783207914E+01         1.4438E-10        3.315E-06        88.105
12           -2.7783208659E+01         1.4165E-10        1.777E-06        85.779
13           -2.7783208748E+01         1.4103E-10        1.150E-06        85.315
14           -2.7783209137E+01         1.4086E-10        8.238E-07        85.328
Total number of SCF: 14    

k = [0.000, 0.000, 0.000]
Occupation of state 242 = 0.000000000000000.
Occupation of state 269 = 0.000000000000000.
Exx outer loop error: 6.3902975002e-04 

No.6 Exx outer loop: 
1            -2.7783208850E+01         7.0628E-11        3.728E-06        88.570
2            -2.7783209477E+01         6.7530E-11        9.383E-06        85.305
3            -2.7783209879E+01         5.8492E-11        6.394E-06        86.064
4            -2.7783209491E+01         5.2239E-11        3.427E-06        85.956
5            -2.7783209902E+01         5.1273E-11        2.608E-06        85.924
6            -2.7783209705E+01         4.8374E-11        8.645E-07        85.557
Total number of SCF: 6     

k = [0.000, 0.000, 0.000]
Occupation of state 242 = 0.000000000000000.
Occupation of state 269 = 0.000000000000000.
Exx outer loop error: 8.7521990786e-05 

No.7 Exx outer loop: 
1            -2.7783210302E+01         2.2226E-11        2.260E-06        88.147
2            -2.7783209926E+01         2.1231E-11        4.751E-06        85.434
3            -2.7783210607E+01         1.3898E-11        1.624E-06        85.745
4            -2.7783210581E+01         1.5262E-11        1.701E-06        85.474
5            -2.7783210282E+01         1.4268E-11        8.889E-07        86.136
Total number of SCF: 5     

k = [0.000, 0.000, 0.000]
Occupation of state 242 = 0.000000000000000.
Occupation of state 269 = 0.000000000000000.
Exx outer loop error: 1.2528115309e-04 

No.8 Exx outer loop: 
1            -2.7783211230E+01         4.7180E-12        2.446E-06        87.648
2            -2.7783210323E+01         4.5191E-12        2.962E-06        85.521
3            -2.7783210491E+01         1.5916E-12        1.075E-06        86.572
4            -2.7783210379E+01         1.7053E-12        7.381E-07        85.922
Total number of SCF: 4     

k = [0.000, 0.000, 0.000]
Occupation of state 242 = 0.000000000000000.
Occupation of state 269 = 0.000000000000000.
Exx outer loop error: 7.2387846066e-05 

No.9 Exx outer loop: 
1            -2.7783211145E+01        -1.2790E-12        2.710E-06        88.976
2            -2.7783210327E+01        -1.5064E-12        2.459E-06        85.658
3            -2.7783210302E+01        -2.4443E-12        8.744E-07        84.995
Total number of SCF: 3     

k = [0.000, 0.000, 0.000]
Occupation of state 242 = 0.000000000000000.
Occupation of state 269 = 0.000000000000000.
Exx outer loop error: 2.2989029484e-05 
====================================================================
                    Energy and force calculation                    
====================================================================
Free energy per atom               : -2.7783209534E+01 (Ha/atom)
Total free energy                  : -1.6392093625E+03 (Ha)
Band structure energy              : -4.1575144112E+02 (Ha)
Exchange correlation energy        : -2.9164383531E+02 (Ha)
Self and correction energy         : -2.1628556940E+03 (Ha)
Entropy*kb*T                       : -4.4972982638E-09 (Ha)
Fermi level                        : -1.8961961706E-01 (Ha)
RMS force                          :  2.4430149688E-02 (Ha/Bohr)
Maximum force                      :  9.3024872689E-02 (Ha/Bohr)
Time for force calculation         :  1.017 (sec)
***************************************************************************
                               Timing info                                 
***************************************************************************
Total walltime                     :  26185.671 sec
___________________________________________________________________________

***************************************************************************
*             Material Physics & Mechanics Group, Georgia Tech            *
*                       PI: Phanish Suryanarayana                         *
*                Main Developers: Qimen Xu, Abhiraj Sharma                *
*     Collaborators: J.E. Pask (LLNL), A.J. Medford (GT), E. Chow (GT)    *
*  Acknowledgements: U.S. DOE (DE-SC0019410); U.S. NSF (1333500,1553212)  *
***************************************************************************
                                                                           
