***************************************************************************
*                       SPARC (version Dec 27, 2021)                      *
*   Copyright (c) 2020 Material Physics & Mechanics Group, Georgia Tech   *
*           Distributed under GNU General Public License 3 (GPL)          *
*                   Start time: Wed Jan 12 12:49:27 2022                  *
***************************************************************************
                           Input parameters                                
***************************************************************************
CELL: 12.4338823950489 11.2657846029438 47.5378507412217 
LATVEC:
1.000000000000000 0.000000000000000 0.000000000000000 
-0.000130020950961 0.999999991547276 0.000000000000000 
0.000000000000000 -0.000000000000000 1.000000000000000 
FD_GRID: 66 60 252
FD_ORDER: 12
BC: P P D
KPOINT_GRID: 4 4 1
KPOINT_SHIFT: 0 0 0
SPIN_TYP: 1
ELEC_TEMP_TYPE: Gaussian
SMEARING: 0.007349864435
CHEB_DEGREE: 37
NSTATES: 239
EXCHANGE_CORRELATION: HSE
CALC_STRESS: 0
CALC_PRES: 0
CHEFSI_BOUND_FLAG: 0
MAXIT_SCF: 100
MINIT_SCF: 3
MAXIT_POISSON: 3000
TOL_SCF: 1.00E-06
POISSON_SOLVER: AAR
TOL_POISSON: 1.00E-08
TOL_LANCZOS: 1.00E-02
TOL_PSEUDOCHARGE: 1.00E-08
MIXING_VARIABLE: density
MIXING_PRECOND: kerker
MIXING_PRECOND_MAG: none
TOL_PRECOND: 3.54E-05
PRECOND_KERKER_KTF: 1
PRECOND_KERKER_THRESH: 0.1
MIXING_PARAMETER: 0.3
MIXING_PARAMETER_MAG: 0.3
MIXING_HISTORY: 7
PULAY_FREQUENCY: 1
PULAY_RESTART: 0
REFERENCE_CUTOFF: 0.5
RHO_TRIGGER: 4
FIX_RAND: 0
VERBOSITY: 1
PRINT_FORCES: 1
PRINT_ATOMS: 1
PRINT_EIGEN: 1
PRINT_DENSITY: 0
PRINT_ENERGY_DENSITY: 0
TOL_FOCK: 5.00E-05
TOL_SCF_INIT: 1.00E-04
MAXIT_FOCK: 1000
EXX_METHOD: FOURIER_SPACE
EXX_DIVERGENCE: AUXILIARY
ACE_FLAG: 1
EXX_ACE_MEM: 1
EXX_ACE_VALENCE_STATES: 10000
EXX_DOWNSAMPLING: 1 1 1
EXX_RANGE_FOCK: 0.106000
EXX_RANGE_PBE: 0.106000
OUTPUT_FILE: sprc-calc
***************************************************************************
                                Cell                                       
***************************************************************************
Lattice vectors (Bohr):
12.433882395048860 0.000000000000000 0.000000000000000 
-0.001464788027397 11.265784507717260 0.000000000000000 
0.000000000000000 -0.000000000000000 47.537850741221725 
Volume                  :  6.6589804186E+03 (Bohr^3)
***************************************************************************
                           Parallelization                                 
***************************************************************************
NP_SPIN_PARAL: 2
NP_KPOINT_PARAL: 10
NP_BAND_PARAL: 1
NP_DOMAIN_PARAL: 2 1 8
NP_DOMAIN_PHI_PARAL: 4 4 21
EIG_SERIAL_MAXNS: 1500
***************************************************************************
                             Initialization                                
***************************************************************************
Number of processors               :  336
Mesh spacing in x-direction        :  0.188392 (Bohr)
Mesh spacing in y-direction        :  0.187763 (Bohr)
Mesh spacing in z direction        :  0.188642 (Bohr)
Number of symmetry adapted k-points:  10
Output printed to                  :  sprc-calc.out
Final eigenvalues printed to       :  sprc-calc.eigen
Total number of atom types         :  4
Total number of atoms              :  51
Total number of electrons          :  390
Atom type 1  (valence electrons)   :  H 1
Pseudopotential                    :  H.psp8
Pseudocharge radii of atom type 1  :  3.77 3.76 3.77 (x, y, z dir)
Number of atoms of type 1          :  2
Atom type 2  (valence electrons)   :  N 5
Pseudopotential                    :  N.psp8
Pseudocharge radii of atom type 2  :  6.78 6.76 6.79 (x, y, z dir)
Number of atoms of type 2          :  2
Atom type 3  (valence electrons)   :  O 6
Pseudopotential                    :  O.psp8
Pseudocharge radii of atom type 3  :  6.78 6.76 6.79 (x, y, z dir)
Number of atoms of type 3          :  31
Atom type 4  (valence electrons)   :  Ti 12
Pseudopotential                    :  Ti.psp8
Pseudocharge radii of atom type 4  :  6.78 6.76 6.79 (x, y, z dir)
Number of atoms of type 4          :  16
Estimated total memory usage       :  448.99 GB
Estimated memory per processor     :  1.34 GB
========================================================================================
                    Self Consistent Field (SCF#1)                     
========================================================================================
Iteration     Free Energy (Ha/atom)    Magnetization     SCF Error        Timing (sec)
1            -2.8668856932E+01         3.9561E+00        4.509E-01        295.557
2            -3.0299854784E+01        -8.7191E-01        4.339E-01        86.764
3            -2.9433550201E+01         8.2254E+00        3.546E-01        77.285
4            -2.8944148958E+01         1.9002E+00        3.164E-01        76.247
5            -2.9206036763E+01         9.1098E+00        2.690E-01        75.509
6            -2.9125812104E+01         5.8513E+00        1.881E-01        75.562
7            -2.9172954173E+01         3.2653E+00        1.707E-01        103.407
8            -2.9181569912E+01         1.2270E+00        1.302E-01        74.032
9            -2.9166937099E+01         4.0366E+00        1.125E-01        74.535
10           -2.9149474102E+01         2.4264E+00        9.272E-02        74.029
11           -2.9098405558E+01         1.3882E+00        6.880E-02        74.023
12           -2.9064072078E+01         2.4279E+00        5.900E-02        73.956
13           -2.9046015655E+01         2.1147E+00        6.087E-02        74.101
14           -2.9023534718E+01         1.4406E+00        5.176E-02        74.179
15           -2.8973571963E+01         1.6654E+00        5.123E-02        74.206
16           -2.8935374743E+01         1.9343E+00        4.112E-02        74.519
17           -2.8898475786E+01         1.9178E+00        3.369E-02        74.429
18           -2.8853063771E+01         6.0549E-01        5.224E-02        74.260
19           -2.8846209282E+01         7.2429E-01        4.820E-02        74.364
20           -2.8842570184E+01         1.8161E-01        4.780E-02        75.770
21           -2.8831257969E+01         1.3295E-01        2.695E-02        74.512
22           -2.8832718796E+01         6.6156E-01        2.221E-02        74.267
23           -2.8828269167E+01         1.5251E+00        2.029E-02        74.545
24           -2.8808408793E+01         2.4891E-01        2.014E-02        74.082
25           -2.8803568936E+01         3.4281E-01        1.860E-02        74.099
26           -2.8789691091E+01         8.2916E-01        1.508E-02        74.031
27           -2.8786562196E+01         7.0023E-01        1.289E-02        74.061
28           -2.8776923870E+01         5.3071E-01        1.805E-02        73.875
29           -2.8772685361E+01         6.5898E-01        8.323E-03        73.900
30           -2.8771397023E+01         7.0146E-01        8.399E-03        74.201
31           -2.8769074010E+01         6.0048E-01        7.361E-03        74.202
32           -2.8768274284E+01         7.4136E-01        7.175E-03        74.053
33           -2.8766678560E+01         7.8628E-01        4.901E-03        74.001
34           -2.8765890602E+01         8.7130E-01        7.077E-03        73.887
35           -2.8766020780E+01         8.8909E-01        7.938E-03        73.976
36           -2.8766511030E+01         9.2343E-01        7.969E-03        73.957
37           -2.8766855373E+01         9.6656E-01        7.973E-03        74.684
38           -2.8766184923E+01         7.4295E-01        8.932E-03        73.877
39           -2.8765807498E+01         5.7755E-01        9.311E-03        74.018
40           -2.8766600402E+01         1.0234E+00        6.847E-03        73.975
41           -2.8766786935E+01         5.8150E-01        9.822E-03        74.403
42           -2.8765974404E+01         6.2022E-01        8.590E-03        74.057
43           -2.8766345309E+01         6.3632E-01        1.117E-02        75.026
44           -2.8771283460E+01         5.8910E-02        8.322E-02        75.408
45           -2.8765317439E+01         5.3772E-01        1.059E-02        76.031
46           -2.8764664481E+01         8.3162E-01        5.893E-03        74.236
47           -2.8764508975E+01         9.1725E-01        4.778E-03        74.317
48           -2.8764180078E+01         6.3871E-01        8.726E-03        74.537
49           -2.8764573420E+01         7.8391E-01        6.272E-03        74.302
50           -2.8764037130E+01         6.9586E-01        6.487E-03        74.163
51           -2.8763968096E+01         6.8555E-01        6.699E-03        74.371
52           -2.8763581111E+01         8.3605E-01        5.451E-03        74.303
53           -2.8762740850E+01         9.9762E-01        6.433E-03        74.305
54           -2.8762359043E+01         9.5209E-01        2.560E-03        74.293
55           -2.8762454947E+01         9.1036E-01        2.361E-03        75.040
56           -2.8762363809E+01         7.8656E-01        2.571E-03        73.677
57           -2.8762280289E+01         8.0720E-01        1.620E-03        74.245
58           -2.8762097643E+01         8.4176E-01        1.187E-03        73.792
59           -2.8762003957E+01         8.3720E-01        1.033E-03        76.416
60           -2.8761853635E+01         8.6974E-01        9.690E-04        74.565
61           -2.8761912315E+01         8.6571E-01        2.062E-03        73.789
62           -2.8761904676E+01         8.6141E-01        1.766E-03        73.827
63           -2.8761800777E+01         9.2386E-01        1.016E-03        74.215
64           -2.8761755845E+01         9.3632E-01        8.017E-04        74.033
65           -2.8761698244E+01         9.5465E-01        4.390E-04        74.089
66           -2.8761735943E+01         9.4351E-01        1.078E-03        74.039
67           -2.8761663616E+01         9.7099E-01        3.108E-04        76.325
68           -2.8761644340E+01         9.8245E-01        1.975E-04        76.257
69           -2.8761637690E+01         9.9389E-01        1.613E-04        79.256
70           -2.8761626548E+01         1.0019E+00        1.541E-04        75.985
71           -2.8761618152E+01         1.0094E+00        1.421E-04        80.418
72           -2.8761601552E+01         1.0129E+00        1.180E-04        78.701
73           -2.8761591511E+01         1.0131E+00        8.070E-05        77.645
Total number of SCF: 73    

k = [-0.250, -0.250, 0.000]
Occupation of state 215 = 0.000000000008882.
Occupation of state 239 = 0.000000000000000.

No.1 Exx outer loop: 
1            -2.8559319809E+01         1.0134E+00        1.481E-02        121.165
2            -2.8550693614E+01         1.1554E+00        1.450E-02        117.384
3            -2.8552612484E+01         9.9258E-01        1.035E-02        118.153
4            -2.8559670248E+01        -2.3763E-02        1.752E-02        119.055
5            -2.8557307597E+01         8.3097E-01        9.091E-03        117.042
6            -2.8560765769E+01         1.4775E+00        1.164E-02        117.056
7            -2.8560192269E+01         1.3171E+00        9.699E-03        117.321
8            -2.8560378009E+01         1.1202E+00        7.855E-03        116.739
9            -2.8561203378E+01         1.0865E+00        5.556E-03        117.050
10           -2.8561720316E+01         1.0795E+00        4.583E-03        117.587
11           -2.8561628450E+01         1.0024E+00        2.553E-03        118.031
12           -2.8561622576E+01         1.1037E+00        3.766E-03        117.323
13           -2.8561682970E+01         1.0926E+00        1.831E-03        117.165
14           -2.8561495881E+01         1.1161E+00        1.178E-03        117.137
15           -2.8561350456E+01         1.0730E+00        1.447E-03        118.229
16           -2.8561157517E+01         1.1336E+00        2.598E-03        118.452
17           -2.8561148649E+01         1.0914E+00        1.302E-03        118.041
18           -2.8561201050E+01         1.1017E+00        9.781E-04        120.004
19           -2.8561123404E+01         1.1021E+00        9.249E-04        118.090
20           -2.8561073406E+01         1.0874E+00        5.182E-04        118.057
21           -2.8560977613E+01         1.0859E+00        3.893E-04        118.046
22           -2.8560953914E+01         1.0942E+00        1.908E-04        118.242
23           -2.8560875895E+01         1.1014E+00        9.197E-05        117.869
24           -2.8560879275E+01         1.1018E+00        5.496E-05        118.327
25           -2.8560867763E+01         1.1027E+00        3.600E-05        117.053
26           -2.8560860159E+01         1.1029E+00        2.761E-05        118.411
27           -2.8560849660E+01         1.1027E+00        1.895E-05        117.983
28           -2.8560850810E+01         1.1025E+00        1.649E-05        117.966
29           -2.8560849630E+01         1.1023E+00        1.023E-05        118.140
30           -2.8560850491E+01         1.1021E+00        6.555E-06        117.066
31           -2.8560849485E+01         1.1021E+00        5.300E-06        117.810
32           -2.8560848762E+01         1.1020E+00        5.630E-06        117.387
33           -2.8560848111E+01         1.1020E+00        2.908E-06        117.729
34           -2.8560847276E+01         1.1020E+00        1.226E-06        118.723
35           -2.8560846905E+01         1.1020E+00        8.740E-07        116.408
Total number of SCF: 35    

k = [-0.250, -0.250, 0.000]
Occupation of state 215 = 0.000000000000010.
Occupation of state 239 = 0.000000000000000.
Exx outer loop error: 6.7811369373e-01 

No.2 Exx outer loop: 
1            -2.8561128457E+01         1.1350E+00        1.730E-03        121.002
2            -2.8560450551E+01         1.1331E+00        1.667E-03        117.303
3            -2.8560870372E+01         9.8272E-01        4.084E-03        117.495
4            -2.8560868260E+01         1.1212E+00        1.729E-03        117.377
5            -2.8561280088E+01         1.1632E+00        2.459E-03        119.050
6            -2.8561420351E+01         1.1536E+00        1.362E-03        117.944
7            -2.8561519229E+01         1.1399E+00        7.824E-04        117.947
8            -2.8561490918E+01         1.1460E+00        1.028E-03        117.928
9            -2.8561374171E+01         1.1346E+00        7.025E-04        117.831
10           -2.8561371795E+01         1.1368E+00        6.397E-04        118.146
11           -2.8561283969E+01         1.1362E+00        4.050E-04        117.831
12           -2.8561257611E+01         1.0576E+00        1.449E-03        118.308
13           -2.8561235981E+01         1.0973E+00        5.537E-04        118.009
14           -2.8561199393E+01         1.1356E+00        2.853E-04        116.872
15           -2.8561214293E+01         1.0792E+00        9.217E-04        117.631
16           -2.8561198353E+01         1.0926E+00        5.574E-04        116.806
17           -2.8561174734E+01         1.1275E+00        2.337E-04        116.924
18           -2.8561165551E+01         1.1145E+00        7.513E-05        117.164
19           -2.8561142051E+01         1.1224E+00        9.856E-05        116.814
20           -2.8561139189E+01         1.1228E+00        1.081E-04        118.992
21           -2.8561131423E+01         1.1216E+00        5.430E-05        116.913
22           -2.8561122225E+01         1.1204E+00        1.227E-05        117.025
23           -2.8561116045E+01         1.1213E+00        8.360E-06        116.975
24           -2.8561113050E+01         1.1218E+00        4.194E-06        116.953
25           -2.8561113069E+01         1.1217E+00        7.302E-06        116.787
26           -2.8561112911E+01         1.1222E+00        3.553E-06        117.434
27           -2.8561112614E+01         1.1221E+00        2.466E-06        116.960
28           -2.8561112336E+01         1.1223E+00        2.159E-06        116.649
29           -2.8561112443E+01         1.1222E+00        7.680E-07        116.689
Total number of SCF: 29    

k = [-0.250, -0.250, 0.000]
Occupation of state 215 = 0.000000000000011.
Occupation of state 239 = 0.000000000000000.
Exx outer loop error: 1.1894433344e-02 

No.3 Exx outer loop: 
1            -2.8561142467E+01         1.0959E+00        1.238E-03        121.601
2            -2.8561106615E+01         1.0503E+00        1.090E-03        117.078
3            -2.8561824580E+01         6.5344E-01        5.966E-03        117.363
4            -2.8561748389E+01         6.6952E-01        6.462E-03        116.964
5            -2.8561538079E+01         7.9980E-01        2.956E-03        116.779
6            -2.8561521727E+01         7.8716E-01        3.247E-03        116.955
7            -2.8561516749E+01         9.7465E-01        1.507E-03        116.773
8            -2.8561248115E+01         9.1269E-01        1.154E-03        116.853
9            -2.8561167378E+01         9.8315E-01        5.411E-04        117.436
10           -2.8561106400E+01         9.0446E-01        1.658E-03        116.998
11           -2.8561076204E+01         8.9695E-01        1.914E-03        117.399
12           -2.8561117953E+01         9.6993E-01        5.673E-04        116.750
13           -2.8561115418E+01         9.4762E-01        7.445E-04        118.664
14           -2.8561142975E+01         9.5762E-01        4.125E-04        117.810
15           -2.8561153414E+01         9.6295E-01        2.238E-04        116.705
16           -2.8561148955E+01         9.5962E-01        1.683E-04        116.719
17           -2.8561148837E+01         9.6330E-01        4.818E-05        116.459
18           -2.8561147055E+01         9.6845E-01        3.712E-05        117.419
19           -2.8561143488E+01         9.6976E-01        4.279E-05        116.644
20           -2.8561137691E+01         9.7034E-01        3.428E-05        116.546
21           -2.8561133311E+01         9.7026E-01        1.327E-05        116.477
22           -2.8561131886E+01         9.7038E-01        6.006E-06        116.427
23           -2.8561132646E+01         9.7068E-01        5.426E-06        124.589
24           -2.8561132989E+01         9.7068E-01        3.866E-06        117.004
25           -2.8561133400E+01         9.7092E-01        4.038E-06        116.654
26           -2.8561133497E+01         9.7048E-01        4.949E-06        139.816
27           -2.8561133986E+01         9.7072E-01        4.782E-06        116.891
28           -2.8561133708E+01         9.7085E-01        5.455E-06        118.331
29           -2.8561133497E+01         9.7053E-01        2.664E-06        117.666
30           -2.8561132971E+01         9.7034E-01        4.248E-06        116.668
31           -2.8561132586E+01         9.7043E-01        1.864E-06        116.629
32           -2.8561132199E+01         9.7046E-01        1.415E-06        116.541
33           -2.8561131974E+01         9.7049E-01        6.176E-07        116.185
Total number of SCF: 33    

k = [-0.250, -0.250, 0.000]
Occupation of state 215 = 0.000000000000006.
Occupation of state 239 = 0.000000000000000.
Exx outer loop error: 3.3718903630e-03 

No.4 Exx outer loop: 
1            -2.8561183205E+01         6.9328E-01        4.028E-03        120.848
2            -2.8561653590E+01         7.7506E-01        2.234E-03        117.805
3            -2.8562337340E+01         1.5277E+00        7.834E-03        116.643
4            -2.8561784410E+01         1.2081E+00        3.938E-03        116.713
5            -2.8561657289E+01         9.9191E-01        1.231E-03        116.872
6            -2.8561595508E+01         8.9743E-01        1.819E-03        117.029
7            -2.8561792656E+01         6.9616E-01        3.607E-03        117.502
8            -2.8561975747E+01         4.3621E-01        6.858E-03        116.800
9            -2.8561678884E+01         1.0404E+00        1.486E-03        117.865
10           -2.8561715114E+01         6.3308E-01        4.192E-03        117.917
11           -2.8561790524E+01         7.9754E-01        1.728E-03        118.007
12           -2.8561786547E+01         8.0647E-01        1.769E-03        116.944
13           -2.8561804186E+01         7.0200E-01        2.409E-03        117.104
14           -2.8561957428E+01         1.1750E+00        4.349E-03        116.843
15           -2.8561989976E+01         8.7134E-01        1.333E-03        116.911
16           -2.8562016569E+01         7.8343E-01        9.359E-04        116.915
17           -2.8561847465E+01         8.0517E-01        1.617E-03        118.220
18           -2.8561756011E+01         7.9405E-01        1.587E-03        116.927
19           -2.8561650087E+01         8.6729E-01        7.238E-04        116.821
20           -2.8561641806E+01         8.7815E-01        6.502E-04        117.094
21           -2.8561631379E+01         8.3939E-01        7.437E-04        117.047
22           -2.8561667803E+01         1.0649E+00        2.423E-03        116.871
23           -2.8561672776E+01         9.1459E-01        8.576E-04        116.982
24           -2.8561664856E+01         9.0123E-01        7.358E-04        116.609
25           -2.8561649679E+01         8.4457E-01        5.471E-04        116.846
26           -2.8561612112E+01         8.1839E-01        1.025E-03        117.025
27           -2.8561573925E+01         8.0961E-01        1.180E-03        116.774
28           -2.8561484842E+01         8.1422E-01        1.011E-03        116.849
29           -2.8561386762E+01         8.2643E-01        6.086E-04        117.048
30           -2.8561278689E+01         8.3069E-01        2.883E-04        117.457
31           -2.8561231786E+01         8.6390E-01        3.516E-04        118.677
32           -2.8561197438E+01         9.0967E-01        8.156E-04        117.960
33           -2.8561265938E+01         8.5016E-01        9.731E-05        119.060
34           -2.8561186853E+01         8.4157E-01        1.438E-04        116.835
35           -2.8561177777E+01         8.4466E-01        6.531E-05        116.758
36           -2.8561183533E+01         8.7628E-01        3.531E-04        116.446
37           -2.8561184788E+01         8.4582E-01        2.533E-05        116.666
38           -2.8561181984E+01         8.4942E-01        3.240E-05        118.748
39           -2.8561176519E+01         8.4608E-01        1.779E-05        117.608
40           -2.8561178929E+01         8.4857E-01        1.239E-05        116.578
41           -2.8561175468E+01         8.4688E-01        2.098E-05        117.383
42           -2.8561174598E+01         8.4763E-01        1.211E-05        116.733
43           -2.8561173374E+01         8.4888E-01        4.089E-06        117.312
44           -2.8561172384E+01         8.4920E-01        7.681E-06        116.623
45           -2.8561172633E+01         8.4849E-01        2.442E-06        116.708
46           -2.8561172208E+01         8.4871E-01        9.490E-07        116.890
Total number of SCF: 46    

k = [-0.250, -0.250, 0.000]
Occupation of state 215 = 0.000000000000000.
Occupation of state 239 = 0.000000000000000.
Exx outer loop error: 5.6822225367e-03 

No.5 Exx outer loop: 
1            -2.8561230173E+01         5.8776E-01        4.036E-03        169.697
2            -2.8561659235E+01         8.1425E-01        2.061E-03        128.928
3            -2.8561693083E+01         1.5099E+00        7.960E-03        138.017
4            -2.8561846273E+01         1.4932E+00        7.794E-03        116.911
5            -2.8561628793E+01         1.2030E+00        4.522E-03        118.015
6            -2.8561466995E+01         6.1128E-01        2.954E-03        116.990
7            -2.8561428694E+01         8.4875E-01        5.049E-04        117.487
8            -2.8561423607E+01         9.4231E-01        1.200E-03        117.097
9            -2.8561414837E+01         9.0225E-01        6.175E-04        117.022
10           -2.8561403293E+01         8.5771E-01        1.668E-04        117.220
11           -2.8561380939E+01         8.5530E-01        1.914E-04        117.430
12           -2.8561363514E+01         8.4650E-01        2.550E-04        117.502
13           -2.8561335698E+01         8.5614E-01        1.690E-04        117.221
14           -2.8561299814E+01         8.5472E-01        1.524E-04        117.062
15           -2.8561271617E+01         9.2011E-01        6.181E-04        116.821
16           -2.8561249643E+01         8.6601E-01        7.102E-05        117.318
17           -2.8561231112E+01         8.4361E-01        3.123E-04        116.939
18           -2.8561249273E+01         8.4737E-01        2.135E-04        117.504
19           -2.8561252501E+01         8.1098E-01        5.810E-04        116.740
20           -2.8561250236E+01         8.2341E-01        4.398E-04        118.477
21           -2.8561241047E+01         8.2677E-01        3.664E-04        116.671
22           -2.8561228585E+01         8.5010E-01        9.042E-05        117.925
23           -2.8561214974E+01         8.4945E-01        5.980E-05        117.817
24           -2.8561212797E+01         8.5155E-01        3.115E-05        117.938
25           -2.8561207329E+01         8.5116E-01        2.146E-05        118.050
26           -2.8561207270E+01         8.5310E-01        5.471E-06        117.640
27           -2.8561205366E+01         8.5392E-01        6.899E-06        117.743
28           -2.8561203497E+01         8.5326E-01        2.978E-06        116.792
29           -2.8561202563E+01         8.5374E-01        8.622E-06        116.950
30           -2.8561202642E+01         8.5395E-01        1.011E-05        116.955
31           -2.8561201983E+01         8.5411E-01        1.156E-05        117.173
32           -2.8561201977E+01         8.5371E-01        5.590E-06        116.889
33           -2.8561201921E+01         8.5353E-01        2.445E-06        117.019
34           -2.8561201589E+01         8.5371E-01        3.734E-06        116.776
35           -2.8561201638E+01         8.5377E-01        4.698E-06        120.426
36           -2.8561201474E+01         8.5363E-01        2.974E-06        116.696
37           -2.8561201259E+01         8.5389E-01        5.135E-06        116.842
38           -2.8561201224E+01         8.5366E-01        2.126E-06        116.618
39           -2.8561201269E+01         8.5349E-01        1.665E-06        116.627
40           -2.8561201277E+01         8.5341E-01        2.481E-06        116.750
41           -2.8561201162E+01         8.5356E-01        6.321E-07        117.185
Total number of SCF: 41    

k = [-0.250, -0.250, 0.000]
Occupation of state 215 = 0.000000000000000.
Occupation of state 239 = 0.000000000000000.
Exx outer loop error: 4.9876983881e-03 

No.6 Exx outer loop: 
1            -2.8561222662E+01         7.3704E-01        1.903E-03        124.417
2            -2.8561398690E+01         8.7303E-01        1.029E-03        117.138
3            -2.8561452918E+01         8.5025E-01        7.881E-04        116.328
4            -2.8561490920E+01         8.3230E-01        7.164E-04        116.666
5            -2.8561506999E+01         8.4585E-01        4.422E-04        116.753
6            -2.8561415204E+01         9.4140E-01        1.197E-03        117.074
7            -2.8561316804E+01         8.8489E-01        3.571E-04        117.023
8            -2.8561286826E+01         8.5901E-01        2.814E-04        116.745
9            -2.8561320478E+01         8.6917E-01        8.026E-05        117.308
10           -2.8561292086E+01         8.7377E-01        6.598E-05        116.579
11           -2.8561266338E+01         8.7249E-01        4.307E-05        116.754
12           -2.8561236398E+01         8.7288E-01        3.354E-05        116.582
13           -2.8561226153E+01         8.7487E-01        2.421E-05        116.277
14           -2.8561219464E+01         8.7592E-01        3.116E-05        117.274
15           -2.8561214732E+01         8.7343E-01        1.303E-05        117.710
16           -2.8561213842E+01         8.7260E-01        1.123E-05        116.681
17           -2.8561212773E+01         8.7319E-01        6.704E-06        118.652
18           -2.8561214285E+01         8.7292E-01        9.307E-06        116.481
19           -2.8561211117E+01         8.7286E-01        2.451E-06        116.598
20           -2.8561210184E+01         8.7241E-01        4.628E-06        116.567
21           -2.8561210180E+01         8.7132E-01        1.620E-05        116.490
22           -2.8561210053E+01         8.7243E-01        3.261E-06        116.734
23           -2.8561210334E+01         8.7156E-01        1.289E-05        116.574
24           -2.8561210319E+01         8.7254E-01        1.601E-06        116.369
25           -2.8561210326E+01         8.7230E-01        4.538E-06        116.524
26           -2.8561210377E+01         8.7248E-01        2.002E-06        116.631
27           -2.8561210350E+01         8.7261E-01        2.958E-07        116.417
Total number of SCF: 27    

k = [-0.250, -0.250, 0.000]
Occupation of state 215 = 0.000000000000000.
Occupation of state 239 = 0.000000000000000.
Exx outer loop error: 1.4119703849e-03 

No.7 Exx outer loop: 
1            -2.8561218807E+01         8.2857E-01        8.481E-04        120.282
2            -2.8561279167E+01         8.9850E-01        5.017E-04        117.009
3            -2.8561261801E+01         8.2013E-01        1.073E-03        116.814
4            -2.8561295259E+01         8.4343E-01        7.498E-04        116.684
5            -2.8561310153E+01         8.8782E-01        1.038E-04        116.843
6            -2.8561289194E+01         8.8948E-01        9.422E-05        116.889
7            -2.8561238987E+01         8.9124E-01        1.274E-04        116.769
8            -2.8561226206E+01         8.8939E-01        7.043E-05        116.700
9            -2.8561217718E+01         8.8908E-01        3.867E-05        116.844
10           -2.8561218346E+01         8.8888E-01        2.304E-05        117.153
11           -2.8561214034E+01         8.8849E-01        1.061E-05        116.520
12           -2.8561215890E+01         8.8848E-01        5.812E-06        124.497
13           -2.8561212188E+01         8.8886E-01        5.992E-06        118.105
14           -2.8561212404E+01         8.8875E-01        2.629E-06        116.519
15           -2.8561212912E+01         8.8884E-01        3.585E-06        116.520
16           -2.8561212769E+01         8.8881E-01        1.557E-06        116.403
17           -2.8561213143E+01         8.8866E-01        1.812E-06        116.413
18           -2.8561213414E+01         8.8910E-01        5.652E-06        116.614
19           -2.8561213602E+01         8.8882E-01        1.669E-06        117.152
20           -2.8561213619E+01         8.8890E-01        2.864E-06        116.570
21           -2.8561213648E+01         8.8863E-01        1.215E-06        116.388
22           -2.8561213673E+01         8.8842E-01        2.780E-06        116.126
23           -2.8561213604E+01         8.8860E-01        2.883E-07        116.230
Total number of SCF: 23    

k = [-0.250, -0.250, 0.000]
Occupation of state 215 = 0.000000000000000.
Occupation of state 239 = 0.000000000000000.
Exx outer loop error: 1.9238985446e-04 

No.8 Exx outer loop: 
1            -2.8561217114E+01         8.7482E-01        4.424E-04        121.455
2            -2.8561234594E+01         9.0980E-01        2.744E-04        117.673
3            -2.8561259864E+01         8.5331E-01        5.879E-04        117.187
4            -2.8561283333E+01         9.1770E-01        3.224E-04        116.944
5            -2.8561287078E+01         9.2852E-01        4.867E-04        116.729
6            -2.8561278877E+01         9.0674E-01        1.607E-04        116.851
7            -2.8561269181E+01         8.9342E-01        1.008E-04        116.909
8            -2.8561256716E+01         8.9557E-01        9.706E-05        116.995
9            -2.8561239697E+01         8.9778E-01        5.281E-05        117.894
10           -2.8561231334E+01         9.0166E-01        1.869E-05        117.123
11           -2.8561224846E+01         9.0086E-01        9.569E-06        117.204
12           -2.8561218253E+01         9.0006E-01        9.427E-06        118.255
13           -2.8561215522E+01         9.0058E-01        4.000E-06        116.446
14           -2.8561214315E+01         9.0011E-01        6.099E-06        116.633
15           -2.8561214779E+01         9.0018E-01        2.804E-06        116.805
16           -2.8561214976E+01         9.0079E-01        6.274E-06        117.080
17           -2.8561215587E+01         9.0051E-01        2.370E-06        118.030
18           -2.8561215732E+01         9.0040E-01        1.217E-06        117.656
19           -2.8561215579E+01         9.0023E-01        3.093E-06        118.030
20           -2.8561215635E+01         9.0049E-01        1.679E-06        117.626
21           -2.8561215421E+01         9.0036E-01        9.879E-07        116.779
Total number of SCF: 21    

k = [-0.250, -0.250, 0.000]
Occupation of state 215 = 0.000000000000000.
Occupation of state 239 = 0.000000000000000.
Exx outer loop error: 8.1627006805e-05 

No.9 Exx outer loop: 
1            -2.8561216699E+01         9.0148E-01        3.128E-04        120.415
2            -2.8561219316E+01         9.1390E-01        1.538E-04        116.582
3            -2.8561243502E+01         8.7859E-01        4.169E-04        117.551
4            -2.8561251236E+01         9.2491E-01        3.371E-04        117.633
5            -2.8561247702E+01         9.0061E-01        9.189E-05        117.456
6            -2.8561243153E+01         9.0739E-01        7.729E-05        117.288
7            -2.8561226797E+01         9.0322E-01        3.541E-05        116.897
8            -2.8561224482E+01         9.1727E-01        1.184E-04        116.763
9            -2.8561222220E+01         9.0821E-01        1.764E-05        116.581
10           -2.8561218861E+01         9.1074E-01        1.713E-05        118.866
11           -2.8561217743E+01         9.1160E-01        2.394E-05        119.720
12           -2.8561216511E+01         9.0925E-01        5.962E-06        117.242
13           -2.8561215749E+01         9.0944E-01        3.813E-06        117.365
14           -2.8561215848E+01         9.0939E-01        3.262E-06        119.909
15           -2.8561216008E+01         9.0972E-01        2.321E-06        117.212
16           -2.8561216190E+01         9.0971E-01        2.373E-06        118.139
17           -2.8561216128E+01         9.0951E-01        8.449E-07        122.931
Total number of SCF: 17    

k = [-0.250, -0.250, 0.000]
Occupation of state 215 = 0.000000000000000.
Occupation of state 239 = 0.000000000000000.
Exx outer loop error: 6.4638370237e-04 

No.10 Exx outer loop: 
1            -2.8561216650E+01         9.1388E-01        2.822E-04        120.817
2            -2.8561223035E+01         9.1716E-01        1.138E-04        117.296
3            -2.8561225343E+01         9.0610E-01        1.611E-04        116.882
4            -2.8561238198E+01         9.3447E-01        2.709E-04        118.376
5            -2.8561232447E+01         9.1697E-01        4.540E-05        117.521
6            -2.8561227443E+01         9.1688E-01        3.174E-05        117.418
7            -2.8561223421E+01         9.1680E-01        1.633E-05        117.401
8            -2.8561220714E+01         9.1762E-01        1.547E-05        117.812
9            -2.8561218608E+01         9.1720E-01        6.847E-06        118.358
10           -2.8561216863E+01         9.1720E-01        3.744E-06        117.716
11           -2.8561216370E+01         9.1684E-01        3.190E-06        117.632
12           -2.8561216576E+01         9.1712E-01        2.113E-06        116.762
13           -2.8561216433E+01         9.1701E-01        1.756E-06        116.769
14           -2.8561216376E+01         9.1702E-01        1.686E-06        116.737
15           -2.8561216584E+01         9.1668E-01        4.893E-06        116.621
16           -2.8561216683E+01         9.1672E-01        3.849E-06        116.705
17           -2.8561216813E+01         9.1712E-01        2.024E-06        116.393
18           -2.8561216735E+01         9.1702E-01        6.909E-07        116.714
Total number of SCF: 18    

k = [-0.250, -0.250, 0.000]
Occupation of state 215 = 0.000000000000000.
Occupation of state 239 = 0.000000000000000.
Exx outer loop error: 3.9851263788e-04 

No.11 Exx outer loop: 
1            -2.8561217513E+01         9.1912E-01        2.589E-04        120.457
2            -2.8561219903E+01         9.3036E-01        1.387E-04        116.654
3            -2.8561255322E+01         8.8501E-01        3.766E-04        116.860
4            -2.8561243293E+01         9.2405E-01        9.055E-05        116.652
5            -2.8561240934E+01         9.1961E-01        3.044E-05        116.793
6            -2.8561230189E+01         9.2400E-01        3.277E-05        117.013
7            -2.8561225742E+01         9.2213E-01        1.171E-05        116.584
8            -2.8561223728E+01         9.2267E-01        6.864E-06        116.523
9            -2.8561222702E+01         9.2365E-01        1.065E-05        117.603
10           -2.8561220798E+01         9.2225E-01        8.534E-06        116.201
11           -2.8561219334E+01         9.2204E-01        1.202E-05        126.108
12           -2.8561217984E+01         9.2277E-01        5.307E-06        116.938
13           -2.8561217078E+01         9.2308E-01        2.182E-06        116.579
14           -2.8561217155E+01         9.2287E-01        2.869E-06        139.404
15           -2.8561216974E+01         9.2330E-01        3.445E-06        116.535
16           -2.8561217324E+01         9.2313E-01        1.520E-06        116.584
17           -2.8561217448E+01         9.2309E-01        1.038E-06        116.651
18           -2.8561217484E+01         9.2297E-01        8.850E-07        116.499
Total number of SCF: 18    

k = [-0.250, -0.250, 0.000]
Occupation of state 215 = 0.000000000000000.
Occupation of state 239 = 0.000000000000000.
Exx outer loop error: 2.9016736545e-04 

No.12 Exx outer loop: 
1            -2.8561217938E+01         9.3363E-01        2.325E-04        121.407
2            -2.8561231634E+01         9.1386E-01        1.950E-04        117.006
3            -2.8561215869E+01         9.3073E-01        1.491E-04        116.842
4            -2.8561226609E+01         9.3567E-01        6.167E-05        116.915
5            -2.8561226180E+01         9.1667E-01        2.166E-04        116.869
6            -2.8561222937E+01         9.1472E-01        2.147E-04        116.924
7            -2.8561223945E+01         9.1805E-01        1.663E-04        118.111
8            -2.8561225879E+01         9.2500E-01        7.498E-05        117.391
9            -2.8561225648E+01         9.2863E-01        2.423E-05        116.720
10           -2.8561223572E+01         9.2622E-01        3.055E-05        117.448
11           -2.8561222526E+01         9.2836E-01        8.630E-06        116.584
12           -2.8561222050E+01         9.2398E-01        5.272E-05        116.507
13           -2.8561221243E+01         9.2585E-01        2.584E-05        117.795
14           -2.8561221966E+01         9.2431E-01        4.079E-05        117.495
15           -2.8561220298E+01         9.2740E-01        3.320E-06        117.537
16           -2.8561219140E+01         9.2757E-01        4.356E-06        117.544
17           -2.8561218850E+01         9.2802E-01        3.840E-06        116.439
18           -2.8561218649E+01         9.2817E-01        2.778E-06        116.506
19           -2.8561218573E+01         9.2826E-01        2.388E-06        116.617
20           -2.8561218416E+01         9.2828E-01        1.410E-06        116.490
21           -2.8561218218E+01         9.2833E-01        1.892E-06        116.780
22           -2.8561217914E+01         9.2812E-01        1.776E-06        116.514
23           -2.8561217664E+01         9.2815E-01        9.400E-07        116.100
Total number of SCF: 23    

k = [-0.250, -0.250, 0.000]
Occupation of state 215 = 0.000000000000000.
Occupation of state 239 = 0.000000000000000.
Exx outer loop error: 5.4482814118e-04 

No.13 Exx outer loop: 
1            -2.8561218116E+01         9.3743E-01        2.113E-04        120.095
2            -2.8561229744E+01         9.2102E-01        1.587E-04        116.966
3            -2.8561239924E+01         9.2992E-01        8.935E-05        117.051
4            -2.8561245733E+01         9.3070E-01        3.872E-05        116.651
5            -2.8561238569E+01         9.2746E-01        6.968E-05        116.232
6            -2.8561239087E+01         9.3678E-01        7.372E-05        116.669
7            -2.8561230979E+01         9.3623E-01        3.331E-05        117.264
8            -2.8561226633E+01         9.3497E-01        1.484E-05        117.084
9            -2.8561221989E+01         9.3308E-01        1.375E-05        116.842
10           -2.8561221248E+01         9.3288E-01        8.849E-06        117.375
11           -2.8561219598E+01         9.3291E-01        3.393E-06        116.820
12           -2.8561218877E+01         9.3292E-01        4.692E-06        117.794
13           -2.8561218348E+01         9.3269E-01        2.398E-06        118.818
14           -2.8561218360E+01         9.3258E-01        1.373E-06        116.522
15           -2.8561218382E+01         9.3261E-01        1.810E-06        116.799
16           -2.8561217815E+01         9.3255E-01        7.371E-07        116.733
Total number of SCF: 16    

k = [-0.250, -0.250, 0.000]
Occupation of state 215 = 0.000000000000000.
Occupation of state 239 = 0.000000000000000.
Exx outer loop error: 3.2910608903e-04 

No.14 Exx outer loop: 
1            -2.8561218051E+01         9.4003E-01        1.937E-04        120.989
2            -2.8561227018E+01         9.2764E-01        1.168E-04        116.847
3            -2.8561235738E+01         9.1279E-01        2.443E-04        117.153
4            -2.8561256137E+01         9.2081E-01        2.156E-04        118.426
5            -2.8561255613E+01         9.3751E-01        1.432E-04        116.889
6            -2.8561237427E+01         9.4188E-01        7.836E-05        130.042
7            -2.8561233861E+01         9.3733E-01        3.244E-05        117.188
8            -2.8561231360E+01         9.3655E-01        3.081E-05        117.299
9            -2.8561229128E+01         9.3739E-01        4.403E-05        117.933
10           -2.8561227874E+01         9.3732E-01        4.332E-05        117.462
11           -2.8561228512E+01         9.3726E-01        4.448E-05        117.260
12           -2.8561228484E+01         9.3708E-01        4.177E-05        117.772
13           -2.8561229964E+01         9.3780E-01        4.885E-05        117.725
14           -2.8561226188E+01         9.3674E-01        3.984E-05        117.025
15           -2.8561222395E+01         9.3661E-01        3.079E-05        117.055
16           -2.8561222350E+01         9.3623E-01        1.771E-05        176.005
17           -2.8561220383E+01         9.3585E-01        8.420E-06        167.443
18           -2.8561220723E+01         9.3728E-01        2.141E-05        129.576
19           -2.8561218657E+01         9.3754E-01        2.015E-05        123.228
20           -2.8561220579E+01         9.3605E-01        8.580E-06        134.227
21           -2.8561219562E+01         9.3723E-01        1.751E-05        162.467
22           -2.8561219779E+01         9.3531E-01        4.849E-06        174.006
23           -2.8561220833E+01         9.3644E-01        1.362E-05        150.373
24           -2.8561220249E+01         9.3759E-01        2.540E-05        137.920
25           -2.8561220491E+01         9.3877E-01        3.839E-05        169.298
26           -2.8561220311E+01         9.3733E-01        2.330E-05        149.747
27           -2.8561220292E+01         9.3723E-01        2.294E-05        149.301
28           -2.8561220186E+01         9.3733E-01        2.204E-05        170.417
29           -2.8561219888E+01         9.3700E-01        1.845E-05        147.572
30           -2.8561219320E+01         9.3689E-01        1.496E-05        117.685
31           -2.8561218420E+01         9.3638E-01        5.365E-06        116.846
32           -2.8561218141E+01         9.3612E-01        3.777E-06        116.891
33           -2.8561218769E+01         9.3447E-01        1.857E-05        116.597
34           -2.8561218282E+01         9.3655E-01        7.906E-06        116.761
35           -2.8561217990E+01         9.3565E-01        7.078E-06        117.453
36           -2.8561217474E+01         9.3497E-01        1.573E-05        117.400
37           -2.8561217327E+01         9.3645E-01        2.767E-06        117.324
38           -2.8561217500E+01         9.3627E-01        6.450E-07        116.727
Total number of SCF: 38    

k = [-0.250, -0.250, 0.000]
Occupation of state 215 = 0.000000000000000.
Occupation of state 239 = 0.000000000000000.
Exx outer loop error: 7.3403868871e-04 

No.15 Exx outer loop: 
1            -2.8561217597E+01         9.4363E-01        1.712E-04        120.832
2            -2.8561227136E+01         9.3106E-01        1.154E-04        116.644
3            -2.8561229974E+01         9.3861E-01        5.886E-05        116.507
4            -2.8561235573E+01         9.4180E-01        5.359E-05        117.109
5            -2.8561233096E+01         9.3922E-01        1.699E-05        116.795
6            -2.8561230149E+01         9.3959E-01        1.491E-05        116.953
7            -2.8561226032E+01         9.3960E-01        9.226E-06        117.010
8            -2.8561221630E+01         9.3905E-01        4.261E-06        116.766
9            -2.8561220045E+01         9.3955E-01        3.988E-06        116.690
10           -2.8561218007E+01         9.3931E-01        1.768E-06        116.948
11           -2.8561217840E+01         9.3955E-01        1.895E-06        117.092
12           -2.8561217570E+01         9.3948E-01        5.818E-07        117.300
Total number of SCF: 12    

k = [-0.250, -0.250, 0.000]
Occupation of state 215 = 0.000000000000000.
Occupation of state 239 = 0.000000000000000.
Exx outer loop error: 1.0194461250e-04 

No.16 Exx outer loop: 
1            -2.8561217476E+01         9.4432E-01        1.521E-04        120.377
2            -2.8561222995E+01         9.3851E-01        5.972E-05        116.643
3            -2.8561240291E+01         9.3074E-01        1.410E-04        117.227
4            -2.8561251934E+01         9.4026E-01        2.155E-05        117.341
5            -2.8561225848E+01         9.3910E-01        3.539E-05        116.970
6            -2.8561225451E+01         9.4250E-01        1.328E-05        117.278
7            -2.8561222442E+01         9.4255E-01        8.832E-06        117.470
8            -2.8561220721E+01         9.4206E-01        5.261E-06        116.863
9            -2.8561219530E+01         9.4223E-01        3.408E-06        125.824
10           -2.8561218061E+01         9.4232E-01        2.146E-06        117.944
11           -2.8561218400E+01         9.4219E-01        1.908E-06        117.289
12           -2.8561218465E+01         9.4238E-01        1.893E-06        133.535
13           -2.8561218666E+01         9.4236E-01        1.870E-06        116.448
14           -2.8561218036E+01         9.4210E-01        2.719E-06        116.755
15           -2.8561218244E+01         9.4207E-01        2.163E-06        116.842
16           -2.8561218285E+01         9.4214E-01        1.126E-06        124.443
17           -2.8561218110E+01         9.4232E-01        1.143E-06        116.354
18           -2.8561217842E+01         9.4223E-01        5.782E-07        116.517
Total number of SCF: 18    

k = [-0.250, -0.250, 0.000]
Occupation of state 215 = 0.000000000000000.
Occupation of state 239 = 0.000000000000000.
Exx outer loop error: 4.2690607603e-04 

No.17 Exx outer loop: 
1            -2.8561218152E+01         9.4513E-01        1.272E-04        120.397
2            -2.8561221254E+01         9.4412E-01        4.221E-05        116.636
3            -2.8561224898E+01         9.4001E-01        8.822E-05        116.800
4            -2.8561237586E+01         9.4304E-01        2.867E-05        116.982
5            -2.8561236182E+01         9.4397E-01        1.632E-05        117.060
6            -2.8561228069E+01         9.4622E-01        3.442E-05        116.675
7            -2.8561217533E+01         9.4368E-01        2.116E-05        116.429
8            -2.8561217567E+01         9.4384E-01        1.635E-05        116.486
9            -2.8561218494E+01         9.4381E-01        1.136E-05        116.496
10           -2.8561218971E+01         9.4456E-01        1.639E-06        116.872
11           -2.8561218189E+01         9.4442E-01        3.476E-06        116.767
12           -2.8561218175E+01         9.4420E-01        3.649E-06        116.437
13           -2.8561218194E+01         9.4434E-01        1.843E-06        116.544
14           -2.8561218138E+01         9.4433E-01        1.952E-06        116.737
15           -2.8561218127E+01         9.4456E-01        1.412E-06        118.630
16           -2.8561217988E+01         9.4432E-01        1.621E-06        117.932
17           -2.8561217810E+01         9.4443E-01        6.132E-07        116.832
Total number of SCF: 17    

k = [-0.250, -0.250, 0.000]
Occupation of state 215 = 0.000000000000000.
Occupation of state 239 = 0.000000000000000.
Exx outer loop error: 2.9079594141e-04 

No.18 Exx outer loop: 
1            -2.8561217727E+01         9.5080E-01        1.201E-04        119.977
2            -2.8561226024E+01         9.3622E-01        1.280E-04        117.882
3            -2.8561236294E+01         9.1637E-01        3.367E-04        116.785
4            -2.8561234966E+01         9.3123E-01        1.568E-04        116.646
5            -2.8561236570E+01         9.4243E-01        3.489E-05        118.148
6            -2.8561236562E+01         9.4841E-01        6.245E-05        116.718
7            -2.8561229695E+01         9.4865E-01        4.479E-05        117.859
8            -2.8561226953E+01         9.4687E-01        1.827E-05        117.875
9            -2.8561223067E+01         9.4652E-01        9.336E-06        118.375
10           -2.8561220873E+01         9.4658E-01        6.815E-06        116.556
11           -2.8561218846E+01         9.4640E-01        2.504E-06        116.620
12           -2.8561218244E+01         9.4646E-01        1.118E-06        116.485
13           -2.8561217959E+01         9.4639E-01        1.075E-06        116.434
14           -2.8561218021E+01         9.4640E-01        8.292E-07        116.866
Total number of SCF: 14    

k = [-0.250, -0.250, 0.000]
Occupation of state 215 = 0.000000000000000.
Occupation of state 239 = 0.000000000000000.
Exx outer loop error: 7.5063536074e-05 

No.19 Exx outer loop: 
1            -2.8561217993E+01         9.5183E-01        1.105E-04        120.229
2            -2.8561224187E+01         9.4029E-01        9.666E-05        117.024
3            -2.8561219341E+01         9.4551E-01        6.074E-05        116.543
4            -2.8561217363E+01         9.4842E-01        2.263E-05        117.233
5            -2.8561214766E+01         9.4785E-01        2.589E-05        116.822
6            -2.8561219538E+01         9.4799E-01        1.439E-05        116.748
7            -2.8561220607E+01         9.4792E-01        9.159E-06        116.878
8            -2.8561221852E+01         9.4834E-01        5.697E-06        118.527
9            -2.8561218968E+01         9.4829E-01        3.513E-06        116.887
10           -2.8561218928E+01         9.4805E-01        2.165E-06        116.973
11           -2.8561218699E+01         9.4793E-01        1.292E-06        121.393
12           -2.8561218109E+01         9.4825E-01        2.506E-06        116.645
13           -2.8561217815E+01         9.4801E-01        1.670E-06        121.280
14           -2.8561218018E+01         9.4807E-01        5.298E-07        125.183
Total number of SCF: 14    

k = [-0.250, -0.250, 0.000]
Occupation of state 215 = 0.000000000000000.
Occupation of state 239 = 0.000000000000000.
Exx outer loop error: 3.5572831406e-04 

No.20 Exx outer loop: 
1            -2.8561218180E+01         9.5281E-01        9.496E-05        120.663
2            -2.8561223808E+01         9.4188E-01        9.324E-05        116.453
3            -2.8561233520E+01         9.3376E-01        1.574E-04        116.843
4            -2.8561236646E+01         9.3141E-01        1.750E-04        116.724
5            -2.8561232752E+01         9.5134E-01        4.653E-05        116.461
6            -2.8561229592E+01         9.5026E-01        1.404E-05        117.455
7            -2.8561229062E+01         9.4991E-01        1.302E-05        117.715
8            -2.8561227438E+01         9.4978E-01        9.361E-06        116.595
9            -2.8561224721E+01         9.4952E-01        5.409E-06        116.621
10           -2.8561222171E+01         9.4946E-01        2.849E-06        117.257
11           -2.8561220017E+01         9.4957E-01        2.136E-06        116.460
12           -2.8561218857E+01         9.4914E-01        5.793E-06        116.528
13           -2.8561218913E+01         9.4933E-01        3.354E-06        116.074
14           -2.8561218194E+01         9.4920E-01        3.820E-06        116.389
15           -2.8561217902E+01         9.4936E-01        1.542E-06        116.079
16           -2.8561217853E+01         9.4962E-01        1.677E-06        115.975
17           -2.8561217968E+01         9.4956E-01        8.374E-07        116.209
Total number of SCF: 17    

k = [-0.250, -0.250, 0.000]
Occupation of state 215 = 0.000000000000000.
Occupation of state 239 = 0.000000000000000.
Exx outer loop error: 5.9381026891e-05 

No.21 Exx outer loop: 
1            -2.8561217801E+01         9.5204E-01        7.993E-05        120.824
2            -2.8561220372E+01         9.4965E-01        2.416E-05        116.645
3            -2.8561218794E+01         9.4743E-01        4.333E-05        116.898
4            -2.8561220246E+01         9.4745E-01        3.312E-05        116.683
5            -2.8561220295E+01         9.5194E-01        2.452E-05        116.834
6            -2.8561219164E+01         9.5186E-01        1.768E-05        116.893
7            -2.8561218271E+01         9.5066E-01        2.382E-06        116.675
8            -2.8561218285E+01         9.5081E-01        1.716E-06        117.097
9            -2.8561218085E+01         9.5134E-01        5.691E-06        116.510
10           -2.8561217623E+01         9.5085E-01        1.771E-06        116.863
11           -2.8561217663E+01         9.5114E-01        3.182E-06        116.687
12           -2.8561217654E+01         9.5090E-01        1.025E-06        117.971
13           -2.8561218028E+01         9.5105E-01        1.944E-06        119.948
14           -2.8561218121E+01         9.5081E-01        1.693E-06        119.850
15           -2.8561218420E+01         9.5084E-01        5.381E-07        116.488
Total number of SCF: 15    

k = [-0.250, -0.250, 0.000]
Occupation of state 215 = 0.000000000000000.
Occupation of state 239 = 0.000000000000000.
Exx outer loop error: 8.7222190160e-05 

No.22 Exx outer loop: 
1            -2.8561218711E+01         9.5137E-01        6.318E-05        119.835
2            -2.8561218695E+01         9.5458E-01        3.954E-05        116.501
3            -2.8561221303E+01         9.4895E-01        3.891E-05        116.516
4            -2.8561222204E+01         9.5013E-01        1.768E-05        116.636
5            -2.8561221137E+01         9.5272E-01        1.203E-05        117.398
6            -2.8561219255E+01         9.5131E-01        9.976E-06        116.455
7            -2.8561219576E+01         9.5151E-01        6.878E-06        116.366
8            -2.8561219134E+01         9.5215E-01        2.781E-06        116.785
9            -2.8561219118E+01         9.5166E-01        3.168E-06        116.496
10           -2.8561219000E+01         9.5200E-01        1.982E-06        116.413
11           -2.8561219045E+01         9.5181E-01        7.896E-07        116.370
Total number of SCF: 11    

k = [-0.250, -0.250, 0.000]
Occupation of state 215 = 0.000000000000000.
Occupation of state 239 = 0.000000000000000.
Exx outer loop error: 4.1099691089e-05 
====================================================================
                    Energy and force calculation                    
====================================================================
Free energy per atom               : -2.8561217756E+01 (Ha/atom)
Total free energy                  : -1.4566221055E+03 (Ha)
Band structure energy              : -3.7436828288E+02 (Ha)
Exchange correlation energy        : -2.5874589734E+02 (Ha)
Self and correction energy         : -1.9212854954E+03 (Ha)
Entropy*kb*T                       : -3.6448057428E-03 (Ha)
Fermi level                        : -1.7421179271E-01 (Ha)
RMS force                          :  2.0852693395E-02 (Ha/Bohr)
Maximum force                      :  1.0297803641E-01 (Ha/Bohr)
Time for force calculation         :  1.671 (sec)
***************************************************************************
                               Timing info                                 
***************************************************************************
Total walltime                     :  206292.011 sec
___________________________________________________________________________

***************************************************************************
*             Material Physics & Mechanics Group, Georgia Tech            *
*                       PI: Phanish Suryanarayana                         *
*                Main Developers: Qimen Xu, Abhiraj Sharma                *
*     Collaborators: J.E. Pask (LLNL), A.J. Medford (GT), E. Chow (GT)    *
*  Acknowledgements: U.S. DOE (DE-SC0019410); U.S. NSF (1333500,1553212)  *
***************************************************************************
                                                                           

***************************************************************************
*                       SPARC (version May 02, 2022)                      *
*   Copyright (c) 2020 Material Physics & Mechanics Group, Georgia Tech   *
*           Distributed under GNU General Public License 3 (GPL)          *
*                   Start time: Mon Jun 13 09:44:59 2022                  *
***************************************************************************
                           Input parameters                                
***************************************************************************
CELL: 12.4338823950489 11.2657846029438 47.5378507412217 
LATVEC:
1.000000000000000 0.000000000000000 0.000000000000000 
-0.000130020950961 0.999999991547276 0.000000000000000 
0.000000000000000 -0.000000000000000 1.000000000000000 
FD_GRID: 66 60 252
FD_ORDER: 12
BC: P P D
KPOINT_GRID: 4 4 1
KPOINT_SHIFT: 0 0 0
SPIN_TYP: 1
ELEC_TEMP_TYPE: Gaussian
SMEARING: 0.007349864435
CHEB_DEGREE: 37
NSTATES: 239
EXCHANGE_CORRELATION: HSE
EXX_RANGE_FOCK: 0.106000
EXX_RANGE_PBE: 0.106000
CALC_STRESS: 0
CALC_PRES: 0
CHEFSI_BOUND_FLAG: 0
MAXIT_SCF: 100
MINIT_SCF: 3
MAXIT_POISSON: 3000
TOL_SCF: 1.00E-06
POISSON_SOLVER: AAR
TOL_POISSON: 1.00E-08
TOL_LANCZOS: 1.00E-02
TOL_PSEUDOCHARGE: 1.00E-08
MIXING_VARIABLE: density
MIXING_PRECOND: kerker
MIXING_PRECOND_MAG: none
TOL_PRECOND: 3.54E-05
PRECOND_KERKER_KTF: 1
PRECOND_KERKER_THRESH: 0.1
MIXING_PARAMETER: 0.3
MIXING_PARAMETER_MAG: 0.3
MIXING_HISTORY: 7
PULAY_FREQUENCY: 1
PULAY_RESTART: 0
REFERENCE_CUTOFF: 0.5
RHO_TRIGGER: 4
FIX_RAND: 0
VERBOSITY: 1
PRINT_FORCES: 1
PRINT_ATOMS: 1
PRINT_EIGEN: 1
PRINT_DENSITY: 0
PRINT_ENERGY_DENSITY: 0
TOL_FOCK: 5.00E-05
TOL_SCF_INIT: 1.00E-03
MAXIT_FOCK: 20
EXX_METHOD: FOURIER_SPACE
EXX_DIVERGENCE: AUXILIARY
EXX_MEM: 1
ACE_FLAG: 1
EXX_ACE_VALENCE_STATES: 10000
EXX_DOWNSAMPLING: 1 1 1
OUTPUT_FILE: sprc-calc
***************************************************************************
                                Cell                                       
***************************************************************************
Lattice vectors (Bohr):
12.433882395048860 0.000000000000000 0.000000000000000 
-0.001464788027397 11.265784507717260 0.000000000000000 
0.000000000000000 -0.000000000000000 47.537850741221725 
Volume                  :  6.6589804186E+03 (Bohr^3)
***************************************************************************
                           Parallelization                                 
***************************************************************************
NP_SPIN_PARAL: 2
NP_KPOINT_PARAL: 10
NP_BAND_PARAL: 1
NP_DOMAIN_PARAL: 2 1 8
NP_DOMAIN_PHI_PARAL: 4 4 21
EIG_SERIAL_MAXNS: 1500
***************************************************************************
                             Initialization                                
***************************************************************************
Number of processors               :  336
Mesh spacing in x-direction        :  0.188392 (Bohr)
Mesh spacing in y-direction        :  0.187763 (Bohr)
Mesh spacing in z direction        :  0.188642 (Bohr)
Number of symmetry adapted k-points:  10
Output printed to                  :  sprc-calc.out_01
Final eigenvalues printed to       :  sprc-calc.eigen_01
Total number of atom types         :  4
Total number of atoms              :  51
Total number of electrons          :  390
Atom type 1  (valence electrons)   :  H 1
Pseudopotential                    :  H.psp8
Pseudocharge radii of atom type 1  :  3.77 3.76 3.77 (x, y, z dir)
Number of atoms of type 1          :  2
Atom type 2  (valence electrons)   :  N 5
Pseudopotential                    :  N.psp8
Pseudocharge radii of atom type 2  :  6.78 6.76 6.79 (x, y, z dir)
Number of atoms of type 2          :  2
Atom type 3  (valence electrons)   :  O 6
Pseudopotential                    :  O.psp8
Pseudocharge radii of atom type 3  :  6.78 6.76 6.79 (x, y, z dir)
Number of atoms of type 3          :  31
Atom type 4  (valence electrons)   :  Ti 12
Pseudopotential                    :  Ti.psp8
Pseudocharge radii of atom type 4  :  6.78 6.76 6.79 (x, y, z dir)
Number of atoms of type 4          :  16
Estimated total memory usage       :  448.99 GB
Estimated memory per processor     :  1.34 GB
========================================================================================
                    Self Consistent Field (SCF#1)                     
========================================================================================
Iteration     Free Energy (Ha/atom)    Magnetization     SCF Error        Timing (sec)
1            -2.8668856932E+01         3.9561E+00        4.509E-01        305.608
2            -3.0299854785E+01        -8.7191E-01        4.339E-01        75.524
3            -2.9433550204E+01         8.2254E+00        3.546E-01        107.797
4            -2.8944148959E+01         1.9002E+00        3.164E-01        79.862
5            -2.9206036763E+01         9.1098E+00        2.690E-01        75.682
6            -2.9125812103E+01         5.8513E+00        1.881E-01        75.629
7            -2.9172954178E+01         3.2653E+00        1.707E-01        74.738
8            -2.9181569914E+01         1.2270E+00        1.302E-01        74.981
9            -2.9166937101E+01         4.0366E+00        1.125E-01        74.882
10           -2.9149474103E+01         2.4264E+00        9.272E-02        101.185
11           -2.9098405561E+01         1.3882E+00        6.880E-02        74.774
12           -2.9064072084E+01         2.4279E+00        5.900E-02        74.853
13           -2.9046015662E+01         2.1147E+00        6.087E-02        75.288
14           -2.9023534676E+01         1.4406E+00        5.176E-02        75.220
15           -2.8973571922E+01         1.6654E+00        5.123E-02        75.194
16           -2.8935374491E+01         1.9343E+00        4.112E-02        75.216
17           -2.8898475716E+01         1.9178E+00        3.369E-02        75.561
18           -2.8853063586E+01         6.0550E-01        5.224E-02        75.049
19           -2.8846209216E+01         7.2428E-01        4.820E-02        76.300
20           -2.8842570163E+01         1.8161E-01        4.780E-02        77.113
21           -2.8831257849E+01         1.3293E-01        2.695E-02        75.108
22           -2.8832718400E+01         6.6144E-01        2.221E-02        75.296
23           -2.8828269205E+01         1.5252E+00        2.029E-02        82.266
24           -2.8808409884E+01         2.4892E-01        2.014E-02        84.137
25           -2.8803568040E+01         3.4275E-01        1.860E-02        77.927
26           -2.8789690754E+01         8.2912E-01        1.508E-02        76.429
27           -2.8786561252E+01         7.0019E-01        1.289E-02        75.604
28           -2.8776922755E+01         5.3066E-01        1.805E-02        84.961
29           -2.8772685569E+01         6.5896E-01        8.323E-03        99.376
30           -2.8771397478E+01         7.0147E-01        8.400E-03        93.542
31           -2.8769074571E+01         6.0045E-01        7.361E-03        85.634
32           -2.8768274888E+01         7.4138E-01        7.175E-03        77.361
33           -2.8766678722E+01         7.8629E-01        4.902E-03        102.130
34           -2.8765890736E+01         8.7129E-01        7.077E-03        76.217
35           -2.8766020765E+01         8.8910E-01        7.939E-03        93.671
36           -2.8766511045E+01         9.2359E-01        7.970E-03        102.226
37           -2.8766856273E+01         9.6692E-01        7.974E-03        75.009
38           -2.8766188570E+01         7.4339E-01        8.931E-03        74.973
39           -2.8765809552E+01         5.7799E-01        9.307E-03        75.111
40           -2.8766604620E+01         1.0244E+00        6.843E-03        77.784
41           -2.8766775707E+01         5.8218E-01        9.788E-03        92.025
42           -2.8765974990E+01         6.2252E-01        8.448E-03        77.081
43           -2.8766300452E+01         6.4481E-01        1.062E-02        76.479
44           -2.8772248370E+01         3.5484E-02        8.842E-02        75.700
45           -2.8765558655E+01         4.2107E-01        1.495E-02        75.618
46           -2.8764469878E+01         7.3811E-01        5.753E-03        101.957
47           -2.8764486578E+01         8.2008E-01        5.067E-03        78.709
48           -2.8764861343E+01         6.6888E-01        9.653E-03        74.930
49           -2.8764516695E+01         7.4322E-01        6.165E-03        74.968
50           -2.8764380214E+01         6.2177E-01        7.335E-03        74.969
51           -2.8764382726E+01         5.9897E-01        8.549E-03        82.223
52           -2.8764247757E+01         6.8819E-01        7.669E-03        75.215
53           -2.8764458996E+01         6.7066E-01        7.522E-03        74.956
54           -2.8764756204E+01         6.6903E-01        7.257E-03        74.862
55           -2.8764702902E+01         7.2245E-01        7.113E-03        74.981
56           -2.8763928657E+01         5.2729E-01        8.487E-03        85.484
57           -2.8765887714E+01         6.2639E-01        1.173E-02        84.772
58           -2.8763670739E+01         6.0443E-01        7.761E-03        74.835
59           -2.8763603819E+01         6.6437E-01        6.862E-03        74.835
60           -2.8763410498E+01         5.7993E-01        7.543E-03        74.810
61           -2.8762791444E+01         6.6897E-01        5.667E-03        75.015
62           -2.8762790859E+01         7.6674E-01        4.435E-03        74.916
63           -2.8762763922E+01         8.0989E-01        3.653E-03        74.880
64           -2.8762713683E+01         8.1305E-01        3.416E-03        76.341
65           -2.8762811937E+01         8.2356E-01        3.468E-03        76.952
66           -2.8763144248E+01         7.8246E-01        1.035E-02        83.676
67           -2.8762503369E+01         9.0267E-01        1.679E-03        75.368
68           -2.8762301137E+01         7.6453E-01        4.755E-03        75.206
69           -2.8762154016E+01         7.9183E-01        4.333E-03        75.256
70           -2.8762007668E+01         9.3489E-01        1.872E-03        75.333
71           -2.8761737693E+01         8.7989E-01        2.488E-03        81.131
72           -2.8761709601E+01         9.1483E-01        1.770E-03        89.343
73           -2.8761660266E+01         9.5250E-01        7.561E-04        74.634
Total number of SCF: 73    

k = [-0.250, -0.250, 0.000]
Occupation of state 215 = 0.000000000006799.
Occupation of state 239 = 0.000000000000000.

No.1 Exx outer loop: 
1            -2.8560498359E+01         6.3784E-01        1.872E-02        113.854
2            -2.8551262802E+01         9.7724E-01        1.582E-02        110.226
3            -2.8565482495E+01         8.1964E-03        4.625E-02        110.653
4            -2.8555402922E+01         2.3310E-02        2.043E-02        112.555
5            -2.8555649631E+01         1.0259E+00        1.328E-02        110.185
6            -2.8557794122E+01         9.9850E-01        9.689E-03        110.037
7            -2.8558899371E+01         9.7979E-01        8.774E-03        109.903
8            -2.8561790851E+01         2.1952E-02        1.947E-02        114.584
9            -2.8586992657E+01         6.3721E-01        1.069E-01        118.359
10           -2.8587717486E+01         6.4465E-01        1.090E-01        111.381
11           -2.8595503411E+01         6.6304E-01        1.337E-01        110.451
12           -2.8596086999E+01         6.2701E-01        1.351E-01        110.181
13           -2.8563624948E+01         1.3848E-02        1.778E-02        130.145
14           -2.8560418985E+01         9.2886E-01        6.606E-03        117.144
15           -2.8560469344E+01         9.5230E-01        4.284E-03        114.890
16           -2.8561024493E+01         9.4317E-01        3.999E-03        110.183
17           -2.8561218822E+01         9.5317E-01        3.336E-03        113.513
18           -2.8561124501E+01         9.6086E-01        2.956E-03        131.220
19           -2.8561335642E+01         9.6584E-01        4.020E-03        125.339
20           -2.8561096101E+01         9.6671E-01        3.376E-03        120.002
21           -2.8560944363E+01         9.8919E-01        2.162E-03        137.335
22           -2.8561225064E+01         9.9619E-01        2.144E-03        146.861
23           -2.8561127922E+01         1.0146E+00        7.895E-04        133.939
24           -2.8561088325E+01         1.0191E+00        4.684E-04        110.036
25           -2.8560950324E+01         1.0281E+00        2.935E-04        109.963
26           -2.8560906181E+01         1.0329E+00        2.289E-04        110.029
27           -2.8560879327E+01         1.0383E+00        1.455E-04        110.014
28           -2.8560855458E+01         1.0435E+00        1.307E-04        110.059
29           -2.8560835043E+01         1.0462E+00        7.358E-05        110.018
30           -2.8560807604E+01         1.0486E+00        5.290E-05        110.841
31           -2.8560792855E+01         1.0501E+00        5.789E-05        117.601
32           -2.8560789648E+01         1.0502E+00        3.084E-05        111.451
33           -2.8560786272E+01         1.0503E+00        2.245E-05        110.151
34           -2.8560781604E+01         1.0500E+00        1.767E-05        109.884
35           -2.8560777898E+01         1.0502E+00        1.415E-05        134.536
36           -2.8560777627E+01         1.0500E+00        6.262E-06        114.671
37           -2.8560775444E+01         1.0500E+00        6.600E-06        109.740
38           -2.8560774103E+01         1.0500E+00        5.007E-06        109.848
39           -2.8560773372E+01         1.0501E+00        2.518E-06        109.757
40           -2.8560772716E+01         1.0501E+00        1.377E-06        109.842
41           -2.8560772612E+01         1.0501E+00        1.027E-06        109.846
42           -2.8560772514E+01         1.0501E+00        1.601E-06        109.597
43           -2.8560772730E+01         1.0501E+00        1.015E-06        109.641
44           -2.8560772715E+01         1.0501E+00        1.127E-06        109.714
45           -2.8560772554E+01         1.0501E+00        3.947E-07        109.447
Total number of SCF: 45    

k = [-0.250, -0.250, 0.000]
Occupation of state 215 = 0.000000000000007.
Occupation of state 239 = 0.000000000000000.
Exx outer loop error: 5.8684349094e-01 

No.2 Exx outer loop: 
1            -2.8561057964E+01         1.1848E+00        2.511E-03        114.392
2            -2.8560553222E+01         1.1609E+00        2.088E-03        109.380
3            -2.8560598905E+01         1.2079E+00        1.853E-03        109.719
4            -2.8560784953E+01         1.2742E+00        2.500E-03        109.762
5            -2.8561090764E+01         1.2489E+00        1.121E-03        109.754
6            -2.8561422885E+01         1.3179E+00        2.282E-03        109.855
7            -2.8561489678E+01         1.2638E+00        6.588E-04        109.493
8            -2.8561321986E+01         1.2544E+00        4.979E-04        109.549
9            -2.8561282429E+01         1.2660E+00        3.063E-04        109.712
10           -2.8561190107E+01         1.2677E+00        1.827E-04        110.198
11           -2.8561140704E+01         1.2740E+00        8.856E-05        109.691
12           -2.8561122423E+01         1.2724E+00        9.643E-05        109.561
13           -2.8561101219E+01         1.2727E+00        7.242E-05        109.688
14           -2.8561087982E+01         1.2737E+00        4.119E-05        110.499
15           -2.8561057111E+01         1.2829E+00        2.189E-04        109.899
16           -2.8561072010E+01         1.2740E+00        3.637E-05        111.352
17           -2.8561054382E+01         1.2768E+00        4.782E-05        110.632
18           -2.8561051656E+01         1.2744E+00        2.301E-05        110.186
19           -2.8561043885E+01         1.2751E+00        9.076E-06        110.192
20           -2.8561041514E+01         1.2739E+00        2.568E-05        109.639
21           -2.8561041336E+01         1.2741E+00        1.772E-05        109.824
22           -2.8561040397E+01         1.2741E+00        1.493E-05        109.985
23           -2.8561039492E+01         1.2742E+00        7.670E-06        109.473
24           -2.8561038805E+01         1.2744E+00        2.051E-06        109.201
25           -2.8561038706E+01         1.2742E+00        3.636E-06        109.558
26           -2.8561038260E+01         1.2743E+00        1.243E-06        109.472
27           -2.8561037932E+01         1.2744E+00        3.504E-06        109.345
28           -2.8561037758E+01         1.2742E+00        1.258E-06        109.655
29           -2.8561037611E+01         1.2741E+00        4.422E-06        109.612
30           -2.8561037530E+01         1.2742E+00        1.468E-06        109.512
31           -2.8561037486E+01         1.2742E+00        7.905E-07        109.037
Total number of SCF: 31    

k = [-0.250, -0.250, 0.000]
Occupation of state 215 = 0.000000000000009.
Occupation of state 239 = 0.000000000000000.
Exx outer loop error: 1.2323314704e-02 

No.3 Exx outer loop: 
1            -2.8561115052E+01         1.5536E+00        4.503E-03        112.912
2            -2.8561533989E+01         1.3691E+00        2.136E-03        109.178
3            -2.8561871871E+01         1.5623E+00        3.765E-03        109.244
4            -2.8561765092E+01         1.3629E+00        1.940E-03        109.161
5            -2.8561765035E+01         1.2720E+00        3.056E-03        109.320
6            -2.8561387962E+01         1.4280E+00        1.025E-03        109.325
7            -2.8561555221E+01         1.4145E+00        8.817E-04        109.219
8            -2.8561662007E+01         1.3497E+00        2.001E-03        109.194
9            -2.8561437972E+01         1.3288E+00        2.113E-03        109.246
10           -2.8561375798E+01         1.3386E+00        1.668E-03        109.120
11           -2.8561294840E+01         1.4247E+00        2.953E-04        109.160
12           -2.8561279250E+01         1.4193E+00        2.161E-04        109.888
13           -2.8561223928E+01         1.4192E+00        1.477E-04        111.265
14           -2.8561157625E+01         1.4311E+00        1.771E-04        108.923
15           -2.8561130422E+01         1.4330E+00        2.018E-04        109.129
16           -2.8561139485E+01         1.4318E+00        1.313E-04        109.054
17           -2.8561123618E+01         1.4316E+00        9.981E-05        109.082
18           -2.8561115756E+01         1.4310E+00        6.472E-05        109.076
19           -2.8561100084E+01         1.4312E+00        4.980E-05        108.989
20           -2.8561087694E+01         1.4307E+00        2.192E-05        109.006
21           -2.8561087097E+01         1.4302E+00        1.565E-05        109.119
22           -2.8561074928E+01         1.4319E+00        3.583E-05        109.038
23           -2.8561075857E+01         1.4305E+00        1.305E-05        108.997
24           -2.8561076968E+01         1.4302E+00        9.727E-06        108.946
25           -2.8561075692E+01         1.4306E+00        6.868E-06        108.929
26           -2.8561076310E+01         1.4304E+00        2.379E-06        109.570
27           -2.8561075898E+01         1.4302E+00        6.814E-06        109.258
28           -2.8561075983E+01         1.4303E+00        3.763E-06        111.441
29           -2.8561076033E+01         1.4303E+00        2.553E-06        109.935
30           -2.8561075885E+01         1.4303E+00        1.877E-06        108.776
31           -2.8561076166E+01         1.4306E+00        4.964E-06        108.969
32           -2.8561076376E+01         1.4305E+00        1.319E-06        108.900
33           -2.8561076375E+01         1.4302E+00        6.840E-06        108.798
34           -2.8561076636E+01         1.4303E+00        2.535E-06        108.683
35           -2.8561076764E+01         1.4305E+00        1.661E-06        108.742
36           -2.8561076814E+01         1.4303E+00        2.108E-06        108.671
37           -2.8561076855E+01         1.4305E+00        9.281E-07        108.645
Total number of SCF: 37    

k = [-0.250, -0.250, 0.000]
Occupation of state 215 = 0.000000000000002.
Occupation of state 239 = 0.000000000000000.
Exx outer loop error: 6.3171267570e-03 

No.4 Exx outer loop: 
1            -2.8561134989E+01         1.6317E+00        3.967E-03        136.954
2            -2.8561449373E+01         1.4099E+00        1.901E-03        111.812
3            -2.8561295087E+01         1.4489E+00        1.099E-03        110.035
4            -2.8561332157E+01         1.3739E+00        2.642E-03        109.147
5            -2.8561299766E+01         1.4530E+00        8.764E-04        109.153
6            -2.8561221160E+01         1.4694E+00        4.965E-04        108.978
7            -2.8561186318E+01         1.4657E+00        4.337E-04        109.154
8            -2.8561160544E+01         1.4581E+00        4.689E-04        109.037
9            -2.8561145191E+01         1.4856E+00        2.229E-04        109.190
10           -2.8561139253E+01         1.4839E+00        1.149E-04        109.126
11           -2.8561121688E+01         1.4758E+00        1.862E-04        109.147
12           -2.8561112540E+01         1.4741E+00        2.319E-04        109.015
13           -2.8561109223E+01         1.4834E+00        2.747E-05        109.014
14           -2.8561108050E+01         1.4850E+00        4.711E-05        108.980
15           -2.8561110603E+01         1.4837E+00        1.658E-05        109.276
16           -2.8561105314E+01         1.4835E+00        8.278E-06        118.407
17           -2.8561102282E+01         1.4832E+00        5.631E-06        109.913
18           -2.8561100785E+01         1.4838E+00        1.106E-05        111.057
19           -2.8561099835E+01         1.4839E+00        1.307E-05        114.696
20           -2.8561099324E+01         1.4837E+00        3.330E-06        121.096
21           -2.8561098737E+01         1.4841E+00        1.515E-05        108.937
22           -2.8561098401E+01         1.4835E+00        5.246E-06        109.095
23           -2.8561098130E+01         1.4835E+00        2.946E-06        108.737
24           -2.8561098067E+01         1.4836E+00        9.278E-07        108.637
Total number of SCF: 24    

k = [-0.250, -0.250, 0.000]
Occupation of state 215 = 0.000000000000000.
Occupation of state 239 = 0.000000000000000.
Exx outer loop error: 5.1241874626e-03 

No.5 Exx outer loop: 
1            -2.8561119824E+01         1.5835E+00        1.907E-03        121.798
2            -2.8561267185E+01         1.4696E+00        9.951E-04        115.006
3            -2.8561422150E+01         1.4590E+00        1.278E-03        136.443
4            -2.8561293628E+01         1.4081E+00        2.031E-03        130.692
5            -2.8561278747E+01         1.4432E+00        1.156E-03        132.298
6            -2.8561297025E+01         1.4053E+00        1.932E-03        132.957
7            -2.8561360446E+01         1.3357E+00        4.210E-03        110.586
8            -2.8561445715E+01         1.2526E+00        6.126E-03        130.004
9            -2.8561305710E+01         1.4045E+00        2.798E-03        109.699
10           -2.8561268261E+01         1.5378E+00        5.125E-04        136.310
11           -2.8561231595E+01         1.4986E+00        8.465E-04        109.280
12           -2.8561225587E+01         1.4962E+00        8.472E-04        109.280
13           -2.8561195626E+01         1.4975E+00        7.226E-04        109.325
14           -2.8561167483E+01         1.5097E+00        3.598E-04        109.211
15           -2.8561152973E+01         1.5124E+00        2.340E-04        109.207
16           -2.8561141489E+01         1.5155E+00        1.472E-04        109.417
17           -2.8561127868E+01         1.5150E+00        1.261E-04        109.117
18           -2.8561118717E+01         1.5174E+00        4.989E-05        113.896
19           -2.8561112462E+01         1.5190E+00        3.241E-05        146.443
20           -2.8561114868E+01         1.5173E+00        4.369E-05        128.404
21           -2.8561109729E+01         1.5186E+00        2.271E-05        108.949
22           -2.8561108425E+01         1.5183E+00        9.903E-06        159.580
23           -2.8561107336E+01         1.5183E+00        1.163E-05        210.424
24           -2.8561106499E+01         1.5179E+00        6.325E-06        182.331
25           -2.8561105578E+01         1.5183E+00        9.984E-06        122.489
26           -2.8561105002E+01         1.5180E+00        4.704E-06        116.969
27           -2.8561104876E+01         1.5180E+00        1.853E-06        181.298
28           -2.8561104583E+01         1.5180E+00        2.333E-06        158.625
29           -2.8561104286E+01         1.5180E+00        2.236E-06        166.735
30           -2.8561104013E+01         1.5180E+00        2.348E-06        144.869
31           -2.8561103985E+01         1.5180E+00        1.619E-06        112.470
32           -2.8561103900E+01         1.5180E+00        2.147E-06        111.124
33           -2.8561103934E+01         1.5181E+00        2.297E-06        108.973
34           -2.8561103776E+01         1.5181E+00        2.648E-07        108.726
Total number of SCF: 34    

k = [-0.250, -0.250, 0.000]
Occupation of state 215 = 0.000000000000000.
Occupation of state 239 = 0.000000000000000.
Exx outer loop error: 1.8231481272e-03 

No.6 Exx outer loop: 
1            -2.8561113406E+01         1.5671E+00        8.317E-04        112.834
2            -2.8561182581E+01         1.5173E+00        4.698E-04        109.195
3            -2.8561302845E+01         1.4128E+00        2.610E-03        109.129
4            -2.8561286563E+01         1.3733E+00        4.465E-03        109.155
5            -2.8561234619E+01         1.5213E+00        5.390E-04        109.677
6            -2.8561285378E+01         1.4460E+00        2.530E-03        109.415
7            -2.8561313814E+01         1.4204E+00        2.849E-03        109.466
8            -2.8561269388E+01         1.4619E+00        1.397E-03        109.912
9            -2.8561154749E+01         1.5273E+00        3.068E-04        110.946
10           -2.8561120670E+01         1.5298E+00        3.060E-04        109.277
11           -2.8561114396E+01         1.5389E+00        1.452E-04        109.091
12           -2.8561118340E+01         1.5366E+00        9.733E-05        108.896
13           -2.8561115041E+01         1.5352E+00        8.915E-05        108.978
14           -2.8561121235E+01         1.5339E+00        6.620E-05        108.935
15           -2.8561126434E+01         1.5339E+00        6.852E-05        108.934
16           -2.8561125226E+01         1.5344E+00        6.202E-05        108.813
17           -2.8561120689E+01         1.5344E+00        3.265E-05        108.981
18           -2.8561117308E+01         1.5340E+00        1.957E-05        109.036
19           -2.8561116093E+01         1.5348E+00        2.053E-05        109.463
20           -2.8561114126E+01         1.5345E+00        1.277E-05        109.028
21           -2.8561115185E+01         1.5347E+00        2.730E-05        108.891
22           -2.8561115437E+01         1.5348E+00        3.189E-05        108.936
23           -2.8561115665E+01         1.5347E+00        2.488E-05        108.904
24           -2.8561114568E+01         1.5342E+00        6.081E-06        120.119
25           -2.8561112822E+01         1.5347E+00        1.345E-05        120.552
26           -2.8561110442E+01         1.5345E+00        4.289E-06        118.245
27           -2.8561109438E+01         1.5343E+00        2.920E-06        111.598
28           -2.8561108437E+01         1.5342E+00        1.888E-06        138.511
29           -2.8561107671E+01         1.5345E+00        3.512E-06        123.100
30           -2.8561106537E+01         1.5344E+00        2.120E-06        134.000
31           -2.8561106305E+01         1.5343E+00        1.424E-06        124.937
32           -2.8561106229E+01         1.5343E+00        1.397E-06        120.640
33           -2.8561106238E+01         1.5343E+00        4.027E-07        126.016
Total number of SCF: 33    

k = [-0.250, -0.250, 0.000]
Occupation of state 215 = 0.000000000000000.
Occupation of state 239 = 0.000000000000000.
Exx outer loop error: 1.1932695854e-03 

No.7 Exx outer loop: 
1            -2.8561111201E+01         1.5522E+00        4.710E-04        122.019
2            -2.8561133745E+01         1.5280E+00        3.142E-04        129.637
3            -2.8561185337E+01         1.5156E+00        2.623E-04        110.502
4            -2.8561197891E+01         1.5258E+00        1.959E-04        109.195
5            -2.8561169097E+01         1.5280E+00        6.471E-05        108.950
6            -2.8561153813E+01         1.5273E+00        7.409E-05        108.854
7            -2.8561145295E+01         1.5278E+00        2.904E-05        108.815
8            -2.8561139749E+01         1.5290E+00        3.767E-05        108.792
9            -2.8561135072E+01         1.5285E+00        2.074E-05        108.838
10           -2.8561130098E+01         1.5289E+00        1.811E-05        108.854
11           -2.8561124850E+01         1.5293E+00        2.520E-05        108.876
12           -2.8561119101E+01         1.5294E+00        3.467E-05        108.858
13           -2.8561117363E+01         1.5294E+00        3.106E-05        108.787
14           -2.8561113698E+01         1.5295E+00        3.289E-05        108.942
15           -2.8561110898E+01         1.5289E+00        9.197E-06        114.573
16           -2.8561112345E+01         1.5291E+00        9.712E-06        113.324
17           -2.8561106623E+01         1.5288E+00        1.652E-05        120.209
18           -2.8561108360E+01         1.5290E+00        7.218E-06        110.389
19           -2.8561108300E+01         1.5291E+00        2.076E-06        109.706
20           -2.8561108428E+01         1.5291E+00        1.773E-06        108.883
21           -2.8561107963E+01         1.5290E+00        5.973E-06        108.646
22           -2.8561108517E+01         1.5292E+00        5.308E-06        108.732
23           -2.8561107791E+01         1.5291E+00        1.053E-06        108.753
24           -2.8561108247E+01         1.5292E+00        4.188E-06        108.614
25           -2.8561107941E+01         1.5292E+00        1.242E-06        108.690
26           -2.8561107810E+01         1.5292E+00        1.870E-06        108.690
27           -2.8561107602E+01         1.5292E+00        8.530E-07        108.464
Total number of SCF: 27    

k = [-0.250, -0.250, 0.000]
Occupation of state 215 = 0.000000000000000.
Occupation of state 239 = 0.000000000000000.
Exx outer loop error: 5.7629413553e-04 

No.8 Exx outer loop: 
1            -2.8561110145E+01         1.5246E+00        2.927E-04        113.599
2            -2.8561115035E+01         1.5173E+00        2.120E-04        110.307
3            -2.8561174732E+01         1.4968E+00        4.293E-04        111.188
4            -2.8561198513E+01         1.5034E+00        3.690E-04        109.319
5            -2.8561189201E+01         1.5174E+00        2.542E-04        109.033
6            -2.8561145416E+01         1.5244E+00        2.978E-04        108.921
7            -2.8561120377E+01         1.5200E+00        1.597E-04        109.034
8            -2.8561112262E+01         1.5166E+00        5.427E-05        108.832
9            -2.8561112798E+01         1.5142E+00        2.638E-05        109.025
10           -2.8561111459E+01         1.5139E+00        2.385E-05        108.877
11           -2.8561110311E+01         1.5142E+00        6.270E-06        109.010
12           -2.8561110142E+01         1.5138E+00        1.154E-05        108.869
13           -2.8561110259E+01         1.5138E+00        9.209E-06        114.699
14           -2.8561111116E+01         1.5143E+00        9.795E-06        109.483
15           -2.8561110023E+01         1.5139E+00        3.070E-06        109.635
16           -2.8561110090E+01         1.5140E+00        1.954E-06        109.344
17           -2.8561109765E+01         1.5141E+00        3.705E-06        129.554
18           -2.8561109546E+01         1.5139E+00        6.405E-06        110.846
19           -2.8561109432E+01         1.5140E+00        3.359E-06        110.109
20           -2.8561109252E+01         1.5140E+00        2.893E-06        108.957
21           -2.8561108888E+01         1.5141E+00        1.925E-06        108.646
22           -2.8561108766E+01         1.5141E+00        1.712E-06        108.620
23           -2.8561108712E+01         1.5141E+00        1.211E-06        111.038
24           -2.8561108649E+01         1.5140E+00        1.039E-06        108.913
25           -2.8561108647E+01         1.5140E+00        3.484E-07        108.630
Total number of SCF: 25    

k = [-0.250, -0.250, 0.000]
Occupation of state 215 = 0.000000000000000.
Occupation of state 239 = 0.000000000000000.
Exx outer loop error: 2.2127241068e-04 

No.9 Exx outer loop: 
1            -2.8561109951E+01         1.4970E+00        2.497E-04        142.277
2            -2.8561132862E+01         1.4992E+00        3.249E-04        124.673
3            -2.8561163534E+01         1.4630E+00        8.411E-04        135.629
4            -2.8561166962E+01         1.4984E+00        3.638E-04        136.639
5            -2.8561171970E+01         1.4968E+00        5.542E-05        134.009
6            -2.8561150124E+01         1.4960E+00        3.413E-05        126.719
7            -2.8561136823E+01         1.4961E+00        3.646E-05        137.617
8            -2.8561126009E+01         1.4950E+00        2.044E-05        110.211
9            -2.8561121436E+01         1.4953E+00        5.701E-05        108.778
10           -2.8561118747E+01         1.4958E+00        2.800E-05        108.892
11           -2.8561114207E+01         1.4968E+00        3.731E-05        108.803
12           -2.8561113796E+01         1.4966E+00        1.001E-05        108.694
13           -2.8561112845E+01         1.4967E+00        4.013E-05        108.745
14           -2.8561112102E+01         1.4967E+00        2.374E-06        108.780
15           -2.8561111619E+01         1.4969E+00        1.607E-05        108.887
16           -2.8561111053E+01         1.4970E+00        4.556E-06        108.901
17           -2.8561111012E+01         1.4965E+00        9.555E-06        108.830
18           -2.8561110003E+01         1.4968E+00        1.566E-06        108.834
19           -2.8561109541E+01         1.4969E+00        5.391E-07        108.565
Total number of SCF: 19    

k = [-0.250, -0.250, 0.000]
Occupation of state 215 = 0.000000000000000.
Occupation of state 239 = 0.000000000000000.
Exx outer loop error: 3.0953640847e-05 
====================================================================
                    Energy and force calculation                    
====================================================================
Free energy per atom               : -2.8561106627E+01 (Ha/atom)
Total free energy                  : -1.4566164380E+03 (Ha)
Band structure energy              : -3.7460965571E+02 (Ha)
Exchange correlation energy        : -2.5873896330E+02 (Ha)
Self and correction energy         : -1.9212854954E+03 (Ha)
Entropy*kb*T                       : -3.7982759638E-03 (Ha)
Fermi level                        : -1.7419878301E-01 (Ha)
RMS force                          :  2.0672359070E-02 (Ha/Bohr)
Maximum force                      :  1.0338219116E-01 (Ha/Bohr)
Time for force calculation         :  1.816 (sec)
***************************************************************************
                               Timing info                                 
***************************************************************************
Total walltime                     :  108165.579 sec
___________________________________________________________________________

***************************************************************************
*             Material Physics & Mechanics Group, Georgia Tech            *
*                       PI: Phanish Suryanarayana                         *
*                Main Developers: Qimen Xu, Abhiraj Sharma                *
*     Collaborators: J.E. Pask (LLNL), A.J. Medford (GT), E. Chow (GT)    *
*  Acknowledgements: U.S. DOE (DE-SC0019410); U.S. NSF (1333500,1553212)  *
***************************************************************************
                                                                           
