***************************************************************************
*                       SPARC (version Dec 27, 2021)                      *
*   Copyright (c) 2020 Material Physics & Mechanics Group, Georgia Tech   *
*           Distributed under GNU General Public License 3 (GPL)          *
*                   Start time: Sun Jan 16 11:47:17 2022                  *
***************************************************************************
                           Input parameters                                
***************************************************************************
CELL: 12.4338823950489 16.8986769044157 47.5378507412217 
LATVEC:
1.000000000000000 0.000000000000000 0.000000000000000 
-0.000130020950961 0.999999991547276 0.000000000000000 
0.000000000000000 -0.000000000000000 1.000000000000000 
FD_GRID: 66 89 252
FD_ORDER: 12
BC: P P D
KPOINT_GRID: 2 2 1
KPOINT_SHIFT: 0 0 0
SPIN_TYP: 1
ELEC_TEMP_TYPE: Gaussian
SMEARING: 0.007349864435
CHEB_DEGREE: 37
NSTATES: 270
EXCHANGE_CORRELATION: HSE
CALC_STRESS: 0
CALC_PRES: 0
CHEFSI_BOUND_FLAG: 0
MAXIT_SCF: 100
MINIT_SCF: 3
MAXIT_POISSON: 3000
TOL_SCF: 1.00E-06
POISSON_SOLVER: AAR
TOL_POISSON: 1.00E-08
TOL_LANCZOS: 1.00E-02
TOL_PSEUDOCHARGE: 1.00E-08
MIXING_VARIABLE: density
MIXING_PRECOND: kerker
MIXING_PRECOND_MAG: none
TOL_PRECOND: 3.57E-05
PRECOND_KERKER_KTF: 1
PRECOND_KERKER_THRESH: 0.1
MIXING_PARAMETER: 0.3
MIXING_PARAMETER_MAG: 0.3
MIXING_HISTORY: 7
PULAY_FREQUENCY: 1
PULAY_RESTART: 0
REFERENCE_CUTOFF: 0.5
RHO_TRIGGER: 4
FIX_RAND: 0
VERBOSITY: 1
PRINT_FORCES: 1
PRINT_ATOMS: 1
PRINT_EIGEN: 1
PRINT_DENSITY: 0
PRINT_ENERGY_DENSITY: 0
TOL_FOCK: 5.00E-05
TOL_SCF_INIT: 1.00E-04
MAXIT_FOCK: 1000
EXX_METHOD: FOURIER_SPACE
EXX_DIVERGENCE: AUXILIARY
ACE_FLAG: 1
EXX_ACE_MEM: 1
EXX_ACE_VALENCE_STATES: 10000
EXX_DOWNSAMPLING: 1 1 1
EXX_RANGE_FOCK: 0.106000
EXX_RANGE_PBE: 0.106000
OUTPUT_FILE: sprc-calc
***************************************************************************
                                Cell                                       
***************************************************************************
Lattice vectors (Bohr):
12.433882395048860 0.000000000000000 0.000000000000000 
-0.002197182041095 16.898676761575889 0.000000000000000 
0.000000000000000 -0.000000000000000 47.537850741221725 
Volume                  :  9.9884706279E+03 (Bohr^3)
***************************************************************************
                           Parallelization                                 
***************************************************************************
NP_SPIN_PARAL: 2
NP_KPOINT_PARAL: 4
NP_BAND_PARAL: 1
NP_DOMAIN_PARAL: 2 3 7
NP_DOMAIN_PHI_PARAL: 4 6 14
EIG_SERIAL_MAXNS: 1500
***************************************************************************
                             Initialization                                
***************************************************************************
Number of processors               :  336
Mesh spacing in x-direction        :  0.188392 (Bohr)
Mesh spacing in y-direction        :  0.189873 (Bohr)
Mesh spacing in z direction        :  0.188642 (Bohr)
Number of symmetry adapted k-points:  4
Output printed to                  :  sprc-calc.out
Final eigenvalues printed to       :  sprc-calc.eigen
Total number of atom types         :  4
Total number of atoms              :  61
Total number of electrons          :  442
Atom type 1  (valence electrons)   :  H 1
Pseudopotential                    :  H.psp8
Pseudocharge radii of atom type 1  :  3.77 3.80 3.77 (x, y, z dir)
Number of atoms of type 1          :  6
Atom type 2  (valence electrons)   :  N 5
Pseudopotential                    :  N.psp8
Pseudocharge radii of atom type 2  :  6.78 6.65 6.79 (x, y, z dir)
Number of atoms of type 2          :  2
Atom type 3  (valence electrons)   :  O 6
Pseudopotential                    :  O.psp8
Pseudocharge radii of atom type 3  :  6.78 6.84 6.79 (x, y, z dir)
Number of atoms of type 3          :  35
Atom type 4  (valence electrons)   :  Ti 12
Pseudopotential                    :  Ti.psp8
Pseudocharge radii of atom type 4  :  6.78 6.84 6.79 (x, y, z dir)
Number of atoms of type 4          :  18
Estimated total memory usage       :  317.95 GB
Estimated memory per processor     :  968.99 MB
========================================================================================
                    Self Consistent Field (SCF#1)                     
========================================================================================
Iteration     Free Energy (Ha/atom)    Magnetization     SCF Error        Timing (sec)
1            -2.6995797880E+01        -1.5175E+00        4.635E-01        233.466
2            -2.7308606302E+01         4.8980E+00        3.766E-01        58.579
3            -2.7247124843E+01        -1.1146E+01        3.215E-01        58.789
4            -2.7255932030E+01         4.6519E+00        2.712E-01        59.461
5            -2.7312179866E+01         1.4774E+00        1.713E-01        58.835
6            -2.7329260410E+01        -1.5455E+00        1.079E-01        58.760
7            -2.7327715779E+01        -1.2811E+00        7.779E-02        58.752
8            -2.7321677781E+01        -1.4693E+00        6.594E-02        59.486
9            -2.7310839967E+01        -2.8960E+00        5.994E-02        58.864
10           -2.7290280674E+01        -1.2625E+00        4.864E-02        59.438
11           -2.7270851030E+01        -6.7592E-01        4.287E-02        59.310
12           -2.7256802979E+01        -6.9117E-01        4.060E-02        59.021
13           -2.7229642728E+01        -7.1598E-01        4.031E-02        59.287
14           -2.7202444541E+01        -6.5322E-01        3.479E-02        59.313
15           -2.7178773455E+01        -5.1958E-01        2.986E-02        59.047
16           -2.7154983811E+01        -5.1416E-01        2.279E-02        59.051
17           -2.7140041803E+01        -5.6056E-01        1.702E-02        59.021
18           -2.7118455942E+01        -4.2738E-01        1.462E-02        58.851
19           -2.7122272186E+01        -5.5466E-01        1.008E-02        58.981
20           -2.7114287816E+01        -5.8070E-01        8.282E-03        59.127
21           -2.7104989962E+01        -5.6092E-01        6.380E-03        58.989
22           -2.7102006973E+01        -5.6714E-01        5.414E-03        59.221
23           -2.7094465488E+01        -5.8395E-01        4.874E-03        59.126
24           -2.7092632527E+01        -5.9538E-01        4.066E-03        59.054
25           -2.7086707225E+01        -6.4183E-01        3.421E-03        59.729
26           -2.7085258744E+01        -6.6042E-01        2.522E-03        61.796
27           -2.7083011484E+01        -7.2579E-01        2.016E-03        59.475
28           -2.7082477089E+01        -7.5411E-01        1.561E-03        58.875
29           -2.7081897848E+01        -7.8339E-01        1.070E-03        59.016
30           -2.7081340445E+01        -8.3551E-01        7.727E-04        58.999
31           -2.7081093795E+01        -8.6441E-01        6.529E-04        58.843
32           -2.7080908941E+01        -9.1803E-01        6.322E-04        58.588
33           -2.7080881442E+01        -9.3043E-01        6.154E-04        58.829
34           -2.7080814051E+01        -9.5966E-01        3.480E-04        51.204
35           -2.7080760400E+01        -9.8495E-01        2.910E-04        51.465
36           -2.7080665098E+01        -1.0154E+00        3.537E-04        51.395
37           -2.7080556993E+01        -1.0353E+00        6.031E-04        51.151
38           -2.7080593247E+01        -1.0302E+00        3.819E-04        51.324
39           -2.7080564657E+01        -1.0358E+00        3.584E-04        51.171
40           -2.7080544495E+01        -1.0420E+00        3.354E-04        51.236
41           -2.7080497334E+01        -1.0580E+00        2.378E-04        51.403
42           -2.7080459334E+01        -1.1018E+00        6.519E-04        51.583
43           -2.7080499932E+01        -1.0940E+00        1.245E-03        51.680
44           -2.7080456603E+01        -1.1117E+00        1.050E-03        51.496
45           -2.7080418242E+01        -1.1219E+00        7.275E-04        51.128
46           -2.7080361742E+01        -1.1482E+00        2.659E-04        51.929
47           -2.7080355698E+01        -1.1621E+00        9.895E-05        50.460
Total number of SCF: 47    

k = [0.000, 0.000, 0.000]
Occupation of state 243 = 0.000000000000023.
Occupation of state 270 = 0.000000000000000.

No.1 Exx outer loop: 
1            -2.6890042162E+01        -1.8101E+00        1.525E-02        82.490
2            -2.6883641396E+01        -1.8320E+00        1.311E-02        79.558
3            -2.6886714856E+01        -1.4172E+00        1.198E-02        79.528
4            -2.6925557856E+01        -1.5077E+00        1.206E-01        79.556
5            -2.6893027178E+01        -1.4328E+00        1.160E-02        80.121
6            -2.6893511922E+01        -1.3654E+00        1.093E-02        79.556
7            -2.6893602903E+01        -1.4535E+00        1.008E-02        79.784
8            -2.6896372532E+01        -1.7235E+00        6.955E-03        79.780
9            -2.6894355324E+01        -1.8094E+00        6.118E-03        79.863
10           -2.6894873118E+01        -1.8844E+00        5.596E-03        82.885
11           -2.6894901483E+01        -1.8922E+00        4.631E-03        84.440
12           -2.6894138291E+01        -1.8970E+00        3.966E-03        79.862
13           -2.6892634546E+01        -1.8861E+00        2.786E-03        79.424
14           -2.6892628589E+01        -1.8960E+00        1.922E-03        79.877
15           -2.6892819382E+01        -1.9042E+00        1.449E-03        79.289
16           -2.6892755404E+01        -1.9088E+00        7.660E-04        80.554
17           -2.6892548047E+01        -1.9107E+00        5.243E-04        79.799
18           -2.6892385297E+01        -1.9105E+00        4.126E-04        79.356
19           -2.6892230797E+01        -1.9120E+00        3.567E-04        79.730
20           -2.6892060712E+01        -1.9121E+00        2.600E-04        79.706
21           -2.6891902396E+01        -1.9122E+00        2.011E-04        79.267
22           -2.6891796660E+01        -1.9120E+00        1.375E-04        79.565
23           -2.6891774931E+01        -1.9120E+00        1.034E-04        79.749
24           -2.6891744501E+01        -1.9118E+00        7.094E-05        79.412
25           -2.6891725194E+01        -1.9114E+00        5.017E-05        79.237
26           -2.6891712281E+01        -1.9111E+00        2.438E-05        79.000
27           -2.6891713946E+01        -1.9111E+00        1.932E-05        79.022
28           -2.6891709678E+01        -1.9111E+00        1.384E-05        79.220
29           -2.6891708186E+01        -1.9111E+00        9.598E-06        79.149
30           -2.6891708580E+01        -1.9112E+00        1.153E-05        79.093
31           -2.6891708883E+01        -1.9112E+00        6.001E-06        79.081
32           -2.6891711333E+01        -1.9112E+00        5.527E-06        80.186
33           -2.6891711657E+01        -1.9112E+00        4.180E-06        83.890
34           -2.6891710449E+01        -1.9112E+00        3.110E-06        80.806
35           -2.6891708728E+01        -1.9112E+00        1.914E-06        79.342
36           -2.6891707877E+01        -1.9112E+00        3.585E-06        78.840
37           -2.6891707980E+01        -1.9112E+00        1.324E-06        79.023
38           -2.6891707970E+01        -1.9112E+00        2.756E-06        78.857
39           -2.6891707831E+01        -1.9112E+00        1.337E-06        80.019
40           -2.6891707772E+01        -1.9112E+00        8.757E-07        78.667
Total number of SCF: 40    

k = [0.000, 0.000, 0.000]
Occupation of state 243 = 0.000000000000000.
Occupation of state 270 = 0.000000000000000.
Exx outer loop error: 6.1411537586e-01 

No.2 Exx outer loop: 
1            -2.6892076799E+01        -1.9944E+00        4.366E-03        82.108
2            -2.6891599165E+01        -1.9933E+00        2.433E-03        79.528
3            -2.6892251975E+01        -1.9862E+00        3.986E-03        79.465
4            -2.6892587072E+01        -1.9917E+00        1.293E-03        79.419
5            -2.6892691025E+01        -1.9919E+00        8.480E-04        79.395
6            -2.6892642483E+01        -1.9930E+00        6.852E-04        79.704
7            -2.6892536707E+01        -1.9928E+00        4.360E-04        79.331
8            -2.6892370469E+01        -1.9930E+00        2.635E-04        79.686
9            -2.6892334650E+01        -1.9940E+00        6.729E-04        79.058
10           -2.6892328514E+01        -1.9939E+00        5.721E-04        79.527
11           -2.6892296309E+01        -1.9942E+00        7.955E-04        79.363
12           -2.6892227094E+01        -1.9934E+00        1.930E-04        79.268
13           -2.6892173221E+01        -1.9936E+00        2.077E-04        79.510
14           -2.6892112756E+01        -1.9929E+00        1.662E-04        79.361
15           -2.6892088583E+01        -1.9928E+00        1.933E-04        79.205
16           -2.6892100478E+01        -1.9927E+00        1.704E-04        79.433
17           -2.6892109420E+01        -1.9927E+00        1.404E-04        85.367
18           -2.6892109393E+01        -1.9929E+00        5.256E-05        83.880
19           -2.6892101702E+01        -1.9928E+00        7.239E-05        79.854
20           -2.6892095782E+01        -1.9926E+00        1.397E-04        79.338
21           -2.6892083295E+01        -1.9929E+00        2.978E-05        79.127
22           -2.6892071677E+01        -1.9929E+00        2.306E-05        79.109
23           -2.6892061866E+01        -1.9929E+00        1.942E-05        79.483
24           -2.6892053302E+01        -1.9929E+00        7.624E-06        79.149
25           -2.6892050638E+01        -1.9929E+00        4.447E-06        79.155
26           -2.6892047526E+01        -1.9929E+00        3.351E-06        78.974
27           -2.6892046125E+01        -1.9929E+00        2.159E-06        79.468
28           -2.6892045373E+01        -1.9929E+00        2.650E-06        79.226
29           -2.6892044802E+01        -1.9929E+00        1.695E-06        79.358
30           -2.6892043963E+01        -1.9929E+00        1.018E-06        79.202
31           -2.6892043970E+01        -1.9929E+00        1.297E-06        79.003
32           -2.6892043993E+01        -1.9929E+00        4.897E-06        78.984
33           -2.6892043830E+01        -1.9929E+00        1.726E-06        78.904
34           -2.6892043712E+01        -1.9929E+00        4.290E-07        78.566
Total number of SCF: 34    

k = [0.000, 0.000, 0.000]
Occupation of state 243 = 0.000000000000000.
Occupation of state 270 = 0.000000000000000.
Exx outer loop error: 7.7687455643e-03 

No.3 Exx outer loop: 
1            -2.6892126677E+01        -1.9964E+00        2.281E-03        81.761
2            -2.6892073625E+01        -1.9959E+00        1.092E-03        79.220
3            -2.6892444610E+01        -1.9963E+00        1.564E-03        79.432
4            -2.6893080947E+01        -1.9585E+00        6.375E-03        79.202
5            -2.6892968693E+01        -1.9739E+00        4.831E-03        79.591
6            -2.6892293393E+01        -1.9956E+00        5.790E-04        79.349
7            -2.6892395088E+01        -1.9958E+00        6.424E-04        82.174
8            -2.6892357476E+01        -1.9955E+00        2.753E-04        84.515
9            -2.6892275352E+01        -1.9956E+00        2.264E-04        79.745
10           -2.6892225590E+01        -1.9956E+00        1.317E-04        79.437
11           -2.6892213251E+01        -1.9960E+00        3.269E-04        79.084
12           -2.6892206373E+01        -1.9959E+00        2.352E-04        79.357
13           -2.6892176254E+01        -1.9955E+00        9.493E-05        79.281
14           -2.6892161160E+01        -1.9955E+00        8.549E-05        79.446
15           -2.6892149339E+01        -1.9956E+00        4.152E-05        79.261
16           -2.6892126363E+01        -1.9955E+00        2.730E-05        79.768
17           -2.6892111592E+01        -1.9955E+00        1.558E-05        79.135
18           -2.6892100230E+01        -1.9955E+00        1.053E-05        79.536
19           -2.6892093405E+01        -1.9955E+00        8.387E-06        79.774
20           -2.6892091983E+01        -1.9955E+00        7.614E-06        79.270
21           -2.6892090225E+01        -1.9955E+00        3.093E-06        79.360
22           -2.6892089189E+01        -1.9955E+00        3.064E-06        79.062
23           -2.6892087769E+01        -1.9955E+00        2.501E-06        78.971
24           -2.6892087307E+01        -1.9955E+00        1.867E-06        78.889
25           -2.6892087250E+01        -1.9955E+00        7.994E-07        78.607
Total number of SCF: 25    

k = [0.000, 0.000, 0.000]
Occupation of state 243 = 0.000000000000000.
Occupation of state 270 = 0.000000000000000.
Exx outer loop error: 6.9869375988e-04 

No.4 Exx outer loop: 
1            -2.6892119973E+01        -1.9961E+00        1.440E-03        81.831
2            -2.6892114716E+01        -1.9960E+00        6.430E-04        79.457
3            -2.6892273614E+01        -1.9931E+00        1.146E-03        79.408
4            -2.6892290992E+01        -1.9954E+00        4.348E-04        79.615
5            -2.6892353867E+01        -1.9958E+00        2.085E-04        79.401
6            -2.6892310627E+01        -1.9958E+00        1.724E-04        79.340
7            -2.6892256440E+01        -1.9957E+00        1.286E-04        84.038
8            -2.6892208752E+01        -1.9957E+00        8.498E-05        82.783
9            -2.6892179103E+01        -1.9957E+00        5.201E-05        79.813
10           -2.6892167085E+01        -1.9957E+00        4.161E-05        79.511
11           -2.6892150096E+01        -1.9957E+00        3.298E-05        79.413
12           -2.6892132609E+01        -1.9957E+00        2.259E-05        79.087
13           -2.6892116065E+01        -1.9957E+00        1.748E-05        79.094
14           -2.6892117014E+01        -1.9957E+00        1.389E-05        79.128
15           -2.6892114270E+01        -1.9957E+00        1.286E-05        79.042
16           -2.6892113348E+01        -1.9957E+00        8.989E-06        79.083
17           -2.6892111010E+01        -1.9957E+00        7.522E-06        79.232
18           -2.6892110885E+01        -1.9957E+00        6.148E-06        80.371
19           -2.6892107365E+01        -1.9957E+00        6.118E-06        79.467
20           -2.6892106386E+01        -1.9957E+00        4.170E-06        79.520
21           -2.6892104504E+01        -1.9957E+00        1.705E-05        78.895
22           -2.6892104758E+01        -1.9957E+00        1.741E-05        78.971
23           -2.6892104608E+01        -1.9957E+00        1.699E-05        78.876
24           -2.6892104408E+01        -1.9957E+00        1.186E-05        78.935
25           -2.6892103121E+01        -1.9957E+00        5.116E-06        79.207
26           -2.6892102600E+01        -1.9957E+00        4.089E-06        79.033
27           -2.6892102041E+01        -1.9957E+00        1.507E-06        79.286
28           -2.6892101990E+01        -1.9957E+00        1.069E-06        79.130
29           -2.6892101712E+01        -1.9957E+00        1.830E-06        82.551
30           -2.6892101241E+01        -1.9957E+00        7.492E-07        83.040
Total number of SCF: 30    

k = [0.000, 0.000, 0.000]
Occupation of state 243 = 0.000000000000000.
Occupation of state 270 = 0.000000000000000.
Exx outer loop error: 2.4952460656e-04 

No.5 Exx outer loop: 
1            -2.6892118228E+01        -1.9963E+00        1.071E-03        85.352
2            -2.6892118073E+01        -1.9964E+00        4.521E-04        83.388
3            -2.6892310613E+01        -1.9968E+00        7.383E-04        79.434
4            -2.6892265532E+01        -1.9962E+00        2.295E-04        79.234
5            -2.6892203054E+01        -1.9961E+00        1.386E-04        79.208
6            -2.6892128591E+01        -1.9963E+00        1.178E-04        79.184
7            -2.6892120752E+01        -1.9963E+00        9.881E-05        79.631
8            -2.6892109752E+01        -1.9962E+00        3.832E-05        79.607
9            -2.6892118099E+01        -1.9962E+00        3.419E-05        78.938
10           -2.6892118893E+01        -1.9962E+00        2.112E-05        79.241
11           -2.6892120481E+01        -1.9962E+00        1.310E-05        79.290
12           -2.6892119914E+01        -1.9962E+00        9.368E-06        79.567
13           -2.6892119548E+01        -1.9962E+00        7.764E-06        79.490
14           -2.6892118410E+01        -1.9962E+00        6.415E-06        79.173
15           -2.6892114553E+01        -1.9962E+00        4.287E-06        79.859
16           -2.6892112273E+01        -1.9962E+00        3.417E-06        81.243
17           -2.6892111339E+01        -1.9962E+00        5.215E-06        78.941
18           -2.6892111148E+01        -1.9962E+00        3.799E-06        79.348
19           -2.6892111153E+01        -1.9962E+00        5.000E-06        78.907
20           -2.6892110249E+01        -1.9962E+00        6.389E-06        78.917
21           -2.6892110444E+01        -1.9962E+00        6.901E-06        78.889
22           -2.6892110265E+01        -1.9962E+00        5.900E-06        78.937
23           -2.6892110658E+01        -1.9962E+00        4.913E-06        79.156
24           -2.6892109645E+01        -1.9962E+00        1.900E-06        83.332
25           -2.6892108795E+01        -1.9962E+00        4.212E-06        82.429
26           -2.6892108393E+01        -1.9962E+00        2.461E-06        79.216
27           -2.6892107918E+01        -1.9962E+00        9.006E-07        78.506
Total number of SCF: 27    

k = [0.000, 0.000, 0.000]
Occupation of state 243 = 0.000000000000000.
Occupation of state 270 = 0.000000000000000.
Exx outer loop error: 1.6133404141e-04 

No.6 Exx outer loop: 
1            -2.6892119741E+01        -1.9969E+00        9.038E-04        82.237
2            -2.6892119527E+01        -1.9970E+00        3.740E-04        79.475
3            -2.6892465682E+01        -1.9953E+00        1.171E-03        79.365
4            -2.6892380924E+01        -1.9954E+00        9.843E-04        79.235
5            -2.6892253366E+01        -1.9970E+00        2.829E-04        80.021
6            -2.6892293848E+01        -1.9968E+00        1.772E-04        79.094
7            -2.6892207939E+01        -1.9969E+00        1.600E-04        79.333
8            -2.6892166324E+01        -1.9969E+00        1.043E-04        79.140
9            -2.6892156029E+01        -1.9970E+00        8.710E-05        79.455
10           -2.6892139430E+01        -1.9970E+00        4.182E-05        79.567
11           -2.6892131301E+01        -1.9970E+00        2.657E-05        79.190
12           -2.6892126293E+01        -1.9970E+00        1.612E-05        79.517
13           -2.6892124345E+01        -1.9970E+00        1.003E-05        78.994
14           -2.6892121641E+01        -1.9970E+00        6.426E-06        79.086
15           -2.6892119733E+01        -1.9970E+00        4.861E-06        79.084
16           -2.6892117465E+01        -1.9970E+00        4.073E-06        79.243
17           -2.6892115009E+01        -1.9970E+00        3.223E-06        79.056
18           -2.6892113422E+01        -1.9970E+00        2.425E-06        79.603
19           -2.6892112034E+01        -1.9970E+00        1.508E-06        79.177
20           -2.6892111828E+01        -1.9970E+00        1.480E-06        79.742
21           -2.6892111788E+01        -1.9970E+00        9.185E-07        82.360
Total number of SCF: 21    

k = [0.000, 0.000, 0.000]
Occupation of state 243 = 0.000000000000000.
Occupation of state 270 = 0.000000000000000.
Exx outer loop error: 7.3887387878e-05 

No.7 Exx outer loop: 
1            -2.6892121505E+01        -1.9976E+00        7.861E-04        82.384
2            -2.6892120643E+01        -1.9977E+00        3.364E-04        83.162
3            -2.6892295477E+01        -1.9978E+00        3.540E-04        83.854
4            -2.6892232881E+01        -1.9977E+00        1.593E-04        79.673
5            -2.6892214456E+01        -1.9977E+00        1.034E-04        79.226
6            -2.6892202629E+01        -1.9977E+00        5.487E-05        79.024
7            -2.6892187317E+01        -1.9977E+00        3.958E-05        79.115
8            -2.6892180677E+01        -1.9977E+00        3.459E-05        79.256
9            -2.6892170812E+01        -1.9977E+00        2.640E-05        79.172
10           -2.6892164177E+01        -1.9977E+00        2.396E-05        79.114
11           -2.6892148775E+01        -1.9977E+00        1.836E-05        79.633
12           -2.6892133520E+01        -1.9977E+00        1.222E-05        79.441
13           -2.6892126565E+01        -1.9977E+00        8.083E-06        79.196
14           -2.6892121071E+01        -1.9977E+00        5.497E-06        80.440
15           -2.6892117517E+01        -1.9977E+00        4.228E-06        79.286
16           -2.6892114542E+01        -1.9977E+00        2.762E-06        79.080
17           -2.6892114744E+01        -1.9977E+00        2.735E-06        78.702
18           -2.6892114808E+01        -1.9977E+00        2.129E-06        78.977
19           -2.6892114581E+01        -1.9977E+00        1.765E-06        78.888
20           -2.6892113985E+01        -1.9977E+00        3.173E-06        79.366
21           -2.6892114009E+01        -1.9977E+00        2.592E-06        79.031
22           -2.6892113833E+01        -1.9977E+00        1.028E-06        79.265
23           -2.6892113866E+01        -1.9977E+00        6.267E-07        78.880
Total number of SCF: 23    

k = [0.000, 0.000, 0.000]
Occupation of state 243 = 0.000000000000000.
Occupation of state 270 = 0.000000000000000.
Exx outer loop error: 5.9052409184e-04 

No.8 Exx outer loop: 
1            -2.6892121800E+01        -1.9982E+00        6.822E-04        82.085
2            -2.6892121327E+01        -1.9982E+00        2.932E-04        79.345
3            -2.6892161447E+01        -1.9982E+00        1.622E-04        79.323
4            -2.6892199765E+01        -1.9983E+00        1.210E-04        83.582
5            -2.6892187155E+01        -1.9982E+00        5.922E-05        83.747
6            -2.6892170250E+01        -1.9982E+00        3.747E-05        79.739
7            -2.6892157780E+01        -1.9982E+00        2.370E-05        79.514
8            -2.6892142989E+01        -1.9982E+00        1.502E-05        79.183
9            -2.6892130586E+01        -1.9982E+00        1.077E-05        79.048
10           -2.6892125156E+01        -1.9982E+00        9.341E-06        79.480
11           -2.6892119508E+01        -1.9982E+00        7.919E-06        79.057
12           -2.6892117866E+01        -1.9982E+00        4.351E-06        79.477
13           -2.6892117138E+01        -1.9982E+00        2.496E-06        79.067
14           -2.6892117258E+01        -1.9982E+00        1.762E-06        79.520
15           -2.6892117003E+01        -1.9982E+00        1.488E-06        79.489
16           -2.6892117169E+01        -1.9982E+00        1.170E-06        79.194
17           -2.6892117032E+01        -1.9982E+00        9.073E-07        79.145
Total number of SCF: 17    

k = [0.000, 0.000, 0.000]
Occupation of state 243 = 0.000000000000000.
Occupation of state 270 = 0.000000000000000.
Exx outer loop error: 1.1540228939e-04 

No.9 Exx outer loop: 
1            -2.6892124486E+01        -1.9986E+00        5.794E-04        82.031
2            -2.6892123283E+01        -1.9986E+00        2.518E-04        79.585
3            -2.6892273239E+01        -1.9985E+00        4.002E-04        79.027
4            -2.6892220070E+01        -1.9986E+00        1.489E-04        79.176
5            -2.6892184942E+01        -1.9986E+00        5.002E-05        80.423
6            -2.6892161979E+01        -1.9986E+00        3.155E-05        82.701
7            -2.6892148873E+01        -1.9986E+00        2.217E-05        79.693
8            -2.6892134830E+01        -1.9986E+00        1.577E-05        81.951
9            -2.6892132801E+01        -1.9986E+00        1.048E-05        84.084
10           -2.6892127480E+01        -1.9986E+00        8.786E-06        79.715
11           -2.6892123482E+01        -1.9986E+00        5.228E-06        82.865
12           -2.6892120841E+01        -1.9986E+00        3.554E-06        82.262
13           -2.6892119907E+01        -1.9986E+00        2.701E-06        79.307
14           -2.6892120187E+01        -1.9986E+00        1.658E-06        78.989
15           -2.6892119388E+01        -1.9986E+00        1.578E-06        78.940
16           -2.6892118822E+01        -1.9986E+00        9.103E-07        78.848
Total number of SCF: 16    

k = [0.000, 0.000, 0.000]
Occupation of state 243 = 0.000000000000000.
Occupation of state 270 = 0.000000000000000.
Exx outer loop error: 3.8612179721e-04 

No.10 Exx outer loop: 
1            -2.6892125371E+01        -1.9988E+00        4.709E-04        81.878
2            -2.6892124109E+01        -1.9988E+00        2.177E-04        79.322
3            -2.6892155545E+01        -1.9988E+00        2.012E-04        79.383
4            -2.6892181625E+01        -1.9988E+00        9.636E-05        79.550
5            -2.6892174818E+01        -1.9988E+00        7.957E-05        79.343
6            -2.6892176365E+01        -1.9988E+00        8.759E-05        79.708
7            -2.6892163232E+01        -1.9988E+00        4.549E-05        79.650
8            -2.6892156223E+01        -1.9988E+00        4.716E-05        79.441
9            -2.6892147110E+01        -1.9988E+00        2.407E-05        79.467
10           -2.6892137404E+01        -1.9988E+00        1.556E-05        79.621
11           -2.6892136208E+01        -1.9988E+00        1.238E-05        79.231
12           -2.6892134518E+01        -1.9988E+00        1.086E-05        79.132
13           -2.6892133340E+01        -1.9988E+00        1.053E-05        79.208
14           -2.6892131774E+01        -1.9988E+00        1.032E-05        79.812
15           -2.6892130575E+01        -1.9988E+00        9.253E-06        79.080
16           -2.6892129894E+01        -1.9988E+00        1.008E-05        79.656
17           -2.6892130571E+01        -1.9988E+00        1.972E-05        79.169
18           -2.6892128774E+01        -1.9988E+00        8.190E-06        79.240
19           -2.6892128067E+01        -1.9988E+00        9.328E-06        79.175
20           -2.6892126656E+01        -1.9988E+00        5.113E-06        83.303
21           -2.6892125932E+01        -1.9988E+00        1.052E-05        84.902
22           -2.6892124774E+01        -1.9988E+00        3.036E-06        79.482
23           -2.6892123629E+01        -1.9988E+00        2.312E-06        79.137
24           -2.6892122608E+01        -1.9988E+00        3.002E-06        79.094
25           -2.6892121567E+01        -1.9988E+00        2.700E-06        78.877
26           -2.6892121190E+01        -1.9988E+00        9.212E-07        79.070
Total number of SCF: 26    

k = [0.000, 0.000, 0.000]
Occupation of state 243 = 0.000000000000000.
Occupation of state 270 = 0.000000000000000.
Exx outer loop error: 3.0508730410e-04 

No.11 Exx outer loop: 
1            -2.6892127135E+01        -1.9990E+00        3.963E-04        82.045
2            -2.6892125515E+01        -1.9990E+00        1.832E-04        79.505
3            -2.6892117629E+01        -1.9990E+00        1.046E-04        79.199
4            -2.6892130124E+01        -1.9990E+00        3.135E-05        79.419
5            -2.6892138535E+01        -1.9989E+00        2.050E-05        79.445
6            -2.6892136539E+01        -1.9989E+00        8.603E-06        79.687
7            -2.6892132770E+01        -1.9989E+00        6.059E-06        79.400
8            -2.6892129106E+01        -1.9989E+00        4.420E-06        79.646
9            -2.6892124875E+01        -1.9989E+00        2.609E-06        79.493
10           -2.6892123887E+01        -1.9989E+00        2.674E-06        79.041
11           -2.6892123055E+01        -1.9989E+00        1.467E-06        79.132
12           -2.6892122098E+01        -1.9989E+00        9.538E-07        78.674
Total number of SCF: 12    

k = [0.000, 0.000, 0.000]
Occupation of state 243 = 0.000000000000000.
Occupation of state 270 = 0.000000000000000.
Exx outer loop error: 4.2659794030e-04 

No.12 Exx outer loop: 
1            -2.6892127707E+01        -1.9991E+00        3.295E-04        81.926
2            -2.6892125557E+01        -1.9990E+00        1.567E-04        79.141
3            -2.6892189743E+01        -1.9991E+00        2.001E-04        79.271
4            -2.6892167080E+01        -1.9990E+00        3.728E-05        79.627
5            -2.6892148520E+01        -1.9990E+00        1.738E-05        79.895
6            -2.6892134989E+01        -1.9990E+00        1.133E-05        79.290
7            -2.6892128162E+01        -1.9990E+00        8.239E-06        79.901
8            -2.6892126304E+01        -1.9990E+00        6.622E-06        83.728
9            -2.6892123893E+01        -1.9990E+00        3.451E-06        83.555
10           -2.6892122897E+01        -1.9990E+00        3.097E-06        79.212
11           -2.6892122947E+01        -1.9990E+00        1.550E-06        79.419
12           -2.6892122475E+01        -1.9990E+00        8.395E-07        78.691
Total number of SCF: 12    

k = [0.000, 0.000, 0.000]
Occupation of state 243 = 0.000000000000000.
Occupation of state 270 = 0.000000000000000.
Exx outer loop error: 5.8682520704e-04 

No.13 Exx outer loop: 
1            -2.6892126460E+01        -1.9991E+00        2.724E-04        82.259
2            -2.6892125331E+01        -1.9991E+00        1.353E-04        79.159
3            -2.6892184741E+01        -1.9991E+00        4.069E-04        79.561
4            -2.6892156421E+01        -1.9991E+00        2.071E-04        79.247
5            -2.6892123131E+01        -1.9991E+00        5.929E-05        79.174
6            -2.6892115741E+01        -1.9991E+00        4.611E-05        79.193
7            -2.6892124601E+01        -1.9991E+00        3.606E-05        79.199
8            -2.6892134694E+01        -1.9991E+00        3.645E-05        79.110
9            -2.6892129617E+01        -1.9991E+00        1.830E-05        79.330
10           -2.6892129753E+01        -1.9991E+00        1.014E-05        79.833
11           -2.6892127672E+01        -1.9991E+00        8.063E-06        79.530
12           -2.6892126794E+01        -1.9991E+00        8.100E-06        79.512
13           -2.6892126330E+01        -1.9991E+00        6.623E-06        79.258
14           -2.6892125370E+01        -1.9991E+00        2.251E-06        79.108
15           -2.6892124544E+01        -1.9991E+00        2.184E-06        79.243
16           -2.6892124349E+01        -1.9991E+00        1.472E-06        79.333
17           -2.6892123882E+01        -1.9991E+00        9.775E-07        78.680
Total number of SCF: 17    

k = [0.000, 0.000, 0.000]
Occupation of state 243 = 0.000000000000000.
Occupation of state 270 = 0.000000000000000.
Exx outer loop error: 5.4645485377e-05 

No.14 Exx outer loop: 
1            -2.6892127350E+01        -1.9992E+00        2.315E-04        81.954
2            -2.6892126214E+01        -1.9991E+00        1.143E-04        79.264
3            -2.6892174676E+01        -1.9991E+00        6.599E-05        79.370
4            -2.6892173285E+01        -1.9991E+00        2.962E-05        79.392
5            -2.6892160616E+01        -1.9991E+00        2.752E-05        79.667
6            -2.6892147797E+01        -1.9991E+00        1.347E-05        83.852
7            -2.6892138769E+01        -1.9991E+00        8.498E-06        83.819
8            -2.6892134675E+01        -1.9991E+00        7.078E-06        79.339
9            -2.6892130762E+01        -1.9991E+00        6.216E-06        79.516
10           -2.6892127988E+01        -1.9991E+00        4.315E-06        79.113
11           -2.6892125746E+01        -1.9991E+00        2.461E-06        79.180
12           -2.6892125253E+01        -1.9991E+00        2.190E-06        79.422
13           -2.6892124455E+01        -1.9991E+00        1.523E-06        78.998
14           -2.6892123807E+01        -1.9991E+00        1.196E-06        79.247
15           -2.6892123293E+01        -1.9991E+00        8.689E-07        78.754
Total number of SCF: 15    

k = [0.000, 0.000, 0.000]
Occupation of state 243 = 0.000000000000000.
Occupation of state 270 = 0.000000000000000.
Exx outer loop error: 3.2682317256e-04 

No.15 Exx outer loop: 
1            -2.6892125336E+01        -1.9992E+00        1.970E-04        82.183
2            -2.6892125159E+01        -1.9992E+00        9.692E-05        79.737
3            -2.6892130278E+01        -1.9992E+00        5.127E-05        79.757
4            -2.6892129407E+01        -1.9992E+00        1.694E-05        79.813
5            -2.6892131769E+01        -1.9992E+00        1.371E-05        79.588
6            -2.6892135439E+01        -1.9992E+00        7.034E-06        79.730
7            -2.6892129223E+01        -1.9992E+00        4.364E-06        79.147
8            -2.6892128112E+01        -1.9992E+00        3.416E-06        79.154
9            -2.6892125488E+01        -1.9992E+00        1.859E-06        79.307
10           -2.6892124965E+01        -1.9992E+00        1.843E-06        79.145
11           -2.6892123366E+01        -1.9992E+00        8.696E-07        78.697
Total number of SCF: 11    

k = [0.000, 0.000, 0.000]
Occupation of state 243 = 0.000000000000000.
Occupation of state 270 = 0.000000000000000.
Exx outer loop error: 5.5127983578e-04 

No.16 Exx outer loop: 
1            -2.6892125396E+01        -1.9992E+00        1.692E-04        82.269
2            -2.6892124849E+01        -1.9992E+00        8.306E-05        79.654
3            -2.6892165828E+01        -1.9992E+00        1.024E-04        79.117
4            -2.6892144902E+01        -1.9992E+00        1.554E-05        79.350
5            -2.6892144081E+01        -1.9992E+00        2.339E-05        79.759
6            -2.6892138395E+01        -1.9992E+00        1.605E-05        103.917
7            -2.6892133392E+01        -1.9992E+00        7.342E-06        102.345
8            -2.6892129925E+01        -1.9992E+00        5.220E-06        108.659
9            -2.6892126846E+01        -1.9992E+00        3.475E-06        111.819
10           -2.6892125197E+01        -1.9992E+00        1.506E-06        97.250
11           -2.6892124392E+01        -1.9992E+00        7.102E-07        99.706
Total number of SCF: 11    

k = [0.000, 0.000, 0.000]
Occupation of state 243 = 0.000000000000000.
Occupation of state 270 = 0.000000000000000.
Exx outer loop error: 1.6241274927e-04 

No.17 Exx outer loop: 
1            -2.6892126772E+01        -1.9992E+00        1.383E-04        82.289
2            -2.6892125634E+01        -1.9992E+00        7.098E-05        79.648
3            -2.6892123492E+01        -1.9992E+00        3.062E-05        79.864
4            -2.6892129720E+01        -1.9992E+00        8.319E-06        79.581
5            -2.6892129591E+01        -1.9992E+00        4.856E-06        79.751
6            -2.6892127745E+01        -1.9992E+00        2.536E-06        79.294
7            -2.6892126513E+01        -1.9992E+00        1.956E-06        79.996
8            -2.6892125951E+01        -1.9992E+00        1.474E-06        79.255
9            -2.6892125845E+01        -1.9992E+00        1.155E-06        79.089
10           -2.6892125644E+01        -1.9992E+00        1.186E-06        79.116
11           -2.6892125483E+01        -1.9992E+00        8.676E-07        78.806
Total number of SCF: 11    

k = [0.000, 0.000, 0.000]
Occupation of state 243 = 0.000000000000000.
Occupation of state 270 = 0.000000000000000.
Exx outer loop error: 5.1583773184e-04 

No.18 Exx outer loop: 
1            -2.6892127525E+01        -1.9992E+00        1.160E-04        82.352
2            -2.6892126454E+01        -1.9992E+00        5.959E-05        79.322
3            -2.6892140268E+01        -1.9992E+00        1.948E-05        79.407
4            -2.6892137427E+01        -1.9992E+00        1.208E-05        79.466
5            -2.6892137605E+01        -1.9992E+00        8.824E-06        79.259
6            -2.6892132706E+01        -1.9992E+00        5.339E-06        79.700
7            -2.6892131200E+01        -1.9992E+00        3.224E-06        82.663
8            -2.6892128573E+01        -1.9992E+00        2.761E-06        82.661
9            -2.6892127838E+01        -1.9992E+00        1.979E-06        79.493
10           -2.6892126457E+01        -1.9992E+00        1.745E-06        79.191
11           -2.6892125388E+01        -1.9992E+00        1.336E-06        79.441
12           -2.6892124623E+01        -1.9992E+00        2.983E-06        79.623
13           -2.6892124165E+01        -1.9992E+00        1.513E-06        79.170
14           -2.6892124408E+01        -1.9992E+00        5.546E-07        78.757
Total number of SCF: 14    

k = [0.000, 0.000, 0.000]
Occupation of state 243 = 0.000000000000000.
Occupation of state 270 = 0.000000000000000.
Exx outer loop error: 8.7763152200e-04 

No.19 Exx outer loop: 
1            -2.6892125418E+01        -1.9992E+00        9.785E-05        82.166
2            -2.6892125170E+01        -1.9992E+00        4.939E-05        78.958
3            -2.6892124537E+01        -1.9992E+00        3.485E-05        79.772
4            -2.6892139988E+01        -1.9992E+00        1.410E-05        79.406
5            -2.6892129661E+01        -1.9992E+00        7.686E-06        79.590
6            -2.6892129329E+01        -1.9992E+00        4.086E-06        79.006
7            -2.6892125543E+01        -1.9992E+00        2.999E-06        79.498
8            -2.6892124851E+01        -1.9992E+00        1.908E-06        79.389
9            -2.6892124687E+01        -1.9992E+00        1.530E-06        79.371
10           -2.6892124536E+01        -1.9992E+00        1.974E-06        79.150
11           -2.6892124421E+01        -1.9992E+00        8.898E-07        78.865
Total number of SCF: 11    

k = [0.000, 0.000, 0.000]
Occupation of state 243 = 0.000000000000000.
Occupation of state 270 = 0.000000000000000.
Exx outer loop error: 4.5349891786e-04 

No.20 Exx outer loop: 
1            -2.6892126179E+01        -1.9993E+00        8.043E-05        81.762
2            -2.6892125039E+01        -1.9992E+00        4.359E-05        79.722
3            -2.6892131355E+01        -1.9992E+00        9.393E-06        79.390
4            -2.6892128576E+01        -1.9992E+00        8.263E-06        79.292
5            -2.6892128179E+01        -1.9992E+00        6.008E-06        79.359
6            -2.6892126252E+01        -1.9992E+00        2.568E-06        79.409
7            -2.6892124933E+01        -1.9992E+00        1.770E-06        79.776
8            -2.6892124219E+01        -1.9992E+00        8.341E-07        78.680
Total number of SCF: 8     

k = [0.000, 0.000, 0.000]
Occupation of state 243 = 0.000000000000000.
Occupation of state 270 = 0.000000000000000.
Exx outer loop error: 3.7445636278e-05 
====================================================================
                    Energy and force calculation                    
====================================================================
Free energy per atom               : -2.6892123645E+01 (Ha/atom)
Total free energy                  : -1.6404195424E+03 (Ha)
Band structure energy              : -4.1005332316E+02 (Ha)
Exchange correlation energy        : -2.9246757101E+02 (Ha)
Self and correction energy         : -2.1657632854E+03 (Ha)
Entropy*kb*T                       : -2.0227315498E-03 (Ha)
Fermi level                        : -1.4474246644E-01 (Ha)
RMS force                          :  2.5956248925E-02 (Ha/Bohr)
Maximum force                      :  1.0676370501E-01 (Ha/Bohr)
Time for force calculation         :  1.022 (sec)
***************************************************************************
                               Timing info                                 
***************************************************************************
Total walltime                     :  66546.969 sec
___________________________________________________________________________

***************************************************************************
*             Material Physics & Mechanics Group, Georgia Tech            *
*                       PI: Phanish Suryanarayana                         *
*                Main Developers: Qimen Xu, Abhiraj Sharma                *
*     Collaborators: J.E. Pask (LLNL), A.J. Medford (GT), E. Chow (GT)    *
*  Acknowledgements: U.S. DOE (DE-SC0019410); U.S. NSF (1333500,1553212)  *
***************************************************************************
                                                                           

***************************************************************************
*                       SPARC (version Mar 30, 2022)                      *
*   Copyright (c) 2020 Material Physics & Mechanics Group, Georgia Tech   *
*           Distributed under GNU General Public License 3 (GPL)          *
*                   Start time: Thu Apr 14 18:57:38 2022                  *
***************************************************************************
                           Input parameters                                
***************************************************************************
CELL: 12.4338823950489 16.8986769044157 47.5378507412217 
LATVEC:
1.000000000000000 0.000000000000000 0.000000000000000 
-0.000130020950961 0.999999991547276 0.000000000000000 
0.000000000000000 -0.000000000000000 1.000000000000000 
FD_GRID: 66 89 252
FD_ORDER: 12
BC: P P D
KPOINT_GRID: 2 2 1
KPOINT_SHIFT: 0 0 0
SPIN_TYP: 1
ELEC_TEMP_TYPE: Gaussian
SMEARING: 0.007349864435
CHEB_DEGREE: 37
NSTATES: 270
EXCHANGE_CORRELATION: HSE
CALC_STRESS: 0
CALC_PRES: 0
CHEFSI_BOUND_FLAG: 0
MAXIT_SCF: 100
MINIT_SCF: 3
MAXIT_POISSON: 3000
TOL_SCF: 1.00E-06
POISSON_SOLVER: AAR
TOL_POISSON: 1.00E-08
TOL_LANCZOS: 1.00E-02
TOL_PSEUDOCHARGE: 1.00E-08
MIXING_VARIABLE: density
MIXING_PRECOND: kerker
MIXING_PRECOND_MAG: none
TOL_PRECOND: 3.57E-05
PRECOND_KERKER_KTF: 1
PRECOND_KERKER_THRESH: 0.1
MIXING_PARAMETER: 0.3
MIXING_PARAMETER_MAG: 0.3
MIXING_HISTORY: 7
PULAY_FREQUENCY: 1
PULAY_RESTART: 0
REFERENCE_CUTOFF: 0.5
RHO_TRIGGER: 4
FIX_RAND: 0
VERBOSITY: 1
PRINT_FORCES: 1
PRINT_ATOMS: 1
PRINT_EIGEN: 1
PRINT_DENSITY: 0
PRINT_ENERGY_DENSITY: 0
TOL_FOCK: 5.00E-05
TOL_SCF_INIT: 1.00E-04
MAXIT_FOCK: 1000
EXX_METHOD: FOURIER_SPACE
EXX_DIVERGENCE: AUXILIARY
ACE_FLAG: 1
EXX_ACE_MEM: 1
EXX_ACE_VALENCE_STATES: 10000
EXX_DOWNSAMPLING: 1 1 1
EXX_RANGE_FOCK: 0.106000
EXX_RANGE_PBE: 0.106000
OUTPUT_FILE: sprc-calc
***************************************************************************
                                Cell                                       
***************************************************************************
Lattice vectors (Bohr):
12.433882395048860 0.000000000000000 0.000000000000000 
-0.002197182041095 16.898676761575889 0.000000000000000 
0.000000000000000 -0.000000000000000 47.537850741221725 
Volume                  :  9.9884706279E+03 (Bohr^3)
***************************************************************************
                           Parallelization                                 
***************************************************************************
NP_SPIN_PARAL: 2
NP_KPOINT_PARAL: 4
NP_BAND_PARAL: 1
NP_DOMAIN_PARAL: 2 3 7
NP_DOMAIN_PHI_PARAL: 4 6 14
EIG_SERIAL_MAXNS: 1500
***************************************************************************
                             Initialization                                
***************************************************************************
Number of processors               :  336
Mesh spacing in x-direction        :  0.188392 (Bohr)
Mesh spacing in y-direction        :  0.189873 (Bohr)
Mesh spacing in z direction        :  0.188642 (Bohr)
Number of symmetry adapted k-points:  4
Output printed to                  :  sprc-calc.out_01
Final eigenvalues printed to       :  sprc-calc.eigen_01
Total number of atom types         :  4
Total number of atoms              :  61
Total number of electrons          :  442
Atom type 1  (valence electrons)   :  H 1
Pseudopotential                    :  H.psp8
Pseudocharge radii of atom type 1  :  3.77 3.80 3.77 (x, y, z dir)
Number of atoms of type 1          :  6
Atom type 2  (valence electrons)   :  N 5
Pseudopotential                    :  N.psp8
Pseudocharge radii of atom type 2  :  6.78 6.65 6.79 (x, y, z dir)
Number of atoms of type 2          :  2
Atom type 3  (valence electrons)   :  O 6
Pseudopotential                    :  O.psp8
Pseudocharge radii of atom type 3  :  6.78 6.84 6.79 (x, y, z dir)
Number of atoms of type 3          :  35
Atom type 4  (valence electrons)   :  Ti 12
Pseudopotential                    :  Ti.psp8
Pseudocharge radii of atom type 4  :  6.78 6.84 6.79 (x, y, z dir)
Number of atoms of type 4          :  18
Estimated total memory usage       :  317.95 GB
Estimated memory per processor     :  968.99 MB
========================================================================================
                    Self Consistent Field (SCF#1)                     
========================================================================================
Iteration     Free Energy (Ha/atom)    Magnetization     SCF Error        Timing (sec)
1            -2.6995797880E+01        -1.5175E+00        4.635E-01        203.339
2            -2.7308606301E+01         4.8980E+00        3.766E-01        51.792
3            -2.7247124844E+01        -1.1146E+01        3.215E-01        52.106
4            -2.7255932031E+01         4.6519E+00        2.712E-01        52.292
5            -2.7312179864E+01         1.4774E+00        1.713E-01        51.484
6            -2.7329260411E+01        -1.5455E+00        1.079E-01        51.324
7            -2.7327715780E+01        -1.2811E+00        7.779E-02        51.181
8            -2.7321677780E+01        -1.4693E+00        6.594E-02        51.274
9            -2.7310839966E+01        -2.8960E+00        5.994E-02        52.149
10           -2.7290280676E+01        -1.2625E+00        4.864E-02        52.152
11           -2.7270851023E+01        -6.7592E-01        4.287E-02        51.313
12           -2.7256802976E+01        -6.9117E-01        4.060E-02        51.400
13           -2.7229642726E+01        -7.1598E-01        4.031E-02        51.486
14           -2.7202444530E+01        -6.5322E-01        3.479E-02        51.887
15           -2.7178773449E+01        -5.1958E-01        2.986E-02        51.342
16           -2.7154983800E+01        -5.1416E-01        2.279E-02        51.526
17           -2.7140041799E+01        -5.6056E-01        1.702E-02        51.724
18           -2.7118455938E+01        -4.2738E-01        1.462E-02        51.543
19           -2.7122272182E+01        -5.5466E-01        1.008E-02        51.561
20           -2.7114287812E+01        -5.8070E-01        8.282E-03        51.856
21           -2.7104989953E+01        -5.6092E-01        6.380E-03        51.369
22           -2.7102006977E+01        -5.6714E-01        5.414E-03        52.265
23           -2.7094465484E+01        -5.8395E-01        4.874E-03        51.274
24           -2.7092632518E+01        -5.9538E-01        4.066E-03        51.503
25           -2.7086707215E+01        -6.4183E-01        3.421E-03        51.320
26           -2.7085258738E+01        -6.6042E-01        2.522E-03        51.699
27           -2.7083011483E+01        -7.2579E-01        2.016E-03        52.105
28           -2.7082477090E+01        -7.5411E-01        1.561E-03        52.108
29           -2.7081897848E+01        -7.8339E-01        1.070E-03        51.293
30           -2.7081340445E+01        -8.3551E-01        7.727E-04        55.411
31           -2.7081093796E+01        -8.6441E-01        6.529E-04        53.178
32           -2.7080908941E+01        -9.1803E-01        6.322E-04        53.272
33           -2.7080881442E+01        -9.3043E-01        6.154E-04        51.125
34           -2.7080814050E+01        -9.5966E-01        3.480E-04        51.249
35           -2.7080760400E+01        -9.8495E-01        2.910E-04        51.775
36           -2.7080665098E+01        -1.0154E+00        3.537E-04        51.137
37           -2.7080556994E+01        -1.0353E+00        6.031E-04        51.584
38           -2.7080593247E+01        -1.0302E+00        3.819E-04        51.460
39           -2.7080564655E+01        -1.0358E+00        3.584E-04        51.946
40           -2.7080544492E+01        -1.0420E+00        3.354E-04        51.896
41           -2.7080497332E+01        -1.0580E+00        2.378E-04        51.349
42           -2.7080459324E+01        -1.1018E+00        6.519E-04        64.679
43           -2.7080499897E+01        -1.0940E+00        1.244E-03        53.313
44           -2.7080456586E+01        -1.1117E+00        1.050E-03        70.388
45           -2.7080418227E+01        -1.1219E+00        7.275E-04        65.192
46           -2.7080361727E+01        -1.1482E+00        2.657E-04        54.418
47           -2.7080355741E+01        -1.1621E+00        9.898E-05        57.809
Total number of SCF: 47    

k = [0.000, 0.000, 0.000]
Occupation of state 243 = 0.000000000000023.
Occupation of state 270 = 0.000000000000000.

No.1 Exx outer loop: 
1            -2.6890029150E+01        -1.8101E+00        1.525E-02        85.653
2            -2.6883621847E+01        -1.8320E+00        1.311E-02        82.524
3            -2.6886702761E+01        -1.4172E+00        1.198E-02        82.532
4            -2.6925315984E+01        -1.5074E+00        1.205E-01        82.226
5            -2.6893012179E+01        -1.4329E+00        1.160E-02        82.488
6            -2.6893485584E+01        -1.3657E+00        1.093E-02        82.984
7            -2.6893579002E+01        -1.4536E+00        1.008E-02        82.908
8            -2.6896344893E+01        -1.7235E+00        6.955E-03        82.484
9            -2.6894329904E+01        -1.8095E+00        6.117E-03        82.851
10           -2.6894834984E+01        -1.8845E+00        5.597E-03        82.250
11           -2.6894863965E+01        -1.8921E+00        4.630E-03        85.971
12           -2.6894101127E+01        -1.8969E+00        3.965E-03        84.863
13           -2.6892598826E+01        -1.8860E+00        2.787E-03        84.185
14           -2.6892592882E+01        -1.8960E+00        1.922E-03        82.224
15           -2.6892783062E+01        -1.9042E+00        1.449E-03        82.291
16           -2.6892718565E+01        -1.9088E+00        7.650E-04        82.285
17           -2.6892510775E+01        -1.9107E+00        5.238E-04        83.207
18           -2.6892348165E+01        -1.9106E+00        4.118E-04        82.361
19           -2.6892193711E+01        -1.9120E+00        3.563E-04        83.515
20           -2.6892023038E+01        -1.9121E+00        2.597E-04        87.562
21           -2.6891865355E+01        -1.9122E+00        2.006E-04        82.487
22           -2.6891759525E+01        -1.9120E+00        1.373E-04        82.355
23           -2.6891738259E+01        -1.9120E+00        1.028E-04        83.051
24           -2.6891708295E+01        -1.9118E+00        7.101E-05        117.388
25           -2.6891689945E+01        -1.9115E+00        5.263E-05        84.127
26           -2.6891676168E+01        -1.9112E+00        2.424E-05        83.104
27           -2.6891677894E+01        -1.9111E+00        1.956E-05        83.249
28           -2.6891673338E+01        -1.9111E+00        1.417E-05        111.755
29           -2.6891671553E+01        -1.9111E+00        9.912E-06        105.844
30           -2.6891671961E+01        -1.9112E+00        1.067E-05        82.417
31           -2.6891672729E+01        -1.9112E+00        6.457E-06        82.149
32           -2.6891674721E+01        -1.9112E+00        5.304E-06        85.777
33           -2.6891675259E+01        -1.9112E+00        4.091E-06        94.058
34           -2.6891674408E+01        -1.9112E+00        2.852E-06        83.069
35           -2.6891671918E+01        -1.9112E+00        1.819E-06        82.296
36           -2.6891671214E+01        -1.9112E+00        1.845E-06        82.042
37           -2.6891671145E+01        -1.9112E+00        1.035E-06        82.225
38           -2.6891671161E+01        -1.9112E+00        1.766E-06        122.168
39           -2.6891671100E+01        -1.9112E+00        3.998E-06        81.901
40           -2.6891671128E+01        -1.9112E+00        1.474E-06        82.148
41           -2.6891670977E+01        -1.9112E+00        7.572E-07        81.668
Total number of SCF: 41    

k = [0.000, 0.000, 0.000]
Occupation of state 243 = 0.000000000000000.
Occupation of state 270 = 0.000000000000000.
Exx outer loop error: 6.1402884859e-01 

No.2 Exx outer loop: 
1            -2.6892039366E+01        -1.9945E+00        4.372E-03        85.583
2            -2.6891558349E+01        -1.9933E+00        2.433E-03        82.425
3            -2.6892766452E+01        -1.9677E+00        5.503E-03        82.362
4            -2.6892624404E+01        -1.9899E+00        3.212E-03        82.719
5            -2.6893382911E+01        -1.9587E+00        5.624E-03        82.640
6            -2.6893107422E+01        -1.9939E+00        9.933E-04        82.681
7            -2.6892805448E+01        -1.9932E+00        1.011E-03        82.667
8            -2.6892524328E+01        -1.9933E+00        6.012E-04        83.004
9            -2.6892342406E+01        -1.9926E+00        4.965E-04        82.613
10           -2.6892335508E+01        -1.9924E+00        4.036E-04        82.371
11           -2.6892310249E+01        -1.9923E+00        3.038E-04        82.254
12           -2.6892283959E+01        -1.9923E+00        2.305E-04        82.475
13           -2.6892258919E+01        -1.9930E+00        1.876E-04        82.207
14           -2.6892190291E+01        -1.9926E+00        1.200E-04        84.645
15           -2.6892155144E+01        -1.9929E+00        1.472E-04        84.209
16           -2.6892093855E+01        -1.9929E+00        1.251E-04        82.315
17           -2.6892063555E+01        -1.9929E+00        1.040E-04        82.502
18           -2.6892033086E+01        -1.9929E+00        7.330E-05        82.221
19           -2.6892028674E+01        -1.9929E+00        4.944E-05        82.481
20           -2.6892008912E+01        -1.9929E+00        3.077E-05        82.729
21           -2.6891999449E+01        -1.9929E+00        1.942E-05        82.344
22           -2.6891990607E+01        -1.9929E+00        1.395E-05        82.032
23           -2.6891988161E+01        -1.9930E+00        1.954E-05        81.827
24           -2.6891988332E+01        -1.9930E+00        1.984E-05        81.792
25           -2.6891986982E+01        -1.9930E+00        2.070E-05        82.161
26           -2.6891987981E+01        -1.9930E+00        5.306E-05        82.181
27           -2.6891989612E+01        -1.9930E+00        1.690E-05        81.995
28           -2.6891992852E+01        -1.9929E+00        4.227E-06        81.985
29           -2.6891993468E+01        -1.9929E+00        4.446E-06        81.847
30           -2.6891993940E+01        -1.9929E+00        5.661E-06        82.531
31           -2.6891994082E+01        -1.9929E+00        7.291E-06        82.070
32           -2.6891993928E+01        -1.9929E+00        6.372E-06        82.035
33           -2.6891993646E+01        -1.9929E+00        4.520E-06        81.949
34           -2.6891993154E+01        -1.9929E+00        1.760E-06        82.631
35           -2.6891993159E+01        -1.9929E+00        1.993E-06        81.870
36           -2.6891993087E+01        -1.9929E+00        6.475E-07        84.991
Total number of SCF: 36    

k = [0.000, 0.000, 0.000]
Occupation of state 243 = 0.000000000000000.
Occupation of state 270 = 0.000000000000000.
Exx outer loop error: 7.5936297416e-03 

No.3 Exx outer loop: 
1            -2.6892075456E+01        -1.9963E+00        2.279E-03        89.160
2            -2.6892021098E+01        -1.9959E+00        1.092E-03        84.488
3            -2.6892181942E+01        -1.9955E+00        6.296E-04        84.038
4            -2.6892214686E+01        -1.9960E+00        5.258E-04        82.448
5            -2.6892248353E+01        -1.9957E+00        3.720E-04        82.293
6            -2.6892263665E+01        -1.9956E+00        3.323E-04        82.279
7            -2.6892269162E+01        -1.9956E+00        3.052E-04        84.232
8            -2.6892279941E+01        -1.9954E+00        2.323E-04        82.451
9            -2.6892262936E+01        -1.9954E+00        2.089E-04        82.461
10           -2.6892248097E+01        -1.9954E+00        1.997E-04        82.360
11           -2.6892241942E+01        -1.9954E+00        1.925E-04        82.417
12           -2.6892237285E+01        -1.9954E+00        1.921E-04        82.318
13           -2.6892245321E+01        -1.9953E+00        1.659E-04        82.663
14           -2.6892223522E+01        -1.9955E+00        1.666E-04        82.163
15           -2.6892195155E+01        -1.9955E+00        1.501E-04        82.416
16           -2.6892161776E+01        -1.9953E+00        1.109E-04        82.265
17           -2.6892130439E+01        -1.9954E+00        7.081E-05        82.193
18           -2.6892117185E+01        -1.9954E+00        5.822E-05        83.125
19           -2.6892095986E+01        -1.9955E+00        4.230E-05        82.508
20           -2.6892078397E+01        -1.9955E+00        3.718E-05        82.411
21           -2.6892061343E+01        -1.9954E+00        4.031E-05        82.650
22           -2.6892052826E+01        -1.9955E+00        2.479E-05        82.497
23           -2.6892043042E+01        -1.9955E+00        2.815E-05        85.731
24           -2.6892036158E+01        -1.9955E+00        2.036E-05        84.909
25           -2.6892030794E+01        -1.9955E+00        1.480E-05        82.757
26           -2.6892028345E+01        -1.9955E+00        1.180E-05        82.307
27           -2.6892030757E+01        -1.9955E+00        6.949E-06        82.266
28           -2.6892032687E+01        -1.9955E+00        2.335E-05        82.302
29           -2.6892032365E+01        -1.9955E+00        1.440E-05        82.671
30           -2.6892033741E+01        -1.9955E+00        2.529E-05        81.879
31           -2.6892033799E+01        -1.9955E+00        2.505E-05        81.906
32           -2.6892033271E+01        -1.9955E+00        2.121E-05        81.897
33           -2.6892033534E+01        -1.9955E+00        2.651E-05        81.979
34           -2.6892031945E+01        -1.9955E+00        3.671E-06        82.071
35           -2.6892031351E+01        -1.9955E+00        2.410E-06        82.325
36           -2.6892030749E+01        -1.9955E+00        2.212E-06        89.462
37           -2.6892030051E+01        -1.9955E+00        2.169E-06        87.639
38           -2.6892029998E+01        -1.9955E+00        9.257E-07        82.519
Total number of SCF: 38    

k = [0.000, 0.000, 0.000]
Occupation of state 243 = 0.000000000000000.
Occupation of state 270 = 0.000000000000000.
Exx outer loop error: 1.2102118161e-03 

No.4 Exx outer loop: 
1            -2.6892062372E+01        -1.9961E+00        1.439E-03        114.259
2            -2.6892055830E+01        -1.9960E+00        6.430E-04        83.179
3            -2.6892056510E+01        -1.9962E+00        4.890E-04        82.208
4            -2.6892072213E+01        -1.9959E+00        1.535E-04        82.215
5            -2.6892075878E+01        -1.9958E+00        5.972E-05        82.120
6            -2.6892061623E+01        -1.9957E+00        3.818E-05        82.525
7            -2.6892053087E+01        -1.9957E+00        2.639E-05        83.592
8            -2.6892050016E+01        -1.9957E+00        1.838E-05        85.440
9            -2.6892048238E+01        -1.9957E+00        1.483E-05        83.944
10           -2.6892045239E+01        -1.9957E+00        1.189E-05        82.204
11           -2.6892041640E+01        -1.9957E+00        6.453E-06        81.993
12           -2.6892040839E+01        -1.9957E+00        4.900E-06        82.047
13           -2.6892039845E+01        -1.9957E+00        4.182E-06        82.962
14           -2.6892040036E+01        -1.9957E+00        2.640E-06        82.257
15           -2.6892039158E+01        -1.9957E+00        2.947E-06        82.054
16           -2.6892038737E+01        -1.9957E+00        1.854E-06        82.181
17           -2.6892038564E+01        -1.9957E+00        1.097E-06        82.131
18           -2.6892038655E+01        -1.9957E+00        1.269E-06        82.279
19           -2.6892038733E+01        -1.9957E+00        1.446E-06        82.417
20           -2.6892038754E+01        -1.9957E+00        8.459E-07        81.729
Total number of SCF: 20    

k = [0.000, 0.000, 0.000]
Occupation of state 243 = 0.000000000000000.
Occupation of state 270 = 0.000000000000000.
Exx outer loop error: 1.6277172362e-04 

No.5 Exx outer loop: 
1            -2.6892055818E+01        -1.9963E+00        1.071E-03        101.185
2            -2.6892054583E+01        -1.9964E+00        4.542E-04        82.510
3            -2.6892149112E+01        -1.9934E+00        1.418E-03        83.005
4            -2.6892130881E+01        -1.9947E+00        9.891E-04        82.615
5            -2.6892277402E+01        -1.9969E+00        5.669E-04        82.445
6            -2.6892227208E+01        -1.9958E+00        6.524E-04        83.175
7            -2.6892252491E+01        -1.9960E+00        3.730E-04        82.336
8            -2.6892281255E+01        -1.9965E+00        2.386E-04        82.755
9            -2.6892239095E+01        -1.9962E+00        1.515E-04        82.984
10           -2.6892181981E+01        -1.9963E+00        9.419E-05        82.162
11           -2.6892146576E+01        -1.9962E+00        5.696E-05        85.730
12           -2.6892126790E+01        -1.9962E+00        4.640E-05        86.335
13           -2.6892107295E+01        -1.9962E+00        3.474E-05        82.664
14           -2.6892093206E+01        -1.9962E+00        3.278E-05        82.334
15           -2.6892079134E+01        -1.9962E+00        2.257E-05        82.342
16           -2.6892068655E+01        -1.9962E+00        1.877E-05        82.601
17           -2.6892052961E+01        -1.9962E+00        1.233E-05        107.367
18           -2.6892050044E+01        -1.9962E+00        1.233E-05        82.096
19           -2.6892044762E+01        -1.9962E+00        8.169E-06        82.113
20           -2.6892044202E+01        -1.9962E+00        5.136E-06        82.337
21           -2.6892042608E+01        -1.9962E+00        4.114E-06        82.366
22           -2.6892041305E+01        -1.9962E+00        2.628E-06        82.396
23           -2.6892041170E+01        -1.9962E+00        1.955E-06        82.114
24           -2.6892041253E+01        -1.9962E+00        1.597E-06        81.930
25           -2.6892041819E+01        -1.9962E+00        2.094E-06        82.039
26           -2.6892042208E+01        -1.9962E+00        7.449E-07        81.807
Total number of SCF: 26    

k = [0.000, 0.000, 0.000]
Occupation of state 243 = 0.000000000000000.
Occupation of state 270 = 0.000000000000000.
Exx outer loop error: 2.3823403541e-04 

No.6 Exx outer loop: 
1            -2.6892053341E+01        -1.9969E+00        9.036E-04        84.704
2            -2.6892052842E+01        -1.9970E+00        3.740E-04        82.337
3            -2.6892185393E+01        -1.9974E+00        5.987E-04        83.587
4            -2.6892183423E+01        -1.9972E+00        2.021E-04        82.269
5            -2.6892167240E+01        -1.9972E+00        2.670E-04        82.126
6            -2.6892135977E+01        -1.9970E+00        9.690E-05        82.693
7            -2.6892112088E+01        -1.9970E+00        4.890E-05        82.401
8            -2.6892093339E+01        -1.9970E+00        2.761E-05        85.931
9            -2.6892080894E+01        -1.9970E+00        1.933E-05        84.658
10           -2.6892068064E+01        -1.9970E+00        1.935E-05        84.320
11           -2.6892059507E+01        -1.9970E+00        1.105E-05        82.202
12           -2.6892056504E+01        -1.9970E+00        6.671E-06        81.963
13           -2.6892053790E+01        -1.9970E+00        8.840E-06        82.072
14           -2.6892051138E+01        -1.9970E+00        5.463E-06        83.073
15           -2.6892050456E+01        -1.9970E+00        3.420E-06        82.070
16           -2.6892049202E+01        -1.9970E+00        3.127E-06        82.139
17           -2.6892048003E+01        -1.9970E+00        2.173E-06        82.540
18           -2.6892046815E+01        -1.9970E+00        2.432E-06        82.117
19           -2.6892045863E+01        -1.9970E+00        1.043E-06        82.104
20           -2.6892045132E+01        -1.9970E+00        9.083E-07        81.952
Total number of SCF: 20    

k = [0.000, 0.000, 0.000]
Occupation of state 243 = 0.000000000000000.
Occupation of state 270 = 0.000000000000000.
Exx outer loop error: 1.2835283380e-04 

No.7 Exx outer loop: 
1            -2.6892054625E+01        -1.9976E+00        7.920E-04        85.066
2            -2.6892053516E+01        -1.9977E+00        3.323E-04        82.770
3            -2.6892161426E+01        -1.9978E+00        2.382E-04        82.207
4            -2.6892122930E+01        -1.9978E+00        3.250E-04        83.252
5            -2.6892107867E+01        -1.9976E+00        1.790E-04        177.322
6            -2.6892088152E+01        -1.9977E+00        4.419E-05        132.566
7            -2.6892086621E+01        -1.9977E+00        3.208E-05        86.571
8            -2.6892086706E+01        -1.9977E+00        2.515E-05        140.918
9            -2.6892081102E+01        -1.9977E+00        2.116E-05        165.180
10           -2.6892069842E+01        -1.9977E+00        1.700E-05        114.159
11           -2.6892058648E+01        -1.9977E+00        8.863E-06        162.428
12           -2.6892053887E+01        -1.9977E+00        6.024E-06        142.712
13           -2.6892052602E+01        -1.9977E+00        4.456E-06        92.396
14           -2.6892050883E+01        -1.9977E+00        1.149E-05        133.888
15           -2.6892050502E+01        -1.9977E+00        3.265E-06        146.612
16           -2.6892049730E+01        -1.9977E+00        4.949E-06        142.715
17           -2.6892048342E+01        -1.9977E+00        1.940E-06        140.226
18           -2.6892047855E+01        -1.9977E+00        2.402E-06        181.909
19           -2.6892047449E+01        -1.9977E+00        2.133E-06        82.653
20           -2.6892047352E+01        -1.9977E+00        1.017E-06        90.246
21           -2.6892046956E+01        -1.9977E+00        1.846E-06        88.130
22           -2.6892046901E+01        -1.9977E+00        9.786E-07        89.438
Total number of SCF: 22    

k = [0.000, 0.000, 0.000]
Occupation of state 243 = 0.000000000000000.
Occupation of state 270 = 0.000000000000000.
Exx outer loop error: 3.2880109969e-04 

No.8 Exx outer loop: 
1            -2.6892055924E+01        -1.9982E+00        6.881E-04        107.440
2            -2.6892053860E+01        -1.9982E+00        2.922E-04        82.416
3            -2.6892175792E+01        -1.9982E+00        3.223E-04        84.808
4            -2.6892200229E+01        -1.9983E+00        1.387E-04        84.277
5            -2.6892158524E+01        -1.9982E+00        1.024E-04        82.151
6            -2.6892151419E+01        -1.9982E+00        6.300E-05        82.317
7            -2.6892137407E+01        -1.9982E+00        4.534E-05        82.582
8            -2.6892117808E+01        -1.9982E+00        3.600E-05        83.400
9            -2.6892099847E+01        -1.9982E+00        3.043E-05        82.080
10           -2.6892075897E+01        -1.9982E+00        1.694E-05        83.133
11           -2.6892068533E+01        -1.9982E+00        1.810E-05        82.439
12           -2.6892064185E+01        -1.9982E+00        1.414E-05        82.952
13           -2.6892056200E+01        -1.9982E+00        1.048E-05        82.381
14           -2.6892051724E+01        -1.9982E+00        3.656E-06        82.657
15           -2.6892050900E+01        -1.9982E+00        3.501E-06        82.221
16           -2.6892049405E+01        -1.9982E+00        5.244E-06        82.133
17           -2.6892048808E+01        -1.9982E+00        1.872E-06        82.361
18           -2.6892048065E+01        -1.9982E+00        1.187E-06        82.050
19           -2.6892048042E+01        -1.9982E+00        9.023E-07        82.609
Total number of SCF: 19    

k = [0.000, 0.000, 0.000]
Occupation of state 243 = 0.000000000000000.
Occupation of state 270 = 0.000000000000000.
Exx outer loop error: 2.7580637456e-04 

No.9 Exx outer loop: 
1            -2.6892056235E+01        -1.9986E+00        5.851E-04        84.986
2            -2.6892053822E+01        -1.9986E+00        2.527E-04        113.443
3            -2.6892092823E+01        -1.9986E+00        1.799E-04        82.444
4            -2.6892113188E+01        -1.9986E+00        1.237E-04        82.344
5            -2.6892107063E+01        -1.9986E+00        4.431E-05        83.478
6            -2.6892071155E+01        -1.9986E+00        2.814E-05        82.284
7            -2.6892067799E+01        -1.9986E+00        5.233E-05        85.570
8            -2.6892057164E+01        -1.9986E+00        1.145E-05        84.350
9            -2.6892056571E+01        -1.9986E+00        7.397E-06        82.150
10           -2.6892055213E+01        -1.9986E+00        8.719E-06        82.476
11           -2.6892054123E+01        -1.9986E+00        9.847E-06        82.283
12           -2.6892054701E+01        -1.9986E+00        6.898E-06        83.153
13           -2.6892054260E+01        -1.9986E+00        5.097E-06        82.207
14           -2.6892052203E+01        -1.9986E+00        4.910E-06        84.978
15           -2.6892051321E+01        -1.9986E+00        6.652E-06        82.192
16           -2.6892050796E+01        -1.9986E+00        2.974E-06        82.637
17           -2.6892049742E+01        -1.9986E+00        1.313E-06        82.090
18           -2.6892049200E+01        -1.9986E+00        7.363E-07        81.810
Total number of SCF: 18    

k = [0.000, 0.000, 0.000]
Occupation of state 243 = 0.000000000000000.
Occupation of state 270 = 0.000000000000000.
Exx outer loop error: 2.4216550836e-04 

No.10 Exx outer loop: 
1            -2.6892056029E+01        -1.9988E+00        4.738E-04        85.731
2            -2.6892054122E+01        -1.9988E+00        2.172E-04        82.389
3            -2.6892115217E+01        -1.9988E+00        9.920E-05        82.321
4            -2.6892099013E+01        -1.9988E+00        5.161E-05        82.374
5            -2.6892069850E+01        -1.9988E+00        5.906E-05        82.256
6            -2.6892058253E+01        -1.9988E+00        2.149E-05        82.168
7            -2.6892053265E+01        -1.9988E+00        2.018E-05        83.346
8            -2.6892052836E+01        -1.9988E+00        1.397E-05        82.284
9            -2.6892054682E+01        -1.9988E+00        8.837E-06        82.135
10           -2.6892056982E+01        -1.9988E+00        6.305E-06        82.263
11           -2.6892056391E+01        -1.9988E+00        4.794E-06        82.941
12           -2.6892054181E+01        -1.9988E+00        4.514E-06        85.872
13           -2.6892051236E+01        -1.9988E+00        2.648E-06        84.168
14           -2.6892050068E+01        -1.9988E+00        3.383E-06        84.272
15           -2.6892049757E+01        -1.9988E+00        1.901E-06        82.266
16           -2.6892049138E+01        -1.9988E+00        1.820E-06        82.191
17           -2.6892048631E+01        -1.9988E+00        1.235E-06        82.226
18           -2.6892048300E+01        -1.9988E+00        5.922E-07        82.911
Total number of SCF: 18    

k = [0.000, 0.000, 0.000]
Occupation of state 243 = 0.000000000000000.
Occupation of state 270 = 0.000000000000000.
Exx outer loop error: 6.9683361323e-04 

No.11 Exx outer loop: 
1            -2.6892053011E+01        -1.9990E+00        3.938E-04        85.075
2            -2.6892052302E+01        -1.9990E+00        1.836E-04        84.226
3            -2.6892087336E+01        -1.9988E+00        4.210E-04        82.404
4            -2.6892087405E+01        -1.9989E+00        2.060E-04        82.335
5            -2.6892069121E+01        -1.9990E+00        5.993E-05        82.600
6            -2.6892066178E+01        -1.9990E+00        2.417E-05        82.222
7            -2.6892064055E+01        -1.9989E+00        1.257E-05        82.813
8            -2.6892060919E+01        -1.9989E+00        9.172E-06        82.491
9            -2.6892058548E+01        -1.9989E+00        5.956E-06        82.279
10           -2.6892057000E+01        -1.9989E+00        3.785E-06        82.161
11           -2.6892056015E+01        -1.9989E+00        3.458E-06        82.230
12           -2.6892054621E+01        -1.9989E+00        2.600E-06        82.151
13           -2.6892052743E+01        -1.9989E+00        2.526E-06        82.779
14           -2.6892051591E+01        -1.9989E+00        1.449E-06        82.107
15           -2.6892050910E+01        -1.9989E+00        8.963E-07        81.979
Total number of SCF: 15    

k = [0.000, 0.000, 0.000]
Occupation of state 243 = 0.000000000000000.
Occupation of state 270 = 0.000000000000000.
Exx outer loop error: 3.6323336591e-04 

No.12 Exx outer loop: 
1            -2.6892056530E+01        -1.9991E+00        3.258E-04        84.850
2            -2.6892054279E+01        -1.9990E+00        1.582E-04        82.237
3            -2.6892087509E+01        -1.9990E+00        7.382E-05        82.559
4            -2.6892099162E+01        -1.9990E+00        3.109E-05        82.404
5            -2.6892082646E+01        -1.9990E+00        2.604E-05        85.808
6            -2.6892072920E+01        -1.9990E+00        1.212E-05        90.888
7            -2.6892061825E+01        -1.9990E+00        1.090E-05        90.133
8            -2.6892057331E+01        -1.9990E+00        6.410E-06        89.815
9            -2.6892054117E+01        -1.9990E+00        3.916E-06        82.614
10           -2.6892052207E+01        -1.9990E+00        3.783E-06        82.603
11           -2.6892050834E+01        -1.9990E+00        2.350E-06        113.307
12           -2.6892050054E+01        -1.9990E+00        1.511E-06        93.292
13           -2.6892049711E+01        -1.9990E+00        1.463E-06        103.553
14           -2.6892049615E+01        -1.9990E+00        7.575E-07        94.738
Total number of SCF: 14    

k = [0.000, 0.000, 0.000]
Occupation of state 243 = 0.000000000000000.
Occupation of state 270 = 0.000000000000000.
Exx outer loop error: 6.8388861704e-04 

No.13 Exx outer loop: 
1            -2.6892053039E+01        -1.9991E+00        2.754E-04        84.966
2            -2.6892052226E+01        -1.9991E+00        1.336E-04        82.362
3            -2.6892068902E+01        -1.9991E+00        1.168E-04        82.318
4            -2.6892062912E+01        -1.9991E+00        2.735E-05        82.245
5            -2.6892061378E+01        -1.9991E+00        1.792E-05        82.044
6            -2.6892063031E+01        -1.9991E+00        1.041E-05        82.338
7            -2.6892060154E+01        -1.9991E+00        7.881E-06        82.299
8            -2.6892056302E+01        -1.9991E+00        5.182E-06        82.833
9            -2.6892054515E+01        -1.9991E+00        4.082E-06        82.160
10           -2.6892052749E+01        -1.9991E+00        2.992E-06        82.290
11           -2.6892051182E+01        -1.9991E+00        2.083E-06        82.104
12           -2.6892050559E+01        -1.9991E+00        1.745E-06        82.183
13           -2.6892049547E+01        -1.9991E+00        1.505E-06        87.315
14           -2.6892049367E+01        -1.9991E+00        9.496E-07        89.397
Total number of SCF: 14    

k = [0.000, 0.000, 0.000]
Occupation of state 243 = 0.000000000000000.
Occupation of state 270 = 0.000000000000000.
Exx outer loop error: 3.0090807434e-04 

No.14 Exx outer loop: 
1            -2.6892051579E+01        -1.9992E+00        2.337E-04        89.434
2            -2.6892051599E+01        -1.9991E+00        1.130E-04        84.375
3            -2.6892082316E+01        -1.9991E+00        1.223E-04        84.242
4            -2.6892081503E+01        -1.9992E+00        9.310E-05        82.288
5            -2.6892074765E+01        -1.9991E+00        4.027E-05        82.686
6            -2.6892074838E+01        -1.9991E+00        1.602E-05        82.109
7            -2.6892073672E+01        -1.9991E+00        1.154E-05        83.139
8            -2.6892066361E+01        -1.9991E+00        9.074E-06        82.442
9            -2.6892060398E+01        -1.9991E+00        5.872E-06        82.264
10           -2.6892056150E+01        -1.9991E+00        3.925E-06        82.518
11           -2.6892053880E+01        -1.9991E+00        3.895E-06        82.199
12           -2.6892051905E+01        -1.9991E+00        3.020E-06        82.203
13           -2.6892051023E+01        -1.9991E+00        1.714E-06        89.466
14           -2.6892050436E+01        -1.9991E+00        9.504E-07        84.855
Total number of SCF: 14    

k = [0.000, 0.000, 0.000]
Occupation of state 243 = 0.000000000000000.
Occupation of state 270 = 0.000000000000000.
Exx outer loop error: 4.9288925939e-04 

No.15 Exx outer loop: 
1            -2.6892053682E+01        -1.9992E+00        2.009E-04        85.168
2            -2.6892052150E+01        -1.9992E+00        9.842E-05        82.594
3            -2.6892058876E+01        -1.9992E+00        4.128E-05        82.395
4            -2.6892057091E+01        -1.9992E+00        1.421E-05        82.266
5            -2.6892055815E+01        -1.9992E+00        9.739E-06        82.484
6            -2.6892053845E+01        -1.9992E+00        7.098E-06        82.759
7            -2.6892052729E+01        -1.9992E+00        3.907E-06        82.097
8            -2.6892051419E+01        -1.9992E+00        2.276E-06        82.134
9            -2.6892050432E+01        -1.9992E+00        1.644E-06        82.329
10           -2.6892049616E+01        -1.9992E+00        1.066E-06        81.970
11           -2.6892049505E+01        -1.9992E+00        8.677E-07        87.774
Total number of SCF: 11    

k = [0.000, 0.000, 0.000]
Occupation of state 243 = 0.000000000000000.
Occupation of state 270 = 0.000000000000000.
Exx outer loop error: 2.8154730210e-04 

No.16 Exx outer loop: 
1            -2.6892051068E+01        -1.9992E+00        1.641E-04        96.458
2            -2.6892050985E+01        -1.9992E+00        8.318E-05        84.754
3            -2.6892055340E+01        -1.9992E+00        6.039E-06        84.284
4            -2.6892055315E+01        -1.9992E+00        4.324E-06        82.319
5            -2.6892052859E+01        -1.9992E+00        2.056E-06        83.442
6            -2.6892051914E+01        -1.9992E+00        1.444E-06        82.222
7            -2.6892050952E+01        -1.9992E+00        7.968E-07        83.143
Total number of SCF: 7     

k = [0.000, 0.000, 0.000]
Occupation of state 243 = 0.000000000000000.
Occupation of state 270 = 0.000000000000000.
Exx outer loop error: 2.5021863652e-04 

No.17 Exx outer loop: 
1            -2.6892052882E+01        -1.9992E+00        1.371E-04        85.704
2            -2.6892052190E+01        -1.9992E+00        7.094E-05        83.324
3            -2.6892051912E+01        -1.9992E+00        1.458E-05        82.254
4            -2.6892056353E+01        -1.9992E+00        2.861E-05        82.209
5            -2.6892049786E+01        -1.9992E+00        7.815E-06        82.313
6            -2.6892049702E+01        -1.9992E+00        8.639E-06        82.193
7            -2.6892049653E+01        -1.9992E+00        6.232E-06        82.250
8            -2.6892050019E+01        -1.9992E+00        2.450E-06        82.675
9            -2.6892050156E+01        -1.9992E+00        1.719E-06        82.023
10           -2.6892050518E+01        -1.9992E+00        1.640E-06        81.933
11           -2.6892050661E+01        -1.9992E+00        1.367E-06        82.002
12           -2.6892050817E+01        -1.9992E+00        1.063E-06        82.102
13           -2.6892050727E+01        -1.9992E+00        7.080E-07        82.929
Total number of SCF: 13    

k = [0.000, 0.000, 0.000]
Occupation of state 243 = 0.000000000000000.
Occupation of state 270 = 0.000000000000000.
Exx outer loop error: 3.9245567948e-04 

No.18 Exx outer loop: 
1            -2.6892051931E+01        -1.9992E+00        1.141E-04        88.387
2            -2.6892051721E+01        -1.9992E+00        6.064E-05        86.455
3            -2.6892054922E+01        -1.9992E+00        3.230E-05        85.738
4            -2.6892056668E+01        -1.9992E+00        1.083E-05        120.135
5            -2.6892054165E+01        -1.9992E+00        5.226E-06        93.592
6            -2.6892052835E+01        -1.9992E+00        3.110E-06        87.287
7            -2.6892052776E+01        -1.9992E+00        1.727E-06        93.119
8            -2.6892051817E+01        -1.9992E+00        1.572E-06        86.174
9            -2.6892051886E+01        -1.9992E+00        1.110E-06        99.244
10           -2.6892051380E+01        -1.9992E+00        1.288E-06        81.987
11           -2.6892051107E+01        -1.9992E+00        5.581E-07        82.720
Total number of SCF: 11    

k = [0.000, 0.000, 0.000]
Occupation of state 243 = 0.000000000000000.
Occupation of state 270 = 0.000000000000000.
Exx outer loop error: 8.6370670053e-05 

No.19 Exx outer loop: 
1            -2.6892052629E+01        -1.9993E+00        9.835E-05        84.847
2            -2.6892051796E+01        -1.9992E+00        5.056E-05        83.252
3            -2.6892054409E+01        -1.9992E+00        6.442E-06        82.163
4            -2.6892051995E+01        -1.9992E+00        2.276E-06        82.146
5            -2.6892051369E+01        -1.9992E+00        1.218E-06        82.073
6            -2.6892051127E+01        -1.9992E+00        8.119E-07        82.245
Total number of SCF: 6     

k = [0.000, 0.000, 0.000]
Occupation of state 243 = 0.000000000000000.
Occupation of state 270 = 0.000000000000000.
Exx outer loop error: 6.9473445839e-05 

No.20 Exx outer loop: 
1            -2.6892052300E+01        -1.9993E+00        8.346E-05        84.921
2            -2.6892051696E+01        -1.9992E+00        4.312E-05        112.288
3            -2.6892051414E+01        -1.9992E+00        1.420E-06        81.848
4            -2.6892051435E+01        -1.9992E+00        1.025E-06        82.275
5            -2.6892051310E+01        -1.9992E+00        9.216E-07        81.725
Total number of SCF: 5     

k = [0.000, 0.000, 0.000]
Occupation of state 243 = 0.000000000000000.
Occupation of state 270 = 0.000000000000000.
Exx outer loop error: 4.8285351608e-05 
====================================================================
                    Energy and force calculation                    
====================================================================
Free energy per atom               : -2.6892049401E+01 (Ha/atom)
Total free energy                  : -1.6404150135E+03 (Ha)
Band structure energy              : -4.1008704998E+02 (Ha)
Exchange correlation energy        : -2.9246308659E+02 (Ha)
Self and correction energy         : -2.1657632854E+03 (Ha)
Entropy*kb*T                       : -2.0229112205E-03 (Ha)
Fermi level                        : -1.4481827015E-01 (Ha)
RMS force                          :  2.5960290340E-02 (Ha/Bohr)
Maximum force                      :  1.0673597123E-01 (Ha/Bohr)
Time for force calculation         :  1.001 (sec)
***************************************************************************
                               Timing info                                 
***************************************************************************
Total walltime                     :  67652.139 sec
___________________________________________________________________________

***************************************************************************
*             Material Physics & Mechanics Group, Georgia Tech            *
*                       PI: Phanish Suryanarayana                         *
*                Main Developers: Qimen Xu, Abhiraj Sharma                *
*     Collaborators: J.E. Pask (LLNL), A.J. Medford (GT), E. Chow (GT)    *
*  Acknowledgements: U.S. DOE (DE-SC0019410); U.S. NSF (1333500,1553212)  *
***************************************************************************
                                                                           
