                Step[ FC]     Time          Energy          fmax
*Force-consistent energies used in optimization.
BFGSLineSearch:    0[  0] 16:53:35   -40409.662422*       7.1379
BFGSLineSearch:    1[  2] 17:12:28   -40409.979399*       4.1448
BFGSLineSearch:    2[  4] 17:34:55   -40410.316404*       2.4723
BFGSLineSearch:    3[  6] 17:53:13   -40410.488812*       1.9168
BFGSLineSearch:    4[  8] 18:10:24   -40410.537937*       1.0505
BFGSLineSearch:    5[  9] 18:18:34   -40410.673675*       1.0227
BFGSLineSearch:    6[ 11] 18:35:35   -40410.714919*       1.1259
BFGSLineSearch:    7[ 13] 18:53:01   -40410.748161*       0.8320
BFGSLineSearch:    8[ 15] 19:08:06   -40410.781855*       1.0540
BFGSLineSearch:    9[ 17] 19:22:20   -40410.796666*       1.0398
BFGSLineSearch:   10[ 19] 19:35:48   -40410.808382*       0.6478
BFGSLineSearch:   11[ 21] 19:50:09   -40410.818625*       0.3626
BFGSLineSearch:   12[ 22] 19:58:13   -40410.828304*       0.4513
BFGSLineSearch:   13[ 24] 20:12:13   -40410.834315*       0.3787
BFGSLineSearch:   14[ 26] 20:23:57   -40410.838332*       0.3096
BFGSLineSearch:   15[ 27] 20:30:33   -40410.841692*       0.1742
BFGSLineSearch:   16[ 28] 20:38:07   -40410.844699*       0.3756
BFGSLineSearch:   17[ 30] 20:51:47   -40410.847477*       0.3243
                Step[ FC]     Time          Energy          fmax
*Force-consistent energies used in optimization.
BFGSLineSearch:    0[  0] 21:28:54   -40410.847461*       0.3240
BFGSLineSearch:    1[  2] 21:42:01   -40410.849064*       0.1460
BFGSLineSearch:    2[  3] 21:48:35   -40410.852132*       0.1118
BFGSLineSearch:    3[  4] 21:55:55   -40410.854781*       0.0873
BFGSLineSearch:    4[  6] 22:11:13   -40410.856411*       0.1350
BFGSLineSearch:    5[  7] 22:18:49   -40410.858733*       0.1223
BFGSLineSearch:    6[  8] 22:27:02   -40410.861468*       0.1488
BFGSLineSearch:    7[  9] 22:36:06   -40410.864716*       0.2595
BFGSLineSearch:    8[ 10] 22:44:35   -40410.869269*       0.3800
BFGSLineSearch:    9[ 11] 22:52:49   -40410.873033*       0.2290
BFGSLineSearch:   10[ 12] 22:59:49   -40410.876077*       0.1628
BFGSLineSearch:   11[ 14] 23:17:16   -40410.877595*       0.2530
BFGSLineSearch:   12[ 15] 23:25:05   -40410.879439*       0.3351
BFGSLineSearch:   13[ 16] 23:34:22   -40410.882081*       0.1055
BFGSLineSearch:   14[ 18] 23:48:05   -40410.883708*       0.1503
BFGSLineSearch:   15[ 19] 23:54:31   -40410.885763*       0.1222
BFGSLineSearch:   16[ 20] 00:03:13   -40410.888231*       0.2209
BFGSLineSearch:   17[ 21] 00:15:18   -40410.890588*       0.1245
BFGSLineSearch:   18[ 22] 00:23:29   -40410.893947*       0.1662
BFGSLineSearch:   19[ 24] 00:40:03   -40410.895966*       0.1954
BFGSLineSearch:   20[ 26] 00:54:51   -40410.898236*       0.1387
BFGSLineSearch:   21[ 27] 01:02:38   -40410.902033*       0.1679
BFGSLineSearch:   22[ 28] 01:13:35   -40410.907247*       0.2935
BFGSLineSearch:   23[ 29] 01:22:16   -40410.911874*       0.6393
BFGSLineSearch:   24[ 32] 01:51:48   -40410.923920*       0.4274
                Step[ FC]     Time          Energy          fmax
*Force-consistent energies used in optimization.
BFGSLineSearch:    0[  0] 09:56:16   -40410.923912*       0.4288
BFGSLineSearch:    1[  2] 10:14:46   -40410.929046*       0.5377
BFGSLineSearch:    2[  3] 10:24:38   -40410.932595*       0.1790
BFGSLineSearch:    3[  4] 10:34:15   -40410.940133*       0.3584
BFGSLineSearch:    4[  6] 10:52:59   -40410.948117*       0.5918
BFGSLineSearch:    5[  8] 11:10:44   -40410.952630*       0.5947
BFGSLineSearch:    6[  9] 11:21:12   -40410.967397*       0.5095
BFGSLineSearch:    7[ 10] 11:29:38   -40410.974308*       0.2546
BFGSLineSearch:    8[ 11] 11:38:15   -40410.980098*       0.6225
BFGSLineSearch:    9[ 12] 11:46:51   -40410.986026*       0.2838
BFGSLineSearch:   10[ 14] 12:03:59   -40410.990617*       0.0938
BFGSLineSearch:   11[ 16] 12:21:05   -40410.995440*       0.3845
BFGSLineSearch:   12[ 17] 12:29:57   -40410.998682*       0.2360
BFGSLineSearch:   13[ 18] 12:38:18   -40411.004954*       0.5656
BFGSLineSearch:   14[ 19] 12:45:41   -40411.010516*       0.3614
BFGSLineSearch:   15[ 20] 12:53:10   -40411.012779*       0.5118
BFGSLineSearch:   16[ 21] 13:01:06   -40411.017212*       0.6351
BFGSLineSearch:   17[ 22] 13:09:35   -40411.024954*       0.4004
BFGSLineSearch:   18[ 23] 13:19:24   -40411.032139*       0.2910
BFGSLineSearch:   19[ 25] 13:36:41   -40411.036421*       0.3832
BFGSLineSearch:   20[ 26] 13:45:39   -40411.043020*       0.2220
BFGSLineSearch:   21[ 27] 13:55:04   -40411.051183*       0.3882
BFGSLineSearch:   22[ 28] 14:03:25   -40411.057262*       0.1677
BFGSLineSearch:   23[ 29] 14:12:25   -40411.061110*       0.3746
                Step[ FC]     Time          Energy          fmax
*Force-consistent energies used in optimization.
BFGSLineSearch:    0[  0] 15:43:44   -40411.061090*       0.3759
BFGSLineSearch:    1[  2] 15:56:19   -40411.063270*       0.1523
BFGSLineSearch:    2[  5] 16:22:47   -40411.067806*       0.4548
BFGSLineSearch:    3[  7] 16:40:32   -40411.072357*       0.5932
BFGSLineSearch:    4[  8] 16:47:24   -40411.075960*       0.1704
BFGSLineSearch:    5[ 10] 17:03:43   -40411.080709*       0.3020
BFGSLineSearch:    6[ 11] 17:11:32   -40411.084809*       0.0994
BFGSLineSearch:    7[ 13] 17:28:24   -40411.086077*       0.2311
BFGSLineSearch:    8[ 14] 17:34:29   -40411.088162*       0.2105
BFGSLineSearch:    9[ 16] 17:51:15   -40411.090190*       0.2805
BFGSLineSearch:   10[ 17] 17:58:22   -40411.091417*       0.1126
BFGSLineSearch:   11[ 20] 18:22:21   -40411.092992*       0.3583
BFGSLineSearch:   12[ 23] 18:48:03   -40411.094249*       0.2141
BFGSLineSearch:   13[ 37] 19:40:20   -40411.094613*       0.2316
                Step[ FC]     Time          Energy          fmax
*Force-consistent energies used in optimization.
BFGSLineSearch:    0[  0] 21:47:20   -40411.094601*       0.2320
BFGSLineSearch:    1[  1] 21:54:44   -40411.097171*       0.1433
BFGSLineSearch:    2[  4] 22:26:46   -40411.099996*       0.3076
BFGSLineSearch:    3[ 15] 23:31:11   -40411.100536*       0.4396
BFGSLineSearch:    4[ 16] 23:43:35   -40411.104461*       0.2997
BFGSLineSearch:    5[ 17] 23:58:37   -40411.107132*       0.3095
BFGSLineSearch:    6[ 18] 00:09:40   -40411.110122*       0.2206
BFGSLineSearch:    7[ 20] 00:21:40   -40411.113908*       0.1801
BFGSLineSearch:    8[ 22] 00:40:12   -40411.115521*       0.2685
BFGSLineSearch:    9[ 23] 00:46:28   -40411.117836*       0.1360
BFGSLineSearch:   10[ 26] 01:11:30   -40411.120020*       0.2211
BFGSLineSearch:   11[ 29] 01:37:30   -40411.122088*       0.1567
BFGSLineSearch:   12[ 30] 01:43:38   -40411.124029*       0.1329
BFGSLineSearch:   13[ 32] 01:58:03   -40411.125061*       0.2027
BFGSLineSearch:   14[ 33] 02:05:21   -40411.126814*       0.1677
                Step[ FC]     Time          Energy          fmax
*Force-consistent energies used in optimization.
BFGSLineSearch:    0[  0] 09:36:29   -40411.126809*       0.1637
BFGSLineSearch:    1[  3] 10:30:50   -40411.128680*       0.1495
BFGSLineSearch:    2[  4] 10:47:32   -40411.131328*       0.1586
BFGSLineSearch:    3[  5] 11:13:10   -40411.133093*       0.3170
BFGSLineSearch:    4[  6] 11:31:15   -40411.135892*       0.2830
BFGSLineSearch:    5[  7] 11:51:04   -40411.138356*       0.1650
BFGSLineSearch:    6[  9] 12:35:54   -40411.139219*       0.1925
BFGSLineSearch:    7[ 10] 12:56:24   -40411.140461*       0.1630
BFGSLineSearch:    8[ 13] 14:14:23   -40411.142193*       0.2170
BFGSLineSearch:    9[ 15] 14:58:13   -40411.142646*       0.1919
BFGSLineSearch:   10[ 16] 15:17:11   -40411.144530*       0.1049
BFGSLineSearch:   11[ 19] 16:20:33   -40411.146002*       0.1099
BFGSLineSearch:   12[ 20] 16:41:42   -40411.146822*       0.0696
BFGSLineSearch:   13[ 22] 17:32:25   -40411.147550*       0.1004
BFGSLineSearch:   14[ 24] 18:15:09   -40411.148657*       0.1504
BFGSLineSearch:   15[ 27] 18:53:45   -40411.150336*       0.2014
BFGSLineSearch:   16[ 28] 19:01:22   -40411.151758*       0.1059
BFGSLineSearch:   17[ 29] 19:10:32   -40411.153045*       0.1261
                Step[ FC]     Time          Energy          fmax
*Force-consistent energies used in optimization.
BFGSLineSearch:    0[  0] 19:45:06   -40411.153036*       0.1255
BFGSLineSearch:    1[  1] 19:50:30   -40411.153528*       0.0880
BFGSLineSearch:    2[  4] 20:15:23   -40411.154372*       0.1534
BFGSLineSearch:    3[  5] 20:23:21   -40411.155310*       0.1093
BFGSLineSearch:    4[ 19] 21:13:52   -40411.155771*       0.1186
BFGSLineSearch:    5[ 20] 21:20:48   -40411.156544*       0.0930
BFGSLineSearch:    6[ 21] 21:26:23   -40411.157293*       0.0570
BFGSLineSearch:    7[ 24] 21:50:18   -40411.158553*       0.1593
BFGSLineSearch:    8[ 25] 21:56:14   -40411.159092*       0.0591
BFGSLineSearch:    9[ 27] 22:11:55   -40411.159687*       0.1387
BFGSLineSearch:   10[ 28] 22:17:06   -40411.159983*       0.0894
BFGSLineSearch:   11[ 31] 22:39:55   -40411.160318*       0.1097
BFGSLineSearch:   12[ 33] 22:50:14   -40411.160824*       0.0662
BFGSLineSearch:   13[ 36] 23:11:58   -40411.161372*       0.1009
BFGSLineSearch:   14[ 37] 23:17:21   -40411.161723*       0.0446
