***************************************************************************
*                       SPARC (version Dec 27, 2021)                      *
*   Copyright (c) 2020 Material Physics & Mechanics Group, Georgia Tech   *
*           Distributed under GNU General Public License 3 (GPL)          *
*                   Start time: Thu Jan 13 21:11:00 2022                  *
***************************************************************************
                           Input parameters                                
***************************************************************************
CELL: 12.4338823950489 11.2657846029438 47.5378507412217 
LATVEC:
1.000000000000000 0.000000000000000 0.000000000000000 
-0.000130020950961 0.999999991547276 0.000000000000000 
0.000000000000000 -0.000000000000000 1.000000000000000 
FD_GRID: 66 60 252
FD_ORDER: 12
BC: P P D
KPOINT_GRID: 4 4 1
KPOINT_SHIFT: 0 0 0
SPIN_TYP: 1
ELEC_TEMP_TYPE: Gaussian
SMEARING: 0.007349864435
CHEB_DEGREE: 37
NSTATES: 237
EXCHANGE_CORRELATION: HSE
CALC_STRESS: 0
CALC_PRES: 0
CHEFSI_BOUND_FLAG: 0
MAXIT_SCF: 100
MINIT_SCF: 3
MAXIT_POISSON: 3000
TOL_SCF: 1.00E-06
POISSON_SOLVER: AAR
TOL_POISSON: 1.00E-08
TOL_LANCZOS: 1.00E-02
TOL_PSEUDOCHARGE: 1.00E-08
MIXING_VARIABLE: density
MIXING_PRECOND: kerker
MIXING_PRECOND_MAG: none
TOL_PRECOND: 3.54E-05
PRECOND_KERKER_KTF: 1
PRECOND_KERKER_THRESH: 0.1
MIXING_PARAMETER: 0.3
MIXING_PARAMETER_MAG: 0.3
MIXING_HISTORY: 7
PULAY_FREQUENCY: 1
PULAY_RESTART: 0
REFERENCE_CUTOFF: 0.5
RHO_TRIGGER: 4
FIX_RAND: 0
VERBOSITY: 1
PRINT_FORCES: 1
PRINT_ATOMS: 1
PRINT_EIGEN: 1
PRINT_DENSITY: 0
PRINT_ENERGY_DENSITY: 0
TOL_FOCK: 5.00E-05
TOL_SCF_INIT: 1.00E-04
MAXIT_FOCK: 1000
EXX_METHOD: FOURIER_SPACE
EXX_DIVERGENCE: AUXILIARY
ACE_FLAG: 1
EXX_ACE_MEM: 1
EXX_ACE_VALENCE_STATES: 10000
EXX_DOWNSAMPLING: 1 1 1
EXX_RANGE_FOCK: 0.106000
EXX_RANGE_PBE: 0.106000
OUTPUT_FILE: sprc-calc
***************************************************************************
                                Cell                                       
***************************************************************************
Lattice vectors (Bohr):
12.433882395048860 0.000000000000000 0.000000000000000 
-0.001464788027397 11.265784507717260 0.000000000000000 
0.000000000000000 -0.000000000000000 47.537850741221717 
Volume                  :  6.6589804186E+03 (Bohr^3)
***************************************************************************
                           Parallelization                                 
***************************************************************************
NP_SPIN_PARAL: 2
NP_KPOINT_PARAL: 10
NP_BAND_PARAL: 1
NP_DOMAIN_PARAL: 2 1 8
NP_DOMAIN_PHI_PARAL: 4 4 21
EIG_SERIAL_MAXNS: 1500
***************************************************************************
                             Initialization                                
***************************************************************************
Number of processors               :  336
Mesh spacing in x-direction        :  0.188392 (Bohr)
Mesh spacing in y-direction        :  0.187763 (Bohr)
Mesh spacing in z direction        :  0.188642 (Bohr)
Number of symmetry adapted k-points:  10
Output printed to                  :  sprc-calc.out
Final eigenvalues printed to       :  sprc-calc.eigen
Total number of atom types         :  3
Total number of atoms              :  49
Total number of electrons          :  388
Atom type 1  (valence electrons)   :  N 5
Pseudopotential                    :  N.psp8
Pseudocharge radii of atom type 1  :  6.78 6.76 6.79 (x, y, z dir)
Number of atoms of type 1          :  2
Atom type 2  (valence electrons)   :  O 6
Pseudopotential                    :  O.psp8
Pseudocharge radii of atom type 2  :  6.78 6.76 6.79 (x, y, z dir)
Number of atoms of type 2          :  31
Atom type 3  (valence electrons)   :  Ti 12
Pseudopotential                    :  Ti.psp8
Pseudocharge radii of atom type 3  :  6.78 6.76 6.79 (x, y, z dir)
Number of atoms of type 3          :  16
Estimated total memory usage       :  445.40 GB
Estimated memory per processor     :  1.33 GB
========================================================================================
                    Self Consistent Field (SCF#1)                     
========================================================================================
Iteration     Free Energy (Ha/atom)    Magnetization     SCF Error        Timing (sec)
1            -2.9835498511E+01         5.1184E+00        4.328E-01        292.850
2            -3.0721676925E+01         1.4698E+00        4.122E-01        73.698
3            -3.0263941382E+01         8.5341E+00        3.344E-01        73.944
4            -3.0047021556E+01         1.1847E+00        3.081E-01        74.152
5            -3.0192943490E+01        -1.5945E+00        2.202E-01        73.937
6            -3.0174219189E+01         9.3619E-01        1.662E-01        73.956
7            -3.0204485034E+01         2.4269E+00        1.945E-01        73.874
8            -3.0168778742E+01         1.9459E+00        1.408E-01        73.854
9            -3.0172828406E+01         3.3268E+00        1.380E-01        73.855
10           -3.0147850416E+01         3.8207E+00        1.109E-01        73.848
11           -3.0132076831E+01         1.1499E-01        1.332E-01        73.787
12           -3.0108656365E+01        -1.6757E+00        8.907E-02        73.231
13           -3.0080641140E+01        -3.5562E-01        9.282E-02        73.599
14           -3.0077493114E+01        -3.9469E-01        9.422E-02        73.288
15           -3.0077136115E+01        -4.1360E-01        9.492E-02        73.560
16           -3.0078330637E+01        -6.6255E-01        9.292E-02        73.022
17           -3.0077869101E+01        -9.4194E-01        9.272E-02        73.123
18           -3.0078243936E+01         1.1859E+00        9.430E-02        73.348
19           -3.0070600064E+01         5.8598E-01        8.527E-02        73.297
20           -3.0060974145E+01        -1.5246E-01        8.084E-02        74.873
21           -3.0066581028E+01        -6.6242E-01        8.774E-02        76.516
22           -3.0042403254E+01         5.9118E-01        6.373E-02        74.998
23           -3.0026508346E+01         1.1979E+00        5.553E-02        73.963
24           -3.0008532304E+01         1.2230E+00        4.698E-02        73.773
25           -2.9982170490E+01         1.0365E+00        3.608E-02        74.416
26           -2.9967871502E+01         8.8648E-01        2.988E-02        73.832
27           -2.9946564778E+01         1.2016E-01        2.295E-02        73.295
28           -2.9949338634E+01         7.2938E-01        2.437E-02        73.412
29           -2.9939050693E+01         7.8815E-01        1.699E-02        73.786
30           -2.9931009172E+01         1.2476E-01        1.328E-02        73.729
31           -2.9927853356E+01         4.6408E-01        8.600E-03        73.628
32           -2.9926156212E+01         4.6108E-01        1.103E-02        74.329
33           -2.9924004387E+01         4.4702E-01        6.721E-03        74.340
34           -2.9922166765E+01         4.6786E-01        8.502E-03        73.630
35           -2.9922262765E+01         4.7449E-01        7.167E-03        73.820
36           -2.9918842434E+01         4.2033E-01        5.226E-03        73.847
37           -2.9917798634E+01         3.8139E-01        9.612E-03        73.841
38           -2.9916805520E+01         4.1280E-01        5.882E-03        73.371
39           -2.9915290046E+01         4.2455E-01        2.663E-03        73.209
40           -2.9914718695E+01         3.6846E-01        3.667E-03        73.286
41           -2.9913916611E+01         3.5071E-01        3.572E-03        73.256
42           -2.9913617267E+01         3.5485E-01        2.248E-03        74.417
43           -2.9913274848E+01         3.4994E-01        1.416E-03        73.325
44           -2.9912875939E+01         3.6400E-01        9.189E-04        74.035
45           -2.9912691999E+01         4.1816E-01        2.747E-03        74.511
46           -2.9912651376E+01         4.2423E-01        2.483E-03        75.638
47           -2.9912556236E+01         4.4603E-01        2.298E-03        73.960
48           -2.9912717604E+01         4.5183E-01        1.888E-03        73.645
49           -2.9912599371E+01         4.8745E-01        1.515E-03        73.584
50           -2.9912573166E+01         5.0094E-01        1.173E-03        73.634
51           -2.9912429767E+01         5.3241E-01        5.697E-04        73.540
52           -2.9912278200E+01         6.0242E-01        1.261E-03        73.524
53           -2.9912216009E+01         6.5244E-01        1.719E-03        73.355
54           -2.9912208993E+01         6.5699E-01        1.733E-03        73.469
55           -2.9912247491E+01         6.1976E-01        1.392E-03        73.449
56           -2.9912190397E+01         6.8916E-01        2.957E-03        73.823
57           -2.9912221674E+01         7.3620E-01        3.655E-03        73.645
58           -2.9912173524E+01         6.6292E-01        1.807E-03        73.455
59           -2.9912171583E+01         6.5337E-01        1.621E-03        73.478
60           -2.9912228396E+01         7.5513E-01        3.608E-03        73.834
61           -2.9912205799E+01         7.2772E-01        2.991E-03        73.476
62           -2.9912304061E+01         8.1711E-01        5.046E-03        73.478
63           -2.9912183949E+01         6.3103E-01        9.216E-04        73.477
64           -2.9912136273E+01         6.2976E-01        1.009E-03        73.397
65           -2.9912120202E+01         6.2290E-01        1.135E-03        73.494
66           -2.9912155349E+01         6.5943E-01        8.943E-04        73.118
67           -2.9912151463E+01         6.7851E-01        7.327E-04        73.290
68           -2.9912141212E+01         7.5864E-01        8.445E-04        73.050
69           -2.9912103452E+01         7.7530E-01        7.243E-04        74.140
70           -2.9912075291E+01         8.2459E-01        1.177E-03        76.689
71           -2.9912054821E+01         8.3797E-01        4.896E-04        73.111
72           -2.9912044111E+01         8.2614E-01        2.775E-04        72.912
73           -2.9912046966E+01         8.1082E-01        2.448E-04        72.898
74           -2.9912047096E+01         8.1092E-01        2.560E-04        73.646
75           -2.9912035514E+01         8.2680E-01        1.597E-04        73.006
76           -2.9912026240E+01         8.4063E-01        1.264E-04        73.424
77           -2.9912021017E+01         8.4882E-01        9.478E-05        72.925
Total number of SCF: 77    

k = [-0.250, -0.250, 0.000]
Occupation of state 213 = 0.000000000728581.
Occupation of state 237 = 0.000000000000000.

No.1 Exx outer loop: 
1            -2.9701067023E+01         1.4646E+00        1.409E-02        121.640
2            -2.9693656630E+01         1.4075E+00        1.407E-02        115.629
3            -2.9703133720E+01         1.0404E+00        7.845E-02        114.614
4            -2.9697159435E+01         1.5881E+00        1.412E-02        114.377
5            -2.9697958346E+01         1.7044E+00        1.368E-02        114.737
6            -2.9704438248E+01         1.5555E+00        5.912E-02        114.925
7            -2.9699630588E+01         1.1269E+00        2.168E-02        114.843
8            -2.9697966386E+01         1.5735E+00        1.215E-02        114.888
9            -2.9701988294E+01         1.7085E+00        1.164E-02        114.847
10           -2.9703711262E+01         1.6781E+00        1.047E-02        115.399
11           -2.9704226463E+01         1.7120E+00        9.679E-03        115.376
12           -2.9703789005E+01         1.2826E+00        9.961E-03        115.408
13           -2.9703750146E+01         1.6336E+00        7.829E-03        115.301
14           -2.9703384290E+01         1.5125E+00        7.137E-03        115.397
15           -2.9702102187E+01         7.8401E-01        1.272E-02        115.994
16           -2.9702612545E+01         1.4682E+00        5.610E-03        115.318
17           -2.9702578739E+01         1.4227E+00        2.744E-03        116.773
18           -2.9703233565E+01         1.2953E+00        6.084E-03        116.923
19           -2.9703231329E+01         1.3166E+00        6.203E-03        115.651
20           -2.9703014941E+01         1.4275E+00        3.238E-03        115.319
21           -2.9703019885E+01         1.4484E+00        2.599E-03        115.591
22           -2.9703127556E+01         1.4759E+00        1.420E-03        115.086
23           -2.9703230191E+01         1.4866E+00        7.394E-04        115.680
24           -2.9703140797E+01         1.4962E+00        3.723E-04        115.387
25           -2.9702975575E+01         1.5134E+00        2.383E-04        115.328
26           -2.9702917479E+01         1.5163E+00        2.097E-04        114.603
27           -2.9702859519E+01         1.5213E+00        1.861E-04        114.549
28           -2.9702807151E+01         1.5293E+00        7.178E-05        114.597
29           -2.9702789123E+01         1.5303E+00        5.744E-05        114.898
30           -2.9702760570E+01         1.5319E+00        4.006E-05        114.580
31           -2.9702749451E+01         1.5315E+00        3.144E-05        115.172
32           -2.9702748915E+01         1.5308E+00        2.616E-05        115.735
33           -2.9702741095E+01         1.5266E+00        8.474E-05        116.106
34           -2.9702741848E+01         1.5273E+00        6.126E-05        114.868
35           -2.9702741961E+01         1.5279E+00        4.627E-05        114.332
36           -2.9702743802E+01         1.5301E+00        2.222E-05        114.382
37           -2.9702739329E+01         1.5291E+00        1.259E-05        114.449
38           -2.9702738581E+01         1.5294E+00        6.833E-06        114.815
39           -2.9702737608E+01         1.5295E+00        1.086E-05        115.256
40           -2.9702737029E+01         1.5294E+00        5.824E-06        114.594
41           -2.9702736553E+01         1.5295E+00        7.345E-06        114.960
42           -2.9702736214E+01         1.5295E+00        5.386E-06        114.963
43           -2.9702736058E+01         1.5292E+00        3.488E-06        115.160
44           -2.9702736170E+01         1.5296E+00        9.042E-06        114.221
45           -2.9702736400E+01         1.5294E+00        5.862E-06        114.057
46           -2.9702736606E+01         1.5292E+00        1.585E-06        114.905
47           -2.9702736856E+01         1.5289E+00        4.434E-06        115.368
48           -2.9702736885E+01         1.5290E+00        1.801E-06        115.540
49           -2.9702736802E+01         1.5292E+00        3.231E-06        117.302
50           -2.9702736794E+01         1.5292E+00        1.501E-06        115.273
51           -2.9702736765E+01         1.5291E+00        8.772E-07        119.246
Total number of SCF: 51    

k = [-0.250, -0.250, 0.000]
Occupation of state 213 = 0.000000000002884.
Occupation of state 237 = 0.000000000000000.
Exx outer loop error: 6.7022629014e-01 

No.2 Exx outer loop: 
1            -2.9703144097E+01         1.9228E+00        4.439E-03        119.263
2            -2.9703124321E+01         1.8542E+00        4.032E-03        114.963
3            -2.9703137163E+01         1.8051E+00        6.466E-03        115.071
4            -2.9703278144E+01         1.7391E+00        9.838E-03        116.347
5            -2.9702938466E+01         1.8728E+00        5.151E-03        114.938
6            -2.9703140877E+01         1.8829E+00        6.186E-03        114.300
7            -2.9703332865E+01         1.9552E+00        2.640E-03        114.629
8            -2.9703275175E+01         1.9416E+00        6.289E-04        114.536
9            -2.9703385064E+01         1.9356E+00        4.545E-04        114.583
10           -2.9703341391E+01         1.9359E+00        3.384E-04        114.594
11           -2.9703277155E+01         1.9373E+00        2.507E-04        114.782
12           -2.9703213131E+01         1.9381E+00        1.457E-04        114.974
13           -2.9703143390E+01         1.9383E+00        2.006E-04        115.460
14           -2.9703144136E+01         1.9376E+00        1.310E-04        114.605
15           -2.9703123097E+01         1.9378E+00        9.509E-05        114.589
16           -2.9703117926E+01         1.9377E+00        9.746E-05        114.630
17           -2.9703095066E+01         1.9379E+00        5.176E-05        114.740
18           -2.9703094450E+01         1.9379E+00        2.814E-05        114.400
19           -2.9703088613E+01         1.9380E+00        1.441E-05        116.108
20           -2.9703093722E+01         1.9380E+00        1.401E-05        115.245
21           -2.9703093847E+01         1.9380E+00        9.007E-06        114.352
22           -2.9703096733E+01         1.9380E+00        9.828E-06        115.334
23           -2.9703091993E+01         1.9380E+00        1.529E-05        114.056
24           -2.9703092240E+01         1.9380E+00        6.590E-06        114.903
25           -2.9703091405E+01         1.9380E+00        7.231E-06        115.166
26           -2.9703091153E+01         1.9379E+00        8.713E-06        114.769
27           -2.9703090509E+01         1.9379E+00        1.262E-05        114.984
28           -2.9703090249E+01         1.9379E+00        8.958E-06        114.710
29           -2.9703090171E+01         1.9379E+00        7.476E-06        115.082
30           -2.9703090131E+01         1.9379E+00        2.051E-06        114.046
31           -2.9703089911E+01         1.9379E+00        1.442E-05        114.029
32           -2.9703089487E+01         1.9379E+00        1.220E-05        114.205
33           -2.9703089381E+01         1.9379E+00        1.163E-05        114.617
34           -2.9703089410E+01         1.9378E+00        1.229E-05        114.900
35           -2.9703089350E+01         1.9379E+00        1.080E-05        115.429
36           -2.9703089593E+01         1.9379E+00        9.134E-06        116.382
37           -2.9703089426E+01         1.9379E+00        6.963E-06        114.192
38           -2.9703089540E+01         1.9379E+00        4.856E-06        114.217
39           -2.9703089445E+01         1.9379E+00        3.324E-06        114.414
40           -2.9703089428E+01         1.9379E+00        4.561E-06        114.205
41           -2.9703089401E+01         1.9379E+00        6.839E-06        114.850
42           -2.9703089381E+01         1.9379E+00        5.985E-06        114.524
43           -2.9703089309E+01         1.9379E+00        6.405E-06        114.828
44           -2.9703089066E+01         1.9379E+00        5.089E-06        114.483
45           -2.9703088811E+01         1.9380E+00        7.387E-06        114.493
46           -2.9703088624E+01         1.9380E+00        8.088E-06        114.556
47           -2.9703088488E+01         1.9379E+00        3.605E-06        114.402
48           -2.9703088432E+01         1.9379E+00        4.140E-06        114.567
49           -2.9703088359E+01         1.9379E+00        1.847E-06        114.291
50           -2.9703088362E+01         1.9379E+00        5.511E-06        114.058
51           -2.9703088326E+01         1.9379E+00        4.650E-06        117.004
52           -2.9703088228E+01         1.9379E+00        4.223E-07        114.436
Total number of SCF: 52    

k = [-0.250, -0.250, 0.000]
Occupation of state 213 = 0.000000000000023.
Occupation of state 237 = 0.000000000000000.
Exx outer loop error: 1.2221049311e-02 

No.3 Exx outer loop: 
1            -2.9703178684E+01         1.9925E+00        3.143E-03        118.170
2            -2.9703192606E+01         1.9787E+00        2.697E-03        114.462
3            -2.9703314334E+01         1.9831E+00        2.527E-03        114.375
4            -2.9703269515E+01         1.9815E+00        1.380E-03        114.407
5            -2.9703300146E+01         1.9816E+00        8.764E-04        114.458
6            -2.9703340492E+01         1.9827E+00        6.596E-04        115.992
7            -2.9703330682E+01         1.9832E+00        2.736E-04        115.634
8            -2.9703318106E+01         1.9839E+00        1.917E-04        114.648
9            -2.9703254750E+01         1.9839E+00        1.828E-04        114.275
10           -2.9703228340E+01         1.9838E+00        1.507E-04        114.610
11           -2.9703198800E+01         1.9839E+00        1.253E-04        114.381
12           -2.9703181340E+01         1.9839E+00        6.489E-05        114.660
13           -2.9703168497E+01         1.9839E+00        3.679E-05        114.298
14           -2.9703157368E+01         1.9839E+00        2.744E-05        114.356
15           -2.9703148063E+01         1.9839E+00        7.208E-05        114.657
16           -2.9703141101E+01         1.9839E+00        1.540E-05        114.179
17           -2.9703139415E+01         1.9839E+00        2.154E-05        114.258
18           -2.9703138735E+01         1.9839E+00        1.028E-05        114.215
19           -2.9703139452E+01         1.9839E+00        1.568E-05        114.864
20           -2.9703139198E+01         1.9839E+00        2.754E-06        114.061
21           -2.9703139436E+01         1.9839E+00        3.923E-06        114.009
22           -2.9703139443E+01         1.9839E+00        4.582E-06        115.746
23           -2.9703139865E+01         1.9839E+00        5.826E-06        115.244
24           -2.9703140205E+01         1.9839E+00        2.555E-06        114.235
25           -2.9703140585E+01         1.9839E+00        1.343E-06        114.131
26           -2.9703140758E+01         1.9839E+00        1.746E-06        114.290
27           -2.9703140871E+01         1.9839E+00        1.949E-06        113.926
28           -2.9703140849E+01         1.9839E+00        2.302E-06        114.207
29           -2.9703140931E+01         1.9839E+00        1.804E-06        114.026
30           -2.9703140996E+01         1.9839E+00        1.205E-06        114.306
31           -2.9703140989E+01         1.9839E+00        1.022E-06        114.420
32           -2.9703141009E+01         1.9839E+00        4.193E-07        113.783
Total number of SCF: 32    

k = [-0.250, -0.250, 0.000]
Occupation of state 213 = 0.000000000000000.
Occupation of state 237 = 0.000000000000000.
Exx outer loop error: 4.5696027349e-03 

No.4 Exx outer loop: 
1            -2.9703167602E+01         1.9925E+00        1.882E-03        132.633
2            -2.9703165985E+01         1.9866E+00        1.348E-03        114.089
3            -2.9703365125E+01         1.9774E+00        5.250E-03        113.831
4            -2.9703462046E+01         1.9677E+00        5.556E-03        114.150
5            -2.9703338688E+01         1.9795E+00        1.651E-03        114.099
6            -2.9703488156E+01         1.9809E+00        1.856E-03        114.785
7            -2.9703493110E+01         1.9862E+00        1.172E-03        114.266
8            -2.9703485187E+01         1.9874E+00        5.191E-04        114.908
9            -2.9703375347E+01         1.9872E+00        2.333E-04        114.270
10           -2.9703304647E+01         1.9873E+00        1.247E-04        114.916
11           -2.9703243643E+01         1.9873E+00        1.492E-04        114.294
12           -2.9703184573E+01         1.9872E+00        1.745E-04        114.085
13           -2.9703172518E+01         1.9871E+00        2.096E-04        114.176
14           -2.9703168415E+01         1.9873E+00        6.506E-05        115.071
15           -2.9703161525E+01         1.9872E+00        7.023E-05        113.809
16           -2.9703163236E+01         1.9872E+00        4.123E-05        114.024
17           -2.9703160068E+01         1.9872E+00        3.972E-05        114.092
18           -2.9703161044E+01         1.9872E+00        4.426E-05        114.550
19           -2.9703161063E+01         1.9872E+00        1.237E-05        113.909
20           -2.9703161136E+01         1.9872E+00        4.455E-05        114.108
21           -2.9703162615E+01         1.9873E+00        3.736E-05        114.407
22           -2.9703162445E+01         1.9872E+00        3.572E-05        114.178
23           -2.9703162504E+01         1.9873E+00        3.096E-05        113.999
24           -2.9703160433E+01         1.9872E+00        2.097E-05        114.044
25           -2.9703158643E+01         1.9872E+00        7.752E-06        114.060
26           -2.9703157431E+01         1.9873E+00        1.043E-05        113.990
27           -2.9703155997E+01         1.9873E+00        3.053E-05        113.631
28           -2.9703155646E+01         1.9873E+00        2.029E-05        113.904
29           -2.9703155458E+01         1.9873E+00        1.071E-05        115.439
30           -2.9703155353E+01         1.9873E+00        9.478E-06        115.365
31           -2.9703154826E+01         1.9873E+00        7.743E-06        113.895
32           -2.9703154665E+01         1.9873E+00        6.122E-06        114.012
33           -2.9703154439E+01         1.9873E+00        5.259E-06        113.987
34           -2.9703154436E+01         1.9873E+00        3.319E-06        114.071
35           -2.9703154453E+01         1.9873E+00        2.267E-06        114.408
36           -2.9703154417E+01         1.9873E+00        1.133E-06        113.799
37           -2.9703154348E+01         1.9873E+00        1.581E-06        113.947
38           -2.9703154292E+01         1.9873E+00        2.093E-06        114.233
39           -2.9703154343E+01         1.9873E+00        4.610E-07        113.604
Total number of SCF: 39    

k = [-0.250, -0.250, 0.000]
Occupation of state 213 = 0.000000000000000.
Occupation of state 237 = 0.000000000000000.
Exx outer loop error: 2.4539756936e-03 

No.5 Exx outer loop: 
1            -2.9703165996E+01         1.9903E+00        1.269E-03        117.574
2            -2.9703162363E+01         1.9862E+00        9.284E-04        114.092
3            -2.9703187983E+01         1.9865E+00        2.742E-04        114.107
4            -2.9703227419E+01         1.9869E+00        4.469E-04        114.049
5            -2.9703271569E+01         1.9855E+00        6.904E-04        113.656
6            -2.9703259108E+01         1.9858E+00        1.364E-04        114.262
7            -2.9703239622E+01         1.9863E+00        1.532E-04        114.099
8            -2.9703219954E+01         1.9864E+00        1.163E-04        113.914
9            -2.9703198706E+01         1.9862E+00        3.814E-05        114.159
10           -2.9703191651E+01         1.9862E+00        2.845E-05        114.001
11           -2.9703181212E+01         1.9862E+00        1.705E-05        114.088
12           -2.9703173489E+01         1.9862E+00        1.652E-05        114.040
13           -2.9703167831E+01         1.9862E+00        1.522E-05        114.258
14           -2.9703162595E+01         1.9862E+00        1.063E-05        115.452
15           -2.9703163803E+01         1.9862E+00        1.195E-05        114.404
16           -2.9703161874E+01         1.9862E+00        3.836E-06        113.933
17           -2.9703159724E+01         1.9862E+00        3.809E-06        113.801
18           -2.9703160357E+01         1.9862E+00        1.280E-05        113.652
19           -2.9703159257E+01         1.9862E+00        6.075E-06        113.847
20           -2.9703160509E+01         1.9862E+00        1.172E-05        113.855
21           -2.9703160271E+01         1.9862E+00        1.728E-06        113.927
22           -2.9703159657E+01         1.9862E+00        1.373E-06        114.168
23           -2.9703159372E+01         1.9862E+00        1.752E-06        113.686
24           -2.9703159159E+01         1.9862E+00        1.785E-06        114.813
25           -2.9703159432E+01         1.9862E+00        8.711E-07        113.524
Total number of SCF: 25    

k = [-0.250, -0.250, 0.000]
Occupation of state 213 = 0.000000000000000.
Occupation of state 237 = 0.000000000000000.
Exx outer loop error: 1.5333146687e-03 

No.6 Exx outer loop: 
1            -2.9703165618E+01         1.9874E+00        8.819E-04        117.922
2            -2.9703160955E+01         1.9844E+00        6.204E-04        114.353
3            -2.9703318898E+01         1.9823E+00        2.559E-03        114.288
4            -2.9703317657E+01         1.9847E+00        2.929E-04        114.436
5            -2.9703266057E+01         1.9828E+00        5.577E-04        114.337
6            -2.9703250270E+01         1.9831E+00        8.165E-04        114.174
7            -2.9703213689E+01         1.9838E+00        3.676E-05        114.249
8            -2.9703197675E+01         1.9842E+00        6.939E-05        114.383
9            -2.9703180239E+01         1.9841E+00        8.810E-05        115.044
10           -2.9703170871E+01         1.9842E+00        6.370E-05        113.991
11           -2.9703163846E+01         1.9841E+00        1.176E-04        114.108
12           -2.9703162832E+01         1.9841E+00        4.222E-05        114.567
13           -2.9703162834E+01         1.9841E+00        3.462E-05        116.745
14           -2.9703164672E+01         1.9842E+00        6.402E-06        114.003
15           -2.9703163510E+01         1.9841E+00        1.686E-05        114.196
16           -2.9703164130E+01         1.9841E+00        1.079E-05        114.134
17           -2.9703163088E+01         1.9841E+00        4.178E-06        114.055
18           -2.9703162869E+01         1.9841E+00        1.247E-05        114.230
19           -2.9703162890E+01         1.9841E+00        8.023E-06        114.264
20           -2.9703162727E+01         1.9841E+00        3.137E-06        114.071
21           -2.9703163114E+01         1.9841E+00        7.364E-06        114.290
22           -2.9703163065E+01         1.9841E+00        1.603E-06        113.933
23           -2.9703162897E+01         1.9841E+00        5.630E-07        113.696
Total number of SCF: 23    

k = [-0.250, -0.250, 0.000]
Occupation of state 213 = 0.000000000000000.
Occupation of state 237 = 0.000000000000000.
Exx outer loop error: 1.4233818694e-03 

No.7 Exx outer loop: 
1            -2.9703167760E+01         1.9847E+00        6.593E-04        118.773
2            -2.9703162495E+01         1.9821E+00        4.930E-04        114.414
3            -2.9703205928E+01         1.9818E+00        5.670E-04        114.402
4            -2.9703224435E+01         1.9816E+00        4.684E-04        113.940
5            -2.9703231197E+01         1.9817E+00        3.453E-04        114.384
6            -2.9703214095E+01         1.9820E+00        6.004E-05        114.184
7            -2.9703185825E+01         1.9820E+00        5.006E-05        114.493
8            -2.9703174426E+01         1.9819E+00        8.842E-05        113.976
9            -2.9703172801E+01         1.9819E+00        2.551E-05        113.366
10           -2.9703168827E+01         1.9819E+00        1.407E-05        114.009
11           -2.9703166843E+01         1.9819E+00        8.016E-06        113.955
12           -2.9703165209E+01         1.9819E+00        2.530E-06        113.842
13           -2.9703164696E+01         1.9819E+00        5.446E-06        115.486
14           -2.9703164337E+01         1.9819E+00        5.942E-06        114.070
15           -2.9703164115E+01         1.9819E+00        3.359E-06        113.946
16           -2.9703163828E+01         1.9819E+00        2.983E-06        113.988
17           -2.9703163612E+01         1.9819E+00        1.503E-06        113.767
18           -2.9703163603E+01         1.9819E+00        6.651E-07        113.594
Total number of SCF: 18    

k = [-0.250, -0.250, 0.000]
Occupation of state 213 = 0.000000000000000.
Occupation of state 237 = 0.000000000000000.
Exx outer loop error: 5.4886675704e-04 

No.8 Exx outer loop: 
1            -2.9703166459E+01         1.9820E+00        4.705E-04        117.763
2            -2.9703162397E+01         1.9800E+00        3.085E-04        113.910
3            -2.9703165948E+01         1.9799E+00        3.000E-04        118.147
4            -2.9703184475E+01         1.9798E+00        2.691E-04        115.308
5            -2.9703185578E+01         1.9798E+00        3.372E-05        114.100
6            -2.9703180375E+01         1.9797E+00        4.801E-05        114.197
7            -2.9703177413E+01         1.9797E+00        5.325E-05        114.127
8            -2.9703174503E+01         1.9797E+00        2.839E-05        114.058
9            -2.9703170110E+01         1.9798E+00        1.172E-05        114.240
10           -2.9703167644E+01         1.9797E+00        4.611E-06        113.821
11           -2.9703166572E+01         1.9797E+00        2.387E-06        115.697
12           -2.9703166270E+01         1.9798E+00        6.415E-06        113.752
13           -2.9703165349E+01         1.9797E+00        1.603E-06        113.754
14           -2.9703165383E+01         1.9798E+00        2.646E-06        113.489
15           -2.9703165060E+01         1.9798E+00        2.273E-06        114.642
16           -2.9703165095E+01         1.9798E+00        1.365E-06        113.892
17           -2.9703165030E+01         1.9798E+00        2.102E-06        113.796
18           -2.9703165043E+01         1.9798E+00        1.532E-06        117.058
19           -2.9703164898E+01         1.9798E+00        2.024E-06        116.484
20           -2.9703164806E+01         1.9798E+00        1.062E-06        113.652
21           -2.9703164840E+01         1.9798E+00        5.223E-07        113.642
Total number of SCF: 21    

k = [-0.250, -0.250, 0.000]
Occupation of state 213 = 0.000000000000000.
Occupation of state 237 = 0.000000000000000.
Exx outer loop error: 7.4937483365e-04 

No.9 Exx outer loop: 
1            -2.9703167182E+01         1.9796E+00        3.795E-04        118.855
2            -2.9703163917E+01         1.9781E+00        3.053E-04        113.981
3            -2.9703179964E+01         1.9772E+00        5.036E-04        114.777
4            -2.9703200886E+01         1.9763E+00        3.233E-04        114.976
5            -2.9703202922E+01         1.9771E+00        2.755E-04        114.374
6            -2.9703197351E+01         1.9779E+00        3.086E-05        115.952
7            -2.9703189897E+01         1.9778E+00        1.812E-05        114.256
8            -2.9703179870E+01         1.9778E+00        2.475E-05        113.966
9            -2.9703176304E+01         1.9778E+00        1.645E-05        113.471
10           -2.9703171527E+01         1.9778E+00        7.894E-06        113.695
11           -2.9703169492E+01         1.9778E+00        1.117E-05        113.923
12           -2.9703167930E+01         1.9778E+00        7.388E-06        114.192
13           -2.9703166777E+01         1.9778E+00        1.305E-05        114.290
14           -2.9703166477E+01         1.9778E+00        1.256E-05        115.406
15           -2.9703165610E+01         1.9778E+00        8.248E-06        114.977
16           -2.9703165228E+01         1.9778E+00        5.950E-06        114.741
17           -2.9703165285E+01         1.9778E+00        4.741E-06        113.724
18           -2.9703165299E+01         1.9778E+00        4.715E-06        114.022
19           -2.9703165399E+01         1.9778E+00        6.358E-06        113.687
20           -2.9703165309E+01         1.9778E+00        6.572E-07        113.770
Total number of SCF: 20    

k = [-0.250, -0.250, 0.000]
Occupation of state 213 = 0.000000000000000.
Occupation of state 237 = 0.000000000000000.
Exx outer loop error: 3.9989844214e-04 

No.10 Exx outer loop: 
1            -2.9703167143E+01         1.9775E+00        3.066E-04        118.301
2            -2.9703164578E+01         1.9764E+00        2.699E-04        114.186
3            -2.9703191465E+01         1.9757E+00        6.913E-05        114.185
4            -2.9703201263E+01         1.9759E+00        1.184E-04        114.076
5            -2.9703185315E+01         1.9761E+00        3.237E-05        113.397
6            -2.9703179540E+01         1.9761E+00        2.361E-05        113.952
7            -2.9703173718E+01         1.9761E+00        4.702E-05        113.816
8            -2.9703171587E+01         1.9761E+00        2.604E-05        115.270
9            -2.9703169483E+01         1.9761E+00        2.633E-05        116.625
10           -2.9703166143E+01         1.9761E+00        1.703E-05        115.482
11           -2.9703165205E+01         1.9760E+00        1.606E-05        114.243
12           -2.9703165026E+01         1.9760E+00        8.133E-06        113.764
13           -2.9703165158E+01         1.9761E+00        1.835E-05        113.893
14           -2.9703164858E+01         1.9760E+00        1.118E-05        113.700
15           -2.9703165519E+01         1.9760E+00        2.459E-05        114.129
16           -2.9703165093E+01         1.9761E+00        6.985E-06        114.550
17           -2.9703165418E+01         1.9761E+00        3.347E-06        115.253
18           -2.9703165836E+01         1.9760E+00        2.040E-05        114.545
19           -2.9703165779E+01         1.9761E+00        1.564E-05        114.918
20           -2.9703166112E+01         1.9760E+00        3.735E-06        113.897
21           -2.9703166391E+01         1.9761E+00        4.005E-06        113.776
22           -2.9703166382E+01         1.9761E+00        4.649E-06        113.228
23           -2.9703166364E+01         1.9761E+00        1.722E-06        114.786
24           -2.9703166285E+01         1.9761E+00        7.877E-07        114.117
Total number of SCF: 24    

k = [-0.250, -0.250, 0.000]
Occupation of state 213 = 0.000000000000000.
Occupation of state 237 = 0.000000000000000.
Exx outer loop error: 4.1998625753e-04 

No.11 Exx outer loop: 
1            -2.9703168553E+01         1.9759E+00        2.230E-04        118.452
2            -2.9703165216E+01         1.9746E+00        1.194E-04        114.207
3            -2.9703189639E+01         1.9737E+00        1.048E-04        114.455
4            -2.9703200370E+01         1.9735E+00        3.750E-04        114.488
5            -2.9703189007E+01         1.9745E+00        3.923E-05        114.430
6            -2.9703189067E+01         1.9741E+00        2.199E-04        114.054
7            -2.9703174900E+01         1.9746E+00        4.690E-05        114.361
8            -2.9703173316E+01         1.9746E+00        9.437E-06        115.691
9            -2.9703171709E+01         1.9746E+00        7.369E-06        114.004
10           -2.9703170687E+01         1.9746E+00        4.824E-06        114.155
11           -2.9703168980E+01         1.9746E+00        3.286E-06        113.855
12           -2.9703167123E+01         1.9746E+00        3.765E-06        113.948
13           -2.9703166573E+01         1.9746E+00        3.968E-06        114.047
14           -2.9703166305E+01         1.9746E+00        2.911E-06        114.068
15           -2.9703166225E+01         1.9746E+00        3.375E-06        113.834
16           -2.9703166405E+01         1.9746E+00        1.792E-06        114.230
17           -2.9703166200E+01         1.9746E+00        6.837E-07        113.655
Total number of SCF: 17    

k = [-0.250, -0.250, 0.000]
Occupation of state 213 = 0.000000000000000.
Occupation of state 237 = 0.000000000000000.
Exx outer loop error: 2.5371634239e-04 

No.12 Exx outer loop: 
1            -2.9703167708E+01         1.9743E+00        1.740E-04        118.594
2            -2.9703165356E+01         1.9735E+00        7.184E-05        114.172
3            -2.9703173058E+01         1.9735E+00        8.664E-05        113.877
4            -2.9703186968E+01         1.9734E+00        2.911E-05        114.413
5            -2.9703177276E+01         1.9733E+00        1.060E-05        114.056
6            -2.9703173866E+01         1.9733E+00        8.733E-06        114.144
7            -2.9703170899E+01         1.9733E+00        1.500E-05        114.083
8            -2.9703170290E+01         1.9733E+00        2.053E-05        113.822
9            -2.9703169316E+01         1.9733E+00        3.832E-06        114.709
10           -2.9703168898E+01         1.9733E+00        4.468E-06        113.608
11           -2.9703168865E+01         1.9733E+00        5.240E-06        113.990
12           -2.9703168429E+01         1.9733E+00        2.933E-06        113.712
13           -2.9703168377E+01         1.9733E+00        2.775E-06        113.700
14           -2.9703168343E+01         1.9733E+00        2.620E-06        114.667
15           -2.9703167911E+01         1.9734E+00        5.802E-06        117.414
16           -2.9703167475E+01         1.9734E+00        7.338E-06        114.537
17           -2.9703167442E+01         1.9734E+00        7.590E-06        114.762
18           -2.9703167433E+01         1.9734E+00        9.300E-06        113.783
19           -2.9703168001E+01         1.9734E+00        1.002E-05        113.845
20           -2.9703167488E+01         1.9734E+00        1.275E-05        113.574
21           -2.9703167468E+01         1.9734E+00        1.208E-05        113.637
22           -2.9703167189E+01         1.9734E+00        1.970E-05        114.151
23           -2.9703167857E+01         1.9734E+00        5.503E-06        113.989
24           -2.9703167222E+01         1.9733E+00        1.426E-05        113.931
25           -2.9703167375E+01         1.9733E+00        1.968E-05        114.312
26           -2.9703167544E+01         1.9733E+00        1.152E-05        114.673
27           -2.9703167475E+01         1.9733E+00        7.260E-06        113.810
28           -2.9703167063E+01         1.9733E+00        6.741E-06        113.997
29           -2.9703166759E+01         1.9733E+00        4.187E-06        114.469
30           -2.9703166409E+01         1.9733E+00        3.225E-06        114.563
31           -2.9703166066E+01         1.9733E+00        1.922E-06        114.973
32           -2.9703166049E+01         1.9733E+00        7.576E-07        113.903
Total number of SCF: 32    

k = [-0.250, -0.250, 0.000]
Occupation of state 213 = 0.000000000000000.
Occupation of state 237 = 0.000000000000000.
Exx outer loop error: 2.7952508152e-05 
====================================================================
                    Energy and force calculation                    
====================================================================
Free energy per atom               : -2.9703165634E+01 (Ha/atom)
Total free energy                  : -1.4554551160E+03 (Ha)
Band structure energy              : -3.7357027435E+02 (Ha)
Exchange correlation energy        : -2.5796972951E+02 (Ha)
Self and correction energy         : -1.9183771115E+03 (Ha)
Entropy*kb*T                       : -4.3414039045E-03 (Ha)
Fermi level                        : -1.7321510248E-01 (Ha)
RMS force                          :  2.2559833876E-02 (Ha/Bohr)
Maximum force                      :  1.0642554186E-01 (Ha/Bohr)
Time for force calculation         :  1.586 (sec)
***************************************************************************
                               Timing info                                 
***************************************************************************
Total walltime                     :  122740.257 sec
___________________________________________________________________________

***************************************************************************
*             Material Physics & Mechanics Group, Georgia Tech            *
*                       PI: Phanish Suryanarayana                         *
*                Main Developers: Qimen Xu, Abhiraj Sharma                *
*     Collaborators: J.E. Pask (LLNL), A.J. Medford (GT), E. Chow (GT)    *
*  Acknowledgements: U.S. DOE (DE-SC0019410); U.S. NSF (1333500,1553212)  *
***************************************************************************
                                                                           

***************************************************************************
*                       SPARC (version May 02, 2022)                      *
*   Copyright (c) 2020 Material Physics & Mechanics Group, Georgia Tech   *
*           Distributed under GNU General Public License 3 (GPL)          *
*                   Start time: Mon Jun 13 08:31:45 2022                  *
***************************************************************************
                           Input parameters                                
***************************************************************************
CELL: 12.4338823950489 11.2657846029438 47.5378507412217 
LATVEC:
1.000000000000000 0.000000000000000 0.000000000000000 
-0.000130020950961 0.999999991547276 0.000000000000000 
0.000000000000000 -0.000000000000000 1.000000000000000 
FD_GRID: 66 60 252
FD_ORDER: 12
BC: P P D
KPOINT_GRID: 4 4 1
KPOINT_SHIFT: 0 0 0
SPIN_TYP: 1
ELEC_TEMP_TYPE: Gaussian
SMEARING: 0.007349864435
CHEB_DEGREE: 37
NSTATES: 237
EXCHANGE_CORRELATION: HSE
EXX_RANGE_FOCK: 0.106000
EXX_RANGE_PBE: 0.106000
CALC_STRESS: 0
CALC_PRES: 0
CHEFSI_BOUND_FLAG: 0
MAXIT_SCF: 100
MINIT_SCF: 3
MAXIT_POISSON: 3000
TOL_SCF: 1.00E-06
POISSON_SOLVER: AAR
TOL_POISSON: 1.00E-08
TOL_LANCZOS: 1.00E-02
TOL_PSEUDOCHARGE: 1.00E-08
MIXING_VARIABLE: density
MIXING_PRECOND: kerker
MIXING_PRECOND_MAG: none
TOL_PRECOND: 3.54E-05
PRECOND_KERKER_KTF: 1
PRECOND_KERKER_THRESH: 0.1
MIXING_PARAMETER: 0.3
MIXING_PARAMETER_MAG: 0.3
MIXING_HISTORY: 7
PULAY_FREQUENCY: 1
PULAY_RESTART: 0
REFERENCE_CUTOFF: 0.5
RHO_TRIGGER: 4
FIX_RAND: 0
VERBOSITY: 1
PRINT_FORCES: 1
PRINT_ATOMS: 1
PRINT_EIGEN: 1
PRINT_DENSITY: 0
PRINT_ENERGY_DENSITY: 0
TOL_FOCK: 5.00E-05
TOL_SCF_INIT: 1.00E-03
MAXIT_FOCK: 20
EXX_METHOD: FOURIER_SPACE
EXX_DIVERGENCE: AUXILIARY
EXX_MEM: 1
ACE_FLAG: 1
EXX_ACE_VALENCE_STATES: 10000
EXX_DOWNSAMPLING: 1 1 1
OUTPUT_FILE: sprc-calc
***************************************************************************
                                Cell                                       
***************************************************************************
Lattice vectors (Bohr):
12.433882395048860 0.000000000000000 0.000000000000000 
-0.001464788027397 11.265784507717260 0.000000000000000 
0.000000000000000 -0.000000000000000 47.537850741221717 
Volume                  :  6.6589804186E+03 (Bohr^3)
***************************************************************************
                           Parallelization                                 
***************************************************************************
NP_SPIN_PARAL: 2
NP_KPOINT_PARAL: 10
NP_BAND_PARAL: 1
NP_DOMAIN_PARAL: 2 1 8
NP_DOMAIN_PHI_PARAL: 4 4 21
EIG_SERIAL_MAXNS: 1500
***************************************************************************
                             Initialization                                
***************************************************************************
Number of processors               :  336
Mesh spacing in x-direction        :  0.188392 (Bohr)
Mesh spacing in y-direction        :  0.187763 (Bohr)
Mesh spacing in z direction        :  0.188642 (Bohr)
Number of symmetry adapted k-points:  10
Output printed to                  :  sprc-calc.out_01
Final eigenvalues printed to       :  sprc-calc.eigen_01
Total number of atom types         :  3
Total number of atoms              :  49
Total number of electrons          :  388
Atom type 1  (valence electrons)   :  N 5
Pseudopotential                    :  N.psp8
Pseudocharge radii of atom type 1  :  6.78 6.76 6.79 (x, y, z dir)
Number of atoms of type 1          :  2
Atom type 2  (valence electrons)   :  O 6
Pseudopotential                    :  O.psp8
Pseudocharge radii of atom type 2  :  6.78 6.76 6.79 (x, y, z dir)
Number of atoms of type 2          :  31
Atom type 3  (valence electrons)   :  Ti 12
Pseudopotential                    :  Ti.psp8
Pseudocharge radii of atom type 3  :  6.78 6.76 6.79 (x, y, z dir)
Number of atoms of type 3          :  16
Estimated total memory usage       :  445.40 GB
Estimated memory per processor     :  1.33 GB
========================================================================================
                    Self Consistent Field (SCF#1)                     
========================================================================================
Iteration     Free Energy (Ha/atom)    Magnetization     SCF Error        Timing (sec)

***************************************************************************
*                       SPARC (version May 02, 2022)                      *
*   Copyright (c) 2020 Material Physics & Mechanics Group, Georgia Tech   *
*           Distributed under GNU General Public License 3 (GPL)          *
*                   Start time: Tue Jun 14 15:52:03 2022                  *
***************************************************************************
                           Input parameters                                
***************************************************************************
CELL: 12.4338823950489 11.2657846029438 47.5378507412217 
LATVEC:
1.000000000000000 0.000000000000000 0.000000000000000 
-0.000130020950961 0.999999991547276 0.000000000000000 
0.000000000000000 -0.000000000000000 1.000000000000000 
FD_GRID: 66 60 252
FD_ORDER: 12
BC: P P D
KPOINT_GRID: 4 4 1
KPOINT_SHIFT: 0 0 0
SPIN_TYP: 1
ELEC_TEMP_TYPE: Gaussian
SMEARING: 0.007349864435
CHEB_DEGREE: 37
NSTATES: 237
EXCHANGE_CORRELATION: HSE
EXX_RANGE_FOCK: 0.106000
EXX_RANGE_PBE: 0.106000
CALC_STRESS: 0
CALC_PRES: 0
CHEFSI_BOUND_FLAG: 0
MAXIT_SCF: 100
MINIT_SCF: 3
MAXIT_POISSON: 3000
TOL_SCF: 1.00E-06
POISSON_SOLVER: AAR
TOL_POISSON: 1.00E-08
TOL_LANCZOS: 1.00E-02
TOL_PSEUDOCHARGE: 1.00E-08
MIXING_VARIABLE: density
MIXING_PRECOND: kerker
MIXING_PRECOND_MAG: none
TOL_PRECOND: 3.54E-05
PRECOND_KERKER_KTF: 1
PRECOND_KERKER_THRESH: 0.1
MIXING_PARAMETER: 0.3
MIXING_PARAMETER_MAG: 0.3
MIXING_HISTORY: 7
PULAY_FREQUENCY: 1
PULAY_RESTART: 0
REFERENCE_CUTOFF: 0.5
RHO_TRIGGER: 4
FIX_RAND: 0
VERBOSITY: 1
PRINT_FORCES: 1
PRINT_ATOMS: 1
PRINT_EIGEN: 1
PRINT_DENSITY: 0
PRINT_ENERGY_DENSITY: 0
TOL_FOCK: 5.00E-05
TOL_SCF_INIT: 1.00E-03
MAXIT_FOCK: 20
EXX_METHOD: FOURIER_SPACE
EXX_DIVERGENCE: AUXILIARY
EXX_MEM: 1
ACE_FLAG: 1
EXX_ACE_VALENCE_STATES: 10000
EXX_DOWNSAMPLING: 1 1 1
OUTPUT_FILE: sprc-calc
***************************************************************************
                                Cell                                       
***************************************************************************
Lattice vectors (Bohr):
12.433882395048860 0.000000000000000 0.000000000000000 
-0.001464788027397 11.265784507717260 0.000000000000000 
0.000000000000000 -0.000000000000000 47.537850741221717 
Volume                  :  6.6589804186E+03 (Bohr^3)
***************************************************************************
                           Parallelization                                 
***************************************************************************
NP_SPIN_PARAL: 2
NP_KPOINT_PARAL: 10
NP_BAND_PARAL: 1
NP_DOMAIN_PARAL: 2 1 8
NP_DOMAIN_PHI_PARAL: 4 4 21
EIG_SERIAL_MAXNS: 1500
***************************************************************************
                             Initialization                                
***************************************************************************
Number of processors               :  336
Mesh spacing in x-direction        :  0.188392 (Bohr)
Mesh spacing in y-direction        :  0.187763 (Bohr)
Mesh spacing in z direction        :  0.188642 (Bohr)
Number of symmetry adapted k-points:  10
Output printed to                  :  sprc-calc.out_01
Final eigenvalues printed to       :  sprc-calc.eigen_01
Total number of atom types         :  3
Total number of atoms              :  49
Total number of electrons          :  388
Atom type 1  (valence electrons)   :  N 5
Pseudopotential                    :  N.psp8
Pseudocharge radii of atom type 1  :  6.78 6.76 6.79 (x, y, z dir)
Number of atoms of type 1          :  2
Atom type 2  (valence electrons)   :  O 6
Pseudopotential                    :  O.psp8
Pseudocharge radii of atom type 2  :  6.78 6.76 6.79 (x, y, z dir)
Number of atoms of type 2          :  31
Atom type 3  (valence electrons)   :  Ti 12
Pseudopotential                    :  Ti.psp8
Pseudocharge radii of atom type 3  :  6.78 6.76 6.79 (x, y, z dir)
Number of atoms of type 3          :  16
Estimated total memory usage       :  445.40 GB
Estimated memory per processor     :  1.33 GB
========================================================================================
                    Self Consistent Field (SCF#1)                     
========================================================================================
Iteration     Free Energy (Ha/atom)    Magnetization     SCF Error        Timing (sec)
1            -2.9835498511E+01         5.1184E+00        4.328E-01        294.652
2            -3.0721676926E+01         1.4698E+00        4.122E-01        74.730
3            -3.0263941383E+01         8.5341E+00        3.344E-01        74.617
4            -3.0047021556E+01         1.1847E+00        3.081E-01        84.641
5            -3.0192943490E+01        -1.5945E+00        2.202E-01        75.403
6            -3.0174219191E+01         9.3619E-01        1.662E-01        75.300
7            -3.0204485033E+01         2.4269E+00        1.945E-01        74.545
8            -3.0168778741E+01         1.9459E+00        1.408E-01        74.587
9            -3.0172828407E+01         3.3268E+00        1.380E-01        77.486
10           -3.0147850417E+01         3.8207E+00        1.109E-01        100.736
11           -3.0132076834E+01         1.1499E-01        1.332E-01        74.547
12           -3.0108656364E+01        -1.6757E+00        8.907E-02        74.701
13           -3.0080641140E+01        -3.5562E-01        9.282E-02        74.883
14           -3.0077493115E+01        -3.9469E-01        9.422E-02        75.086
15           -3.0077136118E+01        -4.1360E-01        9.492E-02        74.793
16           -3.0078330642E+01        -6.6255E-01        9.292E-02        74.864
17           -3.0077869107E+01        -9.4194E-01        9.272E-02        74.933
18           -3.0078243939E+01         1.1859E+00        9.430E-02        74.805
19           -3.0070600072E+01         5.8597E-01        8.527E-02        78.444
20           -3.0060974157E+01        -1.5246E-01        8.084E-02        75.732
21           -3.0066580956E+01        -6.6241E-01        8.774E-02        77.148
22           -3.0042403248E+01         5.9118E-01        6.373E-02        74.968
23           -3.0026508349E+01         1.1979E+00        5.553E-02        74.929
24           -3.0008532318E+01         1.2230E+00        4.698E-02        75.163
25           -2.9982170503E+01         1.0365E+00        3.608E-02        75.050
26           -2.9967871542E+01         8.8648E-01        2.988E-02        75.105
27           -2.9946564802E+01         1.2016E-01        2.295E-02        74.955
28           -2.9949338684E+01         7.2938E-01        2.437E-02        75.083
29           -2.9939050702E+01         7.8815E-01        1.699E-02        74.996
30           -2.9931009182E+01         1.2476E-01        1.328E-02        77.610
31           -2.9927853383E+01         4.6408E-01        8.600E-03        75.246
32           -2.9926156229E+01         4.6107E-01        1.103E-02        74.923
33           -2.9924004407E+01         4.4702E-01        6.721E-03        74.897
34           -2.9922166751E+01         4.6786E-01        8.503E-03        74.646
35           -2.9922262793E+01         4.7449E-01        7.167E-03        74.946
36           -2.9918842543E+01         4.2034E-01        5.225E-03        74.824
37           -2.9917798598E+01         3.8140E-01        9.612E-03        74.732
38           -2.9916805502E+01         4.1281E-01        5.882E-03        74.968
39           -2.9915290003E+01         4.2455E-01        2.663E-03        75.323
40           -2.9914718477E+01         3.6846E-01        3.666E-03        74.822
41           -2.9913916582E+01         3.5071E-01        3.573E-03        80.548
42           -2.9913617251E+01         3.5486E-01        2.248E-03        74.967
43           -2.9913274830E+01         3.4995E-01        1.416E-03        75.386
44           -2.9912875971E+01         3.6399E-01        9.184E-04        75.030
Total number of SCF: 44    

k = [-0.250, -0.250, 0.000]
Occupation of state 213 = 0.000000000888328.
Occupation of state 237 = 0.000000000000000.

No.1 Exx outer loop: 
1            -2.9702927213E+01         5.6643E-01        2.132E-02        112.360
2            -2.9692164438E+01         7.9354E-01        1.815E-02        108.543
3            -2.9699635956E+01         1.1160E+00        1.738E-02        108.505
4            -2.9696814150E+01         1.0445E+00        1.347E-02        108.522
5            -2.9699383577E+01         1.0908E+00        1.110E-02        108.871
6            -2.9702176269E+01         1.0778E+00        1.043E-02        119.846
7            -2.9702111560E+01         1.1566E+00        9.111E-03        110.247
8            -2.9705400688E+01         1.0205E+00        1.113E-02        115.508
9            -2.9703938944E+01         8.8748E-01        7.427E-03        110.325
10           -2.9703956595E+01         1.2377E+00        7.926E-03        140.862
11           -2.9704242712E+01         9.9700E-01        3.145E-03        124.861
12           -2.9704387049E+01         7.0664E-01        4.633E-03        132.925
13           -2.9704115026E+01         9.7578E-01        2.019E-03        137.744
14           -2.9704039905E+01         6.1504E-01        3.825E-03        129.320
15           -2.9703537345E+01         6.3186E-01        2.847E-03        123.847
16           -2.9703218496E+01         6.4866E-01        2.218E-03        134.764
17           -2.9703315753E+01         1.3218E+00        8.126E-03        108.176
18           -2.9703136198E+01         6.5154E-01        1.924E-03        108.033
19           -2.9703200377E+01         7.4916E-01        8.379E-04        108.061
20           -2.9703078161E+01         7.5154E-01        5.816E-04        108.049
21           -2.9702971105E+01         7.4704E-01        4.965E-04        108.811
22           -2.9702909473E+01         7.5448E-01        4.048E-04        108.667
23           -2.9702822849E+01         7.6877E-01        1.491E-04        108.727
24           -2.9702763704E+01         7.7355E-01        1.008E-04        108.544
25           -2.9702728843E+01         7.4895E-01        1.939E-04        108.620
26           -2.9702738807E+01         7.5220E-01        1.691E-04        110.701
27           -2.9702705387E+01         7.5416E-01        1.016E-04        108.544
28           -2.9702693070E+01         7.5689E-01        4.338E-05        108.715
29           -2.9702675116E+01         7.7055E-01        1.448E-04        108.463
30           -2.9702673557E+01         7.5301E-01        5.890E-05        108.407
31           -2.9702664964E+01         7.5409E-01        3.512E-05        108.395
32           -2.9702662642E+01         7.5721E-01        1.181E-05        108.154
33           -2.9702663614E+01         7.5326E-01        3.348E-05        108.387
34           -2.9702665647E+01         7.5220E-01        4.422E-05        108.419
35           -2.9702665169E+01         7.5190E-01        5.034E-05        115.465
36           -2.9702664662E+01         7.5142E-01        5.617E-05        110.149
37           -2.9702665932E+01         7.5411E-01        2.055E-05        108.789
38           -2.9702664793E+01         7.5376E-01        2.052E-05        108.317
39           -2.9702664902E+01         7.5486E-01        6.388E-06        129.038
40           -2.9702664387E+01         7.5456E-01        8.902E-06        108.307
41           -2.9702664308E+01         7.5427E-01        1.000E-05        108.348
42           -2.9702663963E+01         7.5554E-01        8.098E-06        110.370
43           -2.9702663504E+01         7.5481E-01        9.158E-07        107.978
Total number of SCF: 43    

k = [-0.250, -0.250, 0.000]
Occupation of state 213 = 0.000000000000954.
Occupation of state 237 = 0.000000000000000.
Exx outer loop error: 2.9361050014e-01 

No.2 Exx outer loop: 
1            -2.9703110947E+01         8.1491E-01        4.992E-03        112.447
2            -2.9702398327E+01         8.0227E-01        2.873E-03        108.584
3            -2.9703056690E+01         1.3093E+00        4.007E-03        108.897
4            -2.9703087345E+01         1.4012E+00        4.853E-03        108.805
5            -2.9703476730E+01         7.6080E-01        3.377E-03        108.380
6            -2.9703461166E+01         9.2810E-01        1.363E-03        108.548
7            -2.9703577464E+01         7.1305E-01        2.925E-03        108.638
8            -2.9703482947E+01         8.3087E-01        1.315E-03        108.915
9            -2.9703311188E+01         8.2676E-01        6.702E-04        109.342
10           -2.9703174082E+01         8.4518E-01        1.757E-04        108.558
11           -2.9703114961E+01         8.3935E-01        1.146E-04        110.742
12           -2.9703072270E+01         8.4209E-01        5.663E-05        108.505
13           -2.9703070177E+01         8.4053E-01        3.988E-05        108.538
14           -2.9703058931E+01         8.4037E-01        3.147E-05        108.482
15           -2.9703054706E+01         8.3689E-01        2.849E-05        108.442
16           -2.9703048449E+01         8.3720E-01        1.754E-05        108.453
17           -2.9703042194E+01         8.3646E-01        1.690E-05        108.369
18           -2.9703038172E+01         8.3641E-01        1.087E-05        108.319
19           -2.9703034747E+01         8.3676E-01        4.753E-06        108.235
20           -2.9703035307E+01         8.3694E-01        3.867E-06        108.510
21           -2.9703036683E+01         8.3660E-01        3.186E-06        108.724
22           -2.9703036483E+01         8.3662E-01        3.695E-06        108.223
23           -2.9703036488E+01         8.3668E-01        1.353E-06        108.185
24           -2.9703036655E+01         8.3681E-01        1.337E-06        108.226
25           -2.9703036996E+01         8.3672E-01        9.258E-07        108.007
Total number of SCF: 25    

k = [-0.250, -0.250, 0.000]
Occupation of state 213 = 0.000000000000004.
Occupation of state 237 = 0.000000000000000.
Exx outer loop error: 2.6638339494e-02 

No.3 Exx outer loop: 
1            -2.9703131135E+01         7.2945E-01        2.577E-03        111.831
2            -2.9703205915E+01         1.0343E+00        2.067E-03        108.097
3            -2.9703629178E+01         1.5911E+00        7.352E-03        108.081
4            -2.9703575957E+01         1.1888E+00        3.189E-03        108.026
5            -2.9703678051E+01         1.1445E+00        2.443E-03        108.113
6            -2.9703480325E+01         8.0874E-01        1.098E-03        108.202
7            -2.9703322886E+01         8.7535E-01        3.855E-04        108.421
8            -2.9703214056E+01         7.9473E-01        5.923E-04        117.218
9            -2.9703187080E+01         8.5603E-01        2.236E-04        108.609
10           -2.9703177043E+01         8.4256E-01        1.254E-04        107.834
11           -2.9703154079E+01         8.6510E-01        4.143E-04        107.824
12           -2.9703143553E+01         8.9175E-01        6.835E-04        132.039
13           -2.9703150176E+01         9.0473E-01        8.125E-04        107.889
14           -2.9703138657E+01         8.9319E-01        6.915E-04        109.306
15           -2.9703135280E+01         8.7853E-01        5.495E-04        108.150
16           -2.9703143935E+01         8.6035E-01        3.420E-04        114.599
17           -2.9703139644E+01         8.6412E-01        3.962E-04        114.629
18           -2.9703137312E+01         8.5251E-01        2.775E-04        113.948
19           -2.9703157793E+01         7.5896E-01        9.146E-04        113.891
20           -2.9703138733E+01         8.6531E-01        4.323E-04        113.735
21           -2.9703125015E+01         8.5746E-01        3.418E-04        114.262
22           -2.9703113878E+01         8.5492E-01        2.826E-04        113.884
23           -2.9703101961E+01         8.4756E-01        1.282E-04        113.699
24           -2.9703099276E+01         8.4391E-01        5.736E-05        114.017
25           -2.9703096131E+01         8.4316E-01        3.634E-05        113.902
26           -2.9703091148E+01         8.3985E-01        1.851E-05        113.849
27           -2.9703090619E+01         8.3948E-01        2.404E-05        113.827
28           -2.9703091190E+01         8.4069E-01        9.941E-06        114.037
29           -2.9703089803E+01         8.4074E-01        8.840E-06        114.984
30           -2.9703085876E+01         8.4126E-01        1.228E-05        113.557
31           -2.9703084172E+01         8.4022E-01        6.289E-06        114.040
32           -2.9703084463E+01         8.4011E-01        3.868E-06        113.797
33           -2.9703084892E+01         8.4123E-01        1.278E-05        113.942
34           -2.9703084765E+01         8.4057E-01        2.682E-06        113.717
35           -2.9703083798E+01         8.3909E-01        1.903E-05        114.270
36           -2.9703083522E+01         8.4090E-01        4.592E-06        114.476
37           -2.9703082801E+01         8.4076E-01        1.718E-06        114.324
38           -2.9703082576E+01         8.4070E-01        1.176E-06        113.909
39           -2.9703082566E+01         8.4022E-01        6.170E-06        113.565
40           -2.9703082563E+01         8.4055E-01        2.512E-06        113.499
41           -2.9703082552E+01         8.4041E-01        3.477E-06        113.682
42           -2.9703082501E+01         8.4044E-01        2.842E-06        113.690
43           -2.9703082420E+01         8.4043E-01        2.697E-06        113.526
44           -2.9703082399E+01         8.4055E-01        1.488E-06        113.868
45           -2.9703082366E+01         8.4083E-01        2.245E-06        116.335
46           -2.9703082329E+01         8.4077E-01        8.850E-07        115.027
Total number of SCF: 46    

k = [-0.250, -0.250, 0.000]
Occupation of state 213 = 0.000000000000000.
Occupation of state 237 = 0.000000000000000.
Exx outer loop error: 6.5962580745e-03 

No.4 Exx outer loop: 
1            -2.9703113135E+01         7.5580E-01        1.396E-03        111.853
2            -2.9703220210E+01         9.8258E-01        1.519E-03        107.825
3            -2.9703193855E+01         8.5514E-01        5.036E-04        107.869
4            -2.9703226512E+01         9.9893E-01        1.622E-03        112.648
5            -2.9703264430E+01         8.3330E-01        4.556E-04        109.039
6            -2.9703255360E+01         8.0818E-01        5.341E-04        125.453
7            -2.9703230320E+01         8.1572E-01        3.354E-04        112.592
8            -2.9703154531E+01         8.6749E-01        5.795E-04        125.426
9            -2.9703169155E+01         8.2570E-01        1.033E-04        108.836
10           -2.9703146250E+01         8.7425E-01        4.797E-04        129.048
11           -2.9703140148E+01         8.4970E-01        2.075E-04        107.992
12           -2.9703142787E+01         9.0797E-01        7.983E-04        107.849
13           -2.9703131609E+01         8.5624E-01        2.367E-04        107.765
14           -2.9703124364E+01         8.3247E-01        2.463E-05        107.797
15           -2.9703118134E+01         8.5478E-01        2.465E-04        107.692
16           -2.9703121117E+01         8.7804E-01        5.093E-04        107.759
17           -2.9703116960E+01         8.6648E-01        3.862E-04        107.937
18           -2.9703106878E+01         8.2087E-01        6.775E-05        108.529
19           -2.9703100530E+01         8.2093E-01        4.540E-05        110.974
20           -2.9703097774E+01         8.2344E-01        8.983E-06        117.118
21           -2.9703094977E+01         8.2316E-01        4.687E-06        112.042
22           -2.9703094575E+01         8.2299E-01        2.946E-06        114.032
23           -2.9703093676E+01         8.2261E-01        4.441E-06        108.751
24           -2.9703093738E+01         8.2303E-01        3.647E-06        137.967
25           -2.9703093612E+01         8.2292E-01        1.120E-06        126.248
26           -2.9703093629E+01         8.2296E-01        8.411E-07        119.875
Total number of SCF: 26    

k = [-0.250, -0.250, 0.000]
Occupation of state 213 = 0.000000000000000.
Occupation of state 237 = 0.000000000000000.
Exx outer loop error: 2.6543743610e-03 

No.5 Exx outer loop: 
1            -2.9703107732E+01         7.5765E-01        9.148E-04        111.080
2            -2.9703189013E+01         9.2683E-01        1.146E-03        107.162
3            -2.9703219362E+01         6.8246E-01        1.806E-03        107.372
4            -2.9703159152E+01         8.5963E-01        5.671E-04        107.214
5            -2.9703174521E+01         8.0014E-01        1.649E-04        107.262
6            -2.9703140499E+01         8.1806E-01        1.688E-04        107.558
7            -2.9703130276E+01         8.0245E-01        5.315E-05        107.239
8            -2.9703117223E+01         8.0589E-01        3.596E-05        107.603
9            -2.9703113310E+01         8.0514E-01        1.888E-05        107.180
10           -2.9703108818E+01         8.0442E-01        9.855E-06        107.230
11           -2.9703104882E+01         8.0420E-01        7.585E-06        107.221
12           -2.9703102585E+01         8.0423E-01        6.511E-06        108.095
13           -2.9703097820E+01         8.0358E-01        1.039E-05        108.169
14           -2.9703097427E+01         8.0382E-01        5.612E-06        107.040
15           -2.9703096398E+01         8.0368E-01        5.515E-06        107.208
16           -2.9703096766E+01         8.0401E-01        2.014E-06        107.065
17           -2.9703096181E+01         8.0413E-01        2.382E-06        107.063
18           -2.9703096025E+01         8.0374E-01        3.686E-06        107.135
19           -2.9703095905E+01         8.0395E-01        8.609E-07        106.924
Total number of SCF: 19    

k = [-0.250, -0.250, 0.000]
Occupation of state 213 = 0.000000000000000.
Occupation of state 237 = 0.000000000000000.
Exx outer loop error: 1.4466365656e-03 

No.6 Exx outer loop: 
1            -2.9703102941E+01         7.6544E-01        6.235E-04        122.037
2            -2.9703146258E+01         8.3988E-01        4.713E-04        108.368
3            -2.9703282113E+01         1.0903E+00        2.998E-03        132.949
4            -2.9703217433E+01         9.1328E-01        1.190E-03        110.893
5            -2.9703179045E+01         7.9958E-01        1.014E-04        126.553
6            -2.9703173722E+01         8.2399E-01        2.368E-04        116.588
7            -2.9703152457E+01         7.9034E-01        1.036E-04        110.118
8            -2.9703144099E+01         7.9944E-01        3.728E-05        107.552
9            -2.9703131671E+01         7.9248E-01        4.031E-05        107.217
10           -2.9703119223E+01         7.8634E-01        5.207E-05        133.050
11           -2.9703110749E+01         7.8940E-01        2.709E-05        107.648
12           -2.9703103891E+01         7.8763E-01        1.428E-05        107.101
13           -2.9703101410E+01         7.8862E-01        2.778E-05        107.088
14           -2.9703099913E+01         7.8883E-01        2.886E-05        107.010
15           -2.9703099477E+01         7.8826E-01        1.550E-05        107.244
16           -2.9703099659E+01         7.8844E-01        1.194E-05        107.379
17           -2.9703100138E+01         7.8799E-01        3.020E-06        110.662
18           -2.9703099188E+01         7.8788E-01        2.383E-06        108.103
19           -2.9703098822E+01         7.8801E-01        1.810E-06        108.133
20           -2.9703098114E+01         7.8793E-01        1.686E-06        107.318
21           -2.9703097848E+01         7.8798E-01        1.174E-06        107.258
22           -2.9703097764E+01         7.8787E-01        1.539E-06        130.401
23           -2.9703097687E+01         7.8795E-01        7.988E-07        108.567
Total number of SCF: 23    

k = [-0.250, -0.250, 0.000]
Occupation of state 213 = 0.000000000000000.
Occupation of state 237 = 0.000000000000000.
Exx outer loop error: 1.3465193616e-03 

No.7 Exx outer loop: 
1            -2.9703102383E+01         7.5665E-01        4.625E-04        111.874
2            -2.9703136109E+01         8.2128E-01        4.262E-04        108.013
3            -2.9703153406E+01         7.8775E-01        1.484E-04        137.818
4            -2.9703161756E+01         7.6861E-01        2.409E-04        107.664
5            -2.9703126243E+01         7.7007E-01        1.221E-04        107.502
6            -2.9703114131E+01         7.6868E-01        1.176E-04        107.324
7            -2.9703112287E+01         7.6855E-01        1.269E-04        124.750
8            -2.9703113460E+01         7.7161E-01        7.240E-05        107.360
9            -2.9703114566E+01         7.7344E-01        4.379E-05        109.485
10           -2.9703107670E+01         7.7458E-01        1.675E-05        109.271
11           -2.9703104048E+01         7.7448E-01        1.125E-05        107.264
12           -2.9703099357E+01         7.7515E-01        1.118E-05        107.316
13           -2.9703098838E+01         7.7464E-01        5.468E-06        107.227
14           -2.9703097696E+01         7.7454E-01        3.667E-06        107.315
15           -2.9703098644E+01         7.7454E-01        2.793E-06        107.349
16           -2.9703098412E+01         7.7440E-01        3.103E-06        113.736
17           -2.9703097724E+01         7.7491E-01        4.353E-06        107.152
18           -2.9703097935E+01         7.7480E-01        2.466E-06        107.082
19           -2.9703098079E+01         7.7458E-01        2.090E-06        107.193
20           -2.9703098168E+01         7.7465E-01        1.429E-06        107.038
21           -2.9703098054E+01         7.7474E-01        5.864E-07        107.173
Total number of SCF: 21    

k = [-0.250, -0.250, 0.000]
Occupation of state 213 = 0.000000000000000.
Occupation of state 237 = 0.000000000000000.
Exx outer loop error: 7.9847154784e-04 

No.8 Exx outer loop: 
1            -2.9703101368E+01         7.5403E-01        3.630E-04        113.490
2            -2.9703121499E+01         7.8920E-01        2.294E-04        107.208
3            -2.9703153084E+01         7.6491E-01        1.224E-04        107.401
4            -2.9703132932E+01         7.6271E-01        1.046E-04        107.149
5            -2.9703112002E+01         7.7079E-01        9.859E-05        107.138
6            -2.9703112760E+01         7.6597E-01        2.530E-05        109.349
7            -2.9703105794E+01         7.6425E-01        4.802E-06        107.219
8            -2.9703103424E+01         7.6432E-01        6.273E-06        107.137
9            -2.9703101851E+01         7.6428E-01        3.725E-06        107.487
10           -2.9703101047E+01         7.6401E-01        4.157E-06        113.875
11           -2.9703099813E+01         7.6444E-01        3.605E-06        107.319
12           -2.9703098902E+01         7.6415E-01        1.167E-06        107.302
13           -2.9703098370E+01         7.6440E-01        2.510E-06        109.788
14           -2.9703098378E+01         7.6407E-01        1.418E-06        123.467
15           -2.9703098124E+01         7.6380E-01        3.336E-06        107.128
16           -2.9703098137E+01         7.6404E-01        8.383E-07        108.063
Total number of SCF: 16    

k = [-0.250, -0.250, 0.000]
Occupation of state 213 = 0.000000000000000.
Occupation of state 237 = 0.000000000000000.
Exx outer loop error: 7.3932926811e-04 

No.9 Exx outer loop: 
1            -2.9703100289E+01         7.4696E-01        2.843E-04        110.867
2            -2.9703116624E+01         7.7831E-01        2.148E-04        107.156
3            -2.9703114014E+01         7.5241E-01        9.218E-05        107.229
4            -2.9703119280E+01         7.5481E-01        4.046E-05        107.304
5            -2.9703112089E+01         7.5303E-01        4.167E-05        107.252
6            -2.9703111986E+01         7.5876E-01        5.261E-05        107.301
7            -2.9703106534E+01         7.5540E-01        1.599E-05        107.380
8            -2.9703105058E+01         7.5579E-01        1.338E-05        107.351
9            -2.9703102279E+01         7.5554E-01        5.838E-06        107.346
10           -2.9703101087E+01         7.5508E-01        4.106E-06        107.322
11           -2.9703099626E+01         7.5376E-01        1.793E-05        107.144
12           -2.9703099883E+01         7.5533E-01        3.480E-06        107.625
13           -2.9703099484E+01         7.5518E-01        1.634E-06        108.154
14           -2.9703099385E+01         7.5529E-01        1.928E-06        107.081
15           -2.9703099149E+01         7.5571E-01        6.061E-06        107.033
16           -2.9703099074E+01         7.5560E-01        4.396E-06        107.225
17           -2.9703098726E+01         7.5519E-01        9.321E-07        106.859
Total number of SCF: 17    

k = [-0.250, -0.250, 0.000]
Occupation of state 213 = 0.000000000000000.
Occupation of state 237 = 0.000000000000000.
Exx outer loop error: 7.3031232380e-04 

No.10 Exx outer loop: 
1            -2.9703101021E+01         7.4692E-01        2.329E-04        111.688
2            -2.9703105940E+01         7.5032E-01        8.577E-05        107.266
3            -2.9703107734E+01         7.4752E-01        8.011E-05        107.276
4            -2.9703112153E+01         7.4575E-01        8.212E-05        107.148
5            -2.9703111782E+01         7.4609E-01        5.510E-05        107.324
6            -2.9703108754E+01         7.4833E-01        1.872E-05        114.476
7            -2.9703107011E+01         7.5618E-01        7.488E-05        108.475
8            -2.9703106031E+01         7.4948E-01        7.688E-06        107.142
9            -2.9703104234E+01         7.4880E-01        7.745E-06        107.224
10           -2.9703101633E+01         7.4821E-01        8.101E-06        121.271
11           -2.9703100456E+01         7.4813E-01        6.728E-06        108.662
12           -2.9703100076E+01         7.4786E-01        9.311E-06        107.082
13           -2.9703099913E+01         7.4798E-01        7.299E-06        107.057
14           -2.9703099762E+01         7.4815E-01        4.132E-06        107.047
15           -2.9703099495E+01         7.4767E-01        8.675E-06        107.032
16           -2.9703099608E+01         7.4739E-01        1.213E-05        107.607
17           -2.9703099120E+01         7.4799E-01        3.453E-06        107.006
18           -2.9703098945E+01         7.4827E-01        1.074E-06        107.563
19           -2.9703098898E+01         7.4818E-01        8.325E-07        106.826
Total number of SCF: 19    

k = [-0.250, -0.250, 0.000]
Occupation of state 213 = 0.000000000000000.
Occupation of state 237 = 0.000000000000000.
Exx outer loop error: 4.1979306989e-04 

No.11 Exx outer loop: 
1            -2.9703100643E+01         7.3822E-01        1.983E-04        110.801
2            -2.9703108703E+01         7.5435E-01        1.204E-04        107.327
3            -2.9703130738E+01         7.2529E-01        2.908E-04        107.703
4            -2.9703121557E+01         7.4134E-01        5.477E-05        118.264
5            -2.9703114128E+01         7.4400E-01        1.518E-05        109.565
6            -2.9703110050E+01         7.4371E-01        1.345E-05        108.934
7            -2.9703105684E+01         7.4153E-01        2.263E-05        108.482
8            -2.9703103998E+01         7.4176E-01        1.780E-05        135.503
9            -2.9703101946E+01         7.4192E-01        1.343E-05        107.169
10           -2.9703099651E+01         7.4193E-01        7.129E-06        107.358
11           -2.9703098828E+01         7.4212E-01        2.427E-06        107.895
12           -2.9703098899E+01         7.4241E-01        2.032E-06        106.970
13           -2.9703098939E+01         7.4253E-01        2.953E-06        107.537
14           -2.9703098885E+01         7.4245E-01        1.829E-06        107.338
15           -2.9703098855E+01         7.4256E-01        2.794E-06        110.221
16           -2.9703098793E+01         7.4235E-01        5.968E-07        108.262
Total number of SCF: 16    

k = [-0.250, -0.250, 0.000]
Occupation of state 213 = 0.000000000000000.
Occupation of state 237 = 0.000000000000000.
Exx outer loop error: 3.0650892784e-04 

No.12 Exx outer loop: 
1            -2.9703100164E+01         7.3617E-01        1.747E-04        118.816
2            -2.9703103945E+01         7.4185E-01        6.769E-05        108.391
3            -2.9703134940E+01         7.8080E-01        5.062E-04        107.887
4            -2.9703130147E+01         7.5315E-01        1.998E-04        115.346
5            -2.9703117981E+01         7.2157E-01        1.913E-04        132.315
6            -2.9703120290E+01         7.3752E-01        2.373E-05        128.881
7            -2.9703118058E+01         7.4053E-01        1.890E-05        146.972
8            -2.9703111434E+01         7.3648E-01        2.658E-05        132.457
9            -2.9703108946E+01         7.3812E-01        7.167E-06        150.970
10           -2.9703104978E+01         7.3834E-01        9.416E-06        188.028
11           -2.9703101275E+01         7.3705E-01        8.649E-06        179.754
12           -2.9703100398E+01         7.3782E-01        2.941E-06        129.383
13           -2.9703099683E+01         7.3763E-01        1.561E-06        107.238
14           -2.9703098590E+01         7.3760E-01        1.828E-06        139.529
15           -2.9703098679E+01         7.3749E-01        1.481E-06        174.731
16           -2.9703098404E+01         7.3759E-01        8.214E-07        186.216
Total number of SCF: 16    

k = [-0.250, -0.250, 0.000]
Occupation of state 213 = 0.000000000000000.
Occupation of state 237 = 0.000000000000000.
Exx outer loop error: 1.8758627497e-04 

No.13 Exx outer loop: 
1            -2.9703099164E+01         7.3328E-01        1.597E-04        111.009
2            -2.9703101640E+01         7.3543E-01        5.930E-05        108.375
3            -2.9703122662E+01         7.9560E-01        6.120E-04        108.620
4            -2.9703115328E+01         7.2264E-01        2.301E-04        107.328
5            -2.9703137200E+01         7.3545E-01        6.987E-05        107.295
6            -2.9703130621E+01         7.3302E-01        6.411E-05        107.416
7            -2.9703124391E+01         7.3228E-01        5.875E-05        107.320
8            -2.9703114319E+01         7.3638E-01        1.118E-05        107.436
9            -2.9703105450E+01         7.3435E-01        5.202E-06        107.190
10           -2.9703101844E+01         7.3496E-01        6.408E-06        107.183
11           -2.9703100656E+01         7.3540E-01        1.049E-05        107.405
12           -2.9703100388E+01         7.3473E-01        3.977E-06        107.179
13           -2.9703099663E+01         7.3627E-01        2.025E-05        107.360
14           -2.9703099485E+01         7.3591E-01        1.624E-05        107.309
15           -2.9703099072E+01         7.3483E-01        5.875E-06        107.026
16           -2.9703098664E+01         7.3378E-01        6.926E-06        107.081
17           -2.9703098749E+01         7.3298E-01        1.262E-05        107.035
18           -2.9703098676E+01         7.3311E-01        1.225E-05        113.265
19           -2.9703098861E+01         7.3330E-01        9.726E-06        108.755
20           -2.9703098894E+01         7.3295E-01        1.351E-05        107.118
21           -2.9703098992E+01         7.3327E-01        9.849E-06        107.094
22           -2.9703099104E+01         7.3336E-01        8.564E-06        126.022
23           -2.9703099169E+01         7.3334E-01        8.590E-06        107.031
24           -2.9703098971E+01         7.3304E-01        1.241E-05        107.009
25           -2.9703098913E+01         7.3291E-01        1.341E-05        107.816
26           -2.9703098988E+01         7.3289E-01        1.344E-05        106.929
27           -2.9703098956E+01         7.3316E-01        1.171E-05        107.013
28           -2.9703099049E+01         7.3309E-01        1.169E-05        106.992
29           -2.9703099114E+01         7.3324E-01        1.082E-05        107.070
30           -2.9703099346E+01         7.3327E-01        1.065E-05        107.017
31           -2.9703099526E+01         7.3373E-01        6.300E-06        107.092
32           -2.9703099535E+01         7.3307E-01        1.152E-05        107.055
33           -2.9703099227E+01         7.3274E-01        1.450E-05        107.099
34           -2.9703099587E+01         7.3377E-01        3.543E-06        106.959
35           -2.9703099265E+01         7.3319E-01        1.120E-05        108.357
36           -2.9703099113E+01         7.3305E-01        1.324E-05        108.461
37           -2.9703099137E+01         7.3299E-01        1.289E-05        107.047
38           -2.9703099354E+01         7.3323E-01        1.095E-05        107.098
39           -2.9703099395E+01         7.3343E-01        7.710E-06        106.939
40           -2.9703099380E+01         7.3357E-01        6.971E-06        107.412
41           -2.9703099727E+01         7.3386E-01        3.347E-06        107.039
42           -2.9703099690E+01         7.3370E-01        4.319E-06        107.025
43           -2.9703099701E+01         7.3345E-01        6.426E-06        107.020
44           -2.9703099558E+01         7.3335E-01        8.025E-06        107.365
45           -2.9703099377E+01         7.3338E-01        8.043E-06        106.938
46           -2.9703099454E+01         7.3338E-01        7.076E-06        107.171
47           -2.9703099265E+01         7.3366E-01        3.433E-06        117.531
48           -2.9703098841E+01         7.3334E-01        6.362E-06        107.681
49           -2.9703098723E+01         7.3331E-01        6.518E-06        107.383
50           -2.9703098775E+01         7.3383E-01        8.103E-07        117.130
Total number of SCF: 50    

k = [-0.250, -0.250, 0.000]
Occupation of state 213 = 0.000000000000000.
Occupation of state 237 = 0.000000000000000.
Exx outer loop error: 1.5604476971e-04 

No.14 Exx outer loop: 
1            -2.9703100104E+01         7.2637E-01        1.520E-04        112.058
2            -2.9703106107E+01         7.4457E-01        1.435E-04        107.397
3            -2.9703125973E+01         7.3350E-01        4.969E-05        107.333
4            -2.9703117691E+01         7.2874E-01        5.640E-05        107.252
5            -2.9703114284E+01         7.2972E-01        4.072E-05        107.331
6            -2.9703111912E+01         7.3087E-01        2.351E-05        107.126
7            -2.9703108861E+01         7.3039E-01        2.118E-05        119.284
8            -2.9703102463E+01         7.3134E-01        3.636E-06        111.726
9            -2.9703101105E+01         7.3059E-01        5.389E-06        108.250
10           -2.9703099654E+01         7.3088E-01        1.743E-06        117.836
11           -2.9703099304E+01         7.3060E-01        2.469E-06        125.519
12           -2.9703099089E+01         7.3088E-01        1.417E-06        108.945
13           -2.9703099139E+01         7.3041E-01        3.555E-06        108.434
14           -2.9703099140E+01         7.3043E-01        3.368E-06        125.407
15           -2.9703099099E+01         7.3037E-01        3.572E-06        128.334
16           -2.9703099011E+01         7.3050E-01        1.873E-06        107.093
17           -2.9703098839E+01         7.3076E-01        1.372E-06        107.097
18           -2.9703098774E+01         7.3075E-01        1.467E-06        107.593
19           -2.9703098723E+01         7.3068E-01        1.080E-06        107.519
20           -2.9703098731E+01         7.3065E-01        9.006E-07        106.801
Total number of SCF: 20    

k = [-0.250, -0.250, 0.000]
Occupation of state 213 = 0.000000000000000.
Occupation of state 237 = 0.000000000000000.
Exx outer loop error: 2.0521999642e-04 

No.15 Exx outer loop: 
1            -2.9703099558E+01         7.2329E-01        1.437E-04        126.598
2            -2.9703105826E+01         7.4312E-01        1.655E-04        118.664
3            -2.9703116817E+01         7.2366E-01        7.416E-05        107.145
4            -2.9703118757E+01         7.2817E-01        2.703E-05        116.179
5            -2.9703116595E+01         7.3068E-01        1.543E-05        107.155
6            -2.9703115414E+01         7.2884E-01        1.397E-05        107.316
7            -2.9703109656E+01         7.2699E-01        2.605E-05        107.105
8            -2.9703105288E+01         7.2894E-01        6.280E-06        135.869
9            -2.9703101793E+01         7.2815E-01        5.842E-06        107.036
10           -2.9703101880E+01         7.2828E-01        9.319E-06        107.148
11           -2.9703101110E+01         7.2797E-01        6.248E-06        107.800
12           -2.9703100555E+01         7.2807E-01        6.809E-06        114.154
13           -2.9703100282E+01         7.2785E-01        2.102E-06        107.746
14           -2.9703099400E+01         7.2796E-01        2.052E-06        122.260
15           -2.9703098780E+01         7.2785E-01        7.556E-07        115.469
Total number of SCF: 15    

k = [-0.250, -0.250, 0.000]
Occupation of state 213 = 0.000000000000000.
Occupation of state 237 = 0.000000000000000.
Exx outer loop error: 3.4984633516e-04 

No.16 Exx outer loop: 
1            -2.9703099440E+01         7.2775E-01        1.398E-04        112.997
2            -2.9703098555E+01         7.2015E-01        8.970E-05        107.441
3            -2.9703117179E+01         7.8051E-01        6.014E-04        107.309
4            -2.9703124658E+01         7.2782E-01        3.492E-05        107.264
5            -2.9703113550E+01         7.2551E-01        2.557E-05        107.547
6            -2.9703108451E+01         7.2634E-01        7.827E-06        107.312
7            -2.9703101846E+01         7.2673E-01        9.965E-06        107.229
8            -2.9703099896E+01         7.2582E-01        2.482E-06        116.735
9            -2.9703099643E+01         7.2591E-01        2.672E-06        112.975
10           -2.9703099099E+01         7.2613E-01        5.292E-06        114.207
11           -2.9703099123E+01         7.2594E-01        3.553E-06        125.071
12           -2.9703099159E+01         7.2583E-01        2.644E-06        139.256
13           -2.9703098721E+01         7.2577E-01        8.617E-07        123.116
Total number of SCF: 13    

k = [-0.250, -0.250, 0.000]
Occupation of state 213 = 0.000000000000000.
Occupation of state 237 = 0.000000000000000.
Exx outer loop error: 1.4839562988e-05 
====================================================================
                    Energy and force calculation                    
====================================================================
Free energy per atom               : -2.9703098534E+01 (Ha/atom)
Total free energy                  : -1.4554518282E+03 (Ha)
Band structure energy              : -3.7363288496E+02 (Ha)
Exchange correlation energy        : -2.5796707411E+02 (Ha)
Self and correction energy         : -1.9183771115E+03 (Ha)
Entropy*kb*T                       : -4.2047350233E-03 (Ha)
Fermi level                        : -1.7319496866E-01 (Ha)
RMS force                          :  2.2696426024E-02 (Ha/Bohr)
Maximum force                      :  1.0648945873E-01 (Ha/Bohr)
Time for force calculation         :  1.875 (sec)
***************************************************************************
                               Timing info                                 
***************************************************************************
Total walltime                     :  170976.825 sec
___________________________________________________________________________

***************************************************************************
*             Material Physics & Mechanics Group, Georgia Tech            *
*                       PI: Phanish Suryanarayana                         *
*                Main Developers: Qimen Xu, Abhiraj Sharma                *
*     Collaborators: J.E. Pask (LLNL), A.J. Medford (GT), E. Chow (GT)    *
*  Acknowledgements: U.S. DOE (DE-SC0019410); U.S. NSF (1333500,1553212)  *
***************************************************************************
                                                                           
