                Step[ FC]     Time          Energy          fmax
*Force-consistent energies used in optimization.
BFGSLineSearch:    0[  0] 14:31:03   -39943.834300*       7.1182
BFGSLineSearch:    1[  2] 17:57:01   -39944.136846*       4.4479
BFGSLineSearch:    2[  4] 21:21:38   -39944.336979*       2.5029
BFGSLineSearch:    3[  6] 00:10:39   -39944.708093*       0.9931
BFGSLineSearch:    4[  8] 03:02:25   -39944.828310*       0.7245
BFGSLineSearch:    5[ 10] 05:11:15   -39944.894133*       0.9825
BFGSLineSearch:    6[ 11] 06:18:28   -39945.005798*       0.8359
BFGSLineSearch:    7[ 13] 08:33:19   -39945.106551*       0.6578
BFGSLineSearch:    8[ 15] 10:37:50   -39945.165037*       0.6351
BFGSLineSearch:    9[ 17] 12:32:51   -39945.210414*       0.5115
BFGSLineSearch:   10[ 19] 14:06:46   -39945.238512*       0.3293
BFGSLineSearch:   11[ 21] 15:50:43   -39945.256469*       0.3099
BFGSLineSearch:   12[ 23] 17:12:41   -39945.263021*       0.2014
                Step[ FC]     Time          Energy          fmax
*Force-consistent energies used in optimization.
BFGSLineSearch:    0[  0] 23:24:39   -39945.263021*       0.2014
BFGSLineSearch:    1[  2] 01:07:57   -39945.265644*       0.1389
BFGSLineSearch:    2[  3] 03:24:51   -39945.269042*       0.0881
BFGSLineSearch:    3[  5] 23:25:03   -39945.271107*       0.0806
BFGSLineSearch:    4[  6] 02:33:20   -39945.272629*       0.0581
BFGSLineSearch:    5[  7] 03:10:57   -39945.274061*       0.0737
BFGSLineSearch:    6[  8] 03:42:46   -39945.275147*       0.0850
BFGSLineSearch:    7[  9] 04:17:11   -39945.276484*       0.0563
BFGSLineSearch:    8[ 10] 04:53:04   -39945.277615*       0.0401
