***************************************************************************
*                       SPARC (version May 02, 2022)                      *
*   Copyright (c) 2020 Material Physics & Mechanics Group, Georgia Tech   *
*           Distributed under GNU General Public License 3 (GPL)          *
*                   Start time: Tue Jun 28 16:01:23 2022                  *
***************************************************************************
                           Input parameters                                
***************************************************************************
CELL: 12.4338823950489 11.2657846029438 47.5378507412217 
LATVEC:
1.000000000000000 0.000000000000000 0.000000000000000 
-0.000130020950961 0.999999991547276 0.000000000000000 
0.000000000000000 -0.000000000000000 1.000000000000000 
FD_GRID: 66 60 252
FD_ORDER: 12
BC: P P D
KPOINT_GRID: 4 4 1
KPOINT_SHIFT: 0 0 0
SPIN_TYP: 1
ELEC_TEMP_TYPE: Gaussian
SMEARING: 0.007349864435
CHEB_DEGREE: 37
NSTATES: 240
EXCHANGE_CORRELATION: HSE
EXX_RANGE_FOCK: 0.106000
EXX_RANGE_PBE: 0.106000
CALC_STRESS: 0
CALC_PRES: 0
CHEFSI_BOUND_FLAG: 0
MAXIT_SCF: 100
MINIT_SCF: 3
MAXIT_POISSON: 3000
TOL_SCF: 1.00E-06
POISSON_SOLVER: AAR
TOL_POISSON: 1.00E-08
TOL_LANCZOS: 1.00E-02
TOL_PSEUDOCHARGE: 1.00E-08
MIXING_VARIABLE: density
MIXING_PRECOND: kerker
MIXING_PRECOND_MAG: none
TOL_PRECOND: 3.54E-05
PRECOND_KERKER_KTF: 1
PRECOND_KERKER_THRESH: 0.1
MIXING_PARAMETER: 0.3
MIXING_PARAMETER_MAG: 0.3
MIXING_HISTORY: 7
PULAY_FREQUENCY: 1
PULAY_RESTART: 0
REFERENCE_CUTOFF: 0.5
RHO_TRIGGER: 4
FIX_RAND: 0
VERBOSITY: 1
PRINT_FORCES: 1
PRINT_ATOMS: 1
PRINT_EIGEN: 1
PRINT_DENSITY: 0
PRINT_ENERGY_DENSITY: 0
TOL_FOCK: 5.00E-05
TOL_SCF_INIT: 1.00E-03
MAXIT_FOCK: 20
EXX_METHOD: FOURIER_SPACE
EXX_DIVERGENCE: AUXILIARY
EXX_MEM: 1
ACE_FLAG: 1
EXX_ACE_VALENCE_STATES: 10000
EXX_DOWNSAMPLING: 1 1 1
OUTPUT_FILE: sprc-calc
***************************************************************************
                                Cell                                       
***************************************************************************
Lattice vectors (Bohr):
12.433882395048860 0.000000000000000 0.000000000000000 
-0.001464788027397 11.265784507717260 0.000000000000000 
0.000000000000000 -0.000000000000000 47.537850741221725 
Volume                  :  6.6589804186E+03 (Bohr^3)
***************************************************************************
                           Parallelization                                 
***************************************************************************
NP_SPIN_PARAL: 2
NP_KPOINT_PARAL: 10
NP_BAND_PARAL: 1
NP_DOMAIN_PARAL: 2 1 8
NP_DOMAIN_PHI_PARAL: 4 4 21
EIG_SERIAL_MAXNS: 1500
***************************************************************************
                             Initialization                                
***************************************************************************
Number of processors               :  336
Mesh spacing in x-direction        :  0.188392 (Bohr)
Mesh spacing in y-direction        :  0.187763 (Bohr)
Mesh spacing in z direction        :  0.188642 (Bohr)
Number of symmetry adapted k-points:  10
Output printed to                  :  sprc-calc.out
Final eigenvalues printed to       :  sprc-calc.eigen
Total number of atom types         :  4
Total number of atoms              :  50
Total number of electrons          :  392
Atom type 1  (valence electrons)   :  C 4
Pseudopotential                    :  C.psp8
Pseudocharge radii of atom type 1  :  6.78 6.76 6.79 (x, y, z dir)
Number of atoms of type 1          :  1
Atom type 2  (valence electrons)   :  N 5
Pseudopotential                    :  N.psp8
Pseudocharge radii of atom type 2  :  6.78 6.76 6.79 (x, y, z dir)
Number of atoms of type 2          :  2
Atom type 3  (valence electrons)   :  O 6
Pseudopotential                    :  O.psp8
Pseudocharge radii of atom type 3  :  6.78 6.76 6.79 (x, y, z dir)
Number of atoms of type 3          :  31
Atom type 4  (valence electrons)   :  Ti 12
Pseudopotential                    :  Ti.psp8
Pseudocharge radii of atom type 4  :  6.78 6.76 6.79 (x, y, z dir)
Number of atoms of type 4          :  16
Estimated total memory usage       :  450.78 GB
Estimated memory per processor     :  1.34 GB
========================================================================================
                    Self Consistent Field (SCF#1)                     
========================================================================================
Iteration     Free Energy (Ha/atom)    Magnetization     SCF Error        Timing (sec)
1            -2.9332409405E+01         8.0041E+00        4.565E-01        298.766
2            -3.0816395564E+01         7.8446E+00        4.317E-01        74.647
3            -2.9985493513E+01         6.1611E-01        3.671E-01        75.205
4            -2.9722294207E+01         3.9597E+00        3.047E-01        74.770
5            -2.9929273827E+01         1.0188E+00        2.442E-01        74.662
6            -2.9877730797E+01         5.1700E+00        1.993E-01        74.447
7            -2.9873341779E+01         6.9742E+00        1.712E-01        74.343
8            -2.9864929136E+01         3.1071E+00        1.459E-01        73.939
9            -2.9864331904E+01         5.4162E+00        1.425E-01        74.130
10           -2.9804326032E+01         2.3348E+00        1.118E-01        74.457
11           -2.9765065962E+01         2.3028E+00        1.196E-01        74.436
12           -2.9731578613E+01         9.9024E-02        9.159E-02        74.228
13           -2.9703777500E+01        -1.1167E-01        7.996E-02        74.192
14           -2.9692395747E+01         1.5602E+00        6.162E-02        74.184
15           -2.9634992032E+01        -6.3655E-01        5.983E-02        74.529
16           -2.9596415068E+01         3.8399E-02        7.245E-02        74.036
17           -2.9595735015E+01         5.5078E-02        7.245E-02        74.250
18           -2.9577400350E+01         2.1090E-01        6.559E-02        74.542
19           -2.9594743632E+01         3.9265E+00        7.400E-02        74.223
20           -2.9599738540E+01         5.5214E-01        6.909E-02        78.528
21           -2.9595845727E+01         4.3755E+00        7.006E-02        76.701
22           -2.9599390269E+01         1.1327E+00        6.757E-02        74.471
23           -2.9566954796E+01         4.0802E-02        5.387E-02        74.832
24           -2.9490336079E+01        -6.0320E-01        1.013E-01        86.253
25           -2.9511440519E+01        -1.2894E+00        4.204E-02        76.960
26           -2.9506417632E+01        -6.8823E-01        3.611E-02        76.097
27           -2.9493501815E+01        -2.4148E-01        3.216E-02        75.881
28           -2.9480989678E+01         2.2233E-02        3.131E-02        77.131
29           -2.9475554119E+01         3.3897E-01        2.741E-02        113.209
30           -2.9466418227E+01         3.5205E-06        2.478E-02        82.559
31           -2.9455651673E+01         1.7163E-05        1.897E-02        76.853
32           -2.9448279160E+01         1.0222E-03        1.435E-02        76.373
33           -2.9440368797E+01         1.0093E-01        1.070E-02        83.808
34           -2.9440039444E+01         2.5028E-02        7.970E-03        110.260
35           -2.9437191878E+01         4.7117E-02        5.833E-03        75.445
36           -2.9435764850E+01         3.3570E-02        4.467E-03        81.265
37           -2.9434152666E+01         6.4294E-03        2.872E-03        75.624
38           -2.9433695828E+01         1.0975E-03        2.135E-03        91.265
39           -2.9433824274E+01         1.3287E-04        1.583E-03        78.639
40           -2.9433630104E+01         6.6872E-05        1.302E-03        87.121
41           -2.9433363115E+01         3.9444E-05        8.369E-04        92.619
Total number of SCF: 41    

k = [-0.250, -0.250, 0.000]
Occupation of state 216 = 0.000000000000000.
Occupation of state 240 = 0.000000000000000.

No.1 Exx outer loop: 
1            -2.9226750816E+01         6.1606E-02        1.872E-02        116.691
2            -2.9215077491E+01         2.2007E-09        1.714E-02        111.860
3            -2.9218250800E+01        -1.0173E-08        1.314E-02        110.799
4            -2.9223412256E+01        -1.6515E-08        6.189E-03        111.676
5            -2.9224713803E+01        -1.0696E-08        3.833E-03        112.040
6            -2.9226803848E+01         4.5102E-08        1.327E-03        110.669
7            -2.9226783092E+01         4.6627E-07        1.029E-03        110.787
8            -2.9226898138E+01         1.0283E-06        7.450E-04        111.929
9            -2.9226589778E+01         3.3024E-06        5.098E-04        112.197
10           -2.9226446036E+01         4.3942E-06        3.608E-04        113.969
11           -2.9226268372E+01         5.0000E-06        2.355E-04        112.125
12           -2.9226195689E+01         4.0126E-06        1.484E-04        112.123
13           -2.9226117211E+01         4.0065E-06        9.731E-05        110.983
14           -2.9226065760E+01         3.7395E-06        5.892E-05        110.604
15           -2.9226068086E+01         3.0564E-06        3.484E-05        110.982
16           -2.9226066999E+01         2.6995E-06        2.518E-05        110.837
17           -2.9226071886E+01         2.2788E-06        1.950E-05        110.634
18           -2.9226070791E+01         2.1212E-06        1.388E-05        110.953
19           -2.9226073166E+01         2.0223E-06        9.778E-06        111.630
20           -2.9226072329E+01         2.1056E-06        6.459E-06        111.771
21           -2.9226073184E+01         2.1154E-06        4.813E-06        111.821
22           -2.9226072495E+01         2.1899E-06        3.406E-06        111.469
23           -2.9226072824E+01         2.2207E-06        2.611E-06        111.170
24           -2.9226072052E+01         2.3067E-06        2.031E-06        111.784
25           -2.9226072308E+01         2.3535E-06        1.406E-06        111.605
26           -2.9226072146E+01         2.3665E-06        1.094E-06        113.515
27           -2.9226072506E+01         2.3821E-06        8.249E-07        110.282
Total number of SCF: 27    

k = [-0.250, -0.250, 0.000]
Occupation of state 216 = 0.000000000000000.
Occupation of state 240 = 0.000000000000000.
Exx outer loop error: 3.4124006643e-01 

No.2 Exx outer loop: 
1            -2.9226348341E+01         6.4946E-07        1.572E-03        122.774
2            -2.9225532886E+01         9.7929E-07        1.571E-03        119.824
3            -2.9225813428E+01         2.9316E-06        1.248E-03        119.191
4            -2.9226521634E+01         1.2297E-04        6.846E-04        117.486
5            -2.9226685225E+01         1.6820E-05        4.935E-04        131.490
6            -2.9226704013E+01         6.9156E-06        3.723E-04        121.985
7            -2.9226521481E+01         1.7890E-06        2.607E-04        130.200
8            -2.9226450283E+01         1.8635E-07        1.380E-04        111.870
9            -2.9226365332E+01         1.6203E-07        7.476E-05        111.820
10           -2.9226377012E+01         4.2437E-07        4.362E-05        111.757
11           -2.9226348661E+01         4.8696E-07        2.987E-05        111.730
12           -2.9226342314E+01         4.1354E-07        2.211E-05        111.881
13           -2.9226335718E+01         3.6992E-07        1.651E-05        111.641
14           -2.9226345039E+01         3.9980E-07        9.311E-06        111.696
15           -2.9226341600E+01         3.8142E-07        6.848E-06        111.592
16           -2.9226339713E+01         3.7583E-07        4.658E-06        111.517
17           -2.9226337524E+01         3.8830E-07        3.398E-06        111.515
18           -2.9226337170E+01         3.8836E-07        2.235E-06        111.704
19           -2.9226337331E+01         3.8470E-07        1.523E-06        111.583
20           -2.9226338144E+01         3.8386E-07        1.251E-06        111.402
21           -2.9226337983E+01         3.8436E-07        7.553E-07        111.320
Total number of SCF: 21    

k = [-0.250, -0.250, 0.000]
Occupation of state 216 = 0.000000000000000.
Occupation of state 240 = 0.000000000000000.
Exx outer loop error: 1.5374650891e-02 

No.3 Exx outer loop: 
1            -2.9226362944E+01         2.5434E-07        2.265E-04        115.096
2            -2.9226282803E+01         2.8636E-07        3.013E-04        111.472
3            -2.9226325787E+01         3.5897E-07        3.229E-04        111.727
4            -2.9226373686E+01         1.4454E-07        2.972E-04        111.344
5            -2.9226459489E+01         7.7192E-07        5.048E-04        110.623
6            -2.9226445541E+01         2.6336E-07        3.872E-04        110.734
7            -2.9226423454E+01         1.0766E-06        4.741E-04        111.700
8            -2.9226417705E+01         1.7843E-07        3.834E-04        111.561
9            -2.9226443861E+01         2.2284E-07        4.611E-04        111.603
10           -2.9226474602E+01         1.4322E-07        5.030E-04        111.613
11           -2.9226410218E+01         3.6699E-08        9.990E-05        111.925
12           -2.9226417756E+01         8.1942E-08        6.861E-05        113.426
13           -2.9226403130E+01         1.7032E-07        5.338E-05        112.344
14           -2.9226379547E+01         1.7771E-07        3.492E-05        111.852
15           -2.9226363168E+01         1.6361E-07        1.837E-05        111.983
16           -2.9226358329E+01         1.7805E-07        1.221E-05        111.527
17           -2.9226354349E+01         1.8755E-07        1.031E-05        111.558
18           -2.9226348969E+01         2.1405E-07        6.963E-06        111.412
19           -2.9226347605E+01         2.2535E-07        4.910E-06        111.721
20           -2.9226347189E+01         2.3142E-07        3.075E-06        111.735
21           -2.9226346593E+01         2.3314E-07        2.076E-06        111.766
22           -2.9226345801E+01         2.3144E-07        1.448E-06        111.523
23           -2.9226345593E+01         2.2910E-07        1.084E-06        111.213
24           -2.9226345375E+01         2.2850E-07        7.838E-07        111.096
Total number of SCF: 24    

k = [-0.250, -0.250, 0.000]
Occupation of state 216 = 0.000000000000000.
Occupation of state 240 = 0.000000000000000.
Exx outer loop error: 8.4006547598e-04 

No.4 Exx outer loop: 
1            -2.9226348796E+01         1.7629E-07        4.733E-05        116.300
2            -2.9226342178E+01         1.8372E-07        8.089E-05        112.084
3            -2.9226358629E+01         1.9663E-07        1.159E-04        130.242
4            -2.9226355553E+01         1.7416E-07        1.077E-04        111.813
5            -2.9226347714E+01         1.9141E-07        7.550E-05        111.585
6            -2.9226339100E+01         1.9391E-07        4.730E-05        111.523
7            -2.9226334302E+01         2.0018E-07        2.565E-05        111.395
8            -2.9226335282E+01         2.0104E-07        2.130E-05        118.681
9            -2.9226337717E+01         2.0474E-07        1.461E-05        113.923
10           -2.9226339957E+01         1.9760E-07        9.586E-06        113.153
11           -2.9226345273E+01         1.7916E-07        5.372E-06        113.658
12           -2.9226346877E+01         1.7008E-07        3.062E-06        130.729
13           -2.9226346518E+01         1.6415E-07        1.993E-06        111.540
14           -2.9226345915E+01         1.6280E-07        1.114E-06        111.519
15           -2.9226345907E+01         1.6135E-07        8.470E-07        112.139
Total number of SCF: 15    

k = [-0.250, -0.250, 0.000]
Occupation of state 216 = 0.000000000000000.
Occupation of state 240 = 0.000000000000000.
Exx outer loop error: 1.4170923616e-04 

No.5 Exx outer loop: 
1            -2.9226345980E+01         1.2430E-07        2.003E-05        116.197
2            -2.9226346799E+01         1.3150E-07        3.143E-05        113.340
3            -2.9226350030E+01         1.2540E-07        1.801E-05        112.504
4            -2.9226348791E+01         1.2039E-07        7.911E-06        111.381
5            -2.9226348589E+01         1.1775E-07        4.168E-06        110.833
6            -2.9226346678E+01         1.1863E-07        2.310E-06        112.124
7            -2.9226346390E+01         1.1846E-07        1.712E-06        111.068
8            -2.9226346026E+01         1.1732E-07        8.703E-07        111.083
Total number of SCF: 8     

k = [-0.250, -0.250, 0.000]
Occupation of state 216 = 0.000000000000000.
Occupation of state 240 = 0.000000000000000.
Exx outer loop error: 9.6053205764e-05 

No.6 Exx outer loop: 
1            -2.9226345955E+01         9.1541E-08        1.103E-05        115.780
2            -2.9226346653E+01         9.6154E-08        1.645E-05        111.305
3            -2.9226346120E+01         9.1995E-08        5.608E-06        111.384
4            -2.9226346354E+01         9.0934E-08        3.413E-06        112.216
5            -2.9226346222E+01         8.8694E-08        1.981E-06        111.542
6            -2.9226346104E+01         8.7735E-08        1.621E-06        111.543
7            -2.9226346118E+01         8.6748E-08        7.910E-07        111.013
Total number of SCF: 7     

k = [-0.250, -0.250, 0.000]
Occupation of state 216 = 0.000000000000000.
Occupation of state 240 = 0.000000000000000.
Exx outer loop error: 2.2464886875e-05 
====================================================================
                    Energy and force calculation                    
====================================================================
Free energy per atom               : -2.9226345062E+01 (Ha/atom)
Total free energy                  : -1.4613172531E+03 (Ha)
Band structure energy              : -3.8649862027E+02 (Ha)
Exchange correlation energy        : -2.5990277057E+02 (Ha)
Self and correction energy         : -1.9287275894E+03 (Ha)
Entropy*kb*T                       : -7.0893371417E-08 (Ha)
Fermi level                        : -2.3115088573E-01 (Ha)
RMS force                          :  2.2151611291E-02 (Ha/Bohr)
Maximum force                      :  9.5209188608E-02 (Ha/Bohr)
Time for force calculation         :  1.822 (sec)
***************************************************************************
                               Timing info                                 
***************************************************************************
Total walltime                     :  52704.251 sec
___________________________________________________________________________

***************************************************************************
*             Material Physics & Mechanics Group, Georgia Tech            *
*                       PI: Phanish Suryanarayana                         *
*                Main Developers: Qimen Xu, Abhiraj Sharma                *
*     Collaborators: J.E. Pask (LLNL), A.J. Medford (GT), E. Chow (GT)    *
*  Acknowledgements: U.S. DOE (DE-SC0019410); U.S. NSF (1333500,1553212)  *
***************************************************************************
                                                                           
