***************************************************************************
*                       SPARC (version Nov 19, 2021)                      *
*   Copyright (c) 2020 Material Physics & Mechanics Group, Georgia Tech   *
*           Distributed under GNU General Public License 3 (GPL)          *
*                   Start time: Fri Dec 17 09:29:00 2021                  *
***************************************************************************
                           Input parameters                                
***************************************************************************
CELL: 12.4338823950489 11.2657846029438 47.5378507412217 
LATVEC:
1.000000000000000 0.000000000000000 0.000000000000000 
-0.000130020950961 0.999999991547276 0.000000000000000 
0.000000000000000 -0.000000000000000 1.000000000000000 
FD_GRID: 66 60 252
FD_ORDER: 12
BC: P P D
KPOINT_GRID: 4 4 1
KPOINT_SHIFT: 0 0 0
SPIN_TYP: 0
ELEC_TEMP_TYPE: Gaussian
SMEARING: 0.007349864435
CHEB_DEGREE: 37
NSTATES: 231
EXCHANGE_CORRELATION: HSE
CALC_STRESS: 0
CALC_PRES: 0
CHEFSI_BOUND_FLAG: 0
MAXIT_SCF: 100
MINIT_SCF: 3
MAXIT_POISSON: 3000
TOL_SCF: 1.00E-06
POISSON_SOLVER: AAR
TOL_POISSON: 1.00E-08
TOL_LANCZOS: 1.00E-02
TOL_PSEUDOCHARGE: 1.00E-08
MIXING_VARIABLE: density
MIXING_PRECOND: kerker
TOL_PRECOND: 3.54E-05
PRECOND_KERKER_KTF: 1
PRECOND_KERKER_THRESH: 0.1
MIXING_PARAMETER: 0.3
MIXING_HISTORY: 7
PULAY_FREQUENCY: 1
PULAY_RESTART: 0
REFERENCE_CUTOFF: 0.5
RHO_TRIGGER: 4
FIX_RAND: 0
VERBOSITY: 1
PRINT_FORCES: 1
PRINT_ATOMS: 1
PRINT_EIGEN: 1
PRINT_DENSITY: 0
PRINT_ENERGY_DENSITY: 0
TOL_FOCK: 5.00E-05
TOL_SCF_INIT: 1.00E-04
MAXIT_FOCK: 1000
EXX_METHOD: FOURIER_SPACE
EXX_DIVERGENCE: AUXILIARY
ACE_FLAG: 1
EXX_ACE_MEM: 1
EXX_ACE_VALENCE_STATES: 10000
EXX_DOWNSAMPLING: 1 1 1
EXX_RANGE_FOCK: 0.106000
EXX_RANGE_PBE: 0.106000
OUTPUT_FILE: sprc-calc
***************************************************************************
                                Cell                                       
***************************************************************************
Lattice vectors (Bohr):
12.433882395048860 0.000000000000000 0.000000000000000 
-0.001464788027397 11.265784507717260 0.000000000000000 
0.000000000000000 -0.000000000000000 47.537850741221725 
Volume                  :  6.6589804186E+03 (Bohr^3)
***************************************************************************
                           Parallelization                                 
***************************************************************************
NP_SPIN_PARAL: 1
NP_KPOINT_PARAL: 10
NP_BAND_PARAL: 1
NP_DOMAIN_PARAL: 3 1 11
NP_DOMAIN_PHI_PARAL: 4 4 21
EIG_SERIAL_MAXNS: 1500
***************************************************************************
                             Initialization                                
***************************************************************************
Number of processors               :  336
Mesh spacing in x-direction        :  0.188392 (Bohr)
Mesh spacing in y-direction        :  0.187763 (Bohr)
Mesh spacing in z direction        :  0.188642 (Bohr)
Number of symmetry adapted k-points:  10
Output printed to                  :  sprc-calc.out
Final eigenvalues printed to       :  sprc-calc.eigen
Total number of atom types         :  2
Total number of atoms              :  47
Total number of electrons          :  378
Atom type 1  (valence electrons)   :  O 6
Pseudopotential                    :  O.psp8
Pseudocharge radii of atom type 1  :  6.78 6.76 6.79 (x, y, z dir)
Number of atoms of type 1          :  31
Atom type 2  (valence electrons)   :  Ti 12
Pseudopotential                    :  Ti.psp8
Pseudocharge radii of atom type 2  :  6.78 6.76 6.79 (x, y, z dir)
Number of atoms of type 2          :  16
Estimated total memory usage       :  227.54 GB
Estimated memory per processor     :  693.47 MB
===================================================================
                    Self Consistent Field (SCF#1)                     
===================================================================
Iteration     Free Energy (Ha/atom)   SCF Error        Timing (sec)
1            -3.0889515797E+01        1.410E-01        166.766
2            -3.0767658457E+01        5.291E-02        41.864
3            -3.0737559418E+01        3.536E-02        42.230
4            -3.0757825069E+01        2.508E-02        42.187
5            -3.0759301944E+01        2.137E-02        42.226
6            -3.0755467383E+01        1.377E-02        41.891
7            -3.0749874172E+01        8.179E-03        41.694
8            -3.0749595193E+01        4.821E-03        41.742
9            -3.0747097089E+01        6.433E-03        41.374
10           -3.0747562612E+01        3.777E-03        41.966
11           -3.0745736501E+01        2.082E-03        42.533
12           -3.0744852203E+01        1.408E-03        41.350
13           -3.0744141603E+01        9.494E-04        42.469
14           -3.0744054194E+01        3.977E-04        42.590
15           -3.0743998540E+01        2.932E-04        41.836
16           -3.0743909642E+01        2.005E-04        42.268
17           -3.0743807934E+01        1.430E-04        41.939
18           -3.0743740936E+01        1.028E-04        41.350
19           -3.0743681821E+01        9.108E-05        40.917
Total number of SCF: 19    

k = [-0.250, -0.250, 0.000]
Occupation of state 208 = 0.000000000758696.
Occupation of state 231 = 0.000000000000000.

No.1 Exx outer loop: 
1            -3.0528800606E+01        1.353E-02        63.309
2            -3.0520152800E+01        1.607E-02        61.777
3            -3.0521300658E+01        1.241E-02        62.086
4            -3.0528243466E+01        1.213E-02        61.581
5            -3.0525915623E+01        1.092E-02        61.560
6            -3.0528445951E+01        8.178E-03        61.587
7            -3.0532611850E+01        4.291E-03        61.650
8            -3.0532516324E+01        4.009E-03        62.296
9            -3.0532160456E+01        4.571E-03        61.735
10           -3.0531146272E+01        1.965E-03        62.457
11           -3.0530955831E+01        2.179E-03        61.975
12           -3.0530789126E+01        2.120E-03        61.406
13           -3.0530613572E+01        1.200E-03        61.573
14           -3.0530702156E+01        8.602E-04        62.022
15           -3.0530627817E+01        5.377E-04        63.619
16           -3.0530552477E+01        2.008E-04        63.263
17           -3.0530571885E+01        2.943E-04        61.507
18           -3.0530549213E+01        2.173E-04        61.396
19           -3.0530500983E+01        9.091E-05        61.668
20           -3.0530490462E+01        7.901E-05        61.554
21           -3.0530465754E+01        5.314E-05        62.633
22           -3.0530458285E+01        3.822E-05        62.905
23           -3.0530451040E+01        3.778E-05        61.683
24           -3.0530443613E+01        2.261E-05        61.474
25           -3.0530434777E+01        1.289E-05        62.378
26           -3.0530436794E+01        2.918E-05        61.372
27           -3.0530436614E+01        2.847E-05        61.670
28           -3.0530436719E+01        1.731E-05        61.837
29           -3.0530438896E+01        1.452E-05        61.674
30           -3.0530438801E+01        7.634E-06        61.772
31           -3.0530438470E+01        1.624E-05        61.477
32           -3.0530435901E+01        2.409E-05        64.437
33           -3.0530434157E+01        1.066E-05        64.374
34           -3.0530433626E+01        3.470E-06        66.282
35           -3.0530433098E+01        3.309E-06        61.981
36           -3.0530433156E+01        1.200E-05        61.593
37           -3.0530432820E+01        3.197E-06        66.816
38           -3.0530432921E+01        1.986E-06        62.839
39           -3.0530432914E+01        3.636E-06        61.450
40           -3.0530433171E+01        1.408E-06        61.498
41           -3.0530433370E+01        2.351E-06        61.284
42           -3.0530433465E+01        2.278E-06        61.491
43           -3.0530433595E+01        7.740E-07        61.765
Total number of SCF: 43    

k = [-0.250, -0.250, 0.000]
Occupation of state 208 = 0.000000000005144.
Occupation of state 231 = 0.000000000000000.
Exx outer loop error: 6.6107139533e-01 

No.2 Exx outer loop: 
1            -3.0530738289E+01        1.927E-03        63.508
2            -3.0530007510E+01        1.696E-03        63.876
3            -3.0530225915E+01        1.384E-03        63.457
4            -3.0530626837E+01        1.043E-03        61.848
5            -3.0530734118E+01        6.159E-03        62.375
6            -3.0530820921E+01        5.041E-03        62.561
7            -3.0530803556E+01        3.072E-03        61.666
8            -3.0530884356E+01        2.890E-03        62.541
9            -3.0530811353E+01        2.965E-03        62.140
10           -3.0531019892E+01        7.202E-03        61.485
11           -3.0531080246E+01        7.704E-03        61.965
12           -3.0530905859E+01        5.393E-03        62.431
13           -3.0531108723E+01        6.391E-03        62.193
14           -3.0531151804E+01        7.758E-03        61.962
15           -3.0530998616E+01        5.907E-03        61.536
16           -3.0530945128E+01        3.882E-03        62.017
17           -3.0530874973E+01        1.868E-03        61.706
18           -3.0530785762E+01        6.858E-04        62.044
19           -3.0530776636E+01        8.355E-04        62.512
20           -3.0530776044E+01        1.393E-03        61.588
21           -3.0530760465E+01        4.260E-04        61.726
22           -3.0530763436E+01        3.342E-04        62.574
23           -3.0530764038E+01        2.145E-04        61.686
24           -3.0530758847E+01        1.587E-04        62.370
25           -3.0530745468E+01        1.220E-04        61.475
26           -3.0530736408E+01        4.123E-05        61.444
27           -3.0530729084E+01        2.821E-05        61.745
28           -3.0530720701E+01        8.914E-05        61.878
29           -3.0530717212E+01        1.616E-05        61.615
30           -3.0530714449E+01        1.368E-05        63.210
31           -3.0530712280E+01        5.976E-05        63.857
32           -3.0530711702E+01        3.014E-05        63.237
33           -3.0530711065E+01        1.956E-05        61.081
34           -3.0530710790E+01        1.818E-05        61.844
35           -3.0530709504E+01        1.271E-05        61.531
36           -3.0530709030E+01        9.028E-06        61.484
37           -3.0530708359E+01        4.801E-06        61.448
38           -3.0530708316E+01        4.699E-06        61.846
39           -3.0530708159E+01        5.404E-06        61.441
40           -3.0530708153E+01        3.461E-06        61.448
41           -3.0530707944E+01        1.607E-06        61.530
42           -3.0530707936E+01        8.301E-06        61.402
43           -3.0530707786E+01        1.767E-06        62.170
44           -3.0530707673E+01        1.553E-06        61.234
45           -3.0530707570E+01        8.999E-07        61.153
Total number of SCF: 45    

k = [-0.250, -0.250, 0.000]
Occupation of state 208 = 0.000000000002995.
Occupation of state 231 = 0.000000000000000.
Exx outer loop error: 1.2558782129e-02 

No.3 Exx outer loop: 
1            -3.0530741603E+01        9.064E-04        63.290
2            -3.0530669704E+01        5.173E-04        61.988
3            -3.0530729229E+01        1.532E-03        62.197
4            -3.0530729815E+01        1.050E-03        61.426
5            -3.0530720467E+01        2.387E-04        61.685
6            -3.0530733780E+01        9.335E-04        61.559
7            -3.0530754577E+01        1.150E-03        61.419
8            -3.0530767304E+01        1.395E-04        62.192
9            -3.0530775323E+01        1.220E-04        61.609
10           -3.0530764118E+01        9.218E-05        61.504
11           -3.0530747286E+01        9.323E-05        61.663
12           -3.0530731409E+01        2.814E-05        61.891
13           -3.0530728154E+01        1.942E-05        61.912
14           -3.0530726133E+01        1.216E-05        61.387
15           -3.0530725479E+01        1.319E-05        61.417
16           -3.0530721531E+01        6.872E-06        62.617
17           -3.0530721420E+01        2.801E-06        62.877
18           -3.0530719562E+01        3.306E-06        61.423
19           -3.0530719532E+01        1.963E-06        61.172
20           -3.0530718850E+01        3.043E-06        62.165
21           -3.0530718596E+01        2.191E-06        61.170
22           -3.0530718488E+01        3.767E-06        62.011
23           -3.0530718277E+01        1.762E-06        62.190
24           -3.0530718301E+01        2.692E-06        61.452
25           -3.0530718191E+01        1.819E-06        61.704
26           -3.0530718063E+01        2.119E-06        61.853
27           -3.0530718143E+01        4.560E-07        61.062
Total number of SCF: 27    

k = [-0.250, -0.250, 0.000]
Occupation of state 208 = 0.000000000002034.
Occupation of state 231 = 0.000000000000000.
Exx outer loop error: 1.5962878153e-03 

No.4 Exx outer loop: 
1            -3.0530727382E+01        6.654E-04        63.318
2            -3.0530713738E+01        3.450E-04        61.494
3            -3.0530858660E+01        3.239E-03        61.871
4            -3.0530843063E+01        1.528E-03        61.633
5            -3.0530897240E+01        2.834E-03        61.462
6            -3.0530911778E+01        3.678E-03        61.478
7            -3.0530829915E+01        9.392E-04        61.235
8            -3.0530823304E+01        1.489E-03        61.315
9            -3.0530757850E+01        5.380E-04        61.431
10           -3.0530759308E+01        5.156E-04        61.264
11           -3.0530770395E+01        2.395E-04        62.702
12           -3.0530751313E+01        1.473E-04        62.297
13           -3.0530753306E+01        1.676E-04        61.403
14           -3.0530748742E+01        1.146E-04        61.334
15           -3.0530744516E+01        6.620E-05        61.671
16           -3.0530735129E+01        3.529E-05        61.508
17           -3.0530728895E+01        1.146E-05        61.277
18           -3.0530727278E+01        3.775E-05        61.931
19           -3.0530725072E+01        3.519E-05        63.497
20           -3.0530725032E+01        1.667E-05        63.724
21           -3.0530723293E+01        6.646E-06        61.444
22           -3.0530722678E+01        2.293E-06        61.576
23           -3.0530721735E+01        3.174E-06        61.495
24           -3.0530721322E+01        2.355E-06        61.278
25           -3.0530721289E+01        4.590E-06        62.040
26           -3.0530721490E+01        2.301E-06        61.836
27           -3.0530721435E+01        4.615E-06        62.141
28           -3.0530721141E+01        1.901E-06        61.513
29           -3.0530720945E+01        1.428E-06        61.222
30           -3.0530720692E+01        1.181E-06        61.592
31           -3.0530720252E+01        1.816E-06        61.578
32           -3.0530720368E+01        2.086E-06        61.121
33           -3.0530720106E+01        1.216E-06        61.139
34           -3.0530720042E+01        5.696E-07        61.307
Total number of SCF: 34    

k = [-0.250, -0.250, 0.000]
Occupation of state 208 = 0.000000000001505.
Occupation of state 231 = 0.000000000000000.
Exx outer loop error: 3.4132298669e-04 

No.5 Exx outer loop: 
1            -3.0530724758E+01        5.440E-04        63.136
2            -3.0530717547E+01        3.606E-04        62.043
3            -3.0530875261E+01        1.525E-03        61.341
4            -3.0530881028E+01        4.054E-04        61.756
5            -3.0530851905E+01        2.040E-03        61.633
6            -3.0530849422E+01        2.537E-04        61.634
7            -3.0530824068E+01        1.061E-04        61.955
8            -3.0530801178E+01        7.786E-05        62.022
9            -3.0530763355E+01        9.490E-05        61.322
10           -3.0530753429E+01        8.656E-05        61.750
11           -3.0530746700E+01        6.676E-05        62.036
12           -3.0530740213E+01        5.499E-05        61.328
13           -3.0530736448E+01        3.698E-05        61.421
14           -3.0530731670E+01        2.404E-05        61.615
15           -3.0530728057E+01        9.775E-06        63.696
16           -3.0530724975E+01        1.294E-05        65.102
17           -3.0530723161E+01        4.756E-05        62.533
18           -3.0530722399E+01        5.245E-06        61.122
19           -3.0530721842E+01        4.987E-06        61.192
20           -3.0530721868E+01        5.164E-06        61.338
21           -3.0530721348E+01        1.612E-06        61.312
22           -3.0530721248E+01        1.897E-06        61.814
23           -3.0530721136E+01        1.079E-06        61.589
24           -3.0530721106E+01        9.470E-07        61.043
Total number of SCF: 24    

k = [-0.250, -0.250, 0.000]
Occupation of state 208 = 0.000000000001207.
Occupation of state 231 = 0.000000000000000.
Exx outer loop error: 1.2199525645e-04 

No.6 Exx outer loop: 
1            -3.0530725137E+01        4.691E-04        63.948
2            -3.0530718561E+01        3.552E-04        62.029
3            -3.0530805524E+01        1.929E-03        61.309
4            -3.0530815096E+01        2.123E-04        61.522
5            -3.0530796133E+01        6.864E-05        61.250
6            -3.0530793636E+01        1.819E-04        61.665
7            -3.0530773680E+01        1.579E-04        61.587
8            -3.0530746790E+01        7.232E-05        61.321
9            -3.0530733726E+01        3.270E-05        61.554
10           -3.0530724031E+01        5.493E-05        61.671
11           -3.0530722540E+01        1.824E-04        61.365
12           -3.0530722713E+01        4.818E-05        61.786
13           -3.0530720881E+01        4.790E-05        61.406
14           -3.0530720275E+01        1.554E-05        61.978
15           -3.0530719245E+01        9.946E-06        61.149
16           -3.0530719683E+01        1.835E-05        61.033
17           -3.0530719460E+01        1.313E-05        61.499
18           -3.0530720237E+01        7.409E-06        61.205
19           -3.0530720555E+01        6.009E-06        61.458
20           -3.0530721347E+01        7.686E-06        61.201
21           -3.0530721837E+01        3.071E-06        62.088
22           -3.0530721989E+01        9.247E-06        63.923
23           -3.0530722158E+01        5.597E-06        62.915
24           -3.0530722196E+01        6.273E-06        61.277
25           -3.0530722068E+01        1.602E-06        61.098
26           -3.0530721983E+01        3.358E-06        61.066
27           -3.0530721984E+01        4.552E-07        61.057
Total number of SCF: 27    

k = [-0.250, -0.250, 0.000]
Occupation of state 208 = 0.000000000001015.
Occupation of state 231 = 0.000000000000000.
Exx outer loop error: 1.4697674321e-04 

No.7 Exx outer loop: 
1            -3.0530725159E+01        4.075E-04        63.929
2            -3.0530721669E+01        2.242E-04        61.670
3            -3.0530764705E+01        2.394E-04        61.781
4            -3.0530788171E+01        1.089E-04        61.220
5            -3.0530763948E+01        2.267E-04        61.601
6            -3.0530765241E+01        7.916E-05        61.445
7            -3.0530763370E+01        1.991E-04        61.713
8            -3.0530762741E+01        1.614E-04        61.281
9            -3.0530762027E+01        2.007E-04        61.198
10           -3.0530763800E+01        2.216E-04        61.922
11           -3.0530763682E+01        2.198E-04        61.475
12           -3.0530756956E+01        1.130E-04        61.502
13           -3.0530745198E+01        1.248E-04        61.268
14           -3.0530740567E+01        7.133E-05        61.548
15           -3.0530734168E+01        3.898E-05        61.546
16           -3.0530733589E+01        4.352E-05        61.870
17           -3.0530730166E+01        4.141E-05        61.990
18           -3.0530727995E+01        1.989E-05        61.626
19           -3.0530725264E+01        3.149E-05        61.594
20           -3.0530725554E+01        4.736E-06        61.185
21           -3.0530724309E+01        3.021E-05        60.984
22           -3.0530723512E+01        3.870E-05        61.003
23           -3.0530722975E+01        2.843E-05        60.877
24           -3.0530722404E+01        1.392E-05        62.421
25           -3.0530722176E+01        2.807E-06        63.597
26           -3.0530722255E+01        1.855E-06        63.093
27           -3.0530722714E+01        1.898E-06        61.181
28           -3.0530722899E+01        4.035E-06        61.086
29           -3.0530722731E+01        2.037E-06        61.240
30           -3.0530722619E+01        1.012E-06        61.944
31           -3.0530722534E+01        4.747E-07        61.205
Total number of SCF: 31    

k = [-0.250, -0.250, 0.000]
Occupation of state 208 = 0.000000000000878.
Occupation of state 231 = 0.000000000000000.
Exx outer loop error: 4.9762415664e-05 
====================================================================
                    Energy and force calculation                    
====================================================================
Free energy per atom               : -3.0530722239E+01 (Ha/atom)
Total free energy                  : -1.4349439452E+03 (Ha)
Band structure energy              : -3.6891812671E+02 (Ha)
Exchange correlation energy        : -1.6188708171E+02 (Ha)
Self and correction energy         : -1.8852390062E+03 (Ha)
Entropy*kb*T                       : -9.8630218056E-03 (Ha)
Fermi level                        : -1.6768706582E-01 (Ha)
RMS force                          :  1.9959179159E-02 (Ha/Bohr)
Maximum force                      :  1.0422528549E-01 (Ha/Bohr)
Time for force calculation         :  0.933 (sec)
***************************************************************************
                               Timing info                                 
***************************************************************************
Total walltime                     :  39997.742 sec
___________________________________________________________________________

***************************************************************************
*             Material Physics & Mechanics Group, Georgia Tech            *
*                       PI: Phanish Suryanarayana                         *
*                Main Developers: Qimen Xu, Abhiraj Sharma                *
*     Collaborators: J.E. Pask (LLNL), A.J. Medford (GT), E. Chow (GT)    *
*  Acknowledgements: U.S. DOE (DE-SC0019410); U.S. NSF (1333500,1553212)  *
***************************************************************************
                                                                           
