***************************************************************************
*                       SPARC (version Nov 19, 2021)                      *
*   Copyright (c) 2020 Material Physics & Mechanics Group, Georgia Tech   *
*           Distributed under GNU General Public License 3 (GPL)          *
*                   Start time: Wed Nov 24 09:31:50 2021                  *
***************************************************************************
                           Input parameters                                
***************************************************************************
CELL: 12.4338823950489 11.2657846029438 47.5378507412217 
LATVEC:
1.000000000000000 0.000000000000000 0.000000000000000 
-0.000130020950961 0.999999991547276 0.000000000000000 
0.000000000000000 -0.000000000000000 1.000000000000000 
FD_GRID: 66 60 252
FD_ORDER: 12
BC: P P D
KPOINT_GRID: 1 1 1
KPOINT_SHIFT: 0 0 0
SPIN_TYP: 0
ELEC_TEMP_TYPE: Gaussian
SMEARING: 0.007349864435
CHEB_DEGREE: 37
NSTATES: 237
EXCHANGE_CORRELATION: HSE
CALC_STRESS: 0
CALC_PRES: 0
CHEFSI_BOUND_FLAG: 0
MAXIT_SCF: 100
MINIT_SCF: 3
MAXIT_POISSON: 3000
TOL_SCF: 1.00E-06
POISSON_SOLVER: AAR
TOL_POISSON: 1.00E-08
TOL_LANCZOS: 1.00E-02
TOL_PSEUDOCHARGE: 1.00E-08
MIXING_VARIABLE: density
MIXING_PRECOND: kerker
TOL_PRECOND: 3.54E-05
PRECOND_KERKER_KTF: 1
PRECOND_KERKER_THRESH: 0.1
MIXING_PARAMETER: 0.3
MIXING_HISTORY: 7
PULAY_FREQUENCY: 1
PULAY_RESTART: 0
REFERENCE_CUTOFF: 0.5
RHO_TRIGGER: 4
FIX_RAND: 0
VERBOSITY: 1
PRINT_FORCES: 1
PRINT_ATOMS: 1
PRINT_EIGEN: 1
PRINT_DENSITY: 0
PRINT_ENERGY_DENSITY: 0
TOL_FOCK: 5.00E-05
TOL_SCF_INIT: 1.00E-04
MAXIT_FOCK: 1000
EXX_METHOD: FOURIER_SPACE
EXX_DIVERGENCE: AUXILIARY
ACE_FLAG: 1
EXX_ACE_MEM: 1
EXX_ACE_VALENCE_STATES: 10000
EXX_DOWNSAMPLING: 1 1 1
EXX_RANGE_FOCK: 0.106000
EXX_RANGE_PBE: 0.106000
OUTPUT_FILE: sprc-calc
***************************************************************************
                                Cell                                       
***************************************************************************
Lattice vectors (Bohr):
12.433882395048860 0.000000000000000 0.000000000000000 
-0.001464788027397 11.265784507717260 0.000000000000000 
0.000000000000000 -0.000000000000000 47.537850741221725 
Volume                  :  6.6589804186E+03 (Bohr^3)
***************************************************************************
                           Parallelization                                 
***************************************************************************
NP_SPIN_PARAL: 1
NP_KPOINT_PARAL: 1
NP_BAND_PARAL: 1
NP_DOMAIN_PARAL: 4 4 21
NP_DOMAIN_PHI_PARAL: 4 4 21
EIG_SERIAL_MAXNS: 1500
***************************************************************************
                             Initialization                                
***************************************************************************
Number of processors               :  336
Mesh spacing in x-direction        :  0.188392 (Bohr)
Mesh spacing in y-direction        :  0.187763 (Bohr)
Mesh spacing in z direction        :  0.188642 (Bohr)
Number of symmetry adapted k-points:  1
Output printed to                  :  sprc-calc.out
Final eigenvalues printed to       :  sprc-calc.eigen
Total number of atom types         :  3
Total number of atoms              :  49
Total number of electrons          :  388
Atom type 1  (valence electrons)   :  N 5
Pseudopotential                    :  N.psp8
Pseudocharge radii of atom type 1  :  6.78 6.76 6.79 (x, y, z dir)
Number of atoms of type 1          :  2
Atom type 2  (valence electrons)   :  O 6
Pseudopotential                    :  O.psp8
Pseudocharge radii of atom type 2  :  6.78 6.76 6.79 (x, y, z dir)
Number of atoms of type 2          :  31
Atom type 3  (valence electrons)   :  Ti 12
Pseudopotential                    :  Ti.psp8
Pseudocharge radii of atom type 3  :  6.78 6.76 6.79 (x, y, z dir)
Number of atoms of type 3          :  16
Estimated total memory usage       :  21.22 GB
Estimated memory per processor     :  64.66 MB
===================================================================
                    Self Consistent Field (SCF#1)                     
===================================================================
Iteration     Free Energy (Ha/atom)   SCF Error        Timing (sec)
1            -3.0053909271E+01        1.420E-01        13.837
2            -2.9936838156E+01        5.780E-02        3.740
3            -2.9904850914E+01        3.862E-02        3.812
4            -2.9914135557E+01        2.622E-02        3.814
5            -2.9922164592E+01        2.376E-02        3.796
6            -2.9920625207E+01        1.532E-02        3.872
7            -2.9914334837E+01        8.473E-03        3.787
8            -2.9913182692E+01        5.213E-03        3.823
9            -2.9912083302E+01        8.005E-03        3.843
10           -2.9911119196E+01        3.237E-03        3.674
11           -2.9910320085E+01        1.867E-03        3.830
12           -2.9909683832E+01        1.074E-03        3.648
13           -2.9909440385E+01        7.137E-04        3.791
14           -2.9909271065E+01        6.647E-04        3.676
15           -2.9909149663E+01        4.131E-04        3.757
16           -2.9909085715E+01        2.680E-04        3.759
17           -2.9908997811E+01        1.832E-04        3.759
18           -2.9908884399E+01        1.297E-04        3.632
19           -2.9908851012E+01        1.000E-04        4.292
20           -2.9908815370E+01        6.580E-05        3.148
Total number of SCF: 20    

k = [0.000, 0.000, 0.000]
Occupation of state 213 = 0.000000000006677.
Occupation of state 237 = 0.000000000000000.

No.1 Exx outer loop: 
1            -2.9698855212E+01        1.403E-02        4.628
2            -2.9690946954E+01        1.867E-02        4.572
3            -2.9691406195E+01        1.307E-02        4.383
4            -2.9694481423E+01        9.684E-03        4.569
5            -2.9696241695E+01        6.092E-03        4.408
6            -2.9698163603E+01        4.307E-03        4.407
7            -2.9701047760E+01        2.018E-03        4.640
8            -2.9701073891E+01        1.753E-03        4.265
9            -2.9701145133E+01        1.228E-03        4.694
10           -2.9701459621E+01        5.925E-04        4.555
11           -2.9701387937E+01        5.220E-04        4.605
12           -2.9701216984E+01        4.547E-04        4.975
13           -2.9701114240E+01        2.886E-04        4.419
14           -2.9700994662E+01        3.189E-04        4.299
15           -2.9700984223E+01        2.044E-04        4.541
16           -2.9700967200E+01        1.355E-04        4.389
17           -2.9700932153E+01        2.838E-04        4.303
18           -2.9700927894E+01        1.808E-04        4.462
19           -2.9700903418E+01        2.456E-04        4.203
20           -2.9700900087E+01        2.163E-04        4.300
21           -2.9700904449E+01        1.074E-04        4.283
22           -2.9700901227E+01        4.155E-05        4.328
23           -2.9700899412E+01        4.206E-05        4.368
24           -2.9700887213E+01        5.781E-05        4.242
25           -2.9700883824E+01        2.224E-05        4.294
26           -2.9700880937E+01        1.093E-05        4.210
27           -2.9700881426E+01        4.549E-05        4.188
28           -2.9700882759E+01        1.192E-05        4.080
29           -2.9700883402E+01        9.163E-06        4.163
30           -2.9700882773E+01        8.467E-06        4.872
31           -2.9700882520E+01        8.094E-06        4.063
32           -2.9700882621E+01        2.194E-06        4.113
33           -2.9700882385E+01        4.734E-06        3.983
34           -2.9700882355E+01        2.911E-06        3.999
35           -2.9700882485E+01        4.569E-06        3.974
36           -2.9700882520E+01        3.796E-06        4.850
37           -2.9700882456E+01        4.489E-06        4.048
38           -2.9700882512E+01        2.276E-06        4.153
39           -2.9700882311E+01        4.972E-06        4.107
40           -2.9700882346E+01        2.580E-06        4.041
41           -2.9700882435E+01        1.514E-06        3.963
42           -2.9700882418E+01        9.194E-07        4.468
Total number of SCF: 42    

k = [0.000, 0.000, 0.000]
Occupation of state 213 = 0.000000000000000.
Occupation of state 237 = 0.000000000000000.
Exx outer loop error: 6.4812160371e-01 

No.2 Exx outer loop: 
1            -2.9701167521E+01        3.042E-03        4.527
2            -2.9700542494E+01        5.819E-03        4.499
3            -2.9700847857E+01        6.104E-03        4.597
4            -2.9701065491E+01        8.829E-03        4.492
5            -2.9701024363E+01        4.006E-03        4.515
6            -2.9701121033E+01        4.691E-03        4.511
7            -2.9701120136E+01        1.943E-03        4.246
8            -2.9701392708E+01        2.529E-03        4.415
9            -2.9701453768E+01        1.983E-03        4.430
10           -2.9701373846E+01        2.518E-03        4.324
11           -2.9701323758E+01        1.118E-03        4.271
12           -2.9701310142E+01        7.853E-04        4.336
13           -2.9701257020E+01        6.316E-04        4.322
14           -2.9701243064E+01        4.212E-04        4.299
15           -2.9701225587E+01        1.899E-04        4.333
16           -2.9701228604E+01        9.192E-05        4.258
17           -2.9701209853E+01        4.822E-05        5.079
18           -2.9701193607E+01        3.508E-05        4.917
19           -2.9701190061E+01        3.000E-05        4.337
20           -2.9701182883E+01        1.808E-05        4.219
21           -2.9701181936E+01        1.559E-05        4.247
22           -2.9701180141E+01        9.518E-06        4.311
23           -2.9701174568E+01        6.809E-06        4.273
24           -2.9701171372E+01        3.581E-06        4.018
25           -2.9701172069E+01        5.061E-06        4.177
26           -2.9701171494E+01        3.355E-06        4.179
27           -2.9701171080E+01        3.692E-06        4.234
28           -2.9701171786E+01        2.871E-06        4.123
29           -2.9701170837E+01        7.403E-06        4.130
30           -2.9701170865E+01        8.541E-06        4.231
31           -2.9701171468E+01        4.662E-06        5.008
32           -2.9701170983E+01        9.691E-07        4.012
Total number of SCF: 32    

k = [0.000, 0.000, 0.000]
Occupation of state 213 = 0.000000000000000.
Occupation of state 237 = 0.000000000000000.
Exx outer loop error: 1.2368691779e-02 

No.3 Exx outer loop: 
1            -2.9701191241E+01        1.927E-03        4.640
2            -2.9701195334E+01        5.272E-03        4.703
3            -2.9701181769E+01        4.415E-04        4.518
4            -2.9701147457E+01        1.631E-03        4.428
5            -2.9701178798E+01        7.056E-04        4.327
6            -2.9701256724E+01        1.721E-03        4.951
7            -2.9701276395E+01        3.784E-04        4.443
8            -2.9701281282E+01        2.229E-04        5.143
9            -2.9701255736E+01        2.121E-04        4.506
10           -2.9701206786E+01        4.163E-04        4.317
11           -2.9701199573E+01        1.380E-04        4.386
12           -2.9701193136E+01        1.121E-04        4.268
13           -2.9701193944E+01        6.855E-05        4.330
14           -2.9701193062E+01        6.487E-05        4.271
15           -2.9701191042E+01        2.636E-05        4.286
16           -2.9701187624E+01        7.672E-06        4.194
17           -2.9701185802E+01        4.201E-06        4.157
18           -2.9701184272E+01        1.267E-05        4.235
19           -2.9701185611E+01        3.676E-06        4.182
20           -2.9701185429E+01        7.398E-06        4.354
21           -2.9701185173E+01        1.628E-06        4.285
22           -2.9701184865E+01        6.094E-06        4.390
23           -2.9701184526E+01        3.531E-06        4.120
24           -2.9701184793E+01        1.340E-06        4.107
25           -2.9701184612E+01        2.829E-06        4.078
26           -2.9701184865E+01        2.233E-06        4.120
27           -2.9701185001E+01        1.108E-06        4.116
28           -2.9701184958E+01        2.351E-06        4.411
29           -2.9701185120E+01        1.366E-06        4.549
30           -2.9701185147E+01        7.815E-07        3.864
Total number of SCF: 30    

k = [0.000, 0.000, 0.000]
Occupation of state 213 = 0.000000000000000.
Occupation of state 237 = 0.000000000000000.
Exx outer loop error: 2.5161245595e-03 

No.4 Exx outer loop: 
1            -2.9701184256E+01        7.443E-04        4.617
2            -2.9701198350E+01        1.534E-03        4.371
3            -2.9701190115E+01        4.210E-04        4.083
4            -2.9701182034E+01        1.163E-04        4.198
5            -2.9701178365E+01        1.812E-04        4.434
6            -2.9701197445E+01        1.367E-04        4.276
7            -2.9701205550E+01        6.143E-05        4.294
8            -2.9701209359E+01        6.140E-05        4.346
9            -2.9701203322E+01        7.253E-05        4.306
10           -2.9701196220E+01        4.046E-05        4.868
11           -2.9701188453E+01        4.594E-06        4.105
12           -2.9701187599E+01        3.911E-06        4.229
13           -2.9701186198E+01        2.309E-06        4.278
14           -2.9701186012E+01        4.104E-06        4.223
15           -2.9701185272E+01        5.782E-06        4.846
16           -2.9701186126E+01        1.468E-06        4.003
17           -2.9701186085E+01        2.361E-06        4.027
18           -2.9701186278E+01        4.803E-06        4.062
19           -2.9701186130E+01        2.733E-06        4.057
20           -2.9701186144E+01        1.175E-06        4.046
21           -2.9701186315E+01        1.908E-06        3.928
22           -2.9701186298E+01        2.488E-06        3.919
23           -2.9701186287E+01        1.452E-06        3.960
24           -2.9701186362E+01        8.114E-07        3.804
Total number of SCF: 24    

k = [0.000, 0.000, 0.000]
Occupation of state 213 = 0.000000000000000.
Occupation of state 237 = 0.000000000000000.
Exx outer loop error: 8.6796335877e-04 

No.5 Exx outer loop: 
1            -2.9701183303E+01        4.126E-04        4.398
2            -2.9701193896E+01        8.527E-04        4.547
3            -2.9701211824E+01        2.357E-03        4.248
4            -2.9701202223E+01        1.957E-03        4.273
5            -2.9701193556E+01        1.331E-03        4.382
6            -2.9701187044E+01        1.024E-04        4.239
7            -2.9701188002E+01        2.368E-04        4.282
8            -2.9701193152E+01        3.557E-04        4.181
9            -2.9701193315E+01        5.279E-05        4.243
10           -2.9701195844E+01        1.560E-04        4.143
11           -2.9701193738E+01        2.485E-05        4.809
12           -2.9701192376E+01        2.863E-05        4.306
13           -2.9701189197E+01        6.207E-06        4.293
14           -2.9701188325E+01        7.070E-06        4.132
15           -2.9701187554E+01        3.805E-06        4.117
16           -2.9701187339E+01        3.785E-06        4.148
17           -2.9701186975E+01        5.393E-06        4.082
18           -2.9701186751E+01        3.928E-06        4.130
19           -2.9701186608E+01        4.029E-06        4.129
20           -2.9701186622E+01        5.111E-07        3.989
Total number of SCF: 20    

k = [0.000, 0.000, 0.000]
Occupation of state 213 = 0.000000000000000.
Occupation of state 237 = 0.000000000000000.
Exx outer loop error: 3.8887697724e-04 

No.6 Exx outer loop: 
1            -2.9701184226E+01        2.481E-04        4.495
2            -2.9701190736E+01        5.412E-04        4.709
3            -2.9701187890E+01        9.654E-05        4.225
4            -2.9701189811E+01        1.481E-04        4.286
5            -2.9701199003E+01        3.459E-05        4.291
6            -2.9701193735E+01        2.652E-05        4.278
7            -2.9701191317E+01        4.128E-05        4.260
8            -2.9701190180E+01        3.428E-05        4.147
9            -2.9701189776E+01        1.409E-05        4.052
10           -2.9701190334E+01        2.376E-05        4.106
11           -2.9701190622E+01        2.123E-05        4.346
12           -2.9701189992E+01        1.818E-05        4.803
13           -2.9701189223E+01        9.833E-06        4.460
14           -2.9701188935E+01        1.490E-05        4.198
15           -2.9701188558E+01        1.352E-05        4.266
16           -2.9701187997E+01        4.220E-06        4.208
17           -2.9701188105E+01        1.172E-05        4.142
18           -2.9701187677E+01        8.685E-06        4.149
19           -2.9701187208E+01        2.840E-06        4.080
20           -2.9701186971E+01        1.087E-06        4.160
21           -2.9701186877E+01        8.185E-07        3.883
Total number of SCF: 21    

k = [0.000, 0.000, 0.000]
Occupation of state 213 = 0.000000000000000.
Occupation of state 237 = 0.000000000000000.
Exx outer loop error: 2.5040281373e-04 

No.7 Exx outer loop: 
1            -2.9701185786E+01        1.179E-04        4.431
2            -2.9701187025E+01        1.399E-04        4.331
3            -2.9701188061E+01        1.845E-04        4.205
4            -2.9701190633E+01        2.355E-05        4.148
5            -2.9701189084E+01        4.701E-05        3.879
6            -2.9701188931E+01        2.029E-05        4.035
7            -2.9701188322E+01        1.692E-05        4.084
8            -2.9701188203E+01        9.285E-06        4.178
9            -2.9701188004E+01        6.082E-06        4.038
10           -2.9701187804E+01        9.296E-06        4.048
11           -2.9701187806E+01        3.808E-06        4.005
12           -2.9701187695E+01        6.533E-06        3.899
13           -2.9701187699E+01        5.994E-06        3.928
14           -2.9701187705E+01        9.085E-06        3.940
15           -2.9701187651E+01        8.985E-06        4.047
16           -2.9701187461E+01        3.471E-06        4.200
17           -2.9701187253E+01        5.868E-06        4.538
18           -2.9701187086E+01        4.448E-06        4.669
19           -2.9701186961E+01        1.820E-06        4.075
20           -2.9701186853E+01        5.890E-07        3.778
Total number of SCF: 20    

k = [0.000, 0.000, 0.000]
Occupation of state 213 = 0.000000000000000.
Occupation of state 237 = 0.000000000000000.
Exx outer loop error: 1.1978627775e-05 
====================================================================
                    Energy and force calculation                    
====================================================================
Free energy per atom               : -2.9701186301E+01 (Ha/atom)
Total free energy                  : -1.4553581288E+03 (Ha)
Band structure energy              : -3.7282907019E+02 (Ha)
Exchange correlation energy        : -1.6557057082E+02 (Ha)
Self and correction energy         : -1.9183770606E+03 (Ha)
Entropy*kb*T                       : -9.9635381140E-03 (Ha)
Fermi level                        : -1.6882943455E-01 (Ha)
RMS force                          :  2.4709021723E-02 (Ha/Bohr)
Maximum force                      :  1.1030150215E-01 (Ha/Bohr)
Time for force calculation         :  0.153 (sec)
***************************************************************************
                               Timing info                                 
***************************************************************************
Total walltime                     :  1072.687 sec
___________________________________________________________________________

***************************************************************************
*             Material Physics & Mechanics Group, Georgia Tech            *
*                       PI: Phanish Suryanarayana                         *
*                Main Developers: Qimen Xu, Abhiraj Sharma                *
*     Collaborators: J.E. Pask (LLNL), A.J. Medford (GT), E. Chow (GT)    *
*  Acknowledgements: U.S. DOE (DE-SC0019410); U.S. NSF (1333500,1553212)  *
***************************************************************************
                                                                           
