***************************************************************************
*                       SPARC (version Dec 27, 2021)                      *
*   Copyright (c) 2020 Material Physics & Mechanics Group, Georgia Tech   *
*           Distributed under GNU General Public License 3 (GPL)          *
*                   Start time: Sun Jan 16 20:54:17 2022                  *
***************************************************************************
                           Input parameters                                
***************************************************************************
CELL: 12.4338823950489 16.8986769044157 47.5378507412217 
LATVEC:
1.000000000000000 0.000000000000000 0.000000000000000 
-0.000130020950961 0.999999991547276 0.000000000000000 
0.000000000000000 -0.000000000000000 1.000000000000000 
FD_GRID: 66 89 252
FD_ORDER: 12
BC: P P D
KPOINT_GRID: 2 2 1
KPOINT_SHIFT: 0 0 0
SPIN_TYP: 1
ELEC_TEMP_TYPE: Gaussian
SMEARING: 0.007349864435
CHEB_DEGREE: 37
NSTATES: 261
EXCHANGE_CORRELATION: HSE
CALC_STRESS: 0
CALC_PRES: 0
CHEFSI_BOUND_FLAG: 0
MAXIT_SCF: 100
MINIT_SCF: 3
MAXIT_POISSON: 3000
TOL_SCF: 1.00E-06
POISSON_SOLVER: AAR
TOL_POISSON: 1.00E-08
TOL_LANCZOS: 1.00E-02
TOL_PSEUDOCHARGE: 1.00E-08
MIXING_VARIABLE: density
MIXING_PRECOND: kerker
MIXING_PRECOND_MAG: none
TOL_PRECOND: 3.57E-05
PRECOND_KERKER_KTF: 1
PRECOND_KERKER_THRESH: 0.1
MIXING_PARAMETER: 0.3
MIXING_PARAMETER_MAG: 0.3
MIXING_HISTORY: 7
PULAY_FREQUENCY: 1
PULAY_RESTART: 0
REFERENCE_CUTOFF: 0.5
RHO_TRIGGER: 4
FIX_RAND: 0
VERBOSITY: 1
PRINT_FORCES: 1
PRINT_ATOMS: 1
PRINT_EIGEN: 1
PRINT_DENSITY: 0
PRINT_ENERGY_DENSITY: 0
TOL_FOCK: 5.00E-05
TOL_SCF_INIT: 1.00E-04
MAXIT_FOCK: 1000
EXX_METHOD: FOURIER_SPACE
EXX_DIVERGENCE: AUXILIARY
ACE_FLAG: 1
EXX_ACE_MEM: 1
EXX_ACE_VALENCE_STATES: 10000
EXX_DOWNSAMPLING: 1 1 1
EXX_RANGE_FOCK: 0.106000
EXX_RANGE_PBE: 0.106000
OUTPUT_FILE: sprc-calc
***************************************************************************
                                Cell                                       
***************************************************************************
Lattice vectors (Bohr):
12.433882395048860 0.000000000000000 0.000000000000000 
-0.002197182041095 16.898676761575889 0.000000000000000 
0.000000000000000 -0.000000000000000 47.537850741221725 
Volume                  :  9.9884706279E+03 (Bohr^3)
***************************************************************************
                           Parallelization                                 
***************************************************************************
NP_SPIN_PARAL: 2
NP_KPOINT_PARAL: 4
NP_BAND_PARAL: 1
NP_DOMAIN_PARAL: 2 3 7
NP_DOMAIN_PHI_PARAL: 4 6 14
EIG_SERIAL_MAXNS: 1500
***************************************************************************
                             Initialization                                
***************************************************************************
Number of processors               :  336
Mesh spacing in x-direction        :  0.188392 (Bohr)
Mesh spacing in y-direction        :  0.189873 (Bohr)
Mesh spacing in z direction        :  0.188642 (Bohr)
Number of symmetry adapted k-points:  4
Output printed to                  :  sprc-calc.out
Final eigenvalues printed to       :  sprc-calc.eigen
Total number of atom types         :  3
Total number of atoms              :  55
Total number of electrons          :  428
Atom type 1  (valence electrons)   :  H 1
Pseudopotential                    :  H.psp8
Pseudocharge radii of atom type 1  :  3.77 3.80 3.77 (x, y, z dir)
Number of atoms of type 1          :  2
Atom type 2  (valence electrons)   :  O 6
Pseudopotential                    :  O.psp8
Pseudocharge radii of atom type 2  :  6.78 6.84 6.79 (x, y, z dir)
Number of atoms of type 2          :  35
Atom type 3  (valence electrons)   :  Ti 12
Pseudopotential                    :  Ti.psp8
Pseudocharge radii of atom type 3  :  6.78 6.84 6.79 (x, y, z dir)
Number of atoms of type 3          :  18
Estimated total memory usage       :  308.36 GB
Estimated memory per processor     :  939.77 MB
========================================================================================
                    Self Consistent Field (SCF#1)                     
========================================================================================
Iteration     Free Energy (Ha/atom)    Magnetization     SCF Error        Timing (sec)
1            -2.9510840861E+01         1.3030E+00        4.746E-01        224.159
2            -3.0082592832E+01         4.3391E+00        3.906E-01        56.335
3            -2.9813305237E+01         3.1580E+00        2.986E-01        59.142
4            -2.9965886667E+01         7.5473E+00        2.228E-01        59.301
5            -3.0047259148E+01        -1.9438E+00        1.860E-01        60.742
6            -3.0097432627E+01         8.7890E-01        1.286E-01        68.508
7            -3.0118758972E+01         3.9308E-01        9.433E-02        63.992
8            -3.0118362791E+01         7.3748E-01        7.633E-02        57.887
9            -3.0107747125E+01         1.5209E-01        6.750E-02        57.638
10           -3.0079952701E+01        -5.6555E-01        5.586E-02        76.732
11           -3.0010069904E+01        -1.9858E+00        6.183E-02        68.471
12           -2.9988263664E+01        -1.8728E+00        4.748E-02        85.903
13           -2.9944467049E+01        -1.9291E+00        3.751E-02        76.070
14           -2.9887545743E+01        -2.3209E+00        3.267E-02        56.713
15           -2.9833102367E+01        -2.4285E+00        2.477E-02        56.766
16           -2.9781313050E+01        -2.6936E+00        2.004E-02        56.429
17           -2.9758438663E+01        -2.8552E+00        1.958E-02        56.630
18           -2.9720063511E+01        -3.2026E+00        1.655E-02        56.865
19           -2.9699931076E+01        -3.2141E+00        1.328E-02        63.477
20           -2.9675560528E+01        -3.5683E+00        1.085E-02        66.727
21           -2.9663693549E+01        -3.5864E+00        9.333E-03        61.358
22           -2.9652903048E+01        -3.6907E+00        8.357E-03        57.356
23           -2.9637064106E+01        -3.7075E+00        9.115E-03        56.731
24           -2.9633980551E+01        -3.7436E+00        8.293E-03        56.661
25           -2.9622184947E+01        -3.7895E+00        5.814E-03        58.195
26           -2.9623129718E+01        -3.7608E+00        4.870E-03        57.874
27           -2.9617643904E+01        -3.7791E+00        3.596E-03        58.590
28           -2.9618229254E+01        -3.7360E+00        2.747E-03        68.878
29           -2.9616144380E+01        -3.6928E+00        2.365E-03        56.393
30           -2.9615135662E+01        -3.6615E+00        2.156E-03        56.352
31           -2.9616888142E+01        -3.6970E+00        1.624E-03        56.429
32           -2.9614738741E+01        -3.6656E+00        9.095E-04        56.543
33           -2.9614459308E+01        -3.6596E+00        6.855E-04        56.938
34           -2.9613929807E+01        -3.6448E+00        4.844E-04        56.254
35           -2.9613749419E+01        -3.6522E+00        3.701E-04        56.343
36           -2.9613673406E+01        -3.6433E+00        3.324E-04        56.135
37           -2.9613661328E+01        -3.6500E+00        3.366E-04        57.087
38           -2.9613517236E+01        -3.6472E+00        1.317E-04        56.293
39           -2.9613463104E+01        -3.6476E+00        1.130E-04        56.287
40           -2.9613419325E+01        -3.6479E+00        1.001E-04        56.247
41           -2.9613414580E+01        -3.6455E+00        1.195E-04        56.312
42           -2.9613381980E+01        -3.6451E+00        6.011E-05        55.681
Total number of SCF: 42    

k = [0.000, 0.000, 0.000]
Occupation of state 235 = 0.000000000000007.
Occupation of state 261 = 0.000000000000000.

No.1 Exx outer loop: 
1            -2.9406771638E+01        -3.9978E+00        1.552E-02        78.796
2            -2.9399463051E+01        -3.9765E+00        1.346E-02        76.250
3            -2.9403087716E+01        -3.9932E+00        9.575E-03        76.567
4            -2.9408374571E+01        -3.9940E+00        5.502E-03        76.202
5            -2.9410384779E+01        -3.9966E+00        4.426E-03        75.756
6            -2.9411486501E+01        -3.9945E+00        3.489E-03        76.081
7            -2.9410383774E+01        -3.9932E+00        2.351E-03        87.402
8            -2.9409629600E+01        -3.9871E+00        1.173E-03        78.011
9            -2.9409135036E+01        -3.9873E+00        6.408E-04        77.382
10           -2.9409112846E+01        -3.9880E+00        4.307E-04        76.594
11           -2.9408858585E+01        -3.9870E+00        3.407E-04        76.743
12           -2.9408849710E+01        -3.9884E+00        2.737E-04        106.012
13           -2.9408713212E+01        -3.9881E+00        1.798E-04        77.614
14           -2.9408638206E+01        -3.9875E+00        1.203E-04        77.857
15           -2.9408608389E+01        -3.9886E+00        1.886E-04        75.765
16           -2.9408606642E+01        -3.9887E+00        1.785E-04        75.694
17           -2.9408616463E+01        -3.9904E+00        3.916E-04        76.597
18           -2.9408617665E+01        -3.9908E+00        4.783E-04        79.538
19           -2.9408581718E+01        -3.9908E+00        4.186E-04        76.600
20           -2.9408558765E+01        -3.9891E+00        1.134E-04        76.000
21           -2.9408533995E+01        -3.9884E+00        5.062E-05        75.976
22           -2.9408502722E+01        -3.9884E+00        4.532E-05        76.119
23           -2.9408487778E+01        -3.9884E+00        3.241E-05        75.851
24           -2.9408480078E+01        -3.9884E+00        2.365E-05        75.701
25           -2.9408462431E+01        -3.9884E+00        1.837E-05        75.665
26           -2.9408452380E+01        -3.9884E+00        2.141E-05        75.656
27           -2.9408449791E+01        -3.9884E+00        1.698E-05        75.887
28           -2.9408449256E+01        -3.9884E+00        1.428E-05        75.585
29           -2.9408446704E+01        -3.9883E+00        8.275E-06        75.698
30           -2.9408448151E+01        -3.9884E+00        6.401E-06        75.654
31           -2.9408446683E+01        -3.9883E+00        2.827E-06        76.294
32           -2.9408445880E+01        -3.9883E+00        2.615E-06        75.420
33           -2.9408445519E+01        -3.9883E+00        1.749E-06        75.550
34           -2.9408444714E+01        -3.9883E+00        1.205E-06        75.910
35           -2.9408444524E+01        -3.9883E+00        2.880E-06        75.834
36           -2.9408444615E+01        -3.9884E+00        1.009E-06        75.665
37           -2.9408444532E+01        -3.9883E+00        7.203E-07        78.130
Total number of SCF: 37    

k = [0.000, 0.000, 0.000]
Occupation of state 235 = 0.000000000000000.
Occupation of state 261 = 0.000000000000000.
Exx outer loop error: 6.5300556875e-01 

No.2 Exx outer loop: 
1            -2.9408965179E+01        -3.9989E+00        4.414E-03        78.808
2            -2.9408322478E+01        -3.9958E+00        2.667E-03        80.993
3            -2.9408874092E+01        -3.9980E+00        1.691E-03        78.221
4            -2.9409228633E+01        -3.9979E+00        1.673E-03        84.814
5            -2.9409498564E+01        -3.9961E+00        6.197E-04        80.132
6            -2.9409351183E+01        -3.9961E+00        4.278E-04        75.748
7            -2.9409172999E+01        -3.9958E+00        2.324E-04        75.828
8            -2.9409098194E+01        -3.9962E+00        1.669E-04        84.684
9            -2.9409065268E+01        -3.9962E+00        1.182E-04        75.720
10           -2.9409027329E+01        -3.9963E+00        8.286E-05        76.489
11           -2.9408993008E+01        -3.9963E+00        6.355E-05        75.667
12           -2.9408948366E+01        -3.9963E+00        4.665E-05        75.947
13           -2.9408927920E+01        -3.9963E+00        4.121E-05        75.711
14           -2.9408914684E+01        -3.9963E+00        3.653E-05        75.763
15           -2.9408888901E+01        -3.9963E+00        2.922E-05        76.255
16           -2.9408876643E+01        -3.9963E+00        2.063E-05        76.244
17           -2.9408862945E+01        -3.9963E+00        1.417E-05        75.702
18           -2.9408865090E+01        -3.9963E+00        1.124E-05        75.625
19           -2.9408861609E+01        -3.9963E+00        8.265E-06        75.799
20           -2.9408854376E+01        -3.9963E+00        5.232E-06        76.354
21           -2.9408855071E+01        -3.9963E+00        4.144E-06        76.108
22           -2.9408851978E+01        -3.9963E+00        2.462E-06        76.083
23           -2.9408853393E+01        -3.9963E+00        1.424E-06        75.804
24           -2.9408853636E+01        -3.9963E+00        9.118E-07        75.602
Total number of SCF: 24    

k = [0.000, 0.000, 0.000]
Occupation of state 235 = 0.000000000000000.
Occupation of state 261 = 0.000000000000000.
Exx outer loop error: 1.3242714515e-02 

No.3 Exx outer loop: 
1            -2.9408989199E+01        -3.9971E+00        2.260E-03        78.673
2            -2.9408933699E+01        -3.9964E+00        1.370E-03        76.406
3            -2.9409140380E+01        -3.9947E+00        1.115E-03        76.409
4            -2.9409561483E+01        -3.9961E+00        6.785E-04        76.283
5            -2.9409153307E+01        -3.9963E+00        2.086E-04        76.412
6            -2.9409042362E+01        -3.9962E+00        1.649E-04        80.609
7            -2.9409075679E+01        -3.9961E+00        1.022E-04        77.875
8            -2.9409051715E+01        -3.9961E+00        7.056E-05        86.668
9            -2.9409025164E+01        -3.9962E+00        5.150E-05        76.976
10           -2.9408998536E+01        -3.9964E+00        8.813E-05        76.148
11           -2.9408990293E+01        -3.9963E+00        6.653E-05        76.729
12           -2.9408979163E+01        -3.9963E+00        3.189E-05        76.129
13           -2.9408971918E+01        -3.9961E+00        4.626E-05        103.616
14           -2.9408963910E+01        -3.9960E+00        7.859E-05        76.281
15           -2.9408970404E+01        -3.9960E+00        7.558E-05        75.902
16           -2.9408952536E+01        -3.9960E+00        6.883E-05        76.376
17           -2.9408943575E+01        -3.9961E+00        3.669E-05        75.851
18           -2.9408929139E+01        -3.9960E+00        2.749E-05        76.041
19           -2.9408925603E+01        -3.9961E+00        8.116E-06        76.144
20           -2.9408923719E+01        -3.9961E+00        5.747E-06        75.889
21           -2.9408920536E+01        -3.9961E+00        4.190E-06        75.676
22           -2.9408918416E+01        -3.9961E+00        2.961E-06        75.671
23           -2.9408915719E+01        -3.9961E+00        2.136E-06        76.407
24           -2.9408915065E+01        -3.9961E+00        3.320E-06        75.573
25           -2.9408914326E+01        -3.9961E+00        1.148E-06        76.073
26           -2.9408914636E+01        -3.9961E+00        1.246E-06        83.581
27           -2.9408914674E+01        -3.9961E+00        6.329E-07        76.539
Total number of SCF: 27    

k = [0.000, 0.000, 0.000]
Occupation of state 235 = 0.000000000000000.
Occupation of state 261 = 0.000000000000000.
Exx outer loop error: 2.3060275020e-03 

No.4 Exx outer loop: 
1            -2.9408970349E+01        -3.9962E+00        1.329E-03        83.486
2            -2.9408975796E+01        -3.9965E+00        8.136E-04        77.155
3            -2.9409203429E+01        -3.9960E+00        5.324E-04        76.960
4            -2.9409302178E+01        -3.9956E+00        5.087E-04        78.052
5            -2.9409111078E+01        -3.9961E+00        1.519E-04        80.123
6            -2.9409089603E+01        -3.9962E+00        9.594E-05        92.108
7            -2.9409067077E+01        -3.9963E+00        6.334E-05        86.421
8            -2.9409041973E+01        -3.9963E+00        5.253E-05        78.514
9            -2.9409014320E+01        -3.9962E+00        6.379E-05        78.238
10           -2.9408991287E+01        -3.9962E+00        5.927E-05        77.312
11           -2.9408983858E+01        -3.9962E+00        4.158E-05        76.675
12           -2.9408964880E+01        -3.9962E+00        1.857E-05        102.025
13           -2.9408957150E+01        -3.9963E+00        2.391E-05        76.350
14           -2.9408953517E+01        -3.9963E+00        1.108E-05        75.953
15           -2.9408949764E+01        -3.9963E+00        1.124E-05        75.858
16           -2.9408947432E+01        -3.9963E+00        8.602E-06        76.310
17           -2.9408944886E+01        -3.9963E+00        6.905E-06        76.466
18           -2.9408941144E+01        -3.9963E+00        4.725E-06        75.792
19           -2.9408941431E+01        -3.9963E+00        3.239E-06        75.506
20           -2.9408941528E+01        -3.9963E+00        2.450E-06        75.612
21           -2.9408941260E+01        -3.9963E+00        3.331E-06        75.949
22           -2.9408940222E+01        -3.9963E+00        1.677E-06        85.484
23           -2.9408939114E+01        -3.9963E+00        2.460E-06        78.496
24           -2.9408938809E+01        -3.9963E+00        1.053E-06        77.616
25           -2.9408937994E+01        -3.9963E+00        8.249E-07        75.906
Total number of SCF: 25    

k = [0.000, 0.000, 0.000]
Occupation of state 235 = 0.000000000000000.
Occupation of state 261 = 0.000000000000000.
Exx outer loop error: 1.2401408691e-04 

No.5 Exx outer loop: 
1            -2.9408963025E+01        -3.9966E+00        8.645E-04        78.575
2            -2.9408972665E+01        -3.9969E+00        5.115E-04        76.408
3            -2.9409462275E+01        -3.9952E+00        8.967E-04        76.776
4            -2.9409302346E+01        -3.9968E+00        4.531E-04        76.058
5            -2.9409320651E+01        -3.9969E+00        3.526E-04        87.052
6            -2.9409178057E+01        -3.9966E+00        2.760E-04        82.299
7            -2.9409082127E+01        -3.9974E+00        3.218E-04        77.896
8            -2.9409032890E+01        -3.9971E+00        6.744E-05        76.738
9            -2.9409018599E+01        -3.9971E+00        7.072E-05        76.485
10           -2.9409000548E+01        -3.9970E+00        7.726E-05        103.997
11           -2.9408988877E+01        -3.9969E+00        5.450E-05        76.901
12           -2.9408977336E+01        -3.9969E+00        3.471E-05        75.681
13           -2.9408969577E+01        -3.9969E+00        2.104E-05        76.584
14           -2.9408960497E+01        -3.9969E+00        1.742E-05        75.765
15           -2.9408954548E+01        -3.9969E+00        6.618E-06        75.674
16           -2.9408950668E+01        -3.9969E+00        5.061E-06        75.684
17           -2.9408949594E+01        -3.9969E+00        4.418E-06        75.653
18           -2.9408948372E+01        -3.9969E+00        3.374E-06        75.768
19           -2.9408947825E+01        -3.9969E+00        2.719E-06        75.807
20           -2.9408947527E+01        -3.9969E+00        1.666E-06        75.685
21           -2.9408947073E+01        -3.9969E+00        1.228E-06        75.851
22           -2.9408946446E+01        -3.9969E+00        8.986E-07        75.223
Total number of SCF: 22    

k = [0.000, 0.000, 0.000]
Occupation of state 235 = 0.000000000000000.
Occupation of state 261 = 0.000000000000000.
Exx outer loop error: 1.1300308254e-03 

No.6 Exx outer loop: 
1            -2.9408957744E+01        -3.9972E+00        5.970E-04        79.077
2            -2.9408965805E+01        -3.9973E+00        3.470E-04        76.419
3            -2.9409000348E+01        -3.9972E+00        2.637E-04        75.826
4            -2.9409077843E+01        -3.9972E+00        1.088E-04        76.820
5            -2.9409020266E+01        -3.9973E+00        4.181E-05        144.516
6            -2.9408996726E+01        -3.9973E+00        4.301E-05        155.262
7            -2.9408983184E+01        -3.9973E+00        3.788E-05        120.506
8            -2.9408973604E+01        -3.9974E+00        2.479E-05        125.586
9            -2.9408967820E+01        -3.9974E+00        1.284E-05        99.894
10           -2.9408962441E+01        -3.9974E+00        9.960E-06        94.499
11           -2.9408959639E+01        -3.9974E+00        6.232E-06        96.394
12           -2.9408958554E+01        -3.9974E+00        5.619E-06        107.775
13           -2.9408957215E+01        -3.9974E+00        4.163E-06        100.550
14           -2.9408954785E+01        -3.9974E+00        3.337E-06        103.635
15           -2.9408953003E+01        -3.9974E+00        4.288E-06        98.921
16           -2.9408952785E+01        -3.9974E+00        3.114E-06        134.842
17           -2.9408952136E+01        -3.9974E+00        1.841E-06        125.272
18           -2.9408951315E+01        -3.9974E+00        3.139E-06        128.449
19           -2.9408951282E+01        -3.9974E+00        1.059E-06        142.265
20           -2.9408950982E+01        -3.9974E+00        6.398E-07        92.549
Total number of SCF: 20    

k = [0.000, 0.000, 0.000]
Occupation of state 235 = 0.000000000000000.
Occupation of state 261 = 0.000000000000000.
Exx outer loop error: 7.8046541943e-04 

No.7 Exx outer loop: 
1            -2.9408957001E+01        -3.9977E+00        4.269E-04        78.858
2            -2.9408961986E+01        -3.9977E+00        2.503E-04        77.068
3            -2.9409002121E+01        -3.9978E+00        1.936E-04        76.112
4            -2.9408963518E+01        -3.9978E+00        5.230E-05        76.462
5            -2.9408961478E+01        -3.9978E+00        5.514E-05        75.903
6            -2.9408962513E+01        -3.9978E+00        2.808E-05        76.070
7            -2.9408955667E+01        -3.9978E+00        9.462E-06        75.666
8            -2.9408953511E+01        -3.9978E+00        4.334E-06        76.242
9            -2.9408954091E+01        -3.9978E+00        3.443E-06        80.182
10           -2.9408954161E+01        -3.9978E+00        2.065E-06        76.548
11           -2.9408953808E+01        -3.9978E+00        1.508E-06        76.072
12           -2.9408953422E+01        -3.9978E+00        1.317E-06        75.524
13           -2.9408953077E+01        -3.9978E+00        1.111E-06        75.908
14           -2.9408953045E+01        -3.9978E+00        1.113E-06        76.975
15           -2.9408953037E+01        -3.9978E+00        4.634E-07        75.508
Total number of SCF: 15    

k = [0.000, 0.000, 0.000]
Occupation of state 235 = 0.000000000000000.
Occupation of state 261 = 0.000000000000000.
Exx outer loop error: 4.4161465662e-04 

No.8 Exx outer loop: 
1            -2.9408956077E+01        -3.9980E+00        3.188E-04        80.514
2            -2.9408959363E+01        -3.9980E+00        1.836E-04        76.706
3            -2.9408977222E+01        -3.9980E+00        1.108E-04        76.558
4            -2.9408996421E+01        -3.9981E+00        2.416E-04        76.510
5            -2.9408988836E+01        -3.9981E+00        1.352E-04        76.173
6            -2.9408989472E+01        -3.9979E+00        7.175E-05        76.212
7            -2.9408985219E+01        -3.9980E+00        7.216E-05        76.118
8            -2.9408985303E+01        -3.9980E+00        8.407E-05        76.075
9            -2.9408977834E+01        -3.9980E+00        4.152E-05        76.246
10           -2.9408972485E+01        -3.9980E+00        3.166E-05        76.759
11           -2.9408965833E+01        -3.9980E+00        1.978E-05        76.707
12           -2.9408963330E+01        -3.9980E+00        1.174E-05        76.290
13           -2.9408961390E+01        -3.9981E+00        5.948E-06        82.815
14           -2.9408960994E+01        -3.9981E+00        4.863E-06        84.872
15           -2.9408959660E+01        -3.9981E+00        3.225E-06        92.107
16           -2.9408958378E+01        -3.9981E+00        2.576E-06        82.879
17           -2.9408957459E+01        -3.9981E+00        1.964E-06        79.039
18           -2.9408955339E+01        -3.9981E+00        2.041E-06        102.273
19           -2.9408954499E+01        -3.9981E+00        1.408E-06        110.538
20           -2.9408954228E+01        -3.9981E+00        7.344E-07        100.127
Total number of SCF: 20    

k = [0.000, 0.000, 0.000]
Occupation of state 235 = 0.000000000000000.
Occupation of state 261 = 0.000000000000000.
Exx outer loop error: 4.4068201434e-04 

No.9 Exx outer loop: 
1            -2.9408956063E+01        -3.9982E+00        2.455E-04        78.700
2            -2.9408958096E+01        -3.9982E+00        1.367E-04        90.933
3            -2.9409015396E+01        -3.9982E+00        1.305E-04        78.615
4            -2.9409039475E+01        -3.9982E+00        6.807E-05        77.538
5            -2.9409036218E+01        -3.9982E+00        4.900E-05        76.419
6            -2.9409016890E+01        -3.9982E+00        3.612E-05        77.262
7            -2.9409005880E+01        -3.9982E+00        2.840E-05        104.917
8            -2.9408990482E+01        -3.9982E+00        1.658E-05        76.412
9            -2.9408982484E+01        -3.9982E+00        1.276E-05        76.163
10           -2.9408971096E+01        -3.9982E+00        8.457E-06        76.245
11           -2.9408968651E+01        -3.9982E+00        6.573E-06        75.951
12           -2.9408963528E+01        -3.9982E+00        4.779E-06        75.628
13           -2.9408961559E+01        -3.9982E+00        3.994E-06        75.720
14           -2.9408958938E+01        -3.9982E+00        2.837E-06        75.769
15           -2.9408957242E+01        -3.9982E+00        1.991E-06        75.900
16           -2.9408956462E+01        -3.9982E+00        1.522E-06        75.611
17           -2.9408955572E+01        -3.9982E+00        1.194E-06        75.928
18           -2.9408955502E+01        -3.9982E+00        9.023E-07        75.129
Total number of SCF: 18    

k = [0.000, 0.000, 0.000]
Occupation of state 235 = 0.000000000000000.
Occupation of state 261 = 0.000000000000000.
Exx outer loop error: 2.1836272180e-04 

No.10 Exx outer loop: 
1            -2.9408957256E+01        -3.9983E+00        1.923E-04        79.054
2            -2.9408957859E+01        -3.9983E+00        1.031E-04        76.424
3            -2.9408978985E+01        -3.9983E+00        6.588E-05        76.227
4            -2.9409018658E+01        -3.9984E+00        7.190E-05        76.785
5            -2.9408997182E+01        -3.9983E+00        3.455E-05        75.986
6            -2.9408987015E+01        -3.9983E+00        2.466E-05        76.277
7            -2.9408980829E+01        -3.9984E+00        1.481E-05        75.948
8            -2.9408977283E+01        -3.9984E+00        1.156E-05        76.563
9            -2.9408974807E+01        -3.9984E+00        9.469E-06        76.307
10           -2.9408970264E+01        -3.9984E+00        6.685E-06        77.924
11           -2.9408962972E+01        -3.9984E+00        3.825E-06        79.872
12           -2.9408960555E+01        -3.9984E+00        2.269E-06        75.802
13           -2.9408959334E+01        -3.9984E+00        1.840E-06        75.823
14           -2.9408957468E+01        -3.9984E+00        1.349E-06        76.372
15           -2.9408956580E+01        -3.9984E+00        1.016E-06        75.939
16           -2.9408956181E+01        -3.9984E+00        7.747E-07        76.082
Total number of SCF: 16    

k = [0.000, 0.000, 0.000]
Occupation of state 235 = 0.000000000000000.
Occupation of state 261 = 0.000000000000000.
Exx outer loop error: 2.2570524377e-04 

No.11 Exx outer loop: 
1            -2.9408957741E+01        -3.9984E+00        1.510E-04        78.675
2            -2.9408957689E+01        -3.9984E+00        8.121E-05        76.068
3            -2.9408963290E+01        -3.9984E+00        5.923E-05        77.325
4            -2.9408980309E+01        -3.9984E+00        2.181E-05        76.133
5            -2.9408966967E+01        -3.9984E+00        1.371E-05        76.398
6            -2.9408961700E+01        -3.9984E+00        1.148E-05        75.998
7            -2.9408958763E+01        -3.9984E+00        7.626E-06        76.199
8            -2.9408958175E+01        -3.9984E+00        4.451E-06        75.792
9            -2.9408958104E+01        -3.9984E+00        3.257E-06        75.971
10           -2.9408958023E+01        -3.9984E+00        2.262E-06        76.202
11           -2.9408957359E+01        -3.9984E+00        1.593E-06        76.167
12           -2.9408956526E+01        -3.9984E+00        1.241E-06        76.148
13           -2.9408955967E+01        -3.9984E+00        9.404E-07        75.440
Total number of SCF: 13    

k = [0.000, 0.000, 0.000]
Occupation of state 235 = 0.000000000000000.
Occupation of state 261 = 0.000000000000000.
Exx outer loop error: 1.0911488337e-04 

No.12 Exx outer loop: 
1            -2.9408956399E+01        -3.9985E+00        1.271E-04        78.895
2            -2.9408956979E+01        -3.9985E+00        6.048E-05        84.995
3            -2.9408994553E+01        -3.9985E+00        8.125E-05        79.366
4            -2.9409005052E+01        -3.9985E+00        8.901E-05        77.389
5            -2.9409020371E+01        -3.9985E+00        1.314E-04        76.722
6            -2.9408973064E+01        -3.9985E+00        7.147E-05        76.384
7            -2.9408988449E+01        -3.9985E+00        9.551E-05        100.488
8            -2.9408972518E+01        -3.9985E+00        5.059E-05        79.407
9            -2.9408957602E+01        -3.9985E+00        1.890E-05        75.930
10           -2.9408955344E+01        -3.9985E+00        1.504E-05        75.697
11           -2.9408956193E+01        -3.9985E+00        1.499E-05        79.024
12           -2.9408955643E+01        -3.9985E+00        1.484E-05        79.355
13           -2.9408955455E+01        -3.9985E+00        1.491E-05        76.170
14           -2.9408955766E+01        -3.9985E+00        1.326E-05        76.127
15           -2.9408957352E+01        -3.9985E+00        1.141E-05        75.975
16           -2.9408964018E+01        -3.9985E+00        1.025E-05        75.670
17           -2.9408965449E+01        -3.9985E+00        9.179E-06        76.321
18           -2.9408965712E+01        -3.9985E+00        9.288E-06        75.726
19           -2.9408965500E+01        -3.9985E+00        8.939E-06        76.149
20           -2.9408965376E+01        -3.9985E+00        7.669E-06        76.249
21           -2.9408964089E+01        -3.9985E+00        5.800E-06        76.454
22           -2.9408961988E+01        -3.9985E+00        6.037E-06        75.983
23           -2.9408961590E+01        -3.9985E+00        3.751E-06        75.866
24           -2.9408958177E+01        -3.9985E+00        2.730E-06        76.060
25           -2.9408957249E+01        -3.9985E+00        2.041E-06        76.444
26           -2.9408956621E+01        -3.9985E+00        1.744E-06        75.664
27           -2.9408956903E+01        -3.9985E+00        1.084E-06        75.928
28           -2.9408956464E+01        -3.9985E+00        1.104E-06        86.826
29           -2.9408956109E+01        -3.9985E+00        4.678E-07        76.508
Total number of SCF: 29    

k = [0.000, 0.000, 0.000]
Occupation of state 235 = 0.000000000000000.
Occupation of state 261 = 0.000000000000000.
Exx outer loop error: 3.6149467966e-04 

No.13 Exx outer loop: 
1            -2.9408956881E+01        -3.9985E+00        1.085E-04        79.019
2            -2.9408956794E+01        -3.9985E+00        4.665E-05        76.482
3            -2.9408961929E+01        -3.9985E+00        3.354E-05        76.482
4            -2.9408970687E+01        -3.9985E+00        1.241E-05        76.238
5            -2.9408962827E+01        -3.9985E+00        5.509E-06        75.673
6            -2.9408958860E+01        -3.9985E+00        2.840E-06        76.161
7            -2.9408956947E+01        -3.9985E+00        1.604E-06        75.939
8            -2.9408957166E+01        -3.9985E+00        1.101E-06        83.944
9            -2.9408956614E+01        -3.9985E+00        1.090E-06        89.881
10           -2.9408956527E+01        -3.9985E+00        8.587E-07        88.420
Total number of SCF: 10    

k = [0.000, 0.000, 0.000]
Occupation of state 235 = 0.000000000000000.
Occupation of state 261 = 0.000000000000000.
Exx outer loop error: 3.1039619756e-04 

No.14 Exx outer loop: 
1            -2.9408957354E+01        -3.9985E+00        9.345E-05        79.973
2            -2.9408957033E+01        -3.9986E+00        3.706E-05        80.416
3            -2.9408956450E+01        -3.9986E+00        4.582E-06        75.962
4            -2.9408957193E+01        -3.9986E+00        2.291E-06        75.556
5            -2.9408957044E+01        -3.9986E+00        1.638E-06        75.694
6            -2.9408956833E+01        -3.9986E+00        9.905E-07        75.348
Total number of SCF: 6     

k = [0.000, 0.000, 0.000]
Occupation of state 235 = 0.000000000000000.
Occupation of state 261 = 0.000000000000000.
Exx outer loop error: 1.6627928214e-05 
====================================================================
                    Energy and force calculation                    
====================================================================
Free energy per atom               : -2.9408955023E+01 (Ha/atom)
Total free energy                  : -1.6174925263E+03 (Ha)
Band structure energy              : -4.0180152385E+02 (Ha)
Exchange correlation energy        : -2.8528143858E+02 (Ha)
Self and correction energy         : -2.1268061898E+03 (Ha)
Entropy*kb*T                       : -2.1162030595E-03 (Ha)
Fermi level                        : -1.4290456485E-01 (Ha)
RMS force                          :  2.7685225874E-02 (Ha/Bohr)
Maximum force                      :  1.1007170872E-01 (Ha/Bohr)
Time for force calculation         :  0.965 (sec)
***************************************************************************
                               Timing info                                 
***************************************************************************
Total walltime                     :  47136.965 sec
___________________________________________________________________________

***************************************************************************
*             Material Physics & Mechanics Group, Georgia Tech            *
*                       PI: Phanish Suryanarayana                         *
*                Main Developers: Qimen Xu, Abhiraj Sharma                *
*     Collaborators: J.E. Pask (LLNL), A.J. Medford (GT), E. Chow (GT)    *
*  Acknowledgements: U.S. DOE (DE-SC0019410); U.S. NSF (1333500,1553212)  *
***************************************************************************
                                                                           

***************************************************************************
*                       SPARC (version Mar 30, 2022)                      *
*   Copyright (c) 2020 Material Physics & Mechanics Group, Georgia Tech   *
*           Distributed under GNU General Public License 3 (GPL)          *
*                   Start time: Fri Apr 15 12:42:57 2022                  *
***************************************************************************
                           Input parameters                                
***************************************************************************
CELL: 12.4338823950489 16.8986769044157 47.5378507412217 
LATVEC:
1.000000000000000 0.000000000000000 0.000000000000000 
-0.000130020950961 0.999999991547276 0.000000000000000 
0.000000000000000 -0.000000000000000 1.000000000000000 
FD_GRID: 66 89 252
FD_ORDER: 12
BC: P P D
KPOINT_GRID: 2 2 1
KPOINT_SHIFT: 0 0 0
SPIN_TYP: 1
ELEC_TEMP_TYPE: Gaussian
SMEARING: 0.007349864435
CHEB_DEGREE: 37
NSTATES: 261
EXCHANGE_CORRELATION: HSE
CALC_STRESS: 0
CALC_PRES: 0
CHEFSI_BOUND_FLAG: 0
MAXIT_SCF: 100
MINIT_SCF: 3
MAXIT_POISSON: 3000
TOL_SCF: 1.00E-06
POISSON_SOLVER: AAR
TOL_POISSON: 1.00E-08
TOL_LANCZOS: 1.00E-02
TOL_PSEUDOCHARGE: 1.00E-08
MIXING_VARIABLE: density
MIXING_PRECOND: kerker
MIXING_PRECOND_MAG: none
TOL_PRECOND: 3.57E-05
PRECOND_KERKER_KTF: 1
PRECOND_KERKER_THRESH: 0.1
MIXING_PARAMETER: 0.3
MIXING_PARAMETER_MAG: 0.3
MIXING_HISTORY: 7
PULAY_FREQUENCY: 1
PULAY_RESTART: 0
REFERENCE_CUTOFF: 0.5
RHO_TRIGGER: 4
FIX_RAND: 0
VERBOSITY: 1
PRINT_FORCES: 1
PRINT_ATOMS: 1
PRINT_EIGEN: 1
PRINT_DENSITY: 0
PRINT_ENERGY_DENSITY: 0
TOL_FOCK: 5.00E-05
TOL_SCF_INIT: 1.00E-04
MAXIT_FOCK: 1000
EXX_METHOD: FOURIER_SPACE
EXX_DIVERGENCE: AUXILIARY
ACE_FLAG: 1
EXX_ACE_MEM: 1
EXX_ACE_VALENCE_STATES: 10000
EXX_DOWNSAMPLING: 1 1 1
EXX_RANGE_FOCK: 0.106000
EXX_RANGE_PBE: 0.106000
OUTPUT_FILE: sprc-calc
***************************************************************************
                                Cell                                       
***************************************************************************
Lattice vectors (Bohr):
12.433882395048860 0.000000000000000 0.000000000000000 
-0.002197182041095 16.898676761575889 0.000000000000000 
0.000000000000000 -0.000000000000000 47.537850741221725 
Volume                  :  9.9884706279E+03 (Bohr^3)
***************************************************************************
                           Parallelization                                 
***************************************************************************
NP_SPIN_PARAL: 2
NP_KPOINT_PARAL: 4
NP_BAND_PARAL: 1
NP_DOMAIN_PARAL: 2 3 7
NP_DOMAIN_PHI_PARAL: 4 6 14
EIG_SERIAL_MAXNS: 1500
***************************************************************************
                             Initialization                                
***************************************************************************
Number of processors               :  336
Mesh spacing in x-direction        :  0.188392 (Bohr)
Mesh spacing in y-direction        :  0.189873 (Bohr)
Mesh spacing in z direction        :  0.188642 (Bohr)
Number of symmetry adapted k-points:  4
Output printed to                  :  sprc-calc.out_01
Final eigenvalues printed to       :  sprc-calc.eigen_01
Total number of atom types         :  3
Total number of atoms              :  55
Total number of electrons          :  428
Atom type 1  (valence electrons)   :  H 1
Pseudopotential                    :  H.psp8
Pseudocharge radii of atom type 1  :  3.77 3.80 3.77 (x, y, z dir)
Number of atoms of type 1          :  2
Atom type 2  (valence electrons)   :  O 6
Pseudopotential                    :  O.psp8
Pseudocharge radii of atom type 2  :  6.78 6.84 6.79 (x, y, z dir)
Number of atoms of type 2          :  35
Atom type 3  (valence electrons)   :  Ti 12
Pseudopotential                    :  Ti.psp8
Pseudocharge radii of atom type 3  :  6.78 6.84 6.79 (x, y, z dir)
Number of atoms of type 3          :  18
Estimated total memory usage       :  308.36 GB
Estimated memory per processor     :  939.77 MB
========================================================================================
                    Self Consistent Field (SCF#1)                     
========================================================================================
Iteration     Free Energy (Ha/atom)    Magnetization     SCF Error        Timing (sec)
1            -2.9510840861E+01         1.3030E+00        4.746E-01        214.534
2            -3.0082592832E+01         4.3391E+00        3.906E-01        51.234
3            -2.9813305237E+01         3.1580E+00        2.986E-01        50.589
4            -2.9965886667E+01         7.5473E+00        2.228E-01        50.127
5            -3.0047259147E+01        -1.9438E+00        1.860E-01        50.098
6            -3.0097432626E+01         8.7890E-01        1.286E-01        83.656
7            -3.0118758972E+01         3.9308E-01        9.433E-02        52.318
8            -3.0118362791E+01         7.3748E-01        7.633E-02        49.355
9            -3.0107747125E+01         1.5209E-01        6.750E-02        50.270
10           -3.0079952700E+01        -5.6555E-01        5.586E-02        49.654
11           -3.0010069903E+01        -1.9858E+00        6.183E-02        50.174
12           -2.9988263665E+01        -1.8728E+00        4.748E-02        49.605
13           -2.9944467047E+01        -1.9291E+00        3.751E-02        49.394
14           -2.9887545733E+01        -2.3209E+00        3.267E-02        49.383
15           -2.9833102366E+01        -2.4285E+00        2.477E-02        49.671
16           -2.9781313050E+01        -2.6936E+00        2.004E-02        50.172
17           -2.9758438681E+01        -2.8552E+00        1.958E-02        49.953
18           -2.9720063536E+01        -3.2026E+00        1.655E-02        57.879
19           -2.9699931100E+01        -3.2141E+00        1.328E-02        50.764
20           -2.9675560511E+01        -3.5683E+00        1.085E-02        50.870
21           -2.9663693542E+01        -3.5864E+00        9.333E-03        49.912
22           -2.9652903035E+01        -3.6907E+00        8.357E-03        50.028
23           -2.9637064087E+01        -3.7075E+00        9.115E-03        49.885
24           -2.9633980539E+01        -3.7436E+00        8.293E-03        70.942
25           -2.9622184948E+01        -3.7895E+00        5.814E-03        52.747
26           -2.9623129718E+01        -3.7608E+00        4.870E-03        50.031
27           -2.9617643909E+01        -3.7791E+00        3.596E-03        49.645
28           -2.9618229253E+01        -3.7360E+00        2.747E-03        49.830
29           -2.9616144390E+01        -3.6928E+00        2.365E-03        49.850
30           -2.9615135661E+01        -3.6615E+00        2.156E-03        53.018
31           -2.9616888151E+01        -3.6970E+00        1.624E-03        50.768
32           -2.9614738746E+01        -3.6656E+00        9.095E-04        49.785
33           -2.9614459309E+01        -3.6596E+00        6.855E-04        49.838
34           -2.9613929811E+01        -3.6448E+00        4.844E-04        50.019
35           -2.9613749420E+01        -3.6522E+00        3.701E-04        49.716
36           -2.9613673408E+01        -3.6433E+00        3.324E-04        49.640
37           -2.9613661328E+01        -3.6500E+00        3.366E-04        62.811
38           -2.9613517236E+01        -3.6472E+00        1.317E-04        51.860
39           -2.9613463105E+01        -3.6476E+00        1.130E-04        51.212
40           -2.9613419325E+01        -3.6479E+00        1.001E-04        50.734
41           -2.9613414581E+01        -3.6455E+00        1.195E-04        49.613
42           -2.9613381980E+01        -3.6451E+00        6.011E-05        49.097
Total number of SCF: 42    

k = [0.000, 0.000, 0.000]
Occupation of state 235 = 0.000000000000007.
Occupation of state 261 = 0.000000000000000.

No.1 Exx outer loop: 
1            -2.9406641897E+01        -3.9978E+00        1.552E-02        78.568
2            -2.9399318663E+01        -3.9765E+00        1.346E-02        75.679
3            -2.9402934099E+01        -3.9932E+00        9.575E-03        75.581
4            -2.9408212194E+01        -3.9940E+00        5.502E-03        75.818
5            -2.9410216301E+01        -3.9966E+00        4.426E-03        75.489
6            -2.9411311919E+01        -3.9945E+00        3.489E-03        75.611
7            -2.9410210325E+01        -3.9932E+00        2.351E-03        75.576
8            -2.9409452502E+01        -3.9871E+00        1.173E-03        75.954
9            -2.9408958330E+01        -3.9873E+00        6.409E-04        75.920
10           -2.9408935981E+01        -3.9880E+00        4.306E-04        76.092
11           -2.9408681837E+01        -3.9870E+00        3.406E-04        76.457
12           -2.9408672885E+01        -3.9884E+00        2.737E-04        75.684
13           -2.9408536141E+01        -3.9881E+00        1.797E-04        75.946
14           -2.9408460899E+01        -3.9875E+00        1.203E-04        75.653
15           -2.9408431038E+01        -3.9886E+00        1.890E-04        75.563
16           -2.9408429207E+01        -3.9887E+00        1.787E-04        75.993
17           -2.9408438982E+01        -3.9904E+00        3.929E-04        75.618
18           -2.9408440216E+01        -3.9908E+00        4.801E-04        79.939
19           -2.9408404124E+01        -3.9908E+00        4.176E-04        77.082
20           -2.9408381210E+01        -3.9891E+00        1.143E-04        76.064
21           -2.9408356057E+01        -3.9885E+00        5.054E-05        75.704
22           -2.9408324955E+01        -3.9884E+00        4.536E-05        75.612
23           -2.9408310137E+01        -3.9884E+00        3.259E-05        75.893
24           -2.9408302378E+01        -3.9884E+00        2.363E-05        75.605
25           -2.9408284802E+01        -3.9884E+00        1.825E-05        75.597
26           -2.9408275020E+01        -3.9884E+00        2.202E-05        75.565
27           -2.9408272063E+01        -3.9884E+00        1.686E-05        75.645
28           -2.9408271753E+01        -3.9884E+00        1.536E-05        75.546
29           -2.9408269038E+01        -3.9883E+00        6.927E-06        75.460
30           -2.9408270253E+01        -3.9884E+00        5.972E-06        83.002
31           -2.9408269386E+01        -3.9883E+00        3.196E-06        75.401
32           -2.9408268277E+01        -3.9883E+00        2.374E-06        75.866
33           -2.9408267750E+01        -3.9884E+00        1.667E-06        75.441
34           -2.9408267164E+01        -3.9883E+00        3.133E-06        75.334
35           -2.9408267336E+01        -3.9883E+00        9.282E-07        75.370
Total number of SCF: 35    

k = [0.000, 0.000, 0.000]
Occupation of state 235 = 0.000000000000000.
Occupation of state 261 = 0.000000000000000.
Exx outer loop error: 6.5329542898e-01 

No.2 Exx outer loop: 
1            -2.9408786625E+01        -3.9989E+00        4.412E-03        78.457
2            -2.9408137318E+01        -3.9958E+00        2.667E-03        75.898
3            -2.9409052694E+01        -3.9903E+00        2.369E-03        76.689
4            -2.9409432457E+01        -3.9970E+00        1.589E-03        75.866
5            -2.9409852870E+01        -3.9845E+00        3.491E-03        75.964
6            -2.9409965936E+01        -3.9942E+00        9.600E-04        75.677
7            -2.9409845145E+01        -3.9969E+00        1.260E-03        76.477
8            -2.9409542747E+01        -3.9954E+00        5.666E-04        76.147
9            -2.9409360010E+01        -3.9936E+00        9.786E-04        76.117
10           -2.9409200734E+01        -3.9951E+00        3.382E-04        79.218
11           -2.9409113855E+01        -3.9951E+00        2.724E-04        76.804
12           -2.9409067134E+01        -3.9961E+00        3.784E-04        75.739
13           -2.9409047526E+01        -3.9962E+00        3.453E-04        75.756
14           -2.9408965682E+01        -3.9967E+00        4.221E-04        75.988
15           -2.9408985759E+01        -3.9971E+00        3.797E-04        75.932
16           -2.9408963971E+01        -3.9964E+00        2.147E-04        75.503
17           -2.9408907474E+01        -3.9969E+00        2.656E-04        75.543
18           -2.9408861909E+01        -3.9969E+00        2.390E-04        75.589
19           -2.9408825578E+01        -3.9965E+00        1.138E-04        75.671
20           -2.9408783945E+01        -3.9964E+00        7.137E-05        75.683
21           -2.9408751527E+01        -3.9963E+00        5.065E-05        75.976
22           -2.9408716771E+01        -3.9963E+00        3.701E-05        75.525
23           -2.9408697636E+01        -3.9963E+00        2.734E-05        75.596
24           -2.9408692623E+01        -3.9963E+00        2.453E-05        76.500
25           -2.9408683666E+01        -3.9963E+00        1.830E-05        75.832
26           -2.9408673787E+01        -3.9963E+00        1.100E-05        75.955
27           -2.9408666410E+01        -3.9963E+00        9.237E-06        75.765
28           -2.9408661656E+01        -3.9963E+00        6.046E-06        75.403
29           -2.9408657950E+01        -3.9963E+00        6.099E-06        75.273
30           -2.9408658004E+01        -3.9963E+00        3.357E-06        75.578
31           -2.9408657326E+01        -3.9963E+00        2.514E-06        75.673
32           -2.9408656320E+01        -3.9963E+00        2.777E-06        75.298
33           -2.9408656213E+01        -3.9963E+00        1.335E-06        75.502
34           -2.9408655712E+01        -3.9963E+00        2.938E-06        79.567
35           -2.9408655719E+01        -3.9963E+00        2.420E-06        76.517
36           -2.9408655724E+01        -3.9963E+00        2.205E-06        75.621
37           -2.9408655466E+01        -3.9963E+00        1.894E-06        75.454
38           -2.9408655312E+01        -3.9963E+00        3.767E-06        75.593
39           -2.9408654819E+01        -3.9963E+00        1.595E-06        75.902
40           -2.9408654597E+01        -3.9963E+00        1.896E-06        75.350
41           -2.9408654369E+01        -3.9963E+00        1.028E-06        75.238
42           -2.9408654262E+01        -3.9963E+00        6.725E-07        75.005
Total number of SCF: 42    

k = [0.000, 0.000, 0.000]
Occupation of state 235 = 0.000000000000000.
Occupation of state 261 = 0.000000000000000.
Exx outer loop error: 1.2877646646e-02 

No.3 Exx outer loop: 
1            -2.9408789222E+01        -3.9971E+00        2.260E-03        85.730
2            -2.9408730904E+01        -3.9964E+00        1.371E-03        83.312
3            -2.9409225692E+01        -3.9986E+00        1.880E-03        90.944
4            -2.9409196860E+01        -3.9983E+00        1.080E-03        76.631
5            -2.9409156945E+01        -3.9963E+00        8.031E-04        87.032
6            -2.9409112211E+01        -3.9951E+00        1.075E-03        98.886
7            -2.9409111627E+01        -3.9948E+00        8.142E-04        85.272
8            -2.9409117736E+01        -3.9961E+00        3.235E-04        75.930
9            -2.9409054432E+01        -3.9960E+00        2.786E-04        80.979
10           -2.9408969075E+01        -3.9959E+00        2.441E-04        101.330
11           -2.9408841046E+01        -3.9958E+00        2.258E-04        75.840
12           -2.9408812550E+01        -3.9961E+00        1.074E-04        80.264
13           -2.9408796463E+01        -3.9959E+00        1.701E-04        78.397
14           -2.9408768662E+01        -3.9958E+00        1.261E-04        92.301
15           -2.9408761407E+01        -3.9959E+00        8.688E-05        76.650
16           -2.9408741013E+01        -3.9959E+00        6.518E-05        87.639
17           -2.9408743304E+01        -3.9961E+00        8.451E-05        81.519
18           -2.9408740205E+01        -3.9961E+00        6.396E-05        87.856
19           -2.9408749018E+01        -3.9961E+00        3.010E-05        79.418
20           -2.9408742956E+01        -3.9961E+00        2.942E-05        77.708
21           -2.9408738273E+01        -3.9961E+00        1.826E-05        108.721
22           -2.9408719396E+01        -3.9961E+00        2.513E-05        76.289
23           -2.9408712440E+01        -3.9961E+00        1.890E-05        107.633
24           -2.9408709929E+01        -3.9961E+00        6.993E-06        88.464
25           -2.9408707721E+01        -3.9961E+00        5.468E-06        77.536
26           -2.9408704547E+01        -3.9961E+00        6.155E-06        76.567
27           -2.9408703380E+01        -3.9961E+00        2.577E-06        75.869
28           -2.9408703834E+01        -3.9961E+00        1.972E-06        75.983
29           -2.9408703455E+01        -3.9961E+00        1.424E-06        109.058
30           -2.9408703242E+01        -3.9961E+00        1.112E-06        75.574
31           -2.9408702818E+01        -3.9961E+00        8.639E-07        75.705
Total number of SCF: 31    

k = [0.000, 0.000, 0.000]
Occupation of state 235 = 0.000000000000000.
Occupation of state 261 = 0.000000000000000.
Exx outer loop error: 2.7129277256e-03 

No.4 Exx outer loop: 
1            -2.9408757966E+01        -3.9962E+00        1.329E-03        78.967
2            -2.9408761905E+01        -3.9965E+00        8.134E-04        76.367
3            -2.9409147770E+01        -3.9969E+00        4.809E-04        77.199
4            -2.9409030271E+01        -3.9965E+00        3.357E-04        109.544
5            -2.9408974063E+01        -3.9966E+00        1.780E-04        75.908
6            -2.9408950573E+01        -3.9970E+00        2.615E-04        77.141
7            -2.9408883405E+01        -3.9964E+00        2.019E-04        75.894
8            -2.9408897369E+01        -3.9968E+00        1.911E-04        78.976
9            -2.9408841013E+01        -3.9964E+00        1.039E-04        76.993
10           -2.9408809214E+01        -3.9963E+00        6.247E-05        87.585
11           -2.9408786291E+01        -3.9960E+00        1.510E-04        76.209
12           -2.9408778295E+01        -3.9963E+00        3.000E-05        76.167
13           -2.9408763244E+01        -3.9962E+00        2.906E-05        86.867
14           -2.9408752248E+01        -3.9962E+00        2.963E-05        77.173
15           -2.9408741543E+01        -3.9963E+00        1.529E-05        108.516
16           -2.9408733215E+01        -3.9963E+00        8.695E-06        76.002
17           -2.9408727320E+01        -3.9963E+00        5.231E-06        84.677
18           -2.9408723370E+01        -3.9963E+00        4.178E-06        98.941
19           -2.9408721605E+01        -3.9963E+00        3.206E-06        75.704
20           -2.9408720010E+01        -3.9963E+00        2.254E-06        75.365
21           -2.9408720145E+01        -3.9963E+00        1.748E-06        75.377
22           -2.9408719291E+01        -3.9963E+00        1.324E-06        75.505
23           -2.9408719128E+01        -3.9963E+00        1.308E-06        75.957
24           -2.9408718821E+01        -3.9963E+00        8.320E-07        75.614
Total number of SCF: 24    

k = [0.000, 0.000, 0.000]
Occupation of state 235 = 0.000000000000000.
Occupation of state 261 = 0.000000000000000.
Exx outer loop error: 6.1719145187e-04 

No.5 Exx outer loop: 
1            -2.9408742931E+01        -3.9966E+00        8.580E-04        78.393
2            -2.9408752471E+01        -3.9968E+00        5.139E-04        75.703
3            -2.9408757774E+01        -3.9971E+00        2.936E-04        75.949
4            -2.9408834899E+01        -3.9972E+00        1.519E-04        75.781
5            -2.9408840150E+01        -3.9969E+00        1.371E-04        76.119
6            -2.9408791976E+01        -3.9970E+00        4.849E-05        76.032
7            -2.9408781601E+01        -3.9969E+00        4.517E-05        76.057
8            -2.9408746753E+01        -3.9969E+00        2.239E-05        78.730
9            -2.9408744957E+01        -3.9969E+00        2.615E-05        75.589
10           -2.9408737600E+01        -3.9969E+00        3.760E-05        78.774
11           -2.9408731226E+01        -3.9969E+00        9.413E-06        76.749
12           -2.9408728197E+01        -3.9969E+00        4.456E-06        75.577
13           -2.9408725703E+01        -3.9969E+00        2.910E-06        75.384
14           -2.9408724312E+01        -3.9969E+00        1.909E-06        75.389
15           -2.9408723526E+01        -3.9969E+00        1.711E-06        75.685
16           -2.9408724028E+01        -3.9969E+00        7.787E-07        75.108
Total number of SCF: 16    

k = [0.000, 0.000, 0.000]
Occupation of state 235 = 0.000000000000000.
Occupation of state 261 = 0.000000000000000.
Exx outer loop error: 1.3410219849e-03 

No.6 Exx outer loop: 
1            -2.9408735123E+01        -3.9971E+00        6.065E-04        78.044
2            -2.9408742880E+01        -3.9974E+00        3.442E-04        76.503
3            -2.9408824162E+01        -3.9973E+00        1.833E-04        76.644
4            -2.9408837619E+01        -3.9974E+00        6.424E-05        75.874
5            -2.9408828244E+01        -3.9974E+00        5.348E-05        75.624
6            -2.9408820090E+01        -3.9974E+00        5.359E-05        75.731
7            -2.9408812436E+01        -3.9974E+00        5.031E-05        75.626
8            -2.9408776555E+01        -3.9974E+00        3.845E-05        75.685
9            -2.9408753906E+01        -3.9974E+00        2.477E-05        75.450
10           -2.9408755733E+01        -3.9974E+00        1.741E-05        75.840
11           -2.9408750832E+01        -3.9974E+00        1.279E-05        75.580
12           -2.9408744207E+01        -3.9974E+00        9.547E-06        75.603
13           -2.9408738389E+01        -3.9974E+00        6.915E-06        75.554
14           -2.9408732265E+01        -3.9974E+00        4.789E-06        75.751
15           -2.9408732059E+01        -3.9974E+00        3.736E-06        75.808
16           -2.9408730099E+01        -3.9974E+00        2.904E-06        76.024
17           -2.9408728838E+01        -3.9974E+00        1.901E-06        75.945
18           -2.9408728210E+01        -3.9974E+00        1.349E-06        75.707
19           -2.9408727639E+01        -3.9974E+00        9.816E-07        75.381
Total number of SCF: 19    

k = [0.000, 0.000, 0.000]
Occupation of state 235 = 0.000000000000000.
Occupation of state 261 = 0.000000000000000.
Exx outer loop error: 1.7071364010e-04 

No.7 Exx outer loop: 
1            -2.9408733905E+01        -3.9977E+00        4.226E-04        78.134
2            -2.9408738402E+01        -3.9977E+00        2.529E-04        76.048
3            -2.9408879756E+01        -3.9979E+00        3.707E-04        75.960
4            -2.9408892394E+01        -3.9978E+00        2.319E-04        79.332
5            -2.9408859407E+01        -3.9977E+00        1.224E-04        75.497
6            -2.9408790970E+01        -3.9977E+00        8.413E-05        78.011
7            -2.9408772853E+01        -3.9978E+00        5.821E-05        77.261
8            -2.9408792499E+01        -3.9978E+00        3.717E-05        75.677
9            -2.9408792458E+01        -3.9978E+00        2.840E-05        75.705
10           -2.9408785453E+01        -3.9978E+00        2.338E-05        75.672
11           -2.9408761368E+01        -3.9978E+00        1.504E-05        75.886
12           -2.9408743222E+01        -3.9978E+00        1.122E-05        85.046
13           -2.9408737629E+01        -3.9978E+00        7.740E-06        78.644
14           -2.9408735081E+01        -3.9978E+00        5.448E-06        82.060
15           -2.9408731429E+01        -3.9978E+00        6.614E-06        76.212
16           -2.9408731748E+01        -3.9978E+00        4.096E-06        90.521
17           -2.9408730179E+01        -3.9978E+00        2.875E-06        97.044
18           -2.9408729470E+01        -3.9978E+00        2.273E-06        76.588
19           -2.9408729215E+01        -3.9978E+00        1.878E-06        96.361
20           -2.9408728390E+01        -3.9978E+00        1.119E-06        86.433
21           -2.9408728350E+01        -3.9978E+00        7.688E-07        96.697
Total number of SCF: 21    

k = [0.000, 0.000, 0.000]
Occupation of state 235 = 0.000000000000000.
Occupation of state 261 = 0.000000000000000.
Exx outer loop error: 9.7231871120e-04 

No.8 Exx outer loop: 
1            -2.9408732050E+01        -3.9980E+00        3.242E-04        78.998
2            -2.9408734554E+01        -3.9980E+00        1.811E-04        108.728
3            -2.9408801754E+01        -3.9980E+00        1.702E-04        91.342
4            -2.9408825827E+01        -3.9979E+00        8.417E-05        87.226
5            -2.9408793127E+01        -3.9980E+00        5.111E-05        77.441
6            -2.9408784562E+01        -3.9981E+00        3.276E-05        77.596
7            -2.9408762254E+01        -3.9981E+00        1.900E-05        76.256
8            -2.9408749949E+01        -3.9981E+00        1.096E-05        77.684
9            -2.9408741976E+01        -3.9981E+00        7.706E-06        106.023
10           -2.9408739393E+01        -3.9981E+00        5.531E-06        79.242
11           -2.9408736201E+01        -3.9981E+00        5.785E-06        76.685
12           -2.9408733814E+01        -3.9981E+00        5.777E-06        75.461
13           -2.9408732336E+01        -3.9981E+00        3.133E-06        82.150
14           -2.9408731596E+01        -3.9981E+00        4.671E-06        76.475
15           -2.9408730955E+01        -3.9981E+00        2.113E-06        76.243
16           -2.9408730285E+01        -3.9981E+00        1.514E-06        75.952
17           -2.9408729743E+01        -3.9981E+00        7.891E-07        89.723
Total number of SCF: 17    

k = [0.000, 0.000, 0.000]
Occupation of state 235 = 0.000000000000000.
Occupation of state 261 = 0.000000000000000.
Exx outer loop error: 1.7121996937e-04 

No.9 Exx outer loop: 
1            -2.9408732351E+01        -3.9982E+00        2.438E-04        78.353
2            -2.9408733507E+01        -3.9982E+00        1.378E-04        75.835
3            -2.9408759804E+01        -3.9982E+00        1.201E-04        76.431
4            -2.9408784422E+01        -3.9982E+00        7.034E-05        86.505
5            -2.9408763124E+01        -3.9982E+00        5.398E-05        76.326
6            -2.9408757408E+01        -3.9982E+00        2.835E-05        76.099
7            -2.9408754202E+01        -3.9983E+00        4.876E-05        86.042
8            -2.9408751386E+01        -3.9983E+00        2.282E-05        76.975
9            -2.9408745636E+01        -3.9982E+00        2.230E-05        103.385
10           -2.9408741464E+01        -3.9982E+00        1.257E-05        78.770
11           -2.9408739019E+01        -3.9982E+00        9.689E-06        75.566
12           -2.9408736985E+01        -3.9982E+00        4.758E-06        108.295
13           -2.9408735848E+01        -3.9982E+00        3.597E-06        76.062
14           -2.9408733949E+01        -3.9982E+00        2.570E-06        76.034
15           -2.9408732646E+01        -3.9982E+00        2.152E-06        75.878
16           -2.9408730736E+01        -3.9982E+00        1.894E-06        77.190
17           -2.9408729522E+01        -3.9982E+00        1.602E-06        77.063
18           -2.9408729379E+01        -3.9982E+00        8.110E-07        77.241
Total number of SCF: 18    

k = [0.000, 0.000, 0.000]
Occupation of state 235 = 0.000000000000000.
Occupation of state 261 = 0.000000000000000.
Exx outer loop error: 2.7199905448e-04 

No.10 Exx outer loop: 
1            -2.9408730409E+01        -3.9983E+00        1.964E-04        78.407
2            -2.9408731608E+01        -3.9983E+00        1.015E-04        77.868
3            -2.9408776650E+01        -3.9983E+00        7.637E-05        75.642
4            -2.9408772179E+01        -3.9984E+00        4.529E-05        78.363
5            -2.9408751147E+01        -3.9984E+00        2.403E-05        77.401
6            -2.9408741503E+01        -3.9984E+00        2.517E-05        75.596
7            -2.9408741792E+01        -3.9984E+00        1.256E-05        76.096
8            -2.9408736822E+01        -3.9984E+00        8.789E-06        76.171
9            -2.9408734015E+01        -3.9984E+00        5.778E-06        75.776
10           -2.9408731600E+01        -3.9984E+00        3.484E-06        76.279
11           -2.9408730144E+01        -3.9984E+00        2.332E-06        75.542
12           -2.9408729666E+01        -3.9984E+00        1.578E-06        75.649
13           -2.9408729657E+01        -3.9984E+00        1.245E-06        75.444
14           -2.9408729575E+01        -3.9984E+00        9.084E-07        74.989
Total number of SCF: 14    

k = [0.000, 0.000, 0.000]
Occupation of state 235 = 0.000000000000000.
Occupation of state 261 = 0.000000000000000.
Exx outer loop error: 2.2411092943e-05 
====================================================================
                    Energy and force calculation                    
====================================================================
Free energy per atom               : -2.9408726404E+01 (Ha/atom)
Total free energy                  : -1.6174799522E+03 (Ha)
Band structure energy              : -4.0180162501E+02 (Ha)
Exchange correlation energy        : -2.8526839945E+02 (Ha)
Self and correction energy         : -2.1268061898E+03 (Ha)
Entropy*kb*T                       : -2.1765192782E-03 (Ha)
Fermi level                        : -1.4286126274E-01 (Ha)
RMS force                          :  2.7630238119E-02 (Ha/Bohr)
Maximum force                      :  1.1001375871E-01 (Ha/Bohr)
Time for force calculation         :  1.066 (sec)
***************************************************************************
                               Timing info                                 
***************************************************************************
Total walltime                     :  36547.817 sec
___________________________________________________________________________

***************************************************************************
*             Material Physics & Mechanics Group, Georgia Tech            *
*                       PI: Phanish Suryanarayana                         *
*                Main Developers: Qimen Xu, Abhiraj Sharma                *
*     Collaborators: J.E. Pask (LLNL), A.J. Medford (GT), E. Chow (GT)    *
*  Acknowledgements: U.S. DOE (DE-SC0019410); U.S. NSF (1333500,1553212)  *
***************************************************************************
                                                                           
