                Step[ FC]     Time          Energy          fmax
*Force-consistent energies used in optimization.
BFGSLineSearch:    0[  0] 14:50:23   -40420.853203*      49.0027
BFGSLineSearch:    1[  1] 14:56:16   -40433.131410*       9.9781
BFGSLineSearch:    2[  2] 15:02:35   -40434.644874*      12.9477
BFGSLineSearch:    3[  3] 15:09:52   -40436.894227*       9.7554
BFGSLineSearch:    4[  4] 15:16:55   -40438.593150*       4.0870
BFGSLineSearch:    5[  5] 15:24:14   -40439.412237*       3.2534
BFGSLineSearch:    6[  7] 15:37:45   -40439.843907*       2.2980
BFGSLineSearch:    7[  9] 15:52:42   -40440.123981*       2.1123
BFGSLineSearch:    8[ 11] 16:06:01   -40440.436753*       2.1150
BFGSLineSearch:    9[ 12] 16:12:05   -40440.662430*       3.7874
BFGSLineSearch:   10[ 14] 16:25:40   -40440.934115*       3.1219
BFGSLineSearch:   11[ 16] 16:39:52   -40441.281219*       1.2612
BFGSLineSearch:   12[ 18] 16:54:24   -40441.416443*       1.1749
BFGSLineSearch:   13[ 20] 17:08:32   -40441.482125*       0.7568
BFGSLineSearch:   14[ 22] 17:21:53   -40441.532866*       0.5571
BFGSLineSearch:   15[ 23] 17:28:13   -40441.574754*       0.6389
BFGSLineSearch:   16[ 25] 17:40:23   -40441.603680*       0.4387
BFGSLineSearch:   17[ 27] 17:52:03   -40441.624725*       0.3024
BFGSLineSearch:   18[ 29] 18:02:32   -40441.643544*       0.2858
BFGSLineSearch:   19[ 30] 18:08:27   -40441.665239*       0.3582
BFGSLineSearch:   20[ 31] 18:14:45   -40441.682219*       0.4570
BFGSLineSearch:   21[ 32] 18:20:53   -40441.699526*       0.2940
BFGSLineSearch:   22[ 34] 18:33:46   -40441.711275*       0.2140
BFGSLineSearch:   23[ 35] 18:40:06   -40441.723495*       0.2897
BFGSLineSearch:   24[ 36] 18:46:16   -40441.730888*       0.3558
BFGSLineSearch:   25[ 38] 18:56:19   -40441.738657*       0.2322
BFGSLineSearch:   26[ 39] 19:03:13   -40441.746576*       0.1442
                Step[ FC]     Time          Energy          fmax
*Force-consistent energies used in optimization.
BFGSLineSearch:    0[  0] 19:19:43   -40441.746580*       0.1440
BFGSLineSearch:    1[  2] 19:28:49   -40441.750079*       0.1581
BFGSLineSearch:    2[  3] 19:35:09   -40441.756098*       0.2028
BFGSLineSearch:    3[  4] 19:42:10   -40441.765347*       0.1950
BFGSLineSearch:    4[  5] 19:47:48   -40441.772215*       0.2095
BFGSLineSearch:    5[  6] 19:53:11   -40441.776183*       0.1737
BFGSLineSearch:    6[  7] 19:57:58   -40441.781593*       0.1621
BFGSLineSearch:    7[  8] 20:03:21   -40441.788407*       0.2280
BFGSLineSearch:    8[  9] 20:08:26   -40441.798554*       0.2767
BFGSLineSearch:    9[ 10] 20:14:54   -40441.808691*       0.2621
BFGSLineSearch:   10[ 11] 20:21:58   -40441.820069*       0.2155
BFGSLineSearch:   11[ 12] 20:28:01   -40441.830865*       0.1642
BFGSLineSearch:   12[ 13] 20:33:16   -40441.835221*       0.1595
BFGSLineSearch:   13[ 14] 20:38:32   -40441.840766*       0.1059
BFGSLineSearch:   14[ 15] 20:43:27   -40441.845067*       0.1575
BFGSLineSearch:   15[ 16] 20:48:35   -40441.850102*       0.1264
BFGSLineSearch:   16[ 17] 20:54:40   -40441.856946*       0.1152
BFGSLineSearch:   17[ 18] 21:00:06   -40441.862053*       0.2318
BFGSLineSearch:   18[ 20] 21:12:03   -40441.865823*       0.1590
BFGSLineSearch:   19[ 21] 21:18:41   -40441.869390*       0.2574
BFGSLineSearch:   20[ 22] 21:23:40   -40441.875420*       0.2319
BFGSLineSearch:   21[ 23] 21:29:11   -40441.881420*       0.1587
BFGSLineSearch:   22[ 24] 21:35:07   -40441.890377*       0.1541
BFGSLineSearch:   23[ 25] 21:42:59   -40441.900341*       0.1650
BFGSLineSearch:   24[ 26] 21:49:07   -40441.908261*       0.2278
BFGSLineSearch:   25[ 27] 21:56:08   -40441.916905*       0.1518
BFGSLineSearch:   26[ 28] 22:04:16   -40441.924839*       0.1554
BFGSLineSearch:   27[ 29] 22:10:23   -40441.933095*       0.2255
BFGSLineSearch:   28[ 30] 22:16:57   -40441.939031*       0.1460
BFGSLineSearch:   29[ 31] 22:23:24   -40441.944951*       0.0909
BFGSLineSearch:   30[ 32] 22:29:02   -40441.949795*       0.0802
BFGSLineSearch:   31[ 33] 22:35:06   -40441.955631*       0.1168
BFGSLineSearch:   32[ 34] 22:40:56   -40441.961429*       0.1136
BFGSLineSearch:   33[ 35] 22:46:55   -40441.967609*       0.1997
BFGSLineSearch:   34[ 36] 22:52:10   -40441.971170*       0.2020
BFGSLineSearch:   35[ 38] 23:02:27   -40441.978725*       0.1989
BFGSLineSearch:   36[ 39] 23:08:29   -40441.987005*       0.2269
BFGSLineSearch:   37[ 41] 23:21:04   -40442.003093*       0.2807
BFGSLineSearch:   38[ 42] 23:26:17   -40442.013088*       0.2322
                Step[ FC]     Time          Energy          fmax
*Force-consistent energies used in optimization.
BFGSLineSearch:    0[  0] 09:14:59   -40442.013115*       0.2307
BFGSLineSearch:    1[  2] 09:35:07   -40442.020063*       0.1546
BFGSLineSearch:    2[  4] 09:55:40   -40442.028285*       0.2898
BFGSLineSearch:    3[  6] 10:15:45   -40442.034211*       0.1258
BFGSLineSearch:    4[  8] 10:35:32   -40442.035757*       0.0683
BFGSLineSearch:    5[  9] 10:42:42   -40442.036994*       0.0852
BFGSLineSearch:    6[ 10] 10:52:01   -40442.037619*       0.1019
BFGSLineSearch:    7[ 11] 11:00:22   -40442.038412*       0.0532
BFGSLineSearch:    8[ 12] 11:08:20   -40442.038895*       0.0398
