                Step[ FC]     Time          Energy          fmax
*Force-consistent energies used in optimization.
BFGSLineSearch:    0[  0] 14:52:26   -40438.140367*       5.2873
BFGSLineSearch:    1[  2] 15:10:09   -40438.899136*       6.4265
BFGSLineSearch:    2[  3] 15:17:06   -40440.658879*       9.9718
BFGSLineSearch:    3[  4] 15:22:52   -40441.708093*      12.4168
BFGSLineSearch:    4[  5] 15:29:04   -40443.081230*       6.6017
BFGSLineSearch:    5[  6] 15:36:52   -40444.731758*       3.6273
BFGSLineSearch:    6[  8] 15:53:42   -40445.313637*       1.9897
BFGSLineSearch:    7[ 10] 16:10:16   -40445.652725*       2.3644
BFGSLineSearch:    8[ 12] 16:26:43   -40445.894633*       2.2165
BFGSLineSearch:    9[ 14] 16:41:28   -40446.126958*       1.5539
BFGSLineSearch:   10[ 16] 16:54:48   -40446.282540*       1.8839
BFGSLineSearch:   11[ 18] 17:08:22   -40446.430712*       1.3492
BFGSLineSearch:   12[ 20] 17:22:32   -40446.569303*       1.6269
BFGSLineSearch:   13[ 21] 17:29:23   -40446.716653*       1.2016
BFGSLineSearch:   14[ 23] 17:43:55   -40446.794106*       1.2901
BFGSLineSearch:   15[ 25] 17:56:23   -40446.864120*       1.5276
BFGSLineSearch:   16[ 27] 18:07:33   -40446.914696*       0.4803
BFGSLineSearch:   17[ 29] 18:22:32   -40446.947480*       1.0126
BFGSLineSearch:   18[ 31] 18:35:00   -40446.977020*       0.4131
BFGSLineSearch:   19[ 33] 18:47:00   -40446.998279*       0.4488
BFGSLineSearch:   20[ 35] 18:59:39   -40447.022387*       0.7470
                Step[ FC]     Time          Energy          fmax
*Force-consistent energies used in optimization.
BFGSLineSearch:    0[  0] 20:45:44   -40447.022400*       0.7467
BFGSLineSearch:    1[  2] 20:59:31   -40447.035253*       0.3703
BFGSLineSearch:    2[  4] 21:13:45   -40447.078093*       0.3023
BFGSLineSearch:    3[  6] 21:31:05   -40447.094592*       1.1785
BFGSLineSearch:    4[  7] 21:39:17   -40447.113105*       0.5156
BFGSLineSearch:    5[  9] 21:54:49   -40447.131510*       0.2414
BFGSLineSearch:    6[ 11] 22:09:38   -40447.139435*       0.6047
BFGSLineSearch:    7[ 12] 22:16:27   -40447.148721*       0.2944
BFGSLineSearch:    8[ 13] 22:23:32   -40447.160118*       0.2820
BFGSLineSearch:    9[ 15] 22:37:33   -40447.168940*       0.6782
BFGSLineSearch:   10[ 16] 22:43:54   -40447.176457*       0.3248
BFGSLineSearch:   11[ 17] 22:50:42   -40447.184603*       0.1724
BFGSLineSearch:   12[ 18] 22:59:21   -40447.194717*       0.1820
BFGSLineSearch:   13[ 19] 23:04:44   -40447.205723*       0.2951
BFGSLineSearch:   14[ 20] 23:11:32   -40447.219393*       0.4987
BFGSLineSearch:   15[ 21] 23:20:16   -40447.227719*       0.7115
BFGSLineSearch:   16[ 22] 23:26:18   -40447.234713*       0.5954
BFGSLineSearch:   17[ 24] 23:39:47   -40447.243317*       0.2815
BFGSLineSearch:   18[ 25] 23:46:14   -40447.250554*       0.2038
BFGSLineSearch:   19[ 26] 23:52:37   -40447.258112*       0.3001
BFGSLineSearch:   20[ 27] 23:59:03   -40447.264317*       0.3554
BFGSLineSearch:   21[ 29] 00:14:19   -40447.267059*       0.3082
BFGSLineSearch:   22[ 31] 00:28:40   -40447.270957*       0.1479
BFGSLineSearch:   23[ 32] 00:34:46   -40447.276765*       0.1829
BFGSLineSearch:   24[ 33] 00:41:40   -40447.282112*       0.5126
BFGSLineSearch:   25[ 34] 00:47:40   -40447.291698*       0.3924
BFGSLineSearch:   26[ 35] 00:54:44   -40447.308606*       0.2415
BFGSLineSearch:   27[ 37] 01:12:19   -40447.319384*       0.5131
BFGSLineSearch:   28[ 39] 01:28:36   -40447.333468*       0.4275
                Step[ FC]     Time          Energy          fmax
*Force-consistent energies used in optimization.
BFGSLineSearch:    0[  0] 09:19:22   -40447.333469*       0.4284
BFGSLineSearch:    1[  2] 09:38:41   -40447.339579*       0.6904
BFGSLineSearch:    2[  3] 09:49:33   -40447.354097*       0.2775
BFGSLineSearch:    3[  6] 10:22:09   -40447.368048*       0.7551
BFGSLineSearch:    4[  7] 10:32:09   -40447.382592*       0.3662
BFGSLineSearch:    5[  9] 10:57:08   -40447.396675*       0.5186
BFGSLineSearch:    6[ 10] 11:10:53   -40447.412831*       0.2812
BFGSLineSearch:    7[ 11] 11:19:57   -40447.423264*       0.3908
BFGSLineSearch:    8[ 13] 11:41:23   -40447.432255*       0.3276
BFGSLineSearch:    9[ 14] 11:53:43   -40447.443230*       0.2623
BFGSLineSearch:   10[ 15] 12:04:32   -40447.450140*       0.4656
BFGSLineSearch:   11[ 16] 12:14:58   -40447.456385*       0.1824
BFGSLineSearch:   12[ 17] 12:24:58   -40447.459874*       0.1958
BFGSLineSearch:   13[ 18] 12:34:04   -40447.464344*       0.1386
BFGSLineSearch:   14[ 19] 12:44:43   -40447.468883*       0.1576
BFGSLineSearch:   15[ 20] 12:55:02   -40447.476520*       0.0955
BFGSLineSearch:   16[ 21] 13:07:35   -40447.484263*       0.3613
BFGSLineSearch:   17[ 22] 13:19:20   -40447.493500*       0.2457
BFGSLineSearch:   18[ 23] 13:32:31   -40447.501429*       0.1911
                Step[ FC]     Time          Energy          fmax
*Force-consistent energies used in optimization.
BFGSLineSearch:    0[  0] 10:19:30   -40447.501423*       0.1915
BFGSLineSearch:    1[  3] 10:53:04   -40447.507478*       0.1810
BFGSLineSearch:    2[  4] 11:04:57   -40447.513561*       0.2618
BFGSLineSearch:    3[  6] 11:29:57   -40447.515784*       0.3079
BFGSLineSearch:    4[  7] 11:39:34   -40447.519547*       0.1501
BFGSLineSearch:    5[  9] 12:00:14   -40447.523564*       0.1255
BFGSLineSearch:    6[ 10] 12:12:24   -40447.528723*       0.1055
BFGSLineSearch:    7[ 11] 12:24:21   -40447.532849*       0.1595
BFGSLineSearch:    8[ 12] 12:33:38   -40447.536320*       0.0994
BFGSLineSearch:    9[ 13] 12:43:41   -40447.539416*       0.1522
BFGSLineSearch:   10[ 14] 12:54:32   -40447.541624*       0.1139
BFGSLineSearch:   11[ 15] 13:08:08   -40447.543234*       0.0884
BFGSLineSearch:   12[ 16] 13:19:27   -40447.545014*       0.1181
BFGSLineSearch:   13[ 18] 13:36:11   -40447.546461*       0.0652
BFGSLineSearch:   14[ 19] 13:44:58   -40447.547484*       0.0393
