***************************************************************************
*                       SPARC (version Nov 19, 2021)                      *
*   Copyright (c) 2020 Material Physics & Mechanics Group, Georgia Tech   *
*           Distributed under GNU General Public License 3 (GPL)          *
*                   Start time: Wed Dec 15 06:21:16 2021                  *
***************************************************************************
                           Input parameters                                
***************************************************************************
CELL: 12.4338823950489 11.2657846029438 47.5378507412217 
LATVEC:
1.000000000000000 0.000000000000000 0.000000000000000 
-0.000130020950961 0.999999991547276 0.000000000000000 
0.000000000000000 -0.000000000000000 1.000000000000000 
FD_GRID: 66 60 252
FD_ORDER: 12
BC: P P D
KPOINT_GRID: 4 4 1
KPOINT_SHIFT: 0 0 0
SPIN_TYP: 1
ELEC_TEMP_TYPE: Gaussian
SMEARING: 0.007349864435
CHEB_DEGREE: 37
NSTATES: 241
EXCHANGE_CORRELATION: HSE
CALC_STRESS: 0
CALC_PRES: 0
CHEFSI_BOUND_FLAG: 0
MAXIT_SCF: 100
MINIT_SCF: 3
MAXIT_POISSON: 3000
TOL_SCF: 1.00E-06
POISSON_SOLVER: AAR
TOL_POISSON: 1.00E-08
TOL_LANCZOS: 1.00E-02
TOL_PSEUDOCHARGE: 1.00E-08
MIXING_VARIABLE: density
MIXING_PRECOND: kerker
MIXING_PRECOND_MAG: none
TOL_PRECOND: 3.54E-05
PRECOND_KERKER_KTF: 1
PRECOND_KERKER_THRESH: 0.1
MIXING_PARAMETER: 0.3
MIXING_PARAMETER_MAG: 0.3
MIXING_HISTORY: 7
PULAY_FREQUENCY: 1
PULAY_RESTART: 0
REFERENCE_CUTOFF: 0.5
RHO_TRIGGER: 4
FIX_RAND: 0
VERBOSITY: 1
PRINT_FORCES: 1
PRINT_ATOMS: 1
PRINT_EIGEN: 1
PRINT_DENSITY: 0
PRINT_ENERGY_DENSITY: 0
TOL_FOCK: 5.00E-05
TOL_SCF_INIT: 1.00E-04
MAXIT_FOCK: 1000
EXX_METHOD: FOURIER_SPACE
EXX_DIVERGENCE: AUXILIARY
ACE_FLAG: 1
EXX_ACE_MEM: 1
EXX_ACE_VALENCE_STATES: 10000
EXX_DOWNSAMPLING: 1 1 1
EXX_RANGE_FOCK: 0.106000
EXX_RANGE_PBE: 0.106000
OUTPUT_FILE: sprc-calc
***************************************************************************
                                Cell                                       
***************************************************************************
Lattice vectors (Bohr):
12.433882395048860 0.000000000000000 0.000000000000000 
-0.001464788027397 11.265784507717260 0.000000000000000 
0.000000000000000 -0.000000000000000 47.537850741221725 
Volume                  :  6.6589804186E+03 (Bohr^3)
***************************************************************************
                           Parallelization                                 
***************************************************************************
NP_SPIN_PARAL: 2
NP_KPOINT_PARAL: 10
NP_BAND_PARAL: 1
NP_DOMAIN_PARAL: 2 1 8
NP_DOMAIN_PHI_PARAL: 4 4 21
EIG_SERIAL_MAXNS: 1500
***************************************************************************
                             Initialization                                
***************************************************************************
Number of processors               :  336
Mesh spacing in x-direction        :  0.188392 (Bohr)
Mesh spacing in y-direction        :  0.187763 (Bohr)
Mesh spacing in z direction        :  0.188642 (Bohr)
Number of symmetry adapted k-points:  10
Output printed to                  :  sprc-calc.out
Final eigenvalues printed to       :  sprc-calc.eigen
Total number of atom types         :  5
Total number of atoms              :  52
Total number of electrons          :  394
Atom type 1  (valence electrons)   :  C 4
Pseudopotential                    :  C.psp8
Pseudocharge radii of atom type 1  :  6.78 6.76 6.79 (x, y, z dir)
Number of atoms of type 1          :  1
Atom type 2  (valence electrons)   :  H 1
Pseudopotential                    :  H.psp8
Pseudocharge radii of atom type 2  :  3.77 3.76 3.77 (x, y, z dir)
Number of atoms of type 2          :  2
Atom type 3  (valence electrons)   :  N 5
Pseudopotential                    :  N.psp8
Pseudocharge radii of atom type 3  :  6.78 6.76 6.79 (x, y, z dir)
Number of atoms of type 3          :  2
Atom type 4  (valence electrons)   :  O 6
Pseudopotential                    :  O.psp8
Pseudocharge radii of atom type 4  :  6.78 6.76 6.79 (x, y, z dir)
Number of atoms of type 4          :  31
Atom type 5  (valence electrons)   :  Ti 12
Pseudopotential                    :  Ti.psp8
Pseudocharge radii of atom type 5  :  6.78 6.76 6.79 (x, y, z dir)
Number of atoms of type 5          :  16
Estimated total memory usage       :  452.57 GB
Estimated memory per processor     :  1.35 GB
========================================================================================
                    Self Consistent Field (SCF#1)                     
========================================================================================
Iteration     Free Energy (Ha/atom)    Magnetization     SCF Error        Timing (sec)
1            -2.8228985818E+01        -6.5496E-01        4.607E-01        341.439
2            -2.9440801714E+01         3.2535E+00        4.173E-01        81.825
3            -2.8676333050E+01         1.2601E+00        3.527E-01        82.034
4            -2.8484559231E+01        -1.2866E+00        3.157E-01        90.652
5            -2.8559235919E+01        -6.4623E-01        2.296E-01        83.148
6            -2.8577561801E+01         2.8655E-01        1.817E-01        81.231
7            -2.8589886773E+01        -2.1156E+00        1.582E-01        81.590
8            -2.8583430060E+01        -1.3763E+00        1.175E-01        81.695
9            -2.8571435360E+01        -2.4335E+00        1.191E-01        81.077
10           -2.8557706033E+01        -8.2024E-01        8.963E-02        82.489
11           -2.8528414825E+01        -6.4242E-01        8.400E-02        81.223
12           -2.8502541599E+01         1.4416E-01        7.950E-02        81.223
13           -2.8492849818E+01        -1.0352E-02        6.737E-02        81.751
14           -2.8473769526E+01        -9.6587E-01        5.898E-02        82.227
15           -2.8438716995E+01        -1.0758E+00        4.150E-02        81.786
16           -2.8411338845E+01        -5.6301E-01        4.058E-02        82.760
17           -2.8399599865E+01        -1.2614E+00        3.187E-02        95.246
18           -2.8372257092E+01        -2.2597E-02        2.841E-02        83.184
19           -2.8366465834E+01        -3.3279E-02        2.366E-02        81.455
20           -2.8353135616E+01        -1.1375E+00        3.400E-02        81.785
21           -2.8350008385E+01        -8.4230E-01        1.503E-02        82.271
22           -2.8350307802E+01        -6.2567E-02        1.538E-02        81.576
23           -2.8342473472E+01        -1.1846E+00        1.141E-02        82.960
24           -2.8340330193E+01        -1.2255E+00        1.075E-02        81.584
25           -2.8334265918E+01        -7.0188E-02        1.169E-02        81.563
26           -2.8331996800E+01        -2.4621E-01        9.149E-03        82.645
27           -2.8329573892E+01        -3.0480E-01        7.674E-03        82.068
28           -2.8327452726E+01        -6.8704E-01        3.436E-03        81.533
29           -2.8326167817E+01        -3.0588E-01        5.826E-03        81.993
30           -2.8325361076E+01        -1.3449E-01        6.460E-03        81.445
31           -2.8324846551E+01        -1.2545E-01        5.431E-03        81.611
32           -2.8324730688E+01        -1.5494E-01        4.898E-03        81.690
33           -2.8324727260E+01        -1.0138E-01        4.711E-03        81.385
34           -2.8324892438E+01        -4.3918E-01        2.361E-03        82.924
35           -2.8324796309E+01        -4.3297E-01        1.669E-03        83.782
36           -2.8324324631E+01        -3.2593E-01        7.704E-04        81.760
37           -2.8324599237E+01        -4.8779E-01        3.921E-03        81.847
38           -2.8324551299E+01        -4.8371E-01        3.529E-03        81.811
39           -2.8324335188E+01        -4.1386E-01        1.580E-03        81.505
40           -2.8324406497E+01        -4.1569E-01        1.527E-03        101.088
41           -2.8324584036E+01        -5.5026E-01        3.973E-03        81.995
42           -2.8324379025E+01        -4.4267E-01        1.844E-03        81.694
43           -2.8324967902E+01        -5.9397E-01        5.707E-03        81.202
44           -2.8324667170E+01        -5.3161E-01        4.028E-03        81.405
45           -2.8324458692E+01        -4.9680E-01        2.789E-03        81.075
46           -2.8324489609E+01        -5.5105E-01        3.404E-03        81.242
47           -2.8324400797E+01        -5.1134E-01        2.689E-03        81.721
48           -2.8324311196E+01        -4.4812E-01        1.724E-03        87.551
49           -2.8324116789E+01        -3.1946E-01        5.044E-04        82.162
50           -2.8324157250E+01        -3.7381E-01        4.539E-04        81.847
51           -2.8324122092E+01        -3.6453E-01        3.231E-04        83.531
52           -2.8324102310E+01        -3.6064E-01        2.316E-04        92.352
53           -2.8324096804E+01        -3.5494E-01        1.622E-04        86.296
54           -2.8324078538E+01        -3.4202E-01        1.038E-04        82.152
55           -2.8324073481E+01        -3.3978E-01        1.105E-04        81.427
56           -2.8324067021E+01        -3.3588E-01        7.679E-05        81.050
Total number of SCF: 56    

k = [-0.250, -0.250, 0.000]
Occupation of state 217 = 0.000000000000000.
Occupation of state 241 = 0.000000000000000.

No.1 Exx outer loop: 
1            -2.8124000017E+01        -5.5878E-05        1.632E-02        127.302
2            -2.8116061434E+01        -7.4252E-01        1.442E-02        122.021
3            -2.8118124561E+01        -4.8964E-03        1.071E-02        122.411
4            -2.8124230745E+01        -1.0974E-01        6.338E-03        123.167
5            -2.8125038853E+01        -9.5087E-02        5.484E-03        123.098
6            -2.8126175367E+01        -8.5676E-01        5.680E-03        122.531
7            -2.8127063952E+01        -8.9891E-01        4.322E-03        122.075
8            -2.8126459436E+01        -4.6970E-01        2.247E-03        122.398
9            -2.8126375066E+01        -4.0648E-01        2.075E-03        123.209
10           -2.8126254060E+01        -3.3304E-01        2.304E-03        123.960
11           -2.8126011744E+01        -3.7761E-01        9.167E-04        123.104
12           -2.8125827805E+01        -4.6984E-01        1.381E-03        122.898
13           -2.8125643544E+01        -3.7844E-01        4.058E-04        122.110
14           -2.8125750200E+01        -4.1674E-01        3.204E-04        121.947
15           -2.8125704243E+01        -4.1907E-01        2.779E-04        122.262
16           -2.8125644583E+01        -4.0596E-01        1.953E-04        123.360
17           -2.8125591718E+01        -4.1692E-01        1.191E-04        122.842
18           -2.8125530591E+01        -4.1664E-01        1.155E-04        122.747
19           -2.8125522009E+01        -4.1878E-01        5.996E-05        122.092
20           -2.8125526733E+01        -4.1846E-01        4.298E-05        121.654
21           -2.8125533713E+01        -4.1719E-01        2.397E-05        122.099
22           -2.8125526379E+01        -4.1740E-01        1.809E-05        122.403
23           -2.8125521451E+01        -4.1654E-01        9.371E-06        122.610
24           -2.8125520614E+01        -4.1460E-01        2.015E-05        123.147
25           -2.8125521620E+01        -4.1546E-01        9.044E-06        121.597
26           -2.8125524905E+01        -4.1638E-01        9.689E-06        122.136
27           -2.8125526254E+01        -4.1701E-01        1.237E-05        121.618
28           -2.8125525855E+01        -4.1638E-01        3.296E-06        121.650
29           -2.8125526798E+01        -4.1767E-01        1.228E-05        121.932
30           -2.8125525948E+01        -4.1713E-01        4.583E-06        121.758
31           -2.8125527691E+01        -4.1865E-01        2.225E-05        122.524
32           -2.8125528311E+01        -4.1956E-01        3.309E-05        121.628
33           -2.8125528581E+01        -4.1966E-01        3.425E-05        121.214
34           -2.8125527846E+01        -4.1915E-01        2.765E-05        128.264
35           -2.8125526929E+01        -4.1828E-01        1.768E-05        121.803
36           -2.8125526638E+01        -4.1779E-01        1.060E-05        122.329
37           -2.8125526466E+01        -4.1766E-01        8.524E-06        121.861
38           -2.8125526688E+01        -4.1768E-01        8.175E-06        122.897
39           -2.8125526667E+01        -4.1726E-01        2.261E-06        124.385
40           -2.8125526680E+01        -4.1695E-01        1.354E-06        121.836
41           -2.8125526553E+01        -4.1692E-01        1.659E-06        122.752
42           -2.8125526559E+01        -4.1695E-01        1.376E-06        122.471
43           -2.8125526678E+01        -4.1707E-01        6.064E-07        121.659
Total number of SCF: 43    

k = [-0.250, -0.250, 0.000]
Occupation of state 217 = 0.000000000000000.
Occupation of state 241 = 0.000000000000000.
Exx outer loop error: 6.7815220205e-01 

No.2 Exx outer loop: 
1            -2.8125787971E+01        -4.1149E-01        1.938E-03        126.773
2            -2.8125188822E+01        -6.6056E-01        3.057E-03        122.019
3            -2.8126538955E+01        -1.6032E+00        1.241E-02        138.113
4            -2.8125733240E+01        -7.0899E-01        1.777E-03        122.100
5            -2.8125811322E+01        -3.8646E-01        3.440E-03        122.835
6            -2.8125795402E+01        -3.0315E-01        3.956E-03        122.222
7            -2.8125921198E+01        -2.1070E-01        4.438E-03        122.354
8            -2.8125906282E+01        -3.1139E-01        2.698E-03        123.409
9            -2.8126059274E+01        -4.3437E-01        1.157E-03        122.896
10           -2.8126085155E+01        -4.0364E-01        1.581E-03        121.899
11           -2.8126091208E+01        -4.9012E-01        6.420E-04        124.181
12           -2.8125961408E+01        -4.6782E-01        5.895E-04        127.881
13           -2.8125865979E+01        -4.5709E-01        4.321E-04        124.809
14           -2.8125865316E+01        -4.9980E-01        1.542E-04        121.916
15           -2.8125836575E+01        -4.9640E-01        8.691E-05        122.151
16           -2.8125833433E+01        -5.0205E-01        1.018E-04        139.171
17           -2.8125821839E+01        -4.9785E-01        3.595E-05        123.841
18           -2.8125806842E+01        -4.9680E-01        1.620E-05        122.719
19           -2.8125799950E+01        -4.9654E-01        1.184E-05        122.262
20           -2.8125798152E+01        -4.9645E-01        1.088E-05        121.960
21           -2.8125799087E+01        -4.9684E-01        7.546E-06        122.378
22           -2.8125796467E+01        -4.9709E-01        4.078E-06        122.271
23           -2.8125794916E+01        -4.9708E-01        4.186E-06        122.287
24           -2.8125793864E+01        -4.9732E-01        4.665E-06        121.514
25           -2.8125793631E+01        -4.9707E-01        1.295E-06        121.935
26           -2.8125793624E+01        -4.9711E-01        1.048E-06        121.686
27           -2.8125793644E+01        -4.9693E-01        2.173E-06        122.450
28           -2.8125793708E+01        -4.9708E-01        5.461E-07        121.840
Total number of SCF: 28    

k = [-0.250, -0.250, 0.000]
Occupation of state 217 = 0.000000000000000.
Occupation of state 241 = 0.000000000000000.
Exx outer loop error: 6.8218888505e-03 

No.3 Exx outer loop: 
1            -2.8125918340E+01        -6.8273E-01        2.281E-03        127.208
2            -2.8126068985E+01        -5.7947E-01        9.051E-04        125.771
3            -2.8126364411E+01        -9.0466E-01        3.993E-03        121.935
4            -2.8126437927E+01        -9.0537E-01        3.843E-03        122.116
5            -2.8126631094E+01        -1.2550E+00        7.466E-03        141.838
6            -2.8126392916E+01        -1.0249E+00        5.141E-03        122.619
7            -2.8126251795E+01        -8.0666E-01        2.428E-03        126.693
8            -2.8126111429E+01        -8.2543E-01        2.828E-03        122.869
9            -2.8125814774E+01        -5.5922E-01        2.047E-04        135.830
10           -2.8125837789E+01        -5.7188E-01        2.881E-04        124.777
11           -2.8125839817E+01        -5.5190E-01        1.519E-04        122.364
12           -2.8125845913E+01        -5.4566E-01        8.343E-05        126.972
13           -2.8125843898E+01        -5.4087E-01        4.734E-05        122.072
14           -2.8125834243E+01        -5.3472E-01        8.312E-05        122.386
15           -2.8125830750E+01        -5.3666E-01        6.025E-05        134.709
16           -2.8125823800E+01        -5.3669E-01        5.185E-05        122.676
17           -2.8125820647E+01        -5.3716E-01        3.872E-05        123.022
18           -2.8125814923E+01        -5.3731E-01        3.296E-05        122.215
19           -2.8125822342E+01        -5.3811E-01        2.223E-05        122.313
20           -2.8125820952E+01        -5.3786E-01        2.010E-05        122.102
21           -2.8125820158E+01        -5.3806E-01        1.108E-05        122.628
22           -2.8125815889E+01        -5.3842E-01        7.263E-06        122.091
23           -2.8125813376E+01        -5.3765E-01        9.858E-06        122.297
24           -2.8125813413E+01        -5.3792E-01        4.502E-06        123.175
25           -2.8125813570E+01        -5.3799E-01        2.811E-06        122.175
26           -2.8125813240E+01        -5.3788E-01        3.252E-06        122.449
27           -2.8125813326E+01        -5.3795E-01        1.916E-06        122.145
28           -2.8125813222E+01        -5.3816E-01        1.724E-06        123.033
29           -2.8125813347E+01        -5.3825E-01        8.457E-07        121.635
Total number of SCF: 29    

k = [-0.250, -0.250, 0.000]
Occupation of state 217 = 0.000000000000000.
Occupation of state 241 = 0.000000000000000.
Exx outer loop error: 1.7462923826e-03 

No.4 Exx outer loop: 
1            -2.8125923610E+01        -7.2708E-01        2.204E-03        128.309
2            -2.8126116127E+01        -5.7219E-01        6.763E-04        124.188
3            -2.8125895940E+01        -4.7762E-01        1.081E-03        122.442
4            -2.8125857062E+01        -6.3107E-01        1.080E-03        123.358
5            -2.8125837831E+01        -5.6038E-01        1.279E-04        122.152
6            -2.8125879565E+01        -5.5915E-01        8.962E-05        122.514
7            -2.8125868173E+01        -5.5903E-01        4.494E-05        122.182
8            -2.8125850374E+01        -5.5737E-01        8.333E-05        122.715
9            -2.8125837110E+01        -5.5990E-01        3.941E-05        122.334
10           -2.8125834022E+01        -5.6148E-01        1.371E-05        122.279
11           -2.8125830390E+01        -5.6168E-01        1.980E-05        121.823
12           -2.8125828347E+01        -5.6155E-01        1.511E-05        122.347
13           -2.8125826156E+01        -5.6023E-01        1.611E-05        122.343
14           -2.8125826034E+01        -5.6068E-01        6.216E-06        122.134
15           -2.8125822546E+01        -5.6120E-01        6.276E-06        122.150
16           -2.8125821441E+01        -5.6055E-01        5.317E-06        123.000
17           -2.8125820990E+01        -5.6059E-01        3.563E-06        125.480
18           -2.8125819903E+01        -5.6092E-01        3.496E-06        135.129
19           -2.8125819651E+01        -5.6149E-01        7.125E-06        122.162
20           -2.8125819477E+01        -5.6088E-01        1.599E-06        122.350
21           -2.8125819532E+01        -5.6110E-01        1.335E-06        122.380
22           -2.8125819551E+01        -5.6115E-01        1.847E-06        122.039
23           -2.8125819341E+01        -5.6067E-01        4.108E-06        122.217
24           -2.8125819331E+01        -5.6073E-01        2.960E-06        121.896
25           -2.8125819342E+01        -5.6080E-01        1.828E-06        121.994
26           -2.8125819353E+01        -5.6084E-01        1.194E-06        121.864
27           -2.8125819364E+01        -5.6087E-01        7.864E-07        122.141
Total number of SCF: 27    

k = [-0.250, -0.250, 0.000]
Occupation of state 217 = 0.000000000000000.
Occupation of state 241 = 0.000000000000000.
Exx outer loop error: 2.5668746057e-03 

No.5 Exx outer loop: 
1            -2.8125880408E+01        -6.7247E-01        1.275E-03        127.513
2            -2.8125983729E+01        -5.7211E-01        4.517E-04        122.336
3            -2.8125813044E+01        -4.2537E-01        1.628E-03        123.260
4            -2.8125819575E+01        -4.4950E-01        1.413E-03        123.724
5            -2.8125834262E+01        -5.0411E-01        7.669E-04        126.270
6            -2.8125854103E+01        -5.6036E-01        1.917E-04        123.001
7            -2.8125849465E+01        -5.6303E-01        1.892E-04        122.481
8            -2.8125837395E+01        -5.5786E-01        1.980E-04        122.400
9            -2.8125849059E+01        -5.8820E-01        3.033E-04        122.144
10           -2.8125831851E+01        -5.5908E-01        2.823E-04        123.090
11           -2.8125820536E+01        -5.0842E-01        8.987E-04        125.121
12           -2.8125835161E+01        -5.7427E-01        7.986E-05        122.582
13           -2.8125824475E+01        -5.6601E-01        1.451E-04        129.858
14           -2.8125828732E+01        -5.7590E-01        1.652E-05        122.352
15           -2.8125828515E+01        -5.7616E-01        2.641E-05        121.824
16           -2.8125827331E+01        -5.7429E-01        7.530E-06        122.226
17           -2.8125826007E+01        -5.7427E-01        5.941E-06        123.596
18           -2.8125825722E+01        -5.7445E-01        5.521E-06        131.190
19           -2.8125825126E+01        -5.7460E-01        5.813E-06        121.665
20           -2.8125824347E+01        -5.7389E-01        3.437E-06        122.340
21           -2.8125823958E+01        -5.7412E-01        1.367E-06        122.871
22           -2.8125823272E+01        -5.7434E-01        3.342E-06        121.963
23           -2.8125822997E+01        -5.7403E-01        1.506E-06        122.204
24           -2.8125822804E+01        -5.7399E-01        1.717E-06        122.107
25           -2.8125822805E+01        -5.7427E-01        1.863E-06        122.628
26           -2.8125822535E+01        -5.7397E-01        1.465E-06        123.148
27           -2.8125822569E+01        -5.7412E-01        4.238E-07        121.693
Total number of SCF: 27    

k = [-0.250, -0.250, 0.000]
Occupation of state 217 = 0.000000000000000.
Occupation of state 241 = 0.000000000000000.
Exx outer loop error: 1.1823751357e-03 

No.6 Exx outer loop: 
1            -2.8125850893E+01        -6.2669E-01        6.040E-04        126.590
2            -2.8125892917E+01        -5.8009E-01        2.273E-04        121.990
3            -2.8125826986E+01        -5.7532E-01        1.329E-04        121.836
4            -2.8125835193E+01        -5.8187E-01        1.393E-04        123.304
5            -2.8125817317E+01        -5.5409E-01        2.560E-04        125.333
6            -2.8125819094E+01        -5.5106E-01        2.785E-04        123.487
7            -2.8125826226E+01        -5.6534E-01        1.399E-04        122.239
8            -2.8125847268E+01        -5.9296E-01        3.214E-04        140.205
9            -2.8125833936E+01        -5.8428E-01        1.727E-04        122.332
10           -2.8125851801E+01        -5.8349E-01        7.070E-05        122.175
11           -2.8125844086E+01        -5.7575E-01        1.230E-04        121.986
12           -2.8125837646E+01        -5.7665E-01        1.002E-04        122.408
13           -2.8125834320E+01        -5.7897E-01        4.542E-05        122.465
14           -2.8125828446E+01        -5.8022E-01        1.437E-05        122.342
15           -2.8125824330E+01        -5.8072E-01        9.597E-06        122.005
16           -2.8125823223E+01        -5.7998E-01        1.894E-05        122.553
17           -2.8125823690E+01        -5.8127E-01        6.373E-06        122.203
18           -2.8125824415E+01        -5.8129E-01        3.127E-06        121.736
19           -2.8125824106E+01        -5.8114E-01        2.787E-06        122.485
20           -2.8125824080E+01        -5.8112E-01        2.341E-06        125.691
21           -2.8125823936E+01        -5.8149E-01        3.396E-06        122.135
22           -2.8125823825E+01        -5.8133E-01        7.574E-07        121.504
Total number of SCF: 22    

k = [-0.250, -0.250, 0.000]
Occupation of state 217 = 0.000000000000000.
Occupation of state 241 = 0.000000000000000.
Exx outer loop error: 6.6163262603e-04 

No.7 Exx outer loop: 
1            -2.8125841651E+01        -6.1539E-01        3.876E-04        126.700
2            -2.8125861310E+01        -5.7634E-01        2.165E-04        122.400
3            -2.8125826226E+01        -5.7524E-01        1.573E-04        121.832
4            -2.8125829106E+01        -5.7523E-01        1.619E-04        123.467
5            -2.8125829661E+01        -5.7604E-01        1.584E-04        123.439
6            -2.8125829064E+01        -5.7729E-01        1.448E-04        122.392
7            -2.8125821170E+01        -5.7358E-01        1.395E-04        122.243
8            -2.8125822190E+01        -5.8092E-01        4.738E-05        122.341
9            -2.8125820092E+01        -5.8026E-01        5.752E-05        122.309
10           -2.8125828027E+01        -5.8221E-01        3.303E-05        122.967
11           -2.8125827544E+01        -5.8204E-01        2.166E-05        122.613
12           -2.8125825172E+01        -5.8306E-01        1.589E-05        122.146
13           -2.8125823048E+01        -5.8400E-01        1.126E-05        121.883
14           -2.8125821168E+01        -5.8481E-01        7.291E-06        121.914
15           -2.8125821705E+01        -5.8516E-01        4.838E-06        122.374
16           -2.8125822627E+01        -5.8548E-01        2.935E-06        122.318
17           -2.8125823317E+01        -5.8510E-01        5.460E-06        122.090
18           -2.8125824348E+01        -5.8562E-01        2.248E-06        122.610
19           -2.8125825860E+01        -5.8683E-01        1.428E-05        122.200
20           -2.8125825856E+01        -5.8683E-01        1.420E-05        123.363
21           -2.8125826023E+01        -5.8699E-01        1.605E-05        121.871
22           -2.8125825184E+01        -5.8564E-01        1.479E-06        122.096
23           -2.8125825452E+01        -5.8584E-01        3.595E-06        122.293
24           -2.8125825182E+01        -5.8544E-01        1.166E-06        122.058
25           -2.8125825111E+01        -5.8544E-01        1.167E-06        122.644
26           -2.8125825193E+01        -5.8576E-01        2.375E-06        122.684
27           -2.8125825178E+01        -5.8572E-01        1.836E-06        122.309
28           -2.8125825139E+01        -5.8564E-01        8.940E-07        131.001
Total number of SCF: 28    

k = [-0.250, -0.250, 0.000]
Occupation of state 217 = 0.000000000000000.
Occupation of state 241 = 0.000000000000000.
Exx outer loop error: 3.9099742616e-04 

No.8 Exx outer loop: 
1            -2.8125833756E+01        -6.0152E-01        1.848E-04        127.411
2            -2.8125843210E+01        -5.8726E-01        9.364E-05        121.897
3            -2.8125837462E+01        -5.9921E-01        1.952E-04        122.781
4            -2.8125835227E+01        -5.9828E-01        1.733E-04        122.244
5            -2.8125835350E+01        -5.9532E-01        1.571E-04        122.046
6            -2.8125833866E+01        -5.9369E-01        1.415E-04        121.700
7            -2.8125833056E+01        -5.9328E-01        1.347E-04        122.609
8            -2.8125835921E+01        -5.9732E-01        1.657E-04        122.080
9            -2.8125842819E+01        -6.0708E-01        2.677E-04        122.206
10           -2.8125866627E+01        -6.1870E-01        4.456E-04        122.645
11           -2.8125874844E+01        -6.2558E-01        4.681E-04        122.539
12           -2.8125866947E+01        -6.2008E-01        3.340E-04        130.820
13           -2.8125842531E+01        -5.8919E-01        2.716E-05        121.898
14           -2.8125847921E+01        -6.0091E-01        1.146E-04        122.114
15           -2.8125836836E+01        -5.8822E-01        2.460E-05        122.004
16           -2.8125835372E+01        -5.8762E-01        2.622E-05        122.093
17           -2.8125832774E+01        -5.8673E-01        3.249E-05        122.332
18           -2.8125831214E+01        -5.8714E-01        2.748E-05        122.672
19           -2.8125829228E+01        -5.8688E-01        3.001E-05        122.210
20           -2.8125827870E+01        -5.8690E-01        2.857E-05        122.474
21           -2.8125827666E+01        -5.8705E-01        2.523E-05        131.435
22           -2.8125827423E+01        -5.8698E-01        2.334E-05        121.605
23           -2.8125827860E+01        -5.8702E-01        2.273E-05        126.337
24           -2.8125826901E+01        -5.8634E-01        2.801E-05        123.968
25           -2.8125826814E+01        -5.8634E-01        2.846E-05        123.469
26           -2.8125828011E+01        -5.8691E-01        1.876E-05        139.234
27           -2.8125825684E+01        -5.8313E-01        6.368E-05        121.625
28           -2.8125826791E+01        -5.8681E-01        2.249E-05        122.210
29           -2.8125826967E+01        -5.8700E-01        2.057E-05        122.010
30           -2.8125826796E+01        -5.8719E-01        1.849E-05        121.558
31           -2.8125826763E+01        -5.8752E-01        1.501E-05        122.128
32           -2.8125826129E+01        -5.8672E-01        2.233E-05        122.626
33           -2.8125826149E+01        -5.8673E-01        2.225E-05        121.758
34           -2.8125826042E+01        -5.8661E-01        2.437E-05        122.020
35           -2.8125825946E+01        -5.8651E-01        2.531E-05        121.944
36           -2.8125826114E+01        -5.8630E-01        2.873E-05        122.911
37           -2.8125825753E+01        -5.8667E-01        2.149E-05        121.899
38           -2.8125825838E+01        -5.8699E-01        1.877E-05        122.072
39           -2.8125825313E+01        -5.8701E-01        1.840E-05        121.745
40           -2.8125825304E+01        -5.8697E-01        1.832E-05        122.465
41           -2.8125826228E+01        -5.8865E-01        1.901E-06        124.678
42           -2.8125826112E+01        -5.8768E-01        9.211E-06        122.075
43           -2.8125826409E+01        -5.8770E-01        6.021E-06        122.241
44           -2.8125826502E+01        -5.8781E-01        4.479E-06        123.015
45           -2.8125826536E+01        -5.8808E-01        1.273E-06        122.452
46           -2.8125826292E+01        -5.8792E-01        2.920E-06        121.881
47           -2.8125826140E+01        -5.8832E-01        2.686E-06        122.648
48           -2.8125825942E+01        -5.8826E-01        1.969E-06        122.028
49           -2.8125825907E+01        -5.8821E-01        1.319E-06        121.589
50           -2.8125825871E+01        -5.8820E-01        1.154E-06        122.093
51           -2.8125825824E+01        -5.8814E-01        2.497E-07        121.871
Total number of SCF: 51    

k = [-0.250, -0.250, 0.000]
Occupation of state 217 = 0.000000000000000.
Occupation of state 241 = 0.000000000000000.
Exx outer loop error: 2.5300776963e-04 

No.9 Exx outer loop: 
1            -2.8125831353E+01        -5.9837E-01        1.191E-04        127.001
2            -2.8125836083E+01        -5.8799E-01        7.340E-05        122.992
3            -2.8125828623E+01        -5.7640E-01        1.444E-04        122.616
4            -2.8125827516E+01        -5.7700E-01        1.586E-04        127.043
5            -2.8125828520E+01        -5.7040E-01        2.303E-04        124.229
6            -2.8125828652E+01        -5.7811E-01        1.388E-04        130.542
7            -2.8125830902E+01        -5.8474E-01        8.622E-05        138.781
8            -2.8125829505E+01        -5.8719E-01        7.298E-05        121.816
9            -2.8125831908E+01        -5.9001E-01        7.071E-05        122.299
10           -2.8125865988E+01        -6.0873E-01        2.226E-04        122.919
11           -2.8125858042E+01        -5.8809E-01        1.011E-04        123.336
12           -2.8125852408E+01        -5.8851E-01        6.473E-05        122.675
13           -2.8125838742E+01        -5.9054E-01        1.906E-05        122.941
14           -2.8125834150E+01        -5.9036E-01        8.822E-06        123.972
15           -2.8125830073E+01        -5.8999E-01        6.729E-06        122.217
16           -2.8125827803E+01        -5.8957E-01        7.716E-06        122.954
17           -2.8125825880E+01        -5.8938E-01        6.037E-06        127.400
18           -2.8125825995E+01        -5.8953E-01        2.270E-06        121.671
19           -2.8125825425E+01        -5.8875E-01        9.585E-06        123.036
20           -2.8125825113E+01        -5.8869E-01        8.581E-06        122.068
21           -2.8125825452E+01        -5.8952E-01        1.268E-06        121.685
22           -2.8125825580E+01        -5.8963E-01        1.868E-06        122.127
23           -2.8125825920E+01        -5.8974E-01        1.697E-06        121.997
24           -2.8125825986E+01        -5.8950E-01        1.948E-06        121.654
25           -2.8125826072E+01        -5.8965E-01        3.323E-07        122.334
Total number of SCF: 25    

k = [-0.250, -0.250, 0.000]
Occupation of state 217 = 0.000000000000000.
Occupation of state 241 = 0.000000000000000.
Exx outer loop error: 2.6672687339e-04 

No.10 Exx outer loop: 
1            -2.8125830244E+01        -5.9789E-01        9.440E-05        127.190
2            -2.8125832475E+01        -5.8680E-01        7.652E-05        122.332
3            -2.8125837444E+01        -5.9909E-01        1.197E-04        121.805
4            -2.8125824285E+01        -5.8843E-01        5.544E-05        122.027
5            -2.8125822661E+01        -5.8885E-01        5.471E-05        122.206
6            -2.8125826948E+01        -5.8984E-01        5.410E-05        122.115
7            -2.8125825264E+01        -5.8773E-01        6.139E-05        122.019
8            -2.8125825780E+01        -5.8814E-01        6.044E-05        126.960
9            -2.8125826924E+01        -5.8887E-01        5.693E-05        127.340
10           -2.8125846900E+01        -6.1943E-01        2.434E-04        121.675
11           -2.8125834175E+01        -6.0392E-01        7.023E-05        122.217
12           -2.8125833318E+01        -6.0327E-01        1.156E-04        122.115
13           -2.8125822825E+01        -5.8380E-01        1.123E-04        121.967
14           -2.8125830428E+01        -5.8761E-01        5.074E-05        122.442
15           -2.8125832565E+01        -5.8961E-01        2.448E-05        122.176
16           -2.8125831304E+01        -5.8971E-01        2.163E-05        122.092
17           -2.8125829751E+01        -5.9045E-01        9.770E-06        122.108
18           -2.8125828580E+01        -5.9021E-01        9.456E-06        124.872
19           -2.8125827626E+01        -5.9063E-01        1.760E-06        130.686
20           -2.8125827017E+01        -5.9070E-01        1.125E-06        122.622
21           -2.8125827002E+01        -5.9069E-01        9.705E-07        121.485
Total number of SCF: 21    

k = [-0.250, -0.250, 0.000]
Occupation of state 217 = 0.000000000000000.
Occupation of state 241 = 0.000000000000000.
Exx outer loop error: 1.9719647974e-04 

No.11 Exx outer loop: 
1            -2.8125829871E+01        -5.9498E-01        5.146E-05        130.598
2            -2.8125829525E+01        -5.8963E-01        4.455E-05        122.257
3            -2.8125831413E+01        -5.9167E-01        4.355E-05        122.853
4            -2.8125827021E+01        -5.9082E-01        4.558E-05        122.140
5            -2.8125829715E+01        -5.9150E-01        4.234E-05        121.893
6            -2.8125828177E+01        -5.9133E-01        4.293E-05        122.454
7            -2.8125827319E+01        -5.9088E-01        4.327E-05        122.666
8            -2.8125827309E+01        -5.9013E-01        4.833E-05        123.238
9            -2.8125831625E+01        -5.9110E-01        4.221E-05        129.554
10           -2.8125852280E+01        -5.9543E-01        4.434E-05        122.585
11           -2.8125851202E+01        -5.9224E-01        2.080E-05        122.088
12           -2.8125839060E+01        -5.9236E-01        1.097E-05        125.345
13           -2.8125836164E+01        -5.9738E-01        5.916E-05        122.147
14           -2.8125831702E+01        -5.9098E-01        2.104E-05        123.222
15           -2.8125831403E+01        -5.9130E-01        1.152E-05        139.498
16           -2.8125828864E+01        -5.9135E-01        6.343E-06        122.031
17           -2.8125827111E+01        -5.9151E-01        2.077E-06        121.570
18           -2.8125826952E+01        -5.9172E-01        4.378E-06        121.970
19           -2.8125826943E+01        -5.9145E-01        1.224E-06        121.559
20           -2.8125827056E+01        -5.9142E-01        9.691E-07        121.901
Total number of SCF: 20    

k = [-0.250, -0.250, 0.000]
Occupation of state 217 = 0.000000000000000.
Occupation of state 241 = 0.000000000000000.
Exx outer loop error: 2.8307429764e-04 

No.12 Exx outer loop: 
1            -2.8125827366E+01        -5.9141E-01        1.281E-05        145.628
2            -2.8125829390E+01        -5.9540E-01        5.525E-05        121.421
3            -2.8125830842E+01        -5.9733E-01        7.873E-05        122.039
4            -2.8125836576E+01        -6.0261E-01        1.313E-04        122.234
5            -2.8125832336E+01        -5.9596E-01        5.182E-05        121.654
6            -2.8125833675E+01        -5.9766E-01        6.809E-05        121.847
7            -2.8125830039E+01        -5.9314E-01        1.488E-05        121.689
8            -2.8125829513E+01        -5.9229E-01        3.944E-06        122.256
9            -2.8125829440E+01        -5.9229E-01        2.969E-06        123.493
10           -2.8125828807E+01        -5.9193E-01        2.336E-06        124.442
11           -2.8125828303E+01        -5.9174E-01        3.197E-06        121.820
12           -2.8125827839E+01        -5.9180E-01        1.486E-06        122.217
13           -2.8125827521E+01        -5.9173E-01        1.981E-06        121.881
14           -2.8125827182E+01        -5.9173E-01        1.328E-06        128.675
15           -2.8125826961E+01        -5.9163E-01        1.974E-06        122.313
16           -2.8125826998E+01        -5.9173E-01        8.627E-07        121.615
Total number of SCF: 16    

k = [-0.250, -0.250, 0.000]
Occupation of state 217 = 0.000000000000000.
Occupation of state 241 = 0.000000000000000.
Exx outer loop error: 3.7172969650e-05 
====================================================================
                    Energy and force calculation                    
====================================================================
Free energy per atom               : -2.8125826696E+01 (Ha/atom)
Total free energy                  : -1.4625429882E+03 (Ha)
Band structure energy              : -3.7474699411E+02 (Ha)
Exchange correlation energy        : -1.6741351134E+02 (Ha)
Self and correction energy         : -1.9316351360E+03 (Ha)
Entropy*kb*T                       : -2.8740094794E-03 (Ha)
Fermi level                        : -1.9045638591E-01 (Ha)
RMS force                          :  2.0817470315E-02 (Ha/Bohr)
Maximum force                      :  9.5288477893E-02 (Ha/Bohr)
Time for force calculation         :  2.133 (sec)
***************************************************************************
                               Timing info                                 
***************************************************************************
Total walltime                     :  123366.505 sec
___________________________________________________________________________

***************************************************************************
*             Material Physics & Mechanics Group, Georgia Tech            *
*                       PI: Phanish Suryanarayana                         *
*                Main Developers: Qimen Xu, Abhiraj Sharma                *
*     Collaborators: J.E. Pask (LLNL), A.J. Medford (GT), E. Chow (GT)    *
*  Acknowledgements: U.S. DOE (DE-SC0019410); U.S. NSF (1333500,1553212)  *
***************************************************************************
                                                                           
