***************************************************************************
*                       SPARC (version Nov 19, 2021)                      *
*   Copyright (c) 2020 Material Physics & Mechanics Group, Georgia Tech   *
*           Distributed under GNU General Public License 3 (GPL)          *
*                   Start time: Tue Dec 14 14:44:54 2021                  *
***************************************************************************
                           Input parameters                                
***************************************************************************
CELL: 12.4338823950489 11.2657846029438 47.5378507412217 
LATVEC:
1.000000000000000 0.000000000000000 0.000000000000000 
-0.000130020950961 0.999999991547276 0.000000000000000 
0.000000000000000 -0.000000000000000 1.000000000000000 
FD_GRID: 66 60 252
FD_ORDER: 12
BC: P P D
KPOINT_GRID: 4 4 1
KPOINT_SHIFT: 0 0 0
SPIN_TYP: 1
ELEC_TEMP_TYPE: Gaussian
SMEARING: 0.007349864435
CHEB_DEGREE: 37
NSTATES: 245
EXCHANGE_CORRELATION: HSE
CALC_STRESS: 0
CALC_PRES: 0
CHEFSI_BOUND_FLAG: 0
MAXIT_SCF: 100
MINIT_SCF: 3
MAXIT_POISSON: 3000
TOL_SCF: 1.00E-06
POISSON_SOLVER: AAR
TOL_POISSON: 1.00E-08
TOL_LANCZOS: 1.00E-02
TOL_PSEUDOCHARGE: 1.00E-08
MIXING_VARIABLE: density
MIXING_PRECOND: kerker
MIXING_PRECOND_MAG: none
TOL_PRECOND: 3.54E-05
PRECOND_KERKER_KTF: 1
PRECOND_KERKER_THRESH: 0.1
MIXING_PARAMETER: 0.3
MIXING_PARAMETER_MAG: 0.3
MIXING_HISTORY: 7
PULAY_FREQUENCY: 1
PULAY_RESTART: 0
REFERENCE_CUTOFF: 0.5
RHO_TRIGGER: 4
FIX_RAND: 0
VERBOSITY: 1
PRINT_FORCES: 1
PRINT_ATOMS: 1
PRINT_EIGEN: 1
PRINT_DENSITY: 0
PRINT_ENERGY_DENSITY: 0
TOL_FOCK: 5.00E-05
TOL_SCF_INIT: 1.00E-04
MAXIT_FOCK: 1000
EXX_METHOD: FOURIER_SPACE
EXX_DIVERGENCE: AUXILIARY
ACE_FLAG: 1
EXX_ACE_MEM: 1
EXX_ACE_VALENCE_STATES: 10000
EXX_DOWNSAMPLING: 1 1 1
EXX_RANGE_FOCK: 0.106000
EXX_RANGE_PBE: 0.106000
OUTPUT_FILE: sprc-calc
***************************************************************************
                                Cell                                       
***************************************************************************
Lattice vectors (Bohr):
12.433882395048860 0.000000000000000 0.000000000000000 
-0.001464788027397 11.265784507717260 0.000000000000000 
0.000000000000000 -0.000000000000000 47.537850741221725 
Volume                  :  6.6589804186E+03 (Bohr^3)
***************************************************************************
                           Parallelization                                 
***************************************************************************
NP_SPIN_PARAL: 2
NP_KPOINT_PARAL: 10
NP_BAND_PARAL: 1
NP_DOMAIN_PARAL: 2 1 8
NP_DOMAIN_PHI_PARAL: 4 4 21
EIG_SERIAL_MAXNS: 1500
***************************************************************************
                             Initialization                                
***************************************************************************
Number of processors               :  336
Mesh spacing in x-direction        :  0.188392 (Bohr)
Mesh spacing in y-direction        :  0.187763 (Bohr)
Mesh spacing in z direction        :  0.188642 (Bohr)
Number of symmetry adapted k-points:  10
Output printed to                  :  sprc-calc.out
Final eigenvalues printed to       :  sprc-calc.eigen
Total number of atom types         :  5
Total number of atoms              :  54
Total number of electrons          :  401
Atom type 1  (valence electrons)   :  C 4
Pseudopotential                    :  C.psp8
Pseudocharge radii of atom type 1  :  6.78 6.76 6.79 (x, y, z dir)
Number of atoms of type 1          :  1
Atom type 2  (valence electrons)   :  H 1
Pseudopotential                    :  H.psp8
Pseudocharge radii of atom type 2  :  3.77 3.76 3.77 (x, y, z dir)
Number of atoms of type 2          :  3
Atom type 3  (valence electrons)   :  N 5
Pseudopotential                    :  N.psp8
Pseudocharge radii of atom type 3  :  6.78 6.76 6.79 (x, y, z dir)
Number of atoms of type 3          :  2
Atom type 4  (valence electrons)   :  O 6
Pseudopotential                    :  O.psp8
Pseudocharge radii of atom type 4  :  6.78 6.76 6.79 (x, y, z dir)
Number of atoms of type 4          :  32
Atom type 5  (valence electrons)   :  Ti 12
Pseudopotential                    :  Ti.psp8
Pseudocharge radii of atom type 5  :  6.78 6.76 6.79 (x, y, z dir)
Number of atoms of type 5          :  16
Estimated total memory usage       :  459.74 GB
Estimated memory per processor     :  1.37 GB
========================================================================================
                    Self Consistent Field (SCF#1)                     
========================================================================================
Iteration     Free Energy (Ha/atom)    Magnetization     SCF Error        Timing (sec)
1            -2.7512246851E+01        -6.7888E+00        4.476E-01        306.848
2            -2.8549633419E+01         1.0812E+01        3.976E-01        76.833
3            -2.7820549410E+01        -8.4355E+00        3.748E-01        76.674
4            -2.7723745910E+01         5.3071E+00        2.908E-01        77.087
5            -2.7705355945E+01        -7.1708E-01        2.171E-01        76.988
6            -2.7707311722E+01        -1.7448E-01        1.732E-01        76.549
7            -2.7704469563E+01        -3.4095E-01        1.401E-01        77.053
8            -2.7693972499E+01         1.3428E+00        1.039E-01        76.784
9            -2.7686245023E+01        -7.7009E-02        1.016E-01        76.110
10           -2.7680043627E+01         9.2152E-01        8.604E-02        80.042
11           -2.7657915947E+01         5.3673E-02        6.505E-02        79.357
12           -2.7658502888E+01         1.5094E-01        5.585E-02        78.954
13           -2.7646420060E+01        -7.5477E-01        5.077E-02        78.602
14           -2.7637428553E+01        -9.4932E-02        3.505E-02        77.676
15           -2.7626319731E+01        -4.7883E-02        3.109E-02        97.516
16           -2.7616424433E+01        -8.7029E-02        2.094E-02        81.339
17           -2.7608576449E+01        -4.1494E-01        1.469E-02        77.147
18           -2.7605693239E+01        -4.1622E-02        1.183E-02        76.327
19           -2.7600599911E+01        -1.9429E-01        7.790E-03        77.333
20           -2.7598311218E+01         1.1623E-01        7.613E-03        77.686
21           -2.7595716588E+01         1.5151E-01        5.560E-03        76.581
22           -2.7594798535E+01         1.1789E-01        3.459E-03        76.681
23           -2.7593873770E+01         1.3124E-01        2.467E-03        76.217
24           -2.7593747908E+01         1.3208E-01        1.978E-03        77.027
25           -2.7593153326E+01         1.7698E-01        1.232E-03        76.411
26           -2.7593075548E+01         1.6205E-01        1.737E-03        76.406
27           -2.7592953008E+01         1.8307E-01        6.988E-04        76.272
28           -2.7592915552E+01         1.8146E-01        5.656E-04        77.460
29           -2.7592820516E+01         1.7639E-01        3.531E-04        76.046
30           -2.7592788242E+01         1.7048E-01        2.516E-04        76.447
31           -2.7592752139E+01         1.5812E-01        3.026E-04        76.229
32           -2.7592744998E+01         1.5450E-01        1.932E-04        75.818
33           -2.7592737488E+01         1.4469E-01        1.596E-04        75.801
34           -2.7592736518E+01         1.3737E-01        1.261E-04        75.951
35           -2.7592742168E+01         1.3020E-01        1.337E-04        76.026
36           -2.7592741502E+01         1.2797E-01        9.464E-05        75.691
Total number of SCF: 36    

k = [-0.250, -0.250, 0.000]
Occupation of state 221 = 0.000000000005349.
Occupation of state 245 = 0.000000000000000.

No.1 Exx outer loop: 
1            -2.7397148139E+01         2.5401E-01        1.397E-02        126.023
2            -2.7388880230E+01         2.7807E-01        1.339E-02        121.970
3            -2.7393992808E+01         5.2040E-02        1.203E-02        123.538
4            -2.7397156419E+01         1.0409E-01        1.460E-02        122.894
5            -2.7396344860E+01         3.7948E-02        8.815E-03        122.097
6            -2.7400426612E+01         1.5365E-02        6.435E-03        122.141
7            -2.7400654494E+01         1.1508E-02        5.569E-03        124.264
8            -2.7400773005E+01         8.3840E-02        4.747E-03        122.046
9            -2.7400886461E+01         1.5964E-01        4.053E-03        121.685
10           -2.7401014213E+01         2.4888E-01        2.986E-03        122.669
11           -2.7400535051E+01         3.4961E-01        2.262E-03        122.592
12           -2.7400556765E+01         4.5691E-01        4.159E-03        122.256
13           -2.7400548059E+01         4.3982E-01        4.150E-03        121.883
14           -2.7400284218E+01         3.8170E-01        1.734E-03        122.631
15           -2.7399952591E+01         3.5589E-01        1.269E-03        122.503
16           -2.7399715076E+01         3.0200E-01        1.209E-03        121.956
17           -2.7399619841E+01         3.2194E-01        1.391E-03        121.856
18           -2.7399671571E+01         2.9357E-01        1.105E-03        122.318
19           -2.7399681118E+01         3.7005E-01        2.358E-03        122.093
20           -2.7399647693E+01         3.6853E-01        2.316E-03        122.171
21           -2.7399638254E+01         3.6816E-01        2.297E-03        124.118
22           -2.7399743599E+01         3.7992E-01        2.340E-03        122.487
23           -2.7399674731E+01         3.8199E-01        2.177E-03        122.276
24           -2.7399378760E+01         3.8953E-01        1.767E-03        122.322
25           -2.7398932898E+01         3.7791E-01        7.156E-04        122.189
26           -2.7398912538E+01         3.7341E-01        5.385E-04        122.108
27           -2.7398719002E+01         3.6599E-01        2.391E-04        122.188
28           -2.7398573792E+01         3.4976E-01        3.954E-04        122.000
29           -2.7398571665E+01         3.5763E-01        1.023E-04        122.648
30           -2.7398516428E+01         3.3735E-01        5.178E-04        122.198
31           -2.7398502048E+01         3.5436E-01        1.077E-04        122.048
32           -2.7398508275E+01         3.6078E-01        8.110E-05        121.888
33           -2.7398511973E+01         3.6090E-01        6.650E-05        121.533
34           -2.7398510379E+01         3.6143E-01        5.798E-05        121.472
35           -2.7398507799E+01         3.6108E-01        3.959E-05        122.440
36           -2.7398505812E+01         3.6051E-01        1.614E-05        123.782
37           -2.7398505071E+01         3.5998E-01        4.819E-06        122.209
38           -2.7398503620E+01         3.6008E-01        4.623E-06        121.165
39           -2.7398504524E+01         3.5979E-01        4.383E-06        121.504
40           -2.7398504221E+01         3.5984E-01        2.133E-06        121.591
41           -2.7398504945E+01         3.5987E-01        8.034E-07        120.893
Total number of SCF: 41    

k = [-0.250, -0.250, 0.000]
Occupation of state 221 = 0.000000000000002.
Occupation of state 245 = 0.000000000000000.
Exx outer loop error: 6.3630412975e-01 

No.2 Exx outer loop: 
1            -2.7398833738E+01         6.3197E-01        4.698E-03        125.066
2            -2.7398396838E+01         3.1256E-01        3.819E-03        123.407
3            -2.7398590534E+01         6.2882E-01        3.262E-03        122.771
4            -2.7398822799E+01         5.5645E-01        1.477E-03        121.686
5            -2.7399012088E+01         5.9032E-01        2.557E-03        121.214
6            -2.7399127136E+01         6.4354E-01        3.012E-03        122.078
7            -2.7399032707E+01         5.5739E-01        8.585E-04        121.965
8            -2.7398930728E+01         5.2630E-01        2.255E-04        122.070
9            -2.7398865265E+01         5.2092E-01        3.276E-04        121.597
10           -2.7398838511E+01         5.1913E-01        2.807E-04        121.582
11           -2.7398806702E+01         5.2158E-01        1.664E-04        121.031
12           -2.7398803678E+01         5.2267E-01        5.651E-05        121.102
13           -2.7398787475E+01         5.2018E-01        3.812E-05        123.175
14           -2.7398785840E+01         5.1978E-01        2.471E-05        121.680
15           -2.7398783402E+01         5.1901E-01        2.361E-05        124.735
16           -2.7398781995E+01         5.1906E-01        8.977E-06        121.587
17           -2.7398779558E+01         5.1894E-01        5.313E-06        121.702
18           -2.7398779511E+01         5.1887E-01        4.012E-06        120.959
19           -2.7398779796E+01         5.1872E-01        2.609E-06        122.158
20           -2.7398780164E+01         5.1894E-01        3.729E-06        121.209
21           -2.7398780395E+01         5.1859E-01        5.168E-06        121.975
22           -2.7398781031E+01         5.1866E-01        2.667E-06        121.488
23           -2.7398781267E+01         5.1902E-01        4.599E-06        121.046
24           -2.7398781325E+01         5.1888E-01        1.684E-06        122.190
25           -2.7398781424E+01         5.1877E-01        1.491E-06        121.386
26           -2.7398781339E+01         5.1879E-01        1.225E-06        121.160
27           -2.7398781247E+01         5.1883E-01        4.758E-07        121.586
Total number of SCF: 27    

k = [-0.250, -0.250, 0.000]
Occupation of state 221 = 0.000000000000001.
Occupation of state 245 = 0.000000000000000.
Exx outer loop error: 1.4737287673e-02 

No.3 Exx outer loop: 
1            -2.7398864112E+01         7.2258E-01        4.095E-03        126.596
2            -2.7398961555E+01         4.2303E-01        3.720E-03        122.055
3            -2.7398866053E+01         7.0503E-01        2.880E-03        121.211
4            -2.7398880213E+01         5.9877E-01        4.470E-04        121.512
5            -2.7398927735E+01         5.3475E-01        1.279E-03        122.748
6            -2.7398880941E+01         5.8198E-01        2.863E-04        122.071
7            -2.7398864200E+01         5.8704E-01        2.045E-04        121.639
8            -2.7398856818E+01         5.9083E-01        1.535E-04        122.780
9            -2.7398848444E+01         5.8970E-01        1.496E-04        122.482
10           -2.7398832761E+01         5.9208E-01        7.733E-05        122.370
11           -2.7398821355E+01         5.9240E-01        3.612E-05        122.370
12           -2.7398819444E+01         5.9272E-01        1.531E-05        122.306
13           -2.7398818397E+01         5.9217E-01        1.486E-05        122.482
14           -2.7398816347E+01         5.9221E-01        1.269E-05        122.443
15           -2.7398813188E+01         5.9204E-01        1.550E-05        121.447
16           -2.7398811572E+01         5.9196E-01        1.440E-05        122.477
17           -2.7398810626E+01         5.9139E-01        2.203E-05        121.674
18           -2.7398810476E+01         5.9187E-01        1.097E-05        121.554
19           -2.7398811223E+01         5.9113E-01        2.685E-05        123.202
20           -2.7398811647E+01         5.9180E-01        9.750E-06        121.887
21           -2.7398812274E+01         5.9203E-01        3.540E-06        121.510
22           -2.7398812536E+01         5.9233E-01        3.629E-06        121.575
23           -2.7398812769E+01         5.9234E-01        3.165E-06        121.812
24           -2.7398812948E+01         5.9223E-01        9.926E-07        121.209
Total number of SCF: 24    

k = [-0.250, -0.250, 0.000]
Occupation of state 221 = 0.000000000000000.
Occupation of state 245 = 0.000000000000000.
Exx outer loop error: 6.0251532730e-03 

No.4 Exx outer loop: 
1            -2.7398839848E+01         7.0390E-01        2.055E-03        126.873
2            -2.7398909240E+01         5.5548E-01        2.146E-03        122.139
3            -2.7398872649E+01         4.9150E-01        2.894E-03        122.470
4            -2.7398834036E+01         6.5903E-01        9.853E-04        121.478
5            -2.7398833611E+01         6.2215E-01        2.219E-04        121.995
6            -2.7398885636E+01         5.7525E-01        1.443E-03        122.692
7            -2.7398879260E+01         6.5597E-01        3.448E-04        121.006
8            -2.7398868362E+01         6.5735E-01        2.786E-04        121.214
9            -2.7398860610E+01         6.5695E-01        2.105E-04        121.354
10           -2.7398848658E+01         6.5607E-01        1.376E-04        121.932
11           -2.7398840927E+01         6.5429E-01        5.970E-05        121.445
12           -2.7398832200E+01         6.5333E-01        2.037E-05        121.915
13           -2.7398826576E+01         6.5295E-01        7.059E-06        122.080
14           -2.7398824563E+01         6.5275E-01        4.073E-06        122.820
15           -2.7398823278E+01         6.5270E-01        3.197E-06        123.084
16           -2.7398821690E+01         6.5256E-01        3.154E-06        122.876
17           -2.7398821582E+01         6.5256E-01        1.455E-06        122.508
18           -2.7398821289E+01         6.5248E-01        1.587E-06        122.089
19           -2.7398821460E+01         6.5272E-01        4.951E-06        121.393
20           -2.7398820746E+01         6.5246E-01        3.256E-06        121.878
21           -2.7398820651E+01         6.5253E-01        1.449E-06        121.082
22           -2.7398820574E+01         6.5261E-01        8.226E-07        120.851
Total number of SCF: 22    

k = [-0.250, -0.250, 0.000]
Occupation of state 221 = 0.000000000000000.
Occupation of state 245 = 0.000000000000000.
Exx outer loop error: 2.0837883706e-03 

No.5 Exx outer loop: 
1            -2.7398830175E+01         7.1982E-01        9.105E-04        125.810
2            -2.7398871538E+01         6.6384E-01        1.015E-03        122.802
3            -2.7399025762E+01         5.4078E-01        4.106E-03        122.621
4            -2.7399039742E+01         5.6542E-01        3.546E-03        121.958
5            -2.7399039048E+01         5.3929E-01        4.115E-03        121.600
6            -2.7398960514E+01         5.2721E-01        4.243E-03        122.474
7            -2.7398840477E+01         6.6293E-01        9.015E-04        122.612
8            -2.7398792881E+01         6.9421E-01        2.310E-04        125.409
9            -2.7398820059E+01         7.1339E-01        2.585E-04        122.803
10           -2.7398822602E+01         7.1654E-01        2.556E-04        122.226
11           -2.7398815462E+01         7.1614E-01        1.542E-04        121.961
12           -2.7398816184E+01         7.1594E-01        8.288E-05        121.490
13           -2.7398818667E+01         7.1559E-01        4.081E-05        121.860
14           -2.7398820099E+01         7.1454E-01        2.891E-05        121.338
15           -2.7398821366E+01         7.1470E-01        1.508E-05        121.425
16           -2.7398823028E+01         7.1481E-01        5.347E-06        121.098
17           -2.7398823501E+01         7.1472E-01        3.496E-06        122.617
18           -2.7398823909E+01         7.1479E-01        3.128E-06        121.376
19           -2.7398824082E+01         7.1478E-01        2.324E-06        122.581
20           -2.7398824117E+01         7.1487E-01        1.893E-06        122.495
21           -2.7398823974E+01         7.1483E-01        1.559E-06        123.084
22           -2.7398823816E+01         7.1491E-01        3.004E-06        122.368
23           -2.7398823549E+01         7.1479E-01        1.619E-06        121.948
24           -2.7398823549E+01         7.1487E-01        1.755E-06        126.016
25           -2.7398823444E+01         7.1481E-01        6.231E-07        125.288
Total number of SCF: 25    

k = [-0.250, -0.250, 0.000]
Occupation of state 221 = 0.000000000000000.
Occupation of state 245 = 0.000000000000000.
Exx outer loop error: 6.0026388133e-04 

No.6 Exx outer loop: 
1            -2.7398827951E+01         7.6936E-01        4.910E-04        125.254
2            -2.7398861751E+01         7.4596E-01        6.713E-04        121.969
3            -2.7398879790E+01         7.4761E-01        9.834E-04        122.630
4            -2.7398929175E+01         8.0870E-01        1.165E-03        121.540
5            -2.7398896593E+01         7.7840E-01        1.029E-04        121.664
6            -2.7398879238E+01         7.8280E-01        1.172E-04        121.595
7            -2.7398862584E+01         7.8323E-01        1.067E-04        121.819
8            -2.7398862659E+01         7.8144E-01        6.133E-05        121.257
9            -2.7398851550E+01         7.8060E-01        7.130E-05        121.695
10           -2.7398846581E+01         7.8106E-01        3.167E-05        121.621
11           -2.7398843608E+01         7.8105E-01        2.538E-05        121.356
12           -2.7398840359E+01         7.8125E-01        1.162E-05        121.502
13           -2.7398835101E+01         7.8121E-01        7.117E-06        121.480
14           -2.7398829306E+01         7.8121E-01        7.026E-06        121.688
15           -2.7398827214E+01         7.8113E-01        2.006E-06        122.107
16           -2.7398825993E+01         7.8114E-01        1.310E-06        121.882
17           -2.7398825418E+01         7.8105E-01        2.891E-06        121.320
18           -2.7398825595E+01         7.8119E-01        2.977E-06        122.474
19           -2.7398825272E+01         7.8107E-01        1.445E-06        120.954
20           -2.7398825524E+01         7.8111E-01        6.149E-07        120.796
Total number of SCF: 20    

k = [-0.250, -0.250, 0.000]
Occupation of state 221 = 0.000000000000000.
Occupation of state 245 = 0.000000000000000.
Exx outer loop error: 1.4075175434e-04 

No.7 Exx outer loop: 
1            -2.7398828147E+01         8.2763E-01        3.630E-04        126.912
2            -2.7398857040E+01         8.2164E-01        4.563E-04        121.277
3            -2.7398860271E+01         8.2495E-01        6.109E-04        121.794
4            -2.7398967709E+01         8.3288E-01        6.479E-04        121.988
5            -2.7398926058E+01         8.3895E-01        2.620E-04        122.576
6            -2.7398881849E+01         8.4526E-01        1.663E-04        122.661
7            -2.7398872019E+01         8.4352E-01        6.275E-05        122.477
8            -2.7398848929E+01         8.4695E-01        1.895E-04        122.177
9            -2.7398846171E+01         8.4347E-01        2.238E-05        121.376
10           -2.7398835838E+01         8.4416E-01        3.623E-05        121.487
11           -2.7398829520E+01         8.4362E-01        1.139E-05        121.493
12           -2.7398826741E+01         8.4367E-01        1.330E-05        121.496
13           -2.7398826475E+01         8.4328E-01        9.727E-06        121.684
14           -2.7398827103E+01         8.4335E-01        3.775E-06        121.616
15           -2.7398827405E+01         8.4332E-01        1.976E-06        121.178
16           -2.7398826920E+01         8.4316E-01        6.322E-06        122.961
17           -2.7398827151E+01         8.4327E-01        1.758E-06        124.350
18           -2.7398826724E+01         8.4328E-01        1.296E-06        123.155
19           -2.7398826665E+01         8.4330E-01        9.304E-07        122.100
Total number of SCF: 19    

k = [-0.250, -0.250, 0.000]
Occupation of state 221 = 0.000000000000000.
Occupation of state 245 = 0.000000000000000.
Exx outer loop error: 2.7766088421e-04 

No.8 Exx outer loop: 
1            -2.7398827960E+01         8.7793E-01        3.580E-04        126.673
2            -2.7398849800E+01         8.7923E-01        2.807E-04        121.441
3            -2.7398844303E+01         8.8592E-01        1.186E-04        121.902
4            -2.7398854549E+01         8.8728E-01        1.508E-04        123.058
5            -2.7398854812E+01         8.8913E-01        4.297E-05        125.900
6            -2.7398848326E+01         8.8970E-01        2.146E-05        123.074
7            -2.7398844170E+01         8.8888E-01        3.697E-05        122.008
8            -2.7398838091E+01         8.8946E-01        1.569E-05        122.179
9            -2.7398835886E+01         8.8927E-01        7.736E-06        145.179
10           -2.7398834052E+01         8.8922E-01        7.303E-06        121.031
11           -2.7398831864E+01         8.8912E-01        8.835E-06        121.737
12           -2.7398830377E+01         8.8911E-01        3.633E-06        121.866
13           -2.7398830216E+01         8.8919E-01        1.983E-06        122.293
14           -2.7398829554E+01         8.8919E-01        2.496E-06        121.169
15           -2.7398829391E+01         8.8919E-01        1.486E-06        123.717
16           -2.7398829134E+01         8.8916E-01        1.145E-06        120.836
17           -2.7398828991E+01         8.8919E-01        1.223E-06        121.743
18           -2.7398828795E+01         8.8920E-01        1.484E-06        120.691
19           -2.7398828782E+01         8.8919E-01        7.685E-07        120.878
Total number of SCF: 19    

k = [-0.250, -0.250, 0.000]
Occupation of state 221 = 0.000000000000000.
Occupation of state 245 = 0.000000000000000.
Exx outer loop error: 2.8960956206e-04 

No.9 Exx outer loop: 
1            -2.7398829607E+01         9.0942E-01        3.485E-04        125.812
2            -2.7398841360E+01         9.1313E-01        2.059E-04        120.830
3            -2.7398859888E+01         9.1150E-01        2.500E-04        121.571
4            -2.7398827358E+01         9.1651E-01        1.091E-04        121.555
5            -2.7398841046E+01         9.1586E-01        3.100E-05        121.357
6            -2.7398825296E+01         9.1496E-01        6.516E-05        121.091
7            -2.7398827552E+01         9.1545E-01        2.225E-05        121.337
8            -2.7398829243E+01         9.1535E-01        1.528E-05        121.567
9            -2.7398831883E+01         9.1610E-01        4.715E-05        121.418
10           -2.7398832583E+01         9.1591E-01        1.813E-05        121.355
11           -2.7398831852E+01         9.1584E-01        7.434E-06        121.825
12           -2.7398831208E+01         9.1587E-01        5.976E-06        121.591
13           -2.7398830610E+01         9.1579E-01        3.101E-06        122.335
14           -2.7398830360E+01         9.1570E-01        7.763E-06        121.042
15           -2.7398830480E+01         9.1583E-01        2.985E-06        124.672
16           -2.7398829927E+01         9.1577E-01        1.862E-06        122.640
17           -2.7398829931E+01         9.1578E-01        1.326E-06        121.116
18           -2.7398829700E+01         9.1580E-01        1.229E-06        121.146
19           -2.7398829725E+01         9.1580E-01        4.029E-07        130.097
Total number of SCF: 19    

k = [-0.250, -0.250, 0.000]
Occupation of state 221 = 0.000000000000000.
Occupation of state 245 = 0.000000000000000.
Exx outer loop error: 1.3715202597e-05 
====================================================================
                    Energy and force calculation                    
====================================================================
Free energy per atom               : -2.7398829635E+01 (Ha/atom)
Total free energy                  : -1.4795368003E+03 (Ha)
Band structure energy              : -3.8528989525E+02 (Ha)
Exchange correlation energy        : -1.7018233073E+02 (Ha)
Self and correction energy         : -1.9571045734E+03 (Ha)
Entropy*kb*T                       : -3.9673466469E-03 (Ha)
Fermi level                        : -1.8062097654E-01 (Ha)
RMS force                          :  1.9294289145E-02 (Ha/Bohr)
Maximum force                      :  1.0520985132E-01 (Ha/Bohr)
Time for force calculation         :  1.981 (sec)
***************************************************************************
                               Timing info                                 
***************************************************************************
Total walltime                     :  90592.104 sec
___________________________________________________________________________

***************************************************************************
*             Material Physics & Mechanics Group, Georgia Tech            *
*                       PI: Phanish Suryanarayana                         *
*                Main Developers: Qimen Xu, Abhiraj Sharma                *
*     Collaborators: J.E. Pask (LLNL), A.J. Medford (GT), E. Chow (GT)    *
*  Acknowledgements: U.S. DOE (DE-SC0019410); U.S. NSF (1333500,1553212)  *
***************************************************************************
                                                                           
