***************************************************************************
*                       SPARC (version Nov 19, 2021)                      *
*   Copyright (c) 2020 Material Physics & Mechanics Group, Georgia Tech   *
*           Distributed under GNU General Public License 3 (GPL)          *
*                   Start time: Tue Dec 21 14:11:11 2021                  *
***************************************************************************
                           Input parameters                                
***************************************************************************
CELL: 12.4338823950489 11.2657846029438 47.5378507412217 
LATVEC:
1.000000000000000 0.000000000000000 0.000000000000000 
-0.000130020950961 0.999999991547276 0.000000000000000 
0.000000000000000 -0.000000000000000 1.000000000000000 
FD_GRID: 66 60 252
FD_ORDER: 12
BC: P P D
KPOINT_GRID: 4 4 1
KPOINT_SHIFT: 0 0 0
SPIN_TYP: 1
ELEC_TEMP_TYPE: Gaussian
SMEARING: 0.007349864435
CHEB_DEGREE: 37
NSTATES: 235
EXCHANGE_CORRELATION: HSE
CALC_STRESS: 0
CALC_PRES: 0
CHEFSI_BOUND_FLAG: 0
MAXIT_SCF: 100
MINIT_SCF: 3
MAXIT_POISSON: 3000
TOL_SCF: 1.00E-06
POISSON_SOLVER: AAR
TOL_POISSON: 1.00E-08
TOL_LANCZOS: 1.00E-02
TOL_PSEUDOCHARGE: 1.00E-08
MIXING_VARIABLE: density
MIXING_PRECOND: kerker
MIXING_PRECOND_MAG: none
TOL_PRECOND: 3.54E-05
PRECOND_KERKER_KTF: 1
PRECOND_KERKER_THRESH: 0.1
MIXING_PARAMETER: 0.3
MIXING_PARAMETER_MAG: 0.3
MIXING_HISTORY: 7
PULAY_FREQUENCY: 1
PULAY_RESTART: 0
REFERENCE_CUTOFF: 0.5
RHO_TRIGGER: 4
FIX_RAND: 0
VERBOSITY: 1
PRINT_FORCES: 1
PRINT_ATOMS: 1
PRINT_EIGEN: 1
PRINT_DENSITY: 0
PRINT_ENERGY_DENSITY: 0
TOL_FOCK: 5.00E-05
TOL_SCF_INIT: 1.00E-04
MAXIT_FOCK: 1000
EXX_METHOD: FOURIER_SPACE
EXX_DIVERGENCE: AUXILIARY
ACE_FLAG: 1
EXX_ACE_MEM: 1
EXX_ACE_VALENCE_STATES: 10000
EXX_DOWNSAMPLING: 1 1 1
EXX_RANGE_FOCK: 0.106000
EXX_RANGE_PBE: 0.106000
OUTPUT_FILE: sprc-calc
***************************************************************************
                                Cell                                       
***************************************************************************
Lattice vectors (Bohr):
12.433882395048860 0.000000000000000 0.000000000000000 
-0.001464788027397 11.265784507717260 0.000000000000000 
0.000000000000000 -0.000000000000000 47.537850741221725 
Volume                  :  6.6589804186E+03 (Bohr^3)
***************************************************************************
                           Parallelization                                 
***************************************************************************
NP_SPIN_PARAL: 2
NP_KPOINT_PARAL: 10
NP_BAND_PARAL: 1
NP_DOMAIN_PARAL: 2 1 8
NP_DOMAIN_PHI_PARAL: 4 4 21
EIG_SERIAL_MAXNS: 1500
***************************************************************************
                             Initialization                                
***************************************************************************
Number of processors               :  336
Mesh spacing in x-direction        :  0.188392 (Bohr)
Mesh spacing in y-direction        :  0.187763 (Bohr)
Mesh spacing in z direction        :  0.188642 (Bohr)
Number of symmetry adapted k-points:  10
Output printed to                  :  sprc-calc.out
Final eigenvalues printed to       :  sprc-calc.eigen
Total number of atom types         :  3
Total number of atoms              :  49
Total number of electrons          :  385
Atom type 1  (valence electrons)   :  H 1
Pseudopotential                    :  H.psp8
Pseudocharge radii of atom type 1  :  3.77 3.76 3.77 (x, y, z dir)
Number of atoms of type 1          :  1
Atom type 2  (valence electrons)   :  O 6
Pseudopotential                    :  O.psp8
Pseudocharge radii of atom type 2  :  6.78 6.76 6.79 (x, y, z dir)
Number of atoms of type 2          :  32
Atom type 3  (valence electrons)   :  Ti 12
Pseudopotential                    :  Ti.psp8
Pseudocharge radii of atom type 3  :  6.78 6.76 6.79 (x, y, z dir)
Number of atoms of type 3          :  16
Estimated total memory usage       :  441.81 GB
Estimated memory per processor     :  1.31 GB
========================================================================================
                    Self Consistent Field (SCF#1)                     
========================================================================================
Iteration     Free Energy (Ha/atom)    Magnetization     SCF Error        Timing (sec)
1            -2.9762380123E+01         3.7410E+00        4.310E-01        294.058
2            -3.0653742521E+01        -2.6502E+00        4.248E-01        73.854
3            -3.0136835758E+01         9.3188E+00        3.318E-01        73.228
4            -2.9946013190E+01        -1.6886E-01        3.095E-01        73.702
5            -3.0134066998E+01        -1.3048E+00        1.946E-01        73.030
6            -3.0126930617E+01         3.2899E-01        1.807E-01        74.106
7            -3.0119728290E+01         1.0174E+00        1.423E-01        73.312
8            -3.0138901100E+01         2.7464E+00        1.470E-01        74.013
9            -3.0126399202E+01         1.4682E+00        1.150E-01        73.410
10           -3.0115796530E+01         3.3481E+00        1.015E-01        74.110
11           -3.0103793655E+01         7.2899E-01        1.238E-01        73.907
12           -3.0078972608E+01         6.2967E-01        9.538E-02        73.407
13           -3.0058577197E+01        -5.6850E-01        8.200E-02        73.333
14           -3.0045779564E+01        -3.3356E-01        6.924E-02        73.429
15           -3.0029504223E+01        -5.5443E-01        5.996E-02        73.785
16           -3.0017919207E+01        -1.7879E-01        5.634E-02        73.192
17           -3.0006626851E+01        -1.5656E-01        4.545E-02        74.019
18           -2.9964364089E+01         2.8911E-02        3.348E-02        73.371
19           -2.9945334366E+01         1.8066E-01        3.113E-02        73.548
20           -2.9936582456E+01         2.2987E-01        2.784E-02        74.529
21           -2.9922538130E+01         4.7926E-02        2.738E-02        75.568
22           -2.9906509352E+01         1.3271E-01        2.584E-02        73.227
23           -2.9895995241E+01         6.8937E-02        2.373E-02        72.955
24           -2.9879169055E+01         6.3760E-02        2.063E-02        73.694
25           -2.9849005983E+01         9.9541E-02        2.095E-02        73.344
26           -2.9856404765E+01         1.7464E-01        1.054E-02        73.433
27           -2.9856237167E+01         3.6239E-01        9.765E-03        73.265
28           -2.9855480295E+01         3.9223E-01        8.193E-03        73.401
29           -2.9854723539E+01         2.6698E-01        6.490E-03        73.367
30           -2.9853725516E+01         2.1780E-01        5.536E-03        73.614
31           -2.9850204829E+01         1.9090E-01        4.135E-03        73.466
32           -2.9846202829E+01         2.0469E-01        3.458E-03        73.798
33           -2.9844473643E+01         1.5608E-01        2.738E-03        74.165
34           -2.9844303838E+01         1.5651E-01        2.545E-03        73.250
35           -2.9843038297E+01         1.1633E-01        2.810E-03        73.667
36           -2.9842203907E+01         1.0321E-01        2.494E-03        73.376
37           -2.9841538872E+01         1.4187E-01        2.620E-03        73.633
38           -2.9841024048E+01         1.2597E-01        1.694E-03        73.070
39           -2.9840712035E+01         1.1429E-01        1.334E-03        74.036
40           -2.9840565788E+01         1.0581E-01        8.087E-04        73.145
41           -2.9840378572E+01         9.5395E-02        4.532E-04        72.629
42           -2.9840176466E+01         1.0841E-01        1.480E-03        73.186
43           -2.9840178160E+01         9.0003E-02        4.675E-04        72.972
44           -2.9839994819E+01         9.0867E-02        2.045E-04        72.843
45           -2.9839914827E+01         9.1422E-02        1.863E-04        76.054
46           -2.9839829835E+01         1.0102E-01        1.081E-03        73.931
47           -2.9839815978E+01         8.8207E-02        1.550E-04        73.603
48           -2.9839787635E+01         8.7694E-02        1.195E-04        72.870
49           -2.9839750734E+01         8.7676E-02        4.746E-05        72.036
Total number of SCF: 49    

k = [-0.250, -0.250, 0.000]
Occupation of state 212 = 0.000000000013469.
Occupation of state 235 = 0.000000000000000.

No.1 Exx outer loop: 
1            -2.9631055439E+01         1.5278E-01        1.368E-02        118.284
2            -2.9622459142E+01         2.6050E-01        1.396E-02        120.153
3            -2.9625046461E+01         4.0592E-02        1.088E-02        115.110
4            -2.9631416433E+01         2.4308E-01        9.257E-03        114.629
5            -2.9633318473E+01         2.3722E-01        6.761E-03        117.301
6            -2.9634467147E+01         2.3270E-01        3.798E-03        114.917
7            -2.9634978926E+01         2.7772E-01        4.458E-03        117.455
8            -2.9634248723E+01         3.1862E-01        4.229E-03        115.546
9            -2.9634283544E+01         3.5369E-01        4.417E-03        115.237
10           -2.9634626493E+01         3.7200E-01        5.003E-03        114.652
11           -2.9635300332E+01         4.1521E-01        6.527E-03        115.106
12           -2.9635195453E+01         4.0251E-01        6.154E-03        115.114
13           -2.9636071077E+01         4.3227E-01        7.198E-03        115.470
14           -2.9635307139E+01         4.5716E-01        6.072E-03        117.704
15           -2.9635198913E+01         4.5554E-01        5.272E-03        114.940
16           -2.9634151981E+01         8.1940E-02        5.899E-03        114.997
17           -2.9633752412E+01         1.8855E-01        3.245E-03        114.555
18           -2.9633667041E+01         2.5716E-01        1.473E-03        114.521
19           -2.9633384418E+01         3.1019E-01        1.232E-03        114.966
20           -2.9632982792E+01         3.3800E-01        1.843E-03        120.091
21           -2.9633005347E+01         3.2873E-01        1.400E-03        116.493
22           -2.9632936198E+01         3.0846E-01        7.217E-04        115.987
23           -2.9632980089E+01         3.1031E-01        5.719E-04        115.062
24           -2.9632855224E+01         2.8694E-01        1.098E-03        114.761
25           -2.9632835387E+01         2.8469E-01        1.069E-03        114.802
26           -2.9632820996E+01         2.6043E-01        1.626E-03        115.211
27           -2.9632868911E+01         1.9991E-01        3.097E-03        114.066
28           -2.9632878150E+01         1.9075E-01        3.267E-03        115.530
29           -2.9632887930E+01         1.8491E-01        3.358E-03        115.514
30           -2.9632829395E+01         2.5392E-01        1.661E-03        115.245
31           -2.9632789242E+01         3.0106E-01        3.406E-04        114.921
32           -2.9632692811E+01         2.8826E-01        4.346E-04        115.922
33           -2.9632657083E+01         2.9581E-01        1.731E-04        114.902
34           -2.9632619368E+01         2.9737E-01        8.862E-05        115.215
35           -2.9632590779E+01         2.9869E-01        6.875E-05        115.091
36           -2.9632575392E+01         2.9868E-01        5.409E-05        116.217
37           -2.9632555879E+01         3.0083E-01        3.533E-05        115.752
38           -2.9632536795E+01         2.9963E-01        2.641E-05        115.175
39           -2.9632528571E+01         3.0172E-01        4.402E-05        114.982
40           -2.9632534053E+01         2.9961E-01        3.769E-05        115.198
41           -2.9632526983E+01         2.9997E-01        1.885E-05        115.300
42           -2.9632524588E+01         3.0008E-01        1.036E-05        115.517
43           -2.9632520584E+01         3.0001E-01        5.662E-06        115.089
44           -2.9632520183E+01         2.9963E-01        1.230E-05        114.772
45           -2.9632518482E+01         3.0008E-01        5.313E-06        114.255
46           -2.9632517531E+01         2.9977E-01        3.392E-06        115.154
47           -2.9632516944E+01         2.9995E-01        3.254E-06        114.563
48           -2.9632517039E+01         2.9977E-01        2.748E-06        114.350
49           -2.9632516739E+01         2.9988E-01        1.274E-06        114.662
50           -2.9632516738E+01         2.9987E-01        6.674E-07        114.486
Total number of SCF: 50    

k = [-0.250, -0.250, 0.000]
Occupation of state 212 = 0.000000000000009.
Occupation of state 235 = 0.000000000000000.
Exx outer loop error: 6.6909858972e-01 

No.2 Exx outer loop: 
1            -2.9632864704E+01         5.7137E-01        4.355E-03        118.408
2            -2.9632637452E+01         5.0854E-01        2.739E-03        115.077
3            -2.9633238875E+01         5.2112E-01        1.514E-03        114.588
4            -2.9633056835E+01         5.2042E-01        1.050E-03        114.276
5            -2.9633634990E+01         4.9049E-01        8.185E-04        115.098
6            -2.9633167291E+01         4.7694E-01        5.201E-04        114.739
7            -2.9633166512E+01         5.6099E-01        1.323E-03        114.749
8            -2.9633152459E+01         5.4136E-01        8.648E-04        114.182
9            -2.9633126896E+01         6.0359E-01        1.801E-03        114.037
10           -2.9633032501E+01         5.1533E-01        1.319E-04        116.396
11           -2.9633011762E+01         5.4059E-01        5.516E-04        115.909
12           -2.9632945603E+01         4.9390E-01        3.836E-04        114.891
13           -2.9632910707E+01         5.0211E-01        1.578E-04        114.333
14           -2.9632900703E+01         4.8350E-01        4.438E-04        114.545
15           -2.9632912057E+01         4.8804E-01        3.295E-04        114.602
16           -2.9632877124E+01         4.7943E-01        4.442E-04        114.961
17           -2.9632875344E+01         4.9065E-01        1.970E-04        115.321
18           -2.9632855297E+01         4.9699E-01        3.818E-05        114.617
19           -2.9632839264E+01         4.9640E-01        3.065E-05        114.239
20           -2.9632831339E+01         4.9584E-01        3.002E-05        115.501
21           -2.9632819736E+01         4.9519E-01        3.052E-05        114.551
22           -2.9632818483E+01         4.9547E-01        1.665E-05        114.456
23           -2.9632817735E+01         4.9594E-01        4.313E-06        115.694
24           -2.9632818310E+01         4.9599E-01        4.305E-06        115.910
25           -2.9632816879E+01         4.9592E-01        2.822E-06        119.477
26           -2.9632816818E+01         4.9588E-01        1.502E-06        114.720
27           -2.9632816621E+01         4.9594E-01        1.443E-06        114.771
28           -2.9632816755E+01         4.9596E-01        7.986E-07        114.306
Total number of SCF: 28    

k = [-0.250, -0.250, 0.000]
Occupation of state 212 = 0.000000000000003.
Occupation of state 235 = 0.000000000000000.
Exx outer loop error: 1.6186386013e-02 

No.3 Exx outer loop: 
1            -2.9632915047E+01         7.1858E-01        4.484E-03        118.440
2            -2.9633227162E+01         5.7287E-01        1.687E-03        114.395
3            -2.9633186952E+01         6.7529E-01        2.178E-03        114.477
4            -2.9633033276E+01         5.9826E-01        5.912E-04        114.701
5            -2.9633036749E+01         5.8070E-01        2.640E-04        117.313
6            -2.9633016522E+01         6.0785E-01        5.076E-04        114.932
7            -2.9632976230E+01         5.6758E-01        4.783E-04        114.749
8            -2.9633036713E+01         6.3846E-01        1.022E-03        114.429
9            -2.9632975938E+01         5.7159E-01        3.577E-04        114.390
10           -2.9632960900E+01         5.6952E-01        3.486E-04        114.396
11           -2.9632957675E+01         5.6999E-01        2.985E-04        114.465
12           -2.9632949948E+01         5.7102E-01        2.140E-04        114.683
13           -2.9632940070E+01         5.7143E-01        1.688E-04        114.788
14           -2.9632926627E+01         5.7247E-01        1.242E-04        114.946
15           -2.9632904056E+01         5.7042E-01        1.270E-04        114.750
16           -2.9632898365E+01         5.7371E-01        3.708E-05        115.645
17           -2.9632890756E+01         5.7479E-01        2.423E-05        114.800
18           -2.9632880373E+01         5.7575E-01        3.981E-05        115.327
19           -2.9632875425E+01         5.7397E-01        1.729E-05        114.863
20           -2.9632871935E+01         5.7386E-01        1.463E-05        114.549
21           -2.9632867267E+01         5.7418E-01        8.161E-06        117.074
22           -2.9632862390E+01         5.7388E-01        9.843E-06        114.277
23           -2.9632860130E+01         5.7445E-01        8.958E-06        114.397
24           -2.9632858850E+01         5.7424E-01        3.600E-06        114.104
25           -2.9632858579E+01         5.7417E-01        1.547E-06        114.586
26           -2.9632857613E+01         5.7431E-01        3.315E-06        114.385
27           -2.9632857741E+01         5.7415E-01        1.598E-06        114.606
28           -2.9632857380E+01         5.7434E-01        2.652E-06        114.311
29           -2.9632857578E+01         5.7425E-01        6.708E-07        114.340
Total number of SCF: 29    

k = [-0.250, -0.250, 0.000]
Occupation of state 212 = 0.000000000000001.
Occupation of state 235 = 0.000000000000000.
Exx outer loop error: 5.8968400478e-03 

No.4 Exx outer loop: 
1            -2.9632892182E+01         6.9913E-01        2.423E-03        119.463
2            -2.9633091079E+01         6.2700E-01        9.555E-04        114.218
3            -2.9633008142E+01         6.4383E-01        5.707E-04        114.807
4            -2.9633013595E+01         6.1654E-01        3.514E-04        114.300
5            -2.9632965093E+01         6.2022E-01        1.713E-04        114.313
6            -2.9632919200E+01         6.5896E-01        7.109E-04        114.275
7            -2.9632906156E+01         6.2969E-01        6.479E-05        114.044
8            -2.9632893579E+01         6.2923E-01        2.533E-05        115.022
9            -2.9632890208E+01         6.2974E-01        2.679E-05        114.334
10           -2.9632885634E+01         6.3057E-01        1.461E-05        114.278
11           -2.9632878949E+01         6.3180E-01        2.092E-05        114.159
12           -2.9632876048E+01         6.2989E-01        1.823E-05        114.509
13           -2.9632873784E+01         6.2994E-01        1.372E-05        114.491
14           -2.9632873721E+01         6.3009E-01        4.921E-06        113.874
15           -2.9632872710E+01         6.2985E-01        8.224E-06        114.181
16           -2.9632871291E+01         6.3003E-01        2.108E-06        117.203
17           -2.9632869630E+01         6.3003E-01        1.043E-06        114.218
18           -2.9632868968E+01         6.2996E-01        1.799E-06        115.422
19           -2.9632868690E+01         6.2988E-01        2.714E-06        115.038
20           -2.9632868799E+01         6.2989E-01        2.339E-06        115.236
21           -2.9632868727E+01         6.2993E-01        1.393E-06        115.166
22           -2.9632868861E+01         6.2994E-01        1.197E-06        114.812
23           -2.9632868742E+01         6.2995E-01        9.187E-07        114.689
Total number of SCF: 23    

k = [-0.250, -0.250, 0.000]
Occupation of state 212 = 0.000000000000000.
Occupation of state 235 = 0.000000000000000.
Exx outer loop error: 2.2707100083e-03 

No.5 Exx outer loop: 
1            -2.9632881356E+01         7.0171E-01        1.132E-03        121.549
2            -2.9632996361E+01         6.8079E-01        5.457E-04        114.846
3            -2.9632942296E+01         7.7453E-01        2.290E-03        115.377
4            -2.9632965195E+01         7.8518E-01        2.580E-03        115.058
5            -2.9632927877E+01         6.7573E-01        3.819E-04        115.368
6            -2.9632928544E+01         6.8032E-01        2.688E-04        115.089
7            -2.9632926383E+01         6.8497E-01        7.661E-05        115.078
8            -2.9632901765E+01         6.8254E-01        8.921E-05        114.703
9            -2.9632880226E+01         6.8416E-01        2.566E-05        114.140
10           -2.9632879184E+01         6.8327E-01        3.369E-05        114.390
11           -2.9632878818E+01         6.8362E-01        1.694E-05        113.801
12           -2.9632877626E+01         6.8341E-01        1.773E-05        114.099
13           -2.9632876917E+01         6.8376E-01        8.742E-06        114.065
14           -2.9632875842E+01         6.8413E-01        2.769E-06        114.039
15           -2.9632875027E+01         6.8390E-01        6.974E-06        114.016
16           -2.9632875035E+01         6.8403E-01        3.735E-06        118.160
17           -2.9632874782E+01         6.8378E-01        9.180E-06        113.842
18           -2.9632874849E+01         6.8380E-01        8.662E-06        114.212
19           -2.9632874789E+01         6.8378E-01        9.120E-06        114.647
20           -2.9632874886E+01         6.8396E-01        5.188E-06        113.825
21           -2.9632874933E+01         6.8393E-01        5.069E-06        114.138
22           -2.9632874872E+01         6.8393E-01        3.997E-06        113.744
23           -2.9632874720E+01         6.8412E-01        1.356E-06        114.795
24           -2.9632874036E+01         6.8406E-01        1.080E-06        114.125
25           -2.9632873864E+01         6.8401E-01        1.800E-06        114.652
26           -2.9632873488E+01         6.8391E-01        3.338E-06        114.195
27           -2.9632873303E+01         6.8404E-01        4.338E-07        113.934
Total number of SCF: 27    

k = [-0.250, -0.250, 0.000]
Occupation of state 212 = 0.000000000000000.
Occupation of state 235 = 0.000000000000000.
Exx outer loop error: 9.8433101229e-04 

No.6 Exx outer loop: 
1            -2.9632878864E+01         7.3470E-01        5.229E-04        119.183
2            -2.9632960615E+01         7.4336E-01        5.060E-04        114.127
3            -2.9633081765E+01         8.2191E-01        2.573E-03        114.051
4            -2.9633098981E+01         7.7864E-01        1.510E-03        114.333
5            -2.9633044248E+01         7.3447E-01        7.169E-04        114.490
6            -2.9632973748E+01         7.5898E-01        6.932E-04        114.717
7            -2.9632914966E+01         7.2321E-01        5.899E-04        114.030
8            -2.9632922827E+01         7.3741E-01        2.840E-04        114.126
9            -2.9632910151E+01         7.3660E-01        3.198E-04        114.186
10           -2.9632900433E+01         7.3932E-01        2.249E-04        115.182
11           -2.9632900781E+01         7.4306E-01        8.506E-05        114.768
12           -2.9632898074E+01         7.4188E-01        9.027E-05        114.427
13           -2.9632898386E+01         7.4145E-01        7.864E-05        116.811
14           -2.9632898823E+01         7.4335E-01        1.791E-05        114.334
15           -2.9632896472E+01         7.4107E-01        6.477E-05        114.245
16           -2.9632894439E+01         7.4138E-01        3.751E-05        114.308
17           -2.9632891739E+01         7.4206E-01        1.544E-05        114.229
18           -2.9632889547E+01         7.4183E-01        1.439E-05        113.865
19           -2.9632886486E+01         7.4168E-01        1.035E-05        113.937
20           -2.9632883931E+01         7.4196E-01        7.040E-06        113.804
21           -2.9632880317E+01         7.4198E-01        3.045E-06        115.238
22           -2.9632879238E+01         7.4179E-01        5.927E-06        114.815
23           -2.9632877713E+01         7.4237E-01        1.419E-05        114.231
24           -2.9632877234E+01         7.4188E-01        1.500E-06        115.147
25           -2.9632876600E+01         7.4193E-01        1.565E-06        114.375
26           -2.9632875727E+01         7.4179E-01        2.133E-06        114.530
27           -2.9632875252E+01         7.4178E-01        1.576E-06        113.909
28           -2.9632875164E+01         7.4183E-01        3.980E-07        114.145
Total number of SCF: 28    

k = [-0.250, -0.250, 0.000]
Occupation of state 212 = 0.000000000000000.
Occupation of state 235 = 0.000000000000000.
Exx outer loop error: 1.7235198380e-04 

No.7 Exx outer loop: 
1            -2.9632877819E+01         7.8587E-01        3.404E-04        119.201
2            -2.9632950079E+01         8.0333E-01        5.564E-04        114.229
3            -2.9632983312E+01         8.2793E-01        9.292E-04        114.322
4            -2.9632912998E+01         7.9614E-01        2.710E-04        114.379
5            -2.9632940111E+01         7.9393E-01        4.294E-04        115.337
6            -2.9632953234E+01         7.9929E-01        1.829E-04        114.931
7            -2.9632919294E+01         8.0126E-01        3.796E-05        113.949
8            -2.9632894115E+01         8.0218E-01        6.346E-05        114.070
9            -2.9632886911E+01         8.0122E-01        1.762E-05        116.915
10           -2.9632880974E+01         8.0151E-01        1.136E-05        114.032
11           -2.9632879353E+01         8.0188E-01        8.212E-06        114.894
12           -2.9632878184E+01         8.0137E-01        1.553E-05        115.092
13           -2.9632876628E+01         8.0192E-01        7.621E-06        114.280
14           -2.9632875358E+01         8.0160E-01        5.386E-06        113.889
15           -2.9632874837E+01         8.0215E-01        1.961E-05        113.954
16           -2.9632876380E+01         8.0152E-01        5.157E-06        113.802
17           -2.9632876378E+01         8.0138E-01        7.297E-06        114.786
18           -2.9632876324E+01         8.0158E-01        2.405E-06        114.132
19           -2.9632877231E+01         8.0166E-01        4.644E-06        113.851
20           -2.9632877236E+01         8.0146E-01        3.446E-06        114.048
21           -2.9632877190E+01         8.0149E-01        2.243E-06        113.964
22           -2.9632877103E+01         8.0159E-01        2.388E-06        114.026
23           -2.9632876971E+01         8.0155E-01        4.890E-07        114.118
Total number of SCF: 23    

k = [-0.250, -0.250, 0.000]
Occupation of state 212 = 0.000000000000000.
Occupation of state 235 = 0.000000000000000.
Exx outer loop error: 2.1915773627e-04 

No.8 Exx outer loop: 
1            -2.9632878628E+01         8.3945E-01        3.395E-04        118.574
2            -2.9632941567E+01         8.5763E-01        5.951E-04        114.774
3            -2.9633047410E+01         8.2617E-01        1.320E-03        114.374
4            -2.9633062573E+01         8.6307E-01        3.235E-04        114.433
5            -2.9633000474E+01         8.5150E-01        1.366E-04        114.521
6            -2.9632980230E+01         8.5342E-01        1.128E-04        115.733
7            -2.9632957822E+01         8.5455E-01        6.722E-05        114.202
8            -2.9632942121E+01         8.5662E-01        4.381E-05        114.539
9            -2.9632919029E+01         8.5454E-01        9.325E-05        114.186
10           -2.9632900274E+01         8.5517E-01        4.691E-05        116.730
11           -2.9632895606E+01         8.5681E-01        3.960E-05        114.336
12           -2.9632894302E+01         8.5522E-01        3.029E-05        114.507
13           -2.9632889803E+01         8.5738E-01        7.164E-05        114.459
14           -2.9632885644E+01         8.5551E-01        6.659E-06        114.158
15           -2.9632884079E+01         8.5540E-01        6.782E-06        114.321
16           -2.9632881851E+01         8.5551E-01        2.872E-06        114.197
17           -2.9632880754E+01         8.5543E-01        1.978E-06        114.220
18           -2.9632880202E+01         8.5522E-01        6.956E-06        114.516
19           -2.9632880003E+01         8.5523E-01        5.390E-06        114.064
20           -2.9632879740E+01         8.5533E-01        9.292E-07        113.555
Total number of SCF: 20    

k = [-0.250, -0.250, 0.000]
Occupation of state 212 = 0.000000000000000.
Occupation of state 235 = 0.000000000000000.
Exx outer loop error: 1.4120094605e-04 

No.9 Exx outer loop: 
1            -2.9632882396E+01         8.8254E-01        3.837E-04        118.736
2            -2.9632925134E+01         8.9741E-01        5.930E-04        113.965
3            -2.9632951611E+01         8.9539E-01        2.939E-04        114.406
4            -2.9632953599E+01         8.9570E-01        2.043E-04        114.083
5            -2.9632949816E+01         8.9589E-01        1.504E-04        114.549
6            -2.9632926335E+01         8.9367E-01        6.779E-05        115.032
7            -2.9632929623E+01         8.9295E-01        1.211E-04        114.327
8            -2.9632928647E+01         8.9419E-01        3.825E-05        114.475
9            -2.9632917739E+01         8.8960E-01        2.954E-04        114.709
10           -2.9632912471E+01         8.9239E-01        1.260E-04        114.555
11           -2.9632898560E+01         8.9384E-01        3.612E-05        114.254
12           -2.9632891151E+01         8.9467E-01        1.344E-05        114.278
13           -2.9632886745E+01         8.9478E-01        1.089E-05        114.233
14           -2.9632885820E+01         8.9453E-01        8.216E-06        116.326
15           -2.9632884763E+01         8.9455E-01        6.946E-06        114.689
16           -2.9632883636E+01         8.9444E-01        1.068E-05        114.656
17           -2.9632882936E+01         8.9453E-01        4.157E-06        113.984
18           -2.9632882514E+01         8.9451E-01        3.720E-06        114.168
19           -2.9632881514E+01         8.9466E-01        7.483E-06        114.068
20           -2.9632881320E+01         8.9456E-01        1.003E-06        114.441
21           -2.9632880952E+01         8.9452E-01        1.873E-06        114.193
22           -2.9632880679E+01         8.9452E-01        2.075E-06        115.077
23           -2.9632879963E+01         8.9458E-01        2.066E-06        113.885
24           -2.9632879881E+01         8.9454E-01        2.634E-07        114.036
Total number of SCF: 24    

k = [-0.250, -0.250, 0.000]
Occupation of state 212 = 0.000000000000000.
Occupation of state 235 = 0.000000000000000.
Exx outer loop error: 4.3185137826e-04 

No.10 Exx outer loop: 
1            -2.9632880360E+01         9.1190E-01        3.099E-04        118.816
2            -2.9632907881E+01         9.1970E-01        4.072E-04        114.325
3            -2.9633040803E+01         8.9423E-01        1.543E-03        114.233
4            -2.9633037246E+01         9.0834E-01        7.461E-04        114.282
5            -2.9632981418E+01         9.0437E-01        9.546E-04        113.874
6            -2.9632964869E+01         9.0720E-01        7.773E-04        114.188
7            -2.9632934256E+01         9.3102E-01        1.146E-03        114.816
8            -2.9632904670E+01         9.2680E-01        7.986E-04        115.157
9            -2.9632872843E+01         9.2196E-01        3.547E-04        114.507
10           -2.9632868835E+01         9.1867E-01        8.757E-05        114.468
11           -2.9632878944E+01         9.1776E-01        2.099E-05        114.254
12           -2.9632883939E+01         9.1798E-01        1.405E-05        114.623
13           -2.9632886789E+01         9.1783E-01        2.460E-05        114.338
14           -2.9632885653E+01         9.1786E-01        1.874E-05        117.404
15           -2.9632884772E+01         9.1803E-01        6.410E-06        114.105
16           -2.9632885094E+01         9.1797E-01        8.178E-06        114.474
17           -2.9632884465E+01         9.1806E-01        2.735E-06        114.337
18           -2.9632883326E+01         9.1815E-01        7.520E-06        113.924
19           -2.9632883040E+01         9.1804E-01        1.991E-06        114.616
20           -2.9632882649E+01         9.1818E-01        1.004E-05        113.678
21           -2.9632882495E+01         9.1812E-01        4.698E-06        114.067
22           -2.9632882469E+01         9.1810E-01        3.178E-06        114.620
23           -2.9632882182E+01         9.1806E-01        1.529E-06        114.577
24           -2.9632881804E+01         9.1812E-01        4.524E-06        114.103
25           -2.9632881725E+01         9.1808E-01        1.512E-06        114.143
26           -2.9632881720E+01         9.1810E-01        1.978E-06        113.978
27           -2.9632881553E+01         9.1807E-01        6.136E-07        113.742
Total number of SCF: 27    

k = [-0.250, -0.250, 0.000]
Occupation of state 212 = 0.000000000000000.
Occupation of state 235 = 0.000000000000000.
Exx outer loop error: 2.7605778680e-04 

No.11 Exx outer loop: 
1            -2.9632882445E+01         9.2738E-01        2.453E-04        119.201
2            -2.9632895474E+01         9.3206E-01        2.923E-04        114.263
3            -2.9632905639E+01         9.2974E-01        7.792E-05        115.252
4            -2.9632909513E+01         9.3130E-01        7.887E-05        116.447
5            -2.9632904436E+01         9.3073E-01        1.956E-05        117.926
6            -2.9632898864E+01         9.3084E-01        1.757E-05        114.197
7            -2.9632895472E+01         9.3159E-01        5.940E-05        119.292
8            -2.9632894060E+01         9.3118E-01        2.026E-05        114.278
9            -2.9632890198E+01         9.3069E-01        2.469E-05        114.650
10           -2.9632889651E+01         9.3074E-01        2.050E-05        114.164
11           -2.9632887508E+01         9.3071E-01        2.042E-05        115.875
12           -2.9632886016E+01         9.3072E-01        1.571E-05        116.583
13           -2.9632884781E+01         9.3084E-01        2.852E-06        114.607
14           -2.9632882875E+01         9.3080E-01        2.781E-06        114.731
15           -2.9632882065E+01         9.3073E-01        8.267E-06        114.064
16           -2.9632882138E+01         9.3077E-01        4.035E-06        114.122
17           -2.9632881994E+01         9.3078E-01        2.154E-06        113.643
18           -2.9632881947E+01         9.3074E-01        5.882E-06        113.854
19           -2.9632881744E+01         9.3075E-01        2.451E-06        114.384
20           -2.9632881695E+01         9.3075E-01        2.116E-06        113.730
21           -2.9632881771E+01         9.3077E-01        8.653E-07        114.135
Total number of SCF: 21    

k = [-0.250, -0.250, 0.000]
Occupation of state 212 = 0.000000000000000.
Occupation of state 235 = 0.000000000000000.
Exx outer loop error: 2.1504174978e-04 

No.12 Exx outer loop: 
1            -2.9632882492E+01         9.3569E-01        1.786E-04        118.258
2            -2.9632888804E+01         9.3849E-01        2.024E-04        114.839
3            -2.9632915992E+01         9.3151E-01        4.499E-04        114.476
4            -2.9632916933E+01         9.3684E-01        1.443E-04        114.937
5            -2.9632913735E+01         9.3595E-01        1.592E-04        114.481
6            -2.9632904993E+01         9.3803E-01        2.930E-05        114.585
7            -2.9632900106E+01         9.3757E-01        2.082E-05        114.004
8            -2.9632894934E+01         9.3757E-01        1.785E-05        113.904
9            -2.9632893016E+01         9.3756E-01        1.715E-05        113.941
10           -2.9632887641E+01         9.3754E-01        1.872E-05        114.115
11           -2.9632884470E+01         9.3753E-01        1.812E-05        114.709
12           -2.9632882868E+01         9.3756E-01        1.482E-05        113.819
13           -2.9632881817E+01         9.3759E-01        8.882E-06        114.185
14           -2.9632881585E+01         9.3758E-01        7.879E-06        114.753
15           -2.9632882104E+01         9.3777E-01        1.776E-05        115.339
16           -2.9632881671E+01         9.3759E-01        5.563E-06        114.200
17           -2.9632882020E+01         9.3756E-01        6.277E-06        113.671
18           -2.9632881970E+01         9.3756E-01        6.414E-06        114.136
19           -2.9632882081E+01         9.3756E-01        6.097E-06        114.709
20           -2.9632882030E+01         9.3756E-01        6.358E-06        113.848
21           -2.9632882092E+01         9.3756E-01        6.148E-06        113.693
22           -2.9632882061E+01         9.3754E-01        6.836E-06        114.024
23           -2.9632882124E+01         9.3753E-01        8.338E-06        114.028
24           -2.9632882070E+01         9.3752E-01        9.794E-06        113.911
25           -2.9632882027E+01         9.3752E-01        1.022E-05        113.964
26           -2.9632882093E+01         9.3752E-01        9.275E-06        113.776
27           -2.9632882150E+01         9.3750E-01        1.111E-05        113.993
28           -2.9632881968E+01         9.3749E-01        1.166E-05        114.179
29           -2.9632882288E+01         9.3751E-01        1.028E-05        114.091
30           -2.9632882422E+01         9.3765E-01        6.866E-06        116.225
31           -2.9632882201E+01         9.3757E-01        4.057E-06        114.168
32           -2.9632882429E+01         9.3761E-01        9.567E-07        113.654
Total number of SCF: 32    

k = [-0.250, -0.250, 0.000]
Occupation of state 212 = 0.000000000000000.
Occupation of state 235 = 0.000000000000000.
Exx outer loop error: 4.2296974908e-04 

No.13 Exx outer loop: 
1            -2.9632882847E+01         9.4012E-01        1.358E-04        119.504
2            -2.9632884592E+01         9.4209E-01        1.393E-04        114.269
3            -2.9632892110E+01         9.4326E-01        2.654E-04        114.165
4            -2.9632881691E+01         9.3767E-01        3.958E-04        114.083
5            -2.9632891717E+01         9.4121E-01        1.234E-05        113.923
6            -2.9632889844E+01         9.4148E-01        1.507E-05        115.899
7            -2.9632886985E+01         9.4167E-01        2.747E-05        115.367
8            -2.9632887101E+01         9.4161E-01        2.143E-05        114.198
9            -2.9632890503E+01         9.4154E-01        2.170E-05        114.264
10           -2.9632890991E+01         9.4150E-01        1.762E-05        113.717
11           -2.9632890680E+01         9.4149E-01        1.725E-05        113.986
12           -2.9632889379E+01         9.4155E-01        2.348E-05        114.003
13           -2.9632889557E+01         9.4162E-01        2.864E-05        113.954
14           -2.9632889224E+01         9.4162E-01        2.932E-05        114.683
15           -2.9632887590E+01         9.4159E-01        2.640E-05        113.989
16           -2.9632886694E+01         9.4157E-01        2.312E-05        114.461
17           -2.9632886235E+01         9.4153E-01        1.920E-05        114.304
18           -2.9632884086E+01         9.4158E-01        2.256E-05        114.357
19           -2.9632883310E+01         9.4153E-01        1.824E-05        113.988
20           -2.9632883285E+01         9.4164E-01        2.530E-05        114.510
21           -2.9632883311E+01         9.4165E-01        2.696E-05        113.636
22           -2.9632883194E+01         9.4164E-01        2.594E-05        115.060
23           -2.9632883073E+01         9.4167E-01        2.639E-05        114.956
24           -2.9632883272E+01         9.4164E-01        2.514E-05        114.263
25           -2.9632883934E+01         9.4147E-01        9.365E-06        114.152
26           -2.9632884882E+01         9.4138E-01        4.241E-06        114.156
27           -2.9632883926E+01         9.4162E-01        1.973E-05        114.532
28           -2.9632884439E+01         9.4148E-01        5.893E-06        113.885
29           -2.9632883534E+01         9.4154E-01        1.021E-05        113.792
30           -2.9632884046E+01         9.4153E-01        9.244E-06        114.294
31           -2.9632883702E+01         9.4151E-01        7.648E-06        114.563
32           -2.9632883322E+01         9.4151E-01        6.981E-06        113.832
33           -2.9632882618E+01         9.4144E-01        9.126E-07        113.969
Total number of SCF: 33    

k = [-0.250, -0.250, 0.000]
Occupation of state 212 = 0.000000000000000.
Occupation of state 235 = 0.000000000000000.
Exx outer loop error: 3.5770534334e-04 

No.14 Exx outer loop: 
1            -2.9632884001E+01         9.4250E-01        1.327E-04        148.343
2            -2.9632884192E+01         9.4489E-01        1.903E-04        145.361
3            -2.9632908180E+01         9.4723E-01        4.593E-04        158.352
4            -2.9632914343E+01         9.4672E-01        3.797E-04        155.123
5            -2.9632910205E+01         9.4637E-01        3.363E-04        137.899
6            -2.9632888240E+01         9.4367E-01        2.870E-05        144.554
7            -2.9632886306E+01         9.4406E-01        7.632E-05        138.376
8            -2.9632882823E+01         9.4345E-01        2.603E-05        122.198
9            -2.9632882231E+01         9.4361E-01        7.082E-06        146.202
10           -2.9632882615E+01         9.4372E-01        8.617E-06        149.414
11           -2.9632882513E+01         9.4369E-01        4.033E-06        137.975
12           -2.9632881991E+01         9.4375E-01        8.201E-06        130.305
13           -2.9632881274E+01         9.4370E-01        2.194E-06        125.006
14           -2.9632881108E+01         9.4373E-01        4.688E-06        119.771
15           -2.9632881041E+01         9.4368E-01        2.384E-06        114.189
16           -2.9632881709E+01         9.4374E-01        3.400E-06        114.030
17           -2.9632881618E+01         9.4372E-01        1.439E-06        114.429
18           -2.9632881792E+01         9.4369E-01        1.859E-06        114.538
19           -2.9632881979E+01         9.4368E-01        2.517E-06        114.347
20           -2.9632882104E+01         9.4370E-01        4.967E-07        113.681
Total number of SCF: 20    

k = [-0.250, -0.250, 0.000]
Occupation of state 212 = 0.000000000000000.
Occupation of state 235 = 0.000000000000000.
Exx outer loop error: 2.7821212851e-04 

No.15 Exx outer loop: 
1            -2.9632882244E+01         9.4458E-01        6.145E-05        118.709
2            -2.9632883124E+01         9.4548E-01        6.748E-05        114.048
3            -2.9632889983E+01         9.4620E-01        1.472E-04        113.941
4            -2.9632889168E+01         9.4534E-01        2.247E-05        114.139
5            -2.9632886460E+01         9.4483E-01        4.226E-05        114.432
6            -2.9632886602E+01         9.4496E-01        2.521E-05        114.010
7            -2.9632885954E+01         9.4506E-01        1.319E-05        114.077
8            -2.9632885276E+01         9.4511E-01        7.975E-06        114.171
9            -2.9632883978E+01         9.4508E-01        8.556E-06        114.197
10           -2.9632883724E+01         9.4512E-01        2.743E-06        114.354
11           -2.9632883461E+01         9.4511E-01        2.129E-06        114.283
12           -2.9632883202E+01         9.4511E-01        2.679E-06        114.494
13           -2.9632882943E+01         9.4512E-01        1.513E-06        114.477
14           -2.9632882590E+01         9.4512E-01        9.466E-07        114.384
Total number of SCF: 14    

k = [-0.250, -0.250, 0.000]
Occupation of state 212 = 0.000000000000000.
Occupation of state 235 = 0.000000000000000.
Exx outer loop error: 1.6827076302e-04 

No.16 Exx outer loop: 
1            -2.9632883232E+01         9.4570E-01        4.215E-05        119.132
2            -2.9632883115E+01         9.4625E-01        4.539E-05        114.270
3            -2.9632894201E+01         9.4804E-01        2.592E-04        114.123
4            -2.9632890606E+01         9.4715E-01        1.407E-04        113.818
5            -2.9632888203E+01         9.4678E-01        8.563E-05        113.818
6            -2.9632883695E+01         9.4605E-01        6.671E-06        113.669
7            -2.9632884054E+01         9.4605E-01        3.908E-06        114.423
8            -2.9632882636E+01         9.4605E-01        1.119E-06        114.944
9            -2.9632882530E+01         9.4614E-01        1.189E-05        116.330
10           -2.9632882207E+01         9.4605E-01        1.739E-06        113.890
11           -2.9632882001E+01         9.4607E-01        3.836E-06        114.304
12           -2.9632881996E+01         9.4607E-01        4.545E-06        113.893
13           -2.9632881809E+01         9.4605E-01        1.660E-06        113.859
14           -2.9632881782E+01         9.4605E-01        8.559E-07        113.625
Total number of SCF: 14    

k = [-0.250, -0.250, 0.000]
Occupation of state 212 = 0.000000000000000.
Occupation of state 235 = 0.000000000000000.
Exx outer loop error: 3.5649305408e-04 

No.17 Exx outer loop: 
1            -2.9632881624E+01         9.4625E-01        4.360E-05        118.674
2            -2.9632882303E+01         9.4705E-01        5.752E-05        113.862
3            -2.9632883802E+01         9.4731E-01        9.034E-05        115.967
4            -2.9632882579E+01         9.4662E-01        7.617E-06        114.138
5            -2.9632882368E+01         9.4659E-01        5.110E-06        113.906
6            -2.9632882638E+01         9.4666E-01        3.768E-06        114.197
7            -2.9632882423E+01         9.4665E-01        1.389E-06        114.187
8            -2.9632882105E+01         9.4668E-01        2.910E-06        113.959
9            -2.9632881906E+01         9.4664E-01        1.781E-06        113.949
10           -2.9632881821E+01         9.4665E-01        3.925E-07        113.732
Total number of SCF: 10    

k = [-0.250, -0.250, 0.000]
Occupation of state 212 = 0.000000000000000.
Occupation of state 235 = 0.000000000000000.
Exx outer loop error: 1.0943206676e-04 

No.18 Exx outer loop: 
1            -2.9632881654E+01         9.4696E-01        2.214E-05        120.074
2            -2.9632881935E+01         9.4706E-01        9.609E-06        116.162
3            -2.9632881789E+01         9.4689E-01        2.153E-05        114.006
4            -2.9632882198E+01         9.4701E-01        5.534E-06        113.742
5            -2.9632882327E+01         9.4711E-01        6.931E-06        113.695
6            -2.9632881839E+01         9.4705E-01        2.333E-06        113.908
7            -2.9632881716E+01         9.4709E-01        2.240E-06        113.986
8            -2.9632881601E+01         9.4708E-01        3.268E-07        113.957
Total number of SCF: 8     

k = [-0.250, -0.250, 0.000]
Occupation of state 212 = 0.000000000000000.
Occupation of state 235 = 0.000000000000000.
Exx outer loop error: 2.4596746249e-04 

No.19 Exx outer loop: 
1            -2.9632881494E+01         9.4741E-01        1.623E-05        120.083
2            -2.9632881716E+01         9.4720E-01        2.226E-05        115.149
3            -2.9632882435E+01         9.4758E-01        2.150E-05        113.831
4            -2.9632881851E+01         9.4739E-01        1.704E-06        113.670
5            -2.9632881871E+01         9.4737E-01        3.207E-06        113.921
6            -2.9632881937E+01         9.4738E-01        1.417E-06        114.086
7            -2.9632881948E+01         9.4739E-01        6.970E-07        113.658
Total number of SCF: 7     

k = [-0.250, -0.250, 0.000]
Occupation of state 212 = 0.000000000000000.
Occupation of state 235 = 0.000000000000000.
Exx outer loop error: 2.6055768662e-05 
====================================================================
                    Energy and force calculation                    
====================================================================
Free energy per atom               : -2.9632881831E+01 (Ha/atom)
Total free energy                  : -1.4520112097E+03 (Ha)
Band structure energy              : -3.7051509905E+02 (Ha)
Exchange correlation energy        : -1.6461908236E+02 (Ha)
Self and correction energy         : -1.9107081629E+03 (Ha)
Entropy*kb*T                       : -3.7340956944E-03 (Ha)
Fermi level                        : -1.6916748320E-01 (Ha)
RMS force                          :  2.0174262724E-02 (Ha/Bohr)
Maximum force                      :  1.0527060120E-01 (Ha/Bohr)
Time for force calculation         :  1.988 (sec)
***************************************************************************
                               Timing info                                 
***************************************************************************
Total walltime                     :  173621.333 sec
___________________________________________________________________________

***************************************************************************
*             Material Physics & Mechanics Group, Georgia Tech            *
*                       PI: Phanish Suryanarayana                         *
*                Main Developers: Qimen Xu, Abhiraj Sharma                *
*     Collaborators: J.E. Pask (LLNL), A.J. Medford (GT), E. Chow (GT)    *
*  Acknowledgements: U.S. DOE (DE-SC0019410); U.S. NSF (1333500,1553212)  *
***************************************************************************
                                                                           
