***************************************************************************
*                       SPARC (version Dec 27, 2021)                      *
*   Copyright (c) 2020 Material Physics & Mechanics Group, Georgia Tech   *
*           Distributed under GNU General Public License 3 (GPL)          *
*                   Start time: Tue Jan 25 21:38:22 2022                  *
***************************************************************************
                           Input parameters                                
***************************************************************************
CELL: 12.4338823950489 11.2657846029438 47.5378507412217 
LATVEC:
1.000000000000000 0.000000000000000 0.000000000000000 
-0.000130020950961 0.999999991547276 0.000000000000000 
0.000000000000000 -0.000000000000000 1.000000000000000 
FD_GRID: 66 60 252
FD_ORDER: 12
BC: P P D
KPOINT_GRID: 4 4 1
KPOINT_SHIFT: 0 0 0
SPIN_TYP: 1
ELEC_TEMP_TYPE: Gaussian
SMEARING: 0.007349864435
CHEB_DEGREE: 37
NSTATES: 239
EXCHANGE_CORRELATION: HSE
CALC_STRESS: 0
CALC_PRES: 0
CHEFSI_BOUND_FLAG: 0
MAXIT_SCF: 100
MINIT_SCF: 3
MAXIT_POISSON: 3000
TOL_SCF: 1.00E-06
POISSON_SOLVER: AAR
TOL_POISSON: 1.00E-08
TOL_LANCZOS: 1.00E-02
TOL_PSEUDOCHARGE: 1.00E-08
MIXING_VARIABLE: density
MIXING_PRECOND: kerker
MIXING_PRECOND_MAG: none
TOL_PRECOND: 3.54E-05
PRECOND_KERKER_KTF: 1
PRECOND_KERKER_THRESH: 0.1
MIXING_PARAMETER: 0.3
MIXING_PARAMETER_MAG: 0.3
MIXING_HISTORY: 7
PULAY_FREQUENCY: 1
PULAY_RESTART: 0
REFERENCE_CUTOFF: 0.5
RHO_TRIGGER: 4
FIX_RAND: 0
VERBOSITY: 1
PRINT_FORCES: 1
PRINT_ATOMS: 1
PRINT_EIGEN: 1
PRINT_DENSITY: 0
PRINT_ENERGY_DENSITY: 0
TOL_FOCK: 5.00E-05
TOL_SCF_INIT: 1.00E-04
MAXIT_FOCK: 1000
EXX_METHOD: FOURIER_SPACE
EXX_DIVERGENCE: AUXILIARY
ACE_FLAG: 1
EXX_ACE_MEM: 1
EXX_ACE_VALENCE_STATES: 10000
EXX_DOWNSAMPLING: 1 1 1
EXX_RANGE_FOCK: 0.106000
EXX_RANGE_PBE: 0.106000
OUTPUT_FILE: sprc-calc
***************************************************************************
                                Cell                                       
***************************************************************************
Lattice vectors (Bohr):
12.433882395048860 0.000000000000000 0.000000000000000 
-0.001464788027397 11.265784507717260 0.000000000000000 
0.000000000000000 -0.000000000000000 47.537850741221725 
Volume                  :  6.6589804186E+03 (Bohr^3)
***************************************************************************
                           Parallelization                                 
***************************************************************************
NP_SPIN_PARAL: 2
NP_KPOINT_PARAL: 10
NP_BAND_PARAL: 1
NP_DOMAIN_PARAL: 2 1 8
NP_DOMAIN_PHI_PARAL: 4 4 21
EIG_SERIAL_MAXNS: 1500
***************************************************************************
                             Initialization                                
***************************************************************************
Number of processors               :  336
Mesh spacing in x-direction        :  0.188392 (Bohr)
Mesh spacing in y-direction        :  0.187763 (Bohr)
Mesh spacing in z direction        :  0.188642 (Bohr)
Number of symmetry adapted k-points:  10
Output printed to                  :  sprc-calc.out
Final eigenvalues printed to       :  sprc-calc.eigen
Total number of atom types         :  5
Total number of atoms              :  53
Total number of electrons          :  391
Atom type 1  (valence electrons)   :  C 4
Pseudopotential                    :  C.psp8
Pseudocharge radii of atom type 1  :  6.78 6.76 6.79 (x, y, z dir)
Number of atoms of type 1          :  1
Atom type 2  (valence electrons)   :  H 1
Pseudopotential                    :  H.psp8
Pseudocharge radii of atom type 2  :  3.77 3.76 3.77 (x, y, z dir)
Number of atoms of type 2          :  4
Atom type 3  (valence electrons)   :  N 5
Pseudopotential                    :  N.psp8
Pseudocharge radii of atom type 3  :  6.78 6.76 6.79 (x, y, z dir)
Number of atoms of type 3          :  1
Atom type 4  (valence electrons)   :  O 6
Pseudopotential                    :  O.psp8
Pseudocharge radii of atom type 4  :  6.78 6.76 6.79 (x, y, z dir)
Number of atoms of type 4          :  31
Atom type 5  (valence electrons)   :  Ti 12
Pseudopotential                    :  Ti.psp8
Pseudocharge radii of atom type 5  :  6.78 6.76 6.79 (x, y, z dir)
Number of atoms of type 5          :  16
Estimated total memory usage       :  448.99 GB
Estimated memory per processor     :  1.34 GB
========================================================================================
                    Self Consistent Field (SCF#1)                     
========================================================================================
Iteration     Free Energy (Ha/atom)    Magnetization     SCF Error        Timing (sec)
1            -2.7536808860E+01        -9.7177E+00        4.467E-01        294.953
2            -2.9208691301E+01         1.0995E+01        4.471E-01        74.182
3            -2.7748907906E+01         4.8542E+00        3.500E-01        74.252
4            -2.7699458657E+01        -7.4117E+00        3.077E-01        74.510
5            -2.7701129454E+01        -8.4197E-01        2.212E-01        74.182
6            -2.7711605760E+01        -7.1267E+00        1.508E-01        74.236
7            -2.7701945999E+01        -9.8578E-01        1.131E-01        74.508
8            -2.7715023677E+01        -8.2253E-01        7.617E-02        74.653
9            -2.7703757180E+01        -9.1365E-01        6.669E-02        74.675
10           -2.7710350771E+01        -2.3943E-01        6.585E-02        74.991
11           -2.7686406408E+01         5.2831E-01        4.569E-02        74.712
12           -2.7680217632E+01         9.1530E-02        4.092E-02        74.679
13           -2.7672826301E+01         3.1589E-02        3.062E-02        74.503
14           -2.7663985357E+01         2.6194E-02        2.435E-02        74.517
15           -2.7650686746E+01        -2.6771E-01        1.818E-02        74.388
16           -2.7648574621E+01        -2.1576E-01        1.507E-02        74.705
17           -2.7639043850E+01        -1.4192E-01        1.114E-02        74.478
18           -2.7634937870E+01        -1.1294E-02        9.145E-03        74.656
19           -2.7628473320E+01         3.6628E-02        6.489E-03        74.077
20           -2.7628141792E+01         5.8393E-03        5.243E-03        75.449
21           -2.7625081053E+01         8.4350E-02        4.209E-03        75.561
22           -2.7623234608E+01         4.8319E-02        3.273E-03        74.681
23           -2.7621020052E+01         7.5824E-02        2.513E-03        74.320
24           -2.7619897127E+01         7.5311E-02        2.326E-03        74.251
25           -2.7618569125E+01         7.2097E-02        2.395E-03        74.000
26           -2.7618590737E+01         7.9292E-02        1.937E-03        74.687
27           -2.7618245059E+01         6.2512E-02        2.707E-03        74.261
28           -2.7617845428E+01         8.2177E-02        1.401E-03        74.435
29           -2.7617860519E+01         4.5376E-02        3.986E-03        74.455
30           -2.7617409695E+01         8.5991E-02        1.071E-03        74.397
31           -2.7617212751E+01         1.0560E-01        1.809E-03        74.052
32           -2.7617123184E+01         1.0556E-01        1.436E-03        74.324
33           -2.7617286301E+01         1.0652E-01        1.349E-03        74.050
34           -2.7617233040E+01         1.0647E-01        1.119E-03        74.606
35           -2.7617092873E+01         1.0634E-01        5.074E-04        83.023
36           -2.7616962160E+01         1.0735E-01        4.275E-04        76.178
37           -2.7616847454E+01         1.1603E-01        3.011E-04        76.484
38           -2.7616774097E+01         1.1426E-01        6.952E-04        75.541
39           -2.7616710456E+01         1.2170E-01        2.940E-04        75.884
40           -2.7616679214E+01         1.3005E-01        1.540E-04        103.684
41           -2.7616657542E+01         1.3258E-01        9.755E-05        73.522
Total number of SCF: 41    

k = [-0.250, -0.250, 0.000]
Occupation of state 215 = 0.000000000003016.
Occupation of state 239 = 0.000000000000000.

No.1 Exx outer loop: 
1            -2.7422910418E+01         2.9676E-01        1.419E-02        119.958
2            -2.7414751002E+01         3.1772E-01        1.342E-02        116.648
3            -2.7417132670E+01         3.0790E-01        1.052E-02        116.389
4            -2.7422308271E+01         2.8541E-01        5.073E-03        116.789
5            -2.7424218956E+01         3.4028E-01        3.012E-03        116.358
6            -2.7425635801E+01         4.1677E-01        1.751E-03        116.536
7            -2.7425870859E+01         4.7286E-01        1.785E-03        116.223
8            -2.7425851548E+01         4.7401E-01        1.574E-03        116.761
9            -2.7425388730E+01         5.0604E-01        1.056E-03        115.354
10           -2.7425127344E+01         5.0109E-01        1.009E-03        115.808
11           -2.7425035324E+01         4.8712E-01        7.178E-04        115.920
12           -2.7424894358E+01         4.6313E-01        6.949E-04        116.041
13           -2.7424852929E+01         4.6501E-01        5.390E-04        115.456
14           -2.7424727432E+01         4.5386E-01        5.220E-04        115.111
15           -2.7424602223E+01         4.3950E-01        3.510E-04        114.713
16           -2.7424529741E+01         4.3705E-01        2.414E-04        124.381
17           -2.7424474732E+01         4.3125E-01        2.019E-04        117.625
18           -2.7424427833E+01         4.3636E-01        1.748E-04        116.420
19           -2.7424379562E+01         4.3457E-01        1.251E-04        121.813
20           -2.7424306186E+01         4.3714E-01        5.854E-05        128.910
21           -2.7424278238E+01         4.3661E-01        5.420E-05        116.120
22           -2.7424253413E+01         4.3756E-01        2.891E-05        123.604
23           -2.7424253151E+01         4.3806E-01        1.834E-05        117.416
24           -2.7424251719E+01         4.3827E-01        1.621E-05        115.919
25           -2.7424246877E+01         4.3821E-01        9.131E-06        142.347
26           -2.7424241159E+01         4.3792E-01        4.915E-06        115.324
27           -2.7424240027E+01         4.3782E-01        3.570E-06        116.343
28           -2.7424240946E+01         4.3783E-01        2.120E-06        118.930
29           -2.7424241330E+01         4.3769E-01        4.682E-06        119.636
30           -2.7424241309E+01         4.3768E-01        2.944E-06        115.828
31           -2.7424241275E+01         4.3767E-01        2.079E-06        115.622
32           -2.7424241690E+01         4.3773E-01        1.247E-06        134.996
33           -2.7424241389E+01         4.3770E-01        1.587E-06        114.676
34           -2.7424241208E+01         4.3771E-01        1.158E-06        115.627
35           -2.7424240961E+01         4.3775E-01        4.251E-07        114.651
Total number of SCF: 35    

k = [-0.250, -0.250, 0.000]
Occupation of state 215 = 0.000000000000000.
Occupation of state 239 = 0.000000000000000.
Exx outer loop error: 6.2424694408e-01 

No.2 Exx outer loop: 
1            -2.7424568907E+01         7.5855E-01        3.365E-03        154.879
2            -2.7424394768E+01         7.8479E-01        2.908E-03        143.879
3            -2.7425193011E+01         8.8795E-01        4.288E-03        163.696
4            -2.7424785656E+01         8.5290E-01        2.936E-03        158.376
5            -2.7425311120E+01         8.6580E-01        2.453E-03        157.068
6            -2.7425714053E+01         8.9160E-01        1.933E-03        137.894
7            -2.7425798236E+01         9.0718E-01        1.540E-03        143.779
8            -2.7425371810E+01         8.6165E-01        2.018E-03        124.761
9            -2.7425255756E+01         8.7984E-01        1.401E-03        144.822
10           -2.7425262707E+01         8.9281E-01        9.684E-04        221.994
11           -2.7425138628E+01         8.7406E-01        8.124E-04        161.162
12           -2.7424990674E+01         8.6449E-01        5.405E-04        146.841
13           -2.7424959588E+01         8.2888E-01        7.458E-04        138.449
14           -2.7424944553E+01         8.4872E-01        3.751E-04        126.899
15           -2.7424780027E+01         7.9474E-01        9.740E-04        125.620
16           -2.7424695724E+01         8.3666E-01        2.357E-04        120.604
17           -2.7424611222E+01         8.1730E-01        2.043E-04        115.983
18           -2.7424605725E+01         8.2509E-01        8.031E-05        115.224
19           -2.7424604000E+01         8.2434E-01        8.151E-05        134.158
20           -2.7424565475E+01         8.2484E-01        4.689E-05        115.334
21           -2.7424552660E+01         8.2232E-01        4.983E-05        118.876
22           -2.7424538576E+01         8.1851E-01        8.568E-05        116.435
23           -2.7424539469E+01         8.2033E-01        4.912E-05        114.703
24           -2.7424534580E+01         8.2255E-01        2.413E-05        120.078
25           -2.7424534268E+01         8.2380E-01        3.159E-05        115.543
26           -2.7424528850E+01         8.2403E-01        2.515E-05        114.987
27           -2.7424528353E+01         8.2418E-01        2.254E-05        123.006
28           -2.7424528161E+01         8.2461E-01        2.846E-05        123.476
29           -2.7424528802E+01         8.2424E-01        1.631E-05        115.368
30           -2.7424530046E+01         8.2570E-01        4.064E-05        115.254
31           -2.7424531809E+01         8.2742E-01        7.362E-05        114.655
32           -2.7424530359E+01         8.2769E-01        7.660E-05        114.949
33           -2.7424530566E+01         8.2773E-01        7.732E-05        114.309
34           -2.7424530290E+01         8.2753E-01        7.325E-05        114.505
35           -2.7424529060E+01         8.2630E-01        4.926E-05        114.482
36           -2.7424527158E+01         8.2421E-01        6.544E-06        115.821
37           -2.7424526395E+01         8.2394E-01        1.603E-06        117.102
38           -2.7424525655E+01         8.2401E-01        1.099E-06        114.691
39           -2.7424525649E+01         8.2415E-01        2.943E-06        114.432
40           -2.7424525502E+01         8.2411E-01        1.966E-06        115.764
41           -2.7424525382E+01         8.2395E-01        1.445E-06        115.099
42           -2.7424525412E+01         8.2389E-01        2.865E-06        114.553
43           -2.7424525425E+01         8.2394E-01        1.601E-06        114.927
44           -2.7424525443E+01         8.2401E-01        2.951E-07        114.931
Total number of SCF: 44    

k = [-0.250, -0.250, 0.000]
Occupation of state 215 = 0.000000000000000.
Occupation of state 239 = 0.000000000000000.
Exx outer loop error: 1.0536140386e-02 

No.3 Exx outer loop: 
1            -2.7424616437E+01         9.8253E-01        2.244E-03        118.777
2            -2.7424798090E+01         9.7492E-01        1.629E-03        115.221
3            -2.7424707858E+01         9.9658E-01        1.476E-03        114.791
4            -2.7424715616E+01         9.8863E-01        7.409E-04        115.176
5            -2.7424693202E+01         9.7400E-01        6.120E-04        115.075
6            -2.7424648411E+01         9.6273E-01        4.142E-04        115.291
7            -2.7424690598E+01         9.6577E-01        2.401E-04        114.774
8            -2.7424673987E+01         9.1556E-01        6.136E-04        114.877
9            -2.7424676551E+01         9.3371E-01        2.795E-04        114.780
10           -2.7424673194E+01         9.2562E-01        3.176E-04        115.043
11           -2.7424667933E+01         9.2586E-01        2.484E-04        114.700
12           -2.7424647893E+01         9.3016E-01        1.022E-04        121.787
13           -2.7424630757E+01         9.2819E-01        7.826E-05        115.855
14           -2.7424618323E+01         9.2974E-01        3.130E-05        120.082
15           -2.7424608642E+01         9.2795E-01        3.445E-05        129.903
16           -2.7424591579E+01         9.2681E-01        3.035E-05        117.241
17           -2.7424585489E+01         9.2564E-01        3.630E-05        116.453
18           -2.7424585409E+01         9.2532E-01        4.554E-05        130.281
19           -2.7424585828E+01         9.2772E-01        1.676E-05        114.992
20           -2.7424583898E+01         9.2761E-01        1.186E-05        114.700
21           -2.7424582860E+01         9.2770E-01        8.838E-06        124.616
22           -2.7424579406E+01         9.2761E-01        7.406E-06        116.262
23           -2.7424577734E+01         9.2775E-01        8.590E-06        115.443
24           -2.7424576539E+01         9.2763E-01        4.214E-06        133.303
25           -2.7424575927E+01         9.2758E-01        2.124E-06        121.486
26           -2.7424574571E+01         9.2748E-01        2.340E-06        121.991
27           -2.7424574905E+01         9.2753E-01        1.071E-06        123.285
28           -2.7424575025E+01         9.2760E-01        9.056E-07        127.523
Total number of SCF: 28    

k = [-0.250, -0.250, 0.000]
Occupation of state 215 = 0.000000000000000.
Occupation of state 239 = 0.000000000000000.
Exx outer loop error: 1.0492623882e-03 

No.4 Exx outer loop: 
1            -2.7424602310E+01         9.7133E-01        1.010E-03        119.238
2            -2.7424657373E+01         9.5437E-01        5.645E-04        137.006
3            -2.7424774993E+01         8.9323E-01        1.788E-03        115.086
4            -2.7424913127E+01         9.5984E-01        4.547E-04        114.817
5            -2.7424854729E+01         9.5111E-01        2.735E-04        115.069
6            -2.7424649561E+01         9.4728E-01        1.747E-04        114.582
7            -2.7424630718E+01         9.5228E-01        2.223E-04        115.643
8            -2.7424633285E+01         9.5046E-01        1.504E-04        115.751
9            -2.7424620869E+01         9.4757E-01        5.883E-05        114.572
10           -2.7424604956E+01         9.4737E-01        5.527E-05        114.613
11           -2.7424593733E+01         9.4194E-01        6.819E-05        115.951
12           -2.7424595485E+01         9.4198E-01        4.278E-05        118.194
13           -2.7424596080E+01         9.4150E-01        3.507E-05        114.467
14           -2.7424596976E+01         9.4185E-01        9.975E-06        114.565
15           -2.7424591635E+01         9.4129E-01        1.593E-05        114.543
16           -2.7424588544E+01         9.4126E-01        8.336E-06        114.607
17           -2.7424585682E+01         9.4157E-01        7.575E-06        114.687
18           -2.7424584176E+01         9.4125E-01        4.815E-06        114.406
19           -2.7424585017E+01         9.4139E-01        1.927E-06        115.107
20           -2.7424585912E+01         9.4145E-01        2.002E-06        114.459
21           -2.7424585593E+01         9.4139E-01        1.012E-06        114.308
22           -2.7424585895E+01         9.4135E-01        1.554E-06        114.435
23           -2.7424585833E+01         9.4143E-01        9.547E-07        115.637
Total number of SCF: 23    

k = [-0.250, -0.250, 0.000]
Occupation of state 215 = 0.000000000000000.
Occupation of state 239 = 0.000000000000000.
Exx outer loop error: 1.7519503237e-03 

No.5 Exx outer loop: 
1            -2.7424594839E+01         9.5697E-01        4.758E-04        118.859
2            -2.7424614206E+01         9.5145E-01        2.569E-04        114.338
3            -2.7424676817E+01         9.7289E-01        4.744E-04        115.223
4            -2.7424655628E+01         9.5977E-01        2.688E-04        114.419
5            -2.7424666484E+01         9.6675E-01        2.207E-04        114.612
6            -2.7424594665E+01         9.5519E-01        1.443E-04        114.535
7            -2.7424613937E+01         9.2383E-01        5.991E-04        115.820
8            -2.7424602435E+01         9.3618E-01        2.830E-04        115.181
9            -2.7424589475E+01         9.4423E-01        4.850E-05        114.594
10           -2.7424600207E+01         9.3573E-01        2.636E-04        119.685
11           -2.7424589837E+01         9.4575E-01        2.279E-05        114.947
12           -2.7424590429E+01         9.4574E-01        1.138E-05        114.481
13           -2.7424590890E+01         9.4584E-01        1.096E-05        123.613
14           -2.7424590764E+01         9.4630E-01        5.150E-06        124.705
15           -2.7424590721E+01         9.4626E-01        7.219E-06        129.876
16           -2.7424590318E+01         9.4612E-01        8.666E-06        124.396
17           -2.7424589683E+01         9.4625E-01        3.064E-06        114.403
18           -2.7424589525E+01         9.4628E-01        1.754E-06        121.957
19           -2.7424589470E+01         9.4630E-01        1.729E-06        116.013
20           -2.7424589069E+01         9.4628E-01        1.632E-06        114.910
21           -2.7424588853E+01         9.4632E-01        5.934E-07        114.764
Total number of SCF: 21    

k = [-0.250, -0.250, 0.000]
Occupation of state 215 = 0.000000000000000.
Occupation of state 239 = 0.000000000000000.
Exx outer loop error: 1.0419009402e-03 

No.6 Exx outer loop: 
1            -2.7424592733E+01         9.5298E-01        3.271E-04        118.787
2            -2.7424599508E+01         9.5052E-01        1.308E-04        115.143
3            -2.7424610966E+01         9.4691E-01        2.088E-04        114.673
4            -2.7424606897E+01         9.6338E-01        2.692E-04        115.904
5            -2.7424603420E+01         9.5148E-01        3.177E-05        114.765
6            -2.7424598357E+01         9.4884E-01        3.851E-05        114.857
7            -2.7424594225E+01         9.4902E-01        8.671E-06        114.888
8            -2.7424592303E+01         9.4865E-01        6.134E-06        114.750
9            -2.7424590758E+01         9.4864E-01        4.974E-06        117.661
10           -2.7424590002E+01         9.4849E-01        2.222E-06        114.782
11           -2.7424589761E+01         9.4852E-01        1.855E-06        114.555
12           -2.7424589794E+01         9.4852E-01        1.242E-06        115.324
13           -2.7424589678E+01         9.4849E-01        1.342E-06        115.146
14           -2.7424589649E+01         9.4854E-01        8.061E-07        114.793
Total number of SCF: 14    

k = [-0.250, -0.250, 0.000]
Occupation of state 215 = 0.000000000000000.
Occupation of state 239 = 0.000000000000000.
Exx outer loop error: 8.4650661387e-04 

No.7 Exx outer loop: 
1            -2.7424591426E+01         9.5041E-01        3.042E-04        140.818
2            -2.7424592358E+01         9.5155E-01        9.301E-05        117.696
3            -2.7424628983E+01         9.6067E-01        2.471E-04        116.547
4            -2.7424622409E+01         9.5532E-01        1.162E-04        115.080
5            -2.7424607481E+01         9.5093E-01        3.903E-05        135.733
6            -2.7424600505E+01         9.5205E-01        3.303E-05        114.329
7            -2.7424601678E+01         9.4911E-01        5.798E-05        114.718
8            -2.7424597004E+01         9.4992E-01        1.061E-05        114.223
9            -2.7424595902E+01         9.4969E-01        6.376E-06        114.243
10           -2.7424595098E+01         9.4945E-01        7.869E-06        114.937
11           -2.7424593970E+01         9.4966E-01        3.448E-06        115.191
12           -2.7424593174E+01         9.4961E-01        3.009E-06        115.073
13           -2.7424592435E+01         9.4955E-01        5.090E-06        115.904
14           -2.7424591925E+01         9.4961E-01        3.947E-06        115.188
15           -2.7424591268E+01         9.4962E-01        1.639E-06        115.107
16           -2.7424590877E+01         9.4962E-01        1.128E-06        115.498
17           -2.7424590619E+01         9.4967E-01        1.496E-06        117.972
18           -2.7424590492E+01         9.4967E-01        1.276E-06        116.318
19           -2.7424590290E+01         9.4964E-01        9.418E-07        113.796
Total number of SCF: 19    

k = [-0.250, -0.250, 0.000]
Occupation of state 215 = 0.000000000000000.
Occupation of state 239 = 0.000000000000000.
Exx outer loop error: 5.8963311744e-04 

No.8 Exx outer loop: 
1            -2.7424591380E+01         9.5089E-01        2.954E-04        119.736
2            -2.7424591349E+01         9.5115E-01        7.768E-05        114.470
3            -2.7424613097E+01         9.5999E-01        1.787E-04        114.290
4            -2.7424610957E+01         9.5321E-01        4.657E-05        114.684
5            -2.7424596267E+01         9.5001E-01        4.107E-05        117.286
6            -2.7424592512E+01         9.5041E-01        2.116E-05        115.692
7            -2.7424593768E+01         9.5084E-01        7.880E-06        114.490
8            -2.7424594357E+01         9.5050E-01        5.467E-06        114.626
9            -2.7424593638E+01         9.5058E-01        6.264E-06        115.390
10           -2.7424593206E+01         9.5039E-01        3.129E-06        115.089
11           -2.7424592892E+01         9.5041E-01        2.489E-06        115.161
12           -2.7424592262E+01         9.5038E-01        2.028E-06        115.193
13           -2.7424591683E+01         9.5041E-01        1.048E-06        114.917
14           -2.7424591228E+01         9.5036E-01        9.816E-07        113.844
Total number of SCF: 14    

k = [-0.250, -0.250, 0.000]
Occupation of state 215 = 0.000000000000000.
Occupation of state 239 = 0.000000000000000.
Exx outer loop error: 3.8095176754e-04 

No.9 Exx outer loop: 
1            -2.7424592670E+01         9.5072E-01        3.068E-04        118.284
2            -2.7424591254E+01         9.5185E-01        8.022E-05        114.961
3            -2.7424594240E+01         9.5105E-01        5.999E-05        114.696
4            -2.7424595438E+01         9.5154E-01        2.761E-05        114.330
5            -2.7424594242E+01         9.5099E-01        1.004E-05        114.244
6            -2.7424593256E+01         9.5090E-01        4.908E-06        114.243
7            -2.7424593089E+01         9.5101E-01        3.902E-06        114.443
8            -2.7424592597E+01         9.5096E-01        2.808E-06        114.184
9            -2.7424592091E+01         9.5105E-01        2.823E-06        114.414
10           -2.7424591365E+01         9.5098E-01        1.128E-06        114.913
11           -2.7424590920E+01         9.5093E-01        1.124E-06        123.950
12           -2.7424590740E+01         9.5090E-01        1.295E-06        122.413
13           -2.7424590763E+01         9.5099E-01        1.097E-06        116.915

***************************************************************************
*                       SPARC (version Dec 27, 2021)                      *
*   Copyright (c) 2020 Material Physics & Mechanics Group, Georgia Tech   *
*           Distributed under GNU General Public License 3 (GPL)          *
*                   Start time: Thu Jan 27 09:03:56 2022                  *
***************************************************************************
                           Input parameters                                
***************************************************************************
CELL: 12.4338823950489 11.2657846029438 47.5378507412217 
LATVEC:
1.000000000000000 0.000000000000000 0.000000000000000 
-0.000130020950961 0.999999991547276 0.000000000000000 
0.000000000000000 -0.000000000000000 1.000000000000000 
FD_GRID: 66 60 252
FD_ORDER: 12
BC: P P D
KPOINT_GRID: 4 4 1
KPOINT_SHIFT: 0 0 0
SPIN_TYP: 1
ELEC_TEMP_TYPE: Gaussian
SMEARING: 0.007349864435
CHEB_DEGREE: 37
NSTATES: 239
EXCHANGE_CORRELATION: HSE
CALC_STRESS: 0
CALC_PRES: 0
CHEFSI_BOUND_FLAG: 0
MAXIT_SCF: 100
MINIT_SCF: 3
MAXIT_POISSON: 3000
TOL_SCF: 1.00E-06
POISSON_SOLVER: AAR
TOL_POISSON: 1.00E-08
TOL_LANCZOS: 1.00E-02
TOL_PSEUDOCHARGE: 1.00E-08
MIXING_VARIABLE: density
MIXING_PRECOND: kerker
MIXING_PRECOND_MAG: none
TOL_PRECOND: 3.54E-05
PRECOND_KERKER_KTF: 1
PRECOND_KERKER_THRESH: 0.1
MIXING_PARAMETER: 0.3
MIXING_PARAMETER_MAG: 0.3
MIXING_HISTORY: 7
PULAY_FREQUENCY: 1
PULAY_RESTART: 0
REFERENCE_CUTOFF: 0.5
RHO_TRIGGER: 4
FIX_RAND: 0
VERBOSITY: 1
PRINT_FORCES: 1
PRINT_ATOMS: 1
PRINT_EIGEN: 1
PRINT_DENSITY: 0
PRINT_ENERGY_DENSITY: 0
TOL_FOCK: 5.00E-05
TOL_SCF_INIT: 1.00E-04
MAXIT_FOCK: 20
EXX_METHOD: FOURIER_SPACE
EXX_DIVERGENCE: AUXILIARY
ACE_FLAG: 1
EXX_ACE_MEM: 1
EXX_ACE_VALENCE_STATES: 10000
EXX_DOWNSAMPLING: 1 1 1
EXX_RANGE_FOCK: 0.106000
EXX_RANGE_PBE: 0.106000
OUTPUT_FILE: sprc-calc
***************************************************************************
                                Cell                                       
***************************************************************************
Lattice vectors (Bohr):
12.433882395048860 0.000000000000000 0.000000000000000 
-0.001464788027397 11.265784507717260 0.000000000000000 
0.000000000000000 -0.000000000000000 47.537850741221725 
Volume                  :  6.6589804186E+03 (Bohr^3)
***************************************************************************
                           Parallelization                                 
***************************************************************************
NP_SPIN_PARAL: 2
NP_KPOINT_PARAL: 10
NP_BAND_PARAL: 1
NP_DOMAIN_PARAL: 2 1 8
NP_DOMAIN_PHI_PARAL: 4 4 21
EIG_SERIAL_MAXNS: 1500
***************************************************************************
                             Initialization                                
***************************************************************************
Number of processors               :  336
Mesh spacing in x-direction        :  0.188392 (Bohr)
Mesh spacing in y-direction        :  0.187763 (Bohr)
Mesh spacing in z direction        :  0.188642 (Bohr)
Number of symmetry adapted k-points:  10
Output printed to                  :  sprc-calc.out_01
Final eigenvalues printed to       :  sprc-calc.eigen_01
Total number of atom types         :  5
Total number of atoms              :  53
Total number of electrons          :  391
Atom type 1  (valence electrons)   :  C 4
Pseudopotential                    :  C.psp8
Pseudocharge radii of atom type 1  :  6.78 6.76 6.79 (x, y, z dir)
Number of atoms of type 1          :  1
Atom type 2  (valence electrons)   :  H 1
Pseudopotential                    :  H.psp8
Pseudocharge radii of atom type 2  :  3.77 3.76 3.77 (x, y, z dir)
Number of atoms of type 2          :  4
Atom type 3  (valence electrons)   :  N 5
Pseudopotential                    :  N.psp8
Pseudocharge radii of atom type 3  :  6.78 6.76 6.79 (x, y, z dir)
Number of atoms of type 3          :  1
Atom type 4  (valence electrons)   :  O 6
Pseudopotential                    :  O.psp8
Pseudocharge radii of atom type 4  :  6.78 6.76 6.79 (x, y, z dir)
Number of atoms of type 4          :  31
Atom type 5  (valence electrons)   :  Ti 12
Pseudopotential                    :  Ti.psp8
Pseudocharge radii of atom type 5  :  6.78 6.76 6.79 (x, y, z dir)
Number of atoms of type 5          :  16
Estimated total memory usage       :  448.99 GB
Estimated memory per processor     :  1.34 GB
========================================================================================
                    Self Consistent Field (SCF#1)                     
========================================================================================
Iteration     Free Energy (Ha/atom)    Magnetization     SCF Error        Timing (sec)
1            -2.7536808860E+01        -9.7177E+00        4.467E-01        376.479
2            -2.9208691304E+01         1.0995E+01        4.471E-01        93.731
3            -2.7748907906E+01         4.8542E+00        3.500E-01        94.102
4            -2.7699458657E+01        -7.4117E+00        3.077E-01        79.889
5            -2.7701129454E+01        -8.4197E-01        2.212E-01        86.216
6            -2.7711605760E+01        -7.1267E+00        1.508E-01        87.566
7            -2.7701945999E+01        -9.8578E-01        1.131E-01        79.034
8            -2.7715023675E+01        -8.2253E-01        7.617E-02        86.408
9            -2.7703757178E+01        -9.1365E-01        6.669E-02        79.145
10           -2.7710350773E+01        -2.3943E-01        6.585E-02        79.179
11           -2.7686406411E+01         5.2831E-01        4.569E-02        79.055
12           -2.7680217633E+01         9.1530E-02        4.092E-02        86.088
13           -2.7672826304E+01         3.1589E-02        3.062E-02        90.089
14           -2.7663985359E+01         2.6194E-02        2.435E-02        79.332
15           -2.7650686749E+01        -2.6771E-01        1.818E-02        79.113
16           -2.7648574622E+01        -2.1576E-01        1.507E-02        79.364
17           -2.7639043849E+01        -1.4192E-01        1.114E-02        88.781
18           -2.7634937868E+01        -1.1294E-02        9.145E-03        84.569
19           -2.7628473322E+01         3.6628E-02        6.489E-03        79.047
20           -2.7628141793E+01         5.8393E-03        5.243E-03        79.001
21           -2.7625081052E+01         8.4350E-02        4.209E-03        79.182
22           -2.7623234608E+01         4.8319E-02        3.273E-03        79.179
23           -2.7621020053E+01         7.5823E-02        2.513E-03        79.167
24           -2.7619897128E+01         7.5311E-02        2.326E-03        79.013
25           -2.7618569124E+01         7.2097E-02        2.395E-03        79.024
26           -2.7618590739E+01         7.9292E-02        1.937E-03        78.957
27           -2.7618245063E+01         6.2512E-02        2.707E-03        78.918
28           -2.7617845431E+01         8.2177E-02        1.401E-03        82.952
29           -2.7617860523E+01         4.5376E-02        3.986E-03        78.923
30           -2.7617409703E+01         8.5991E-02        1.071E-03        78.921
31           -2.7617212751E+01         1.0560E-01        1.809E-03        78.883
32           -2.7617123183E+01         1.0556E-01        1.436E-03        78.911
33           -2.7617286301E+01         1.0652E-01        1.349E-03        94.695
34           -2.7617233042E+01         1.0647E-01        1.119E-03        78.828
35           -2.7617092879E+01         1.0634E-01        5.074E-04        78.931
36           -2.7616962159E+01         1.0735E-01        4.275E-04        78.864
37           -2.7616847462E+01         1.1603E-01        3.010E-04        78.760
38           -2.7616774022E+01         1.1427E-01        6.944E-04        78.804
39           -2.7616710446E+01         1.2170E-01        2.939E-04        81.364
40           -2.7616679235E+01         1.3006E-01        1.542E-04        78.900
41           -2.7616657545E+01         1.3259E-01        9.759E-05        78.891
Total number of SCF: 41    

k = [-0.250, -0.250, 0.000]
Occupation of state 215 = 0.000000000003016.
Occupation of state 239 = 0.000000000000000.

No.1 Exx outer loop: 
1            -2.7422910401E+01         2.9674E-01        1.419E-02        124.811
2            -2.7414750967E+01         3.1772E-01        1.342E-02        120.807
3            -2.7417132362E+01         3.0788E-01        1.052E-02        120.829
4            -2.7422309459E+01         2.8531E-01        5.074E-03        120.903
5            -2.7424220324E+01         3.4013E-01        3.014E-03        121.560
6            -2.7425636711E+01         4.1662E-01        1.752E-03        120.742
7            -2.7425871625E+01         4.7281E-01        1.786E-03        120.672
8            -2.7425852435E+01         4.7392E-01        1.575E-03        120.706
9            -2.7425389336E+01         5.0603E-01        1.056E-03        121.034
10           -2.7425127636E+01         5.0111E-01        1.008E-03        120.971
11           -2.7425034958E+01         4.8717E-01        7.170E-04        120.665
12           -2.7424893745E+01         4.6318E-01        6.950E-04        121.320
13           -2.7424852201E+01         4.6506E-01        5.385E-04        121.465
14           -2.7424726476E+01         4.5383E-01        5.230E-04        121.406
15           -2.7424601992E+01         4.3990E-01        3.462E-04        121.423
16           -2.7424530122E+01         4.3633E-01        2.396E-04        120.873
17           -2.7424466419E+01         4.3470E-01        1.748E-04        121.071
18           -2.7424414197E+01         4.3358E-01        1.357E-04        120.633
19           -2.7424321709E+01         4.3989E-01        1.663E-04        120.446
20           -2.7424309508E+01         4.3635E-01        7.310E-05        122.508
21           -2.7424280752E+01         4.3723E-01        5.044E-05        121.030
22           -2.7424261377E+01         4.3760E-01        2.437E-05        121.697
23           -2.7424256258E+01         4.3781E-01        1.735E-05        121.273
24           -2.7424250075E+01         4.3803E-01        1.178E-05        120.211
25           -2.7424245773E+01         4.3819E-01        8.677E-06        120.657
26           -2.7424243085E+01         4.3823E-01        5.900E-06        139.083
27           -2.7424242515E+01         4.3795E-01        4.988E-06        121.312
28           -2.7424241358E+01         4.3791E-01        2.923E-06        125.060
29           -2.7424241283E+01         4.3784E-01        1.894E-06        120.925
30           -2.7424241719E+01         4.3780E-01        1.602E-06        126.410
31           -2.7424241408E+01         4.3777E-01        1.628E-06        139.396
32           -2.7424241210E+01         4.3776E-01        9.861E-07        121.196
Total number of SCF: 32    

k = [-0.250, -0.250, 0.000]
Occupation of state 215 = 0.000000000000000.
Occupation of state 239 = 0.000000000000000.
Exx outer loop error: 6.2448114265e-01 

No.2 Exx outer loop: 
1            -2.7424569211E+01         7.5841E-01        3.363E-03        124.870
2            -2.7424393865E+01         7.8492E-01        2.909E-03        120.981
3            -2.7424626948E+01         8.2875E-01        1.873E-03        121.504
4            -2.7425030128E+01         8.7763E-01        1.336E-03        121.534
5            -2.7425215817E+01         8.7162E-01        8.353E-04        120.879
6            -2.7425134922E+01         8.5283E-01        7.290E-04        120.879
7            -2.7425001597E+01         8.3838E-01        8.766E-04        120.715
8            -2.7424825319E+01         8.1673E-01        6.085E-04        123.421
9            -2.7424869305E+01         8.4521E-01        5.259E-04        120.812
10           -2.7424924970E+01         8.5109E-01        5.571E-04        120.905
11           -2.7424907497E+01         8.1341E-01        6.010E-04        121.029
12           -2.7424786865E+01         8.1194E-01        3.087E-04        120.774
13           -2.7424709524E+01         8.1694E-01        2.837E-04        120.946
14           -2.7424717630E+01         8.2909E-01        4.209E-04        122.572
15           -2.7424714395E+01         8.2160E-01        1.970E-04        123.339
16           -2.7424669131E+01         8.2636E-01        1.424E-04        129.178
17           -2.7424627388E+01         8.0456E-01        4.535E-04        136.070
18           -2.7424570956E+01         8.3078E-01        2.051E-04        136.508
19           -2.7424561225E+01         8.2520E-01        5.930E-05        139.462
20           -2.7424545416E+01         8.2643E-01        4.949E-05        136.039
21           -2.7424545329E+01         8.2480E-01        1.593E-05        121.480
22           -2.7424539897E+01         8.2447E-01        1.453E-05        122.965
23           -2.7424536988E+01         8.2459E-01        9.222E-06        132.773
24           -2.7424530816E+01         8.2433E-01        5.900E-06        122.557
25           -2.7424527764E+01         8.2392E-01        7.990E-06        124.348
26           -2.7424526312E+01         8.2415E-01        3.209E-06        143.611
27           -2.7424526494E+01         8.2396E-01        2.749E-06        136.742
28           -2.7424526548E+01         8.2394E-01        1.363E-06        140.429
29           -2.7424526228E+01         8.2402E-01        2.131E-06        123.792
30           -2.7424525868E+01         8.2394E-01        1.213E-06        121.973
31           -2.7424525259E+01         8.2397E-01        6.888E-07        121.590
Total number of SCF: 31    

k = [-0.250, -0.250, 0.000]
Occupation of state 215 = 0.000000000000000.
Occupation of state 239 = 0.000000000000000.
Exx outer loop error: 1.0410247266e-02 

No.3 Exx outer loop: 
1            -2.7424616082E+01         9.8295E-01        2.252E-03        125.871
2            -2.7424798067E+01         9.7446E-01        1.626E-03        121.393
3            -2.7425043627E+01         9.6874E-01        1.923E-03        121.688
4            -2.7425091897E+01         8.6580E-01        3.337E-03        129.354
5            -2.7424841469E+01         9.5109E-01        7.490E-04        120.895
6            -2.7424733965E+01         9.3624E-01        6.201E-04        120.975
7            -2.7424729019E+01         9.6091E-01        3.602E-04        120.879
8            -2.7424746586E+01         9.4284E-01        5.668E-04        120.905
9            -2.7424684462E+01         9.3453E-01        5.573E-04        120.959
10           -2.7424620254E+01         9.7397E-01        6.470E-04        121.099
11           -2.7424585558E+01         9.3395E-01        2.898E-04        121.545
12           -2.7424553339E+01         9.3239E-01        2.111E-04        121.753
13           -2.7424544289E+01         9.2757E-01        1.793E-04        121.711
14           -2.7424568659E+01         9.2671E-01        1.947E-04        120.820
15           -2.7424574183E+01         9.2758E-01        2.295E-04        120.867
16           -2.7424558573E+01         9.2846E-01        9.164E-05        120.808
17           -2.7424563618E+01         9.2466E-01        1.271E-04        120.702
18           -2.7424578743E+01         9.3195E-01        8.711E-05        121.170
19           -2.7424579884E+01         9.2976E-01        4.439E-05        120.539
20           -2.7424579680E+01         9.2754E-01        1.244E-05        120.778
21           -2.7424581528E+01         9.2757E-01        8.625E-06        121.003
22           -2.7424579956E+01         9.2757E-01        6.201E-06        121.080
23           -2.7424579348E+01         9.2769E-01        3.245E-06        120.771
24           -2.7424578502E+01         9.2755E-01        3.305E-06        121.141
25           -2.7424577553E+01         9.2763E-01        1.950E-06        120.472
26           -2.7424576722E+01         9.2758E-01        1.732E-06        120.164
27           -2.7424575931E+01         9.2755E-01        1.705E-06        121.258
28           -2.7424575748E+01         9.2756E-01        1.045E-06        119.951
29           -2.7424575533E+01         9.2756E-01        8.039E-07        119.812
Total number of SCF: 29    

k = [-0.250, -0.250, 0.000]
Occupation of state 215 = 0.000000000000000.
Occupation of state 239 = 0.000000000000000.
Exx outer loop error: 9.4233084340e-04 

No.4 Exx outer loop: 
1            -2.7424603307E+01         9.7212E-01        1.020E-03        124.486
2            -2.7424658798E+01         9.5334E-01        5.661E-04        120.483
3            -2.7424822033E+01         9.9962E-01        1.771E-03        120.478
4            -2.7424790432E+01         9.9969E-01        1.764E-03        122.689
5            -2.7424858450E+01         9.9949E-01        1.751E-03        120.267
6            -2.7424771835E+01         9.8449E-01        1.047E-03        120.404
7            -2.7424826725E+01         8.6476E-01        1.671E-03        120.203
8            -2.7424697412E+01         9.7249E-01        6.113E-04        120.451
9            -2.7424752069E+01         9.4866E-01        1.483E-04        120.249
10           -2.7424727804E+01         9.5041E-01        1.086E-04        120.250
11           -2.7424702445E+01         9.4659E-01        1.420E-04        120.781
12           -2.7424657064E+01         9.4522E-01        1.183E-04        120.748
13           -2.7424631572E+01         9.4119E-01        1.406E-04        120.874
14           -2.7424619672E+01         9.3872E-01        1.458E-04        120.547
15           -2.7424618991E+01         9.3479E-01        2.321E-04        121.366
16           -2.7424609328E+01         9.4116E-01        4.762E-05        120.510
17           -2.7424604141E+01         9.4187E-01        1.939E-05        120.532
18           -2.7424596907E+01         9.4239E-01        2.560E-05        120.805
19           -2.7424594379E+01         9.4151E-01        9.375E-06        121.167
20           -2.7424591157E+01         9.4189E-01        1.678E-05        120.316
21           -2.7424590911E+01         9.4150E-01        5.615E-06        120.426
22           -2.7424589833E+01         9.4121E-01        5.516E-06        120.728
23           -2.7424586551E+01         9.4131E-01        3.980E-06        120.387

***************************************************************************
*                       SPARC (version Dec 27, 2021)                      *
*   Copyright (c) 2020 Material Physics & Mechanics Group, Georgia Tech   *
*           Distributed under GNU General Public License 3 (GPL)          *
*                   Start time: Thu Jan 27 21:15:27 2022                  *
***************************************************************************
                           Input parameters                                
***************************************************************************
CELL: 12.4338823950489 11.2657846029438 47.5378507412217 
LATVEC:
1.000000000000000 0.000000000000000 0.000000000000000 
-0.000130020950961 0.999999991547276 0.000000000000000 
0.000000000000000 -0.000000000000000 1.000000000000000 
FD_GRID: 66 60 252
FD_ORDER: 12
BC: P P D
KPOINT_GRID: 4 4 1
KPOINT_SHIFT: 0 0 0
SPIN_TYP: 1
ELEC_TEMP_TYPE: Gaussian
SMEARING: 0.007349864435
CHEB_DEGREE: 37
NSTATES: 239
EXCHANGE_CORRELATION: HSE
CALC_STRESS: 0
CALC_PRES: 0
CHEFSI_BOUND_FLAG: 0
MAXIT_SCF: 100
MINIT_SCF: 3
MAXIT_POISSON: 3000
TOL_SCF: 1.00E-06
POISSON_SOLVER: AAR
TOL_POISSON: 1.00E-08
TOL_LANCZOS: 1.00E-02
TOL_PSEUDOCHARGE: 1.00E-08
MIXING_VARIABLE: density
MIXING_PRECOND: kerker
MIXING_PRECOND_MAG: none
TOL_PRECOND: 3.54E-05
PRECOND_KERKER_KTF: 1
PRECOND_KERKER_THRESH: 0.1
MIXING_PARAMETER: 0.3
MIXING_PARAMETER_MAG: 0.3
MIXING_HISTORY: 7
PULAY_FREQUENCY: 1
PULAY_RESTART: 0
REFERENCE_CUTOFF: 0.5
RHO_TRIGGER: 4
FIX_RAND: 0
VERBOSITY: 1
PRINT_FORCES: 1
PRINT_ATOMS: 1
PRINT_EIGEN: 1
PRINT_DENSITY: 0
PRINT_ENERGY_DENSITY: 0
TOL_FOCK: 3.00E-04
TOL_SCF_INIT: 1.00E-04
MAXIT_FOCK: 20
EXX_METHOD: FOURIER_SPACE
EXX_DIVERGENCE: AUXILIARY
ACE_FLAG: 1
EXX_ACE_MEM: 1
EXX_ACE_VALENCE_STATES: 10000
EXX_DOWNSAMPLING: 1 1 1
EXX_RANGE_FOCK: 0.106000
EXX_RANGE_PBE: 0.106000
OUTPUT_FILE: sprc-calc
***************************************************************************
                                Cell                                       
***************************************************************************
Lattice vectors (Bohr):
12.433882395048860 0.000000000000000 0.000000000000000 
-0.001464788027397 11.265784507717260 0.000000000000000 
0.000000000000000 -0.000000000000000 47.537850741221725 
Volume                  :  6.6589804186E+03 (Bohr^3)
***************************************************************************
                           Parallelization                                 
***************************************************************************
NP_SPIN_PARAL: 2
NP_KPOINT_PARAL: 10
NP_BAND_PARAL: 1
NP_DOMAIN_PARAL: 2 1 8
NP_DOMAIN_PHI_PARAL: 4 4 21
EIG_SERIAL_MAXNS: 1500
***************************************************************************
                             Initialization                                
***************************************************************************
Number of processors               :  336
Mesh spacing in x-direction        :  0.188392 (Bohr)
Mesh spacing in y-direction        :  0.187763 (Bohr)
Mesh spacing in z direction        :  0.188642 (Bohr)
Number of symmetry adapted k-points:  10
Output printed to                  :  sprc-calc.out_01
Final eigenvalues printed to       :  sprc-calc.eigen_01
Total number of atom types         :  5
Total number of atoms              :  53
Total number of electrons          :  391
Atom type 1  (valence electrons)   :  C 4
Pseudopotential                    :  C.psp8
Pseudocharge radii of atom type 1  :  6.78 6.76 6.79 (x, y, z dir)
Number of atoms of type 1          :  1
Atom type 2  (valence electrons)   :  H 1
Pseudopotential                    :  H.psp8
Pseudocharge radii of atom type 2  :  3.77 3.76 3.77 (x, y, z dir)
Number of atoms of type 2          :  4
Atom type 3  (valence electrons)   :  N 5
Pseudopotential                    :  N.psp8
Pseudocharge radii of atom type 3  :  6.78 6.76 6.79 (x, y, z dir)
Number of atoms of type 3          :  1
Atom type 4  (valence electrons)   :  O 6
Pseudopotential                    :  O.psp8
Pseudocharge radii of atom type 4  :  6.78 6.76 6.79 (x, y, z dir)
Number of atoms of type 4          :  31
Atom type 5  (valence electrons)   :  Ti 12
Pseudopotential                    :  Ti.psp8
Pseudocharge radii of atom type 5  :  6.78 6.76 6.79 (x, y, z dir)
Number of atoms of type 5          :  16
Estimated total memory usage       :  448.99 GB
Estimated memory per processor     :  1.34 GB
========================================================================================
                    Self Consistent Field (SCF#1)                     
========================================================================================
Iteration     Free Energy (Ha/atom)    Magnetization     SCF Error        Timing (sec)
1            -2.7536808860E+01        -9.7177E+00        4.467E-01        298.318
2            -2.9208691307E+01         1.0995E+01        4.471E-01        74.558
3            -2.7748907906E+01         4.8542E+00        3.500E-01        74.732
4            -2.7699458656E+01        -7.4117E+00        3.077E-01        74.692
5            -2.7701129454E+01        -8.4197E-01        2.212E-01        75.144
6            -2.7711605760E+01        -7.1267E+00        1.508E-01        74.594
7            -2.7701946000E+01        -9.8578E-01        1.131E-01        74.127
8            -2.7715023677E+01        -8.2253E-01        7.617E-02        73.845
9            -2.7703757180E+01        -9.1365E-01        6.669E-02        74.611
10           -2.7710350771E+01        -2.3943E-01        6.585E-02        74.507
11           -2.7686406407E+01         5.2831E-01        4.569E-02        74.673
12           -2.7680217632E+01         9.1530E-02        4.092E-02        74.406
13           -2.7672826301E+01         3.1589E-02        3.062E-02        74.284
14           -2.7663985356E+01         2.6194E-02        2.435E-02        74.456
15           -2.7650686746E+01        -2.6771E-01        1.818E-02        74.234
16           -2.7648574621E+01        -2.1576E-01        1.507E-02        74.410
17           -2.7639043850E+01        -1.4192E-01        1.114E-02        74.384
18           -2.7634937870E+01        -1.1294E-02        9.145E-03        74.451
19           -2.7628473320E+01         3.6628E-02        6.489E-03        73.853
20           -2.7628141792E+01         5.8393E-03        5.243E-03        75.876
21           -2.7625081051E+01         8.4350E-02        4.209E-03        76.109
22           -2.7623234607E+01         4.8319E-02        3.273E-03        74.768
23           -2.7621020052E+01         7.5824E-02        2.513E-03        83.840
24           -2.7619897127E+01         7.5311E-02        2.326E-03        76.322
25           -2.7618569124E+01         7.2097E-02        2.395E-03        77.051
26           -2.7618590738E+01         7.9292E-02        1.937E-03        75.639
27           -2.7618245062E+01         6.2512E-02        2.707E-03        75.987
28           -2.7617845430E+01         8.2178E-02        1.401E-03        89.399
29           -2.7617860522E+01         4.5376E-02        3.986E-03        81.236
30           -2.7617409702E+01         8.5991E-02        1.071E-03        73.969
31           -2.7617212755E+01         1.0560E-01        1.809E-03        73.599
32           -2.7617123184E+01         1.0556E-01        1.437E-03        73.927
33           -2.7617286300E+01         1.0652E-01        1.349E-03        73.697
34           -2.7617233041E+01         1.0647E-01        1.119E-03        74.233
35           -2.7617092878E+01         1.0634E-01        5.074E-04        73.949
36           -2.7616962161E+01         1.0735E-01        4.275E-04        74.526
37           -2.7616847462E+01         1.1603E-01        3.010E-04        73.842
38           -2.7616774038E+01         1.1427E-01        6.946E-04        73.837
39           -2.7616710447E+01         1.2170E-01        2.939E-04        73.793
40           -2.7616679232E+01         1.3006E-01        1.541E-04        73.949
41           -2.7616657545E+01         1.3258E-01        9.758E-05        74.262
Total number of SCF: 41    

k = [-0.250, -0.250, 0.000]
Occupation of state 215 = 0.000000000003016.
Occupation of state 239 = 0.000000000000000.

No.1 Exx outer loop: 
1            -2.7422910400E+01         2.9674E-01        1.419E-02        142.165
2            -2.7414750960E+01         3.1772E-01        1.342E-02        118.729
3            -2.7417132376E+01         3.0788E-01        1.052E-02        118.709
4            -2.7422308906E+01         2.8534E-01        5.074E-03        117.556
5            -2.7424219911E+01         3.4017E-01        3.014E-03        120.093
6            -2.7425636615E+01         4.1665E-01        1.752E-03        127.889
7            -2.7425871381E+01         4.7281E-01        1.785E-03        120.170
8            -2.7425852104E+01         4.7395E-01        1.574E-03        117.298
9            -2.7425389066E+01         5.0603E-01        1.056E-03        117.388
10           -2.7425127442E+01         5.0110E-01        1.008E-03        117.339
11           -2.7425034946E+01         4.8714E-01        7.171E-04        116.991
12           -2.7424893882E+01         4.6314E-01        6.949E-04        116.965
13           -2.7424852464E+01         4.6504E-01        5.388E-04        116.950
14           -2.7424726725E+01         4.5382E-01        5.228E-04        116.880
15           -2.7424602073E+01         4.3976E-01        3.480E-04        116.905
16           -2.7424530003E+01         4.3657E-01        2.398E-04        116.922
17           -2.7424468721E+01         4.3359E-01        1.694E-04        116.816
18           -2.7424420530E+01         4.3611E-01        1.457E-04        116.764
19           -2.7424367347E+01         4.3091E-01        2.172E-04        116.917
20           -2.7424303454E+01         4.3670E-01        6.621E-05        116.915
21           -2.7424285449E+01         4.3648E-01        5.188E-05        116.938
22           -2.7424263962E+01         4.3726E-01        3.045E-05        116.860
23           -2.7424255092E+01         4.3760E-01        1.897E-05        118.955
24           -2.7424248584E+01         4.3768E-01        1.473E-05        117.080
25           -2.7424243509E+01         4.3789E-01        9.544E-06        116.951
26           -2.7424242484E+01         4.3803E-01        6.350E-06        116.778
27           -2.7424243732E+01         4.3802E-01        5.368E-06        116.711
28           -2.7424242911E+01         4.3792E-01        5.162E-06        116.809
29           -2.7424241503E+01         4.3800E-01        4.758E-06        116.682
30           -2.7424241802E+01         4.3787E-01        2.749E-06        116.703
31           -2.7424240911E+01         4.3776E-01        2.018E-06        116.792
32           -2.7424241140E+01         4.3776E-01        9.520E-07        116.683
Total number of SCF: 32    

k = [-0.250, -0.250, 0.000]
Occupation of state 215 = 0.000000000000000.
Occupation of state 239 = 0.000000000000000.
Exx outer loop error: 6.2445567606e-01 

No.2 Exx outer loop: 
1            -2.7424568869E+01         7.5869E-01        3.366E-03        123.518
2            -2.7424394310E+01         7.8503E-01        2.907E-03        119.651
3            -2.7424607241E+01         8.3402E-01        2.152E-03        119.682
4            -2.7425406877E+01         9.1367E-01        2.777E-03        119.666
5            -2.7425886762E+01         9.2198E-01        4.338E-03        119.182
6            -2.7425370788E+01         9.2089E-01        1.955E-03        119.001
7            -2.7425012800E+01         8.6999E-01        1.002E-03        118.850
8            -2.7424927903E+01         8.8504E-01        7.839E-04        118.853
9            -2.7424895187E+01         8.9996E-01        7.326E-04        118.942
10           -2.7424910205E+01         8.9843E-01        7.739E-04        118.665
11           -2.7424928804E+01         8.9895E-01        7.558E-04        118.786
12           -2.7424896864E+01         8.9675E-01        7.916E-04        119.974
13           -2.7424916156E+01         8.9709E-01        7.272E-04        118.810
14           -2.7424906015E+01         8.8942E-01        7.575E-04        184.451
15           -2.7424887597E+01         9.0709E-01        9.182E-04        212.462
16           -2.7424724057E+01         8.7229E-01        4.100E-04        185.522
17           -2.7424701793E+01         8.6787E-01        3.003E-04        150.202
18           -2.7424696825E+01         7.6669E-01        1.723E-03        161.538
19           -2.7424719401E+01         7.2357E-01        2.486E-03        143.319
20           -2.7424696315E+01         7.3268E-01        2.055E-03        125.072
21           -2.7424763636E+01         6.9493E-01        2.547E-03        124.259
22           -2.7424719076E+01         7.0619E-01        2.348E-03        140.438
23           -2.7424642074E+01         8.1256E-01        3.454E-04        152.756
24           -2.7424575742E+01         8.2329E-01        1.283E-04        169.737
25           -2.7424578002E+01         8.2133E-01        1.180E-04        140.141
26           -2.7424589540E+01         8.2403E-01        8.330E-05        152.305
27           -2.7424586096E+01         8.2417E-01        8.396E-05        133.592
28           -2.7424573424E+01         8.2364E-01        6.663E-05        117.133
29           -2.7424561701E+01         8.2314E-01        5.725E-05        119.899
30           -2.7424554946E+01         8.1434E-01        2.176E-04        138.174
31           -2.7424557783E+01         8.1134E-01        2.732E-04        116.880
32           -2.7424546203E+01         8.1514E-01        2.021E-04        122.935
33           -2.7424541245E+01         8.1796E-01        1.489E-04        125.027
34           -2.7424537398E+01         8.2229E-01        7.221E-05        117.703
35           -2.7424533955E+01         8.2089E-01        1.028E-04        134.060
36           -2.7424533930E+01         8.2103E-01        9.974E-05        130.974
37           -2.7424533210E+01         8.2311E-01        6.046E-05        119.933
38           -2.7424531577E+01         8.2362E-01        4.566E-05        117.910
39           -2.7424528805E+01         8.2360E-01        3.686E-05        116.845
40           -2.7424523167E+01         8.2369E-01        1.860E-05        131.019
41           -2.7424521700E+01         8.2379E-01        9.778E-06        116.715
42           -2.7424521119E+01         8.2393E-01        5.921E-06        116.741
43           -2.7424522041E+01         8.2388E-01        8.293E-06        116.821
44           -2.7424522786E+01         8.2424E-01        4.313E-06        117.085
45           -2.7424523673E+01         8.2420E-01        3.237E-06        117.064
46           -2.7424524932E+01         8.2378E-01        1.040E-05        117.748
47           -2.7424524761E+01         8.2378E-01        1.028E-05        116.963
48           -2.7424525294E+01         8.2370E-01        1.317E-05        117.025
49           -2.7424524801E+01         8.2406E-01        4.220E-06        116.912
50           -2.7424524980E+01         8.2393E-01        4.055E-06        116.607
51           -2.7424525182E+01         8.2417E-01        2.890E-06        116.723
52           -2.7424525051E+01         8.2395E-01        1.915E-06        116.605
53           -2.7424524976E+01         8.2410E-01        2.398E-06        118.170
54           -2.7424524838E+01         8.2407E-01        1.868E-06        116.931
55           -2.7424524915E+01         8.2404E-01        1.304E-06        117.288
56           -2.7424524946E+01         8.2394E-01        8.507E-07        116.507
Total number of SCF: 56    

k = [-0.250, -0.250, 0.000]
Occupation of state 215 = 0.000000000000000.
Occupation of state 239 = 0.000000000000000.
Exx outer loop error: 1.0037296317e-02 

No.3 Exx outer loop: 
1            -2.7424615837E+01         9.8319E-01        2.257E-03        121.329
2            -2.7424799455E+01         9.7462E-01        1.630E-03        116.894
3            -2.7425671632E+01         9.9885E-01        5.264E-03        117.016
4            -2.7425139903E+01         9.9867E-01        2.223E-03        120.809
5            -2.7425095603E+01         9.7917E-01        1.306E-03        117.368
6            -2.7425131423E+01         9.9416E-01        1.652E-03        117.302
7            -2.7425252716E+01         9.9183E-01        9.354E-04        116.704
8            -2.7425266245E+01         9.8450E-01        6.278E-04        117.245
9            -2.7425227932E+01         9.7419E-01        4.666E-04        117.657
10           -2.7425095418E+01         9.7005E-01        3.640E-04        116.760
11           -2.7424943117E+01         9.4328E-01        4.603E-04        116.647
12           -2.7424873900E+01         9.5933E-01        4.612E-04        117.640
13           -2.7424786890E+01         9.2342E-01        2.849E-04        118.440
14           -2.7424752299E+01         9.2700E-01        1.710E-04        117.800
15           -2.7424713938E+01         9.3189E-01        1.581E-04        117.681
16           -2.7424699283E+01         9.3906E-01        1.482E-04        117.337
17           -2.7424663053E+01         9.3172E-01        9.184E-05        116.603
18           -2.7424657299E+01         9.6349E-01        6.503E-04        116.479
19           -2.7424630749E+01         9.4891E-01        3.383E-04        117.742
20           -2.7424612536E+01         9.4175E-01        2.222E-04        117.350
21           -2.7424593199E+01         9.2537E-01        7.224E-05        117.751
22           -2.7424589322E+01         9.3067E-01        4.980E-05        116.459
23           -2.7424580068E+01         9.2878E-01        2.540E-05        116.407
24           -2.7424577650E+01         9.2755E-01        7.642E-06        116.271
25           -2.7424575466E+01         9.2788E-01        7.653E-06        116.246
26           -2.7424575963E+01         9.2788E-01        6.566E-06        116.324
27           -2.7424575990E+01         9.2757E-01        1.913E-06        116.343
28           -2.7424575671E+01         9.2761E-01        1.996E-06        116.303
29           -2.7424575594E+01         9.2754E-01        1.120E-06        116.075
30           -2.7424575613E+01         9.2759E-01        1.022E-06        116.209
31           -2.7424575479E+01         9.2752E-01        1.414E-06        116.313
32           -2.7424575375E+01         9.2752E-01        1.402E-06        116.286
33           -2.7424575334E+01         9.2756E-01        6.682E-07        116.031
Total number of SCF: 33    

k = [-0.250, -0.250, 0.000]
Occupation of state 215 = 0.000000000000000.
Occupation of state 239 = 0.000000000000000.
Exx outer loop error: 6.0865333522e-04 

No.4 Exx outer loop: 
1            -2.7424602815E+01         9.7193E-01        1.018E-03        121.954
2            -2.7424658441E+01         9.5367E-01        5.655E-04        116.653
3            -2.7424678734E+01         9.6163E-01        4.979E-04        116.693
4            -2.7424710549E+01         9.5197E-01        1.992E-04        116.675
5            -2.7424692958E+01         9.3594E-01        3.080E-04        116.426
6            -2.7424660950E+01         9.4232E-01        8.694E-05        116.536
7            -2.7424634280E+01         9.4291E-01        4.280E-05        117.542
8            -2.7424613613E+01         9.4260E-01        3.179E-05        118.668
9            -2.7424599170E+01         9.3956E-01        4.741E-05        120.922
10           -2.7424601394E+01         9.4162E-01        1.635E-05        116.648
11           -2.7424598875E+01         9.4110E-01        1.003E-05        116.663
12           -2.7424597119E+01         9.4138E-01        1.145E-05        116.685
13           -2.7424592621E+01         9.4083E-01        7.180E-06        116.570
14           -2.7424590759E+01         9.4124E-01        1.058E-05        116.460
15           -2.7424588365E+01         9.4149E-01        1.168E-05        116.410
16           -2.7424587968E+01         9.4135E-01        6.324E-06        116.384
17           -2.7424587501E+01         9.4138E-01        5.470E-06        119.100
18           -2.7424587433E+01         9.4143E-01        5.227E-06        116.334
19           -2.7424587206E+01         9.4134E-01        3.451E-06        116.278
20           -2.7424586513E+01         9.4132E-01        2.257E-06        116.311
21           -2.7424586138E+01         9.4149E-01        5.251E-06        116.544
22           -2.7424585942E+01         9.4159E-01        6.468E-06        124.217
23           -2.7424586084E+01         9.4155E-01        5.285E-06        117.956
24           -2.7424586088E+01         9.4149E-01        4.762E-06        117.625
25           -2.7424586026E+01         9.4149E-01        4.737E-06        140.225
26           -2.7424586183E+01         9.4144E-01        3.522E-06        116.324
27           -2.7424586243E+01         9.4146E-01        3.919E-06        116.046
28           -2.7424586132E+01         9.4148E-01        4.591E-06        116.229
29           -2.7424586094E+01         9.4153E-01        5.223E-06        116.969
30           -2.7424586085E+01         9.4152E-01        5.065E-06        116.384
31           -2.7424585997E+01         9.4160E-01        6.948E-06        116.308
32           -2.7424586091E+01         9.4152E-01        4.016E-06        116.664
33           -2.7424586111E+01         9.4148E-01        2.883E-06        116.426
34           -2.7424585908E+01         9.4153E-01        3.554E-06        116.317
35           -2.7424585894E+01         9.4138E-01        9.574E-07        117.089
Total number of SCF: 35    

k = [-0.250, -0.250, 0.000]
Occupation of state 215 = 0.000000000000000.
Occupation of state 239 = 0.000000000000000.
Exx outer loop error: 2.1794062323e-03 

No.5 Exx outer loop: 
1            -2.7424595567E+01         9.5790E-01        4.819E-04        128.984
2            -2.7424616470E+01         9.5071E-01        2.546E-04        117.836
3            -2.7424625583E+01         9.4221E-01        2.754E-04        117.901
4            -2.7424631293E+01         9.4818E-01        1.141E-04        120.325
5            -2.7424632901E+01         9.4590E-01        5.281E-05        126.770
6            -2.7424630002E+01         9.5007E-01        1.205E-04        116.690
7            -2.7424626164E+01         9.4733E-01        2.842E-05        121.529
8            -2.7424618740E+01         9.4712E-01        2.650E-05        116.509
9            -2.7424608972E+01         9.4694E-01        2.875E-05        116.411
10           -2.7424602833E+01         9.4674E-01        1.877E-05        131.460
11           -2.7424596755E+01         9.4641E-01        9.805E-06        116.523
12           -2.7424594568E+01         9.4621E-01        6.305E-06        116.424
13           -2.7424592558E+01         9.4620E-01        4.894E-06        116.424
14           -2.7424591104E+01         9.4540E-01        2.098E-05        117.463
15           -2.7424591070E+01         9.4602E-01        5.128E-06        117.605
16           -2.7424589243E+01         9.4605E-01        4.949E-06        117.432
17           -2.7424589475E+01         9.4626E-01        2.191E-06        117.607
18           -2.7424588574E+01         9.4630E-01        1.593E-06        117.578
19           -2.7424588535E+01         9.4632E-01        1.394E-06        117.520
20           -2.7424588283E+01         9.4624E-01        1.121E-06        117.480
21           -2.7424588162E+01         9.4627E-01        4.715E-07        117.239
Total number of SCF: 21    

k = [-0.250, -0.250, 0.000]
Occupation of state 215 = 0.000000000000000.
Occupation of state 239 = 0.000000000000000.
Exx outer loop error: 1.0446940754e-03 

No.6 Exx outer loop: 
1            -2.7424591835E+01         9.5418E-01        3.294E-04        120.151
2            -2.7424600443E+01         9.4982E-01        1.297E-04        116.426
3            -2.7424610772E+01         9.5704E-01        2.056E-04        116.523
4            -2.7424635451E+01         9.6136E-01        2.279E-04        116.582
5            -2.7424669612E+01         9.7557E-01        4.589E-04        116.847
6            -2.7424628072E+01         9.5207E-01        6.107E-05        116.484
7            -2.7424619614E+01         9.4978E-01        3.805E-05        117.349
8            -2.7424615940E+01         9.5062E-01        3.473E-05        116.712
9            -2.7424612344E+01         9.4857E-01        2.992E-05        116.701
10           -2.7424607492E+01         9.4927E-01        1.337E-05        116.331
11           -2.7424601315E+01         9.4860E-01        2.223E-05        119.815
12           -2.7424599036E+01         9.4846E-01        2.380E-05        117.432
13           -2.7424598855E+01         9.4888E-01        1.046E-05        117.542
14           -2.7424597477E+01         9.4855E-01        1.748E-05        117.586
15           -2.7424595841E+01         9.4872E-01        8.916E-06        117.588
16           -2.7424594616E+01         9.4872E-01        7.357E-06        117.581
17           -2.7424593182E+01         9.4849E-01        7.160E-06        116.388
18           -2.7424592145E+01         9.4860E-01        2.631E-06        116.281
19           -2.7424592083E+01         9.4873E-01        4.415E-06        117.171
20           -2.7424591107E+01         9.4852E-01        2.144E-06        117.227
21           -2.7424590019E+01         9.4857E-01        1.155E-06        117.230
22           -2.7424589587E+01         9.4851E-01        7.406E-07        115.986
Total number of SCF: 22    

k = [-0.250, -0.250, 0.000]
Occupation of state 215 = 0.000000000000000.
Occupation of state 239 = 0.000000000000000.
Exx outer loop error: 6.0017197189e-04 

No.7 Exx outer loop: 
1            -2.7424591212E+01         9.5116E-01        3.006E-04        121.431
2            -2.7424593275E+01         9.5126E-01        8.821E-05        130.033
3            -2.7424626486E+01         9.3119E-01        5.769E-04        117.320
4            -2.7424640875E+01         9.6911E-01        3.774E-04        117.574
5            -2.7424651830E+01         9.7105E-01        4.354E-04        134.383
6            -2.7424645292E+01         9.7164E-01        4.591E-04        116.913
7            -2.7424641671E+01         9.7042E-01        4.208E-04        116.853
8            -2.7424649051E+01         9.7521E-01        5.571E-04        138.504
9            -2.7424623040E+01         9.4784E-01        1.071E-04        121.409
10           -2.7424614718E+01         9.4824E-01        9.486E-05        116.912
11           -2.7424599238E+01         9.5060E-01        1.500E-05        116.810
12           -2.7424595608E+01         9.4848E-01        4.385E-05        127.682
13           -2.7424593029E+01         9.5077E-01        3.014E-05        116.346
14           -2.7424591051E+01         9.4946E-01        7.507E-06        116.474
15           -2.7424589397E+01         9.4923E-01        6.816E-06        116.524
16           -2.7424589058E+01         9.4958E-01        2.851E-06        116.341
17           -2.7424589102E+01         9.4954E-01        1.605E-06        116.354
18           -2.7424589402E+01         9.4968E-01        1.374E-06        116.378
19           -2.7424589632E+01         9.4961E-01        2.260E-06        116.386
20           -2.7424589662E+01         9.4964E-01        8.239E-07        117.206
Total number of SCF: 20    

k = [-0.250, -0.250, 0.000]
Occupation of state 215 = 0.000000000000000.
Occupation of state 239 = 0.000000000000000.
Exx outer loop error: 9.6275313940e-04 

No.8 Exx outer loop: 
1            -2.7424590286E+01         9.5072E-01        3.074E-04        120.432
2            -2.7424590989E+01         9.5160E-01        7.631E-05        116.723
3            -2.7424597233E+01         9.5117E-01        4.523E-05        117.552
4            -2.7424596252E+01         9.5010E-01        3.977E-05        116.720
5            -2.7424594311E+01         9.5060E-01        9.504E-06        116.974
6            -2.7424595102E+01         9.5062E-01        6.888E-06        116.654
7            -2.7424594328E+01         9.5046E-01        3.562E-06        116.571
8            -2.7424592706E+01         9.5052E-01        3.169E-06        116.603
9            -2.7424592182E+01         9.5039E-01        1.655E-06        116.745
10           -2.7424591482E+01         9.5041E-01        9.522E-07        116.158
Total number of SCF: 10    

k = [-0.250, -0.250, 0.000]
Occupation of state 215 = 0.000000000000000.
Occupation of state 239 = 0.000000000000000.
Exx outer loop error: 2.3101448615e-04 
====================================================================
                    Energy and force calculation                    
====================================================================
Free energy per atom               : -2.7424589485E+01 (Ha/atom)
Total free energy                  : -1.4535032427E+03 (Ha)
Band structure energy              : -3.6923434239E+02 (Ha)
Exchange correlation energy        : -2.5866985476E+02 (Ha)
Self and correction energy         : -1.9179752170E+03 (Ha)
Entropy*kb*T                       : -2.8460778255E-03 (Ha)
Fermi level                        : -1.6019624914E-01 (Ha)
RMS force                          :  2.0930436437E-02 (Ha/Bohr)
Maximum force                      :  1.0050005954E-01 (Ha/Bohr)
Time for force calculation         :  1.588 (sec)
***************************************************************************
                               Timing info                                 
***************************************************************************
Total walltime                     :  84398.716 sec
___________________________________________________________________________

***************************************************************************
*             Material Physics & Mechanics Group, Georgia Tech            *
*                       PI: Phanish Suryanarayana                         *
*                Main Developers: Qimen Xu, Abhiraj Sharma                *
*     Collaborators: J.E. Pask (LLNL), A.J. Medford (GT), E. Chow (GT)    *
*  Acknowledgements: U.S. DOE (DE-SC0019410); U.S. NSF (1333500,1553212)  *
***************************************************************************
                                                                           
