***************************************************************************
*                       SPARC (version Dec 27, 2021)                      *
*   Copyright (c) 2020 Material Physics & Mechanics Group, Georgia Tech   *
*           Distributed under GNU General Public License 3 (GPL)          *
*                   Start time: Sat Jan 15 22:00:45 2022                  *
***************************************************************************
                           Input parameters                                
***************************************************************************
CELL: 12.4338823950489 16.8986769044157 47.5378507412217 
LATVEC:
1.000000000000000 0.000000000000000 0.000000000000000 
-0.000130020950961 0.999999991547276 0.000000000000000 
0.000000000000000 -0.000000000000000 1.000000000000000 
FD_GRID: 66 89 252
FD_ORDER: 12
BC: P P D
KPOINT_GRID: 2 2 1
KPOINT_SHIFT: 0 0 0
SPIN_TYP: 1
ELEC_TEMP_TYPE: Gaussian
SMEARING: 0.007349864435
CHEB_DEGREE: 37
NSTATES: 267
EXCHANGE_CORRELATION: HSE
CALC_STRESS: 0
CALC_PRES: 0
CHEFSI_BOUND_FLAG: 0
MAXIT_SCF: 100
MINIT_SCF: 3
MAXIT_POISSON: 3000
TOL_SCF: 1.00E-06
POISSON_SOLVER: AAR
TOL_POISSON: 1.00E-08
TOL_LANCZOS: 1.00E-02
TOL_PSEUDOCHARGE: 1.00E-08
MIXING_VARIABLE: density
MIXING_PRECOND: kerker
MIXING_PRECOND_MAG: none
TOL_PRECOND: 3.57E-05
PRECOND_KERKER_KTF: 1
PRECOND_KERKER_THRESH: 0.1
MIXING_PARAMETER: 0.3
MIXING_PARAMETER_MAG: 0.3
MIXING_HISTORY: 7
PULAY_FREQUENCY: 1
PULAY_RESTART: 0
REFERENCE_CUTOFF: 0.5
RHO_TRIGGER: 4
FIX_RAND: 0
VERBOSITY: 1
PRINT_FORCES: 1
PRINT_ATOMS: 1
PRINT_EIGEN: 1
PRINT_DENSITY: 0
PRINT_ENERGY_DENSITY: 0
TOL_FOCK: 5.00E-05
TOL_SCF_INIT: 1.00E-04
MAXIT_FOCK: 1000
EXX_METHOD: FOURIER_SPACE
EXX_DIVERGENCE: AUXILIARY
ACE_FLAG: 1
EXX_ACE_MEM: 1
EXX_ACE_VALENCE_STATES: 10000
EXX_DOWNSAMPLING: 1 1 1
EXX_RANGE_FOCK: 0.106000
EXX_RANGE_PBE: 0.106000
OUTPUT_FILE: sprc-calc
***************************************************************************
                                Cell                                       
***************************************************************************
Lattice vectors (Bohr):
12.433882395048860 0.000000000000000 0.000000000000000 
-0.002197182041095 16.898676761575889 0.000000000000000 
0.000000000000000 -0.000000000000000 47.537850741221725 
Volume                  :  9.9884706279E+03 (Bohr^3)
***************************************************************************
                           Parallelization                                 
***************************************************************************
NP_SPIN_PARAL: 2
NP_KPOINT_PARAL: 4
NP_BAND_PARAL: 1
NP_DOMAIN_PARAL: 2 3 7
NP_DOMAIN_PHI_PARAL: 4 6 14
EIG_SERIAL_MAXNS: 1500
***************************************************************************
                             Initialization                                
***************************************************************************
Number of processors               :  336
Mesh spacing in x-direction        :  0.188392 (Bohr)
Mesh spacing in y-direction        :  0.189873 (Bohr)
Mesh spacing in z direction        :  0.188642 (Bohr)
Number of symmetry adapted k-points:  4
Output printed to                  :  sprc-calc.out
Final eigenvalues printed to       :  sprc-calc.eigen
Total number of atom types         :  4
Total number of atoms              :  57
Total number of electrons          :  438
Atom type 1  (valence electrons)   :  H 1
Pseudopotential                    :  H.psp8
Pseudocharge radii of atom type 1  :  3.77 3.80 3.77 (x, y, z dir)
Number of atoms of type 1          :  2
Atom type 2  (valence electrons)   :  N 5
Pseudopotential                    :  N.psp8
Pseudocharge radii of atom type 2  :  6.78 6.65 6.79 (x, y, z dir)
Number of atoms of type 2          :  2
Atom type 3  (valence electrons)   :  O 6
Pseudopotential                    :  O.psp8
Pseudocharge radii of atom type 3  :  6.78 6.84 6.79 (x, y, z dir)
Number of atoms of type 3          :  35
Atom type 4  (valence electrons)   :  Ti 12
Pseudopotential                    :  Ti.psp8
Pseudocharge radii of atom type 4  :  6.78 6.84 6.79 (x, y, z dir)
Number of atoms of type 4          :  18
Estimated total memory usage       :  314.75 GB
Estimated memory per processor     :  959.25 MB
========================================================================================
                    Self Consistent Field (SCF#1)                     
========================================================================================
Iteration     Free Energy (Ha/atom)    Magnetization     SCF Error        Timing (sec)
1            -2.8836823171E+01         2.0201E+00        4.661E-01        201.635
2            -2.9038677288E+01         5.0018E+00        3.538E-01        51.145
3            -2.8987473133E+01        -3.9943E+00        2.920E-01        50.910
4            -2.9066684348E+01        -3.1701E+00        1.681E-01        50.629
5            -2.9065347973E+01        -2.0619E+00        1.295E-01        50.692
6            -2.9065292354E+01        -3.3808E+00        9.874E-02        50.497
7            -2.9061198386E+01        -2.0617E+00        6.178E-02        50.365
8            -2.9059331240E+01        -4.8396E-01        5.124E-02        50.617
9            -2.9054739983E+01        -7.4013E-01        4.617E-02        51.269
10           -2.9048277901E+01        -5.6111E-01        3.837E-02        50.846
11           -2.9032403757E+01         4.2678E-01        3.026E-02        50.635
12           -2.9021862313E+01         5.3725E-01        2.316E-02        50.784
13           -2.9010289970E+01         1.1476E-02        2.235E-02        51.247
14           -2.9001322984E+01         6.9663E-02        1.740E-02        50.920
15           -2.8983807101E+01        -4.9143E-02        1.351E-02        50.805
16           -2.8972088972E+01        -1.2079E-01        1.078E-02        50.602
17           -2.8962886035E+01        -1.9651E-01        8.609E-03        50.757
18           -2.8959624239E+01        -1.2921E-02        7.370E-03        51.196
19           -2.8952601821E+01        -1.5253E-02        8.408E-03        50.798
20           -2.8952889956E+01        -2.5054E-02        5.748E-03        51.392
21           -2.8949685844E+01        -1.1005E-01        4.831E-03        51.074
22           -2.8947900166E+01        -1.1258E-01        3.415E-03        50.591
23           -2.8945579998E+01        -1.6465E-01        2.812E-03        50.651
24           -2.8942706664E+01        -2.4905E-01        2.325E-03        50.633
25           -2.8940973586E+01        -2.9585E-01        2.167E-03        50.521
26           -2.8940305271E+01        -3.9071E-01        1.595E-03        50.678
27           -2.8939941692E+01        -4.3191E-01        1.360E-03        51.196
28           -2.8939537337E+01        -4.9947E-01        1.235E-03        50.966
29           -2.8939253080E+01        -5.8333E-01        1.323E-03        50.720
30           -2.8939213227E+01        -5.8488E-01        1.124E-03        56.481
31           -2.8939073693E+01        -6.5035E-01        1.224E-03        55.673
32           -2.8938885173E+01        -7.1227E-01        1.196E-03        54.412
33           -2.8938857818E+01        -7.3080E-01        1.110E-03        50.404
34           -2.8938844859E+01        -7.3579E-01        1.130E-03        50.217
35           -2.8938847030E+01        -7.3748E-01        1.103E-03        50.588
36           -2.8938881410E+01        -7.1871E-01        1.167E-03        50.050
37           -2.8938879580E+01        -7.2049E-01        1.166E-03        50.888
38           -2.8938840592E+01        -7.4762E-01        1.131E-03        50.526
39           -2.8938776225E+01        -7.7889E-01        1.144E-03        50.765
40           -2.8938773231E+01        -7.8617E-01        1.151E-03        50.218
41           -2.8938761875E+01        -7.8503E-01        1.118E-03        50.876
42           -2.8938773920E+01        -7.7681E-01        1.123E-03        50.469
43           -2.8938805520E+01        -7.4943E-01        1.124E-03        50.414
44           -2.8938893048E+01        -6.5560E-01        1.081E-03        50.372
45           -2.8938931842E+01        -6.2548E-01        1.084E-03        50.949
46           -2.8939027685E+01        -5.0857E-01        1.019E-03        50.399
47           -2.8939099006E+01        -4.4244E-01        9.989E-04        50.748
48           -2.8939054251E+01        -4.3204E-01        9.703E-04        50.799
49           -2.8939064790E+01        -3.9055E-01        9.357E-04        50.950
50           -2.8938987102E+01        -2.9850E-01        8.823E-04        50.853
51           -2.8938913568E+01        -1.2725E-01        7.806E-04        50.290
52           -2.8938873046E+01         7.3010E-02        6.829E-04        50.306
53           -2.8938803349E+01         3.3041E-01        6.381E-04        50.594
54           -2.8938709012E+01         3.9806E-01        6.122E-04        51.085
55           -2.8938651710E+01         4.2064E-01        5.902E-04        51.061
56           -2.8938400713E+01         4.5301E-01        6.139E-04        51.499
57           -2.8938229158E+01         5.1402E-01        5.274E-04        50.336
58           -2.8938208068E+01         6.1730E-01        4.191E-04        50.743
59           -2.8938139492E+01         6.1967E-01        3.858E-04        50.362
60           -2.8938162091E+01         6.2367E-01        3.521E-04        50.310
61           -2.8938157481E+01         6.7580E-01        2.808E-04        50.521
62           -2.8938136827E+01         6.5625E-01        2.140E-04        51.030
63           -2.8938148815E+01         6.5428E-01        4.670E-04        50.397
64           -2.8938112573E+01         6.5155E-01        1.308E-04        50.407
65           -2.8938131498E+01         6.6409E-01        3.186E-04        51.399
66           -2.8938109862E+01         6.4597E-01        3.017E-04        55.690
67           -2.8938103184E+01         6.1216E-01        1.162E-04        53.927
68           -2.8938119104E+01         6.0430E-01        1.385E-04        50.460
69           -2.8938109291E+01         5.9360E-01        7.376E-05        50.027
Total number of SCF: 69    

k = [0.000, 0.000, 0.000]
Occupation of state 240 = 0.000000000001725.
Occupation of state 267 = 0.000000000000000.

No.1 Exx outer loop: 
1            -2.8734180261E+01         3.0165E-01        1.606E-02        84.365
2            -2.8726738973E+01         7.5576E-01        1.352E-02        78.203
3            -2.8729943442E+01         1.1621E+00        1.232E-02        78.394
4            -2.8732279268E+01         1.1311E+00        9.537E-03        78.334
5            -2.8735028104E+01         8.4421E-01        8.513E-03        78.463
6            -2.8735698612E+01         5.4125E-01        6.395E-03        78.203
7            -2.8736673741E+01         4.0114E-01        5.400E-03        78.146
8            -2.8737577950E+01         2.9409E-01        4.591E-03        78.210
9            -2.8737239117E+01         5.2718E-01        3.771E-03        77.943
10           -2.8737875477E+01         8.5324E-01        4.892E-03        78.068
11           -2.8738245131E+01         7.1277E-01        3.046E-03        79.118
12           -2.8737538641E+01         9.3220E-01        2.211E-03        78.402
13           -2.8737234193E+01         9.2376E-01        1.427E-03        78.211
14           -2.8736809639E+01         1.0941E+00        1.018E-03        78.253
15           -2.8736705765E+01         1.0874E+00        8.315E-04        78.071
16           -2.8736652491E+01         1.1311E+00        6.962E-04        78.489
17           -2.8736534135E+01         1.1761E+00        4.402E-04        77.959
18           -2.8736361192E+01         1.1942E+00        3.134E-04        77.974
19           -2.8736278946E+01         1.1890E+00        2.637E-04        77.940
20           -2.8736172885E+01         1.1804E+00        2.064E-04        77.852
21           -2.8736082127E+01         1.1788E+00        1.624E-04        78.159
22           -2.8735972010E+01         1.1761E+00        1.217E-04        78.146
23           -2.8735915234E+01         1.1885E+00        1.745E-04        83.123
24           -2.8735892478E+01         1.1704E+00        5.154E-05        80.377
25           -2.8735891660E+01         1.1722E+00        5.139E-05        77.887
26           -2.8735895378E+01         1.1654E+00        2.925E-05        77.739
27           -2.8735893823E+01         1.1645E+00        2.732E-05        78.041
28           -2.8735896881E+01         1.1711E+00        4.347E-05        78.017
29           -2.8735897391E+01         1.1650E+00        2.017E-05        78.263
30           -2.8735892018E+01         1.1653E+00        2.235E-05        77.665
31           -2.8735892245E+01         1.1655E+00        1.444E-05        77.714
32           -2.8735890794E+01         1.1654E+00        1.528E-05        77.999
33           -2.8735890712E+01         1.1654E+00        1.373E-05        77.664
34           -2.8735890835E+01         1.1656E+00        9.021E-06        78.377
35           -2.8735890833E+01         1.1653E+00        5.995E-06        77.887
36           -2.8735892367E+01         1.1622E+00        2.681E-05        77.937
37           -2.8735893067E+01         1.1619E+00        2.812E-05        77.905
38           -2.8735893285E+01         1.1616E+00        3.240E-05        77.907
39           -2.8735891540E+01         1.1638E+00        5.149E-06        77.771
40           -2.8735890490E+01         1.1640E+00        3.197E-06        78.199
41           -2.8735889461E+01         1.1634E+00        8.600E-06        78.318
42           -2.8735889475E+01         1.1623E+00        2.054E-05        77.513
43           -2.8735887928E+01         1.1637E+00        3.066E-06        77.694
44           -2.8735887679E+01         1.1636E+00        3.997E-06        78.356
45           -2.8735887284E+01         1.1635E+00        4.272E-06        78.075
46           -2.8735886975E+01         1.1638E+00        1.124E-06        80.966
47           -2.8735886766E+01         1.1638E+00        3.287E-07        80.940
Total number of SCF: 47    

k = [0.000, 0.000, 0.000]
Occupation of state 240 = 0.000000000000000.
Occupation of state 267 = 0.000000000000000.
Exx outer loop error: 6.5076363438e-01 

No.2 Exx outer loop: 
1            -2.8736527164E+01         1.4694E+00        6.020E-03        85.027
2            -2.8736501807E+01         1.6137E+00        4.436E-03        82.185
3            -2.8737442409E+01         1.5753E+00        2.971E-03        80.167
4            -2.8737470247E+01         1.6984E+00        1.457E-03        77.972
5            -2.8737438208E+01         1.7324E+00        8.310E-04        78.434
6            -2.8736954092E+01         1.7350E+00        4.178E-04        78.030
7            -2.8736882282E+01         1.6597E+00        8.217E-04        77.815
8            -2.8736776796E+01         1.6754E+00        5.764E-04        77.931
9            -2.8736640405E+01         1.6651E+00        5.129E-04        78.603
10           -2.8736541623E+01         1.6775E+00        2.240E-04        77.899
11           -2.8736517136E+01         1.6721E+00        1.328E-04        78.185
12           -2.8736531550E+01         1.6717E+00        9.895E-05        78.030
13           -2.8736529413E+01         1.6724E+00        7.418E-05        78.274
14           -2.8736507399E+01         1.6717E+00        5.875E-05        78.320
15           -2.8736471545E+01         1.6694E+00        4.012E-05        77.922
16           -2.8736453757E+01         1.6695E+00        2.615E-05        77.969
17           -2.8736446719E+01         1.6714E+00        2.918E-05        78.177
18           -2.8736447097E+01         1.6715E+00        1.839E-05        78.150
19           -2.8736443368E+01         1.6719E+00        1.426E-05        77.865
20           -2.8736438097E+01         1.6728E+00        1.130E-05        77.847
21           -2.8736435517E+01         1.6730E+00        1.007E-05        77.847
22           -2.8736431187E+01         1.6731E+00        6.100E-06        78.191
23           -2.8736428108E+01         1.6734E+00        3.973E-06        77.682
24           -2.8736427321E+01         1.6733E+00        3.353E-06        80.606
25           -2.8736425634E+01         1.6730E+00        2.890E-06        81.265
26           -2.8736424314E+01         1.6731E+00        3.458E-06        79.808
27           -2.8736423592E+01         1.6729E+00        1.684E-06        78.514
28           -2.8736422627E+01         1.6728E+00        1.374E-06        77.700
29           -2.8736422770E+01         1.6727E+00        1.696E-06        78.155
30           -2.8736422801E+01         1.6728E+00        8.565E-07        77.421
Total number of SCF: 30    

k = [0.000, 0.000, 0.000]
Occupation of state 240 = 0.000000000000000.
Occupation of state 267 = 0.000000000000000.
Exx outer loop error: 7.8513788009e-03 

No.3 Exx outer loop: 
1            -2.8736628427E+01         1.7490E+00        2.278E-03        81.178
2            -2.8736743516E+01         1.7191E+00        1.533E-03        78.491
3            -2.8737292063E+01         1.6207E+00        1.713E-03        78.061
4            -2.8737241248E+01         1.7416E+00        6.136E-04        78.079
5            -2.8737049367E+01         1.7625E+00        4.048E-04        78.152
6            -2.8736952277E+01         1.6425E+00        1.302E-03        78.467
7            -2.8736905243E+01         1.6819E+00        9.463E-04        77.814
8            -2.8736882646E+01         1.6688E+00        1.082E-03        78.680
9            -2.8736827660E+01         1.8125E+00        4.230E-04        77.976
10           -2.8736797810E+01         1.7558E+00        2.521E-04        78.016
11           -2.8736773471E+01         1.7266E+00        4.708E-04        78.011
12           -2.8736731985E+01         1.7238E+00        4.996E-04        78.076
13           -2.8736686026E+01         1.7507E+00        2.422E-04        78.550
14           -2.8736674918E+01         1.7491E+00        2.536E-04        78.000
15           -2.8736672595E+01         1.7497E+00        2.475E-04        78.430
16           -2.8736660870E+01         1.7496E+00        2.510E-04        78.251
17           -2.8736659610E+01         1.7497E+00        2.510E-04        77.780
18           -2.8736655868E+01         1.7491E+00        2.556E-04        78.264
19           -2.8736656050E+01         1.7489E+00        2.562E-04        78.003
20           -2.8736654127E+01         1.7487E+00        2.572E-04        82.907
21           -2.8736692705E+01         1.7510E+00        2.315E-04        80.832
22           -2.8736714954E+01         1.7505E+00        2.059E-04        78.020
23           -2.8736764200E+01         1.7536E+00        1.221E-04        77.975
24           -2.8736659626E+01         1.7375E+00        1.267E-04        78.691
25           -2.8736655775E+01         1.7350E+00        9.758E-05        78.913
26           -2.8736622725E+01         1.7375E+00        5.880E-05        78.314
27           -2.8736613978E+01         1.7329E+00        4.778E-05        77.949
28           -2.8736600318E+01         1.7334E+00        4.531E-05        77.929
29           -2.8736587011E+01         1.7319E+00        2.247E-05        77.999
30           -2.8736578266E+01         1.7312E+00        1.634E-05        77.880
31           -2.8736565971E+01         1.7306E+00        1.597E-05        78.595
32           -2.8736564578E+01         1.7314E+00        1.020E-05        78.129
33           -2.8736562854E+01         1.7316E+00        7.143E-06        78.170
34           -2.8736560469E+01         1.7321E+00        6.607E-06        78.022
35           -2.8736560437E+01         1.7320E+00        5.904E-06        78.251
36           -2.8736558726E+01         1.7333E+00        1.615E-05        78.240
37           -2.8736558243E+01         1.7328E+00        9.333E-06        78.092
38           -2.8736556057E+01         1.7329E+00        1.380E-05        77.884
39           -2.8736553680E+01         1.7325E+00        8.382E-06        77.652
40           -2.8736553020E+01         1.7317E+00        1.600E-06        77.663
41           -2.8736552959E+01         1.7315E+00        1.171E-06        77.814
42           -2.8736553004E+01         1.7314E+00        8.876E-07        77.946
Total number of SCF: 42    

k = [0.000, 0.000, 0.000]
Occupation of state 240 = 0.000000000000000.
Occupation of state 267 = 0.000000000000000.
Exx outer loop error: 4.4310437611e-04 

No.4 Exx outer loop: 
1            -2.8736611864E+01         1.8159E+00        1.539E-03        114.240
2            -2.8736783869E+01         1.7585E+00        8.844E-04        102.091
3            -2.8737143243E+01         1.7259E+00        7.015E-04        97.411
4            -2.8737314352E+01         1.8580E+00        1.777E-03        112.239
5            -2.8737175868E+01         1.7793E+00        3.221E-04        107.284
6            -2.8737021991E+01         1.7675E+00        2.663E-04        121.354
7            -2.8736801421E+01         1.7643E+00        1.678E-04        106.016
8            -2.8736702992E+01         1.7487E+00        1.281E-04        109.390
9            -2.8736667403E+01         1.7688E+00        1.601E-04        159.389
10           -2.8736636646E+01         1.7670E+00        6.286E-05        169.515
11           -2.8736619457E+01         1.7706E+00        4.611E-05        133.130
12           -2.8736616143E+01         1.7697E+00        3.308E-05        111.501
13           -2.8736603115E+01         1.7709E+00        1.881E-05        78.010
14           -2.8736591919E+01         1.7703E+00        1.050E-05        78.877
15           -2.8736585280E+01         1.7698E+00        6.367E-06        80.253
16           -2.8736582246E+01         1.7697E+00        5.104E-06        77.699
17           -2.8736580632E+01         1.7695E+00        5.002E-06        78.046
18           -2.8736578718E+01         1.7691E+00        3.706E-06        78.539
19           -2.8736578277E+01         1.7690E+00        1.693E-06        80.727
20           -2.8736578169E+01         1.7689E+00        1.172E-06        80.567
21           -2.8736578360E+01         1.7689E+00        1.086E-06        77.742
22           -2.8736578340E+01         1.7689E+00        7.849E-07        77.568
Total number of SCF: 22    

k = [0.000, 0.000, 0.000]
Occupation of state 240 = 0.000000000000000.
Occupation of state 267 = 0.000000000000000.
Exx outer loop error: 1.1442838872e-03 

No.5 Exx outer loop: 
1            -2.8736606283E+01         1.8411E+00        1.173E-03        83.176
2            -2.8736751605E+01         1.7907E+00        6.036E-04        78.683
3            -2.8736754300E+01         1.8327E+00        5.353E-04        77.783
4            -2.8736816702E+01         1.7838E+00        3.388E-04        78.571
5            -2.8736781911E+01         1.8115E+00        2.562E-04        78.257
6            -2.8736733597E+01         1.8032E+00        1.271E-04        78.081
7            -2.8736715363E+01         1.8009E+00        7.067E-05        78.118
8            -2.8736687735E+01         1.8009E+00        5.064E-05        78.031
9            -2.8736669543E+01         1.8003E+00        4.252E-05        78.257
10           -2.8736650207E+01         1.8021E+00        3.910E-05        78.580
11           -2.8736630220E+01         1.8015E+00        2.096E-05        78.469
12           -2.8736610263E+01         1.8004E+00        2.510E-05        78.131
13           -2.8736615563E+01         1.8000E+00        1.371E-05        78.291
14           -2.8736603775E+01         1.7979E+00        2.245E-05        77.738
15           -2.8736603540E+01         1.7982E+00        1.777E-05        78.595
16           -2.8736599699E+01         1.7962E+00        3.255E-05        78.088
17           -2.8736597418E+01         1.7974E+00        1.511E-05        77.823
18           -2.8736595797E+01         1.7974E+00        1.573E-05        78.069
19           -2.8736593191E+01         1.7991E+00        6.160E-06        77.917
20           -2.8736592139E+01         1.7989E+00        2.790E-06        78.438
21           -2.8736590531E+01         1.7991E+00        1.665E-06        77.645
22           -2.8736590404E+01         1.7991E+00        1.895E-06        78.018
23           -2.8736590096E+01         1.7992E+00        1.473E-06        81.699
24           -2.8736589835E+01         1.7992E+00        8.436E-07        79.525
Total number of SCF: 24    

k = [0.000, 0.000, 0.000]
Occupation of state 240 = 0.000000000000000.
Occupation of state 267 = 0.000000000000000.
Exx outer loop error: 5.9253036226e-04 

No.6 Exx outer loop: 
1            -2.8736606172E+01         1.8554E+00        9.412E-04        85.209
2            -2.8736713121E+01         1.8192E+00        4.275E-04        82.251
3            -2.8736836914E+01         1.8373E+00        3.127E-04        78.136
4            -2.8736985406E+01         1.8277E+00        5.587E-04        77.982
5            -2.8736910848E+01         1.8304E+00        4.007E-04        78.261
6            -2.8736749734E+01         1.8284E+00        1.942E-04        78.195
7            -2.8736738766E+01         1.8065E+00        3.368E-04        77.858
8            -2.8736749308E+01         1.8117E+00        2.826E-04        77.855
9            -2.8736753767E+01         1.8354E+00        9.584E-05        78.076
10           -2.8736723374E+01         1.8295E+00        9.068E-05        78.266
11           -2.8736703128E+01         1.8303E+00        9.403E-05        77.707
12           -2.8736697518E+01         1.8347E+00        5.658E-05        78.412
13           -2.8736669734E+01         1.8273E+00        5.408E-05        100.239
14           -2.8736657523E+01         1.8255E+00        4.715E-05        85.460
15           -2.8736641763E+01         1.8245E+00        3.032E-05        77.982
16           -2.8736626057E+01         1.8234E+00        2.472E-05        78.046
17           -2.8736617598E+01         1.8230E+00        1.808E-05        78.373
18           -2.8736613495E+01         1.8236E+00        1.260E-05        78.354
19           -2.8736607884E+01         1.8252E+00        1.405E-05        77.864
20           -2.8736606682E+01         1.8248E+00        7.827E-06        77.991
21           -2.8736602263E+01         1.8239E+00        1.048E-05        77.965
22           -2.8736598893E+01         1.8242E+00        4.253E-06        78.077
23           -2.8736597291E+01         1.8241E+00        3.293E-06        77.988
24           -2.8736595308E+01         1.8240E+00        2.131E-06        82.395
25           -2.8736594400E+01         1.8239E+00        1.527E-06        80.746
26           -2.8736594025E+01         1.8239E+00        1.018E-06        77.929
27           -2.8736593961E+01         1.8239E+00        1.164E-06        77.933
28           -2.8736594205E+01         1.8240E+00        6.741E-07        77.569
Total number of SCF: 28    

k = [0.000, 0.000, 0.000]
Occupation of state 240 = 0.000000000000000.
Occupation of state 267 = 0.000000000000000.
Exx outer loop error: 1.4236055182e-03 

No.7 Exx outer loop: 
1            -2.8736604086E+01         1.8670E+00        7.924E-04        80.948
2            -2.8736684652E+01         1.8418E+00        3.237E-04        78.042
3            -2.8736688487E+01         1.8946E+00        6.989E-04        78.550
4            -2.8736732573E+01         1.8742E+00        2.980E-04        78.494
5            -2.8736767499E+01         1.8774E+00        2.608E-04        78.784
6            -2.8736777989E+01         1.8699E+00        2.548E-04        77.868
7            -2.8736801376E+01         1.8610E+00        3.151E-04        77.969
8            -2.8736793211E+01         1.8463E+00        3.328E-04        77.998
9            -2.8736712650E+01         1.8513E+00        7.753E-05        78.151
10           -2.8736689555E+01         1.8452E+00        5.525E-05        78.546
11           -2.8736664672E+01         1.8461E+00        3.218E-05        78.336
12           -2.8736641006E+01         1.8447E+00        2.453E-05        77.939
13           -2.8736624353E+01         1.8439E+00        1.615E-05        77.879
14           -2.8736611742E+01         1.8430E+00        9.487E-06        78.549
15           -2.8736607291E+01         1.8433E+00        6.936E-06        78.027
16           -2.8736604297E+01         1.8435E+00        5.319E-06        77.705
17           -2.8736603261E+01         1.8433E+00        3.491E-06        78.028
18           -2.8736600633E+01         1.8434E+00        3.898E-06        77.864
19           -2.8736600104E+01         1.8436E+00        4.505E-06        78.236
20           -2.8736600362E+01         1.8435E+00        3.519E-06        78.303
21           -2.8736599625E+01         1.8438E+00        4.404E-06        80.430
22           -2.8736600009E+01         1.8438E+00        3.412E-06        81.490
23           -2.8736600175E+01         1.8438E+00        2.516E-06        79.708
24           -2.8736599999E+01         1.8439E+00        3.417E-06        77.813
25           -2.8736599952E+01         1.8439E+00        3.563E-06        78.057
26           -2.8736600128E+01         1.8439E+00        3.691E-06        78.108
27           -2.8736600209E+01         1.8439E+00        3.545E-06        77.917
28           -2.8736599507E+01         1.8441E+00        5.702E-06        77.571
29           -2.8736599786E+01         1.8440E+00        5.420E-06        77.506
30           -2.8736599607E+01         1.8440E+00        3.588E-06        77.897
31           -2.8736599618E+01         1.8439E+00        3.007E-06        77.863
32           -2.8736598954E+01         1.8441E+00        4.319E-06        77.952
33           -2.8736598939E+01         1.8441E+00        3.655E-06        78.187
34           -2.8736598743E+01         1.8440E+00        2.496E-06        77.799
35           -2.8736598164E+01         1.8439E+00        1.482E-06        77.795
36           -2.8736597727E+01         1.8439E+00        1.368E-06        77.858
37           -2.8736597549E+01         1.8439E+00        1.004E-06        78.381
38           -2.8736597376E+01         1.8438E+00        4.440E-07        77.785
Total number of SCF: 38    

k = [0.000, 0.000, 0.000]
Occupation of state 240 = 0.000000000000000.
Occupation of state 267 = 0.000000000000000.
Exx outer loop error: 6.6298266308e-04 

No.8 Exx outer loop: 
1            -2.8736603047E+01         1.8789E+00        7.083E-04        81.037
2            -2.8736667971E+01         1.8579E+00        2.751E-04        78.352
3            -2.8736619614E+01         1.8859E+00        3.865E-04        77.950
4            -2.8736728754E+01         1.8839E+00        2.153E-04        77.948
5            -2.8736730835E+01         1.8856E+00        1.839E-04        77.866
6            -2.8736698156E+01         1.8659E+00        1.730E-04        77.901
7            -2.8736638134E+01         1.8611E+00        8.795E-05        78.744
8            -2.8736631606E+01         1.8639E+00        2.877E-05        77.998
9            -2.8736635927E+01         1.8621E+00        2.509E-05        81.569
10           -2.8736636934E+01         1.8619E+00        1.930E-05        80.817
11           -2.8736628672E+01         1.8612E+00        1.579E-05        77.879
12           -2.8736616158E+01         1.8609E+00        1.105E-05        78.030
13           -2.8736608592E+01         1.8606E+00        8.038E-06        78.114
14           -2.8736603514E+01         1.8602E+00        6.295E-06        78.150
15           -2.8736601892E+01         1.8599E+00        4.137E-06        78.084
16           -2.8736601647E+01         1.8599E+00        3.182E-06        77.552
17           -2.8736601615E+01         1.8599E+00        2.152E-06        77.864
18           -2.8736600548E+01         1.8600E+00        1.611E-06        78.305
19           -2.8736600112E+01         1.8599E+00        1.127E-06        77.823
20           -2.8736599473E+01         1.8599E+00        8.787E-07        78.306
Total number of SCF: 20    

k = [0.000, 0.000, 0.000]
Occupation of state 240 = 0.000000000000000.
Occupation of state 267 = 0.000000000000000.
Exx outer loop error: 3.3573214561e-04 

No.9 Exx outer loop: 
1            -2.8736601983E+01         1.8912E+00        6.678E-04        80.859
2            -2.8736659933E+01         1.8697E+00        2.594E-04        78.267
3            -2.8736812372E+01         1.9114E+00        5.402E-04        78.412
4            -2.8736778352E+01         1.9170E+00        5.228E-04        78.434
5            -2.8736824724E+01         1.9414E+00        6.735E-04        77.959
6            -2.8736746837E+01         1.8807E+00        1.839E-04        78.154
7            -2.8736743576E+01         1.8703E+00        1.093E-04        78.330
8            -2.8736709922E+01         1.8702E+00        1.100E-04        78.002
9            -2.8736699801E+01         1.8685E+00        9.443E-05        77.735
10           -2.8736683972E+01         1.8680E+00        8.173E-05        77.784
11           -2.8736673134E+01         1.8690E+00        7.922E-05        77.843
12           -2.8736661191E+01         1.8692E+00        7.339E-05        78.318
13           -2.8736635188E+01         1.8704E+00        6.497E-05        77.920
14           -2.8736619451E+01         1.8708E+00        4.624E-05        83.389
15           -2.8736637535E+01         1.8718E+00        3.548E-05        81.244
16           -2.8736621835E+01         1.8743E+00        2.485E-05        79.403
17           -2.8736617185E+01         1.8758E+00        2.426E-05        78.129
18           -2.8736614039E+01         1.8758E+00        1.911E-05        78.071
19           -2.8736614815E+01         1.8744E+00        1.180E-05        78.338
20           -2.8736609638E+01         1.8743E+00        9.960E-06        78.173
21           -2.8736608807E+01         1.8752E+00        1.151E-05        77.991
22           -2.8736607253E+01         1.8746E+00        5.848E-06        78.636
23           -2.8736605786E+01         1.8741E+00        4.260E-06        78.193
24           -2.8736603761E+01         1.8739E+00        4.288E-06        77.815
25           -2.8736603655E+01         1.8739E+00        2.380E-06        78.014
26           -2.8736602509E+01         1.8738E+00        1.315E-06        78.484
27           -2.8736601787E+01         1.8738E+00        1.042E-06        77.795
28           -2.8736601481E+01         1.8737E+00        7.778E-07        77.436
Total number of SCF: 28    

k = [0.000, 0.000, 0.000]
Occupation of state 240 = 0.000000000000000.
Occupation of state 267 = 0.000000000000000.
Exx outer loop error: 1.5124620753e-04 

No.10 Exx outer loop: 
1            -2.8736602915E+01         1.8996E+00        6.244E-04        80.964
2            -2.8736649222E+01         1.8849E+00        2.386E-04        78.318
3            -2.8736692862E+01         1.8926E+00        2.597E-04        78.265
4            -2.8736657569E+01         1.8730E+00        8.850E-05        78.176
5            -2.8736636156E+01         1.8820E+00        5.617E-05        78.124
6            -2.8736629879E+01         1.8856E+00        5.239E-05        77.979
7            -2.8736627615E+01         1.8854E+00        2.340E-05        78.033
8            -2.8736616451E+01         1.8848E+00        1.526E-05        77.966
9            -2.8736605539E+01         1.8850E+00        6.635E-06        78.294
10           -2.8736603372E+01         1.8856E+00        9.052E-06        77.839
11           -2.8736602460E+01         1.8855E+00        4.047E-06        78.379
12           -2.8736602608E+01         1.8856E+00        3.658E-06        81.659
13           -2.8736602707E+01         1.8855E+00        3.699E-06        81.070
14           -2.8736602795E+01         1.8856E+00        2.012E-06        77.759
15           -2.8736603771E+01         1.8850E+00        8.441E-06        77.650
16           -2.8736603489E+01         1.8853E+00        4.180E-06        77.862
17           -2.8736603364E+01         1.8855E+00        1.796E-06        78.086
18           -2.8736603428E+01         1.8855E+00        1.156E-06        77.721
19           -2.8736603303E+01         1.8856E+00        5.956E-07        77.354
Total number of SCF: 19    

k = [0.000, 0.000, 0.000]
Occupation of state 240 = 0.000000000000000.
Occupation of state 267 = 0.000000000000000.
Exx outer loop error: 6.8170367981e-04 

No.11 Exx outer loop: 
1            -2.8736604413E+01         1.9113E+00        6.060E-04        81.811
2            -2.8736651342E+01         1.8942E+00        2.198E-04        78.075
3            -2.8736738812E+01         1.9060E+00        2.919E-04        78.046
4            -2.8736744408E+01         1.9045E+00        1.622E-04        78.001
5            -2.8736718169E+01         1.9065E+00        8.261E-05        78.062
6            -2.8736683472E+01         1.9020E+00        4.381E-05        78.537
7            -2.8736659228E+01         1.8959E+00        4.626E-05        78.577
8            -2.8736640872E+01         1.8963E+00        2.468E-05        77.881
9            -2.8736633805E+01         1.8961E+00        2.408E-05        78.159
10           -2.8736630069E+01         1.8956E+00        1.253E-05        78.031
11           -2.8736626940E+01         1.8963E+00        1.140E-05        78.230
12           -2.8736618358E+01         1.8957E+00        6.965E-06        78.020
13           -2.8736612600E+01         1.8959E+00        5.087E-06        77.802
14           -2.8736609525E+01         1.8964E+00        4.092E-06        77.849
15           -2.8736607843E+01         1.8964E+00        2.674E-06        77.785
16           -2.8736606163E+01         1.8965E+00        2.101E-06        77.790
17           -2.8736605298E+01         1.8965E+00        1.335E-06        79.200
18           -2.8736604962E+01         1.8966E+00        2.069E-06        82.254
19           -2.8736604951E+01         1.8965E+00        1.038E-06        82.721
20           -2.8736604539E+01         1.8966E+00        1.618E-06        79.164
21           -2.8736604452E+01         1.8965E+00        6.457E-07        77.455
Total number of SCF: 21    

k = [0.000, 0.000, 0.000]
Occupation of state 240 = 0.000000000000000.
Occupation of state 267 = 0.000000000000000.
Exx outer loop error: 2.3613611558e-05 
====================================================================
                    Energy and force calculation                    
====================================================================
Free energy per atom               : -2.8736599576E+01 (Ha/atom)
Total free energy                  : -1.6379861758E+03 (Ha)
Band structure energy              : -4.1540779397E+02 (Ha)
Exchange correlation energy        : -2.9093118929E+02 (Ha)
Self and correction energy         : -2.1599439082E+03 (Ha)
Entropy*kb*T                       : -2.6150334765E-03 (Ha)
Fermi level                        : -1.5924799631E-01 (Ha)
RMS force                          :  2.8719362388E-02 (Ha/Bohr)
Maximum force                      :  1.0921248066E-01 (Ha/Bohr)
Time for force calculation         :  0.957 (sec)
***************************************************************************
                               Timing info                                 
***************************************************************************
Total walltime                     :  46992.361 sec
___________________________________________________________________________

***************************************************************************
*             Material Physics & Mechanics Group, Georgia Tech            *
*                       PI: Phanish Suryanarayana                         *
*                Main Developers: Qimen Xu, Abhiraj Sharma                *
*     Collaborators: J.E. Pask (LLNL), A.J. Medford (GT), E. Chow (GT)    *
*  Acknowledgements: U.S. DOE (DE-SC0019410); U.S. NSF (1333500,1553212)  *
***************************************************************************
                                                                           

***************************************************************************
*                       SPARC (version Mar 30, 2022)                      *
*   Copyright (c) 2020 Material Physics & Mechanics Group, Georgia Tech   *
*           Distributed under GNU General Public License 3 (GPL)          *
*                   Start time: Thu Apr 14 09:17:13 2022                  *
***************************************************************************
                           Input parameters                                
***************************************************************************
CELL: 12.4338823950489 16.8986769044157 47.5378507412217 
LATVEC:
1.000000000000000 0.000000000000000 0.000000000000000 
-0.000130020950961 0.999999991547276 0.000000000000000 
0.000000000000000 -0.000000000000000 1.000000000000000 
FD_GRID: 66 89 252
FD_ORDER: 12
BC: P P D
KPOINT_GRID: 2 2 1
KPOINT_SHIFT: 0 0 0
SPIN_TYP: 1
ELEC_TEMP_TYPE: Gaussian
SMEARING: 0.007349864435
CHEB_DEGREE: 37
NSTATES: 267
EXCHANGE_CORRELATION: HSE
CALC_STRESS: 0
CALC_PRES: 0
CHEFSI_BOUND_FLAG: 0
MAXIT_SCF: 100
MINIT_SCF: 3
MAXIT_POISSON: 3000
TOL_SCF: 1.00E-06
POISSON_SOLVER: AAR
TOL_POISSON: 1.00E-08
TOL_LANCZOS: 1.00E-02
TOL_PSEUDOCHARGE: 1.00E-08
MIXING_VARIABLE: density
MIXING_PRECOND: kerker
MIXING_PRECOND_MAG: none
TOL_PRECOND: 3.57E-05
PRECOND_KERKER_KTF: 1
PRECOND_KERKER_THRESH: 0.1
MIXING_PARAMETER: 0.3
MIXING_PARAMETER_MAG: 0.3
MIXING_HISTORY: 7
PULAY_FREQUENCY: 1
PULAY_RESTART: 0
REFERENCE_CUTOFF: 0.5
RHO_TRIGGER: 4
FIX_RAND: 0
VERBOSITY: 1
PRINT_FORCES: 1
PRINT_ATOMS: 1
PRINT_EIGEN: 1
PRINT_DENSITY: 0
PRINT_ENERGY_DENSITY: 0
TOL_FOCK: 5.00E-05
TOL_SCF_INIT: 1.00E-04
MAXIT_FOCK: 1000
EXX_METHOD: FOURIER_SPACE
EXX_DIVERGENCE: AUXILIARY
ACE_FLAG: 1
EXX_ACE_MEM: 1
EXX_ACE_VALENCE_STATES: 10000
EXX_DOWNSAMPLING: 1 1 1
EXX_RANGE_FOCK: 0.106000
EXX_RANGE_PBE: 0.106000
OUTPUT_FILE: sprc-calc
***************************************************************************
                                Cell                                       
***************************************************************************
Lattice vectors (Bohr):
12.433882395048860 0.000000000000000 0.000000000000000 
-0.002197182041095 16.898676761575889 0.000000000000000 
0.000000000000000 -0.000000000000000 47.537850741221725 
Volume                  :  9.9884706279E+03 (Bohr^3)
***************************************************************************
                           Parallelization                                 
***************************************************************************
NP_SPIN_PARAL: 2
NP_KPOINT_PARAL: 4
NP_BAND_PARAL: 1
NP_DOMAIN_PARAL: 2 3 7
NP_DOMAIN_PHI_PARAL: 4 6 14
EIG_SERIAL_MAXNS: 1500
***************************************************************************
                             Initialization                                
***************************************************************************
Number of processors               :  336
Mesh spacing in x-direction        :  0.188392 (Bohr)
Mesh spacing in y-direction        :  0.189873 (Bohr)
Mesh spacing in z direction        :  0.188642 (Bohr)
Number of symmetry adapted k-points:  4
Output printed to                  :  sprc-calc.out_01
Final eigenvalues printed to       :  sprc-calc.eigen_01
Total number of atom types         :  4
Total number of atoms              :  57
Total number of electrons          :  438
Atom type 1  (valence electrons)   :  H 1
Pseudopotential                    :  H.psp8
Pseudocharge radii of atom type 1  :  3.77 3.80 3.77 (x, y, z dir)
Number of atoms of type 1          :  2
Atom type 2  (valence electrons)   :  N 5
Pseudopotential                    :  N.psp8
Pseudocharge radii of atom type 2  :  6.78 6.65 6.79 (x, y, z dir)
Number of atoms of type 2          :  2
Atom type 3  (valence electrons)   :  O 6
Pseudopotential                    :  O.psp8
Pseudocharge radii of atom type 3  :  6.78 6.84 6.79 (x, y, z dir)
Number of atoms of type 3          :  35
Atom type 4  (valence electrons)   :  Ti 12
Pseudopotential                    :  Ti.psp8
Pseudocharge radii of atom type 4  :  6.78 6.84 6.79 (x, y, z dir)
Number of atoms of type 4          :  18
Estimated total memory usage       :  314.75 GB
Estimated memory per processor     :  959.25 MB
========================================================================================
                    Self Consistent Field (SCF#1)                     
========================================================================================
Iteration     Free Energy (Ha/atom)    Magnetization     SCF Error        Timing (sec)
1            -2.8836823171E+01         2.0201E+00        4.661E-01        219.404
2            -2.9038677288E+01         5.0018E+00        3.538E-01        51.371
3            -2.8987473133E+01        -3.9943E+00        2.920E-01        51.161
4            -2.9066684349E+01        -3.1701E+00        1.681E-01        86.960
5            -2.9065347973E+01        -2.0619E+00        1.295E-01        50.830
6            -2.9065292355E+01        -3.3808E+00        9.874E-02        50.783
7            -2.9061198386E+01        -2.0617E+00        6.178E-02        50.522
8            -2.9059331240E+01        -4.8396E-01        5.124E-02        50.777
9            -2.9054739983E+01        -7.4013E-01        4.617E-02        51.258
10           -2.9048277899E+01        -5.6111E-01        3.837E-02        51.327
11           -2.9032403756E+01         4.2678E-01        3.026E-02        51.619
12           -2.9021862313E+01         5.3725E-01        2.316E-02        51.114
13           -2.9010289970E+01         1.1476E-02        2.235E-02        51.052
14           -2.9001322986E+01         6.9663E-02        1.740E-02        62.007
15           -2.8983807103E+01        -4.9143E-02        1.351E-02        53.589
16           -2.8972088975E+01        -1.2079E-01        1.078E-02        52.588
17           -2.8962886036E+01        -1.9651E-01        8.609E-03        52.805
18           -2.8959624241E+01        -1.2921E-02        7.370E-03        51.607
19           -2.8952601822E+01        -1.5253E-02        8.408E-03        51.259
20           -2.8952889956E+01        -2.5054E-02        5.748E-03        51.538
21           -2.8949685843E+01        -1.1004E-01        4.831E-03        51.414
22           -2.8947900168E+01        -1.1258E-01        3.415E-03        86.603
23           -2.8945580001E+01        -1.6465E-01        2.812E-03        51.728
24           -2.8942706671E+01        -2.4905E-01        2.325E-03        50.873
25           -2.8940973580E+01        -2.9585E-01        2.167E-03        51.296
26           -2.8940305233E+01        -3.9071E-01        1.595E-03        50.884
27           -2.8939941694E+01        -4.3191E-01        1.360E-03        51.395
28           -2.8939537371E+01        -4.9947E-01        1.235E-03        50.670
29           -2.8939253096E+01        -5.8333E-01        1.323E-03        51.807
30           -2.8939213258E+01        -5.8488E-01        1.124E-03        54.939
31           -2.8939073692E+01        -6.5034E-01        1.224E-03        51.505
32           -2.8938885191E+01        -7.1226E-01        1.196E-03        50.521
33           -2.8938857822E+01        -7.3080E-01        1.110E-03        51.312
34           -2.8938844859E+01        -7.3579E-01        1.130E-03        50.584
35           -2.8938847021E+01        -7.3748E-01        1.103E-03        50.709
36           -2.8938881373E+01        -7.1875E-01        1.167E-03        62.242
37           -2.8938879521E+01        -7.2054E-01        1.166E-03        53.324
38           -2.8938840623E+01        -7.4761E-01        1.131E-03        49.393
39           -2.8938776133E+01        -7.7895E-01        1.144E-03        52.700
40           -2.8938773009E+01        -7.8630E-01        1.151E-03        50.959
41           -2.8938761541E+01        -7.8527E-01        1.118E-03        50.901
42           -2.8938773765E+01        -7.7697E-01        1.124E-03        51.944
43           -2.8938805413E+01        -7.4956E-01        1.124E-03        62.529
44           -2.8938892386E+01        -6.5645E-01        1.081E-03        74.555
45           -2.8938930876E+01        -6.2683E-01        1.083E-03        54.885
46           -2.8939026245E+01        -5.1226E-01        1.021E-03        54.245
47           -2.8939094870E+01        -4.4972E-01        1.001E-03        50.643
48           -2.8939052579E+01        -4.4090E-01        9.743E-04        50.618
49           -2.8939063470E+01        -4.0072E-01        9.408E-04        50.549
50           -2.8938986509E+01        -3.1293E-01        8.905E-04        50.718
51           -2.8938924523E+01        -1.4383E-01        7.910E-04        51.146
52           -2.8938885223E+01         4.9594E-02        6.939E-04        54.654
53           -2.8938818719E+01         3.0371E-01        6.469E-04        51.041
54           -2.8938721052E+01         3.7587E-01        6.192E-04        50.984
55           -2.8938660540E+01         4.1157E-01        5.918E-04        50.793
56           -2.8938280632E+01         5.0180E-01        6.369E-04        50.572
57           -2.8938249481E+01         5.4217E-01        4.732E-04        50.721
58           -2.8938199823E+01         6.5190E-01        3.955E-04        50.708
59           -2.8938170386E+01         6.7968E-01        3.928E-04        50.905
60           -2.8938203895E+01         6.8967E-01        2.957E-04        50.753
61           -2.8938191218E+01         6.5634E-01        2.278E-04        49.921
62           -2.8938163228E+01         6.5488E-01        3.263E-04        50.453
63           -2.8938131353E+01         6.1507E-01        1.582E-04        50.828
64           -2.8938145488E+01         6.2159E-01        3.144E-04        54.706
65           -2.8938175547E+01         6.2114E-01        5.080E-04        50.408
66           -2.8938168535E+01         6.0432E-01        3.220E-04        50.382
67           -2.8938149894E+01         5.7682E-01        2.228E-04        50.412
68           -2.8938146414E+01         5.6217E-01        1.909E-04        50.521
69           -2.8938134984E+01         5.4488E-01        1.035E-04        50.810
70           -2.8938117046E+01         5.4787E-01        1.037E-04        49.596
71           -2.8938101570E+01         5.5289E-01        9.852E-05        49.875
Total number of SCF: 71    

k = [0.000, 0.000, 0.000]
Occupation of state 240 = 0.000000000001920.
Occupation of state 267 = 0.000000000000000.

No.1 Exx outer loop: 
1            -2.8734089283E+01         3.0986E-01        1.581E-02        96.218
2            -2.8726575940E+01         7.0488E-01        1.351E-02        77.806
3            -2.8728975525E+01         2.0886E-01        1.225E-02        77.867
4            -2.8736044551E+01        -1.1608E-01        1.798E-02        77.868
5            -2.8735121816E+01         9.2127E-01        1.169E-02        78.264
6            -2.8736558031E+01         9.8616E-01        1.185E-02        79.088
7            -2.8737208335E+01         1.5127E+00        8.290E-03        78.315
8            -2.8737977171E+01         1.4778E+00        7.419E-03        78.727
9            -2.8737909756E+01         1.5067E+00        5.178E-03        78.158
10           -2.8737056519E+01         1.3807E+00        2.972E-03        77.846
11           -2.8737006974E+01         1.2480E+00        1.844E-03        77.964
12           -2.8737292117E+01         1.1698E+00        1.348E-03        78.348
13           -2.8737202433E+01         1.1171E+00        1.068E-03        77.762
14           -2.8736997700E+01         1.1245E+00        9.058E-04        77.830
15           -2.8736662635E+01         1.0700E+00        7.554E-04        78.217
16           -2.8736467057E+01         1.0557E+00        6.010E-04        78.326
17           -2.8736209708E+01         1.0453E+00        3.921E-04        77.761
18           -2.8736210642E+01         1.0496E+00        2.997E-04        78.744
19           -2.8736059032E+01         1.0478E+00        2.368E-04        78.013
20           -2.8736060824E+01         1.0507E+00        1.715E-04        81.704
21           -2.8735942206E+01         1.0468E+00        1.169E-04        77.995
22           -2.8735873656E+01         1.0401E+00        1.005E-04        77.643
23           -2.8735848064E+01         1.0393E+00        7.998E-05        85.119
24           -2.8735817561E+01         1.0408E+00        6.095E-05        77.740
25           -2.8735813207E+01         1.0403E+00        4.332E-05        77.798
26           -2.8735793006E+01         1.0437E+00        5.762E-05        77.532
27           -2.8735786464E+01         1.0417E+00        2.626E-05        77.783
28           -2.8735778662E+01         1.0410E+00        1.904E-05        77.791
29           -2.8735774628E+01         1.0408E+00        1.518E-05        78.848
30           -2.8735772594E+01         1.0409E+00        1.123E-05        77.388
31           -2.8735768821E+01         1.0415E+00        1.141E-05        77.856
32           -2.8735767957E+01         1.0417E+00        7.916E-06        77.578
33           -2.8735766832E+01         1.0415E+00        4.108E-06        78.185
34           -2.8735767164E+01         1.0415E+00        3.502E-06        77.559
35           -2.8735766643E+01         1.0421E+00        5.478E-06        77.915
36           -2.8735767021E+01         1.0416E+00        2.877E-06        77.535
37           -2.8735766767E+01         1.0418E+00        2.052E-06        77.537
38           -2.8735766956E+01         1.0424E+00        6.788E-06        77.663
39           -2.8735766741E+01         1.0416E+00        3.194E-06        78.024
40           -2.8735766418E+01         1.0417E+00        2.479E-06        77.733
41           -2.8735765822E+01         1.0421E+00        2.807E-06        77.774
42           -2.8735765253E+01         1.0422E+00        4.560E-06        78.196
43           -2.8735764600E+01         1.0415E+00        2.821E-06        81.108
44           -2.8735764447E+01         1.0415E+00        2.065E-06        77.392
45           -2.8735764388E+01         1.0414E+00        2.624E-06        78.286
46           -2.8735764295E+01         1.0415E+00        1.457E-06        80.474
47           -2.8735764283E+01         1.0417E+00        2.344E-06        78.617
48           -2.8735764023E+01         1.0415E+00        1.284E-06        77.399
49           -2.8735763994E+01         1.0414E+00        6.204E-07        77.709
Total number of SCF: 49    

k = [0.000, 0.000, 0.000]
Occupation of state 240 = 0.000000000000000.
Occupation of state 267 = 0.000000000000000.
Exx outer loop error: 6.3146597995e-01 

No.2 Exx outer loop: 
1            -2.8736379059E+01         1.3594E+00        6.097E-03        113.923
2            -2.8736370025E+01         1.5193E+00        4.577E-03        78.255
3            -2.8736851632E+01         1.5894E+00        2.612E-03        77.906
4            -2.8737411486E+01         1.6900E+00        2.160E-03        78.251
5            -2.8737125877E+01         1.6839E+00        2.287E-03        83.500
6            -2.8736751022E+01         1.7041E+00        2.008E-03        78.527
7            -2.8736884510E+01         1.5448E+00        1.082E-03        78.536
8            -2.8736645327E+01         1.6313E+00        7.889E-04        77.871
9            -2.8736591508E+01         1.5370E+00        6.487E-04        78.094
10           -2.8736533348E+01         1.6016E+00        2.512E-04        102.955
11           -2.8736532074E+01         1.6157E+00        2.894E-04        79.632
12           -2.8736500203E+01         1.6198E+00        1.992E-04        78.043
13           -2.8736441415E+01         1.6122E+00        1.312E-04        77.903
14           -2.8736394109E+01         1.6209E+00        1.026E-04        78.384
15           -2.8736337065E+01         1.6390E+00        1.694E-04        78.459
16           -2.8736298144E+01         1.6326E+00        6.606E-05        86.843
17           -2.8736277910E+01         1.6271E+00        4.190E-05        78.382
18           -2.8736278772E+01         1.6348E+00        6.513E-05        88.905
19           -2.8736270698E+01         1.6345E+00        4.949E-05        78.103
20           -2.8736263512E+01         1.6344E+00        3.335E-05        77.856
21           -2.8736260360E+01         1.6323E+00        1.794E-05        77.979
22           -2.8736258413E+01         1.6341E+00        2.125E-05        78.179
23           -2.8736252383E+01         1.6316E+00        1.839E-05        78.229
24           -2.8736250594E+01         1.6306E+00        1.853E-05        79.847
25           -2.8736248611E+01         1.6305E+00        1.290E-05        99.250
26           -2.8736245399E+01         1.6291E+00        2.063E-05        82.932
27           -2.8736242684E+01         1.6289E+00        1.111E-05        88.747
28           -2.8736239717E+01         1.6288E+00        6.482E-06        91.245
29           -2.8736238832E+01         1.6283E+00        8.847E-06        109.530
30           -2.8736238108E+01         1.6288E+00        2.927E-06        113.475
31           -2.8736236644E+01         1.6283E+00        4.908E-06        86.875
32           -2.8736235314E+01         1.6288E+00        2.679E-06        110.325
33           -2.8736234094E+01         1.6287E+00        1.614E-06        78.781
34           -2.8736233294E+01         1.6289E+00        1.469E-06        115.351
35           -2.8736233167E+01         1.6289E+00        1.092E-06        80.576
36           -2.8736233101E+01         1.6289E+00        1.296E-06        78.163
37           -2.8736233013E+01         1.6289E+00        1.118E-06        78.592
38           -2.8736233015E+01         1.6289E+00        4.407E-07        87.536
Total number of SCF: 38    

k = [0.000, 0.000, 0.000]
Occupation of state 240 = 0.000000000000000.
Occupation of state 267 = 0.000000000000000.
Exx outer loop error: 8.2108998008e-03 

No.3 Exx outer loop: 
1            -2.8736458976E+01         1.7373E+00        2.413E-03        81.862
2            -2.8736635723E+01         1.6998E+00        1.684E-03        93.450
3            -2.8737117146E+01         1.4780E+00        3.027E-03        100.187
4            -2.8736803662E+01         1.6181E+00        1.147E-03        78.354
5            -2.8736869105E+01         1.6619E+00        5.117E-04        78.053
6            -2.8736880479E+01         1.7076E+00        5.611E-04        78.184
7            -2.8736894465E+01         1.7010E+00        4.870E-04        80.675
8            -2.8736807641E+01         1.7053E+00        4.248E-04        78.259
9            -2.8736720535E+01         1.7042E+00        3.878E-04        77.944
10           -2.8736650872E+01         1.7054E+00        3.167E-04        78.198
11           -2.8736637278E+01         1.7094E+00        3.406E-04        78.061
12           -2.8736636147E+01         1.7168E+00        4.408E-04        95.136
13           -2.8736600640E+01         1.7169E+00        3.210E-04        80.530
14           -2.8736579844E+01         1.7323E+00        3.561E-04        79.659
15           -2.8736573142E+01         1.7310E+00        3.200E-04        83.192
16           -2.8736556071E+01         1.7287E+00        2.718E-04        84.127
17           -2.8736504488E+01         1.7186E+00        1.408E-04        111.423
18           -2.8736472364E+01         1.7158E+00        1.048E-04        78.237
19           -2.8736448690E+01         1.7119E+00        5.577E-05        77.825
20           -2.8736447091E+01         1.7160E+00        6.405E-05        77.885
21           -2.8736413235E+01         1.7130E+00        7.496E-05        82.172
22           -2.8736414072E+01         1.7178E+00        2.600E-05        78.535
23           -2.8736396664E+01         1.7180E+00        1.815E-05        77.908
24           -2.8736391833E+01         1.7183E+00        1.584E-05        83.613
25           -2.8736385595E+01         1.7185E+00        1.162E-05        80.587
26           -2.8736382274E+01         1.7187E+00        8.947E-06        77.945
27           -2.8736375682E+01         1.7186E+00        6.382E-06        77.894
28           -2.8736371326E+01         1.7186E+00        4.848E-06        77.983
29           -2.8736368836E+01         1.7187E+00        4.234E-06        77.761
30           -2.8736367927E+01         1.7185E+00        4.528E-06        77.905
31           -2.8736367125E+01         1.7185E+00        3.536E-06        85.464
32           -2.8736366694E+01         1.7190E+00        6.621E-06        77.846
33           -2.8736365719E+01         1.7187E+00        2.787E-06        77.671
34           -2.8736364920E+01         1.7184E+00        1.330E-06        83.762
35           -2.8736364660E+01         1.7184E+00        9.424E-07        77.922
Total number of SCF: 35    

k = [0.000, 0.000, 0.000]
Occupation of state 240 = 0.000000000000000.
Occupation of state 267 = 0.000000000000000.
Exx outer loop error: 5.3467283586e-04 

No.4 Exx outer loop: 
1            -2.8736426870E+01         1.8111E+00        1.582E-03        81.403
2            -2.8736613741E+01         1.7511E+00        9.347E-04        78.779
3            -2.8736721822E+01         1.7779E+00        8.405E-04        78.130
4            -2.8736795494E+01         1.7521E+00        3.975E-04        78.409
5            -2.8736761171E+01         1.6933E+00        7.263E-04        78.532
6            -2.8736713495E+01         1.7689E+00        2.506E-04        87.125
7            -2.8736658062E+01         1.7986E+00        3.485E-04        80.329
8            -2.8736632461E+01         1.7779E+00        1.433E-04        79.347
9            -2.8736582853E+01         1.7768E+00        1.306E-04        78.175
10           -2.8736531335E+01         1.7722E+00        1.034E-04        78.254
11           -2.8736470389E+01         1.7696E+00        6.908E-05        86.626
12           -2.8736438453E+01         1.7594E+00        1.106E-04        100.779
13           -2.8736417409E+01         1.7698E+00        5.353E-05        78.350
14           -2.8736408160E+01         1.7647E+00        2.339E-05        82.106
15           -2.8736406699E+01         1.7632E+00        1.704E-05        77.978
16           -2.8736401848E+01         1.7628E+00        1.354E-05        77.847
17           -2.8736398111E+01         1.7625E+00        1.207E-05        78.176
18           -2.8736390217E+01         1.7621E+00        8.251E-06        77.754
19           -2.8736386802E+01         1.7613E+00        5.550E-06        77.758
20           -2.8736385596E+01         1.7622E+00        7.180E-06        88.455
21           -2.8736384879E+01         1.7619E+00        3.172E-06        77.422
22           -2.8736384856E+01         1.7624E+00        4.864E-06        84.572
23           -2.8736384827E+01         1.7624E+00        2.526E-06        84.707
24           -2.8736384426E+01         1.7626E+00        2.668E-06        89.223
25           -2.8736384125E+01         1.7626E+00        1.900E-06        99.586
26           -2.8736383993E+01         1.7626E+00        1.163E-06        79.252
27           -2.8736383751E+01         1.7626E+00        1.003E-06        110.276
28           -2.8736383459E+01         1.7627E+00        7.778E-07        91.755
Total number of SCF: 28    

k = [0.000, 0.000, 0.000]
Occupation of state 240 = 0.000000000000000.
Occupation of state 267 = 0.000000000000000.
Exx outer loop error: 1.3301898297e-03 

No.5 Exx outer loop: 
1            -2.8736412445E+01         1.8386E+00        1.196E-03        81.644
2            -2.8736563678E+01         1.7874E+00        6.260E-04        82.333
3            -2.8736763248E+01         1.8391E+00        6.642E-04        81.229
4            -2.8736714441E+01         1.8161E+00        2.522E-04        78.160
5            -2.8736602950E+01         1.7990E+00        1.498E-04        77.961
6            -2.8736554135E+01         1.8007E+00        1.048E-04        78.400
7            -2.8736496942E+01         1.8012E+00        8.023E-05        78.337
8            -2.8736486010E+01         1.8009E+00        5.522E-05        78.407
9            -2.8736468037E+01         1.7956E+00        4.087E-05        87.295
10           -2.8736446556E+01         1.7944E+00        4.349E-05        81.477
11           -2.8736423757E+01         1.7947E+00        2.388E-05        79.021
12           -2.8736406743E+01         1.7956E+00        1.654E-05        78.455
13           -2.8736401012E+01         1.7956E+00        1.316E-05        78.317
14           -2.8736390358E+01         1.7961E+00        8.600E-06        86.078
15           -2.8736389581E+01         1.7963E+00        6.205E-06        91.997
16           -2.8736391314E+01         1.7957E+00        8.214E-06        79.356
17           -2.8736392067E+01         1.7954E+00        5.421E-06        83.242
18           -2.8736390960E+01         1.7952E+00        3.947E-06        78.954
19           -2.8736388951E+01         1.7950E+00        2.906E-06        82.852
20           -2.8736388093E+01         1.7950E+00        2.389E-06        78.218
21           -2.8736388796E+01         1.7953E+00        2.779E-06        77.573
22           -2.8736389318E+01         1.7953E+00        1.505E-06        85.094
23           -2.8736389548E+01         1.7954E+00        7.807E-07        88.392
Total number of SCF: 23    

k = [0.000, 0.000, 0.000]
Occupation of state 240 = 0.000000000000000.
Occupation of state 267 = 0.000000000000000.
Exx outer loop error: 1.2135740755e-03 

No.6 Exx outer loop: 
1            -2.8736406074E+01         1.8530E+00        9.492E-04        136.239
2            -2.8736516828E+01         1.8159E+00        4.407E-04        116.561
3            -2.8736662239E+01         1.9084E+00        8.244E-04        89.801
4            -2.8736701120E+01         1.8652E+00        3.770E-04        92.678
5            -2.8736691607E+01         1.8939E+00        4.461E-04        106.328
6            -2.8736614369E+01         1.8819E+00        2.952E-04        81.808
7            -2.8736547696E+01         1.8499E+00        5.380E-04        110.402
8            -2.8736506453E+01         1.8421E+00        2.233E-04        77.843
9            -2.8736501888E+01         1.8306E+00        1.809E-04        93.736
10           -2.8736496366E+01         1.8277E+00        6.788E-05        84.303
11           -2.8736465068E+01         1.8250E+00        4.563E-05        77.884
12           -2.8736459635E+01         1.8228E+00        3.535E-05        77.948
13           -2.8736431820E+01         1.8206E+00        2.275E-05        78.281
14           -2.8736410440E+01         1.8200E+00        1.479E-05        81.771
15           -2.8736398774E+01         1.8196E+00        8.765E-06        104.324
16           -2.8736396946E+01         1.8200E+00        8.375E-06        82.734
17           -2.8736394984E+01         1.8206E+00        4.919E-06        94.336
18           -2.8736394402E+01         1.8209E+00        3.923E-06        77.259
19           -2.8736395244E+01         1.8208E+00        2.501E-06        111.416
20           -2.8736393629E+01         1.8209E+00        2.780E-06        87.009
21           -2.8736393038E+01         1.8210E+00        1.724E-06        102.828
22           -2.8736392318E+01         1.8209E+00        1.167E-06        98.335
23           -2.8736391894E+01         1.8210E+00        1.921E-06        80.661
24           -2.8736391947E+01         1.8209E+00        6.683E-07        94.528
Total number of SCF: 24    

k = [0.000, 0.000, 0.000]
Occupation of state 240 = 0.000000000000000.
Occupation of state 267 = 0.000000000000000.
Exx outer loop error: 9.1818121814e-04 

No.7 Exx outer loop: 
1            -2.8736401627E+01         1.8663E+00        8.008E-04        82.195
2            -2.8736486000E+01         1.8377E+00        3.334E-04        78.335
3            -2.8736667860E+01         1.8361E+00        2.528E-04        128.506
4            -2.8736642738E+01         1.8414E+00        1.738E-04        84.474
5            -2.8736506938E+01         1.8312E+00        1.024E-04        78.098
6            -2.8736468979E+01         1.8338E+00        7.080E-05        77.940
7            -2.8736432907E+01         1.8357E+00        4.658E-05        78.030
8            -2.8736416712E+01         1.8396E+00        3.217E-05        77.822
9            -2.8736412443E+01         1.8409E+00        2.453E-05        77.735
10           -2.8736407921E+01         1.8412E+00        2.112E-05        77.772
11           -2.8736414300E+01         1.8404E+00        1.370E-05        78.613
12           -2.8736410247E+01         1.8407E+00        1.074E-05        78.175
13           -2.8736402745E+01         1.8408E+00        7.089E-06        78.194
14           -2.8736397819E+01         1.8409E+00        5.247E-06        77.781
15           -2.8736395166E+01         1.8410E+00        3.023E-06        77.668
16           -2.8736395192E+01         1.8411E+00        2.024E-06        78.020
17           -2.8736394369E+01         1.8413E+00        2.069E-06        78.030
18           -2.8736394383E+01         1.8412E+00        1.206E-06        77.840
19           -2.8736394061E+01         1.8413E+00        8.316E-07        77.462
Total number of SCF: 19    

k = [0.000, 0.000, 0.000]
Occupation of state 240 = 0.000000000000000.
Occupation of state 267 = 0.000000000000000.
Exx outer loop error: 5.4144376689e-04 

No.8 Exx outer loop: 
1            -2.8736400888E+01         1.8742E+00        6.881E-04        81.213
2            -2.8736459232E+01         1.8569E+00        2.612E-04        78.722
3            -2.8736614277E+01         1.8871E+00        5.155E-04        78.030
4            -2.8736530413E+01         1.8769E+00        2.352E-04        78.087
5            -2.8736516014E+01         1.8687E+00        1.221E-04        78.100
6            -2.8736451780E+01         1.8560E+00        1.195E-04        79.012
7            -2.8736465566E+01         1.8581E+00        4.473E-05        78.056
8            -2.8736453195E+01         1.8601E+00        3.189E-05        78.311
9            -2.8736443125E+01         1.8586E+00        3.352E-05        79.748
10           -2.8736446501E+01         1.8591E+00        3.406E-05        81.951
11           -2.8736430455E+01         1.8588E+00        1.836E-05        77.787
12           -2.8736413865E+01         1.8559E+00        2.780E-05        77.764
13           -2.8736410514E+01         1.8570E+00        9.408E-06        77.740
14           -2.8736404995E+01         1.8571E+00        6.917E-06        77.794
15           -2.8736401948E+01         1.8572E+00        5.017E-06        77.861
16           -2.8736399870E+01         1.8573E+00        3.316E-06        77.869
17           -2.8736397262E+01         1.8573E+00        2.005E-06        77.769
18           -2.8736395344E+01         1.8575E+00        2.163E-06        77.952
19           -2.8736394756E+01         1.8574E+00        8.116E-07        77.557
Total number of SCF: 19    

k = [0.000, 0.000, 0.000]
Occupation of state 240 = 0.000000000000000.
Occupation of state 267 = 0.000000000000000.
Exx outer loop error: 4.2120407979e-04 

No.9 Exx outer loop: 
1            -2.8736398382E+01         1.8866E+00        6.442E-04        81.483
2            -2.8736449603E+01         1.8686E+00        2.439E-04        78.148
3            -2.8736430497E+01         1.8999E+00        4.609E-04        86.317
4            -2.8736411359E+01         1.8714E+00        1.268E-04        79.609
5            -2.8736440319E+01         1.8703E+00        6.603E-05        85.966
6            -2.8736455592E+01         1.8711E+00        4.331E-05        88.042
7            -2.8736448111E+01         1.8716E+00        3.167E-05        79.653
8            -2.8736434813E+01         1.8715E+00        2.283E-05        98.802
9            -2.8736415269E+01         1.8709E+00        1.304E-05        83.810
10           -2.8736406557E+01         1.8714E+00        7.538E-06        95.321
11           -2.8736401439E+01         1.8711E+00        4.481E-06        103.954
12           -2.8736399059E+01         1.8713E+00        4.161E-06        90.176
13           -2.8736398425E+01         1.8711E+00        2.859E-06        79.846
14           -2.8736397682E+01         1.8710E+00        2.297E-06        79.519
15           -2.8736397562E+01         1.8711E+00        1.753E-06        86.127
16           -2.8736396918E+01         1.8712E+00        1.816E-06        78.255
17           -2.8736396503E+01         1.8710E+00        1.643E-06        110.664
18           -2.8736396257E+01         1.8709E+00        1.479E-06        77.784
19           -2.8736395869E+01         1.8708E+00        1.452E-06        77.670
20           -2.8736395699E+01         1.8709E+00        5.534E-07        85.051
Total number of SCF: 20    

k = [0.000, 0.000, 0.000]
Occupation of state 240 = 0.000000000000000.
Occupation of state 267 = 0.000000000000000.
Exx outer loop error: 6.4723500649e-04 

No.10 Exx outer loop: 
1            -2.8736398230E+01         1.8948E+00        6.059E-04        81.128
2            -2.8736440452E+01         1.8819E+00        2.354E-04        77.963
3            -2.8736574704E+01         1.9039E+00        1.703E-04        77.861
4            -2.8736587900E+01         1.9006E+00        1.139E-04        77.937
5            -2.8736515559E+01         1.8976E+00        1.157E-04        78.123
6            -2.8736501389E+01         1.8933E+00        5.520E-05        78.644
7            -2.8736470503E+01         1.8891E+00        5.406E-05        78.838
8            -2.8736435850E+01         1.8831E+00        4.146E-05        78.398
9            -2.8736435536E+01         1.8814E+00        3.300E-05        78.235
10           -2.8736433345E+01         1.8823E+00        1.942E-05        78.202
11           -2.8736417044E+01         1.8814E+00        1.114E-05        77.989
12           -2.8736412095E+01         1.8814E+00        1.101E-05        89.451
13           -2.8736408605E+01         1.8816E+00        1.196E-05        79.558
14           -2.8736407131E+01         1.8818E+00        8.450E-06        78.253
15           -2.8736404507E+01         1.8818E+00        5.999E-06        77.789
16           -2.8736401905E+01         1.8820E+00        5.503E-06        78.432
17           -2.8736400013E+01         1.8821E+00        3.609E-06        110.169
18           -2.8736398646E+01         1.8823E+00        2.954E-06        78.203
19           -2.8736397726E+01         1.8824E+00        1.595E-06        79.464
20           -2.8736397389E+01         1.8824E+00        1.022E-06        81.590
21           -2.8736396748E+01         1.8823E+00        1.293E-06        77.611
22           -2.8736396440E+01         1.8823E+00        1.198E-06        77.662
23           -2.8736395993E+01         1.8823E+00        6.947E-07        77.530
Total number of SCF: 23    

k = [0.000, 0.000, 0.000]
Occupation of state 240 = 0.000000000000000.
Occupation of state 267 = 0.000000000000000.
Exx outer loop error: 3.0891616263e-04 

No.11 Exx outer loop: 
1            -2.8736396444E+01         1.9058E+00        5.938E-04        81.129
2            -2.8736438854E+01         1.8913E+00        2.272E-04        77.967
3            -2.8736496441E+01         1.9073E+00        3.104E-04        78.120
4            -2.8736547888E+01         1.9115E+00        1.538E-04        77.873
5            -2.8736563792E+01         1.9005E+00        9.354E-05        77.806
6            -2.8736537266E+01         1.8997E+00        1.012E-04        77.855
7            -2.8736491521E+01         1.8972E+00        5.254E-05        78.317
8            -2.8736448238E+01         1.8939E+00        3.717E-05        78.161
9            -2.8736422882E+01         1.8932E+00        3.024E-05        78.351
10           -2.8736415562E+01         1.8939E+00        1.952E-05        78.432
11           -2.8736408568E+01         1.8940E+00        9.118E-06        77.659
12           -2.8736400754E+01         1.8935E+00        5.918E-06        78.624
13           -2.8736397299E+01         1.8930E+00        3.776E-06        77.646
14           -2.8736396315E+01         1.8927E+00        1.854E-06        77.938
15           -2.8736396356E+01         1.8927E+00        1.862E-06        77.728
16           -2.8736396492E+01         1.8927E+00        1.095E-06        77.512
17           -2.8736396714E+01         1.8927E+00        7.010E-07        77.467
Total number of SCF: 17    

k = [0.000, 0.000, 0.000]
Occupation of state 240 = 0.000000000000000.
Occupation of state 267 = 0.000000000000000.
Exx outer loop error: 1.2489030584e-04 

No.12 Exx outer loop: 
1            -2.8736396504E+01         1.9144E+00        5.607E-04        80.622
2            -2.8736435178E+01         1.9017E+00        2.045E-04        78.216
3            -2.8736673141E+01         1.8928E+00        4.936E-04        77.804
4            -2.8736722264E+01         1.8930E+00        5.507E-04        78.017
5            -2.8736628321E+01         1.8969E+00        3.398E-04        78.147
6            -2.8736478051E+01         1.8996E+00        1.418E-04        78.069
7            -2.8736474365E+01         1.8997E+00        6.713E-05        78.368
8            -2.8736460427E+01         1.9017E+00        5.235E-05        86.243
9            -2.8736459471E+01         1.9019E+00        3.147E-05        77.849
10           -2.8736452088E+01         1.9021E+00        2.564E-05        77.979
11           -2.8736442658E+01         1.9020E+00        2.025E-05        78.334
12           -2.8736437621E+01         1.9023E+00        1.865E-05        77.777
13           -2.8736432015E+01         1.9027E+00        1.491E-05        78.438
14           -2.8736422097E+01         1.9031E+00        1.224E-05        77.737
15           -2.8736414960E+01         1.9029E+00        1.001E-05        77.846
16           -2.8736410869E+01         1.9029E+00        6.962E-06        78.338
17           -2.8736406895E+01         1.9032E+00        5.362E-06        78.254
18           -2.8736403460E+01         1.9030E+00        3.764E-06        77.652
19           -2.8736401936E+01         1.9027E+00        3.872E-06        78.058
20           -2.8736401858E+01         1.9025E+00        3.215E-06        77.782
21           -2.8736401784E+01         1.9017E+00        1.316E-05        77.851
22           -2.8736401328E+01         1.9017E+00        1.189E-05        77.629
23           -2.8736401342E+01         1.9018E+00        1.001E-05        78.208
24           -2.8736401039E+01         1.9019E+00        8.892E-06        77.677
25           -2.8736400879E+01         1.9021E+00        7.680E-06        78.209
26           -2.8736400854E+01         1.9021E+00        6.739E-06        77.796
27           -2.8736400837E+01         1.9026E+00        1.879E-06        77.957
28           -2.8736400406E+01         1.9024E+00        2.469E-06        77.773
29           -2.8736399693E+01         1.9023E+00        1.661E-06        78.126
30           -2.8736399377E+01         1.9022E+00        1.212E-06        78.154
31           -2.8736399141E+01         1.9022E+00        9.755E-07        81.419
Total number of SCF: 31    

k = [0.000, 0.000, 0.000]
Occupation of state 240 = 0.000000000000000.
Occupation of state 267 = 0.000000000000000.
Exx outer loop error: 3.5520970202e-04 

No.13 Exx outer loop: 
1            -2.8736399843E+01         1.9221E+00        5.139E-04        92.979
2            -2.8736433211E+01         1.9095E+00        1.690E-04        92.415
3            -2.8736454973E+01         1.9198E+00        1.751E-04        81.849
4            -2.8736468418E+01         1.9150E+00        8.255E-05        91.482
5            -2.8736443096E+01         1.9077E+00        4.501E-05        104.342
6            -2.8736436293E+01         1.9112E+00        2.590E-05        109.210
7            -2.8736433327E+01         1.9109E+00        2.159E-05        78.547
8            -2.8736428757E+01         1.9101E+00        1.671E-05        78.922
9            -2.8736418936E+01         1.9098E+00        1.487E-05        111.522
10           -2.8736410491E+01         1.9094E+00        1.333E-05        78.532
11           -2.8736403556E+01         1.9093E+00        1.302E-05        78.345
12           -2.8736401840E+01         1.9094E+00        1.391E-05        77.924
13           -2.8736402692E+01         1.9094E+00        1.328E-05        77.798
14           -2.8736403321E+01         1.9092E+00        1.214E-05        88.473
15           -2.8736404094E+01         1.9095E+00        1.572E-05        79.590
16           -2.8736400515E+01         1.9098E+00        1.696E-05        79.594
17           -2.8736400606E+01         1.9098E+00        1.711E-05        85.191
18           -2.8736401263E+01         1.9096E+00        1.394E-05        79.742
19           -2.8736400549E+01         1.9095E+00        1.381E-05        112.165
20           -2.8736401700E+01         1.9095E+00        1.314E-05        86.769
21           -2.8736401105E+01         1.9095E+00        1.325E-05        79.317
22           -2.8736401175E+01         1.9095E+00        1.260E-05        102.178
23           -2.8736399755E+01         1.9119E+00        3.357E-05        111.864
24           -2.8736400421E+01         1.9117E+00        3.213E-05        96.868
25           -2.8736399714E+01         1.9116E+00        3.092E-05        90.313
26           -2.8736398909E+01         1.9115E+00        2.868E-05        79.845
27           -2.8736399527E+01         1.9111E+00        2.557E-05        79.992
28           -2.8736403010E+01         1.9108E+00        1.889E-05        78.313
29           -2.8736400961E+01         1.9108E+00        2.105E-05        78.321
30           -2.8736403785E+01         1.9096E+00        1.112E-05        109.541
31           -2.8736404122E+01         1.9099E+00        9.551E-06        78.059
32           -2.8736404645E+01         1.9101E+00        8.099E-06        77.898
33           -2.8736405053E+01         1.9107E+00        5.617E-06        77.893
34           -2.8736404488E+01         1.9108E+00        3.802E-06        77.766
35           -2.8736402013E+01         1.9107E+00        2.463E-06        78.084
36           -2.8736401007E+01         1.9107E+00        1.697E-06        78.113
37           -2.8736400002E+01         1.9106E+00        1.421E-06        77.869
38           -2.8736399625E+01         1.9107E+00        1.652E-06        77.583
39           -2.8736399605E+01         1.9106E+00        8.546E-07        77.655
Total number of SCF: 39    

k = [0.000, 0.000, 0.000]
Occupation of state 240 = 0.000000000000000.
Occupation of state 267 = 0.000000000000000.
Exx outer loop error: 4.2191179594e-04 

No.14 Exx outer loop: 
1            -2.8736400641E+01         1.9282E+00        4.555E-04        80.664
2            -2.8736429680E+01         1.9167E+00        1.345E-04        77.974
3            -2.8736461066E+01         1.9180E+00        1.182E-04        77.961
4            -2.8736446613E+01         1.9181E+00        4.135E-05        77.861
5            -2.8736430438E+01         1.9189E+00        1.781E-05        77.954
6            -2.8736422418E+01         1.9198E+00        1.364E-05        87.954
7            -2.8736417215E+01         1.9195E+00        1.244E-05        78.516
8            -2.8736416518E+01         1.9191E+00        1.234E-05        82.987
9            -2.8736413758E+01         1.9191E+00        9.544E-06        79.414
10           -2.8736412710E+01         1.9187E+00        8.501E-06        77.877
11           -2.8736406913E+01         1.9185E+00        4.546E-06        110.543
12           -2.8736404397E+01         1.9179E+00        3.802E-06        78.146
13           -2.8736402023E+01         1.9179E+00        1.843E-06        77.785
14           -2.8736400198E+01         1.9181E+00        3.363E-06        77.624
15           -2.8736400195E+01         1.9178E+00        9.491E-07        77.310
Total number of SCF: 15    

k = [0.000, 0.000, 0.000]
Occupation of state 240 = 0.000000000000000.
Occupation of state 267 = 0.000000000000000.
Exx outer loop error: 2.0377388980e-04 

No.15 Exx outer loop: 
1            -2.8736401682E+01         1.9309E+00        3.847E-04        80.697
2            -2.8736420853E+01         1.9233E+00        1.045E-04        77.986
3            -2.8736441550E+01         1.9269E+00        6.098E-05        78.104
4            -2.8736437790E+01         1.9254E+00        2.790E-05        78.179
5            -2.8736422522E+01         1.9235E+00        1.876E-05        78.317
6            -2.8736414994E+01         1.9236E+00        1.379E-05        77.879
7            -2.8736414114E+01         1.9237E+00        1.057E-05        78.052
8            -2.8736407909E+01         1.9235E+00        7.171E-06        78.278
9            -2.8736403456E+01         1.9233E+00        5.821E-06        77.769
10           -2.8736402124E+01         1.9231E+00        4.023E-06        77.721
11           -2.8736401471E+01         1.9233E+00        3.630E-06        77.740
12           -2.8736400213E+01         1.9234E+00        2.145E-06        77.765
13           -2.8736400030E+01         1.9236E+00        1.671E-06        77.722
14           -2.8736399786E+01         1.9237E+00        9.617E-07        77.284
Total number of SCF: 14    

k = [0.000, 0.000, 0.000]
Occupation of state 240 = 0.000000000000000.
Occupation of state 267 = 0.000000000000000.
Exx outer loop error: 4.8027699661e-06 
====================================================================
                    Energy and force calculation                    
====================================================================
Free energy per atom               : -2.8736396070E+01 (Ha/atom)
Total free energy                  : -1.6379745760E+03 (Ha)
Band structure energy              : -4.1541685290E+02 (Ha)
Exchange correlation energy        : -2.9092085231E+02 (Ha)
Self and correction energy         : -2.1599439082E+03 (Ha)
Entropy*kb*T                       : -2.2409547697E-03 (Ha)
Fermi level                        : -1.5982324965E-01 (Ha)
RMS force                          :  2.8848362371E-02 (Ha/Bohr)
Maximum force                      :  1.0949395402E-01 (Ha/Bohr)
Time for force calculation         :  1.008 (sec)
***************************************************************************
                               Timing info                                 
***************************************************************************
Total walltime                     :  60915.268 sec
___________________________________________________________________________

***************************************************************************
*             Material Physics & Mechanics Group, Georgia Tech            *
*                       PI: Phanish Suryanarayana                         *
*                Main Developers: Qimen Xu, Abhiraj Sharma                *
*     Collaborators: J.E. Pask (LLNL), A.J. Medford (GT), E. Chow (GT)    *
*  Acknowledgements: U.S. DOE (DE-SC0019410); U.S. NSF (1333500,1553212)  *
***************************************************************************
                                                                           
