***************************************************************************
*                       SPARC (version Nov 19, 2021)                      *
*   Copyright (c) 2020 Material Physics & Mechanics Group, Georgia Tech   *
*           Distributed under GNU General Public License 3 (GPL)          *
*                   Start time: Tue Dec 14 14:44:53 2021                  *
***************************************************************************
                           Input parameters                                
***************************************************************************
CELL: 12.4338823950489 11.2657846029438 47.5378507412217 
LATVEC:
1.000000000000000 0.000000000000000 0.000000000000000 
-0.000130020950961 0.999999991547276 0.000000000000000 
0.000000000000000 -0.000000000000000 1.000000000000000 
FD_GRID: 66 60 252
FD_ORDER: 12
BC: P P D
KPOINT_GRID: 4 4 1
KPOINT_SHIFT: 0 0 0
SPIN_TYP: 1
ELEC_TEMP_TYPE: Gaussian
SMEARING: 0.007349864435
CHEB_DEGREE: 37
NSTATES: 234
EXCHANGE_CORRELATION: HSE
CALC_STRESS: 0
CALC_PRES: 0
CHEFSI_BOUND_FLAG: 0
MAXIT_SCF: 100
MINIT_SCF: 3
MAXIT_POISSON: 3000
TOL_SCF: 1.00E-06
POISSON_SOLVER: AAR
TOL_POISSON: 1.00E-08
TOL_LANCZOS: 1.00E-02
TOL_PSEUDOCHARGE: 1.00E-08
MIXING_VARIABLE: density
MIXING_PRECOND: kerker
MIXING_PRECOND_MAG: none
TOL_PRECOND: 3.54E-05
PRECOND_KERKER_KTF: 1
PRECOND_KERKER_THRESH: 0.1
MIXING_PARAMETER: 0.3
MIXING_PARAMETER_MAG: 0.3
MIXING_HISTORY: 7
PULAY_FREQUENCY: 1
PULAY_RESTART: 0
REFERENCE_CUTOFF: 0.5
RHO_TRIGGER: 4
FIX_RAND: 0
VERBOSITY: 1
PRINT_FORCES: 1
PRINT_ATOMS: 1
PRINT_EIGEN: 1
PRINT_DENSITY: 0
PRINT_ENERGY_DENSITY: 0
TOL_FOCK: 5.00E-05
TOL_SCF_INIT: 1.00E-04
MAXIT_FOCK: 1000
EXX_METHOD: FOURIER_SPACE
EXX_DIVERGENCE: AUXILIARY
ACE_FLAG: 1
EXX_ACE_MEM: 1
EXX_ACE_VALENCE_STATES: 10000
EXX_DOWNSAMPLING: 1 1 1
EXX_RANGE_FOCK: 0.106000
EXX_RANGE_PBE: 0.106000
OUTPUT_FILE: sprc-calc
***************************************************************************
                                Cell                                       
***************************************************************************
Lattice vectors (Bohr):
12.433882395048860 0.000000000000000 0.000000000000000 
-0.001464788027397 11.265784507717260 0.000000000000000 
0.000000000000000 -0.000000000000000 47.537850741221725 
Volume                  :  6.6589804186E+03 (Bohr^3)
***************************************************************************
                           Parallelization                                 
***************************************************************************
NP_SPIN_PARAL: 2
NP_KPOINT_PARAL: 10
NP_BAND_PARAL: 1
NP_DOMAIN_PARAL: 2 1 8
NP_DOMAIN_PHI_PARAL: 4 4 21
EIG_SERIAL_MAXNS: 1500
***************************************************************************
                             Initialization                                
***************************************************************************
Number of processors               :  336
Mesh spacing in x-direction        :  0.188392 (Bohr)
Mesh spacing in y-direction        :  0.187763 (Bohr)
Mesh spacing in z direction        :  0.188642 (Bohr)
Number of symmetry adapted k-points:  10
Output printed to                  :  sprc-calc.out
Final eigenvalues printed to       :  sprc-calc.eigen
Total number of atom types         :  4
Total number of atoms              :  49
Total number of electrons          :  383
Atom type 1  (valence electrons)   :  C 4
Pseudopotential                    :  C.psp8
Pseudocharge radii of atom type 1  :  6.78 6.76 6.79 (x, y, z dir)
Number of atoms of type 1          :  1
Atom type 2  (valence electrons)   :  H 1
Pseudopotential                    :  H.psp8
Pseudocharge radii of atom type 2  :  3.77 3.76 3.77 (x, y, z dir)
Number of atoms of type 2          :  1
Atom type 3  (valence electrons)   :  O 6
Pseudopotential                    :  O.psp8
Pseudocharge radii of atom type 3  :  6.78 6.76 6.79 (x, y, z dir)
Number of atoms of type 3          :  31
Atom type 4  (valence electrons)   :  Ti 12
Pseudopotential                    :  Ti.psp8
Pseudocharge radii of atom type 4  :  6.78 6.76 6.79 (x, y, z dir)
Number of atoms of type 4          :  16
Estimated total memory usage       :  440.02 GB
Estimated memory per processor     :  1.31 GB
========================================================================================
                    Self Consistent Field (SCF#1)                     
========================================================================================
Iteration     Free Energy (Ha/atom)    Magnetization     SCF Error        Timing (sec)
1            -2.9545507528E+01         4.6125E+00        4.258E-01        342.455
2            -3.0709248744E+01        -1.4205E+00        4.369E-01        79.653
3            -3.0015525592E+01         5.6181E+00        3.287E-01        80.226
4            -2.9753980156E+01         8.2402E+00        2.922E-01        80.443
5            -2.9915940193E+01         9.4813E+00        2.040E-01        79.695
6            -2.9920713831E+01         1.8781E+00        1.771E-01        80.070
7            -2.9927301655E+01         3.7302E+00        1.448E-01        85.797
8            -2.9928749213E+01         4.6907E+00        1.214E-01        79.789
9            -2.9927515133E+01         4.6502E+00        9.712E-02        81.470
10           -2.9909915581E+01         3.4418E+00        8.447E-02        79.732
11           -2.9886222422E+01         8.4136E-01        6.850E-02        80.455
12           -2.9863670341E+01        -7.3047E-01        6.390E-02        80.549
13           -2.9861171129E+01        -1.0554E+00        5.283E-02        79.844
14           -2.9840851894E+01        -1.1387E+00        4.988E-02        82.595
15           -2.9813879962E+01        -1.8348E+00        3.672E-02        88.409
16           -2.9789061408E+01        -1.0549E+00        3.569E-02        83.076
17           -2.9750831180E+01        -1.1108E+00        2.733E-02        80.691
18           -2.9714585624E+01        -2.1857E+00        1.701E-02        81.730
19           -2.9699437128E+01        -1.7283E+00        1.490E-02        80.149
20           -2.9687051725E+01        -2.1874E+00        1.240E-02        81.286
21           -2.9664535404E+01        -1.1988E+00        1.307E-02        103.166
22           -2.9658861638E+01        -1.6931E+00        7.937E-03        80.485
23           -2.9648289497E+01        -1.0067E+00        1.244E-02        80.486
24           -2.9642575091E+01        -1.0027E+00        1.108E-02        80.108
25           -2.9632534146E+01        -9.9966E-01        8.250E-03        81.604
26           -2.9631989815E+01        -9.9932E-01        7.711E-03        80.086
27           -2.9627489640E+01        -2.3978E-01        3.012E-02        80.326
28           -2.9627105449E+01        -2.0071E-01        2.225E-02        80.104
29           -2.9628575388E+01        -2.8304E-01        4.223E-02        79.926
30           -2.9629641253E+01        -2.9750E-01        5.718E-02        80.588
31           -2.9655529068E+01        -2.1534E-01        1.331E-01        79.945
32           -2.9659799835E+01        -2.5492E-01        1.388E-01        80.312
33           -2.9630070235E+01        -1.0008E+00        7.509E-03        80.250
34           -2.9629584188E+01        -1.0017E+00        5.023E-03        80.888
35           -2.9628787377E+01        -1.0018E+00        4.790E-03        80.098
36           -2.9627467286E+01        -1.0009E+00        3.475E-03        80.619
37           -2.9625812148E+01        -1.0119E+00        2.687E-03        79.981
38           -2.9625112804E+01        -1.0085E+00        2.130E-03        80.068
39           -2.9623943121E+01        -1.0194E+00        1.925E-03        80.297
40           -2.9623345874E+01        -1.0204E+00        1.693E-03        79.809
41           -2.9622803733E+01        -1.0111E+00        1.268E-03        81.826
42           -2.9622429801E+01        -1.0133E+00        7.378E-04        79.777
43           -2.9622387148E+01        -1.0060E+00        6.456E-04        80.467
44           -2.9622154281E+01        -1.0041E+00        4.354E-04        79.903
45           -2.9622092458E+01        -1.0024E+00        3.102E-04        80.869
46           -2.9621994529E+01        -1.0028E+00        2.149E-04        79.865
47           -2.9621961902E+01        -1.0022E+00        1.533E-04        79.869
48           -2.9621894893E+01        -1.0023E+00        9.600E-05        79.594
Total number of SCF: 48    

k = [-0.250, -0.250, 0.000]
Occupation of state 211 = 0.000000000000000.
Occupation of state 234 = 0.000000000000000.

No.1 Exx outer loop: 
1            -2.9414829195E+01        -1.0000E+00        1.432E-02        123.508
2            -2.9405928377E+01        -1.0000E+00        1.362E-02        119.120
3            -2.9484252621E+01        -1.6589E-01        1.920E-01        119.223
4            -2.9444544185E+01        -2.6767E-01        1.349E-01        118.962
5            -2.9446693883E+01        -2.7603E-01        1.421E-01        118.888
6            -2.9444116501E+01        -2.6872E-01        1.345E-01        120.695
7            -2.9434213729E+01        -1.0924E-01        9.213E-02        119.084
8            -2.9408172172E+01        -1.0000E+00        1.167E-02        119.665
9            -2.9412899827E+01        -9.2127E-01        1.101E-02        119.107
10           -2.9414716823E+01        -8.0083E-02        2.364E-02        119.112
11           -2.9415243765E+01        -1.4094E-01        3.095E-02        119.394
12           -2.9415429227E+01        -1.4458E-01        3.179E-02        119.116
13           -2.9415108098E+01        -9.3474E-02        2.522E-02        118.984
14           -2.9414401392E+01        -1.2031E-01        1.844E-02        119.519
15           -2.9414207664E+01        -3.5512E-01        1.506E-02        120.130
16           -2.9412939488E+01        -9.9999E-01        5.129E-03        119.834
17           -2.9414820665E+01        -1.0000E+00        2.908E-03        119.006
18           -2.9416350391E+01        -1.0000E+00        1.871E-03        119.154
19           -2.9416735003E+01        -1.0000E+00        1.587E-03        119.344
20           -2.9416707004E+01        -1.0000E+00        1.404E-03        118.758
21           -2.9416698966E+01        -1.0000E+00        1.365E-03        120.448
22           -2.9416507277E+01        -1.0000E+00        8.492E-04        118.925
23           -2.9416483580E+01        -1.0000E+00        5.439E-04        118.818
24           -2.9416465247E+01        -1.0000E+00        3.296E-04        120.073
25           -2.9416461018E+01        -1.0000E+00        2.310E-04        119.038
26           -2.9416435168E+01        -1.0000E+00        1.535E-04        118.763
27           -2.9416423319E+01        -1.0000E+00        9.479E-05        118.807
28           -2.9416422457E+01        -1.0000E+00        5.179E-05        119.049
29           -2.9416416981E+01        -1.0000E+00        3.055E-05        119.719
30           -2.9416408144E+01        -1.0000E+00        2.029E-05        119.844
31           -2.9416401586E+01        -1.0000E+00        1.518E-05        120.217
32           -2.9416395110E+01        -1.0000E+00        1.090E-05        119.701
33           -2.9416390849E+01        -1.0000E+00        7.901E-06        119.556
34           -2.9416388503E+01        -1.0000E+00        6.199E-06        119.304
35           -2.9416384043E+01        -1.0000E+00        3.290E-06        119.050
36           -2.9416383619E+01        -1.0000E+00        2.541E-06        120.143
37           -2.9416383460E+01        -1.0000E+00        2.189E-06        118.540
38           -2.9416383853E+01        -1.0000E+00        1.769E-06        119.459
39           -2.9416383907E+01        -1.0000E+00        1.578E-06        120.321
40           -2.9416383654E+01        -1.0000E+00        1.332E-06        118.775
41           -2.9416383635E+01        -1.0000E+00        1.015E-06        118.483
42           -2.9416383808E+01        -1.0000E+00        6.906E-07        118.858
Total number of SCF: 42    

k = [-0.250, -0.250, 0.000]
Occupation of state 211 = 0.000000000000000.
Occupation of state 234 = 0.000000000000000.
Exx outer loop error: 6.3463537284e-01 

No.2 Exx outer loop: 
1            -2.9416682930E+01        -1.0000E+00        1.511E-03        123.102
2            -2.9415930470E+01        -1.0000E+00        1.624E-03        119.510
3            -2.9416106476E+01        -1.0000E+00        1.366E-03        119.472
4            -2.9416481346E+01        -1.0000E+00        7.089E-04        120.158
5            -2.9416701346E+01        -1.0000E+00        5.438E-04        119.453
6            -2.9416940178E+01        -1.0000E+00        2.434E-04        119.167
7            -2.9416832925E+01        -1.0000E+00        1.473E-04        119.054
8            -2.9416742212E+01        -1.0000E+00        1.346E-04        119.449
9            -2.9416750153E+01        -1.0000E+00        1.202E-04        119.701
10           -2.9416736607E+01        -1.0000E+00        7.783E-05        118.921
11           -2.9416738675E+01        -1.0000E+00        1.068E-04        118.671
12           -2.9416740477E+01        -1.0000E+00        1.236E-04        118.855
13           -2.9416730393E+01        -1.0000E+00        8.460E-05        119.292
14           -2.9416726478E+01        -1.0000E+00        6.266E-05        118.745
15           -2.9416707336E+01        -1.0000E+00        3.694E-05        119.970
16           -2.9416691875E+01        -1.0000E+00        2.613E-05        119.697
17           -2.9416682849E+01        -1.0000E+00        2.275E-05        119.239
18           -2.9416678648E+01        -1.0000E+00        2.285E-05        118.924
19           -2.9416671619E+01        -1.0000E+00        1.122E-05        120.836
20           -2.9416666066E+01        -1.0000E+00        1.344E-05        119.064
21           -2.9416659418E+01        -1.0000E+00        3.714E-06        119.384
22           -2.9416658073E+01        -1.0000E+00        3.313E-06        118.937
23           -2.9416657082E+01        -1.0000E+00        1.377E-06        119.566
24           -2.9416656829E+01        -1.0000E+00        8.414E-07        118.364
Total number of SCF: 24    

k = [-0.250, -0.250, 0.000]
Occupation of state 211 = 0.000000000000000.
Occupation of state 234 = 0.000000000000000.
Exx outer loop error: 1.2323768419e-02 

No.3 Exx outer loop: 
1            -2.9416687887E+01        -1.0000E+00        2.183E-04        124.038
2            -2.9416613150E+01        -1.0000E+00        3.263E-04        121.847
3            -2.9416670635E+01        -1.0000E+00        4.034E-04        119.274
4            -2.9416737254E+01        -1.0000E+00        2.841E-04        119.779
5            -2.9416744318E+01        -1.0000E+00        1.853E-04        121.035
6            -2.9416732924E+01        -1.0000E+00        1.504E-04        125.518
7            -2.9416740206E+01        -1.0000E+00        9.528E-05        122.299
8            -2.9416719515E+01        -1.0000E+00        7.633E-05        120.661
9            -2.9416715407E+01        -1.0000E+00        6.056E-05        120.179
10           -2.9416698214E+01        -1.0000E+00        3.446E-05        119.681
11           -2.9416677664E+01        -1.0000E+00        2.112E-05        133.032
12           -2.9416676196E+01        -1.0000E+00        1.257E-05        120.403
13           -2.9416675202E+01        -1.0000E+00        8.563E-06        119.210
14           -2.9416674089E+01        -1.0000E+00        6.258E-06        118.601
15           -2.9416671460E+01        -1.0000E+00        4.793E-06        135.551
16           -2.9416669847E+01        -1.0000E+00        3.356E-06        119.074
17           -2.9416668800E+01        -1.0000E+00        2.853E-06        118.615
18           -2.9416668355E+01        -1.0000E+00        2.476E-06        118.559
19           -2.9416667173E+01        -1.0000E+00        1.777E-06        118.771
20           -2.9416666139E+01        -1.0000E+00        1.185E-06        118.705
21           -2.9416665342E+01        -1.0000E+00        7.130E-07        119.631
Total number of SCF: 21    

k = [-0.250, -0.250, 0.000]
Occupation of state 211 = 0.000000000000000.
Occupation of state 234 = 0.000000000000000.
Exx outer loop error: 1.5950765915e-03 

No.4 Exx outer loop: 
1            -2.9416670769E+01        -1.0000E+00        4.399E-05        122.746
2            -2.9416663641E+01        -1.0000E+00        9.701E-05        118.295
3            -2.9416675228E+01        -1.0000E+00        1.232E-04        118.510
4            -2.9416681343E+01        -1.0000E+00        1.102E-04        118.346
5            -2.9416667917E+01        -1.0000E+00        8.936E-05        118.477
6            -2.9416666526E+01        -1.0000E+00        6.814E-05        118.637
7            -2.9416668128E+01        -1.0000E+00        4.568E-05        118.126
8            -2.9416666647E+01        -1.0000E+00        3.630E-05        118.492
9            -2.9416664952E+01        -1.0000E+00        2.972E-05        118.240
10           -2.9416661119E+01        -1.0000E+00        7.402E-06        120.434
11           -2.9416663699E+01        -1.0000E+00        3.977E-06        118.251
12           -2.9416663687E+01        -1.0000E+00        2.973E-06        118.071
13           -2.9416664171E+01        -1.0000E+00        1.846E-06        118.720
14           -2.9416664691E+01        -1.0000E+00        1.263E-06        117.843
15           -2.9416665323E+01        -1.0000E+00        9.603E-07        118.561
Total number of SCF: 15    

k = [-0.250, -0.250, 0.000]
Occupation of state 211 = 0.000000000000000.
Occupation of state 234 = 0.000000000000000.
Exx outer loop error: 3.9037243725e-04 

No.5 Exx outer loop: 
1            -2.9416666160E+01        -1.0000E+00        1.546E-05        154.601
2            -2.9416666163E+01        -1.0000E+00        4.328E-05        147.410
3            -2.9416672385E+01        -1.0000E+00        4.040E-05        149.037
4            -2.9416671507E+01        -1.0000E+00        4.234E-05        154.587
5            -2.9416668849E+01        -1.0000E+00        4.295E-05        144.057
6            -2.9416667167E+01        -1.0000E+00        4.393E-05        150.096
7            -2.9416667202E+01        -1.0000E+00        4.473E-05        118.243
8            -2.9416667404E+01        -1.0000E+00        4.301E-05        118.777
9            -2.9416669201E+01        -1.0000E+00        4.487E-05        118.455
10           -2.9416674049E+01        -1.0000E+00        1.938E-05        118.160
11           -2.9416665010E+01        -1.0000E+00        6.139E-06        118.224
12           -2.9416663494E+01        -1.0000E+00        3.555E-06        118.442
13           -2.9416663183E+01        -1.0000E+00        2.857E-06        118.128
14           -2.9416663986E+01        -1.0000E+00        2.511E-06        118.710
15           -2.9416664699E+01        -1.0000E+00        2.140E-06        118.686
16           -2.9416664975E+01        -1.0000E+00        1.690E-06        118.355
17           -2.9416665162E+01        -1.0000E+00        1.353E-06        118.194
18           -2.9416665549E+01        -1.0000E+00        9.777E-07        117.918
Total number of SCF: 18    

k = [-0.250, -0.250, 0.000]
Occupation of state 211 = 0.000000000000000.
Occupation of state 234 = 0.000000000000000.
Exx outer loop error: 2.1890674234e-04 

No.6 Exx outer loop: 
1            -2.9416664960E+01        -1.0000E+00        8.611E-06        122.402
2            -2.9416666108E+01        -1.0000E+00        2.405E-05        118.105
3            -2.9416664529E+01        -1.0000E+00        2.129E-05        118.128
4            -2.9416664824E+01        -1.0000E+00        2.295E-05        118.488
5            -2.9416663436E+01        -1.0000E+00        1.984E-05        118.507
6            -2.9416663687E+01        -1.0000E+00        1.911E-05        118.778
7            -2.9416663642E+01        -1.0000E+00        1.811E-05        118.324
8            -2.9416664531E+01        -1.0000E+00        1.649E-05        118.119
9            -2.9416663853E+01        -1.0000E+00        1.890E-05        118.548
10           -2.9416669358E+01        -1.0000E+00        4.596E-06        118.686
11           -2.9416669210E+01        -1.0000E+00        3.123E-06        122.431
12           -2.9416668521E+01        -1.0000E+00        1.705E-06        118.503
13           -2.9416668561E+01        -1.0000E+00        1.198E-06        117.917
14           -2.9416668116E+01        -1.0000E+00        8.754E-07        118.420
Total number of SCF: 14    

k = [-0.250, -0.250, 0.000]
Occupation of state 211 = 0.000000000000000.
Occupation of state 234 = 0.000000000000000.
Exx outer loop error: 1.0931787444e-03 

No.7 Exx outer loop: 
1            -2.9416668828E+01        -1.0000E+00        6.662E-06        122.661
2            -2.9416668540E+01        -1.0000E+00        1.389E-05        117.556
3            -2.9416669515E+01        -1.0000E+00        6.031E-06        118.658
4            -2.9416669141E+01        -1.0000E+00        1.517E-06        118.016
5            -2.9416668843E+01        -1.0000E+00        1.343E-06        118.207
6            -2.9416668226E+01        -1.0000E+00        2.277E-06        118.312
7            -2.9416668170E+01        -1.0000E+00        1.640E-06        118.233
8            -2.9416667995E+01        -1.0000E+00        1.259E-06        120.086
9            -2.9416667789E+01        -1.0000E+00        6.647E-07        118.244
Total number of SCF: 9     

k = [-0.250, -0.250, 0.000]
Occupation of state 211 = 0.000000000000000.
Occupation of state 234 = 0.000000000000000.
Exx outer loop error: 2.2620140141e-04 

No.8 Exx outer loop: 
1            -2.9416668193E+01        -1.0000E+00        4.181E-06        122.388
2            -2.9416667870E+01        -1.0000E+00        8.265E-06        118.963
3            -2.9416667376E+01        -1.0000E+00        1.080E-06        118.298
4            -2.9416667294E+01        -1.0000E+00        6.630E-07        119.018
Total number of SCF: 4     

k = [-0.250, -0.250, 0.000]
Occupation of state 211 = 0.000000000000000.
Occupation of state 234 = 0.000000000000000.
Exx outer loop error: 2.7799913242e-04 

No.9 Exx outer loop: 
1            -2.9416667719E+01        -1.0000E+00        3.484E-06        142.982
2            -2.9416667240E+01        -1.0000E+00        5.545E-06        118.985
3            -2.9416666967E+01        -1.0000E+00        2.323E-06        118.772
4            -2.9416666971E+01        -1.0000E+00        1.317E-06        117.895
5            -2.9416667120E+01        -1.0000E+00        7.097E-07        117.873
Total number of SCF: 5     

k = [-0.250, -0.250, 0.000]
Occupation of state 211 = 0.000000000000000.
Occupation of state 234 = 0.000000000000000.
Exx outer loop error: 1.5525349481e-04 

No.10 Exx outer loop: 
1            -2.9416667349E+01        -1.0000E+00        3.756E-06        122.477
2            -2.9416667083E+01        -1.0000E+00        3.834E-06        117.797
3            -2.9416667072E+01        -1.0000E+00        1.030E-06        118.297
4            -2.9416667154E+01        -1.0000E+00        7.091E-07        118.073
Total number of SCF: 4     

k = [-0.250, -0.250, 0.000]
Occupation of state 211 = 0.000000000000000.
Occupation of state 234 = 0.000000000000000.
Exx outer loop error: 9.0621871821e-06 
====================================================================
                    Energy and force calculation                    
====================================================================
Free energy per atom               : -2.9416666844E+01 (Ha/atom)
Total free energy                  : -1.4414166753E+03 (Ha)
Band structure energy              : -3.7189021361E+02 (Ha)
Exchange correlation energy        : -1.6335945045E+02 (Ha)
Self and correction energy         : -1.8970440362E+03 (Ha)
Entropy*kb*T                       : -4.6339763725E-09 (Ha)
Fermi level                        : -2.0991816176E-01 (Ha)
RMS force                          :  2.1059141792E-02 (Ha/Bohr)
Maximum force                      :  9.4936784425E-02 (Ha/Bohr)
Time for force calculation         :  1.645 (sec)
***************************************************************************
                               Timing info                                 
***************************************************************************
Total walltime                     :  82775.365 sec
___________________________________________________________________________

***************************************************************************
*             Material Physics & Mechanics Group, Georgia Tech            *
*                       PI: Phanish Suryanarayana                         *
*                Main Developers: Qimen Xu, Abhiraj Sharma                *
*     Collaborators: J.E. Pask (LLNL), A.J. Medford (GT), E. Chow (GT)    *
*  Acknowledgements: U.S. DOE (DE-SC0019410); U.S. NSF (1333500,1553212)  *
***************************************************************************
                                                                           
