***************************************************************************
*                       SPARC (version Dec 27, 2021)                      *
*   Copyright (c) 2020 Material Physics & Mechanics Group, Georgia Tech   *
*           Distributed under GNU General Public License 3 (GPL)          *
*                   Start time: Sat Jan 15 17:22:00 2022                  *
***************************************************************************
                           Input parameters                                
***************************************************************************
CELL: 12.4338823950489 16.8986769044157 47.5378507412217 
LATVEC:
1.000000000000000 0.000000000000000 0.000000000000000 
-0.000130020950961 0.999999991547276 0.000000000000000 
0.000000000000000 -0.000000000000000 1.000000000000000 
FD_GRID: 66 89 252
FD_ORDER: 12
BC: P P D
KPOINT_GRID: 2 2 1
KPOINT_SHIFT: 0 0 0
SPIN_TYP: 1
ELEC_TEMP_TYPE: Gaussian
SMEARING: 0.007349864435
CHEB_DEGREE: 37
NSTATES: 265
EXCHANGE_CORRELATION: HSE
CALC_STRESS: 0
CALC_PRES: 0
CHEFSI_BOUND_FLAG: 0
MAXIT_SCF: 100
MINIT_SCF: 3
MAXIT_POISSON: 3000
TOL_SCF: 1.00E-06
POISSON_SOLVER: AAR
TOL_POISSON: 1.00E-08
TOL_LANCZOS: 1.00E-02
TOL_PSEUDOCHARGE: 1.00E-08
MIXING_VARIABLE: density
MIXING_PRECOND: kerker
MIXING_PRECOND_MAG: none
TOL_PRECOND: 3.57E-05
PRECOND_KERKER_KTF: 1
PRECOND_KERKER_THRESH: 0.1
MIXING_PARAMETER: 0.3
MIXING_PARAMETER_MAG: 0.3
MIXING_HISTORY: 7
PULAY_FREQUENCY: 1
PULAY_RESTART: 0
REFERENCE_CUTOFF: 0.5
RHO_TRIGGER: 4
FIX_RAND: 0
VERBOSITY: 1
PRINT_FORCES: 1
PRINT_ATOMS: 1
PRINT_EIGEN: 1
PRINT_DENSITY: 0
PRINT_ENERGY_DENSITY: 0
TOL_FOCK: 5.00E-05
TOL_SCF_INIT: 1.00E-04
MAXIT_FOCK: 1000
EXX_METHOD: FOURIER_SPACE
EXX_DIVERGENCE: AUXILIARY
ACE_FLAG: 1
EXX_ACE_MEM: 1
EXX_ACE_VALENCE_STATES: 10000
EXX_DOWNSAMPLING: 1 1 1
EXX_RANGE_FOCK: 0.106000
EXX_RANGE_PBE: 0.106000
OUTPUT_FILE: sprc-calc
***************************************************************************
                                Cell                                       
***************************************************************************
Lattice vectors (Bohr):
12.433882395048860 0.000000000000000 0.000000000000000 
-0.002197182041095 16.898676761575889 0.000000000000000 
0.000000000000000 -0.000000000000000 47.537850741221725 
Volume                  :  9.9884706279E+03 (Bohr^3)
***************************************************************************
                           Parallelization                                 
***************************************************************************
NP_SPIN_PARAL: 2
NP_KPOINT_PARAL: 4
NP_BAND_PARAL: 1
NP_DOMAIN_PARAL: 2 3 7
NP_DOMAIN_PHI_PARAL: 4 6 14
EIG_SERIAL_MAXNS: 1500
***************************************************************************
                             Initialization                                
***************************************************************************
Number of processors               :  336
Mesh spacing in x-direction        :  0.188392 (Bohr)
Mesh spacing in y-direction        :  0.189873 (Bohr)
Mesh spacing in z direction        :  0.188642 (Bohr)
Number of symmetry adapted k-points:  4
Output printed to                  :  sprc-calc.out
Final eigenvalues printed to       :  sprc-calc.eigen
Total number of atom types         :  3
Total number of atoms              :  56
Total number of electrons          :  434
Atom type 1  (valence electrons)   :  H 1
Pseudopotential                    :  H.psp8
Pseudocharge radii of atom type 1  :  3.77 3.80 3.77 (x, y, z dir)
Number of atoms of type 1          :  2
Atom type 2  (valence electrons)   :  O 6
Pseudopotential                    :  O.psp8
Pseudocharge radii of atom type 2  :  6.78 6.84 6.79 (x, y, z dir)
Number of atoms of type 2          :  36
Atom type 3  (valence electrons)   :  Ti 12
Pseudopotential                    :  Ti.psp8
Pseudocharge radii of atom type 3  :  6.78 6.84 6.79 (x, y, z dir)
Number of atoms of type 3          :  18
Estimated total memory usage       :  312.62 GB
Estimated memory per processor     :  952.76 MB
========================================================================================
                    Self Consistent Field (SCF#1)                     
========================================================================================
Iteration     Free Energy (Ha/atom)    Magnetization     SCF Error        Timing (sec)
1            -2.9290909581E+01         2.7981E+00        4.557E-01        202.202
2            -2.9613608787E+01        -2.6457E+00        3.559E-01        51.024
3            -2.9507944176E+01         1.5816E+00        2.816E-01        50.875
4            -2.9713056635E+01         6.5124E+00        1.561E-01        50.653
5            -2.9715597458E+01         9.8374E-01        1.288E-01        50.672
6            -2.9717934843E+01         3.8401E-01        8.627E-02        51.104
7            -2.9703137305E+01         1.0185E+00        7.018E-02        50.679
8            -2.9681208794E+01         2.1480E+00        5.424E-02        50.724
9            -2.9645342850E+01         1.5993E-01        4.232E-02        51.169
10           -2.9609911017E+01         6.9414E-01        3.294E-02        50.734
11           -2.9554842151E+01         5.4234E-01        3.877E-02        51.407
12           -2.9551850341E+01        -3.0334E-01        3.819E-02        50.749
13           -2.9556398920E+01        -2.3800E-01        3.650E-02        50.651
14           -2.9557756778E+01        -3.5861E-01        3.638E-02        50.688
15           -2.9560640332E+01        -2.8913E-01        3.393E-02        50.682
16           -2.9556382805E+01        -2.8500E-01        3.206E-02        50.638
17           -2.9551583804E+01        -3.2493E-01        3.542E-02        50.694
18           -2.9556608137E+01         2.6974E-01        2.690E-02        51.158
19           -2.9549072854E+01        -7.1208E-01        3.346E-02        51.688
20           -2.9529160698E+01        -8.3349E-01        3.154E-02        51.045
21           -2.9495783228E+01        -1.2606E+00        2.468E-02        50.776
22           -2.9464627347E+01        -1.3565E+00        1.846E-02        50.701
23           -2.9444422678E+01        -1.3007E+00        1.386E-02        51.237
24           -2.9424145867E+01        -1.3382E+00        9.504E-03        50.481
25           -2.9418003435E+01        -1.3578E+00        8.220E-03        50.959
26           -2.9403439137E+01        -1.4070E+00        6.364E-03        50.648
27           -2.9402508407E+01        -1.4550E+00        5.249E-03        51.059
28           -2.9395034658E+01        -1.4870E+00        4.269E-03        50.727
29           -2.9391633863E+01        -1.4685E+00        3.427E-03        51.442
30           -2.9386846191E+01        -1.4784E+00        2.412E-03        53.593
31           -2.9385196043E+01        -1.4862E+00        1.928E-03        52.173
32           -2.9382671286E+01        -1.5388E+00        1.778E-03        53.990
33           -2.9382199937E+01        -1.5363E+00        1.217E-03        50.665
34           -2.9381561534E+01        -1.5321E+00        8.997E-04        50.633
35           -2.9381298330E+01        -1.5434E+00        7.024E-04        50.784
36           -2.9381068733E+01        -1.5426E+00        6.100E-04        51.706
37           -2.9381022273E+01        -1.5409E+00        3.847E-04        50.744
38           -2.9380920953E+01        -1.5442E+00        4.171E-04        50.610
39           -2.9380850431E+01        -1.5411E+00        2.204E-04        50.542
40           -2.9380834163E+01        -1.5411E+00        1.635E-04        50.411
41           -2.9380814847E+01        -1.5396E+00        1.407E-04        50.803
42           -2.9380805489E+01        -1.5397E+00        1.299E-04        50.536
43           -2.9380795151E+01        -1.5394E+00        9.079E-05        49.948
Total number of SCF: 43    

k = [0.000, 0.000, 0.000]
Occupation of state 239 = 0.000000000000000.
Occupation of state 265 = 0.000000000000000.

No.1 Exx outer loop: 
1            -2.9174965949E+01        -1.9576E+00        1.497E-02        84.578
2            -2.9167577514E+01        -1.9649E+00        1.328E-02        81.462
3            -2.9174094099E+01        -1.9223E+00        1.110E-02        82.767
4            -2.9175105475E+01        -1.9553E+00        7.068E-03        81.323
5            -2.9178501169E+01        -1.9446E+00        5.781E-03        82.050
6            -2.9180529015E+01        -1.9651E+00        5.610E-03        81.377
7            -2.9179104428E+01        -1.9706E+00        3.338E-03        81.330
8            -2.9179491007E+01        -1.9788E+00        2.141E-03        81.323
9            -2.9179846812E+01        -1.9653E+00        1.831E-03        81.572
10           -2.9178882731E+01        -1.9719E+00        1.489E-03        81.342
11           -2.9178309743E+01        -1.9712E+00        9.299E-04        81.320
12           -2.9177731933E+01        -1.9706E+00        5.889E-04        81.755
13           -2.9177213778E+01        -1.9686E+00        4.297E-04        81.469
14           -2.9177009952E+01        -1.9751E+00        7.646E-04        82.305
15           -2.9176932992E+01        -1.9691E+00        2.276E-04        81.447
16           -2.9176718979E+01        -1.9692E+00        1.592E-04        81.240
17           -2.9176676993E+01        -1.9683E+00        1.064E-04        84.449
18           -2.9176621538E+01        -1.9671E+00        1.933E-04        82.875
19           -2.9176638920E+01        -1.9671E+00        1.730E-04        80.963
20           -2.9176639641E+01        -1.9673E+00        1.472E-04        81.410
21           -2.9176640761E+01        -1.9677E+00        9.026E-05        81.129
22           -2.9176629071E+01        -1.9676E+00        8.395E-05        81.797
23           -2.9176636077E+01        -1.9679E+00        4.131E-05        81.798
24           -2.9176629275E+01        -1.9679E+00        2.318E-05        81.367
25           -2.9176619792E+01        -1.9678E+00        1.951E-05        82.035
26           -2.9176610399E+01        -1.9678E+00        8.478E-06        81.160
27           -2.9176605414E+01        -1.9679E+00        5.894E-06        81.017
28           -2.9176605033E+01        -1.9679E+00        4.881E-06        81.088
29           -2.9176605219E+01        -1.9679E+00        2.986E-06        81.173
30           -2.9176605716E+01        -1.9679E+00        4.809E-06        81.435
31           -2.9176605439E+01        -1.9679E+00        1.514E-06        80.977
32           -2.9176605456E+01        -1.9679E+00        1.157E-06        80.959
33           -2.9176605097E+01        -1.9679E+00        8.713E-07        80.752
Total number of SCF: 33    

k = [0.000, 0.000, 0.000]
Occupation of state 239 = 0.000000000000000.
Occupation of state 265 = 0.000000000000000.
Exx outer loop error: 6.4965226439e-01 

No.2 Exx outer loop: 
1            -2.9177004206E+01        -1.9875E+00        2.296E-03        83.703
2            -2.9176369721E+01        -1.9848E+00        2.004E-03        81.304
3            -2.9177024169E+01        -1.9789E+00        1.829E-03        81.248
4            -2.9177334322E+01        -1.9865E+00        9.282E-04        81.884
5            -2.9177652079E+01        -1.9887E+00        2.153E-03        81.834
6            -2.9177799623E+01        -1.9882E+00        2.341E-03        81.768
7            -2.9177587373E+01        -1.9894E+00        1.167E-03        81.128
8            -2.9177501737E+01        -1.9883E+00        9.090E-04        81.349
9            -2.9177357942E+01        -1.9849E+00        4.137E-04        90.480
10           -2.9177314365E+01        -1.9859E+00        5.767E-04        81.422
11           -2.9177282877E+01        -1.9859E+00        5.858E-04        80.804
12           -2.9177275762E+01        -1.9859E+00        5.737E-04        80.951
13           -2.9177299371E+01        -1.9857E+00        5.921E-04        81.232
14           -2.9177198114E+01        -1.9852E+00        5.016E-04        82.005
15           -2.9177166299E+01        -1.9855E+00        5.109E-04        81.947
16           -2.9177167676E+01        -1.9858E+00        5.765E-04        81.787
17           -2.9177193208E+01        -1.9859E+00        5.258E-04        81.662
18           -2.9177250298E+01        -1.9860E+00        2.744E-04        81.220
19           -2.9177222095E+01        -1.9855E+00        1.856E-04        81.280
20           -2.9177144702E+01        -1.9853E+00        1.354E-04        81.254
21           -2.9177089781E+01        -1.9860E+00        1.751E-04        81.648
22           -2.9177022145E+01        -1.9867E+00        1.986E-04        81.130
23           -2.9177021091E+01        -1.9868E+00        2.223E-04        81.497
24           -2.9177023250E+01        -1.9858E+00        9.041E-05        81.476
25           -2.9176997281E+01        -1.9854E+00        5.264E-05        81.305
26           -2.9176972314E+01        -1.9855E+00        4.806E-05        81.631
27           -2.9176966414E+01        -1.9853E+00        3.356E-05        81.384
28           -2.9176965425E+01        -1.9854E+00        3.359E-05        81.423
29           -2.9176965533E+01        -1.9855E+00        4.626E-05        80.942
30           -2.9176965834E+01        -1.9855E+00        4.443E-05        81.110
31           -2.9176961739E+01        -1.9855E+00        5.166E-05        83.565
32           -2.9176961735E+01        -1.9855E+00        5.307E-05        82.578
33           -2.9176969675E+01        -1.9854E+00        4.676E-05        81.326
34           -2.9176962118E+01        -1.9855E+00        4.763E-05        81.014
35           -2.9176962979E+01        -1.9855E+00        4.328E-05        81.236
36           -2.9176967015E+01        -1.9854E+00        3.493E-05        83.412
37           -2.9176976519E+01        -1.9855E+00        3.891E-05        82.315
38           -2.9176972546E+01        -1.9855E+00        4.523E-05        81.684
39           -2.9176971933E+01        -1.9856E+00        5.744E-05        81.573
40           -2.9176968642E+01        -1.9854E+00        1.816E-05        81.017
41           -2.9176968908E+01        -1.9854E+00        1.355E-05        103.209
42           -2.9176963390E+01        -1.9852E+00        3.010E-05        80.806
43           -2.9176961809E+01        -1.9853E+00        1.239E-05        80.888
44           -2.9176959606E+01        -1.9853E+00        7.938E-06        80.796
45           -2.9176958708E+01        -1.9853E+00        5.396E-06        80.922
46           -2.9176957990E+01        -1.9853E+00        5.333E-06        81.124
47           -2.9176956489E+01        -1.9853E+00        4.825E-06        80.919
48           -2.9176955473E+01        -1.9853E+00        3.792E-06        81.556
49           -2.9176955157E+01        -1.9853E+00        1.706E-06        81.227
50           -2.9176955116E+01        -1.9853E+00        3.030E-06        81.256
51           -2.9176955111E+01        -1.9853E+00        9.254E-07        80.498
Total number of SCF: 51    

k = [0.000, 0.000, 0.000]
Occupation of state 239 = 0.000000000000000.
Occupation of state 265 = 0.000000000000000.
Exx outer loop error: 9.9908871472e-03 

No.3 Exx outer loop: 
1            -2.9177025961E+01        -1.9892E+00        1.001E-03        84.205
2            -2.9176964250E+01        -1.9866E+00        7.235E-04        81.456
3            -2.9177146550E+01        -1.9904E+00        1.066E-03        81.689
4            -2.9177236313E+01        -1.9865E+00        2.320E-04        81.535
5            -2.9177179851E+01        -1.9869E+00        2.163E-04        85.024
6            -2.9177158668E+01        -1.9871E+00        1.704E-04        81.398
7            -2.9177117264E+01        -1.9869E+00        8.323E-05        81.513
8            -2.9177085743E+01        -1.9868E+00        6.573E-05        81.216
9            -2.9177066906E+01        -1.9867E+00        6.214E-05        81.224
10           -2.9177045908E+01        -1.9867E+00        4.017E-05        81.820
11           -2.9177029369E+01        -1.9867E+00        2.801E-05        81.193
12           -2.9177017333E+01        -1.9862E+00        8.857E-05        81.396
13           -2.9177015132E+01        -1.9865E+00        3.410E-05        80.838
14           -2.9177009678E+01        -1.9863E+00        7.007E-05        81.124
15           -2.9177004301E+01        -1.9863E+00        5.405E-05        81.778
16           -2.9176999168E+01        -1.9865E+00        2.436E-05        81.114
17           -2.9176994793E+01        -1.9867E+00        1.296E-05        81.132
18           -2.9176990389E+01        -1.9866E+00        7.785E-06        81.134
19           -2.9176986894E+01        -1.9866E+00        6.361E-06        81.085
20           -2.9176984556E+01        -1.9867E+00        7.324E-06        81.168
21           -2.9176982225E+01        -1.9866E+00        2.614E-06        81.300
22           -2.9176981455E+01        -1.9867E+00        5.700E-06        80.577
23           -2.9176981557E+01        -1.9867E+00        4.708E-06        81.008
24           -2.9176981527E+01        -1.9867E+00        4.798E-06        80.865
25           -2.9176981472E+01        -1.9867E+00        3.989E-06        80.913
26           -2.9176980933E+01        -1.9867E+00        5.590E-06        82.676
27           -2.9176980944E+01        -1.9867E+00        3.893E-06        82.702
28           -2.9176980678E+01        -1.9867E+00        1.258E-06        80.788
29           -2.9176980293E+01        -1.9867E+00        1.241E-06        80.776
30           -2.9176979975E+01        -1.9867E+00        9.790E-07        80.694
Total number of SCF: 30    

k = [0.000, 0.000, 0.000]
Occupation of state 239 = 0.000000000000000.
Occupation of state 265 = 0.000000000000000.
Exx outer loop error: 4.8861882186e-04 

No.4 Exx outer loop: 
1            -2.9177009931E+01        -1.9885E+00        6.790E-04        83.778
2            -2.9177001164E+01        -1.9862E+00        3.772E-04        81.430
3            -2.9177009692E+01        -1.9860E+00        1.929E-04        81.392
4            -2.9177056696E+01        -1.9864E+00        1.997E-04        81.462
5            -2.9177049477E+01        -1.9863E+00        1.184E-04        81.855
6            -2.9177039151E+01        -1.9861E+00        6.920E-05        81.878
7            -2.9177035212E+01        -1.9860E+00        3.979E-05        82.532
8            -2.9177029069E+01        -1.9860E+00        2.462E-05        81.597
9            -2.9177017657E+01        -1.9859E+00        3.472E-05        81.532
10           -2.9177016736E+01        -1.9861E+00        1.515E-05        81.146
11           -2.9177009433E+01        -1.9861E+00        1.135E-05        81.364
12           -2.9177001607E+01        -1.9861E+00        8.821E-06        81.217
13           -2.9176996516E+01        -1.9861E+00        7.751E-06        81.227
14           -2.9176992079E+01        -1.9861E+00        5.756E-06        81.134
15           -2.9176987903E+01        -1.9861E+00        7.138E-06        80.979
16           -2.9176987320E+01        -1.9861E+00        2.487E-06        81.606
17           -2.9176986565E+01        -1.9861E+00        2.876E-06        81.455
18           -2.9176986280E+01        -1.9861E+00        2.536E-06        81.926
19           -2.9176985843E+01        -1.9861E+00        1.124E-06        80.971
20           -2.9176985590E+01        -1.9861E+00        9.234E-07        80.781
Total number of SCF: 20    

k = [0.000, 0.000, 0.000]
Occupation of state 239 = 0.000000000000000.
Occupation of state 265 = 0.000000000000000.
Exx outer loop error: 2.9717644917e-04 

No.5 Exx outer loop: 
1            -2.9177002295E+01        -1.9865E+00        5.224E-04        84.261
2            -2.9176997660E+01        -1.9850E+00        2.454E-04        81.311
3            -2.9177081371E+01        -1.9840E+00        1.974E-04        81.247
4            -2.9177071675E+01        -1.9845E+00        6.396E-05        84.611
5            -2.9177062573E+01        -1.9846E+00        3.311E-05        81.300
6            -2.9177032545E+01        -1.9845E+00        2.993E-05        81.802
7            -2.9177021739E+01        -1.9846E+00        1.788E-05        81.146
8            -2.9177010161E+01        -1.9848E+00        2.909E-05        80.965
9            -2.9177005954E+01        -1.9847E+00        1.464E-05        80.870
10           -2.9177000745E+01        -1.9848E+00        1.479E-05        81.716
11           -2.9176997213E+01        -1.9847E+00        8.082E-06        81.336
12           -2.9176994691E+01        -1.9845E+00        3.126E-05        80.960
13           -2.9176993537E+01        -1.9846E+00        1.081E-05        81.099
14           -2.9176992728E+01        -1.9846E+00        8.818E-06        80.997
15           -2.9176991603E+01        -1.9846E+00        1.174E-05        81.059
16           -2.9176990204E+01        -1.9846E+00        4.663E-06        80.972
17           -2.9176989160E+01        -1.9846E+00        3.800E-06        80.809
18           -2.9176988547E+01        -1.9846E+00        1.247E-06        80.823
19           -2.9176988257E+01        -1.9846E+00        1.102E-06        80.851
20           -2.9176988052E+01        -1.9846E+00        8.280E-07        80.521
Total number of SCF: 20    

k = [0.000, 0.000, 0.000]
Occupation of state 239 = 0.000000000000000.
Occupation of state 265 = 0.000000000000000.
Exx outer loop error: 6.0821704693e-04 

No.6 Exx outer loop: 
1            -2.9176999790E+01        -1.9847E+00        4.708E-04        83.669
2            -2.9176995599E+01        -1.9829E+00        1.999E-04        81.334
3            -2.9177151194E+01        -1.9885E+00        7.045E-04        81.758
4            -2.9177142809E+01        -1.9872E+00        4.956E-04        81.342
5            -2.9177105104E+01        -1.9837E+00        9.054E-05        81.370
6            -2.9177067738E+01        -1.9832E+00        5.915E-05        81.040
7            -2.9177056809E+01        -1.9830E+00        3.633E-05        81.162
8            -2.9177044335E+01        -1.9831E+00        3.615E-05        82.624
9            -2.9177032236E+01        -1.9830E+00        2.626E-05        82.894
10           -2.9177012516E+01        -1.9829E+00        1.259E-05        81.166
11           -2.9177003229E+01        -1.9830E+00        1.477E-05        80.953
12           -2.9176998163E+01        -1.9831E+00        2.195E-05        81.277
13           -2.9176998754E+01        -1.9830E+00        1.160E-05        81.246
14           -2.9176994863E+01        -1.9830E+00        4.652E-06        81.574
15           -2.9176993347E+01        -1.9830E+00        3.604E-06        80.998
16           -2.9176991190E+01        -1.9830E+00        1.921E-06        81.475
17           -2.9176990627E+01        -1.9830E+00        1.822E-06        81.530
18           -2.9176989903E+01        -1.9830E+00        1.272E-06        80.962
19           -2.9176989844E+01        -1.9830E+00        1.265E-06        81.397
20           -2.9176989763E+01        -1.9830E+00        8.947E-07        88.514
Total number of SCF: 20    

k = [0.000, 0.000, 0.000]
Occupation of state 239 = 0.000000000000000.
Occupation of state 265 = 0.000000000000000.
Exx outer loop error: 4.1331477580e-04 

No.7 Exx outer loop: 
1            -2.9176999534E+01        -1.9829E+00        4.320E-04        83.499
2            -2.9176995452E+01        -1.9814E+00        1.904E-04        81.178
3            -2.9177165671E+01        -1.9862E+00        5.748E-04        81.421
4            -2.9177137023E+01        -1.9813E+00        1.265E-04        81.166
5            -2.9177127275E+01        -1.9825E+00        8.983E-05        81.504
6            -2.9177078223E+01        -1.9814E+00        8.655E-05        81.341
7            -2.9177062239E+01        -1.9818E+00        4.306E-05        81.132
8            -2.9177041264E+01        -1.9820E+00        2.419E-05        81.789
9            -2.9177017741E+01        -1.9816E+00        1.755E-05        81.679
10           -2.9177008538E+01        -1.9816E+00        1.018E-05        81.268
11           -2.9177003151E+01        -1.9816E+00        9.394E-06        81.010
12           -2.9176999611E+01        -1.9816E+00        6.952E-06        81.066
13           -2.9176997934E+01        -1.9816E+00        7.102E-06        82.682
14           -2.9176997541E+01        -1.9816E+00        4.218E-06        82.801
15           -2.9176995573E+01        -1.9816E+00        3.299E-06        80.850
16           -2.9176994376E+01        -1.9816E+00        2.418E-06        81.096
17           -2.9176992800E+01        -1.9816E+00        3.026E-06        80.880
18           -2.9176991833E+01        -1.9816E+00        2.669E-06        80.922
19           -2.9176991681E+01        -1.9816E+00        2.185E-06        81.630
20           -2.9176991534E+01        -1.9816E+00        1.619E-06        81.469
21           -2.9176991428E+01        -1.9816E+00        2.029E-06        81.055
22           -2.9176991475E+01        -1.9816E+00        5.894E-07        80.665
Total number of SCF: 22    

k = [0.000, 0.000, 0.000]
Occupation of state 239 = 0.000000000000000.
Occupation of state 265 = 0.000000000000000.
Exx outer loop error: 2.0329349860e-04 

No.8 Exx outer loop: 
1            -2.9177000484E+01        -1.9815E+00        4.037E-04        84.399
2            -2.9176996320E+01        -1.9805E+00        1.900E-04        81.625
3            -2.9177010574E+01        -1.9791E+00        2.233E-04        81.352
4            -2.9177079152E+01        -1.9831E+00        2.715E-04        81.170
5            -2.9177071538E+01        -1.9810E+00        8.745E-05        81.297
6            -2.9177067143E+01        -1.9819E+00        1.444E-04        81.440
7            -2.9177029477E+01        -1.9808E+00        2.875E-05        81.300
8            -2.9177005696E+01        -1.9806E+00        1.781E-05        81.258
9            -2.9176996772E+01        -1.9808E+00        1.073E-05        81.133
10           -2.9176996545E+01        -1.9807E+00        8.530E-06        81.601
11           -2.9176995260E+01        -1.9807E+00        4.449E-06        81.176
12           -2.9176994180E+01        -1.9807E+00        3.499E-06        81.772
13           -2.9176993444E+01        -1.9807E+00        1.678E-06        81.488
14           -2.9176993189E+01        -1.9807E+00        1.706E-06        81.155
15           -2.9176993200E+01        -1.9807E+00        8.782E-07        80.761
Total number of SCF: 15    

k = [0.000, 0.000, 0.000]
Occupation of state 239 = 0.000000000000000.
Occupation of state 265 = 0.000000000000000.
Exx outer loop error: 2.1096642829e-04 

No.9 Exx outer loop: 
1            -2.9177002246E+01        -1.9810E+00        3.787E-04        83.530
2            -2.9176997615E+01        -1.9801E+00        1.858E-04        81.116
3            -2.9177043817E+01        -1.9811E+00        1.643E-04        82.713
4            -2.9177011067E+01        -1.9803E+00        7.831E-05        83.419
5            -2.9177012984E+01        -1.9805E+00        2.695E-05        81.327
6            -2.9177009873E+01        -1.9806E+00        2.178E-05        81.154
7            -2.9177008431E+01        -1.9806E+00        1.407E-05        81.019
8            -2.9177007307E+01        -1.9806E+00        9.141E-06        81.096
9            -2.9177006406E+01        -1.9806E+00        7.283E-06        81.271
10           -2.9177005804E+01        -1.9806E+00        6.042E-06        81.637
11           -2.9177004350E+01        -1.9806E+00        5.395E-06        81.556
12           -2.9177001520E+01        -1.9806E+00        3.912E-06        80.926
13           -2.9176998717E+01        -1.9806E+00        2.955E-06        80.943
14           -2.9176997824E+01        -1.9806E+00        2.268E-06        81.054
15           -2.9176996814E+01        -1.9806E+00        1.767E-06        81.262
16           -2.9176996285E+01        -1.9806E+00        1.100E-06        81.106
17           -2.9176995591E+01        -1.9805E+00        2.888E-06        80.766
18           -2.9176995514E+01        -1.9805E+00        1.930E-06        80.866
19           -2.9176995212E+01        -1.9806E+00        6.522E-07        80.532
Total number of SCF: 19    

k = [0.000, 0.000, 0.000]
Occupation of state 239 = 0.000000000000000.
Occupation of state 265 = 0.000000000000000.
Exx outer loop error: 2.7838543658e-05 
====================================================================
                    Energy and force calculation                    
====================================================================
Free energy per atom               : -2.9176992290E+01 (Ha/atom)
Total free energy                  : -1.6339115683E+03 (Ha)
Band structure energy              : -4.1414188039E+02 (Ha)
Exchange correlation energy        : -2.8913190094E+02 (Ha)
Self and correction energy         : -2.1508226963E+03 (Ha)
Entropy*kb*T                       : -3.2266555136E-03 (Ha)
Fermi level                        : -1.6152221297E-01 (Ha)
RMS force                          :  2.7748669462E-02 (Ha/Bohr)
Maximum force                      :  1.0459738682E-01 (Ha/Bohr)
Time for force calculation         :  1.021 (sec)
***************************************************************************
                               Timing info                                 
***************************************************************************
Total walltime                     :  35490.695 sec
___________________________________________________________________________

***************************************************************************
*             Material Physics & Mechanics Group, Georgia Tech            *
*                       PI: Phanish Suryanarayana                         *
*                Main Developers: Qimen Xu, Abhiraj Sharma                *
*     Collaborators: J.E. Pask (LLNL), A.J. Medford (GT), E. Chow (GT)    *
*  Acknowledgements: U.S. DOE (DE-SC0019410); U.S. NSF (1333500,1553212)  *
***************************************************************************
                                                                           
