                Step[ FC]     Time          Energy          fmax
*Force-consistent energies used in optimization.
BFGSLineSearch:    0[  0] 10:15:15   -40425.438449*       3.0679
BFGSLineSearch:    1[  2] 10:38:15   -40425.674717*       2.0284
BFGSLineSearch:    2[  4] 11:01:55   -40425.977516*       1.1210
BFGSLineSearch:    3[  6] 11:26:07   -40426.084035*       0.9460
BFGSLineSearch:    4[  8] 11:47:51   -40426.208613*       1.0105
BFGSLineSearch:    5[ 10] 12:12:15   -40426.332586*       1.6555
BFGSLineSearch:    6[ 12] 12:36:28   -40426.398949*       1.0504
BFGSLineSearch:    7[ 14] 12:58:00   -40426.500411*       1.5488
BFGSLineSearch:    8[ 16] 13:19:17   -40426.588479*       1.5394
BFGSLineSearch:    9[ 17] 13:29:20   -40426.636334*       0.8324
BFGSLineSearch:   10[ 18] 13:39:51   -40426.694629*       0.5464
BFGSLineSearch:   11[ 20] 13:58:21   -40426.725646*       0.5850
BFGSLineSearch:   12[ 22] 14:15:51   -40426.754427*       0.5243
BFGSLineSearch:   13[ 24] 14:33:37   -40426.782082*       0.5854
BFGSLineSearch:   14[ 26] 14:52:47   -40426.807625*       0.7535
                Step[ FC]     Time          Energy          fmax
*Force-consistent energies used in optimization.
BFGSLineSearch:    0[  0] 15:18:16   -40426.807603*       0.7540
BFGSLineSearch:    1[  2] 15:34:48   -40426.821276*       0.4469
BFGSLineSearch:    2[  4] 15:53:19   -40426.872516*       0.3571
BFGSLineSearch:    3[  6] 16:12:36   -40426.900662*       0.3640
BFGSLineSearch:    4[  7] 16:24:37   -40426.938645*       0.3710
BFGSLineSearch:    5[  8] 16:35:54   -40426.982782*       0.5740
BFGSLineSearch:    6[ 10] 16:56:31   -40427.014514*       0.4841
BFGSLineSearch:    7[ 12] 17:15:24   -40427.052339*       0.8834
BFGSLineSearch:    8[ 14] 17:33:29   -40427.095541*       0.4133
BFGSLineSearch:    9[ 15] 17:44:35   -40427.143813*       0.6462
BFGSLineSearch:   10[ 16] 17:54:10   -40427.194164*       0.8983
BFGSLineSearch:   11[ 17] 18:04:21   -40427.254511*       0.4427
BFGSLineSearch:   12[ 19] 18:22:31   -40427.295121*       0.6277
BFGSLineSearch:   13[ 20] 18:30:38   -40427.328827*       0.3847
BFGSLineSearch:   14[ 22] 18:47:12   -40427.348886*       0.2688
                Step[ FC]     Time          Energy          fmax
*Force-consistent energies used in optimization.
BFGSLineSearch:    0[  0] 19:00:28   -40427.328816*       0.3875
BFGSLineSearch:   15[ 24] 19:04:43   -40427.363444*       0.1803
BFGSLineSearch:    1[  2] 19:18:00   -40427.348618*       0.2682
BFGSLineSearch:   16[ 26] 19:24:37   -40427.372256*       0.1716
BFGSLineSearch:    2[  4] 19:37:41   -40427.363166*       0.1949
BFGSLineSearch:   17[ 27] 19:38:13   -40427.380403*       0.1925
BFGSLineSearch:   18[ 28] 19:45:36   -40427.385127*       0.1983
BFGSLineSearch:   19[ 29] 19:53:02   -40427.389605*       0.1620
BFGSLineSearch:    3[  6] 19:55:10   -40427.372349*       0.1660
BFGSLineSearch:    4[  7] 20:03:14   -40427.380512*       0.1757
BFGSLineSearch:    5[  8] 20:12:20   -40427.384849*       0.2106
BFGSLineSearch:    6[  9] 20:19:39   -40427.389745*       0.1465
BFGSLineSearch:    7[ 10] 20:28:31   -40427.392897*       0.1208
BFGSLineSearch:    8[ 11] 20:35:44   -40427.396461*       0.0790
BFGSLineSearch:    9[ 12] 20:42:47   -40427.399034*       0.0835
BFGSLineSearch:   10[ 13] 20:50:08   -40427.401228*       0.0715
BFGSLineSearch:   11[ 14] 20:56:54   -40427.402639*       0.0690
BFGSLineSearch:   12[ 15] 21:03:48   -40427.403935*       0.0818
BFGSLineSearch:   13[ 16] 21:11:46   -40427.405673*       0.0633
BFGSLineSearch:   14[ 17] 21:20:29   -40427.407479*       0.0830
BFGSLineSearch:   15[ 18] 21:30:00   -40427.409948*       0.0984
BFGSLineSearch:   16[ 19] 21:36:49   -40427.411812*       0.0601
BFGSLineSearch:   17[ 20] 21:44:44   -40427.413810*       0.0996
BFGSLineSearch:   18[ 21] 21:54:28   -40427.414947*       0.0736
BFGSLineSearch:   19[ 22] 22:02:25   -40427.416745*       0.0768
BFGSLineSearch:   20[ 23] 22:11:19   -40427.417436*       0.0405
                Step[ FC]     Time          Energy          fmax
*Force-consistent energies used in optimization.
BFGSLineSearch:    0[  0] 11:24:51   -40427.417429*       0.0410
