***************************************************************************
*                       SPARC (version Dec 27, 2021)                      *
*   Copyright (c) 2020 Material Physics & Mechanics Group, Georgia Tech   *
*           Distributed under GNU General Public License 3 (GPL)          *
*                   Start time: Thu Jan 13 11:05:46 2022                  *
***************************************************************************
                           Input parameters                                
***************************************************************************
CELL: 12.4338823950489 11.2657846029438 47.5378507412217 
LATVEC:
1.000000000000000 0.000000000000000 0.000000000000000 
-0.000130020950961 0.999999991547276 0.000000000000000 
0.000000000000000 -0.000000000000000 1.000000000000000 
FD_GRID: 66 60 252
FD_ORDER: 12
BC: P P D
KPOINT_GRID: 4 4 1
KPOINT_SHIFT: 0 0 0
SPIN_TYP: 1
ELEC_TEMP_TYPE: Gaussian
SMEARING: 0.007349864435
CHEB_DEGREE: 37
NSTATES: 236
EXCHANGE_CORRELATION: HSE
CALC_STRESS: 0
CALC_PRES: 0
CHEFSI_BOUND_FLAG: 0
MAXIT_SCF: 100
MINIT_SCF: 3
MAXIT_POISSON: 3000
TOL_SCF: 1.00E-06
POISSON_SOLVER: AAR
TOL_POISSON: 1.00E-08
TOL_LANCZOS: 1.00E-02
TOL_PSEUDOCHARGE: 1.00E-08
MIXING_VARIABLE: density
MIXING_PRECOND: kerker
MIXING_PRECOND_MAG: none
TOL_PRECOND: 3.54E-05
PRECOND_KERKER_KTF: 1
PRECOND_KERKER_THRESH: 0.1
MIXING_PARAMETER: 0.3
MIXING_PARAMETER_MAG: 0.3
MIXING_HISTORY: 7
PULAY_FREQUENCY: 1
PULAY_RESTART: 0
REFERENCE_CUTOFF: 0.5
RHO_TRIGGER: 4
FIX_RAND: 0
VERBOSITY: 1
PRINT_FORCES: 1
PRINT_ATOMS: 1
PRINT_EIGEN: 1
PRINT_DENSITY: 0
PRINT_ENERGY_DENSITY: 0
TOL_FOCK: 5.00E-05
TOL_SCF_INIT: 1.00E-04
MAXIT_FOCK: 1000
EXX_METHOD: FOURIER_SPACE
EXX_DIVERGENCE: AUXILIARY
ACE_FLAG: 1
EXX_ACE_MEM: 1
EXX_ACE_VALENCE_STATES: 10000
EXX_DOWNSAMPLING: 1 1 1
EXX_RANGE_FOCK: 0.106000
EXX_RANGE_PBE: 0.106000
OUTPUT_FILE: sprc-calc
***************************************************************************
                                Cell                                       
***************************************************************************
Lattice vectors (Bohr):
12.433882395048860 0.000000000000000 0.000000000000000 
-0.001464788027397 11.265784507717260 0.000000000000000 
0.000000000000000 -0.000000000000000 47.537850741221717 
Volume                  :  6.6589804186E+03 (Bohr^3)
***************************************************************************
                           Parallelization                                 
***************************************************************************
NP_SPIN_PARAL: 2
NP_KPOINT_PARAL: 10
NP_BAND_PARAL: 1
NP_DOMAIN_PARAL: 2 1 8
NP_DOMAIN_PHI_PARAL: 4 4 21
EIG_SERIAL_MAXNS: 1500
***************************************************************************
                             Initialization                                
***************************************************************************
Number of processors               :  336
Mesh spacing in x-direction        :  0.188392 (Bohr)
Mesh spacing in y-direction        :  0.187763 (Bohr)
Mesh spacing in z direction        :  0.188642 (Bohr)
Number of symmetry adapted k-points:  10
Output printed to                  :  sprc-calc.out
Final eigenvalues printed to       :  sprc-calc.eigen
Total number of atom types         :  4
Total number of atoms              :  51
Total number of electrons          :  386
Atom type 1  (valence electrons)   :  H 1
Pseudopotential                    :  H.psp8
Pseudocharge radii of atom type 1  :  3.77 3.76 3.77 (x, y, z dir)
Number of atoms of type 1          :  3
Atom type 2  (valence electrons)   :  N 5
Pseudopotential                    :  N.psp8
Pseudocharge radii of atom type 2  :  6.78 6.76 6.79 (x, y, z dir)
Number of atoms of type 2          :  1
Atom type 3  (valence electrons)   :  O 6
Pseudopotential                    :  O.psp8
Pseudocharge radii of atom type 3  :  6.78 6.76 6.79 (x, y, z dir)
Number of atoms of type 3          :  31
Atom type 4  (valence electrons)   :  Ti 12
Pseudopotential                    :  Ti.psp8
Pseudocharge radii of atom type 4  :  6.78 6.76 6.79 (x, y, z dir)
Number of atoms of type 4          :  16
Estimated total memory usage       :  443.61 GB
Estimated memory per processor     :  1.32 GB
========================================================================================
                    Self Consistent Field (SCF#1)                     
========================================================================================
Iteration     Free Energy (Ha/atom)    Magnetization     SCF Error        Timing (sec)
1            -2.8487709711E+01         5.8994E+00        4.385E-01        377.168
2            -3.0059775384E+01        -3.6751E+00        4.441E-01        94.676
3            -2.9251283953E+01         5.6435E+00        3.789E-01        95.502
4            -2.8768319119E+01         5.2970E+00        3.158E-01        95.700
5            -2.8837132822E+01         5.1015E+00        2.829E-01        95.002
6            -2.8853948874E+01         2.4789E+00        2.061E-01        94.627
7            -2.8949779932E+01         2.7380E+00        2.149E-01        95.729
8            -2.8930130937E+01         1.2994E+00        1.525E-01        95.196
9            -2.8932867114E+01        -4.3164E-01        1.579E-01        94.690
10           -2.8909452400E+01         7.9181E-01        1.194E-01        94.430
11           -2.8897938261E+01         1.2267E+00        1.097E-01        94.758
12           -2.8862383013E+01         2.1915E+00        9.137E-02        94.831
13           -2.8826800034E+01         1.0991E+00        8.374E-02        94.734
14           -2.8807477481E+01         1.0168E+00        6.688E-02        94.959
15           -2.8786127305E+01         7.3506E-01        6.124E-02        94.789
16           -2.8754843555E+01         6.3419E-01        5.028E-02        95.122
17           -2.8724668164E+01         6.2037E-01        3.896E-02        95.077
18           -2.8698811040E+01         8.6859E-01        3.176E-02        94.842
19           -2.8675585301E+01         6.3722E-01        2.468E-02        95.122
20           -2.8647539971E+01         6.2782E-02        2.244E-02        95.165
21           -2.8647305143E+01         1.0148E-01        9.198E-02        95.165
22           -2.8648918731E+01         4.9912E-02        9.686E-02        95.147
23           -2.8648341562E+01         9.8608E-02        9.932E-02        95.043
24           -2.8647581685E+01         1.3364E-01        9.667E-02        94.844
25           -2.8645094905E+01         2.2624E-01        9.016E-02        94.997
26           -2.8639793568E+01        -4.5475E-02        2.047E-02        94.906
27           -2.8641519013E+01         6.2641E-02        1.696E-02        94.959
28           -2.8632711074E+01         1.3936E-01        1.334E-02        94.834
29           -2.8628055290E+01         2.0940E-01        1.254E-02        94.938
30           -2.8621718403E+01        -6.0940E-02        1.144E-02        95.355
31           -2.8611593947E+01         1.5415E-01        1.310E-02        94.854
32           -2.8607571283E+01         1.7398E-02        1.043E-02        94.931
33           -2.8602616634E+01         3.3832E-02        8.431E-03        94.836
34           -2.8592108581E+01        -2.7817E-01        7.975E-03        95.196
35           -2.8587677621E+01        -2.5779E-01        5.545E-03        95.348
36           -2.8582660925E+01        -1.0107E-01        8.461E-03        95.843
37           -2.8581305609E+01        -1.8138E-01        6.076E-03        95.373
38           -2.8577789035E+01        -2.2226E-01        6.365E-03        95.306
39           -2.8576294460E+01        -2.8180E-01        4.417E-03        95.428
40           -2.8574521274E+01        -3.1517E-01        6.031E-03        94.859
41           -2.8574904691E+01        -2.3387E-01        9.460E-03        94.763
42           -2.8574383362E+01        -3.6375E-01        4.827E-03        95.085
43           -2.8573661685E+01        -4.7420E-01        3.368E-03        95.041
44           -2.8573813657E+01        -4.4381E-01        7.056E-03        95.075
45           -2.8573828310E+01        -4.4030E-01        5.672E-03        94.987
46           -2.8573663927E+01        -4.3466E-01        3.412E-03        94.835
47           -2.8573018961E+01        -4.6401E-01        1.740E-03        94.855
48           -2.8572640985E+01        -5.0482E-01        1.854E-03        94.895
49           -2.8572292126E+01        -5.3574E-01        1.092E-03        95.533
50           -2.8572080131E+01        -5.6324E-01        9.380E-04        94.792
51           -2.8571827899E+01        -5.8828E-01        1.987E-03        95.690
52           -2.8571698367E+01        -6.2684E-01        1.004E-03        95.917
53           -2.8571636051E+01        -6.6505E-01        1.008E-03        96.008
54           -2.8571629360E+01        -6.9989E-01        8.438E-04        95.542
55           -2.8571579963E+01        -7.2792E-01        6.085E-04        94.648
56           -2.8571581891E+01        -7.8254E-01        7.021E-04        94.891
57           -2.8571523377E+01        -8.6391E-01        5.269E-04        94.995
58           -2.8571509146E+01        -9.0786E-01        3.303E-04        94.783
59           -2.8571502634E+01        -9.2654E-01        3.235E-04        95.730
60           -2.8571511151E+01        -9.7669E-01        6.175E-04        95.760
61           -2.8571578981E+01        -1.0145E+00        2.196E-03        95.594
62           -2.8571514086E+01        -1.0420E+00        2.219E-04        95.752
63           -2.8571487377E+01        -1.0897E+00        4.643E-04        94.894
64           -2.8571494896E+01        -1.1294E+00        5.954E-04        94.677
65           -2.8571479098E+01        -1.1483E+00        1.879E-04        95.076
66           -2.8571471827E+01        -1.1324E+00        2.987E-04        95.273
67           -2.8571460357E+01        -1.1690E+00        2.105E-04        94.964
68           -2.8571452494E+01        -1.1850E+00        8.138E-05        94.775
Total number of SCF: 68    

k = [-0.250, -0.250, 0.000]
Occupation of state 212 = 0.000000000222404.
Occupation of state 236 = 0.000000000000000.

No.1 Exx outer loop: 
1            -2.8371475164E+01        -1.8105E+00        1.523E-02        128.704
2            -2.8364225075E+01        -1.5275E+00        1.451E-02        124.574
3            -2.8365094346E+01        -1.9048E+00        1.190E-02        140.190
4            -2.8368166512E+01        -8.4677E-01        1.539E-02        124.642
5            -2.8372790075E+01        -1.8246E+00        2.039E-02        124.615
6            -2.8374111081E+01        -1.6725E+00        1.489E-02        125.044
7            -2.8372327880E+01        -1.4430E+00        1.163E-02        124.517
8            -2.8374568920E+01        -1.6100E+00        1.180E-02        124.853
9            -2.8370631054E+01        -1.6080E+00        1.011E-02        125.094
10           -2.8371014429E+01        -1.7977E+00        4.994E-03        124.642
11           -2.8372210293E+01        -1.8959E+00        5.413E-03        124.556
12           -2.8373306906E+01        -1.6606E+00        7.947E-03        124.941
13           -2.8373338636E+01        -1.8124E+00        1.581E-03        124.832
14           -2.8373371362E+01        -1.7923E+00        1.735E-03        124.429
15           -2.8373287886E+01        -1.8672E+00        2.229E-03        124.591
16           -2.8373225181E+01        -1.8361E+00        1.213E-03        124.751
17           -2.8373253315E+01        -1.8360E+00        1.008E-03        124.758
18           -2.8373195870E+01        -1.8734E+00        2.153E-03        124.627
19           -2.8373179710E+01        -1.8581E+00        1.051E-03        124.744
20           -2.8373163400E+01        -1.8513E+00        5.309E-04        127.713
21           -2.8373098180E+01        -1.8592E+00        3.859E-04        125.480
22           -2.8373065190E+01        -1.8597E+00        2.219E-04        124.578
23           -2.8373033598E+01        -1.8594E+00        1.470E-04        124.616
24           -2.8372984522E+01        -1.8588E+00        2.188E-04        126.351
25           -2.8373004215E+01        -1.8589E+00        3.332E-04        124.556
26           -2.8372982084E+01        -1.8599E+00        9.372E-05        124.812
27           -2.8372967929E+01        -1.8601E+00        9.165E-05        126.189
28           -2.8372962289E+01        -1.8603E+00        6.381E-05        125.023
29           -2.8372943292E+01        -1.8602E+00        6.325E-05        125.066
30           -2.8372941254E+01        -1.8601E+00        4.470E-05        124.702
31           -2.8372935912E+01        -1.8601E+00        4.637E-05        124.765
32           -2.8372923079E+01        -1.8600E+00        1.352E-05        124.564
33           -2.8372922379E+01        -1.8600E+00        1.069E-05        124.537
34           -2.8372923500E+01        -1.8601E+00        9.414E-06        124.554
35           -2.8372918181E+01        -1.8599E+00        2.135E-05        124.538
36           -2.8372918939E+01        -1.8601E+00        1.029E-05        124.377
37           -2.8372916544E+01        -1.8600E+00        9.193E-06        125.341
38           -2.8372916636E+01        -1.8601E+00        2.873E-06        127.196
39           -2.8372916299E+01        -1.8600E+00        3.074E-06        124.324
40           -2.8372916261E+01        -1.8600E+00        1.178E-06        124.342
41           -2.8372916432E+01        -1.8601E+00        2.047E-06        125.263
42           -2.8372916228E+01        -1.8600E+00        1.288E-06        124.337
43           -2.8372916317E+01        -1.8601E+00        1.049E-06        124.220
44           -2.8372916295E+01        -1.8600E+00        2.145E-06        124.223
45           -2.8372916541E+01        -1.8600E+00        2.563E-06        124.274
46           -2.8372916776E+01        -1.8600E+00        6.600E-07        124.439
Total number of SCF: 46    

k = [-0.250, -0.250, 0.000]
Occupation of state 212 = 0.000000000000000.
Occupation of state 236 = 0.000000000000000.
Exx outer loop error: 6.4383467644e-01 

No.2 Exx outer loop: 
1            -2.8373308485E+01        -1.9867E+00        4.084E-03        128.779
2            -2.8372802345E+01        -1.9435E+00        2.548E-03        126.307
3            -2.8372959273E+01        -1.9611E+00        3.809E-03        125.954
4            -2.8373611651E+01        -1.8889E+00        7.492E-03        125.045
5            -2.8373643110E+01        -1.9192E+00        6.291E-03        125.068
6            -2.8373510494E+01        -1.9658E+00        2.762E-03        124.992
7            -2.8373709203E+01        -1.9568E+00        1.344E-03        124.931
8            -2.8373702353E+01        -1.9622E+00        1.246E-03        124.917
9            -2.8373653566E+01        -1.9635E+00        7.962E-04        125.842
10           -2.8373548955E+01        -1.9644E+00        4.852E-04        126.207
11           -2.8373440166E+01        -1.9650E+00        2.241E-04        126.317
12           -2.8373369393E+01        -1.9650E+00        1.128E-04        126.269
13           -2.8373303703E+01        -1.9650E+00        5.376E-05        125.350
14           -2.8373265272E+01        -1.9650E+00        4.548E-05        125.261
15           -2.8373250022E+01        -1.9650E+00        3.162E-05        124.997
16           -2.8373257797E+01        -1.9650E+00        2.181E-05        125.362
17           -2.8373251340E+01        -1.9647E+00        6.577E-05        125.089
18           -2.8373251834E+01        -1.9647E+00        5.380E-05        125.707
19           -2.8373260473E+01        -1.9649E+00        6.878E-05        125.388
20           -2.8373252125E+01        -1.9650E+00        1.517E-05        125.315
21           -2.8373250292E+01        -1.9651E+00        1.702E-05        126.080
22           -2.8373246366E+01        -1.9651E+00        2.438E-05        126.355
23           -2.8373244752E+01        -1.9651E+00        1.031E-05        125.193
24           -2.8373244474E+01        -1.9651E+00        1.098E-05        125.108
25           -2.8373244658E+01        -1.9651E+00        8.594E-06        125.568
26           -2.8373244789E+01        -1.9651E+00        6.175E-06        125.368
27           -2.8373245413E+01        -1.9651E+00        5.860E-06        125.546
28           -2.8373245569E+01        -1.9651E+00        2.336E-06        128.208
29           -2.8373245346E+01        -1.9651E+00        5.881E-06        126.133
30           -2.8373244593E+01        -1.9651E+00        3.685E-06        125.294
31           -2.8373244247E+01        -1.9651E+00        3.127E-06        125.513
32           -2.8373243922E+01        -1.9651E+00        1.402E-06        125.711
33           -2.8373244192E+01        -1.9651E+00        4.186E-06        125.158
34           -2.8373244267E+01        -1.9651E+00        4.242E-06        125.137
35           -2.8373244281E+01        -1.9651E+00        4.267E-06        125.124
36           -2.8373244187E+01        -1.9651E+00        4.750E-06        125.307
37           -2.8373244326E+01        -1.9651E+00        9.292E-06        125.179
38           -2.8373244356E+01        -1.9651E+00        9.128E-06        125.225
39           -2.8373244308E+01        -1.9651E+00        1.012E-05        126.146
40           -2.8373244242E+01        -1.9651E+00        3.962E-06        124.999
41           -2.8373244113E+01        -1.9651E+00        3.345E-06        125.343
42           -2.8373244133E+01        -1.9651E+00        2.028E-06        127.592
43           -2.8373244127E+01        -1.9651E+00        2.330E-07        126.394
Total number of SCF: 43    

k = [-0.250, -0.250, 0.000]
Occupation of state 212 = 0.000000000000000.
Occupation of state 236 = 0.000000000000000.
Exx outer loop error: 1.6533868751e-02 

No.3 Exx outer loop: 
1            -2.8373313035E+01        -1.9896E+00        1.932E-03        130.008
2            -2.8373273574E+01        -1.9785E+00        8.530E-04        125.673
3            -2.8373328284E+01        -1.9738E+00        3.220E-03        125.242
4            -2.8373426688E+01        -1.9803E+00        4.433E-04        125.363
5            -2.8373416712E+01        -1.9813E+00        6.665E-04        126.094
6            -2.8373382232E+01        -1.9815E+00        6.620E-04        125.312
7            -2.8373350914E+01        -1.9810E+00        2.173E-04        125.886
8            -2.8373343498E+01        -1.9812E+00        3.627E-04        125.125
9            -2.8373343075E+01        -1.9810E+00        2.478E-04        125.218
10           -2.8373322876E+01        -1.9811E+00        1.658E-04        125.244
11           -2.8373313474E+01        -1.9811E+00        1.246E-04        126.319
12           -2.8373307124E+01        -1.9812E+00        1.027E-04        125.208
13           -2.8373295611E+01        -1.9812E+00        5.920E-05        124.894
14           -2.8373293152E+01        -1.9813E+00        2.978E-05        125.019
15           -2.8373294117E+01        -1.9813E+00        2.890E-05        125.304
16           -2.8373289710E+01        -1.9813E+00        1.317E-05        125.052
17           -2.8373285916E+01        -1.9813E+00        2.128E-05        125.209
18           -2.8373282654E+01        -1.9812E+00        3.614E-05        125.027
19           -2.8373282670E+01        -1.9812E+00        3.732E-05        124.947
20           -2.8373281457E+01        -1.9813E+00        2.037E-05        125.082
21           -2.8373278647E+01        -1.9813E+00        2.467E-05        126.270
22           -2.8373279889E+01        -1.9813E+00        1.520E-05        126.450
23           -2.8373278503E+01        -1.9813E+00        5.609E-06        125.038
24           -2.8373277656E+01        -1.9813E+00        2.933E-06        125.608
25           -2.8373276136E+01        -1.9813E+00        2.505E-06        125.533
26           -2.8373275885E+01        -1.9813E+00        1.573E-06        125.105
27           -2.8373275603E+01        -1.9813E+00        7.691E-06        125.039
28           -2.8373275286E+01        -1.9813E+00        3.522E-06        124.975
29           -2.8373275043E+01        -1.9813E+00        1.783E-06        125.038
30           -2.8373274822E+01        -1.9813E+00        1.812E-06        124.784
31           -2.8373274855E+01        -1.9813E+00        2.144E-06        125.359
32           -2.8373275068E+01        -1.9813E+00        3.584E-06        124.780
33           -2.8373275061E+01        -1.9813E+00        2.622E-06        124.860
34           -2.8373275105E+01        -1.9813E+00        1.929E-06        124.983
35           -2.8373275141E+01        -1.9813E+00        1.574E-06        124.708
36           -2.8373275168E+01        -1.9813E+00        1.282E-06        125.804
37           -2.8373275321E+01        -1.9813E+00        1.610E-06        124.835
38           -2.8373275210E+01        -1.9813E+00        2.440E-06        124.803
39           -2.8373275168E+01        -1.9813E+00        2.438E-06        124.795
40           -2.8373275134E+01        -1.9813E+00        3.183E-06        125.031
41           -2.8373275096E+01        -1.9813E+00        2.544E-06        124.729
42           -2.8373275018E+01        -1.9813E+00        1.633E-06        125.054
43           -2.8373275166E+01        -1.9813E+00        2.135E-06        124.840
44           -2.8373275202E+01        -1.9813E+00        1.480E-06        125.923
45           -2.8373275322E+01        -1.9813E+00        3.491E-06        125.843
46           -2.8373275263E+01        -1.9813E+00        3.857E-06        126.023
47           -2.8373275431E+01        -1.9813E+00        3.433E-06        124.847
48           -2.8373275405E+01        -1.9813E+00        3.295E-06        124.928
49           -2.8373275355E+01        -1.9813E+00        3.039E-06        124.989
50           -2.8373275261E+01        -1.9813E+00        4.341E-06        125.200
51           -2.8373275364E+01        -1.9813E+00        5.006E-06        125.586
52           -2.8373275460E+01        -1.9813E+00        4.820E-06        125.109
53           -2.8373275594E+01        -1.9813E+00        8.179E-06        125.019
54           -2.8373275242E+01        -1.9813E+00        1.264E-06        125.166
55           -2.8373275361E+01        -1.9813E+00        5.344E-06        124.799
56           -2.8373275237E+01        -1.9813E+00        4.797E-06        124.904
57           -2.8373275163E+01        -1.9813E+00        5.614E-06        124.701
58           -2.8373275168E+01        -1.9813E+00        5.476E-06        124.774
59           -2.8373274990E+01        -1.9813E+00        8.495E-06        125.497
60           -2.8373275318E+01        -1.9813E+00        8.430E-06        125.338
61           -2.8373275296E+01        -1.9813E+00        8.620E-06        125.269
62           -2.8373275568E+01        -1.9813E+00        8.583E-06        125.077
63           -2.8373275297E+01        -1.9813E+00        8.753E-06        124.810
64           -2.8373275267E+01        -1.9813E+00        7.814E-06        124.833
65           -2.8373275057E+01        -1.9813E+00        4.488E-06        124.812
66           -2.8373275222E+01        -1.9813E+00        2.050E-06        125.221
67           -2.8373275207E+01        -1.9813E+00        2.134E-07        124.815
Total number of SCF: 67    

k = [-0.250, -0.250, 0.000]
Occupation of state 212 = 0.000000000000000.
Occupation of state 236 = 0.000000000000000.
Exx outer loop error: 3.5117640319e-03 

No.4 Exx outer loop: 
1            -2.8373298946E+01        -1.9885E+00        1.199E-03        128.725
2            -2.8373294363E+01        -1.9822E+00        4.781E-04        125.790
3            -2.8373305530E+01        -1.9853E+00        8.845E-04        125.547
4            -2.8373363623E+01        -1.9803E+00        9.430E-04        125.290
5            -2.8373358787E+01        -1.9786E+00        7.218E-04        126.221
6            -2.8373388652E+01        -1.9802E+00        1.542E-03        127.127
7            -2.8373370497E+01        -1.9836E+00        2.923E-04        125.061
8            -2.8373341705E+01        -1.9830E+00        4.137E-04        125.329
9            -2.8373316300E+01        -1.9828E+00        5.077E-05        125.399
10           -2.8373310640E+01        -1.9828E+00        4.827E-05        125.296
11           -2.8373304188E+01        -1.9828E+00        2.596E-05        125.178
12           -2.8373297658E+01        -1.9828E+00        3.088E-05        125.298
13           -2.8373291839E+01        -1.9828E+00        7.611E-06        124.967
14           -2.8373287745E+01        -1.9828E+00        7.826E-06        125.564
15           -2.8373285417E+01        -1.9828E+00        4.600E-06        125.285
16           -2.8373284752E+01        -1.9828E+00        4.369E-06        125.424
17           -2.8373284836E+01        -1.9828E+00        3.830E-06        125.759
18           -2.8373285512E+01        -1.9828E+00        1.898E-06        125.354
19           -2.8373285921E+01        -1.9828E+00        3.444E-06        125.263
20           -2.8373285634E+01        -1.9828E+00        2.367E-06        125.488
21           -2.8373284816E+01        -1.9828E+00        2.321E-06        125.990
22           -2.8373284691E+01        -1.9828E+00        9.329E-07        124.846
Total number of SCF: 22    

k = [-0.250, -0.250, 0.000]
Occupation of state 212 = 0.000000000000000.
Occupation of state 236 = 0.000000000000000.
Exx outer loop error: 2.1681940571e-03 

No.5 Exx outer loop: 
1            -2.8373296509E+01        -1.9858E+00        8.419E-04        129.098
2            -2.8373291598E+01        -1.9812E+00        3.031E-04        125.238
3            -2.8373583023E+01        -1.9742E+00        5.397E-03        125.231
4            -2.8373497143E+01        -1.9782E+00        2.530E-03        125.361
5            -2.8373392866E+01        -1.9811E+00        1.257E-03        125.333
6            -2.8373289354E+01        -1.9809E+00        2.919E-04        125.184
7            -2.8373306312E+01        -1.9813E+00        9.461E-05        125.904
8            -2.8373304332E+01        -1.9814E+00        5.418E-05        125.590
9            -2.8373303121E+01        -1.9813E+00        4.648E-05        125.289
10           -2.8373304304E+01        -1.9812E+00        4.789E-05        125.301
11           -2.8373305170E+01        -1.9812E+00        5.361E-05        125.151
12           -2.8373305923E+01        -1.9812E+00        5.449E-05        125.753
13           -2.8373306400E+01        -1.9812E+00        5.377E-05        125.207
14           -2.8373308899E+01        -1.9811E+00        4.099E-05        124.997
15           -2.8373309951E+01        -1.9812E+00        4.467E-05        125.194
16           -2.8373305521E+01        -1.9812E+00        6.630E-05        125.383
17           -2.8373308428E+01        -1.9813E+00        2.884E-05        124.983
18           -2.8373308393E+01        -1.9812E+00        3.231E-05        125.202
19           -2.8373309317E+01        -1.9812E+00        3.032E-05        126.080
20           -2.8373309273E+01        -1.9812E+00        2.999E-05        126.031
21           -2.8373307866E+01        -1.9812E+00        3.940E-05        126.216
22           -2.8373308697E+01        -1.9812E+00        3.251E-05        125.036
23           -2.8373307134E+01        -1.9812E+00        2.610E-05        126.582
24           -2.8373299837E+01        -1.9812E+00        1.572E-05        126.184
25           -2.8373301350E+01        -1.9813E+00        1.856E-05        126.199
26           -2.8373296635E+01        -1.9813E+00        8.042E-06        126.201
27           -2.8373292276E+01        -1.9813E+00        4.461E-05        126.175
28           -2.8373292406E+01        -1.9813E+00        1.152E-05        125.649
29           -2.8373291657E+01        -1.9813E+00        2.142E-05        125.118
30           -2.8373290951E+01        -1.9813E+00        9.866E-06        125.249
31           -2.8373290618E+01        -1.9813E+00        1.468E-05        125.052
32           -2.8373290189E+01        -1.9813E+00        7.432E-06        125.697
33           -2.8373289586E+01        -1.9813E+00        2.797E-06        125.251
34           -2.8373288846E+01        -1.9813E+00        7.684E-06        127.347
35           -2.8373288148E+01        -1.9813E+00        4.781E-06        125.600
36           -2.8373288252E+01        -1.9813E+00        1.853E-06        125.079
37           -2.8373288239E+01        -1.9813E+00        5.007E-06        125.044
38           -2.8373288286E+01        -1.9813E+00        2.680E-06        125.235
39           -2.8373288214E+01        -1.9813E+00        2.474E-06        125.154
40           -2.8373288148E+01        -1.9813E+00        9.818E-07        125.802
Total number of SCF: 40    

k = [-0.250, -0.250, 0.000]
Occupation of state 212 = 0.000000000000000.
Occupation of state 236 = 0.000000000000000.
Exx outer loop error: 9.2069716474e-04 

No.6 Exx outer loop: 
1            -2.8373295385E+01        -1.9827E+00        6.593E-04        132.866
2            -2.8373290833E+01        -1.9792E+00        2.970E-04        124.960
3            -2.8373334588E+01        -1.9760E+00        5.704E-04        125.423
4            -2.8373375496E+01        -1.9749E+00        5.801E-04        125.309
5            -2.8373533912E+01        -1.9668E+00        4.657E-03        125.504
6            -2.8373477706E+01        -1.9713E+00        4.600E-03        125.065
7            -2.8373321045E+01        -1.9767E+00        7.136E-04        124.982
8            -2.8373260057E+01        -1.9790E+00        1.985E-04        126.090
9            -2.8373261763E+01        -1.9791E+00        1.248E-04        125.305
10           -2.8373262387E+01        -1.9790E+00        6.033E-05        124.907
11           -2.8373261623E+01        -1.9790E+00        4.724E-05        124.961
12           -2.8373270339E+01        -1.9788E+00        6.777E-05        125.068
13           -2.8373270460E+01        -1.9790E+00        3.960E-05        125.000
14           -2.8373276090E+01        -1.9790E+00        6.440E-05        125.007
15           -2.8373281308E+01        -1.9790E+00        8.151E-05        125.703
16           -2.8373282935E+01        -1.9786E+00        8.047E-05        127.354
17           -2.8373279530E+01        -1.9788E+00        1.402E-04        126.052
18           -2.8373292030E+01        -1.9790E+00        1.605E-04        125.916
19           -2.8373291437E+01        -1.9790E+00        8.678E-05        124.946
20           -2.8373294319E+01        -1.9790E+00        6.231E-05        124.891
21           -2.8373292841E+01        -1.9790E+00        1.208E-05        125.204
22           -2.8373291958E+01        -1.9790E+00        1.008E-05        124.819
23           -2.8373291468E+01        -1.9789E+00        1.858E-06        125.007
24           -2.8373291055E+01        -1.9790E+00        2.437E-06        125.147
25           -2.8373290658E+01        -1.9789E+00        2.223E-06        124.609
26           -2.8373290500E+01        -1.9790E+00        3.233E-06        125.195
27           -2.8373290375E+01        -1.9790E+00        1.984E-06        125.063
28           -2.8373290269E+01        -1.9789E+00        1.906E-06        124.851
29           -2.8373290166E+01        -1.9789E+00        3.052E-06        124.973
30           -2.8373290065E+01        -1.9790E+00        2.521E-06        124.918
31           -2.8373290052E+01        -1.9789E+00        2.518E-06        124.651
32           -2.8373290151E+01        -1.9790E+00        5.165E-07        124.654
Total number of SCF: 32    

k = [-0.250, -0.250, 0.000]
Occupation of state 212 = 0.000000000000000.
Occupation of state 236 = 0.000000000000000.
Exx outer loop error: 8.4663426347e-04 

No.7 Exx outer loop: 
1            -2.8373295293E+01        -1.9797E+00        5.469E-04        128.694
2            -2.8373290740E+01        -1.9769E+00        2.605E-04        125.056
3            -2.8373312166E+01        -1.9771E+00        1.318E-04        125.131
4            -2.8373301002E+01        -1.9765E+00        1.588E-04        124.777
5            -2.8373302732E+01        -1.9766E+00        8.796E-05        125.199
6            -2.8373306868E+01        -1.9764E+00        7.204E-05        126.655
7            -2.8373305966E+01        -1.9764E+00        2.521E-05        124.774
8            -2.8373299347E+01        -1.9765E+00        3.618E-05        124.883
9            -2.8373296881E+01        -1.9765E+00        1.522E-05        125.536
10           -2.8373294934E+01        -1.9765E+00        3.950E-06        124.833
11           -2.8373294248E+01        -1.9765E+00        4.545E-06        125.007
12           -2.8373293088E+01        -1.9765E+00        2.722E-06        125.244
13           -2.8373292572E+01        -1.9765E+00        5.357E-06        124.920
14           -2.8373292410E+01        -1.9765E+00        1.048E-06        124.953
15           -2.8373292106E+01        -1.9765E+00        3.410E-06        125.029
16           -2.8373291862E+01        -1.9765E+00        2.798E-06        124.833
17           -2.8373291625E+01        -1.9765E+00        1.120E-06        124.762
18           -2.8373291596E+01        -1.9765E+00        8.761E-07        124.953
Total number of SCF: 18    

k = [-0.250, -0.250, 0.000]
Occupation of state 212 = 0.000000000000000.
Occupation of state 236 = 0.000000000000000.
Exx outer loop error: 5.8943609192e-04 

No.8 Exx outer loop: 
1            -2.8373295960E+01        -1.9768E+00        5.230E-04        128.815
2            -2.8373291962E+01        -1.9747E+00        3.723E-04        125.130
3            -2.8373377621E+01        -1.9726E+00        7.738E-04        125.158
4            -2.8373380364E+01        -1.9730E+00        6.780E-04        125.055
5            -2.8373381197E+01        -1.9737E+00        1.720E-04        125.130
6            -2.8373324810E+01        -1.9746E+00        3.268E-04        126.367
7            -2.8373314615E+01        -1.9742E+00        7.224E-05        125.976
8            -2.8373307088E+01        -1.9741E+00        1.849E-05        126.033
9            -2.8373302266E+01        -1.9741E+00        1.192E-05        125.976
10           -2.8373299580E+01        -1.9741E+00        8.433E-06        126.961
11           -2.8373296668E+01        -1.9741E+00        1.106E-05        125.090
12           -2.8373294016E+01        -1.9741E+00        7.864E-06        125.096
13           -2.8373293520E+01        -1.9741E+00        6.108E-06        124.770
14           -2.8373293713E+01        -1.9741E+00        2.914E-06        125.155
15           -2.8373293613E+01        -1.9741E+00        1.676E-06        124.800
16           -2.8373293459E+01        -1.9741E+00        1.259E-06        124.756
17           -2.8373293459E+01        -1.9741E+00        1.593E-06        124.995
18           -2.8373293364E+01        -1.9741E+00        1.245E-06        124.830
19           -2.8373293051E+01        -1.9741E+00        8.485E-07        124.461
Total number of SCF: 19    

k = [-0.250, -0.250, 0.000]
Occupation of state 212 = 0.000000000000000.
Occupation of state 236 = 0.000000000000000.
Exx outer loop error: 7.9120269632e-04 

No.9 Exx outer loop: 
1            -2.8373297061E+01        -1.9743E+00        4.795E-04        128.907
2            -2.8373293015E+01        -1.9726E+00        3.038E-04        125.410
3            -2.8373364082E+01        -1.9713E+00        1.141E-04        125.193
4            -2.8373345657E+01        -1.9721E+00        6.093E-05        125.546
5            -2.8373336642E+01        -1.9722E+00        6.576E-05        124.946
6            -2.8373319171E+01        -1.9720E+00        2.246E-05        125.099
7            -2.8373310269E+01        -1.9719E+00        2.301E-05        125.158
8            -2.8373305975E+01        -1.9720E+00        2.203E-05        125.014
9            -2.8373303162E+01        -1.9720E+00        1.205E-05        125.345
10           -2.8373298524E+01        -1.9720E+00        6.914E-06        125.364
11           -2.8373293113E+01        -1.9720E+00        5.368E-06        125.054
12           -2.8373294018E+01        -1.9720E+00        4.039E-06        124.760
13           -2.8373294238E+01        -1.9720E+00        4.232E-06        125.540
14           -2.8373293645E+01        -1.9719E+00        3.006E-06        124.753
15           -2.8373293742E+01        -1.9719E+00        2.803E-06        125.739
16           -2.8373293463E+01        -1.9720E+00        1.821E-06        125.226
17           -2.8373293206E+01        -1.9720E+00        1.870E-06        125.001
18           -2.8373293223E+01        -1.9720E+00        2.093E-06        124.621
19           -2.8373293292E+01        -1.9720E+00        1.569E-06        124.663
20           -2.8373293379E+01        -1.9720E+00        9.931E-07        124.570
Total number of SCF: 20    

k = [-0.250, -0.250, 0.000]
Occupation of state 212 = 0.000000000000000.
Occupation of state 236 = 0.000000000000000.
Exx outer loop error: 1.2850593082e-05 
====================================================================
                    Energy and force calculation                    
====================================================================
Free energy per atom               : -2.8373291406E+01 (Ha/atom)
Total free energy                  : -1.4470378617E+03 (Ha)
Band structure energy              : -3.6255211406E+02 (Ha)
Exchange correlation energy        : -2.5632844472E+02 (Ha)
Self and correction energy         : -1.9061705911E+03 (Ha)
Entropy*kb*T                       : -4.6432150023E-03 (Ha)
Fermi level                        : -1.4982469027E-01 (Ha)
RMS force                          :  2.0396613670E-02 (Ha/Bohr)
Maximum force                      :  1.0591330249E-01 (Ha/Bohr)
Time for force calculation         :  1.653 (sec)
***************************************************************************
                               Timing info                                 
***************************************************************************
Total walltime                     :  101786.775 sec
___________________________________________________________________________

***************************************************************************
*             Material Physics & Mechanics Group, Georgia Tech            *
*                       PI: Phanish Suryanarayana                         *
*                Main Developers: Qimen Xu, Abhiraj Sharma                *
*     Collaborators: J.E. Pask (LLNL), A.J. Medford (GT), E. Chow (GT)    *
*  Acknowledgements: U.S. DOE (DE-SC0019410); U.S. NSF (1333500,1553212)  *
***************************************************************************
                                                                           

***************************************************************************
*                       SPARC (version May 02, 2022)                      *
*   Copyright (c) 2020 Material Physics & Mechanics Group, Georgia Tech   *
*           Distributed under GNU General Public License 3 (GPL)          *
*                   Start time: Mon Jun 13 08:31:43 2022                  *
***************************************************************************
                           Input parameters                                
***************************************************************************
CELL: 12.4338823950489 11.2657846029438 47.5378507412217 
LATVEC:
1.000000000000000 0.000000000000000 0.000000000000000 
-0.000130020950961 0.999999991547276 0.000000000000000 
0.000000000000000 -0.000000000000000 1.000000000000000 
FD_GRID: 66 60 252
FD_ORDER: 12
BC: P P D
KPOINT_GRID: 4 4 1
KPOINT_SHIFT: 0 0 0
SPIN_TYP: 1
ELEC_TEMP_TYPE: Gaussian
SMEARING: 0.007349864435
CHEB_DEGREE: 37
NSTATES: 236
EXCHANGE_CORRELATION: HSE
EXX_RANGE_FOCK: 0.106000
EXX_RANGE_PBE: 0.106000
CALC_STRESS: 0
CALC_PRES: 0
CHEFSI_BOUND_FLAG: 0
MAXIT_SCF: 100
MINIT_SCF: 3
MAXIT_POISSON: 3000
TOL_SCF: 1.00E-06
POISSON_SOLVER: AAR
TOL_POISSON: 1.00E-08
TOL_LANCZOS: 1.00E-02
TOL_PSEUDOCHARGE: 1.00E-08
MIXING_VARIABLE: density
MIXING_PRECOND: kerker
MIXING_PRECOND_MAG: none
TOL_PRECOND: 3.54E-05
PRECOND_KERKER_KTF: 1
PRECOND_KERKER_THRESH: 0.1
MIXING_PARAMETER: 0.3
MIXING_PARAMETER_MAG: 0.3
MIXING_HISTORY: 7
PULAY_FREQUENCY: 1
PULAY_RESTART: 0
REFERENCE_CUTOFF: 0.5
RHO_TRIGGER: 4
FIX_RAND: 0
VERBOSITY: 1
PRINT_FORCES: 1
PRINT_ATOMS: 1
PRINT_EIGEN: 1
PRINT_DENSITY: 0
PRINT_ENERGY_DENSITY: 0
TOL_FOCK: 5.00E-05
TOL_SCF_INIT: 1.00E-03
MAXIT_FOCK: 20
EXX_METHOD: FOURIER_SPACE
EXX_DIVERGENCE: AUXILIARY
EXX_MEM: 1
ACE_FLAG: 1
EXX_ACE_VALENCE_STATES: 10000
EXX_DOWNSAMPLING: 1 1 1
OUTPUT_FILE: sprc-calc
***************************************************************************
                                Cell                                       
***************************************************************************
Lattice vectors (Bohr):
12.433882395048860 0.000000000000000 0.000000000000000 
-0.001464788027397 11.265784507717260 0.000000000000000 
0.000000000000000 -0.000000000000000 47.537850741221717 
Volume                  :  6.6589804186E+03 (Bohr^3)
***************************************************************************
                           Parallelization                                 
***************************************************************************
NP_SPIN_PARAL: 2
NP_KPOINT_PARAL: 10
NP_BAND_PARAL: 1
NP_DOMAIN_PARAL: 2 1 8
NP_DOMAIN_PHI_PARAL: 4 4 21
EIG_SERIAL_MAXNS: 1500
***************************************************************************
                             Initialization                                
***************************************************************************
Number of processors               :  336
Mesh spacing in x-direction        :  0.188392 (Bohr)
Mesh spacing in y-direction        :  0.187763 (Bohr)
Mesh spacing in z direction        :  0.188642 (Bohr)
Number of symmetry adapted k-points:  10
Output printed to                  :  sprc-calc.out_01
Final eigenvalues printed to       :  sprc-calc.eigen_01
Total number of atom types         :  4
Total number of atoms              :  51
Total number of electrons          :  386
Atom type 1  (valence electrons)   :  H 1
Pseudopotential                    :  H.psp8
Pseudocharge radii of atom type 1  :  3.77 3.76 3.77 (x, y, z dir)
Number of atoms of type 1          :  3
Atom type 2  (valence electrons)   :  N 5
Pseudopotential                    :  N.psp8
Pseudocharge radii of atom type 2  :  6.78 6.76 6.79 (x, y, z dir)
Number of atoms of type 2          :  1
Atom type 3  (valence electrons)   :  O 6
Pseudopotential                    :  O.psp8
Pseudocharge radii of atom type 3  :  6.78 6.76 6.79 (x, y, z dir)
Number of atoms of type 3          :  31
Atom type 4  (valence electrons)   :  Ti 12
Pseudopotential                    :  Ti.psp8
Pseudocharge radii of atom type 4  :  6.78 6.76 6.79 (x, y, z dir)
Number of atoms of type 4          :  16
Estimated total memory usage       :  443.61 GB
Estimated memory per processor     :  1.32 GB
========================================================================================
                    Self Consistent Field (SCF#1)                     
========================================================================================
Iteration     Free Energy (Ha/atom)    Magnetization     SCF Error        Timing (sec)

***************************************************************************
*                       SPARC (version May 02, 2022)                      *
*   Copyright (c) 2020 Material Physics & Mechanics Group, Georgia Tech   *
*           Distributed under GNU General Public License 3 (GPL)          *
*                   Start time: Tue Jun 14 05:10:21 2022                  *
***************************************************************************
                           Input parameters                                
***************************************************************************
CELL: 12.4338823950489 11.2657846029438 47.5378507412217 
LATVEC:
1.000000000000000 0.000000000000000 0.000000000000000 
-0.000130020950961 0.999999991547276 0.000000000000000 
0.000000000000000 -0.000000000000000 1.000000000000000 
FD_GRID: 66 60 252
FD_ORDER: 12
BC: P P D
KPOINT_GRID: 4 4 1
KPOINT_SHIFT: 0 0 0
SPIN_TYP: 1
ELEC_TEMP_TYPE: Gaussian
SMEARING: 0.007349864435
CHEB_DEGREE: 37
NSTATES: 236
EXCHANGE_CORRELATION: HSE
EXX_RANGE_FOCK: 0.106000
EXX_RANGE_PBE: 0.106000
CALC_STRESS: 0
CALC_PRES: 0
CHEFSI_BOUND_FLAG: 0
MAXIT_SCF: 100
MINIT_SCF: 3
MAXIT_POISSON: 3000
TOL_SCF: 1.00E-06
POISSON_SOLVER: AAR
TOL_POISSON: 1.00E-08
TOL_LANCZOS: 1.00E-02
TOL_PSEUDOCHARGE: 1.00E-08
MIXING_VARIABLE: density
MIXING_PRECOND: kerker
MIXING_PRECOND_MAG: none
TOL_PRECOND: 3.54E-05
PRECOND_KERKER_KTF: 1
PRECOND_KERKER_THRESH: 0.1
MIXING_PARAMETER: 0.3
MIXING_PARAMETER_MAG: 0.3
MIXING_HISTORY: 7
PULAY_FREQUENCY: 1
PULAY_RESTART: 0
REFERENCE_CUTOFF: 0.5
RHO_TRIGGER: 4
FIX_RAND: 0
VERBOSITY: 1
PRINT_FORCES: 1
PRINT_ATOMS: 1
PRINT_EIGEN: 1
PRINT_DENSITY: 0
PRINT_ENERGY_DENSITY: 0
TOL_FOCK: 5.00E-05
TOL_SCF_INIT: 1.00E-03
MAXIT_FOCK: 20
EXX_METHOD: FOURIER_SPACE
EXX_DIVERGENCE: AUXILIARY
EXX_MEM: 1
ACE_FLAG: 1
EXX_ACE_VALENCE_STATES: 10000
EXX_DOWNSAMPLING: 1 1 1
OUTPUT_FILE: sprc-calc
***************************************************************************
                                Cell                                       
***************************************************************************
Lattice vectors (Bohr):
12.433882395048860 0.000000000000000 0.000000000000000 
-0.001464788027397 11.265784507717260 0.000000000000000 
0.000000000000000 -0.000000000000000 47.537850741221717 
Volume                  :  6.6589804186E+03 (Bohr^3)
***************************************************************************
                           Parallelization                                 
***************************************************************************
NP_SPIN_PARAL: 2
NP_KPOINT_PARAL: 10
NP_BAND_PARAL: 1
NP_DOMAIN_PARAL: 2 1 8
NP_DOMAIN_PHI_PARAL: 4 4 21
EIG_SERIAL_MAXNS: 1500
***************************************************************************
                             Initialization                                
***************************************************************************
Number of processors               :  336
Mesh spacing in x-direction        :  0.188392 (Bohr)
Mesh spacing in y-direction        :  0.187763 (Bohr)
Mesh spacing in z direction        :  0.188642 (Bohr)
Number of symmetry adapted k-points:  10
Output printed to                  :  sprc-calc.out_01
Final eigenvalues printed to       :  sprc-calc.eigen_01
Total number of atom types         :  4
Total number of atoms              :  51
Total number of electrons          :  386
Atom type 1  (valence electrons)   :  H 1
Pseudopotential                    :  H.psp8
Pseudocharge radii of atom type 1  :  3.77 3.76 3.77 (x, y, z dir)
Number of atoms of type 1          :  3
Atom type 2  (valence electrons)   :  N 5
Pseudopotential                    :  N.psp8
Pseudocharge radii of atom type 2  :  6.78 6.76 6.79 (x, y, z dir)
Number of atoms of type 2          :  1
Atom type 3  (valence electrons)   :  O 6
Pseudopotential                    :  O.psp8
Pseudocharge radii of atom type 3  :  6.78 6.76 6.79 (x, y, z dir)
Number of atoms of type 3          :  31
Atom type 4  (valence electrons)   :  Ti 12
Pseudopotential                    :  Ti.psp8
Pseudocharge radii of atom type 4  :  6.78 6.76 6.79 (x, y, z dir)
Number of atoms of type 4          :  16
Estimated total memory usage       :  443.61 GB
Estimated memory per processor     :  1.32 GB
========================================================================================
                    Self Consistent Field (SCF#1)                     
========================================================================================
Iteration     Free Energy (Ha/atom)    Magnetization     SCF Error        Timing (sec)
1            -2.8487709712E+01         5.8994E+00        4.385E-01        336.645
2            -3.0059775387E+01        -3.6751E+00        4.441E-01        80.902
3            -2.9251283953E+01         5.6435E+00        3.789E-01        81.301
4            -2.8768319118E+01         5.2970E+00        3.158E-01        81.170
5            -2.8837132822E+01         5.1015E+00        2.829E-01        81.257
6            -2.8853948874E+01         2.4789E+00        2.061E-01        81.264
7            -2.8949779932E+01         2.7380E+00        2.149E-01        81.135
8            -2.8930130937E+01         1.2994E+00        1.525E-01        81.119
9            -2.8932867117E+01        -4.3164E-01        1.579E-01        81.530
10           -2.8909452397E+01         7.9181E-01        1.194E-01        81.502
11           -2.8897938264E+01         1.2267E+00        1.097E-01        81.139
12           -2.8862383007E+01         2.1915E+00        9.137E-02        81.255
13           -2.8826800031E+01         1.0991E+00        8.374E-02        81.188
14           -2.8807477481E+01         1.0168E+00        6.688E-02        81.221
15           -2.8786127306E+01         7.3506E-01        6.124E-02        80.992
16           -2.8754843551E+01         6.3419E-01        5.028E-02        81.305
17           -2.8724668137E+01         6.2037E-01        3.896E-02        81.069
18           -2.8698811004E+01         8.6859E-01        3.176E-02        81.184
19           -2.8675585283E+01         6.3722E-01        2.468E-02        82.990
20           -2.8647539940E+01         6.2782E-02        2.244E-02        81.139
21           -2.8647305141E+01         1.0148E-01        9.198E-02        80.808
22           -2.8648918732E+01         4.9913E-02        9.686E-02        80.934
23           -2.8648341565E+01         9.8609E-02        9.932E-02        81.382
24           -2.8647581676E+01         1.3364E-01        9.667E-02        81.751
25           -2.8645094850E+01         2.2624E-01        9.016E-02        81.125
26           -2.8639793531E+01        -4.5478E-02        2.047E-02        81.465
27           -2.8641518886E+01         6.2639E-02        1.696E-02        81.994
28           -2.8632710912E+01         1.3936E-01        1.334E-02        81.589
29           -2.8628055084E+01         2.0941E-01        1.254E-02        81.025
30           -2.8621718257E+01        -6.0939E-02        1.144E-02        81.270
31           -2.8611593776E+01         1.5417E-01        1.310E-02        81.306
32           -2.8607571093E+01         1.7425E-02        1.043E-02        81.452
33           -2.8602616835E+01         3.3850E-02        8.431E-03        81.220
34           -2.8592108443E+01        -2.7816E-01        7.975E-03        81.226
35           -2.8587677639E+01        -2.5779E-01        5.545E-03        81.447
36           -2.8582660972E+01        -1.0105E-01        8.461E-03        81.272
37           -2.8581305451E+01        -1.8136E-01        6.076E-03        81.288
38           -2.8577789090E+01        -2.2226E-01        6.364E-03        81.411
39           -2.8576294365E+01        -2.8178E-01        4.418E-03        82.131
40           -2.8574521419E+01        -3.1517E-01        6.030E-03        82.618
41           -2.8574904863E+01        -2.3384E-01        9.459E-03        82.854
42           -2.8574382883E+01        -3.6388E-01        4.820E-03        81.234
43           -2.8573660797E+01        -4.7428E-01        3.358E-03        81.119
44           -2.8573813543E+01        -4.4380E-01        7.048E-03        81.132
45           -2.8573828101E+01        -4.4031E-01        5.670E-03        80.980
46           -2.8573662863E+01        -4.3471E-01        3.402E-03        81.232
47           -2.8573018583E+01        -4.6408E-01        1.738E-03        81.103
48           -2.8572640428E+01        -5.0498E-01        1.853E-03        81.197
49           -2.8572291469E+01        -5.3588E-01        1.088E-03        81.280
50           -2.8572079443E+01        -5.6347E-01        9.369E-04        80.985
Total number of SCF: 50    

k = [-0.250, -0.250, 0.000]
Occupation of state 212 = 0.000000001663841.
Occupation of state 236 = 0.000000000000000.

No.1 Exx outer loop: 
1            -2.8371539803E+01        -1.0148E+00        1.857E-02        121.465
2            -2.8363779374E+01        -7.9982E-01        1.992E-02        126.380
3            -2.8371083590E+01        -7.2199E-01        4.020E-02        116.557
4            -2.8367476570E+01        -8.5189E-01        1.674E-02        120.778
5            -2.8374015072E+01        -7.4309E-01        1.328E-02        132.394
6            -2.8373327003E+01        -8.3057E-01        1.074E-02        113.249
7            -2.8374766818E+01        -4.9879E-01        1.436E-02        113.288
8            -2.8373649215E+01        -7.4354E-01        1.016E-02        114.098
9            -2.8373116706E+01        -8.8170E-01        8.098E-03        114.258
10           -2.8374222465E+01        -1.1078E+00        1.483E-02        114.170
11           -2.8373407763E+01        -1.1505E+00        5.927E-03        113.814
12           -2.8375385589E+01        -1.0482E+00        1.289E-02        113.384
13           -2.8374394796E+01        -1.0804E+00        7.774E-03        113.527
14           -2.8375246657E+01        -1.0985E+00        4.220E-03        113.279
15           -2.8375203015E+01        -1.2033E+00        3.557E-03        113.508
16           -2.8375286713E+01        -1.2265E+00        2.766E-03        113.096
17           -2.8375175486E+01        -1.3441E+00        2.332E-03        113.123
18           -2.8375044016E+01        -1.3203E+00        2.328E-03        113.804
19           -2.8374750792E+01        -1.5050E+00        3.075E-03        114.211
20           -2.8374669524E+01        -1.4991E+00        2.217E-03        117.259
21           -2.8374172367E+01        -1.6251E+00        3.613E-03        113.420
22           -2.8374151409E+01        -1.5937E+00        2.862E-03        113.481
23           -2.8373794489E+01        -1.5482E+00        1.383E-03        114.021
24           -2.8373627916E+01        -1.5685E+00        1.249E-03        114.257
25           -2.8373368633E+01        -1.5529E+00        6.095E-04        113.681
26           -2.8373098030E+01        -1.5450E+00        5.390E-04        113.369
27           -2.8373096315E+01        -1.5523E+00        3.136E-04        113.315
28           -2.8372998351E+01        -1.5541E+00        3.271E-04        113.130
29           -2.8372931407E+01        -1.5559E+00        1.642E-04        113.031
30           -2.8372877114E+01        -1.5565E+00        1.424E-04        112.996
31           -2.8372816031E+01        -1.5505E+00        2.254E-04        113.058
32           -2.8372840633E+01        -1.5580E+00        2.555E-04        113.417
33           -2.8372820426E+01        -1.5561E+00        8.223E-05        113.137
34           -2.8372816624E+01        -1.5553E+00        2.677E-05        112.886
35           -2.8372816450E+01        -1.5557E+00        2.956E-05        112.958
36           -2.8372814169E+01        -1.5553E+00        2.815E-05        113.133
37           -2.8372813183E+01        -1.5557E+00        9.321E-06        123.984
38           -2.8372811138E+01        -1.5549E+00        4.493E-05        123.800
39           -2.8372813115E+01        -1.5559E+00        1.309E-05        123.790
40           -2.8372812877E+01        -1.5557E+00        1.224E-05        123.567
41           -2.8372812689E+01        -1.5557E+00        7.940E-06        123.718
42           -2.8372811814E+01        -1.5556E+00        3.677E-06        124.277
43           -2.8372811389E+01        -1.5556E+00        1.841E-06        124.067
44           -2.8372810999E+01        -1.5555E+00        1.915E-06        123.565
45           -2.8372811065E+01        -1.5555E+00        1.900E-06        123.613
46           -2.8372811102E+01        -1.5555E+00        5.348E-07        123.740
Total number of SCF: 46    

k = [-0.250, -0.250, 0.000]
Occupation of state 212 = 0.000000000000024.
Occupation of state 236 = 0.000000000000000.
Exx outer loop error: 2.4036292654e-01 

No.2 Exx outer loop: 
1            -2.8373241214E+01        -1.9617E+00        5.234E-03        140.313
2            -2.8373256032E+01        -1.7565E+00        7.968E-03        123.673
3            -2.8374208481E+01        -1.7598E+00        1.011E-02        124.140
4            -2.8374069661E+01        -1.7735E+00        7.474E-03        123.962
5            -2.8374477931E+01        -1.8399E+00        4.347E-03        123.836
6            -2.8374349625E+01        -1.8797E+00        2.797E-03        123.975
7            -2.8373999403E+01        -1.8662E+00        6.490E-03        125.055
8            -2.8373724982E+01        -1.8517E+00        1.645E-03        123.844
9            -2.8373797637E+01        -1.8779E+00        3.192E-03        124.238
10           -2.8373749350E+01        -1.8871E+00        1.394E-03        128.222
11           -2.8373736018E+01        -1.8926E+00        7.411E-04        130.607
12           -2.8373694631E+01        -1.9095E+00        2.102E-03        124.007
13           -2.8373594457E+01        -1.9103E+00        2.600E-03        124.122
14           -2.8373423371E+01        -1.9116E+00        8.960E-04        124.034
15           -2.8373393533E+01        -1.9119E+00        5.248E-04        124.126
16           -2.8373338068E+01        -1.9122E+00        1.912E-04        126.070
17           -2.8373325079E+01        -1.9107E+00        2.413E-04        128.888
18           -2.8373284745E+01        -1.9106E+00        1.648E-04        124.038
19           -2.8373255273E+01        -1.9108E+00        2.051E-04        124.858
20           -2.8373206998E+01        -1.9109E+00        9.318E-05        126.330
21           -2.8373188167E+01        -1.9109E+00        7.202E-05        123.728
22           -2.8373192476E+01        -1.9109E+00        9.621E-05        123.977
23           -2.8373180078E+01        -1.9101E+00        1.385E-04        123.825
24           -2.8373178909E+01        -1.9104E+00        9.126E-05        124.927
25           -2.8373172567E+01        -1.9104E+00        6.461E-05        124.347
26           -2.8373172469E+01        -1.9111E+00        5.768E-05        123.729
27           -2.8373176699E+01        -1.9110E+00        1.580E-05        123.837
28           -2.8373174076E+01        -1.9110E+00        2.775E-05        123.698
29           -2.8373171182E+01        -1.9110E+00        1.574E-05        123.581
30           -2.8373169914E+01        -1.9109E+00        1.374E-05        125.202
31           -2.8373169836E+01        -1.9109E+00        4.094E-06        123.738
32           -2.8373169478E+01        -1.9109E+00        8.352E-06        123.538
33           -2.8373169537E+01        -1.9109E+00        6.968E-06        124.329
34           -2.8373169338E+01        -1.9109E+00        1.697E-06        123.592
35           -2.8373169287E+01        -1.9109E+00        5.286E-06        123.781
36           -2.8373169628E+01        -1.9108E+00        1.627E-05        124.115
37           -2.8373169566E+01        -1.9109E+00        8.108E-06        124.752
38           -2.8373169534E+01        -1.9109E+00        1.509E-06        123.995
39           -2.8373169874E+01        -1.9109E+00        1.519E-05        123.958
40           -2.8373169674E+01        -1.9109E+00        3.890E-07        123.677
Total number of SCF: 40    

k = [-0.250, -0.250, 0.000]
Occupation of state 212 = 0.000000000000000.
Occupation of state 236 = 0.000000000000000.
Exx outer loop error: 2.6649420971e-02 

No.3 Exx outer loop: 
1            -2.8373264252E+01        -1.9842E+00        2.617E-03        130.089
2            -2.8373295191E+01        -1.9574E+00        1.371E-03        123.846
3            -2.8373933826E+01        -1.8920E+00        1.313E-02        125.588
4            -2.8373435850E+01        -1.9494E+00        7.482E-03        124.674
5            -2.8373361297E+01        -1.9631E+00        3.904E-03        125.077
6            -2.8373559165E+01        -1.9448E+00        6.992E-03        125.379
7            -2.8373691949E+01        -1.9387E+00        6.714E-03        124.716
8            -2.8373662051E+01        -1.9485E+00        4.829E-03        124.262
9            -2.8373593810E+01        -1.9624E+00        1.156E-03        124.003
10           -2.8373561320E+01        -1.9679E+00        5.979E-04        123.967
11           -2.8373555956E+01        -1.9686E+00        8.188E-04        125.183
12           -2.8373437083E+01        -1.9685E+00        5.509E-04        124.434
13           -2.8373328894E+01        -1.9690E+00        4.835E-04        125.425
14           -2.8373299069E+01        -1.9691E+00        1.777E-04        124.645
15           -2.8373271722E+01        -1.9689E+00        8.956E-05        124.274
16           -2.8373251980E+01        -1.9689E+00        4.433E-05        132.418
17           -2.8373254709E+01        -1.9690E+00        5.847E-05        124.882
18           -2.8373234860E+01        -1.9690E+00        2.296E-05        124.555
19           -2.8373232864E+01        -1.9691E+00        1.915E-05        137.598
20           -2.8373226632E+01        -1.9691E+00        1.812E-05        125.511
21           -2.8373221678E+01        -1.9691E+00        3.106E-05        124.058
22           -2.8373216842E+01        -1.9691E+00        8.008E-06        123.983
23           -2.8373216422E+01        -1.9691E+00        1.266E-05        123.825
24           -2.8373216403E+01        -1.9691E+00        1.117E-05        124.176
25           -2.8373215942E+01        -1.9690E+00        3.703E-05        124.602
26           -2.8373215728E+01        -1.9691E+00        3.028E-06        124.409
27           -2.8373214490E+01        -1.9691E+00        9.262E-06        123.986
28           -2.8373214260E+01        -1.9691E+00        1.674E-06        124.242
29           -2.8373214262E+01        -1.9691E+00        1.946E-06        135.394
30           -2.8373214298E+01        -1.9691E+00        3.775E-06        131.078
31           -2.8373214154E+01        -1.9691E+00        8.345E-07        123.895
Total number of SCF: 31    

k = [-0.250, -0.250, 0.000]
Occupation of state 212 = 0.000000000000000.
Occupation of state 236 = 0.000000000000000.
Exx outer loop error: 5.8995980319e-03 

No.4 Exx outer loop: 
1            -2.8373245999E+01        -1.9863E+00        1.368E-03        127.346
2            -2.8373253610E+01        -1.9771E+00        6.012E-04        123.670
3            -2.8373264954E+01        -1.9772E+00        7.826E-04        123.925
4            -2.8373363169E+01        -1.9759E+00        3.679E-04        123.828
5            -2.8373407953E+01        -1.9746E+00        1.201E-03        123.957
6            -2.8373428305E+01        -1.9771E+00        4.809E-04        123.889
7            -2.8373404042E+01        -1.9781E+00        2.432E-04        124.236
8            -2.8373355431E+01        -1.9788E+00        3.429E-04        124.020
9            -2.8373343199E+01        -1.9786E+00        3.138E-04        124.096
10           -2.8373317066E+01        -1.9785E+00        2.219E-04        124.097
11           -2.8373273675E+01        -1.9786E+00        3.601E-04        125.153
12           -2.8373250668E+01        -1.9783E+00        4.583E-04        127.334
13           -2.8373242631E+01        -1.9789E+00        1.157E-04        131.251
14           -2.8373238034E+01        -1.9790E+00        8.352E-05        123.972
15           -2.8373235874E+01        -1.9790E+00        4.622E-05        123.727
16           -2.8373232791E+01        -1.9790E+00        1.222E-05        124.191
17           -2.8373231548E+01        -1.9790E+00        1.257E-05        124.000
18           -2.8373229268E+01        -1.9791E+00        8.615E-06        124.091
19           -2.8373226572E+01        -1.9791E+00        7.935E-06        136.148
20           -2.8373224868E+01        -1.9791E+00        9.127E-06        124.245
21           -2.8373224216E+01        -1.9791E+00        5.670E-06        123.896
22           -2.8373223711E+01        -1.9790E+00        2.598E-06        124.056
23           -2.8373223943E+01        -1.9791E+00        1.974E-06        124.017
24           -2.8373223844E+01        -1.9790E+00        4.452E-06        123.852
25           -2.8373223991E+01        -1.9790E+00        2.035E-06        125.122
26           -2.8373224259E+01        -1.9790E+00        3.053E-06        132.671
27           -2.8373224225E+01        -1.9790E+00        2.695E-06        123.626
28           -2.8373224207E+01        -1.9790E+00        2.242E-06        123.695
29           -2.8373224178E+01        -1.9790E+00        2.025E-06        123.348
30           -2.8373224188E+01        -1.9790E+00        3.895E-06        124.009
31           -2.8373224214E+01        -1.9791E+00        4.438E-06        123.544
32           -2.8373224184E+01        -1.9791E+00        3.644E-06        123.663
33           -2.8373224192E+01        -1.9791E+00        3.367E-06        123.686
34           -2.8373224139E+01        -1.9791E+00        4.684E-06        123.503
35           -2.8373224151E+01        -1.9791E+00        2.725E-06        123.495
36           -2.8373224047E+01        -1.9791E+00        5.129E-07        123.498
Total number of SCF: 36    

k = [-0.250, -0.250, 0.000]
Occupation of state 212 = 0.000000000000000.
Occupation of state 236 = 0.000000000000000.
Exx outer loop error: 1.5604925632e-03 

No.5 Exx outer loop: 
1            -2.8373238628E+01        -1.9848E+00        9.060E-04        127.701
2            -2.8373237583E+01        -1.9793E+00        3.892E-04        124.352
3            -2.8373344697E+01        -1.9798E+00        1.967E-03        124.013
4            -2.8373408048E+01        -1.9732E+00        2.005E-03        124.157
5            -2.8373409516E+01        -1.9748E+00        3.828E-03        124.011
6            -2.8373362767E+01        -1.9800E+00        1.833E-04        123.861
7            -2.8373341776E+01        -1.9799E+00        1.557E-04        124.320
8            -2.8373312570E+01        -1.9795E+00        2.511E-04        124.160
9            -2.8373316061E+01        -1.9794E+00        2.035E-04        123.931
10           -2.8373302440E+01        -1.9794E+00        2.434E-04        123.978
11           -2.8373291618E+01        -1.9795E+00        1.638E-04        124.680
12           -2.8373278978E+01        -1.9795E+00        7.491E-05        124.763
13           -2.8373271377E+01        -1.9795E+00        1.072E-04        124.820
14           -2.8373260575E+01        -1.9795E+00        6.721E-05        124.640
15           -2.8373256719E+01        -1.9796E+00        6.021E-05        124.934
16           -2.8373247947E+01        -1.9796E+00        4.037E-05        124.650
17           -2.8373241220E+01        -1.9796E+00        2.883E-05        125.822
18           -2.8373235453E+01        -1.9796E+00        2.362E-05        124.460
19           -2.8373232554E+01        -1.9796E+00        2.888E-05        124.531
20           -2.8373232083E+01        -1.9796E+00        1.032E-05        124.600
21           -2.8373229645E+01        -1.9796E+00        4.030E-06        124.677
22           -2.8373227890E+01        -1.9796E+00        3.281E-06        124.291
23           -2.8373226994E+01        -1.9796E+00        7.805E-06        123.835
24           -2.8373227399E+01        -1.9796E+00        5.628E-06        124.052
25           -2.8373227126E+01        -1.9796E+00        1.995E-06        124.763
26           -2.8373227628E+01        -1.9796E+00        7.430E-06        124.425
27           -2.8373227721E+01        -1.9796E+00        1.824E-06        124.572
28           -2.8373227442E+01        -1.9796E+00        5.714E-06        124.155
29           -2.8373227053E+01        -1.9796E+00        1.046E-06        123.619
30           -2.8373226976E+01        -1.9796E+00        5.762E-07        123.463
Total number of SCF: 30    

k = [-0.250, -0.250, 0.000]
Occupation of state 212 = 0.000000000000000.
Occupation of state 236 = 0.000000000000000.
Exx outer loop error: 9.9226581548e-04 

No.6 Exx outer loop: 
1            -2.8373235257E+01        -1.9821E+00        6.807E-04        134.831
2            -2.8373231992E+01        -1.9780E+00        3.283E-04        123.685
3            -2.8373252696E+01        -1.9762E+00        4.308E-04        123.839
4            -2.8373315426E+01        -1.9748E+00        4.623E-04        123.989
5            -2.8373396190E+01        -1.9764E+00        3.927E-04        124.167
6            -2.8373370481E+01        -1.9789E+00        3.534E-04        124.067
7            -2.8373287118E+01        -1.9778E+00        7.309E-05        124.370
8            -2.8373258444E+01        -1.9778E+00        3.243E-05        123.942
9            -2.8373243623E+01        -1.9779E+00        1.601E-05        123.815
10           -2.8373238684E+01        -1.9779E+00        1.305E-05        123.750
11           -2.8373236943E+01        -1.9779E+00        8.268E-06        123.693
12           -2.8373235147E+01        -1.9779E+00        8.004E-06        123.791
13           -2.8373231286E+01        -1.9779E+00        3.993E-06        125.613
14           -2.8373230559E+01        -1.9779E+00        3.417E-06        125.293
15           -2.8373230348E+01        -1.9779E+00        2.866E-06        124.033
16           -2.8373229836E+01        -1.9779E+00        2.828E-06        123.896
17           -2.8373229543E+01        -1.9779E+00        1.370E-06        123.827
18           -2.8373229079E+01        -1.9779E+00        3.118E-06        123.545
19           -2.8373228703E+01        -1.9779E+00        2.020E-06        123.376
20           -2.8373228846E+01        -1.9779E+00        2.083E-06        123.505
21           -2.8373228729E+01        -1.9779E+00        8.253E-07        123.349
Total number of SCF: 21    

k = [-0.250, -0.250, 0.000]
Occupation of state 212 = 0.000000000000000.
Occupation of state 236 = 0.000000000000000.
Exx outer loop error: 1.0091762480e-03 

No.7 Exx outer loop: 
1            -2.8373234708E+01        -1.9791E+00        5.909E-04        127.775
2            -2.8373230451E+01        -1.9761E+00        4.290E-04        124.430
3            -2.8373294944E+01        -1.9709E+00        8.770E-04        125.169
4            -2.8373328452E+01        -1.9745E+00        9.339E-04        124.938
5            -2.8373308968E+01        -1.9737E+00        1.931E-04        129.298
6            -2.8373313117E+01        -1.9753E+00        2.680E-04        124.088
7            -2.8373295474E+01        -1.9758E+00        1.323E-04        126.834
8            -2.8373273874E+01        -1.9760E+00        1.564E-04        123.892
9            -2.8373251799E+01        -1.9758E+00        1.456E-04        123.799
10           -2.8373243529E+01        -1.9759E+00        1.374E-04        123.864
11           -2.8373239249E+01        -1.9758E+00        1.154E-04        123.777
12           -2.8373238717E+01        -1.9758E+00        1.059E-04        123.735
13           -2.8373236941E+01        -1.9759E+00        1.064E-04        123.670
14           -2.8373239555E+01        -1.9759E+00        1.052E-04        123.742
15           -2.8373245380E+01        -1.9757E+00        4.710E-05        124.149
16           -2.8373236097E+01        -1.9757E+00        4.186E-05        123.585
17           -2.8373232012E+01        -1.9757E+00        1.110E-05        128.771
18           -2.8373228943E+01        -1.9756E+00        1.717E-05        125.936
19           -2.8373230551E+01        -1.9756E+00        1.412E-05        125.304
20           -2.8373228507E+01        -1.9756E+00        1.748E-05        140.184
21           -2.8373228605E+01        -1.9756E+00        4.728E-06        125.057
22           -2.8373229123E+01        -1.9756E+00        4.039E-06        138.688
23           -2.8373228929E+01        -1.9756E+00        9.882E-06        128.471
24           -2.8373229134E+01        -1.9756E+00        3.634E-06        123.593
25           -2.8373229968E+01        -1.9757E+00        3.276E-06        133.503
26           -2.8373229758E+01        -1.9756E+00        2.053E-06        135.184
27           -2.8373229918E+01        -1.9757E+00        2.639E-06        124.077
28           -2.8373229641E+01        -1.9757E+00        1.137E-06        123.959
29           -2.8373229367E+01        -1.9756E+00        1.989E-06        123.605
30           -2.8373229316E+01        -1.9756E+00        5.954E-07        123.233
Total number of SCF: 30    

k = [-0.250, -0.250, 0.000]
Occupation of state 212 = 0.000000000000000.
Occupation of state 236 = 0.000000000000000.
Exx outer loop error: 5.9713050391e-04 

No.8 Exx outer loop: 
1            -2.8373233967E+01        -1.9762E+00        4.873E-04        130.931
2            -2.8373229573E+01        -1.9738E+00        2.678E-04        124.697
3            -2.8373297151E+01        -1.9720E+00        1.547E-04        143.411
4            -2.8373335280E+01        -1.9721E+00        4.251E-04        124.162
5            -2.8373328543E+01        -1.9731E+00        2.542E-04        124.187
6            -2.8373272074E+01        -1.9729E+00        7.192E-05        123.873
7            -2.8373258428E+01        -1.9732E+00        3.938E-05        123.804
8            -2.8373255067E+01        -1.9734E+00        3.883E-05        123.996
9            -2.8373249156E+01        -1.9733E+00        2.714E-05        123.981
10           -2.8373244241E+01        -1.9733E+00        1.074E-05        123.921
11           -2.8373238680E+01        -1.9733E+00        2.007E-05        123.953
12           -2.8373232053E+01        -1.9731E+00        3.739E-05        123.820
13           -2.8373231904E+01        -1.9732E+00        2.914E-05        123.816
14           -2.8373231920E+01        -1.9732E+00        3.664E-05        123.946
15           -2.8373231464E+01        -1.9732E+00        2.736E-05        124.098
16           -2.8373231588E+01        -1.9732E+00        2.229E-05        124.763
17           -2.8373231412E+01        -1.9732E+00        1.567E-05        123.789
18           -2.8373231146E+01        -1.9733E+00        6.062E-06        124.029
19           -2.8373230163E+01        -1.9733E+00        2.101E-06        123.905
20           -2.8373229787E+01        -1.9733E+00        1.021E-06        123.827
21           -2.8373229185E+01        -1.9733E+00        1.703E-06        123.653
22           -2.8373229156E+01        -1.9733E+00        7.679E-07        123.556
Total number of SCF: 22    

k = [-0.250, -0.250, 0.000]
Occupation of state 212 = 0.000000000000000.
Occupation of state 236 = 0.000000000000000.
Exx outer loop error: 2.1627474343e-04 

No.9 Exx outer loop: 
1            -2.8373232761E+01        -1.9737E+00        4.406E-04        128.413
2            -2.8373228950E+01        -1.9716E+00        2.099E-04        124.025
3            -2.8373269948E+01        -1.9701E+00        1.171E-04        123.847
4            -2.8373278334E+01        -1.9714E+00        8.858E-05        123.970
5            -2.8373264900E+01        -1.9712E+00        6.967E-05        124.024
6            -2.8373258613E+01        -1.9711E+00        4.721E-04        125.972
7            -2.8373246894E+01        -1.9711E+00        3.439E-05        124.184
8            -2.8373241196E+01        -1.9711E+00        1.306E-04        123.987
9            -2.8373232721E+01        -1.9711E+00        2.644E-05        123.865
10           -2.8373230254E+01        -1.9712E+00        3.335E-05        123.549
11           -2.8373228812E+01        -1.9711E+00        3.420E-05        123.760
12           -2.8373228559E+01        -1.9711E+00        1.081E-05        126.790
13           -2.8373228592E+01        -1.9711E+00        5.144E-06        123.789
14           -2.8373229478E+01        -1.9711E+00        6.329E-06        123.547
15           -2.8373229434E+01        -1.9711E+00        1.118E-06        124.311
16           -2.8373229698E+01        -1.9711E+00        2.495E-06        123.437
17           -2.8373229607E+01        -1.9711E+00        9.787E-07        123.200
Total number of SCF: 17    

k = [-0.250, -0.250, 0.000]
Occupation of state 212 = 0.000000000000000.
Occupation of state 236 = 0.000000000000000.
Exx outer loop error: 3.9778106949e-04 

No.10 Exx outer loop: 
1            -2.8373233126E+01        -1.9716E+00        4.182E-04        130.547
2            -2.8373229307E+01        -1.9694E+00        1.737E-04        123.748
3            -2.8373283284E+01        -1.9696E+00        1.451E-03        123.860
4            -2.8373262156E+01        -1.9684E+00        2.063E-04        123.877
5            -2.8373268227E+01        -1.9688E+00        1.011E-04        123.833
6            -2.8373269018E+01        -1.9691E+00        5.785E-05        123.934
7            -2.8373261757E+01        -1.9693E+00        2.907E-05        233.470
8            -2.8373248646E+01        -1.9691E+00        2.648E-05        124.019
9            -2.8373239803E+01        -1.9691E+00        2.521E-05        124.342
10           -2.8373234221E+01        -1.9692E+00        2.976E-05        123.895
11           -2.8373231741E+01        -1.9691E+00        2.127E-05        123.858
12           -2.8373230581E+01        -1.9692E+00        1.825E-05        132.941
13           -2.8373229821E+01        -1.9691E+00        9.161E-06        124.961
14           -2.8373230214E+01        -1.9692E+00        2.886E-06        123.937
15           -2.8373229466E+01        -1.9691E+00        6.131E-06        137.475
16           -2.8373230167E+01        -1.9692E+00        3.838E-06        127.627
17           -2.8373230101E+01        -1.9691E+00        2.625E-06        133.849
18           -2.8373230286E+01        -1.9691E+00        1.592E-06        123.624
19           -2.8373230242E+01        -1.9691E+00        2.228E-06        123.618
20           -2.8373230072E+01        -1.9691E+00        6.107E-07        130.916
Total number of SCF: 20    

k = [-0.250, -0.250, 0.000]
Occupation of state 212 = 0.000000000000000.
Occupation of state 236 = 0.000000000000000.
Exx outer loop error: 2.3071248022e-04 

No.11 Exx outer loop: 
1            -2.8373233387E+01        -1.9694E+00        4.420E-04        128.364
2            -2.8373230105E+01        -1.9680E+00        2.509E-04        123.969
3            -2.8373285148E+01        -1.9671E+00        1.768E-03        124.080
4            -2.8373340107E+01        -1.9662E+00        2.130E-03        125.535
5            -2.8373386064E+01        -1.9613E+00        4.432E-03        124.583
6            -2.8373418803E+01        -1.9583E+00        4.765E-03        125.551
7            -2.8373268049E+01        -1.9666E+00        9.232E-05        124.633
8            -2.8373259929E+01        -1.9671E+00        3.337E-04        132.874
9            -2.8373267814E+01        -1.9670E+00        6.746E-04        129.930
10           -2.8373250901E+01        -1.9670E+00        5.931E-05        126.178
11           -2.8373248636E+01        -1.9672E+00        3.663E-05        135.335
12           -2.8373242943E+01        -1.9673E+00        4.646E-05        123.575
13           -2.8373240330E+01        -1.9673E+00        1.720E-05        123.595
14           -2.8373239753E+01        -1.9673E+00        2.004E-05        123.728
15           -2.8373237961E+01        -1.9674E+00        7.428E-06        123.516
16           -2.8373236757E+01        -1.9674E+00        6.498E-06        123.404
17           -2.8373235952E+01        -1.9674E+00        8.402E-06        123.631
18           -2.8373234170E+01        -1.9674E+00        5.521E-06        123.668
19           -2.8373233109E+01        -1.9674E+00        2.416E-06        123.271
20           -2.8373232133E+01        -1.9674E+00        5.886E-06        123.556
21           -2.8373232015E+01        -1.9674E+00        1.214E-06        123.898
22           -2.8373231321E+01        -1.9674E+00        1.187E-06        124.013
23           -2.8373231018E+01        -1.9674E+00        1.611E-06        124.034
24           -2.8373230960E+01        -1.9674E+00        5.610E-07        123.240
Total number of SCF: 24    

k = [-0.250, -0.250, 0.000]
Occupation of state 212 = 0.000000000000000.
Occupation of state 236 = 0.000000000000000.
Exx outer loop error: 4.4307849623e-04 

No.12 Exx outer loop: 
1            -2.8373234570E+01        -1.9678E+00        4.546E-04        127.491
2            -2.8373231060E+01        -1.9664E+00        2.640E-04        123.963
3            -2.8373282740E+01        -1.9619E+00        4.333E-04        123.950
4            -2.8373317353E+01        -1.9630E+00        2.244E-04        123.813
5            -2.8373329195E+01        -1.9606E+00        4.558E-04        123.483
6            -2.8373322382E+01        -1.9608E+00        4.269E-04        123.846
7            -2.8373331938E+01        -1.9624E+00        8.681E-04        123.982
8            -2.8373345000E+01        -1.9628E+00        1.796E-03        123.745
9            -2.8373305502E+01        -1.9652E+00        2.248E-04        125.601
10           -2.8373289205E+01        -1.9656E+00        1.566E-04        123.952
11           -2.8373263238E+01        -1.9657E+00        1.479E-04        129.784
12           -2.8373249840E+01        -1.9658E+00        3.162E-05        125.103
13           -2.8373244036E+01        -1.9660E+00        2.597E-05        124.245
14           -2.8373242336E+01        -1.9659E+00        2.429E-05        126.790
15           -2.8373238926E+01        -1.9659E+00        1.280E-05        140.722
16           -2.8373234906E+01        -1.9659E+00        4.309E-06        123.769
17           -2.8373232922E+01        -1.9658E+00        3.403E-06        123.713
18           -2.8373233236E+01        -1.9659E+00        3.180E-06        123.731
19           -2.8373232610E+01        -1.9659E+00        2.082E-06        133.124
20           -2.8373231999E+01        -1.9658E+00        4.352E-06        123.774
21           -2.8373232148E+01        -1.9658E+00        4.637E-06        123.887
22           -2.8373232099E+01        -1.9658E+00        1.047E-06        123.767
23           -2.8373231815E+01        -1.9658E+00        3.340E-06        124.108
24           -2.8373231859E+01        -1.9658E+00        2.584E-06        124.025
25           -2.8373231818E+01        -1.9658E+00        2.098E-06        124.348
26           -2.8373231878E+01        -1.9658E+00        1.310E-06        124.203
27           -2.8373231788E+01        -1.9658E+00        5.188E-06        123.466
28           -2.8373231743E+01        -1.9658E+00        5.553E-06        123.610
29           -2.8373231735E+01        -1.9658E+00        5.580E-06        123.549
30           -2.8373231778E+01        -1.9658E+00        5.284E-06        124.518
31           -2.8373231773E+01        -1.9658E+00        4.432E-06        123.500
32           -2.8373231783E+01        -1.9659E+00        3.951E-06        123.654
33           -2.8373231773E+01        -1.9658E+00        4.215E-06        123.628
34           -2.8373231769E+01        -1.9658E+00        4.130E-06        123.725
35           -2.8373231686E+01        -1.9658E+00        1.028E-06        123.590
36           -2.8373231480E+01        -1.9658E+00        6.979E-07        123.336
Total number of SCF: 36    

k = [-0.250, -0.250, 0.000]
Occupation of state 212 = 0.000000000000000.
Occupation of state 236 = 0.000000000000000.
Exx outer loop error: 2.1107374483e-04 

No.13 Exx outer loop: 
1            -2.8373234944E+01        -1.9663E+00        4.697E-04        128.266
2            -2.8373231737E+01        -1.9651E+00        2.866E-04        124.574
3            -2.8373243269E+01        -1.9631E+00        5.792E-04        124.103
4            -2.8373290691E+01        -1.9607E+00        1.039E-03        124.006
5            -2.8373273457E+01        -1.9601E+00        1.188E-03        124.127
6            -2.8373251962E+01        -1.9621E+00        3.884E-04        124.135
7            -2.8373250043E+01        -1.9638E+00        4.992E-04        124.032
8            -2.8373260782E+01        -1.9627E+00        3.218E-04        123.855
9            -2.8373260192E+01        -1.9640E+00        9.775E-05        123.877
10           -2.8373255219E+01        -1.9639E+00        1.642E-04        124.555
11           -2.8373252334E+01        -1.9644E+00        4.452E-05        123.779
12           -2.8373247552E+01        -1.9645E+00        3.510E-05        123.972
13           -2.8373242126E+01        -1.9644E+00        3.645E-05        123.632
14           -2.8373237700E+01        -1.9644E+00        5.330E-05        124.705
15           -2.8373237029E+01        -1.9645E+00        5.243E-05        123.899
16           -2.8373235323E+01        -1.9645E+00        1.868E-05        124.051
17           -2.8373234431E+01        -1.9644E+00        1.185E-05        123.862
18           -2.8373233434E+01        -1.9645E+00        1.360E-05        123.736
19           -2.8373232752E+01        -1.9645E+00        5.586E-06        123.728
20           -2.8373232537E+01        -1.9645E+00        7.531E-06        124.517
21           -2.8373232491E+01        -1.9645E+00        5.580E-06        123.601
22           -2.8373232381E+01        -1.9645E+00        3.030E-06        123.599
23           -2.8373232258E+01        -1.9645E+00        2.292E-06        123.661
24           -2.8373232227E+01        -1.9645E+00        1.297E-06        124.360
25           -2.8373232103E+01        -1.9645E+00        1.116E-06        123.774
26           -2.8373231888E+01        -1.9645E+00        1.066E-06        123.748
27           -2.8373231739E+01        -1.9645E+00        1.472E-06        123.567
28           -2.8373231692E+01        -1.9645E+00        6.209E-07        123.983
Total number of SCF: 28    

k = [-0.250, -0.250, 0.000]
Occupation of state 212 = 0.000000000000000.
Occupation of state 236 = 0.000000000000000.
Exx outer loop error: 7.9238721803e-06 
====================================================================
                    Energy and force calculation                    
====================================================================
Free energy per atom               : -2.8373229962E+01 (Ha/atom)
Total free energy                  : -1.4470347281E+03 (Ha)
Band structure energy              : -3.6253802354E+02 (Ha)
Exchange correlation energy        : -2.5632642366E+02 (Ha)
Self and correction energy         : -1.9061705911E+03 (Ha)
Entropy*kb*T                       : -4.4943558870E-03 (Ha)
Fermi level                        : -1.4982922935E-01 (Ha)
RMS force                          :  2.0690997160E-02 (Ha/Bohr)
Maximum force                      :  1.0560233395E-01 (Ha/Bohr)
Time for force calculation         :  1.720 (sec)
***************************************************************************
                               Timing info                                 
***************************************************************************
Total walltime                     :  149567.994 sec
___________________________________________________________________________

***************************************************************************
*             Material Physics & Mechanics Group, Georgia Tech            *
*                       PI: Phanish Suryanarayana                         *
*                Main Developers: Qimen Xu, Abhiraj Sharma                *
*     Collaborators: J.E. Pask (LLNL), A.J. Medford (GT), E. Chow (GT)    *
*  Acknowledgements: U.S. DOE (DE-SC0019410); U.S. NSF (1333500,1553212)  *
***************************************************************************
                                                                           
