                Step[ FC]     Time          Energy          fmax
*Force-consistent energies used in optimization.
BFGSLineSearch:    0[  0] 11:08:18   -40156.697710*       2.9274
BFGSLineSearch:    1[  2] 12:17:09   -40156.974013*       3.3272
BFGSLineSearch:    2[  4] 13:36:15   -40157.292775*       0.8280
BFGSLineSearch:    3[  6] 14:43:32   -40157.327216*       0.6603
BFGSLineSearch:    4[  8] 15:45:10   -40157.346110*       0.6083
BFGSLineSearch:    5[ 10] 16:38:17   -40157.363133*       0.4743
BFGSLineSearch:    6[ 12] 16:56:39   -40157.376863*       0.4945
BFGSLineSearch:    7[ 14] 17:16:40   -40157.385750*       0.4267
BFGSLineSearch:    8[ 16] 17:33:47   -40157.398857*       0.3163
BFGSLineSearch:    9[ 18] 17:50:42   -40157.408246*       0.2874
BFGSLineSearch:   10[ 19] 18:00:59   -40157.422268*       0.2706
BFGSLineSearch:   11[ 21] 18:17:01   -40157.434500*       0.2961
BFGSLineSearch:   12[ 22] 18:26:51   -40157.450565*       0.3058
BFGSLineSearch:   13[ 24] 18:44:29   -40157.465552*       0.2312
BFGSLineSearch:   14[ 25] 18:53:42   -40157.486343*       0.4048
BFGSLineSearch:   15[ 27] 19:17:59   -40157.498549*       0.3177
                Step[ FC]     Time          Energy          fmax
*Force-consistent energies used in optimization.
BFGSLineSearch:    0[  0] 22:30:38   -40157.498710*       0.3172
BFGSLineSearch:    1[  2] 22:47:14   -40157.504737*       0.3060
BFGSLineSearch:    2[  3] 22:56:55   -40157.524703*       0.3320
BFGSLineSearch:    3[  5] 23:17:51   -40157.540408*       0.3852
BFGSLineSearch:    4[  6] 23:26:56   -40157.563649*       0.5177
BFGSLineSearch:    5[  8] 23:46:56   -40157.583104*       0.4567
BFGSLineSearch:    6[  9] 23:56:13   -40157.612350*       0.6642
BFGSLineSearch:    7[ 11] 00:18:01   -40157.625912*       0.4553
BFGSLineSearch:    8[ 12] 00:27:11   -40157.646596*       0.7125
BFGSLineSearch:    9[ 13] 00:36:58   -40157.662236*       0.7467
BFGSLineSearch:   10[ 14] 00:45:27   -40157.684734*       0.3547
BFGSLineSearch:   11[ 16] 01:04:48   -40157.694963*       0.4719
BFGSLineSearch:   12[ 17] 01:14:17   -40157.708481*       0.4196
BFGSLineSearch:   13[ 19] 01:31:03   -40157.716217*       0.4686
BFGSLineSearch:   14[ 20] 01:40:21   -40157.728677*       0.5089
BFGSLineSearch:   15[ 21] 01:49:50   -40157.745093*       0.5362
BFGSLineSearch:   16[ 22] 01:58:27   -40157.759644*       0.2746
BFGSLineSearch:   17[ 23] 02:07:49   -40157.772192*       0.3349
BFGSLineSearch:   18[ 25] 02:27:26   -40157.779004*       0.3082
BFGSLineSearch:   19[ 26] 02:39:07   -40157.784238*       0.1773
                Step[ FC]     Time          Energy          fmax
*Force-consistent energies used in optimization.
BFGSLineSearch:    0[  0] 14:27:11   -40157.784092*       0.1769
BFGSLineSearch:    1[  2] 14:51:15   -40157.788538*       0.0753
BFGSLineSearch:    2[  3] 15:02:15   -40157.791734*       0.1270
BFGSLineSearch:    3[  4] 15:14:51   -40157.799283*       0.1486
BFGSLineSearch:    4[  5] 15:28:32   -40157.805417*       0.2275
BFGSLineSearch:    5[  6] 15:37:11   -40157.809568*       0.1385
BFGSLineSearch:    6[  7] 15:47:01   -40157.813954*       0.1734
BFGSLineSearch:    7[  8] 17:23:05   -40157.817850*       0.2871
BFGSLineSearch:    8[  9] 17:34:24   -40157.824996*       0.2998
BFGSLineSearch:    9[ 12] 18:05:27   -40157.837590*       0.3034
BFGSLineSearch:   10[ 13] 18:14:44   -40157.849874*       0.4124
BFGSLineSearch:   11[ 14] 18:24:55   -40157.859510*       0.1648
BFGSLineSearch:   12[ 16] 18:44:45   -40157.862232*       0.1390
BFGSLineSearch:   13[ 18] 18:59:35   -40157.864913*       0.1179
BFGSLineSearch:   14[ 19] 19:07:14   -40157.866827*       0.1233
BFGSLineSearch:   15[ 20] 19:14:50   -40157.867961*       0.1002
BFGSLineSearch:   16[ 21] 19:22:23   -40157.868921*       0.0754
BFGSLineSearch:   17[ 22] 19:27:51   -40157.869341*       0.0547
BFGSLineSearch:   18[ 23] 19:33:01   -40157.869673*       0.0478
                Step[ FC]     Time          Energy          fmax
*Force-consistent energies used in optimization.
BFGSLineSearch:    0[  0] 11:21:35   -40157.869623*       0.0467
