***************************************************************************
*                       SPARC (version Dec 27, 2021)                      *
*   Copyright (c) 2020 Material Physics & Mechanics Group, Georgia Tech   *
*           Distributed under GNU General Public License 3 (GPL)          *
*                   Start time: Sat Jan 15 15:21:32 2022                  *
***************************************************************************
                           Input parameters                                
***************************************************************************
CELL: 12.4338823950489 16.8986769044157 47.5378507412217 
LATVEC:
1.000000000000000 0.000000000000000 0.000000000000000 
-0.000130020950961 0.999999991547276 0.000000000000000 
0.000000000000000 -0.000000000000000 1.000000000000000 
FD_GRID: 66 89 252
FD_ORDER: 12
BC: P P D
KPOINT_GRID: 2 2 1
KPOINT_SHIFT: 0 0 0
SPIN_TYP: 1
ELEC_TEMP_TYPE: Gaussian
SMEARING: 0.007349864435
CHEB_DEGREE: 37
NSTATES: 269
EXCHANGE_CORRELATION: HSE
CALC_STRESS: 0
CALC_PRES: 0
CHEFSI_BOUND_FLAG: 0
MAXIT_SCF: 100
MINIT_SCF: 3
MAXIT_POISSON: 3000
TOL_SCF: 1.00E-06
POISSON_SOLVER: AAR
TOL_POISSON: 1.00E-08
TOL_LANCZOS: 1.00E-02
TOL_PSEUDOCHARGE: 1.00E-08
MIXING_VARIABLE: density
MIXING_PRECOND: kerker
MIXING_PRECOND_MAG: none
TOL_PRECOND: 3.57E-05
PRECOND_KERKER_KTF: 1
PRECOND_KERKER_THRESH: 0.1
MIXING_PARAMETER: 0.3
MIXING_PARAMETER_MAG: 0.3
MIXING_HISTORY: 7
PULAY_FREQUENCY: 1
PULAY_RESTART: 0
REFERENCE_CUTOFF: 0.5
RHO_TRIGGER: 4
FIX_RAND: 0
VERBOSITY: 1
PRINT_FORCES: 1
PRINT_ATOMS: 1
PRINT_EIGEN: 1
PRINT_DENSITY: 0
PRINT_ENERGY_DENSITY: 0
TOL_FOCK: 5.00E-05
TOL_SCF_INIT: 1.00E-04
MAXIT_FOCK: 1000
EXX_METHOD: FOURIER_SPACE
EXX_DIVERGENCE: AUXILIARY
ACE_FLAG: 1
EXX_ACE_MEM: 1
EXX_ACE_VALENCE_STATES: 10000
EXX_DOWNSAMPLING: 1 1 1
EXX_RANGE_FOCK: 0.106000
EXX_RANGE_PBE: 0.106000
OUTPUT_FILE: sprc-calc
***************************************************************************
                                Cell                                       
***************************************************************************
Lattice vectors (Bohr):
12.433882395048860 0.000000000000000 0.000000000000000 
-0.002197182041095 16.898676761575889 0.000000000000000 
0.000000000000000 -0.000000000000000 47.537850741221725 
Volume                  :  9.9884706279E+03 (Bohr^3)
***************************************************************************
                           Parallelization                                 
***************************************************************************
NP_SPIN_PARAL: 2
NP_KPOINT_PARAL: 4
NP_BAND_PARAL: 1
NP_DOMAIN_PARAL: 2 3 7
NP_DOMAIN_PHI_PARAL: 4 6 14
EIG_SERIAL_MAXNS: 1500
***************************************************************************
                             Initialization                                
***************************************************************************
Number of processors               :  336
Mesh spacing in x-direction        :  0.188392 (Bohr)
Mesh spacing in y-direction        :  0.189873 (Bohr)
Mesh spacing in z direction        :  0.188642 (Bohr)
Number of symmetry adapted k-points:  4
Output printed to                  :  sprc-calc.out
Final eigenvalues printed to       :  sprc-calc.eigen
Total number of atom types         :  4
Total number of atoms              :  59
Total number of electrons          :  440
Atom type 1  (valence electrons)   :  H 1
Pseudopotential                    :  H.psp8
Pseudocharge radii of atom type 1  :  3.77 3.80 3.77 (x, y, z dir)
Number of atoms of type 1          :  4
Atom type 2  (valence electrons)   :  N 5
Pseudopotential                    :  N.psp8
Pseudocharge radii of atom type 2  :  6.78 6.65 6.79 (x, y, z dir)
Number of atoms of type 2          :  2
Atom type 3  (valence electrons)   :  O 6
Pseudopotential                    :  O.psp8
Pseudocharge radii of atom type 3  :  6.78 6.84 6.79 (x, y, z dir)
Number of atoms of type 3          :  35
Atom type 4  (valence electrons)   :  Ti 12
Pseudopotential                    :  Ti.psp8
Pseudocharge radii of atom type 4  :  6.78 6.84 6.79 (x, y, z dir)
Number of atoms of type 4          :  18
Estimated total memory usage       :  316.88 GB
Estimated memory per processor     :  965.74 MB
========================================================================================
                    Self Consistent Field (SCF#1)                     
========================================================================================
Iteration     Free Energy (Ha/atom)    Magnetization     SCF Error        Timing (sec)
1            -2.7871081489E+01         3.7382E+00        4.804E-01        234.636
2            -2.7971880882E+01        -1.8913E+00        3.370E-01        121.984
3            -2.7993520843E+01         2.3787E+00        2.595E-01        147.610
4            -2.8022111605E+01        -7.6757E-01        1.411E-01        54.680
5            -2.8012770942E+01        -9.0943E-02        8.984E-02        54.766
6            -2.8013082752E+01         1.2110E+00        5.912E-02        53.664
7            -2.8014017943E+01        -4.6037E-01        3.590E-02        54.107
8            -2.8013812100E+01        -3.5027E-02        2.499E-02        54.028
9            -2.8010539001E+01        -6.6541E-01        2.051E-02        54.640
10           -2.8006794598E+01        -4.1565E-01        1.302E-02        54.653
11           -2.8000637442E+01        -7.7706E-01        1.063E-02        53.924
12           -2.7996418708E+01        -6.8507E-01        7.590E-03        54.026
13           -2.7992479117E+01        -7.5177E-01        5.806E-03        54.074
14           -2.7988810898E+01        -7.1850E-01        4.471E-03        54.087
15           -2.7985174436E+01        -8.0965E-01        3.416E-03        54.124
16           -2.7984062680E+01        -8.0648E-01        2.915E-03        53.959
17           -2.7981802273E+01        -8.8749E-01        2.515E-03        54.048
18           -2.7981179335E+01        -9.3416E-01        1.944E-03        53.993
19           -2.7980443508E+01        -9.8891E-01        1.632E-03        54.102
20           -2.7979510857E+01        -1.0806E+00        1.496E-03        54.058
21           -2.7978939641E+01        -1.1537E+00        1.177E-03        54.031
22           -2.7978293239E+01        -1.2551E+00        9.073E-04        58.195
23           -2.7977798786E+01        -1.3627E+00        7.146E-04        54.054
24           -2.7977618843E+01        -1.4353E+00        5.812E-04        54.670
25           -2.7977562923E+01        -1.4644E+00        4.160E-04        58.444
26           -2.7977467304E+01        -1.4955E+00        3.374E-04        54.643
27           -2.7977439849E+01        -1.5168E+00        3.171E-04        54.551
28           -2.7977446351E+01        -1.5468E+00        2.407E-04        54.001
29           -2.7977408622E+01        -1.5403E+00        1.872E-04        53.978
30           -2.7977369814E+01        -1.5434E+00        1.497E-04        53.879
31           -2.7977323828E+01        -1.5512E+00        1.077E-04        53.882
32           -2.7977269179E+01        -1.5542E+00        6.316E-05        53.189
Total number of SCF: 32    

k = [0.000, 0.000, 0.000]
Occupation of state 242 = 0.000000000000001.
Occupation of state 269 = 0.000000000000000.

No.1 Exx outer loop: 
1            -2.7780587476E+01        -1.9578E+00        1.502E-02        98.095
2            -2.7773345810E+01        -1.9604E+00        1.323E-02        100.743
3            -2.7778569932E+01        -1.6292E+00        1.461E-02        108.406
4            -2.7779147741E+01        -1.9373E+00        1.096E-02        92.646
5            -2.7783224057E+01        -1.9710E+00        8.961E-03        116.259
6            -2.7783850238E+01        -1.9481E+00        8.644E-03        95.551
7            -2.7784060544E+01        -1.9380E+00        5.624E-03        92.768
8            -2.7784832932E+01        -1.9429E+00        3.559E-03        108.333
9            -2.7784244363E+01        -1.9736E+00        2.856E-03        91.371
10           -2.7784754195E+01        -1.9718E+00        2.307E-03        98.234
11           -2.7784473016E+01        -1.9705E+00        1.812E-03        91.620
12           -2.7783948758E+01        -1.9666E+00        1.551E-03        91.311
13           -2.7783971078E+01        -1.9684E+00        1.164E-03        91.346
14           -2.7783676771E+01        -1.9676E+00        8.475E-04        91.552
15           -2.7783401799E+01        -1.9671E+00        6.958E-04        92.030
16           -2.7783189037E+01        -1.9661E+00        5.981E-04        94.469
17           -2.7782914476E+01        -1.9664E+00        4.631E-04        92.189
18           -2.7782638855E+01        -1.9659E+00        3.484E-04        91.917
19           -2.7782526598E+01        -1.9671E+00        2.751E-04        91.367
20           -2.7782494781E+01        -1.9655E+00        2.757E-04        97.698
21           -2.7782390524E+01        -1.9662E+00        1.849E-04        97.972
22           -2.7782336402E+01        -1.9654E+00        9.876E-05        79.232
23           -2.7782291979E+01        -1.9655E+00        7.023E-05        79.698
24           -2.7782274620E+01        -1.9656E+00        4.974E-05        79.125
25           -2.7782271545E+01        -1.9657E+00        5.225E-05        78.856
26           -2.7782270832E+01        -1.9655E+00        2.994E-05        79.128
27           -2.7782263108E+01        -1.9655E+00        3.185E-05        79.069
28           -2.7782257867E+01        -1.9654E+00        2.240E-05        79.145
29           -2.7782249376E+01        -1.9655E+00        2.753E-05        79.190
30           -2.7782246741E+01        -1.9654E+00        2.015E-05        79.811
31           -2.7782244479E+01        -1.9654E+00        1.233E-05        78.986
32           -2.7782243580E+01        -1.9655E+00        3.346E-05        80.067
33           -2.7782241747E+01        -1.9655E+00        2.093E-05        79.130
34           -2.7782236071E+01        -1.9653E+00        6.202E-06        78.748
35           -2.7782233147E+01        -1.9653E+00        5.691E-06        79.510
36           -2.7782230830E+01        -1.9653E+00        5.283E-06        78.504
37           -2.7782231065E+01        -1.9653E+00        2.220E-06        78.768
38           -2.7782230234E+01        -1.9653E+00        2.013E-06        82.536
39           -2.7782229037E+01        -1.9653E+00        1.674E-06        80.456
40           -2.7782228607E+01        -1.9653E+00        1.181E-06        79.178
41           -2.7782228401E+01        -1.9653E+00        6.863E-07        79.222
Total number of SCF: 41    

k = [0.000, 0.000, 0.000]
Occupation of state 242 = 0.000000000000000.
Occupation of state 269 = 0.000000000000000.
Exx outer loop error: 6.3177201651e-01 

No.2 Exx outer loop: 
1            -2.7782598777E+01        -1.9841E+00        2.325E-03        81.918
2            -2.7781984278E+01        -1.9811E+00        1.966E-03        79.048
3            -2.7782854682E+01        -1.9802E+00        1.176E-03        79.092
4            -2.7782851928E+01        -1.9796E+00        7.203E-04        79.125
5            -2.7782738351E+01        -1.9806E+00        3.217E-04        79.536
6            -2.7782766235E+01        -1.9798E+00        2.155E-04        79.205
7            -2.7782657892E+01        -1.9808E+00        2.146E-04        79.777
8            -2.7782640679E+01        -1.9809E+00        1.618E-04        78.888
9            -2.7782645146E+01        -1.9809E+00        1.409E-04        78.892
10           -2.7782633866E+01        -1.9810E+00        8.325E-05        79.223
11           -2.7782639631E+01        -1.9815E+00        1.610E-04        78.945
12           -2.7782633442E+01        -1.9817E+00        2.614E-04        79.001
13           -2.7782636214E+01        -1.9816E+00        2.274E-04        79.399
14           -2.7782637746E+01        -1.9816E+00        1.310E-04        78.830
15           -2.7782624013E+01        -1.9812E+00        5.379E-05        78.989
16           -2.7782600473E+01        -1.9814E+00        7.735E-05        79.236
17           -2.7782588564E+01        -1.9813E+00        4.673E-05        78.884
18           -2.7782579713E+01        -1.9811E+00        2.412E-05        79.175
19           -2.7782573627E+01        -1.9811E+00        1.432E-05        88.621
20           -2.7782569820E+01        -1.9811E+00        1.097E-05        81.357
21           -2.7782562939E+01        -1.9811E+00        6.650E-06        80.443
22           -2.7782559380E+01        -1.9811E+00        4.640E-06        84.051
23           -2.7782557696E+01        -1.9811E+00        2.796E-06        79.343
24           -2.7782556055E+01        -1.9811E+00        1.901E-06        109.605
25           -2.7782555258E+01        -1.9811E+00        1.563E-06        78.535
26           -2.7782554411E+01        -1.9811E+00        9.976E-07        78.635
Total number of SCF: 26    

k = [0.000, 0.000, 0.000]
Occupation of state 242 = 0.000000000000000.
Occupation of state 269 = 0.000000000000000.
Exx outer loop error: 9.7052675214e-03 

No.3 Exx outer loop: 
1            -2.7782624506E+01        -1.9856E+00        1.117E-03        81.670
2            -2.7782567583E+01        -1.9838E+00        7.887E-04        79.016
3            -2.7782658347E+01        -1.9838E+00        4.353E-04        79.002
4            -2.7782720572E+01        -1.9790E+00        1.018E-03        79.156
5            -2.7782688150E+01        -1.9832E+00        1.361E-04        79.262
6            -2.7782695628E+01        -1.9830E+00        1.232E-04        78.898
7            -2.7782672053E+01        -1.9829E+00        6.976E-05        78.811
8            -2.7782656556E+01        -1.9829E+00        5.809E-05        79.044
9            -2.7782634955E+01        -1.9829E+00        3.617E-05        79.068
10           -2.7782606926E+01        -1.9829E+00        2.221E-05        78.729
11           -2.7782593677E+01        -1.9828E+00        1.992E-05        79.300
12           -2.7782590798E+01        -1.9828E+00        1.344E-05        78.988
13           -2.7782588269E+01        -1.9828E+00        1.006E-05        78.792
14           -2.7782589864E+01        -1.9828E+00        8.506E-06        79.055
15           -2.7782586195E+01        -1.9828E+00        6.333E-06        79.261
16           -2.7782584838E+01        -1.9828E+00        5.083E-06        79.062
17           -2.7782581393E+01        -1.9828E+00        2.603E-06        79.577
18           -2.7782579513E+01        -1.9828E+00        1.580E-06        78.824
19           -2.7782578480E+01        -1.9828E+00        1.948E-06        78.602
20           -2.7782578361E+01        -1.9828E+00        6.950E-07        82.088
Total number of SCF: 20    

k = [0.000, 0.000, 0.000]
Occupation of state 242 = 0.000000000000000.
Occupation of state 269 = 0.000000000000000.
Exx outer loop error: 1.0369532903e-04 

No.4 Exx outer loop: 
1            -2.7782612310E+01        -1.9863E+00        7.887E-04        81.675
2            -2.7782607513E+01        -1.9845E+00        4.587E-04        80.997
3            -2.7782686121E+01        -1.9846E+00        2.688E-04        82.011
4            -2.7782703524E+01        -1.9842E+00        9.383E-05        79.237
5            -2.7782663840E+01        -1.9843E+00        7.108E-05        78.881
6            -2.7782672792E+01        -1.9841E+00        1.663E-04        78.647
7            -2.7782673051E+01        -1.9841E+00        1.934E-04        78.707
8            -2.7782713322E+01        -1.9841E+00        3.029E-04        79.614
9            -2.7782672584E+01        -1.9818E+00        6.189E-04        78.916
10           -2.7782664602E+01        -1.9824E+00        4.722E-04        79.560
11           -2.7782626138E+01        -1.9837E+00        3.082E-05        79.134
12           -2.7782612285E+01        -1.9836E+00        3.358E-05        78.873
13           -2.7782602790E+01        -1.9836E+00        1.391E-05        79.033
14           -2.7782600658E+01        -1.9836E+00        9.221E-06        79.165
15           -2.7782596920E+01        -1.9836E+00        7.306E-06        79.085
16           -2.7782594639E+01        -1.9836E+00        9.920E-06        79.361
17           -2.7782592427E+01        -1.9836E+00        6.309E-06        79.140
18           -2.7782590939E+01        -1.9836E+00        5.810E-06        79.293
19           -2.7782590156E+01        -1.9836E+00        3.954E-06        90.903
20           -2.7782589526E+01        -1.9835E+00        1.990E-06        80.352
21           -2.7782589304E+01        -1.9835E+00        1.695E-06        84.409
22           -2.7782588299E+01        -1.9835E+00        1.355E-06        91.535
23           -2.7782587548E+01        -1.9835E+00        1.529E-06        103.605
24           -2.7782587053E+01        -1.9835E+00        9.471E-07        86.662
Total number of SCF: 24    

k = [0.000, 0.000, 0.000]
Occupation of state 242 = 0.000000000000000.
Occupation of state 269 = 0.000000000000000.
Exx outer loop error: 2.1616923377e-04 

No.5 Exx outer loop: 
1            -2.7782609009E+01        -1.9861E+00        6.164E-04        85.439
2            -2.7782605677E+01        -1.9845E+00        2.889E-04        81.896
3            -2.7782681795E+01        -1.9851E+00        3.373E-04        79.312
4            -2.7782748601E+01        -1.9828E+00        8.201E-04        79.555
5            -2.7782646268E+01        -1.9844E+00        1.530E-04        79.197
6            -2.7782638273E+01        -1.9838E+00        6.764E-05        78.976
7            -2.7782622865E+01        -1.9838E+00        4.418E-05        79.191
8            -2.7782611239E+01        -1.9837E+00        2.742E-05        79.950
9            -2.7782614592E+01        -1.9838E+00        1.784E-05        79.001
10           -2.7782606016E+01        -1.9837E+00        1.441E-05        79.753
11           -2.7782600714E+01        -1.9837E+00        1.905E-05        79.249
12           -2.7782599646E+01        -1.9837E+00        6.041E-06        78.795
13           -2.7782598208E+01        -1.9837E+00        5.221E-06        79.047
14           -2.7782593489E+01        -1.9837E+00        2.326E-06        79.220
15           -2.7782591577E+01        -1.9837E+00        1.908E-06        79.414
16           -2.7782590451E+01        -1.9837E+00        1.080E-06        79.021
17           -2.7782590445E+01        -1.9837E+00        7.773E-07        79.315
Total number of SCF: 17    

k = [0.000, 0.000, 0.000]
Occupation of state 242 = 0.000000000000000.
Occupation of state 269 = 0.000000000000000.
Exx outer loop error: 1.0276852438e-03 

No.6 Exx outer loop: 
1            -2.7782606393E+01        -1.9852E+00        5.243E-04        81.764
2            -2.7782602373E+01        -1.9837E+00        2.023E-04        79.173
3            -2.7782670326E+01        -1.9839E+00        3.567E-04        79.196
4            -2.7782653799E+01        -1.9838E+00        2.025E-04        79.632
5            -2.7782637987E+01        -1.9835E+00        4.204E-05        79.173
6            -2.7782621473E+01        -1.9833E+00        2.887E-05        79.268
7            -2.7782610767E+01        -1.9833E+00        3.051E-05        78.906
8            -2.7782600111E+01        -1.9832E+00        1.185E-05        78.925
9            -2.7782596590E+01        -1.9832E+00        7.485E-06        81.366
10           -2.7782594861E+01        -1.9832E+00        5.793E-06        83.542
11           -2.7782594476E+01        -1.9832E+00        4.020E-06        78.865
12           -2.7782593856E+01        -1.9832E+00        2.644E-06        79.394
13           -2.7782593658E+01        -1.9832E+00        1.840E-06        78.897
14           -2.7782593319E+01        -1.9832E+00        1.635E-06        78.648
15           -2.7782593528E+01        -1.9832E+00        1.492E-06        78.746
16           -2.7782593632E+01        -1.9832E+00        9.610E-07        78.386
Total number of SCF: 16    

k = [0.000, 0.000, 0.000]
Occupation of state 242 = 0.000000000000000.
Occupation of state 269 = 0.000000000000000.
Exx outer loop error: 4.7747523832e-04 

No.7 Exx outer loop: 
1            -2.7782607607E+01        -1.9840E+00        4.695E-04        82.962
2            -2.7782601828E+01        -1.9826E+00        1.748E-04        79.354
3            -2.7782670999E+01        -1.9828E+00        2.869E-04        105.211
4            -2.7782678613E+01        -1.9832E+00        1.430E-04        81.167
5            -2.7782661416E+01        -1.9827E+00        5.956E-05        79.087
6            -2.7782627061E+01        -1.9824E+00        2.355E-05        79.151
7            -2.7782628683E+01        -1.9824E+00        3.440E-05        78.886
8            -2.7782620152E+01        -1.9823E+00        1.656E-05        78.948
9            -2.7782615196E+01        -1.9823E+00        1.280E-05        79.434
10           -2.7782610114E+01        -1.9823E+00        9.635E-06        79.264
11           -2.7782603954E+01        -1.9822E+00        5.771E-06        78.999
12           -2.7782600707E+01        -1.9822E+00        4.045E-06        78.953
13           -2.7782598955E+01        -1.9822E+00        3.749E-06        78.937
14           -2.7782597414E+01        -1.9822E+00        2.551E-06        78.872
15           -2.7782596559E+01        -1.9822E+00        2.178E-06        79.536
16           -2.7782596477E+01        -1.9822E+00        1.729E-06        78.849
17           -2.7782596412E+01        -1.9822E+00        1.318E-06        78.732
18           -2.7782595592E+01        -1.9822E+00        9.949E-07        81.041
Total number of SCF: 18    

k = [0.000, 0.000, 0.000]
Occupation of state 242 = 0.000000000000000.
Occupation of state 269 = 0.000000000000000.
Exx outer loop error: 1.1802487209e-04 

No.8 Exx outer loop: 
1            -2.7782608042E+01        -1.9827E+00        4.655E-04        81.730
2            -2.7782601102E+01        -1.9811E+00        1.570E-04        82.666
3            -2.7782691688E+01        -1.9806E+00        4.057E-04        82.451
4            -2.7782674615E+01        -1.9810E+00        3.038E-04        79.548
5            -2.7782755714E+01        -1.9808E+00        9.268E-04        79.042
6            -2.7782778194E+01        -1.9781E+00        1.235E-03        78.762
7            -2.7782777505E+01        -1.9782E+00        1.233E-03        78.878
8            -2.7782751648E+01        -1.9800E+00        9.602E-04        79.679
9            -2.7782684382E+01        -1.9816E+00        1.902E-04        78.993
10           -2.7782718333E+01        -1.9813E+00        5.981E-04        79.788
11           -2.7782698076E+01        -1.9817E+00        4.244E-04        79.079
12           -2.7782651642E+01        -1.9813E+00        7.604E-05        79.151
13           -2.7782632757E+01        -1.9815E+00        5.200E-05        79.205
14           -2.7782627114E+01        -1.9814E+00        4.635E-05        78.957
15           -2.7782615634E+01        -1.9812E+00        4.067E-05        78.910
16           -2.7782606835E+01        -1.9811E+00        3.507E-05        78.993
17           -2.7782602996E+01        -1.9811E+00        2.924E-05        78.872
18           -2.7782600364E+01        -1.9811E+00        2.041E-05        78.826
19           -2.7782598345E+01        -1.9810E+00        1.595E-05        79.445
20           -2.7782596488E+01        -1.9810E+00        1.146E-05        78.836
21           -2.7782596116E+01        -1.9810E+00        9.014E-06        80.040
22           -2.7782596890E+01        -1.9810E+00        6.831E-06        78.689
23           -2.7782596462E+01        -1.9810E+00        4.653E-06        78.560
24           -2.7782596434E+01        -1.9810E+00        2.777E-06        80.081
25           -2.7782596782E+01        -1.9810E+00        1.388E-06        83.174
26           -2.7782596685E+01        -1.9810E+00        1.570E-06        78.992
27           -2.7782596619E+01        -1.9810E+00        1.030E-06        78.952
28           -2.7782596516E+01        -1.9810E+00        1.595E-06        78.557
29           -2.7782596235E+01        -1.9810E+00        1.113E-06        78.775
30           -2.7782596157E+01        -1.9809E+00        7.061E-07        78.389
Total number of SCF: 30    

k = [0.000, 0.000, 0.000]
Occupation of state 242 = 0.000000000000000.
Occupation of state 269 = 0.000000000000000.
Exx outer loop error: 9.4145122121e-04 

No.9 Exx outer loop: 
1            -2.7782607407E+01        -1.9812E+00        4.553E-04        109.820
2            -2.7782600871E+01        -1.9795E+00        1.661E-04        95.154
3            -2.7782649633E+01        -1.9795E+00        1.844E-04        104.206
4            -2.7782671569E+01        -1.9794E+00        2.355E-04        107.879
5            -2.7782688731E+01        -1.9790E+00        3.332E-04        94.608
6            -2.7782670674E+01        -1.9794E+00        2.396E-04        91.735
7            -2.7782653329E+01        -1.9798E+00        8.258E-05        87.680
8            -2.7782652218E+01        -1.9796E+00        9.593E-05        107.921
9            -2.7782625092E+01        -1.9794E+00        3.076E-05        79.231
10           -2.7782613427E+01        -1.9795E+00        2.236E-05        90.419
11           -2.7782612207E+01        -1.9794E+00        1.806E-05        80.563
12           -2.7782610981E+01        -1.9794E+00        1.188E-05        108.589
13           -2.7782611159E+01        -1.9795E+00        8.673E-06        80.947
14           -2.7782610209E+01        -1.9795E+00        6.754E-06        108.623
15           -2.7782607857E+01        -1.9795E+00        4.779E-06        80.804
16           -2.7782606177E+01        -1.9795E+00        4.070E-06        85.911
17           -2.7782603552E+01        -1.9795E+00        3.631E-06        103.572
18           -2.7782601271E+01        -1.9795E+00        3.430E-06        79.782
19           -2.7782600841E+01        -1.9795E+00        3.170E-06        93.563
20           -2.7782599764E+01        -1.9795E+00        3.415E-06        78.612
21           -2.7782599974E+01        -1.9795E+00        3.644E-06        78.650
22           -2.7782599966E+01        -1.9795E+00        3.490E-06        79.067
23           -2.7782599257E+01        -1.9795E+00        3.582E-06        78.568
24           -2.7782599491E+01        -1.9794E+00        2.535E-06        79.545
25           -2.7782599181E+01        -1.9795E+00        1.903E-06        78.644
26           -2.7782598170E+01        -1.9795E+00        1.515E-06        78.807
27           -2.7782597661E+01        -1.9795E+00        1.064E-06        78.703
28           -2.7782597166E+01        -1.9795E+00        9.584E-07        78.537
Total number of SCF: 28    

k = [0.000, 0.000, 0.000]
Occupation of state 242 = 0.000000000000000.
Occupation of state 269 = 0.000000000000000.
Exx outer loop error: 2.9121228163e-04 

No.10 Exx outer loop: 
1            -2.7782608499E+01        -1.9797E+00        4.692E-04        81.756
2            -2.7782601228E+01        -1.9777E+00        1.723E-04        79.118
3            -2.7782642886E+01        -1.9786E+00        1.735E-04        79.149
4            -2.7782667295E+01        -1.9779E+00        1.075E-04        79.455
5            -2.7782661684E+01        -1.9781E+00        8.248E-05        79.113
6            -2.7782666196E+01        -1.9779E+00        1.312E-04        79.102
7            -2.7782665288E+01        -1.9779E+00        8.917E-05        79.764
8            -2.7782660187E+01        -1.9778E+00        7.097E-05        79.040
9            -2.7782650100E+01        -1.9778E+00        6.082E-05        79.673
10           -2.7782645963E+01        -1.9778E+00        5.776E-05        79.021
11           -2.7782641099E+01        -1.9778E+00        4.960E-05        78.880
12           -2.7782629652E+01        -1.9778E+00        3.277E-05        80.013
13           -2.7782607752E+01        -1.9778E+00        2.129E-05        83.694
14           -2.7782599687E+01        -1.9778E+00        1.740E-05        78.946
15           -2.7782597149E+01        -1.9777E+00        1.739E-05        79.076
16           -2.7782596958E+01        -1.9777E+00        1.914E-05        78.814
17           -2.7782600112E+01        -1.9777E+00        1.952E-05        78.881
18           -2.7782598845E+01        -1.9778E+00        1.496E-05        78.973
19           -2.7782601704E+01        -1.9779E+00        1.442E-05        79.087
20           -2.7782603926E+01        -1.9778E+00        6.130E-06        79.059
21           -2.7782602285E+01        -1.9778E+00        6.457E-06        79.540
22           -2.7782602013E+01        -1.9779E+00        5.401E-06        79.205
23           -2.7782600618E+01        -1.9779E+00        2.780E-06        78.856
24           -2.7782600122E+01        -1.9779E+00        4.457E-06        79.002
25           -2.7782599655E+01        -1.9779E+00        1.942E-06        79.037
26           -2.7782599168E+01        -1.9779E+00        2.026E-06        79.154
27           -2.7782598894E+01        -1.9779E+00        3.975E-06        78.985
28           -2.7782598253E+01        -1.9779E+00        1.296E-06        78.948
29           -2.7782598286E+01        -1.9779E+00        1.071E-06        78.747
30           -2.7782598448E+01        -1.9779E+00        1.895E-06        80.040
31           -2.7782598466E+01        -1.9779E+00        5.926E-07        78.482
Total number of SCF: 31    

k = [0.000, 0.000, 0.000]
Occupation of state 242 = 0.000000000000000.
Occupation of state 269 = 0.000000000000000.
Exx outer loop error: 7.6582926336e-04 

No.11 Exx outer loop: 
1            -2.7782610251E+01        -1.9782E+00        4.729E-04        82.057
2            -2.7782602967E+01        -1.9761E+00        1.860E-04        79.187
3            -2.7782687012E+01        -1.9761E+00        1.876E-04        80.130
4            -2.7782681768E+01        -1.9771E+00        1.116E-04        79.141
5            -2.7782656580E+01        -1.9771E+00        1.205E-04        79.363
6            -2.7782651085E+01        -1.9767E+00        4.499E-05        81.073
7            -2.7782645574E+01        -1.9766E+00        3.512E-05        83.590
8            -2.7782644653E+01        -1.9765E+00        2.686E-05        78.851
9            -2.7782643584E+01        -1.9765E+00        2.512E-05        79.432
10           -2.7782637447E+01        -1.9765E+00        2.260E-05        79.010
11           -2.7782628720E+01        -1.9765E+00        2.439E-05        79.077
12           -2.7782622819E+01        -1.9764E+00        2.165E-05        79.677
13           -2.7782615468E+01        -1.9764E+00        1.702E-05        79.108
14           -2.7782607790E+01        -1.9763E+00        7.493E-06        79.691
15           -2.7782604860E+01        -1.9763E+00        5.068E-06        78.899
16           -2.7782604530E+01        -1.9763E+00        3.999E-06        78.890
17           -2.7782603172E+01        -1.9763E+00        3.280E-06        79.087
18           -2.7782603099E+01        -1.9763E+00        2.848E-06        78.903
19           -2.7782603619E+01        -1.9763E+00        2.742E-06        78.998
20           -2.7782603096E+01        -1.9763E+00        2.226E-06        79.298
21           -2.7782603153E+01        -1.9763E+00        1.902E-06        79.707
22           -2.7782601627E+01        -1.9763E+00        1.673E-06        79.033
23           -2.7782600731E+01        -1.9763E+00        8.674E-07        78.758
Total number of SCF: 23    

k = [0.000, 0.000, 0.000]
Occupation of state 242 = 0.000000000000000.
Occupation of state 269 = 0.000000000000000.
Exx outer loop error: 2.2221102031e-04 

No.12 Exx outer loop: 
1            -2.7782612596E+01        -1.9769E+00        4.771E-04        94.934
2            -2.7782605202E+01        -1.9746E+00        1.966E-04        90.147
3            -2.7782786261E+01        -1.9659E+00        8.930E-04        79.274
4            -2.7782700066E+01        -1.9759E+00        2.357E-04        83.752
5            -2.7782763217E+01        -1.9730E+00        4.162E-04        81.727
6            -2.7782696276E+01        -1.9746E+00        1.522E-04        79.449
7            -2.7782680182E+01        -1.9763E+00        1.511E-04        79.062
8            -2.7782681659E+01        -1.9766E+00        2.029E-04        79.064
9            -2.7782643967E+01        -1.9747E+00        9.449E-05        79.226
10           -2.7782627396E+01        -1.9748E+00        7.659E-05        79.383
11           -2.7782624676E+01        -1.9749E+00        4.431E-05        79.170
12           -2.7782621918E+01        -1.9749E+00        3.256E-05        79.817
13           -2.7782622013E+01        -1.9750E+00        2.150E-05        79.280
14           -2.7782618115E+01        -1.9751E+00        1.170E-05        78.907
15           -2.7782614601E+01        -1.9751E+00        7.946E-06        79.055
16           -2.7782610317E+01        -1.9751E+00        5.849E-06        79.300
17           -2.7782608871E+01        -1.9751E+00        4.649E-06        78.969
18           -2.7782606470E+01        -1.9751E+00        5.249E-06        79.217
19           -2.7782606735E+01        -1.9751E+00        5.930E-06        79.001
20           -2.7782606357E+01        -1.9751E+00        5.441E-06        79.639
21           -2.7782605382E+01        -1.9751E+00        3.556E-06        78.846
22           -2.7782604509E+01        -1.9751E+00        2.152E-06        78.900
23           -2.7782603695E+01        -1.9751E+00        1.361E-06        79.447
24           -2.7782603083E+01        -1.9751E+00        9.559E-07        78.434
Total number of SCF: 24    

k = [0.000, 0.000, 0.000]
Occupation of state 242 = 0.000000000000000.
Occupation of state 269 = 0.000000000000000.
Exx outer loop error: 2.3451831533e-04 

No.13 Exx outer loop: 
1            -2.7782615557E+01        -1.9760E+00        4.553E-04        86.167
2            -2.7782607743E+01        -1.9740E+00        2.012E-04        79.383
3            -2.7782763885E+01        -1.9785E+00        4.810E-04        79.337
4            -2.7782697866E+01        -1.9762E+00        2.225E-04        87.891
5            -2.7782661400E+01        -1.9735E+00        1.991E-04        101.517
6            -2.7782741131E+01        -1.9774E+00        2.800E-04        79.167
7            -2.7782651324E+01        -1.9744E+00        6.076E-05        78.990
8            -2.7782655505E+01        -1.9749E+00        3.655E-05        86.387
9            -2.7782645682E+01        -1.9747E+00        2.468E-05        80.876
10           -2.7782635173E+01        -1.9745E+00        1.680E-05        84.680
11           -2.7782626227E+01        -1.9745E+00        1.192E-05        79.488
12           -2.7782619883E+01        -1.9745E+00        9.183E-06        87.717
13           -2.7782615253E+01        -1.9745E+00        6.543E-06        88.256
14           -2.7782611513E+01        -1.9744E+00        4.559E-06        78.994
15           -2.7782609703E+01        -1.9744E+00        3.768E-06        79.154
16           -2.7782607894E+01        -1.9744E+00        2.773E-06        79.094
17           -2.7782606103E+01        -1.9744E+00        2.262E-06        79.286
18           -2.7782605163E+01        -1.9744E+00        1.645E-06        79.716
19           -2.7782604573E+01        -1.9744E+00        1.221E-06        83.991
20           -2.7782604643E+01        -1.9744E+00        8.792E-07        78.668
Total number of SCF: 20    

k = [0.000, 0.000, 0.000]
Occupation of state 242 = 0.000000000000000.
Occupation of state 269 = 0.000000000000000.
Exx outer loop error: 3.4013374830e-04 

No.14 Exx outer loop: 
1            -2.7782615777E+01        -1.9758E+00        4.162E-04        81.896
2            -2.7782609836E+01        -1.9743E+00        1.941E-04        79.129
3            -2.7782660033E+01        -1.9749E+00        1.801E-04        79.808
4            -2.7782707699E+01        -1.9764E+00        1.826E-04        79.294
5            -2.7782692152E+01        -1.9757E+00        8.477E-05        90.295
6            -2.7782670520E+01        -1.9744E+00        1.085E-04        80.794
7            -2.7782665393E+01        -1.9747E+00        5.167E-05        100.906
8            -2.7782654768E+01        -1.9747E+00        3.698E-05        86.361
9            -2.7782644601E+01        -1.9747E+00        2.282E-05        104.968
10           -2.7782633832E+01        -1.9746E+00        1.773E-05        80.240
11           -2.7782623784E+01        -1.9746E+00        1.337E-05        79.754
12           -2.7782617651E+01        -1.9746E+00        9.845E-06        107.915
13           -2.7782614780E+01        -1.9746E+00        7.637E-06        79.490
14           -2.7782611082E+01        -1.9746E+00        5.053E-06        79.042
15           -2.7782609903E+01        -1.9746E+00        3.957E-06        79.876
16           -2.7782608307E+01        -1.9746E+00        4.100E-06        78.946
17           -2.7782608503E+01        -1.9746E+00        5.193E-06        78.723
18           -2.7782608485E+01        -1.9746E+00        6.372E-06        78.781
19           -2.7782607581E+01        -1.9746E+00        3.043E-06        79.170
20           -2.7782606673E+01        -1.9746E+00        1.714E-06        78.976
21           -2.7782606716E+01        -1.9746E+00        1.547E-06        78.982
22           -2.7782606273E+01        -1.9746E+00        1.777E-06        78.893
23           -2.7782605831E+01        -1.9746E+00        1.374E-06        79.031
24           -2.7782605341E+01        -1.9746E+00        9.345E-07        78.935
Total number of SCF: 24    

k = [0.000, 0.000, 0.000]
Occupation of state 242 = 0.000000000000000.
Occupation of state 269 = 0.000000000000000.
Exx outer loop error: 6.2591683301e-04 

No.15 Exx outer loop: 
1            -2.7782614598E+01        -1.9765E+00        3.718E-04        82.337
2            -2.7782611201E+01        -1.9753E+00        1.701E-04        106.937
3            -2.7782684020E+01        -1.9754E+00        1.450E-04        79.114
4            -2.7782695802E+01        -1.9753E+00        1.046E-04        79.550
5            -2.7782674320E+01        -1.9760E+00        6.011E-05        79.046
6            -2.7782662632E+01        -1.9759E+00        4.184E-05        79.032
7            -2.7782643671E+01        -1.9757E+00        2.009E-05        81.591
8            -2.7782631113E+01        -1.9758E+00        1.639E-05        83.384
9            -2.7782625879E+01        -1.9759E+00        1.995E-05        79.236
10           -2.7782625356E+01        -1.9758E+00        1.263E-05        79.238
11           -2.7782621944E+01        -1.9759E+00        1.895E-05        79.394
12           -2.7782618150E+01        -1.9757E+00        6.617E-06        79.113
13           -2.7782613763E+01        -1.9758E+00        5.719E-06        79.078
14           -2.7782611114E+01        -1.9757E+00        4.402E-06        79.098
15           -2.7782608756E+01        -1.9757E+00        3.589E-06        79.584
16           -2.7782607876E+01        -1.9757E+00        2.708E-06        78.918
17           -2.7782607761E+01        -1.9757E+00        1.736E-06        78.750
18           -2.7782607833E+01        -1.9757E+00        1.471E-06        79.124
19           -2.7782607774E+01        -1.9757E+00        1.264E-06        79.094
20           -2.7782607281E+01        -1.9757E+00        1.554E-06        78.928
21           -2.7782606936E+01        -1.9757E+00        1.333E-06        79.184
22           -2.7782606643E+01        -1.9757E+00        8.492E-07        79.156
Total number of SCF: 22    

k = [0.000, 0.000, 0.000]
Occupation of state 242 = 0.000000000000000.
Occupation of state 269 = 0.000000000000000.
Exx outer loop error: 1.3023894001e-04 

No.16 Exx outer loop: 
1            -2.7782613571E+01        -1.9776E+00        3.183E-04        82.643
2            -2.7782611913E+01        -1.9771E+00        1.364E-04        79.020
3            -2.7782685754E+01        -1.9804E+00        3.937E-04        79.162
4            -2.7782695069E+01        -1.9753E+00        2.989E-04        79.157
5            -2.7782697596E+01        -1.9774E+00        1.005E-04        79.557
6            -2.7782687045E+01        -1.9775E+00        6.659E-05        79.511
7            -2.7782671566E+01        -1.9778E+00        6.634E-05        79.308
8            -2.7782646590E+01        -1.9775E+00        3.204E-05        79.110
9            -2.7782630491E+01        -1.9774E+00        1.312E-05        79.126
10           -2.7782625059E+01        -1.9775E+00        1.761E-05        82.259
11           -2.7782619745E+01        -1.9774E+00        5.735E-06        81.978
12           -2.7782617248E+01        -1.9774E+00        4.798E-06        79.553
13           -2.7782614918E+01        -1.9773E+00        7.999E-06        78.904
14           -2.7782613863E+01        -1.9773E+00        3.995E-06        78.942
15           -2.7782612287E+01        -1.9773E+00        2.594E-06        78.814
16           -2.7782611045E+01        -1.9773E+00        2.736E-06        79.190
17           -2.7782610513E+01        -1.9773E+00        1.873E-06        79.462
18           -2.7782609204E+01        -1.9773E+00        1.436E-06        79.126
19           -2.7782608688E+01        -1.9773E+00        9.208E-07        78.510
Total number of SCF: 19    

k = [0.000, 0.000, 0.000]
Occupation of state 242 = 0.000000000000000.
Occupation of state 269 = 0.000000000000000.
Exx outer loop error: 3.9652047057e-04 

No.17 Exx outer loop: 
1            -2.7782614464E+01        -1.9791E+00        2.731E-04        82.321
2            -2.7782612233E+01        -1.9788E+00        1.012E-04        90.821
3            -2.7782662457E+01        -1.9786E+00        6.529E-05        80.907
4            -2.7782633240E+01        -1.9791E+00        3.646E-05        84.172
5            -2.7782623973E+01        -1.9793E+00        4.172E-05        105.375
6            -2.7782618592E+01        -1.9791E+00        1.963E-05        102.937
7            -2.7782612419E+01        -1.9790E+00        9.113E-06        86.188
8            -2.7782612078E+01        -1.9790E+00        4.298E-06        101.584
9            -2.7782611198E+01        -1.9790E+00        4.900E-06        99.465
10           -2.7782610924E+01        -1.9790E+00        5.863E-06        109.006
11           -2.7782611122E+01        -1.9790E+00        7.850E-06        96.433
12           -2.7782609602E+01        -1.9790E+00        5.899E-06        92.367
13           -2.7782607992E+01        -1.9790E+00        3.773E-06        81.803
14           -2.7782607336E+01        -1.9790E+00        3.088E-06        109.185
15           -2.7782607029E+01        -1.9790E+00        2.308E-06        87.282
16           -2.7782607218E+01        -1.9790E+00        1.610E-06        79.486
17           -2.7782607394E+01        -1.9790E+00        1.282E-06        79.065
18           -2.7782607720E+01        -1.9790E+00        5.518E-07        78.762
Total number of SCF: 18    

k = [0.000, 0.000, 0.000]
Occupation of state 242 = 0.000000000000000.
Occupation of state 269 = 0.000000000000000.
Exx outer loop error: 1.0037434644e-03 

No.18 Exx outer loop: 
1            -2.7782611010E+01        -1.9805E+00        2.404E-04        81.755
2            -2.7782611107E+01        -1.9802E+00        7.313E-05        79.173
3            -2.7782655986E+01        -1.9797E+00        1.286E-04        79.446
4            -2.7782648149E+01        -1.9804E+00        3.622E-05        79.016
5            -2.7782645699E+01        -1.9806E+00        2.547E-05        79.432
6            -2.7782632565E+01        -1.9807E+00        2.716E-05        79.077
7            -2.7782633591E+01        -1.9805E+00        1.276E-05        78.914
8            -2.7782622888E+01        -1.9805E+00        9.467E-06        79.142
9            -2.7782618199E+01        -1.9805E+00        7.271E-06        78.912
10           -2.7782615425E+01        -1.9805E+00        4.716E-06        79.059
11           -2.7782613289E+01        -1.9804E+00        3.322E-06        79.529
12           -2.7782610945E+01        -1.9805E+00        3.098E-06        78.904
13           -2.7782610150E+01        -1.9805E+00        2.070E-06        78.928
14           -2.7782608906E+01        -1.9805E+00        1.222E-06        79.693
15           -2.7782608716E+01        -1.9805E+00        9.931E-07        78.462
Total number of SCF: 15    

k = [0.000, 0.000, 0.000]
Occupation of state 242 = 0.000000000000000.
Occupation of state 269 = 0.000000000000000.
Exx outer loop error: 4.2447516439e-04 

No.19 Exx outer loop: 
1            -2.7782610863E+01        -1.9815E+00        2.151E-04        82.075
2            -2.7782610567E+01        -1.9813E+00        5.342E-05        79.102
3            -2.7782619204E+01        -1.9820E+00        8.520E-05        79.680
4            -2.7782610666E+01        -1.9814E+00        5.162E-05        79.161
5            -2.7782625122E+01        -1.9823E+00        1.020E-04        78.938
6            -2.7782610816E+01        -1.9815E+00        1.196E-05        79.143
7            -2.7782614679E+01        -1.9815E+00        7.959E-06        82.301
8            -2.7782615146E+01        -1.9816E+00        1.021E-05        83.207
9            -2.7782614060E+01        -1.9815E+00        4.683E-06        79.368
10           -2.7782613210E+01        -1.9815E+00        3.609E-06        78.897
11           -2.7782611217E+01        -1.9815E+00        2.057E-06        79.704
12           -2.7782610516E+01        -1.9815E+00        1.501E-06        79.058
13           -2.7782610184E+01        -1.9815E+00        1.420E-06        79.464
14           -2.7782609829E+01        -1.9815E+00        7.172E-07        78.493
Total number of SCF: 14    

k = [0.000, 0.000, 0.000]
Occupation of state 242 = 0.000000000000000.
Occupation of state 269 = 0.000000000000000.
Exx outer loop error: 3.3312771554e-05 
====================================================================
                    Energy and force calculation                    
====================================================================
Free energy per atom               : -2.7782608034E+01 (Ha/atom)
Total free energy                  : -1.6391738740E+03 (Ha)
Band structure energy              : -4.1443729094E+02 (Ha)
Exchange correlation energy        : -2.9180410101E+02 (Ha)
Self and correction energy         : -2.1628536933E+03 (Ha)
Entropy*kb*T                       : -2.8827576772E-03 (Ha)
Fermi level                        : -1.5316296224E-01 (Ha)
RMS force                          :  2.7520273442E-02 (Ha/Bohr)
Maximum force                      :  1.0394838216E-01 (Ha/Bohr)
Time for force calculation         :  1.201 (sec)
***************************************************************************
                               Timing info                                 
***************************************************************************
Total walltime                     :  69004.811 sec
___________________________________________________________________________

***************************************************************************
*             Material Physics & Mechanics Group, Georgia Tech            *
*                       PI: Phanish Suryanarayana                         *
*                Main Developers: Qimen Xu, Abhiraj Sharma                *
*     Collaborators: J.E. Pask (LLNL), A.J. Medford (GT), E. Chow (GT)    *
*  Acknowledgements: U.S. DOE (DE-SC0019410); U.S. NSF (1333500,1553212)  *
***************************************************************************
                                                                           

***************************************************************************
*                       SPARC (version Mar 30, 2022)                      *
*   Copyright (c) 2020 Material Physics & Mechanics Group, Georgia Tech   *
*           Distributed under GNU General Public License 3 (GPL)          *
*                   Start time: Wed Apr 13 16:49:56 2022                  *
***************************************************************************
                           Input parameters                                
***************************************************************************
CELL: 12.4338823950489 16.8986769044157 47.5378507412217 
LATVEC:
1.000000000000000 0.000000000000000 0.000000000000000 
-0.000130020950961 0.999999991547276 0.000000000000000 
0.000000000000000 -0.000000000000000 1.000000000000000 
FD_GRID: 66 89 252
FD_ORDER: 12
BC: P P D
KPOINT_GRID: 2 2 1
KPOINT_SHIFT: 0 0 0
SPIN_TYP: 1
ELEC_TEMP_TYPE: Gaussian
SMEARING: 0.007349864435
CHEB_DEGREE: 37
NSTATES: 269
EXCHANGE_CORRELATION: HSE
CALC_STRESS: 0
CALC_PRES: 0
CHEFSI_BOUND_FLAG: 0
MAXIT_SCF: 100
MINIT_SCF: 3
MAXIT_POISSON: 3000
TOL_SCF: 1.00E-06
POISSON_SOLVER: AAR
TOL_POISSON: 1.00E-08
TOL_LANCZOS: 1.00E-02
TOL_PSEUDOCHARGE: 1.00E-08
MIXING_VARIABLE: density
MIXING_PRECOND: kerker
MIXING_PRECOND_MAG: none
TOL_PRECOND: 3.57E-05
PRECOND_KERKER_KTF: 1
PRECOND_KERKER_THRESH: 0.1
MIXING_PARAMETER: 0.3
MIXING_PARAMETER_MAG: 0.3
MIXING_HISTORY: 7
PULAY_FREQUENCY: 1
PULAY_RESTART: 0
REFERENCE_CUTOFF: 0.5
RHO_TRIGGER: 4
FIX_RAND: 0
VERBOSITY: 1
PRINT_FORCES: 1
PRINT_ATOMS: 1
PRINT_EIGEN: 1
PRINT_DENSITY: 0
PRINT_ENERGY_DENSITY: 0
TOL_FOCK: 5.00E-05
TOL_SCF_INIT: 1.00E-04
MAXIT_FOCK: 1000
EXX_METHOD: FOURIER_SPACE
EXX_DIVERGENCE: AUXILIARY
ACE_FLAG: 1
EXX_ACE_MEM: 1
EXX_ACE_VALENCE_STATES: 10000
EXX_DOWNSAMPLING: 1 1 1
EXX_RANGE_FOCK: 0.106000
EXX_RANGE_PBE: 0.106000
OUTPUT_FILE: sprc-calc
***************************************************************************
                                Cell                                       
***************************************************************************
Lattice vectors (Bohr):
12.433882395048860 0.000000000000000 0.000000000000000 
-0.002197182041095 16.898676761575889 0.000000000000000 
0.000000000000000 -0.000000000000000 47.537850741221725 
Volume                  :  9.9884706279E+03 (Bohr^3)
***************************************************************************
                           Parallelization                                 
***************************************************************************
NP_SPIN_PARAL: 2
NP_KPOINT_PARAL: 4
NP_BAND_PARAL: 1
NP_DOMAIN_PARAL: 2 3 7
NP_DOMAIN_PHI_PARAL: 4 6 14
EIG_SERIAL_MAXNS: 1500
***************************************************************************
                             Initialization                                
***************************************************************************
Number of processors               :  336
Mesh spacing in x-direction        :  0.188392 (Bohr)
Mesh spacing in y-direction        :  0.189873 (Bohr)
Mesh spacing in z direction        :  0.188642 (Bohr)
Number of symmetry adapted k-points:  4
Output printed to                  :  sprc-calc.out_01
Final eigenvalues printed to       :  sprc-calc.eigen_01
Total number of atom types         :  4
Total number of atoms              :  59
Total number of electrons          :  440
Atom type 1  (valence electrons)   :  H 1
Pseudopotential                    :  H.psp8
Pseudocharge radii of atom type 1  :  3.77 3.80 3.77 (x, y, z dir)
Number of atoms of type 1          :  4
Atom type 2  (valence electrons)   :  N 5
Pseudopotential                    :  N.psp8
Pseudocharge radii of atom type 2  :  6.78 6.65 6.79 (x, y, z dir)
Number of atoms of type 2          :  2
Atom type 3  (valence electrons)   :  O 6
Pseudopotential                    :  O.psp8
Pseudocharge radii of atom type 3  :  6.78 6.84 6.79 (x, y, z dir)
Number of atoms of type 3          :  35
Atom type 4  (valence electrons)   :  Ti 12
Pseudopotential                    :  Ti.psp8
Pseudocharge radii of atom type 4  :  6.78 6.84 6.79 (x, y, z dir)
Number of atoms of type 4          :  18
Estimated total memory usage       :  316.88 GB
Estimated memory per processor     :  965.74 MB
========================================================================================
                    Self Consistent Field (SCF#1)                     
========================================================================================
Iteration     Free Energy (Ha/atom)    Magnetization     SCF Error        Timing (sec)
1            -2.7871081489E+01         3.7382E+00        4.804E-01        225.977
2            -2.7971880882E+01        -1.8913E+00        3.370E-01        55.923
3            -2.7993520843E+01         2.3787E+00        2.595E-01        62.894
4            -2.8022111605E+01        -7.6757E-01        1.411E-01        62.821
5            -2.8012770942E+01        -9.0944E-02        8.984E-02        63.217
6            -2.8013082753E+01         1.2110E+00        5.912E-02        62.723
7            -2.8014017943E+01        -4.6037E-01        3.590E-02        62.917
8            -2.8013812100E+01        -3.5027E-02        2.499E-02        62.950
9            -2.8010539001E+01        -6.6541E-01        2.051E-02        62.862
10           -2.8006794598E+01        -4.1565E-01        1.302E-02        62.896
11           -2.8000637442E+01        -7.7706E-01        1.063E-02        62.793
12           -2.7996418707E+01        -6.8507E-01        7.590E-03        62.752
13           -2.7992479117E+01        -7.5177E-01        5.806E-03        62.874
14           -2.7988810898E+01        -7.1850E-01        4.471E-03        63.670
15           -2.7985174436E+01        -8.0965E-01        3.416E-03        62.734
16           -2.7984062681E+01        -8.0648E-01        2.915E-03        62.930
17           -2.7981802273E+01        -8.8749E-01        2.515E-03        62.803
18           -2.7981179335E+01        -9.3416E-01        1.944E-03        63.147
19           -2.7980443508E+01        -9.8891E-01        1.632E-03        63.479
20           -2.7979510857E+01        -1.0806E+00        1.496E-03        68.515
21           -2.7978939640E+01        -1.1537E+00        1.177E-03        118.522
22           -2.7978293240E+01        -1.2551E+00        9.073E-04        63.482
23           -2.7977798786E+01        -1.3627E+00        7.146E-04        66.577
24           -2.7977618843E+01        -1.4353E+00        5.812E-04        72.841
25           -2.7977562923E+01        -1.4644E+00        4.160E-04        62.754
26           -2.7977467306E+01        -1.4955E+00        3.374E-04        63.406
27           -2.7977439850E+01        -1.5168E+00        3.171E-04        62.853
28           -2.7977446350E+01        -1.5468E+00        2.406E-04        62.788
29           -2.7977408625E+01        -1.5403E+00        1.872E-04        62.881
30           -2.7977369814E+01        -1.5434E+00        1.497E-04        62.537
31           -2.7977323827E+01        -1.5512E+00        1.077E-04        62.511
32           -2.7977269178E+01        -1.5542E+00        6.316E-05        62.417
Total number of SCF: 32    

k = [0.000, 0.000, 0.000]
Occupation of state 242 = 0.000000000000001.
Occupation of state 269 = 0.000000000000000.

No.1 Exx outer loop: 
1            -2.7780556525E+01        -1.9578E+00        1.502E-02        93.057
2            -2.7773307238E+01        -1.9604E+00        1.323E-02        114.739
3            -2.7778497987E+01        -1.6292E+00        1.461E-02        86.689
4            -2.7779117278E+01        -1.9373E+00        1.096E-02        109.171
5            -2.7783157394E+01        -1.9710E+00        8.961E-03        91.013
6            -2.7783818443E+01        -1.9481E+00        8.644E-03        98.983
7            -2.7784020401E+01        -1.9380E+00        5.624E-03        112.106
8            -2.7784781205E+01        -1.9429E+00        3.559E-03        89.698
9            -2.7784188459E+01        -1.9736E+00        2.856E-03        91.099
10           -2.7784698248E+01        -1.9718E+00        2.307E-03        96.670
11           -2.7784416012E+01        -1.9705E+00        1.812E-03        113.867
12           -2.7783889999E+01        -1.9666E+00        1.551E-03        99.374
13           -2.7783911568E+01        -1.9684E+00        1.164E-03        80.934
14           -2.7783617033E+01        -1.9676E+00        8.476E-04        80.794
15           -2.7783343500E+01        -1.9671E+00        6.959E-04        99.287
16           -2.7783131180E+01        -1.9661E+00        5.982E-04        80.823
17           -2.7782856747E+01        -1.9664E+00        4.631E-04        80.776
18           -2.7782580441E+01        -1.9659E+00        3.484E-04        80.823
19           -2.7782468053E+01        -1.9671E+00        2.751E-04        80.781
20           -2.7782436371E+01        -1.9655E+00        2.757E-04        82.084
21           -2.7782332306E+01        -1.9662E+00        1.850E-04        81.208
22           -2.7782278214E+01        -1.9654E+00        9.874E-05        82.064
23           -2.7782233751E+01        -1.9655E+00        7.023E-05        81.001
24           -2.7782216310E+01        -1.9656E+00        4.980E-05        80.801
25           -2.7782213250E+01        -1.9657E+00        5.231E-05        80.577
26           -2.7782212585E+01        -1.9655E+00        2.994E-05        80.743
27           -2.7782204903E+01        -1.9655E+00        3.188E-05        80.727
28           -2.7782199674E+01        -1.9654E+00        2.245E-05        93.705
29           -2.7782191197E+01        -1.9655E+00        2.723E-05        83.063
30           -2.7782188572E+01        -1.9654E+00        2.029E-05        81.540
31           -2.7782186127E+01        -1.9654E+00        1.161E-05        81.965
32           -2.7782186464E+01        -1.9656E+00        4.562E-05        86.446
33           -2.7782183164E+01        -1.9654E+00        1.912E-05        109.341
34           -2.7782177336E+01        -1.9653E+00        5.649E-06        80.811
35           -2.7782173084E+01        -1.9653E+00        6.662E-06        80.624
36           -2.7782172771E+01        -1.9653E+00        2.933E-06        83.352
37           -2.7782171498E+01        -1.9653E+00        3.429E-06        82.293
38           -2.7782171795E+01        -1.9653E+00        1.366E-06        80.892
39           -2.7782170664E+01        -1.9653E+00        8.749E-07        80.349
Total number of SCF: 39    

k = [0.000, 0.000, 0.000]
Occupation of state 242 = 0.000000000000000.
Occupation of state 269 = 0.000000000000000.
Exx outer loop error: 6.3191958905e-01 

No.2 Exx outer loop: 
1            -2.7782541595E+01        -1.9841E+00        2.324E-03        84.272
2            -2.7781923379E+01        -1.9811E+00        1.966E-03        80.911
3            -2.7783987062E+01        -1.9585E+00        4.524E-03        80.942
4            -2.7783385000E+01        -1.9721E+00        2.845E-03        81.548
5            -2.7782889950E+01        -1.9835E+00        8.005E-04        80.995
6            -2.7782860125E+01        -1.9839E+00        5.178E-04        81.400
7            -2.7782730973E+01        -1.9794E+00        6.114E-04        80.852
8            -2.7782590993E+01        -1.9815E+00        4.440E-04        80.803
9            -2.7782565879E+01        -1.9806E+00        2.354E-04        80.754
10           -2.7782557453E+01        -1.9807E+00        1.646E-04        80.844
11           -2.7782516299E+01        -1.9809E+00        8.013E-05        80.916
12           -2.7782498663E+01        -1.9810E+00        5.400E-05        80.857
13           -2.7782500016E+01        -1.9811E+00        2.546E-05        80.731
14           -2.7782503012E+01        -1.9811E+00        1.742E-05        80.728
15           -2.7782500115E+01        -1.9811E+00        1.176E-05        81.066
16           -2.7782496413E+01        -1.9811E+00        7.406E-06        80.795
17           -2.7782494498E+01        -1.9811E+00        6.621E-06        81.496
18           -2.7782492306E+01        -1.9811E+00        4.910E-06        80.672
19           -2.7782490814E+01        -1.9811E+00        3.441E-06        80.850
20           -2.7782489271E+01        -1.9811E+00        2.570E-06        80.770
21           -2.7782486699E+01        -1.9811E+00        1.722E-06        82.380
22           -2.7782485691E+01        -1.9811E+00        1.131E-06        82.469
23           -2.7782485210E+01        -1.9811E+00        7.913E-07        80.450
Total number of SCF: 23    

k = [0.000, 0.000, 0.000]
Occupation of state 242 = 0.000000000000000.
Occupation of state 269 = 0.000000000000000.
Exx outer loop error: 9.1882840941e-03 

No.3 Exx outer loop: 
1            -2.7782553724E+01        -1.9857E+00        1.116E-03        86.985
2            -2.7782497558E+01        -1.9837E+00        7.882E-04        80.890
3            -2.7782630547E+01        -1.9846E+00        4.886E-04        81.014
4            -2.7782661027E+01        -1.9835E+00        1.714E-04        81.121
5            -2.7782595202E+01        -1.9833E+00        1.076E-04        83.021
6            -2.7782583075E+01        -1.9831E+00        6.674E-05        91.617
7            -2.7782565741E+01        -1.9831E+00        4.817E-05        85.698
8            -2.7782543570E+01        -1.9830E+00        3.742E-05        81.309
9            -2.7782518718E+01        -1.9828E+00        2.175E-05        81.615
10           -2.7782518553E+01        -1.9828E+00        1.424E-05        82.168
11           -2.7782516583E+01        -1.9828E+00        2.172E-05        130.394
12           -2.7782515277E+01        -1.9828E+00        8.407E-06        90.714
13           -2.7782513861E+01        -1.9828E+00        1.957E-05        83.261
14           -2.7782511041E+01        -1.9828E+00        5.062E-06        81.188
15           -2.7782509262E+01        -1.9828E+00        3.579E-06        99.977
16           -2.7782507695E+01        -1.9828E+00        4.804E-06        110.010
17           -2.7782506542E+01        -1.9828E+00        2.280E-06        80.957
18           -2.7782506204E+01        -1.9828E+00        1.951E-06        81.171
19           -2.7782505832E+01        -1.9828E+00        1.917E-06        80.625
20           -2.7782505591E+01        -1.9828E+00        1.081E-06        80.681
21           -2.7782505282E+01        -1.9828E+00        8.563E-07        82.045
Total number of SCF: 21    

k = [0.000, 0.000, 0.000]
Occupation of state 242 = 0.000000000000000.
Occupation of state 269 = 0.000000000000000.
Exx outer loop error: 5.1923347854e-04 

No.4 Exx outer loop: 
1            -2.7782539671E+01        -1.9863E+00        7.896E-04        96.776
2            -2.7782533642E+01        -1.9845E+00        4.579E-04        82.327
3            -2.7782670427E+01        -1.9856E+00        3.807E-04        80.938
4            -2.7782622252E+01        -1.9853E+00        2.169E-04        80.919
5            -2.7782590360E+01        -1.9846E+00        1.937E-04        80.700
6            -2.7782590832E+01        -1.9843E+00        1.262E-04        80.997
7            -2.7782591228E+01        -1.9842E+00        8.284E-05        81.187
8            -2.7782584795E+01        -1.9839E+00        7.086E-05        81.406
9            -2.7782571274E+01        -1.9838E+00        4.779E-05        80.897
10           -2.7782551021E+01        -1.9838E+00        2.816E-05        80.675
11           -2.7782544738E+01        -1.9837E+00        2.313E-05        80.744
12           -2.7782534018E+01        -1.9836E+00        1.513E-05        80.800
13           -2.7782526962E+01        -1.9835E+00        1.113E-05        80.714
14           -2.7782522260E+01        -1.9835E+00        1.064E-05        80.866
15           -2.7782520676E+01        -1.9835E+00        8.706E-06        80.662
16           -2.7782520456E+01        -1.9835E+00        8.205E-06        80.819
17           -2.7782518847E+01        -1.9835E+00        1.041E-05        80.797
18           -2.7782518450E+01        -1.9835E+00        8.884E-06        81.072
19           -2.7782517848E+01        -1.9835E+00        6.136E-06        81.478
20           -2.7782515996E+01        -1.9836E+00        4.558E-06        80.820
21           -2.7782514120E+01        -1.9836E+00        4.015E-06        80.897
22           -2.7782513516E+01        -1.9835E+00        3.067E-06        80.809
23           -2.7782511163E+01        -1.9835E+00        1.962E-06        82.786
24           -2.7782510571E+01        -1.9835E+00        2.991E-06        83.016
25           -2.7782510143E+01        -1.9835E+00        1.626E-06        80.743
26           -2.7782508956E+01        -1.9835E+00        1.020E-06        81.531
27           -2.7782508642E+01        -1.9835E+00        7.747E-07        80.297
Total number of SCF: 27    

k = [0.000, 0.000, 0.000]
Occupation of state 242 = 0.000000000000000.
Occupation of state 269 = 0.000000000000000.
Exx outer loop error: 8.1099299354e-04 

No.5 Exx outer loop: 
1            -2.7782530248E+01        -1.9861E+00        6.188E-04        83.377
2            -2.7782527448E+01        -1.9844E+00        2.882E-04        80.768
3            -2.7782605853E+01        -1.9824E+00        7.334E-04        80.824
4            -2.7782619180E+01        -1.9849E+00        3.381E-04        81.541
5            -2.7782667756E+01        -1.9844E+00        8.592E-05        82.107
6            -2.7782649278E+01        -1.9842E+00        7.478E-05        81.083
7            -2.7782564452E+01        -1.9841E+00        4.162E-05        80.972
8            -2.7782551898E+01        -1.9835E+00        2.434E-04        80.893
9            -2.7782533124E+01        -1.9838E+00        2.452E-05        81.030
10           -2.7782530166E+01        -1.9838E+00        2.244E-05        80.776
11           -2.7782523706E+01        -1.9837E+00        2.222E-05        80.743
12           -2.7782521747E+01        -1.9837E+00        1.967E-05        80.775
13           -2.7782520215E+01        -1.9837E+00        5.902E-06        80.584
14           -2.7782517567E+01        -1.9837E+00        1.353E-05        80.669
15           -2.7782514678E+01        -1.9837E+00        4.429E-06        81.174
16           -2.7782513081E+01        -1.9837E+00        4.035E-06        81.097
17           -2.7782512270E+01        -1.9837E+00        1.999E-06        80.965
18           -2.7782511723E+01        -1.9837E+00        2.033E-06        92.559
19           -2.7782511362E+01        -1.9837E+00        6.457E-07        82.529
Total number of SCF: 19    

k = [0.000, 0.000, 0.000]
Occupation of state 242 = 0.000000000000000.
Occupation of state 269 = 0.000000000000000.
Exx outer loop error: 4.9019544830e-04 

No.6 Exx outer loop: 
1            -2.7782528017E+01        -1.9852E+00        5.232E-04        83.493
2            -2.7782523089E+01        -1.9837E+00        2.039E-04        80.938
3            -2.7782550235E+01        -1.9840E+00        2.018E-04        82.613
4            -2.7782568598E+01        -1.9840E+00        2.230E-04        82.912
5            -2.7782603266E+01        -1.9842E+00        1.607E-04        80.740
6            -2.7782597983E+01        -1.9844E+00        1.248E-04        80.824
7            -2.7782589644E+01        -1.9841E+00        1.409E-04        80.970
8            -2.7782612765E+01        -1.9844E+00        1.667E-04        81.215
9            -2.7782554883E+01        -1.9834E+00        2.335E-05        80.829
10           -2.7782548823E+01        -1.9833E+00        1.896E-05        81.212
11           -2.7782541884E+01        -1.9832E+00        1.434E-05        80.811
12           -2.7782535299E+01        -1.9832E+00        1.111E-05        80.873
13           -2.7782528938E+01        -1.9832E+00        8.586E-06        80.927
14           -2.7782523768E+01        -1.9832E+00        6.206E-06        80.848
15           -2.7782520453E+01        -1.9832E+00        5.976E-06        80.669
16           -2.7782519682E+01        -1.9832E+00        5.121E-06        80.793
17           -2.7782516686E+01        -1.9832E+00        4.783E-06        80.613
18           -2.7782516450E+01        -1.9832E+00        3.278E-06        80.634
19           -2.7782514632E+01        -1.9832E+00        3.118E-06        80.763
20           -2.7782513881E+01        -1.9832E+00        1.622E-06        81.134
21           -2.7782513146E+01        -1.9832E+00        1.435E-06        81.530
22           -2.7782512299E+01        -1.9832E+00        1.464E-06        81.596
23           -2.7782511965E+01        -1.9832E+00        9.664E-07        82.034
Total number of SCF: 23    

k = [0.000, 0.000, 0.000]
Occupation of state 242 = 0.000000000000000.
Occupation of state 269 = 0.000000000000000.
Exx outer loop error: 6.8527491800e-04 

No.7 Exx outer loop: 
1            -2.7782525869E+01        -1.9840E+00        4.903E-04        83.496
2            -2.7782519295E+01        -1.9826E+00        1.644E-04        80.969
3            -2.7782683327E+01        -1.9841E+00        3.514E-04        80.693
4            -2.7782715615E+01        -1.9843E+00        3.835E-04        80.620
5            -2.7782702386E+01        -1.9842E+00        3.778E-04        80.904
6            -2.7782763340E+01        -1.9849E+00        6.512E-04        80.810
7            -2.7782606276E+01        -1.9827E+00        1.286E-04        80.930
8            -2.7782589600E+01        -1.9824E+00        4.552E-05        80.796
9            -2.7782576645E+01        -1.9823E+00        3.373E-05        80.952
10           -2.7782567562E+01        -1.9823E+00        2.480E-05        81.303
11           -2.7782549689E+01        -1.9823E+00        1.661E-05        81.201
12           -2.7782538220E+01        -1.9823E+00        1.863E-05        80.853
13           -2.7782533255E+01        -1.9823E+00        1.107E-05        80.882
14           -2.7782528241E+01        -1.9822E+00        9.477E-06        80.839
15           -2.7782522991E+01        -1.9822E+00        6.614E-06        81.192
16           -2.7782515680E+01        -1.9822E+00        3.198E-06        82.769
17           -2.7782513698E+01        -1.9822E+00        2.622E-06        81.171
18           -2.7782512699E+01        -1.9822E+00        1.612E-06        85.816
19           -2.7782512177E+01        -1.9822E+00        1.082E-06        80.683
20           -2.7782512034E+01        -1.9822E+00        9.630E-07        80.494
Total number of SCF: 20    

k = [0.000, 0.000, 0.000]
Occupation of state 242 = 0.000000000000000.
Occupation of state 269 = 0.000000000000000.
Exx outer loop error: 4.1415847372e-04 

No.8 Exx outer loop: 
1            -2.7782523621E+01        -1.9827E+00        4.542E-04        83.446
2            -2.7782517352E+01        -1.9812E+00        1.640E-04        81.323
3            -2.7782617491E+01        -1.9827E+00        3.327E-04        81.262
4            -2.7782619228E+01        -1.9828E+00        3.242E-04        81.072
5            -2.7782608139E+01        -1.9824E+00        3.658E-04        80.794
6            -2.7782569990E+01        -1.9820E+00        2.605E-04        80.946
7            -2.7782542485E+01        -1.9813E+00        8.111E-05        80.715
8            -2.7782542931E+01        -1.9812E+00        6.014E-05        80.881
9            -2.7782540407E+01        -1.9812E+00        5.780E-05        80.964
10           -2.7782533122E+01        -1.9812E+00        4.481E-05        80.740
11           -2.7782529875E+01        -1.9812E+00        4.425E-05        80.785
12           -2.7782525891E+01        -1.9811E+00        4.125E-05        80.891
13           -2.7782513704E+01        -1.9811E+00        4.026E-05        80.980
14           -2.7782511432E+01        -1.9811E+00        4.062E-05        81.373
15           -2.7782511487E+01        -1.9811E+00        3.673E-05        80.594
16           -2.7782514733E+01        -1.9810E+00        3.449E-05        80.833
17           -2.7782516430E+01        -1.9810E+00        3.103E-05        80.670
18           -2.7782518745E+01        -1.9810E+00        2.217E-05        80.800
19           -2.7782515635E+01        -1.9810E+00        1.829E-05        80.818
20           -2.7782517539E+01        -1.9810E+00        7.333E-06        80.859
21           -2.7782516802E+01        -1.9810E+00        4.774E-06        82.346
22           -2.7782514843E+01        -1.9810E+00        5.719E-06        81.120
23           -2.7782513833E+01        -1.9810E+00        2.782E-06        80.690
24           -2.7782513418E+01        -1.9810E+00        3.602E-06        81.063
25           -2.7782512741E+01        -1.9810E+00        2.544E-06        85.478
26           -2.7782512560E+01        -1.9810E+00        1.445E-06        80.744
27           -2.7782512163E+01        -1.9810E+00        1.204E-06        80.559
28           -2.7782512466E+01        -1.9810E+00        2.491E-06        80.527
29           -2.7782512174E+01        -1.9810E+00        6.352E-07        80.272
Total number of SCF: 29    

k = [0.000, 0.000, 0.000]
Occupation of state 242 = 0.000000000000000.
Occupation of state 269 = 0.000000000000000.
Exx outer loop error: 6.4718182999e-04 

No.9 Exx outer loop: 
1            -2.7782523918E+01        -1.9812E+00        4.682E-04        110.533
2            -2.7782516242E+01        -1.9795E+00        1.607E-04        80.939
3            -2.7782597923E+01        -1.9791E+00        2.419E-04        124.174
4            -2.7782589990E+01        -1.9798E+00        1.078E-04        85.272
5            -2.7782565221E+01        -1.9799E+00        6.316E-05        88.803
6            -2.7782560979E+01        -1.9797E+00        4.070E-05        80.795
7            -2.7782546449E+01        -1.9796E+00        2.904E-05        81.026
8            -2.7782536199E+01        -1.9796E+00        2.491E-05        81.730
9            -2.7782530353E+01        -1.9796E+00        1.543E-05        80.882
10           -2.7782525042E+01        -1.9795E+00        2.446E-05        104.619
11           -2.7782520880E+01        -1.9795E+00        8.091E-06        80.682
12           -2.7782520287E+01        -1.9795E+00        2.288E-05        80.897
13           -2.7782516715E+01        -1.9795E+00        4.911E-06        80.629
14           -2.7782515289E+01        -1.9795E+00        3.276E-06        80.693
15           -2.7782514343E+01        -1.9795E+00        2.696E-06        89.211
16           -2.7782514686E+01        -1.9795E+00        1.759E-06        80.847
17           -2.7782514162E+01        -1.9795E+00        1.761E-06        80.645
18           -2.7782513965E+01        -1.9795E+00        1.014E-06        80.834
19           -2.7782513385E+01        -1.9795E+00        7.709E-07        110.310
Total number of SCF: 19    

k = [0.000, 0.000, 0.000]
Occupation of state 242 = 0.000000000000000.
Occupation of state 269 = 0.000000000000000.
Exx outer loop error: 9.5389607168e-05 

No.10 Exx outer loop: 
1            -2.7782525323E+01        -1.9797E+00        4.756E-04        83.475
2            -2.7782517006E+01        -1.9777E+00        1.715E-04        81.740
3            -2.7782610955E+01        -1.9776E+00        2.945E-04        80.917
4            -2.7782585100E+01        -1.9793E+00        2.068E-04        80.895
5            -2.7782574196E+01        -1.9784E+00        6.691E-05        80.729
6            -2.7782577395E+01        -1.9783E+00        5.401E-05        174.493
7            -2.7782573942E+01        -1.9781E+00        3.309E-05        202.466
8            -2.7782566010E+01        -1.9781E+00        2.977E-05        163.774
9            -2.7782554185E+01        -1.9779E+00        2.535E-05        159.933
10           -2.7782546263E+01        -1.9780E+00        2.266E-05        175.706
11           -2.7782532785E+01        -1.9779E+00        1.628E-05        189.801
12           -2.7782526025E+01        -1.9778E+00        1.342E-05        129.366
13           -2.7782520786E+01        -1.9778E+00        9.349E-06        80.612
14           -2.7782518046E+01        -1.9779E+00        6.577E-06        81.679
15           -2.7782514879E+01        -1.9778E+00        4.751E-06        162.313
16           -2.7782513421E+01        -1.9779E+00        3.515E-06        110.757
17           -2.7782513222E+01        -1.9779E+00        2.154E-06        80.758
18           -2.7782513136E+01        -1.9779E+00        1.530E-06        80.812
19           -2.7782513165E+01        -1.9779E+00        1.337E-06        80.670
20           -2.7782512800E+01        -1.9779E+00        1.053E-06        80.706
21           -2.7782512581E+01        -1.9779E+00        9.131E-07        80.298
Total number of SCF: 21    

k = [0.000, 0.000, 0.000]
Occupation of state 242 = 0.000000000000000.
Occupation of state 269 = 0.000000000000000.
Exx outer loop error: 8.6477501872e-04 

No.11 Exx outer loop: 
1            -2.7782523894E+01        -1.9781E+00        4.706E-04        83.642
2            -2.7782516232E+01        -1.9761E+00        1.864E-04        88.899
3            -2.7782582183E+01        -1.9761E+00        1.385E-04        81.055
4            -2.7782588258E+01        -1.9776E+00        1.551E-04        80.902
5            -2.7782572278E+01        -1.9768E+00        6.738E-05        81.196
6            -2.7782557573E+01        -1.9767E+00        5.276E-05        80.661
7            -2.7782553480E+01        -1.9768E+00        5.024E-05        108.464
8            -2.7782551503E+01        -1.9767E+00        4.396E-05        80.887
9            -2.7782549185E+01        -1.9765E+00        2.164E-05        80.707
10           -2.7782548313E+01        -1.9764E+00        1.804E-05        80.931
11           -2.7782545795E+01        -1.9764E+00        1.579E-05        80.815
12           -2.7782538435E+01        -1.9764E+00        1.215E-05        80.779
13           -2.7782527785E+01        -1.9764E+00        7.944E-06        80.784
14           -2.7782521790E+01        -1.9763E+00        6.038E-06        80.754
15           -2.7782514669E+01        -1.9763E+00        4.078E-06        80.645
16           -2.7782512995E+01        -1.9763E+00        3.288E-06        80.777
17           -2.7782513292E+01        -1.9763E+00        2.481E-06        80.600
18           -2.7782513754E+01        -1.9763E+00        1.817E-06        84.830
19           -2.7782514077E+01        -1.9763E+00        1.381E-06        80.584
20           -2.7782513523E+01        -1.9763E+00        9.161E-07        80.446
Total number of SCF: 20    

k = [0.000, 0.000, 0.000]
Occupation of state 242 = 0.000000000000000.
Occupation of state 269 = 0.000000000000000.
Exx outer loop error: 7.8192600108e-05 

No.12 Exx outer loop: 
1            -2.7782525192E+01        -1.9769E+00        4.726E-04        83.377
2            -2.7782517328E+01        -1.9747E+00        1.965E-04        80.973
3            -2.7782825310E+01        -1.9791E+00        5.687E-04        80.628
4            -2.7782788093E+01        -1.9777E+00        4.284E-04        80.824
5            -2.7782844977E+01        -1.9790E+00        5.103E-04        80.897
6            -2.7782769848E+01        -1.9786E+00        3.843E-04        80.877
7            -2.7782604936E+01        -1.9751E+00        1.303E-04        80.916
8            -2.7782558644E+01        -1.9755E+00        9.482E-05        81.127
9            -2.7782558352E+01        -1.9766E+00        1.533E-04        80.905
10           -2.7782502925E+01        -1.9752E+00        4.647E-05        81.625
11           -2.7782522400E+01        -1.9752E+00        2.556E-05        80.706
12           -2.7782523535E+01        -1.9752E+00        2.374E-05        80.702
13           -2.7782530991E+01        -1.9752E+00        1.836E-05        80.640
14           -2.7782529384E+01        -1.9752E+00        1.630E-05        80.769
15           -2.7782526580E+01        -1.9752E+00        1.311E-05        80.714
16           -2.7782524802E+01        -1.9751E+00        8.935E-06        80.538
17           -2.7782524226E+01        -1.9751E+00        5.680E-06        80.652
18           -2.7782521968E+01        -1.9751E+00        5.164E-06        80.723
19           -2.7782519442E+01        -1.9751E+00        3.397E-06        80.975
20           -2.7782516760E+01        -1.9751E+00        3.025E-06        80.740
21           -2.7782515326E+01        -1.9751E+00        1.743E-06        81.251
22           -2.7782514763E+01        -1.9751E+00        1.552E-06        80.563
23           -2.7782514985E+01        -1.9751E+00        9.259E-07        80.311
Total number of SCF: 23    

k = [0.000, 0.000, 0.000]
Occupation of state 242 = 0.000000000000000.
Occupation of state 269 = 0.000000000000000.
Exx outer loop error: 2.3549972033e-05 
====================================================================
                    Energy and force calculation                    
====================================================================
Free energy per atom               : -2.7782513329E+01 (Ha/atom)
Total free energy                  : -1.6391682864E+03 (Ha)
Band structure energy              : -4.1449094501E+02 (Ha)
Exchange correlation energy        : -2.9179254472E+02 (Ha)
Self and correction energy         : -2.1628536933E+03 (Ha)
Entropy*kb*T                       : -3.3725211286E-03 (Ha)
Fermi level                        : -1.5262886713E-01 (Ha)
RMS force                          :  2.7372358476E-02 (Ha/Bohr)
Maximum force                      :  1.0405097952E-01 (Ha/Bohr)
Time for force calculation         :  0.962 (sec)
***************************************************************************
                               Timing info                                 
***************************************************************************
Total walltime                     :  46633.066 sec
___________________________________________________________________________

***************************************************************************
*             Material Physics & Mechanics Group, Georgia Tech            *
*                       PI: Phanish Suryanarayana                         *
*                Main Developers: Qimen Xu, Abhiraj Sharma                *
*     Collaborators: J.E. Pask (LLNL), A.J. Medford (GT), E. Chow (GT)    *
*  Acknowledgements: U.S. DOE (DE-SC0019410); U.S. NSF (1333500,1553212)  *
***************************************************************************
                                                                           
