                Step[ FC]     Time          Energy          fmax
*Force-consistent energies used in optimization.
BFGSLineSearch:    0[  0] 14:52:34   -40436.389611*      10.6631
BFGSLineSearch:    1[  1] 15:01:55   -40438.720206*       7.1840
BFGSLineSearch:    2[  3] 15:17:13   -40441.248037*      11.1186
BFGSLineSearch:    3[  5] 15:28:56   -40442.233275*       4.4338
BFGSLineSearch:    4[  6] 15:36:04   -40443.430330*       5.3157
BFGSLineSearch:    5[  8] 15:49:30   -40444.070527*       3.7907
BFGSLineSearch:    6[ 10] 16:02:22   -40444.542784*       3.2440
BFGSLineSearch:    7[ 12] 16:17:16   -40444.916747*       2.2939
BFGSLineSearch:    8[ 14] 16:35:03   -40445.132135*       1.8115
BFGSLineSearch:    9[ 16] 16:49:48   -40445.399160*       1.4506
BFGSLineSearch:   10[ 18] 17:02:46   -40445.573070*       1.9634
BFGSLineSearch:   11[ 20] 17:16:47   -40445.715771*       1.8924
BFGSLineSearch:   12[ 22] 17:31:02   -40445.842495*       1.4427
BFGSLineSearch:   13[ 23] 17:38:13   -40446.011708*       0.8584
BFGSLineSearch:   14[ 24] 17:45:28   -40446.153437*       1.0266
BFGSLineSearch:   15[ 25] 17:52:10   -40446.293852*       0.9724
BFGSLineSearch:   16[ 26] 17:59:22   -40446.364580*       0.6026
BFGSLineSearch:   17[ 27] 18:06:47   -40446.456686*       0.6759
BFGSLineSearch:   18[ 28] 18:13:48   -40446.505853*       0.6603
BFGSLineSearch:   19[ 30] 18:27:16   -40446.550686*       0.4621
BFGSLineSearch:   20[ 32] 18:40:58   -40446.587032*       0.4343
BFGSLineSearch:   21[ 33] 18:46:53   -40446.610576*       0.6381
                Step[ FC]     Time          Energy          fmax
*Force-consistent energies used in optimization.
BFGSLineSearch:    0[  0] 19:19:49   -40446.610591*       0.6378
BFGSLineSearch:    1[  2] 19:32:06   -40446.625180*       0.2766
BFGSLineSearch:    2[  3] 19:38:58   -40446.642055*       0.1939
BFGSLineSearch:    3[  4] 19:46:13   -40446.675444*       0.4095
BFGSLineSearch:    4[  5] 19:52:38   -40446.691393*       0.3000
BFGSLineSearch:    5[  6] 19:58:30   -40446.704892*       0.1765
BFGSLineSearch:    6[  7] 20:04:47   -40446.714173*       0.2149
BFGSLineSearch:    7[  8] 20:10:45   -40446.724044*       0.4513
BFGSLineSearch:    8[  9] 20:16:15   -40446.731910*       0.1145
BFGSLineSearch:    9[ 10] 20:21:32   -40446.736375*       0.2262
BFGSLineSearch:   10[ 11] 20:27:05   -40446.740027*       0.2058
BFGSLineSearch:   11[ 12] 20:32:14   -40446.742310*       0.1281
BFGSLineSearch:   12[ 13] 20:38:27   -40446.744286*       0.1942
BFGSLineSearch:   13[ 14] 20:44:12   -40446.746342*       0.0648
BFGSLineSearch:   14[ 15] 20:48:49   -40446.748495*       0.0565
BFGSLineSearch:   15[ 16] 20:53:57   -40446.750800*       0.1006
BFGSLineSearch:   16[ 17] 20:58:48   -40446.753221*       0.2090
BFGSLineSearch:   17[ 18] 21:05:10   -40446.756708*       0.1946
BFGSLineSearch:   18[ 19] 21:11:22   -40446.759225*       0.1319
BFGSLineSearch:   19[ 20] 21:17:40   -40446.762735*       0.0737
BFGSLineSearch:   20[ 21] 21:22:42   -40446.764971*       0.1449
BFGSLineSearch:   21[ 22] 21:27:45   -40446.766744*       0.1019
BFGSLineSearch:   22[ 23] 21:32:17   -40446.768356*       0.0999
BFGSLineSearch:   23[ 24] 21:36:39   -40446.769365*       0.1376
BFGSLineSearch:   24[ 25] 21:42:02   -40446.770695*       0.1325
BFGSLineSearch:   25[ 27] 21:54:02   -40446.771560*       0.0666
BFGSLineSearch:   26[ 28] 21:58:40   -40446.773022*       0.0757
BFGSLineSearch:   27[ 37] 22:26:42   -40446.773929*       0.4287
BFGSLineSearch:   28[ 38] 22:31:08   -40446.776192*       0.1220
BFGSLineSearch:   29[ 40] 22:40:35   -40446.777870*       0.1655
BFGSLineSearch:   30[ 41] 22:45:40   -40446.779839*       0.1407
BFGSLineSearch:   31[ 42] 22:50:39   -40446.781806*       0.2909
BFGSLineSearch:   32[ 44] 23:00:53   -40446.783429*       0.5615
BFGSLineSearch:   33[ 45] 23:05:48   -40446.786245*       0.1430
BFGSLineSearch:   34[ 46] 23:10:51   -40446.789880*       0.1067
                Step[ FC]     Time          Energy          fmax
*Force-consistent energies used in optimization.
BFGSLineSearch:    0[  0] 23:51:24   -40446.789892*       0.1063
BFGSLineSearch:    1[  1] 00:01:12   -40446.792053*       0.1346
BFGSLineSearch:    2[  2] 00:12:54   -40446.797082*       0.4412
BFGSLineSearch:    3[  3] 00:21:49   -40446.800837*       0.1759
BFGSLineSearch:    4[  4] 00:33:11   -40446.808965*       0.3024
BFGSLineSearch:    5[  5] 00:43:37   -40446.822392*       0.2534
BFGSLineSearch:    6[  7] 01:05:23   -40446.831734*       0.4039
BFGSLineSearch:    7[  8] 01:17:44   -40446.859320*       0.7705
BFGSLineSearch:    8[  9] 01:29:53   -40446.899533*       0.7519
BFGSLineSearch:    9[ 11] 01:53:56   -40446.925234*       0.3466
BFGSLineSearch:   10[ 12] 02:05:59   -40446.974696*       0.6218
BFGSLineSearch:   11[ 13] 02:17:16   -40447.008540*       1.0067
BFGSLineSearch:   12[ 14] 02:29:32   -40447.046526*       0.5347
BFGSLineSearch:   13[ 15] 02:39:10   -40447.060225*       0.4603
BFGSLineSearch:   14[ 17] 02:59:06   -40447.071908*       0.1513
BFGSLineSearch:   15[ 19] 03:20:30   -40447.076471*       0.3818
BFGSLineSearch:   16[ 21] 03:39:52   -40447.080707*       0.2090
BFGSLineSearch:   17[ 22] 03:50:32   -40447.086046*       0.2127
BFGSLineSearch:   18[ 23] 04:00:16   -40447.092344*       0.1983
BFGSLineSearch:   19[ 24] 04:09:58   -40447.098182*       0.1880
BFGSLineSearch:   20[ 25] 04:20:22   -40447.104247*       0.2589
BFGSLineSearch:   21[ 27] 04:41:17   -40447.109911*       0.3111
BFGSLineSearch:   22[ 28] 04:50:21   -40447.119478*       0.2130
                Step[ FC]     Time          Energy          fmax
*Force-consistent energies used in optimization.
BFGSLineSearch:    0[  0] 09:25:42   -40447.119466*       0.2138
BFGSLineSearch:    1[  3] 10:06:50   -40447.127339*       0.3644
BFGSLineSearch:    2[  5] 10:31:46   -40447.146170*       0.3437
BFGSLineSearch:    3[  6] 10:46:07   -40447.157108*       0.2395
BFGSLineSearch:    4[  7] 11:01:08   -40447.165078*       0.2849
BFGSLineSearch:    5[  8] 11:20:22   -40447.168283*       0.4880
BFGSLineSearch:    6[  9] 11:31:32   -40447.172365*       0.1272
BFGSLineSearch:    7[ 10] 11:43:34   -40447.175515*       0.1851
BFGSLineSearch:    8[ 13] 12:36:30   -40447.177834*       0.1847
BFGSLineSearch:    9[ 14] 12:47:21   -40447.179992*       0.1130
BFGSLineSearch:   10[ 17] 13:39:08   -40447.184565*       0.3985
BFGSLineSearch:   11[ 18] 13:52:03   -40447.187307*       0.3707
BFGSLineSearch:   12[ 19] 14:25:57   -40447.192460*       0.1448
BFGSLineSearch:   13[ 20] 14:56:21   -40447.196220*       0.2346
BFGSLineSearch:   14[ 21] 15:16:56   -40447.200667*       0.1829
BFGSLineSearch:   15[ 22] 15:29:30   -40447.203450*       0.1615
BFGSLineSearch:   16[ 23] 15:53:53   -40447.207780*       0.2057
BFGSLineSearch:   17[ 24] 16:35:33   -40447.212092*       0.2252
BFGSLineSearch:   18[ 25] 17:13:31   -40447.220197*       0.1166
BFGSLineSearch:   19[ 26] 17:44:28   -40447.226726*       0.1787
                Step[ FC]     Time          Energy          fmax
*Force-consistent energies used in optimization.
BFGSLineSearch:    0[  0] 10:20:48   -40447.226736*       0.1778
BFGSLineSearch:    1[  1] 10:31:18   -40447.230105*       0.1437
BFGSLineSearch:    2[  3] 10:53:41   -40447.232050*       0.2091
BFGSLineSearch:    3[  5] 11:16:23   -40447.234880*       0.2112
BFGSLineSearch:    4[  6] 11:24:51   -40447.238608*       0.1098
BFGSLineSearch:    5[  7] 11:34:47   -40447.242442*       0.1159
BFGSLineSearch:    6[  8] 11:45:17   -40447.246392*       0.0705
BFGSLineSearch:    7[ 11] 12:17:44   -40447.252507*       0.1590
BFGSLineSearch:    8[ 12] 12:27:19   -40447.256598*       0.2185
BFGSLineSearch:    9[ 13] 12:37:46   -40447.263148*       0.3476
BFGSLineSearch:   10[ 15] 12:58:04   -40447.266538*       0.2368
BFGSLineSearch:   11[ 16] 13:08:17   -40447.272828*       0.2607
BFGSLineSearch:   12[ 17] 13:19:24   -40447.281680*       0.2232
BFGSLineSearch:   13[ 19] 13:39:57   -40447.287293*       0.3338
BFGSLineSearch:   14[ 20] 13:50:57   -40447.294488*       0.2495
BFGSLineSearch:   15[ 23] 14:28:16   -40447.310067*       0.3407
BFGSLineSearch:   16[ 26] 15:04:03   -40447.327455*       0.6260
BFGSLineSearch:   17[ 27] 15:14:36   -40447.346377*       0.5659
                Step[ FC]     Time          Energy          fmax
*Force-consistent energies used in optimization.
BFGSLineSearch:    0[  0] 17:45:21   -40447.346407*       0.5544
BFGSLineSearch:    1[  2] 18:21:22   -40447.352554*       0.2918
BFGSLineSearch:    2[  3] 18:32:33   -40447.362200*       0.7404
BFGSLineSearch:    3[  4] 18:54:15   -40447.383928*       0.4534
BFGSLineSearch:    4[  5] 19:08:28   -40447.394819*       0.5308
BFGSLineSearch:    5[  6] 19:21:38   -40447.406810*       0.3122
BFGSLineSearch:    6[  7] 19:36:31   -40447.416278*       0.3648
BFGSLineSearch:    7[  8] 19:52:47   -40447.426841*       0.3082
BFGSLineSearch:    8[ 10] 20:25:13   -40447.434105*       0.4933
BFGSLineSearch:    9[ 11] 20:42:52   -40447.441605*       0.2577
BFGSLineSearch:   10[ 12] 20:55:39   -40447.447957*       0.3573
BFGSLineSearch:   11[ 14] 21:32:33   -40447.454633*       0.2716
BFGSLineSearch:   12[ 15] 21:51:21   -40447.461069*       0.2597
BFGSLineSearch:   13[ 16] 22:04:51   -40447.469464*       0.3678
BFGSLineSearch:   14[ 17] 22:29:35   -40447.476405*       0.3110
BFGSLineSearch:   15[ 18] 22:47:58   -40447.484534*       0.1662
BFGSLineSearch:   16[ 19] 23:01:14   -40447.490033*       0.2512
BFGSLineSearch:   17[ 20] 23:13:03   -40447.494929*       0.1866
BFGSLineSearch:   18[ 21] 23:50:39   -40447.499102*       0.1196
BFGSLineSearch:   19[ 22] 00:17:24   -40447.502744*       0.1121
BFGSLineSearch:   20[ 23] 00:30:43   -40447.505713*       0.3015
BFGSLineSearch:   21[ 24] 00:40:48   -40447.507898*       0.1146
BFGSLineSearch:   22[ 25] 00:50:18   -40447.511108*       0.1620
                Step[ FC]     Time          Energy          fmax
*Force-consistent energies used in optimization.
BFGSLineSearch:    0[  0] 09:37:09   -40447.511107*       0.1635
BFGSLineSearch:    1[  2] 09:54:07   -40447.512904*       0.1062
BFGSLineSearch:    2[  5] 10:25:36   -40447.515764*       0.1359
BFGSLineSearch:    3[  7] 10:46:02   -40447.517254*       0.2131
BFGSLineSearch:    4[  8] 10:57:02   -40447.519799*       0.1671
BFGSLineSearch:    5[  9] 11:06:13   -40447.521726*       0.0911
BFGSLineSearch:    6[ 10] 11:15:27   -40447.522895*       0.0862
BFGSLineSearch:    7[ 11] 11:23:09   -40447.524323*       0.0505
BFGSLineSearch:    8[ 12] 11:31:27   -40447.525166*       0.1228
BFGSLineSearch:    9[ 13] 11:39:03   -40447.525775*       0.0988
BFGSLineSearch:   10[ 14] 11:48:04   -40447.526190*       0.0836
BFGSLineSearch:   11[ 17] 12:12:53   -40447.526828*       0.0631
BFGSLineSearch:   12[ 18] 12:21:28   -40447.527857*       0.0668
BFGSLineSearch:   13[ 19] 12:31:47   -40447.528393*       0.0456
