                Step[ FC]     Time          Energy          fmax
*Force-consistent energies used in optimization.
BFGSLineSearch:    0[  0] 10:35:25   -40002.428173*       4.1400
BFGSLineSearch:    1[  3] 10:59:39   -40003.017247*       3.8856
BFGSLineSearch:    2[  4] 11:07:45   -40003.547573*       5.3203
BFGSLineSearch:    3[  6] 11:22:27   -40003.694428*       2.1915
BFGSLineSearch:    4[  8] 11:42:22   -40003.836226*       1.6854
BFGSLineSearch:    5[ 10] 12:01:10   -40003.887619*       1.0447
BFGSLineSearch:    6[ 12] 12:16:51   -40003.930060*       0.4950
BFGSLineSearch:    7[ 14] 12:30:28   -40003.943623*       0.4324
BFGSLineSearch:    8[ 16] 12:40:39   -40003.949751*       0.2517
BFGSLineSearch:    9[ 18] 12:52:37   -40003.952392*       0.2231
BFGSLineSearch:   10[ 19] 12:59:56   -40003.958454*       0.2263
BFGSLineSearch:   11[ 21] 13:14:23   -40003.962384*       0.2482
BFGSLineSearch:   12[ 22] 13:21:55   -40003.967457*       0.1888
BFGSLineSearch:   13[ 23] 13:30:04   -40003.973499*       0.2864
BFGSLineSearch:   14[ 25] 13:45:22   -40003.979698*       0.2676
BFGSLineSearch:   15[ 27] 13:59:51   -40003.983511*       0.2619
BFGSLineSearch:   16[ 29] 14:15:21   -40003.987942*       0.1620
BFGSLineSearch:   17[ 30] 14:23:04   -40003.995027*       0.2705
BFGSLineSearch:   18[ 31] 14:32:30   -40004.002571*       0.2148
BFGSLineSearch:   19[ 33] 14:48:56   -40004.007665*       0.2129
BFGSLineSearch:   20[ 34] 14:57:11   -40004.017907*       0.1872
                Step[ FC]     Time          Energy          fmax
*Force-consistent energies used in optimization.
BFGSLineSearch:    0[  0] 15:35:35   -40002.428163*       4.1401
BFGSLineSearch:    1[  2] 15:56:17   -40002.825690*       3.7246
BFGSLineSearch:    2[  3] 16:06:17   -40003.472508*       2.0393
BFGSLineSearch:    3[  4] 16:16:20   -40003.779828*       1.0728
BFGSLineSearch:    4[  5] 16:25:36   -40003.861140*       0.7651
BFGSLineSearch:    5[  7] 16:40:14   -40003.897209*       0.6886
BFGSLineSearch:    6[  8] 16:48:02   -40003.920512*       0.2738
BFGSLineSearch:    7[  9] 16:57:11   -40003.935736*       0.2702
BFGSLineSearch:    8[ 10] 17:07:51   -40003.958814*       0.4835
BFGSLineSearch:    9[ 11] 17:17:39   -40003.973787*       0.5463
BFGSLineSearch:   10[ 12] 17:25:52   -40003.984966*       0.2892
BFGSLineSearch:   11[ 14] 17:41:39   -40004.001073*       0.3340
BFGSLineSearch:   12[ 15] 17:49:08   -40004.015186*       0.3042
BFGSLineSearch:   13[ 16] 17:57:40   -40004.042654*       0.4193
BFGSLineSearch:   14[ 17] 18:06:53   -40004.064241*       0.5537
BFGSLineSearch:   15[ 19] 18:26:06   -40004.076109*       0.2295
BFGSLineSearch:   16[ 20] 18:34:32   -40004.088763*       0.4055
BFGSLineSearch:   17[ 21] 18:42:32   -40004.103847*       0.2821
BFGSLineSearch:   18[ 22] 18:50:31   -40004.118412*       0.6205
BFGSLineSearch:   19[ 23] 19:00:16   -40004.145371*       0.6932
BFGSLineSearch:   20[ 25] 19:16:55   -40004.154486*       0.6413
BFGSLineSearch:   21[ 27] 19:41:24   -40004.168259*       0.3201
                Step[ FC]     Time          Energy          fmax
*Force-consistent energies used in optimization.
BFGSLineSearch:    0[  0] 21:46:17   -40002.428173*       4.1401
BFGSLineSearch:    1[  2] 22:03:56   -40002.518593*       4.0896
BFGSLineSearch:    2[  4] 22:23:50   -40003.554696*       1.6022
BFGSLineSearch:    3[  6] 22:41:59   -40003.752670*       0.8870
BFGSLineSearch:    4[  7] 22:50:52   -40003.823996*       0.6494
BFGSLineSearch:    5[  8] 22:58:59   -40003.867382*       0.5149
BFGSLineSearch:    6[  9] 23:08:05   -40003.897419*       0.3251
BFGSLineSearch:    7[ 10] 23:22:11   -40003.908230*       0.4196
BFGSLineSearch:    8[ 11] 23:35:39   -40003.918497*       0.3007
BFGSLineSearch:    9[ 12] 23:47:03   -40003.926311*       0.2159
BFGSLineSearch:   10[ 13] 23:57:17   -40003.932568*       0.2043
BFGSLineSearch:   11[ 14] 00:09:34   -40003.941003*       0.2275
BFGSLineSearch:   12[ 15] 00:20:34   -40003.950241*       0.2145
BFGSLineSearch:   13[ 18] 00:45:19   -40003.965756*       0.6407
BFGSLineSearch:   14[ 19] 00:53:18   -40003.981531*       0.3856
BFGSLineSearch:   15[ 21] 01:15:45   -40003.997425*       0.2742
BFGSLineSearch:   16[ 22] 01:25:00   -40004.010559*       0.4884
BFGSLineSearch:   17[ 24] 01:42:57   -40004.027236*       0.4194
BFGSLineSearch:   18[ 25] 01:53:12   -40004.041324*       0.5299
BFGSLineSearch:   19[ 26] 02:03:06   -40004.057485*       0.5842
                Step[ FC]     Time          Energy          fmax
*Force-consistent energies used in optimization.
BFGSLineSearch:    0[  0] 08:51:22   -40002.428163*       4.1404
BFGSLineSearch:    1[  2] 09:16:01   -40002.782918*       4.0918
BFGSLineSearch:    2[  4] 09:33:32   -40003.602447*       1.7450
BFGSLineSearch:    3[  5] 09:44:14   -40003.795478*       1.8647
BFGSLineSearch:    4[  6] 09:54:24   -40003.869869*       0.5622
BFGSLineSearch:    5[  7] 10:03:23   -40003.909423*       0.4834
BFGSLineSearch:    6[  8] 10:13:51   -40003.923082*       0.3550
BFGSLineSearch:    7[  9] 10:23:13   -40003.931028*       0.2552
BFGSLineSearch:    8[ 12] 10:53:35   -40003.944194*       0.4149
BFGSLineSearch:    9[ 13] 11:02:31   -40003.957358*       0.5992
BFGSLineSearch:   10[ 14] 11:12:43   -40003.978104*       0.4130
BFGSLineSearch:   11[ 15] 11:23:36   -40003.991964*       0.3915
BFGSLineSearch:   12[ 17] 11:42:39   -40004.000796*       0.3527
BFGSLineSearch:   13[ 18] 11:53:01   -40004.014386*       0.2587
BFGSLineSearch:   14[ 19] 12:01:22   -40004.031659*       0.4117
BFGSLineSearch:   15[ 21] 12:18:52   -40004.054156*       0.6570
BFGSLineSearch:   16[ 23] 12:36:05   -40004.065810*       0.3948
BFGSLineSearch:   17[ 24] 12:46:48   -40004.090419*       0.3970
BFGSLineSearch:   18[ 25] 12:56:02   -40004.109703*       0.4677
BFGSLineSearch:   19[ 26] 13:04:09   -40004.124184*       0.3901
BFGSLineSearch:   20[ 27] 13:12:21   -40004.140541*       0.3646
                Step[ FC]     Time          Energy          fmax
*Force-consistent energies used in optimization.
BFGSLineSearch:    0[  0] 14:54:42   -40002.428173*       4.1403
BFGSLineSearch:    1[  1] 15:04:26   -40002.592174*       4.0343
BFGSLineSearch:    2[  3] 15:22:49   -40003.680679*       1.8238
BFGSLineSearch:    3[  4] 15:32:33   -40003.866397*       0.6519
BFGSLineSearch:    4[  5] 15:40:19   -40003.911581*       0.2837
BFGSLineSearch:    5[  6] 15:50:12   -40003.925522*       0.4702
BFGSLineSearch:    6[  7] 15:56:17   -40003.933040*       0.1902
BFGSLineSearch:    7[ 10] 16:20:35   -40003.943203*       0.2977
BFGSLineSearch:    8[ 12] 16:38:39   -40003.959464*       0.2423
BFGSLineSearch:    9[ 13] 16:50:45   -40003.974251*       0.2128
BFGSLineSearch:   10[ 14] 16:59:38   -40003.987349*       0.2620
BFGSLineSearch:   11[ 15] 17:07:04   -40004.003409*       0.3228
BFGSLineSearch:   12[ 16] 17:15:36   -40004.015260*       0.5217
BFGSLineSearch:   13[ 17] 17:26:39   -40004.040394*       0.5732
BFGSLineSearch:   14[ 18] 17:38:29   -40004.070628*       0.3759
BFGSLineSearch:   15[ 20] 17:52:50   -40004.083335*       0.5892
BFGSLineSearch:   16[ 21] 18:00:44   -40004.103493*       0.6692
BFGSLineSearch:   17[ 22] 18:11:12   -40004.116766*       0.4420
BFGSLineSearch:   18[ 23] 18:19:39   -40004.129351*       0.2654
BFGSLineSearch:   19[ 24] 18:27:39   -40004.137742*       0.3104
BFGSLineSearch:   20[ 25] 18:35:03   -40004.144844*       0.3151
BFGSLineSearch:   21[ 26] 18:42:56   -40004.153659*       0.3264
BFGSLineSearch:   22[ 27] 18:49:58   -40004.160640*       0.3673
BFGSLineSearch:   23[ 28] 18:57:07   -40004.172255*       0.2987
BFGSLineSearch:   24[ 30] 19:12:05   -40004.180045*       0.2789
                Step[ FC]     Time          Energy          fmax
*Force-consistent energies used in optimization.
BFGSLineSearch:    0[  0] 19:43:56   -40002.428164*       4.1402
BFGSLineSearch:    1[  2] 20:00:36   -40002.498154*       4.1049
BFGSLineSearch:    2[  4] 20:18:19   -40003.622084*       2.9617
BFGSLineSearch:    3[  5] 20:27:42   -40003.817719*       0.9635
BFGSLineSearch:    4[  6] 20:37:23   -40003.875051*       0.6348
BFGSLineSearch:    5[  7] 20:44:20   -40003.909429*       0.3831
BFGSLineSearch:    6[  8] 20:52:14   -40003.920452*       0.3649
BFGSLineSearch:    7[  9] 20:59:43   -40003.930207*       0.4074
BFGSLineSearch:    8[ 10] 21:08:35   -40003.940063*       0.2058
BFGSLineSearch:    9[ 13] 21:35:58   -40003.947654*       0.2871
BFGSLineSearch:   10[ 16] 22:01:40   -40003.954124*       0.4983
BFGSLineSearch:   11[ 18] 22:17:55   -40003.965078*       0.5585
BFGSLineSearch:   12[ 19] 22:26:03   -40003.975084*       0.2685
BFGSLineSearch:   13[ 20] 22:34:34   -40003.988220*       0.1788
BFGSLineSearch:   14[ 21] 22:43:08   -40003.999582*       0.3276
BFGSLineSearch:   15[ 23] 23:02:06   -40004.016604*       0.4951
BFGSLineSearch:   16[ 24] 23:10:57   -40004.035848*       0.5139
BFGSLineSearch:   17[ 25] 23:21:50   -40004.061383*       0.3745
BFGSLineSearch:   18[ 27] 23:40:47   -40004.071320*       0.4614
BFGSLineSearch:   19[ 28] 23:49:06   -40004.098524*       0.3500
BFGSLineSearch:   20[ 29] 23:57:29   -40004.115575*       0.7374
BFGSLineSearch:   21[ 30] 00:05:41   -40004.126924*       0.4291
BFGSLineSearch:   22[ 31] 00:13:27   -40004.138179*       0.3324
                Step[ FC]     Time          Energy          fmax
*Force-consistent energies used in optimization.
BFGSLineSearch:    0[  0] 09:10:54   -40002.428161*       4.1404
BFGSLineSearch:    1[  1] 09:28:45   -40002.732285*       3.9178
BFGSLineSearch:    2[  2] 09:39:42   -40003.495587*       2.5657
BFGSLineSearch:    3[  3] 09:50:57   -40003.783731*       1.7815
BFGSLineSearch:    4[  4] 10:01:22   -40003.875447*       0.6972
BFGSLineSearch:    5[  5] 10:14:58   -40003.910381*       0.6319
BFGSLineSearch:    6[  7] 10:35:32   -40003.926215*       0.2597
BFGSLineSearch:    7[  8] 10:44:01   -40003.934186*       0.1287
BFGSLineSearch:    8[  9] 10:53:00   -40003.940526*       0.1555
BFGSLineSearch:    9[ 12] 11:24:42   -40003.947092*       0.2848
BFGSLineSearch:   10[ 13] 11:36:48   -40003.955283*       0.2701
BFGSLineSearch:   11[ 14] 11:48:16   -40003.965367*       0.1472
BFGSLineSearch:   12[ 15] 12:00:41   -40003.976921*       0.2274
BFGSLineSearch:   13[ 16] 12:12:32   -40003.985377*       0.2983
BFGSLineSearch:   14[ 17] 12:24:18   -40004.003999*       0.4646
BFGSLineSearch:   15[ 18] 12:35:03   -40004.023634*       0.5443
BFGSLineSearch:   16[ 20] 13:02:21   -40004.049511*       0.3145
BFGSLineSearch:   17[ 22] 13:27:54   -40004.063166*       0.3086
BFGSLineSearch:   18[ 23] 13:43:19   -40004.081882*       0.6814
BFGSLineSearch:   19[ 24] 13:52:44   -40004.096701*       0.2670
BFGSLineSearch:   20[ 25] 14:03:20   -40004.107641*       0.2399
BFGSLineSearch:   21[ 26] 14:16:08   -40004.119262*       0.3265
BFGSLineSearch:   22[ 27] 14:28:20   -40004.129089*       0.3169
BFGSLineSearch:   23[ 28] 14:40:02   -40004.138188*       0.2394
BFGSLineSearch:   24[ 29] 14:49:27   -40004.144930*       0.2778
BFGSLineSearch:   25[ 30] 14:59:53   -40004.155226*       0.2417
BFGSLineSearch:   26[ 32] 15:20:26   -40004.170796*       0.3062
                Step[ FC]     Time          Energy          fmax
*Force-consistent energies used in optimization.
BFGSLineSearch:    0[  0] 20:12:04   -40002.428166*       4.1405
BFGSLineSearch:    1[  1] 20:21:53   -40002.707318*       4.0962
BFGSLineSearch:    2[  2] 20:30:32   -40003.537789*       2.3066
BFGSLineSearch:    3[  3] 20:40:53   -40003.856295*       1.4898
BFGSLineSearch:    4[  4] 20:48:47   -40003.912297*       0.4153
BFGSLineSearch:    5[  5] 20:55:25   -40003.926544*       0.2954
BFGSLineSearch:    6[  6] 21:03:10   -40003.939704*       0.3049
BFGSLineSearch:    7[  7] 21:10:46   -40003.948964*       0.3075
BFGSLineSearch:    8[  8] 21:20:26   -40003.956374*       0.1925
BFGSLineSearch:    9[ 10] 21:34:39   -40003.962023*       0.1879
BFGSLineSearch:   10[ 12] 21:47:00   -40003.968089*       0.3055
BFGSLineSearch:   11[ 14] 22:02:58   -40003.977399*       0.2794
BFGSLineSearch:   12[ 17] 22:24:25   -40003.994195*       0.2493
BFGSLineSearch:   13[ 18] 22:33:37   -40004.010496*       1.0029
BFGSLineSearch:   14[ 19] 22:41:35   -40004.030322*       0.4576
BFGSLineSearch:   15[ 20] 22:51:41   -40004.050425*       0.4459
BFGSLineSearch:   16[ 21] 23:01:06   -40004.071145*       0.4967
BFGSLineSearch:   17[ 22] 23:09:30   -40004.085602*       0.2852
BFGSLineSearch:   18[ 23] 23:18:37   -40004.097660*       0.6477
BFGSLineSearch:   19[ 25] 23:33:22   -40004.119314*       0.5128
BFGSLineSearch:   20[ 26] 23:41:42   -40004.137573*       0.4102
BFGSLineSearch:   21[ 27] 23:50:08   -40004.153620*       0.3232
BFGSLineSearch:   22[ 28] 23:58:05   -40004.161723*       0.3309
BFGSLineSearch:   23[ 29] 00:06:01   -40004.177103*       0.4043
BFGSLineSearch:   24[ 30] 00:13:07   -40004.184243*       0.1619
BFGSLineSearch:   25[ 31] 00:20:32   -40004.191648*       0.2327
BFGSLineSearch:   26[ 32] 00:28:24   -40004.199204*       0.1675
BFGSLineSearch:   27[ 33] 00:37:25   -40004.204207*       0.1666
                Step[ FC]     Time          Energy          fmax
*Force-consistent energies used in optimization.
BFGSLineSearch:    0[  0] 09:37:55   -40002.428172*       4.1400
BFGSLineSearch:    1[  2] 09:56:06   -40002.528367*       4.0724
BFGSLineSearch:    2[  4] 10:14:28   -40003.617668*       3.6281
BFGSLineSearch:    3[  5] 10:24:37   -40003.838927*       1.2071
BFGSLineSearch:    4[  6] 10:34:49   -40003.878139*       1.1070
BFGSLineSearch:    5[  7] 10:44:29   -40003.907769*       0.4239
BFGSLineSearch:    6[ 10] 11:09:53   -40003.925283*       0.3741
BFGSLineSearch:    7[ 11] 11:16:51   -40003.933910*       0.3532
BFGSLineSearch:    8[ 12] 11:24:44   -40003.939930*       0.1255
BFGSLineSearch:    9[ 13] 11:32:31   -40003.942137*       0.1765
BFGSLineSearch:   10[ 15] 11:45:54   -40003.945740*       0.3551
BFGSLineSearch:   11[ 17] 12:00:32   -40003.951580*       0.3040
BFGSLineSearch:   12[ 19] 12:15:52   -40003.962750*       0.4128
BFGSLineSearch:   13[ 21] 12:33:06   -40003.975847*       0.5014
BFGSLineSearch:   14[ 22] 12:41:20   -40003.987963*       0.2681
BFGSLineSearch:   15[ 23] 12:50:48   -40004.005983*       0.2697
BFGSLineSearch:   16[ 24] 12:59:27   -40004.022863*       0.5276
BFGSLineSearch:   17[ 27] 13:22:37   -40004.045033*       0.8900
BFGSLineSearch:   18[ 29] 13:41:20   -40004.064622*       0.8026
BFGSLineSearch:   19[ 30] 13:48:49   -40004.089454*       0.6357
BFGSLineSearch:   20[ 31] 13:58:33   -40004.121332*       0.6136
BFGSLineSearch:   21[ 32] 14:06:28   -40004.139571*       0.5124
                Step[ FC]     Time          Energy          fmax
*Force-consistent energies used in optimization.
BFGSLineSearch:    0[  0] 15:40:07   -40004.139560*       0.5126
BFGSLineSearch:    1[  1] 15:48:34   -40004.149757*       0.6333
BFGSLineSearch:    2[  2] 15:56:55   -40004.168410*       0.5102
BFGSLineSearch:    3[  4] 16:16:57   -40004.179179*       0.3464
BFGSLineSearch:    4[  6] 16:37:57   -40004.185102*       0.3521
BFGSLineSearch:    5[  7] 16:44:38   -40004.190511*       0.1395
BFGSLineSearch:    6[  8] 16:50:55   -40004.193200*       0.1128
BFGSLineSearch:    7[  9] 16:57:39   -40004.195934*       0.2234
BFGSLineSearch:    8[ 11] 17:11:57   -40004.199235*       0.1412
BFGSLineSearch:    9[ 12] 17:19:39   -40004.202038*       0.1752
BFGSLineSearch:   10[ 13] 17:27:01   -40004.204235*       0.1328
BFGSLineSearch:   11[ 14] 17:34:18   -40004.206200*       0.1493
BFGSLineSearch:   12[ 15] 17:39:59   -40004.208012*       0.1220
BFGSLineSearch:   13[ 16] 17:46:39   -40004.210279*       0.0662
BFGSLineSearch:   14[ 17] 17:52:45   -40004.212179*       0.0774
BFGSLineSearch:   15[ 18] 17:58:44   -40004.214470*       0.1040
BFGSLineSearch:   16[ 20] 18:09:54   -40004.218075*       0.1155
BFGSLineSearch:   17[ 22] 18:22:40   -40004.221627*       0.1356
BFGSLineSearch:   18[ 23] 18:29:44   -40004.223325*       0.0981
BFGSLineSearch:   19[ 24] 18:35:27   -40004.224403*       0.0753
BFGSLineSearch:   20[ 25] 18:41:24   -40004.224884*       0.0361
