                Step[ FC]     Time          Energy          fmax
*Force-consistent energies used in optimization.
BFGSLineSearch:    0[  0] 10:03:49   -40032.472799*       8.2814
BFGSLineSearch:    1[  2] 10:21:30   -40034.086727*       3.7997
BFGSLineSearch:    2[  3] 10:32:09   -40034.727156*       3.6929
BFGSLineSearch:    3[  5] 10:53:21   -40035.237463*       3.0158
BFGSLineSearch:    4[  7] 11:14:54   -40036.705970*       3.6701
BFGSLineSearch:    5[  8] 11:23:46   -40037.479629*       3.2261
BFGSLineSearch:    6[  9] 11:32:37   -40038.326899*       1.7041
BFGSLineSearch:    7[ 11] 11:53:10   -40038.552654*       1.0758
BFGSLineSearch:    8[ 13] 12:11:49   -40038.673413*       1.1170
BFGSLineSearch:    9[ 15] 12:32:49   -40038.762831*       0.8298
BFGSLineSearch:   10[ 17] 12:50:29   -40038.811907*       0.8688
BFGSLineSearch:   11[ 19] 13:08:11   -40038.869940*       0.9131
BFGSLineSearch:   12[ 21] 13:27:23   -40038.934045*       0.7153
BFGSLineSearch:   13[ 23] 13:45:30   -40038.973953*       0.6265
BFGSLineSearch:   14[ 25] 14:02:11   -40039.000365*       0.6299
BFGSLineSearch:   15[ 27] 14:19:48   -40039.028172*       0.3165
BFGSLineSearch:   16[ 29] 14:34:31   -40039.046696*       0.3331
BFGSLineSearch:   17[ 31] 14:48:31   -40039.062106*       0.2920
BFGSLineSearch:   18[ 33] 15:02:33   -40039.075198*       0.2379
BFGSLineSearch:   19[ 34] 15:11:13   -40039.092308*       0.4095
BFGSLineSearch:   20[ 35] 15:18:46   -40039.107092*       0.5050
                Step[ FC]     Time          Energy          fmax
*Force-consistent energies used in optimization.
BFGSLineSearch:    0[  0] 16:45:10   -40032.472795*       8.2815
BFGSLineSearch:    1[  1] 16:59:27   -40033.729604*       4.8741
BFGSLineSearch:    2[  2] 17:11:58   -40034.717120*       2.9530
BFGSLineSearch:    3[  4] 17:30:20   -40036.152123*       3.4964
BFGSLineSearch:    4[  6] 17:47:16   -40037.127715*       4.7745
BFGSLineSearch:    5[  7] 17:56:21   -40037.775495*       3.8329
BFGSLineSearch:    6[  8] 18:04:13   -40038.388141*       2.0967
BFGSLineSearch:    7[ 10] 18:25:03   -40038.799792*       2.2468
BFGSLineSearch:    8[ 12] 18:42:11   -40038.959061*       1.2776
BFGSLineSearch:    9[ 14] 19:00:50   -40039.037455*       0.5135
BFGSLineSearch:   10[ 16] 19:18:25   -40039.089728*       0.3611
BFGSLineSearch:   11[ 17] 19:26:46   -40039.113284*       0.3470
BFGSLineSearch:   12[ 18] 19:32:36   -40039.123995*       0.3478
BFGSLineSearch:   13[ 19] 19:38:53   -40039.132864*       0.1975
BFGSLineSearch:   14[ 20] 19:45:07   -40039.139928*       0.1225
BFGSLineSearch:   15[ 21] 19:51:50   -40039.147416*       0.1380
BFGSLineSearch:   16[ 22] 19:59:19   -40039.153705*       0.1439
BFGSLineSearch:   17[ 23] 20:04:12   -40039.157175*       0.0962
BFGSLineSearch:   18[ 24] 20:09:43   -40039.159419*       0.0957
BFGSLineSearch:   19[ 25] 20:15:48   -40039.161374*       0.0578
BFGSLineSearch:   20[ 26] 20:21:30   -40039.163033*       0.0722
BFGSLineSearch:   21[ 27] 20:26:08   -40039.164618*       0.0577
BFGSLineSearch:   22[ 28] 20:30:45   -40039.166197*       0.0753
BFGSLineSearch:   23[ 29] 20:37:55   -40039.168048*       0.0745
BFGSLineSearch:   24[ 30] 20:43:48   -40039.169579*       0.0916
BFGSLineSearch:   25[ 31] 20:49:52   -40039.170878*       0.0812
BFGSLineSearch:   26[ 32] 20:56:18   -40039.171809*       0.1021
BFGSLineSearch:   27[ 33] 21:01:57   -40039.173124*       0.0956
BFGSLineSearch:   28[ 34] 21:08:39   -40039.174052*       0.0869
BFGSLineSearch:   29[ 35] 21:15:16   -40039.174672*       0.0643
BFGSLineSearch:   30[ 36] 21:20:03   -40039.175185*       0.0360
                Step[ FC]     Time          Energy          fmax
*Force-consistent energies used in optimization.
BFGSLineSearch:    0[  0] 09:51:16   -40039.181100*       0.0382
                Step[ FC]     Time          Energy          fmax
*Force-consistent energies used in optimization.
BFGSLineSearch:    0[  0] 16:05:18   -40039.181098*       0.0381
                Step[ FC]     Time          Energy          fmax
*Force-consistent energies used in optimization.
BFGSLineSearch:    0[  0] 12:54:35   -40039.181102*       0.0382
