***************************************************************************
*                       SPARC (version Dec 27, 2021)                      *
*   Copyright (c) 2020 Material Physics & Mechanics Group, Georgia Tech   *
*           Distributed under GNU General Public License 3 (GPL)          *
*                   Start time: Sat Jan 15 07:17:32 2022                  *
***************************************************************************
                           Input parameters                                
***************************************************************************
CELL: 12.4338823950489 16.8986769044157 47.5378507412217 
LATVEC:
1.000000000000000 0.000000000000000 0.000000000000000 
-0.000130020950961 0.999999991547276 0.000000000000000 
0.000000000000000 -0.000000000000000 1.000000000000000 
FD_GRID: 66 89 252
FD_ORDER: 12
BC: P P D
KPOINT_GRID: 2 2 1
KPOINT_SHIFT: 0 0 0
SPIN_TYP: 1
ELEC_TEMP_TYPE: Gaussian
SMEARING: 0.007349864435
CHEB_DEGREE: 37
NSTATES: 269
EXCHANGE_CORRELATION: HSE
CALC_STRESS: 0
CALC_PRES: 0
CHEFSI_BOUND_FLAG: 0
MAXIT_SCF: 100
MINIT_SCF: 3
MAXIT_POISSON: 3000
TOL_SCF: 1.00E-06
POISSON_SOLVER: AAR
TOL_POISSON: 1.00E-08
TOL_LANCZOS: 1.00E-02
TOL_PSEUDOCHARGE: 1.00E-08
MIXING_VARIABLE: density
MIXING_PRECOND: kerker
MIXING_PRECOND_MAG: none
TOL_PRECOND: 3.57E-05
PRECOND_KERKER_KTF: 1
PRECOND_KERKER_THRESH: 0.1
MIXING_PARAMETER: 0.3
MIXING_PARAMETER_MAG: 0.3
MIXING_HISTORY: 7
PULAY_FREQUENCY: 1
PULAY_RESTART: 0
REFERENCE_CUTOFF: 0.5
RHO_TRIGGER: 4
FIX_RAND: 0
VERBOSITY: 1
PRINT_FORCES: 1
PRINT_ATOMS: 1
PRINT_EIGEN: 1
PRINT_DENSITY: 0
PRINT_ENERGY_DENSITY: 0
TOL_FOCK: 5.00E-05
TOL_SCF_INIT: 1.00E-04
MAXIT_FOCK: 1000
EXX_METHOD: FOURIER_SPACE
EXX_DIVERGENCE: AUXILIARY
ACE_FLAG: 1
EXX_ACE_MEM: 1
EXX_ACE_VALENCE_STATES: 10000
EXX_DOWNSAMPLING: 1 1 1
EXX_RANGE_FOCK: 0.106000
EXX_RANGE_PBE: 0.106000
OUTPUT_FILE: sprc-calc
***************************************************************************
                                Cell                                       
***************************************************************************
Lattice vectors (Bohr):
12.433882395048860 0.000000000000000 0.000000000000000 
-0.002197182041095 16.898676761575889 0.000000000000000 
0.000000000000000 -0.000000000000000 47.537850741221725 
Volume                  :  9.9884706279E+03 (Bohr^3)
***************************************************************************
                           Parallelization                                 
***************************************************************************
NP_SPIN_PARAL: 2
NP_KPOINT_PARAL: 4
NP_BAND_PARAL: 1
NP_DOMAIN_PARAL: 2 3 7
NP_DOMAIN_PHI_PARAL: 4 6 14
EIG_SERIAL_MAXNS: 1500
***************************************************************************
                             Initialization                                
***************************************************************************
Number of processors               :  336
Mesh spacing in x-direction        :  0.188392 (Bohr)
Mesh spacing in y-direction        :  0.189873 (Bohr)
Mesh spacing in z direction        :  0.188642 (Bohr)
Number of symmetry adapted k-points:  4
Output printed to                  :  sprc-calc.out
Final eigenvalues printed to       :  sprc-calc.eigen
Total number of atom types         :  4
Total number of atoms              :  59
Total number of electrons          :  440
Atom type 1  (valence electrons)   :  H 1
Pseudopotential                    :  H.psp8
Pseudocharge radii of atom type 1  :  3.77 3.80 3.77 (x, y, z dir)
Number of atoms of type 1          :  4
Atom type 2  (valence electrons)   :  N 5
Pseudopotential                    :  N.psp8
Pseudocharge radii of atom type 2  :  6.78 6.65 6.79 (x, y, z dir)
Number of atoms of type 2          :  2
Atom type 3  (valence electrons)   :  O 6
Pseudopotential                    :  O.psp8
Pseudocharge radii of atom type 3  :  6.78 6.84 6.79 (x, y, z dir)
Number of atoms of type 3          :  35
Atom type 4  (valence electrons)   :  Ti 12
Pseudopotential                    :  Ti.psp8
Pseudocharge radii of atom type 4  :  6.78 6.84 6.79 (x, y, z dir)
Number of atoms of type 4          :  18
Estimated total memory usage       :  316.88 GB
Estimated memory per processor     :  965.74 MB
========================================================================================
                    Self Consistent Field (SCF#1)                     
========================================================================================
Iteration     Free Energy (Ha/atom)    Magnetization     SCF Error        Timing (sec)
1            -2.7871551617E+01         2.4902E+00        4.784E-01        203.381
2            -2.7964473882E+01        -1.3058E+00        3.397E-01        51.292
3            -2.8005456575E+01        -4.0145E-01        2.774E-01        51.368
4            -2.8030175483E+01         6.2158E+00        1.918E-01        51.562
5            -2.8004724575E+01        -4.5990E-07        1.272E-01        51.327
6            -2.7995152627E+01        -3.1543E-01        7.236E-02        51.251
7            -2.7997808691E+01        -7.4120E-01        4.588E-02        51.827
8            -2.8000211025E+01        -6.3039E-02        3.110E-02        51.556
9            -2.8000861070E+01        -6.3832E-02        2.006E-02        51.227
10           -2.7999851829E+01        -1.1327E-02        1.239E-02        51.228
11           -2.7995627976E+01        -2.4014E-03        7.494E-03        51.683
12           -2.7991397243E+01        -2.7735E-04        5.069E-03        51.592
13           -2.7988151720E+01        -5.1165E-05        3.958E-03        51.332
14           -2.7985266904E+01        -6.5209E-06        3.051E-03        51.341
15           -2.7982794004E+01        -2.2040E-07        2.327E-03        51.508
16           -2.7981087761E+01         1.1340E-06        1.778E-03        51.324
17           -2.7980247235E+01         8.2626E-07        1.319E-03        51.694
18           -2.7979382725E+01         7.7429E-07        9.691E-04        51.355
19           -2.7978897081E+01         3.0559E-07        6.839E-04        51.235
20           -2.7978444441E+01         1.7116E-07        5.156E-04        51.281
21           -2.7978041180E+01         1.0571E-07        3.387E-04        51.257
22           -2.7977889296E+01         3.9651E-08        2.390E-04        51.518
23           -2.7977747634E+01         1.4882E-08        1.690E-04        51.035
24           -2.7977660978E+01         3.5995E-09        1.096E-04        51.814
25           -2.7977592403E+01         1.2628E-10        7.341E-05        51.218
Total number of SCF: 25    

k = [0.000, 0.000, 0.000]
Occupation of state 242 = 0.000000000000000.
Occupation of state 269 = 0.000000000000000.

No.1 Exx outer loop: 
1            -2.7781193194E+01        -4.4838E-10        1.463E-02        84.107
2            -2.7772886390E+01         1.4879E-09        1.338E-02        80.891
3            -2.7776938615E+01         1.5191E-09        8.688E-03        81.124
4            -2.7783431640E+01         2.1533E-08        5.453E-03        81.111
5            -2.7785823751E+01         1.2466E-08        3.241E-03        80.988
6            -2.7785885358E+01         1.0363E-08        2.225E-03        81.123
7            -2.7784481727E+01         1.0461E-09        1.583E-03        84.164
8            -2.7785840680E+01         6.4762E-10        2.055E-03        80.941
9            -2.7784583247E+01        -1.0857E-09        1.064E-03        80.891
10           -2.7784066522E+01        -1.3562E-09        6.944E-04        81.114
11           -2.7783647458E+01        -8.2159E-10        4.900E-04        81.044
12           -2.7783384001E+01        -4.0285E-10        3.212E-04        82.003
13           -2.7783098130E+01         5.5425E-10        1.640E-04        80.785
14           -2.7782920946E+01         7.3126E-10        8.253E-05        80.901
15           -2.7782869398E+01         5.6815E-10        4.884E-05        80.665
16           -2.7782857110E+01         4.6717E-10        3.695E-05        80.681
17           -2.7782846715E+01         4.7999E-10        2.656E-05        80.671
18           -2.7782843138E+01         5.0031E-10        1.803E-05        80.536
19           -2.7782842525E+01         5.2901E-10        1.166E-05        80.621
20           -2.7782842298E+01         5.2520E-10        1.204E-05        80.383
21           -2.7782834734E+01         5.2586E-10        5.802E-06        80.504
22           -2.7782833055E+01         5.1676E-10        4.215E-06        80.452
23           -2.7782833132E+01         5.1381E-10        3.501E-06        81.077
24           -2.7782833376E+01         5.1153E-10        2.405E-06        80.423
25           -2.7782831536E+01         5.1347E-10        1.643E-06        80.583
26           -2.7782830357E+01         5.1452E-10        1.180E-06        80.578
27           -2.7782829781E+01         5.1654E-10        9.377E-07        80.438
Total number of SCF: 27    

k = [0.000, 0.000, 0.000]
Occupation of state 242 = 0.000000000000000.
Occupation of state 269 = 0.000000000000000.
Exx outer loop error: 6.1263960385e-01 

No.2 Exx outer loop: 
1            -2.7783076318E+01         1.4920E-09        1.527E-03        84.160
2            -2.7782386514E+01         1.6856E-09        1.555E-03        81.072
3            -2.7782996394E+01         2.3302E-09        1.243E-03        82.507
4            -2.7782993425E+01         2.3361E-09        8.865E-04        87.298
5            -2.7783283988E+01         2.8683E-09        6.816E-04        84.865
6            -2.7783366299E+01         2.7608E-09        5.357E-04        81.102
7            -2.7783501909E+01         2.0102E-09        2.856E-04        80.866
8            -2.7783456997E+01         1.5453E-09        2.937E-04        81.057
9            -2.7783537732E+01         1.3741E-09        2.128E-04        84.731
10           -2.7783402727E+01         1.3614E-09        1.410E-04        85.141
11           -2.7783278206E+01         1.3562E-09        1.137E-04        80.958
12           -2.7783201939E+01         1.3410E-09        7.781E-05        80.878
13           -2.7783166464E+01         1.2724E-09        5.373E-05        86.229
14           -2.7783134679E+01         1.2406E-09        4.617E-05        82.265
15           -2.7783125734E+01         1.2225E-09        3.584E-05        85.034
16           -2.7783092650E+01         1.2026E-09        2.456E-05        80.828
17           -2.7783081396E+01         1.2033E-09        1.137E-05        80.576
18           -2.7783076057E+01         1.2042E-09        7.300E-06        80.604
19           -2.7783076313E+01         1.2109E-09        4.150E-06        80.638
20           -2.7783077094E+01         1.2133E-09        3.045E-06        80.678
21           -2.7783076910E+01         1.2147E-09        1.956E-06        81.527
22           -2.7783075596E+01         1.2136E-09        1.464E-06        86.322
23           -2.7783074657E+01         1.2123E-09        1.023E-06        80.477
24           -2.7783073989E+01         1.2119E-09        8.966E-07        84.160
Total number of SCF: 24    

k = [0.000, 0.000, 0.000]
Occupation of state 242 = 0.000000000000000.
Occupation of state 269 = 0.000000000000000.
Exx outer loop error: 1.0942002642e-02 

No.3 Exx outer loop: 
1            -2.7783098310E+01         8.6686E-10        2.146E-04        83.589
2            -2.7783031628E+01         8.7277E-10        2.962E-04        80.962
3            -2.7783079587E+01         9.2643E-10        3.121E-04        80.588
4            -2.7783079446E+01         8.6530E-10        3.240E-04        80.452
5            -2.7783077046E+01         1.0102E-09        3.183E-04        84.779
6            -2.7783087433E+01         9.1146E-10        3.383E-04        81.814
7            -2.7783073792E+01         9.0037E-10        2.743E-04        80.674
8            -2.7783116382E+01         8.1008E-10        2.219E-04        80.949
9            -2.7783122302E+01         7.8387E-10        2.376E-04        80.879
10           -2.7783157331E+01         7.3351E-10        2.205E-04        81.677
11           -2.7783133539E+01         8.8326E-10        9.858E-05        80.855
12           -2.7783136154E+01         7.6838E-10        4.669E-05        80.835
13           -2.7783137287E+01         6.9522E-10        2.894E-05        80.914
14           -2.7783130040E+01         6.7303E-10        2.371E-05        80.971
15           -2.7783119931E+01         6.6314E-10        1.900E-05        80.691
16           -2.7783110495E+01         6.5103E-10        1.582E-05        80.842
17           -2.7783101462E+01         6.4321E-10        1.100E-05        80.770
18           -2.7783094527E+01         6.4108E-10        7.796E-06        80.859
19           -2.7783087464E+01         6.4603E-10        5.698E-06        80.781
20           -2.7783084089E+01         6.5131E-10        4.026E-06        80.794
21           -2.7783081236E+01         6.5592E-10        2.895E-06        80.641
22           -2.7783080639E+01         6.5580E-10        2.128E-06        81.060
23           -2.7783080865E+01         6.5444E-10        1.260E-06        80.662
24           -2.7783081456E+01         6.5327E-10        8.582E-07        80.159
Total number of SCF: 24    

k = [0.000, 0.000, 0.000]
Occupation of state 242 = 0.000000000000000.
Occupation of state 269 = 0.000000000000000.
Exx outer loop error: 1.3418907207e-03 

No.4 Exx outer loop: 
1            -2.7783087312E+01         3.8716E-10        3.912E-05        83.558
2            -2.7783079682E+01         3.7920E-10        7.304E-05        81.016
3            -2.7783088858E+01         3.8901E-10        8.963E-05        80.710
4            -2.7783082600E+01         3.6064E-10        7.144E-05        80.731
5            -2.7783083297E+01         3.5575E-10        7.174E-05        80.695
6            -2.7783083711E+01         3.5817E-10        7.540E-05        84.458
7            -2.7783097353E+01         3.2901E-10        4.232E-05        81.647
8            -2.7783094716E+01         3.0735E-10        2.186E-05        80.677
9            -2.7783092756E+01         2.9644E-10        1.074E-05        80.712
10           -2.7783089548E+01         2.8811E-10        5.103E-06        80.769
11           -2.7783086904E+01         2.8845E-10        2.992E-06        81.135
12           -2.7783084408E+01         2.8743E-10        2.232E-06        80.418
13           -2.7783083076E+01         2.8572E-10        1.707E-06        80.620
14           -2.7783082980E+01         2.8547E-10        1.724E-06        80.308
15           -2.7783083023E+01         2.8535E-10        1.345E-06        80.418
16           -2.7783082302E+01         2.8535E-10        1.338E-06        80.573
17           -2.7783081913E+01         2.8564E-10        6.036E-07        80.280
Total number of SCF: 17    

k = [0.000, 0.000, 0.000]
Occupation of state 242 = 0.000000000000000.
Occupation of state 269 = 0.000000000000000.
Exx outer loop error: 6.8510673933e-05 

No.5 Exx outer loop: 
1            -2.7783083546E+01         1.6320E-10        1.025E-05        84.502
2            -2.7783082767E+01         1.5785E-10        2.325E-05        80.611
3            -2.7783087279E+01         1.4856E-10        1.865E-05        80.638
4            -2.7783087321E+01         1.4865E-10        2.005E-05        80.689
5            -2.7783085554E+01         1.5044E-10        1.865E-05        80.719
6            -2.7783087262E+01         1.5132E-10        1.895E-05        80.572
7            -2.7783085658E+01         1.4975E-10        1.856E-05        80.625
8            -2.7783085569E+01         1.5271E-10        2.150E-05        81.356
9            -2.7783085616E+01         1.5262E-10        1.945E-05        80.632
10           -2.7783091071E+01         1.3540E-10        7.549E-06        80.914
11           -2.7783085209E+01         1.2506E-10        2.335E-06        80.461
12           -2.7783083336E+01         1.2278E-10        1.652E-06        80.438
13           -2.7783082419E+01         1.2093E-10        1.008E-06        80.580
14           -2.7783082100E+01         1.1971E-10        6.232E-07        83.966
Total number of SCF: 14    

k = [0.000, 0.000, 0.000]
Occupation of state 242 = 0.000000000000000.
Occupation of state 269 = 0.000000000000000.
Exx outer loop error: 2.5129880340e-04 

No.6 Exx outer loop: 
1            -2.7783082777E+01         6.7928E-11        4.560E-06        83.520
2            -2.7783082572E+01         6.5739E-11        9.009E-06        80.535
3            -2.7783082054E+01         5.6531E-11        4.968E-06        84.328
4            -2.7783081719E+01         5.0107E-11        1.635E-06        80.819
5            -2.7783081460E+01         4.7777E-11        7.249E-07        80.157
Total number of SCF: 5     

k = [0.000, 0.000, 0.000]
Occupation of state 242 = 0.000000000000000.
Occupation of state 269 = 0.000000000000000.
Exx outer loop error: 2.1014428267e-04 

No.7 Exx outer loop: 
1            -2.7783081850E+01         2.7512E-11        1.499E-06        86.932
2            -2.7783081590E+01         2.5580E-11        3.850E-06        80.282
3            -2.7783081578E+01         2.2766E-11        2.723E-06        80.271
4            -2.7783081572E+01         2.0663E-11        1.658E-06        80.404
5            -2.7783081651E+01         1.9469E-11        5.310E-07        80.247
Total number of SCF: 5     

k = [0.000, 0.000, 0.000]
Occupation of state 242 = 0.000000000000000.
Occupation of state 269 = 0.000000000000000.
Exx outer loop error: 6.9509690106e-05 

No.8 Exx outer loop: 
1            -2.7783082191E+01         1.0971E-11        9.864E-07        83.053
Total number of SCF: 1     

k = [0.000, 0.000, 0.000]
Occupation of state 242 = 0.000000000000000.
Occupation of state 269 = 0.000000000000000.
Exx outer loop error: 1.3284196806e-04 

No.9 Exx outer loop: 
1            -2.7783081975E+01         7.9012E-12        1.295E-06        83.201
2            -2.7783081741E+01         8.4128E-12        2.269E-06        80.259
3            -2.7783081651E+01         6.8212E-12        1.404E-06        80.582
4            -2.7783081572E+01         5.7696E-12        7.928E-07        80.154
Total number of SCF: 4     

k = [0.000, 0.000, 0.000]
Occupation of state 242 = 0.000000000000000.
Occupation of state 269 = 0.000000000000000.
Exx outer loop error: 9.3276990242e-05 

No.10 Exx outer loop: 
1            -2.7783081938E+01         3.2401E-12        9.478E-07        83.067
Total number of SCF: 1     

k = [0.000, 0.000, 0.000]
Occupation of state 242 = 0.000000000000000.
Occupation of state 269 = 0.000000000000000.
Exx outer loop error: 9.8158800749e-05 

No.11 Exx outer loop: 
1            -2.7783081953E+01         2.4443E-12        1.321E-06        84.684
2            -2.7783081489E+01         2.7001E-12        1.492E-06        80.511
3            -2.7783081455E+01         1.1653E-12        5.980E-07        80.315
Total number of SCF: 3     

k = [0.000, 0.000, 0.000]
Occupation of state 242 = 0.000000000000000.
Occupation of state 269 = 0.000000000000000.
Exx outer loop error: 3.9085935096e-05 
====================================================================
                    Energy and force calculation                    
====================================================================
Free energy per atom               : -2.7783081234E+01 (Ha/atom)
Total free energy                  : -1.6392017928E+03 (Ha)
Band structure energy              : -4.1540363832E+02 (Ha)
Exchange correlation energy        : -2.9166989836E+02 (Ha)
Self and correction energy         : -2.1628551502E+03 (Ha)
Entropy*kb*T                       : -4.3215406592E-09 (Ha)
Fermi level                        : -1.8891332088E-01 (Ha)
RMS force                          :  2.4271686503E-02 (Ha/Bohr)
Maximum force                      :  9.2793387245E-02 (Ha/Bohr)
Time for force calculation         :  1.010 (sec)
***************************************************************************
                               Timing info                                 
***************************************************************************
Total walltime                     :  29022.597 sec
___________________________________________________________________________

***************************************************************************
*             Material Physics & Mechanics Group, Georgia Tech            *
*                       PI: Phanish Suryanarayana                         *
*                Main Developers: Qimen Xu, Abhiraj Sharma                *
*     Collaborators: J.E. Pask (LLNL), A.J. Medford (GT), E. Chow (GT)    *
*  Acknowledgements: U.S. DOE (DE-SC0019410); U.S. NSF (1333500,1553212)  *
***************************************************************************
                                                                           
