***************************************************************************
*                       SPARC (version Dec 27, 2021)                      *
*   Copyright (c) 2020 Material Physics & Mechanics Group, Georgia Tech   *
*           Distributed under GNU General Public License 3 (GPL)          *
*                   Start time: Tue Jan 25 21:38:17 2022                  *
***************************************************************************
                           Input parameters                                
***************************************************************************
CELL: 12.4338823950489 11.2657846029438 47.5378507412217 
LATVEC:
1.000000000000000 0.000000000000000 0.000000000000000 
-0.000130020950961 0.999999991547276 0.000000000000000 
0.000000000000000 -0.000000000000000 1.000000000000000 
FD_GRID: 66 60 252
FD_ORDER: 12
BC: P P D
KPOINT_GRID: 4 4 1
KPOINT_SHIFT: 0 0 0
SPIN_TYP: 1
ELEC_TEMP_TYPE: Gaussian
SMEARING: 0.007349864435
CHEB_DEGREE: 37
NSTATES: 239
EXCHANGE_CORRELATION: HSE
CALC_STRESS: 0
CALC_PRES: 0
CHEFSI_BOUND_FLAG: 0
MAXIT_SCF: 100
MINIT_SCF: 3
MAXIT_POISSON: 3000
TOL_SCF: 1.00E-06
POISSON_SOLVER: AAR
TOL_POISSON: 1.00E-08
TOL_LANCZOS: 1.00E-02
TOL_PSEUDOCHARGE: 1.00E-08
MIXING_VARIABLE: density
MIXING_PRECOND: kerker
MIXING_PRECOND_MAG: none
TOL_PRECOND: 3.54E-05
PRECOND_KERKER_KTF: 1
PRECOND_KERKER_THRESH: 0.1
MIXING_PARAMETER: 0.3
MIXING_PARAMETER_MAG: 0.3
MIXING_HISTORY: 7
PULAY_FREQUENCY: 1
PULAY_RESTART: 0
REFERENCE_CUTOFF: 0.5
RHO_TRIGGER: 4
FIX_RAND: 0
VERBOSITY: 1
PRINT_FORCES: 1
PRINT_ATOMS: 1
PRINT_EIGEN: 1
PRINT_DENSITY: 0
PRINT_ENERGY_DENSITY: 0
TOL_FOCK: 5.00E-05
TOL_SCF_INIT: 1.00E-04
MAXIT_FOCK: 1000
EXX_METHOD: FOURIER_SPACE
EXX_DIVERGENCE: AUXILIARY
ACE_FLAG: 1
EXX_ACE_MEM: 1
EXX_ACE_VALENCE_STATES: 10000
EXX_DOWNSAMPLING: 1 1 1
EXX_RANGE_FOCK: 0.106000
EXX_RANGE_PBE: 0.106000
OUTPUT_FILE: sprc-calc
***************************************************************************
                                Cell                                       
***************************************************************************
Lattice vectors (Bohr):
12.433882395048860 0.000000000000000 0.000000000000000 
-0.001464788027397 11.265784507717260 0.000000000000000 
0.000000000000000 -0.000000000000000 47.537850741221725 
Volume                  :  6.6589804186E+03 (Bohr^3)
***************************************************************************
                           Parallelization                                 
***************************************************************************
NP_SPIN_PARAL: 2
NP_KPOINT_PARAL: 10
NP_BAND_PARAL: 1
NP_DOMAIN_PARAL: 2 1 8
NP_DOMAIN_PHI_PARAL: 4 4 21
EIG_SERIAL_MAXNS: 1500
***************************************************************************
                             Initialization                                
***************************************************************************
Number of processors               :  336
Mesh spacing in x-direction        :  0.188392 (Bohr)
Mesh spacing in y-direction        :  0.187763 (Bohr)
Mesh spacing in z direction        :  0.188642 (Bohr)
Number of symmetry adapted k-points:  10
Output printed to                  :  sprc-calc.out
Final eigenvalues printed to       :  sprc-calc.eigen
Total number of atom types         :  5
Total number of atoms              :  52
Total number of electrons          :  390
Atom type 1  (valence electrons)   :  C 4
Pseudopotential                    :  C.psp8
Pseudocharge radii of atom type 1  :  6.78 6.76 6.79 (x, y, z dir)
Number of atoms of type 1          :  1
Atom type 2  (valence electrons)   :  H 1
Pseudopotential                    :  H.psp8
Pseudocharge radii of atom type 2  :  3.77 3.76 3.77 (x, y, z dir)
Number of atoms of type 2          :  3
Atom type 3  (valence electrons)   :  N 5
Pseudopotential                    :  N.psp8
Pseudocharge radii of atom type 3  :  6.78 6.76 6.79 (x, y, z dir)
Number of atoms of type 3          :  1
Atom type 4  (valence electrons)   :  O 6
Pseudopotential                    :  O.psp8
Pseudocharge radii of atom type 4  :  6.78 6.76 6.79 (x, y, z dir)
Number of atoms of type 4          :  31
Atom type 5  (valence electrons)   :  Ti 12
Pseudopotential                    :  Ti.psp8
Pseudocharge radii of atom type 5  :  6.78 6.76 6.79 (x, y, z dir)
Number of atoms of type 5          :  16
Estimated total memory usage       :  448.99 GB
Estimated memory per processor     :  1.34 GB
========================================================================================
                    Self Consistent Field (SCF#1)                     
========================================================================================
Iteration     Free Energy (Ha/atom)    Magnetization     SCF Error        Timing (sec)
1            -2.8052519018E+01        -3.0957E+00        4.508E-01        352.801
2            -2.9465666321E+01         6.9346E+00        4.310E-01        88.983
3            -2.8332105392E+01         9.3019E+00        3.252E-01        88.745
4            -2.8305240316E+01        -2.9733E+00        3.267E-01        81.483
5            -2.8346243783E+01        -3.9849E-03        2.282E-01        81.609
6            -2.8377247849E+01        -2.3955E+00        2.207E-01        81.021
7            -2.8363407459E+01        -2.7006E+00        1.552E-01        81.034
8            -2.8368824661E+01        -3.6647E-02        1.286E-01        80.850
9            -2.8357936573E+01         2.7348E-01        9.982E-02        80.901
10           -2.8351701565E+01         2.3902E-01        8.010E-02        80.922
11           -2.8322024472E+01         8.4893E-01        6.628E-02        81.000
12           -2.8304415085E+01        -8.6483E-01        5.276E-02        81.099
13           -2.8286784757E+01        -1.0311E+00        5.487E-02        81.287
14           -2.8277292841E+01        -4.7326E-02        5.498E-02        81.521
15           -2.8273363946E+01         2.9819E-02        4.909E-02        81.491
16           -2.8269778395E+01        -2.1261E-01        4.617E-02        80.977
17           -2.8265692728E+01        -3.6552E-01        4.214E-02        81.362
18           -2.8254355172E+01        -9.7216E-01        3.956E-02        81.719
19           -2.8234327231E+01        -7.9585E-01        3.347E-02        82.440
20           -2.8229294001E+01        -1.1862E+00        2.829E-02        81.071
21           -2.8212923070E+01        -8.7143E-01        2.301E-02        80.945
22           -2.8192166517E+01        -2.4121E-02        2.135E-02        81.367
23           -2.8183308551E+01        -2.6796E-02        1.738E-02        81.112
24           -2.8170623666E+01         4.5060E-01        1.500E-02        80.965
25           -2.8157408901E+01         8.5864E-01        1.026E-02        81.202
26           -2.8154982229E+01        -2.9667E-01        1.397E-02        81.809
27           -2.8151766082E+01         1.0516E-01        9.894E-03        81.274
28           -2.8149998849E+01        -7.6845E-02        1.321E-02        81.100
29           -2.8148368024E+01         2.1244E-03        1.227E-02        80.956
30           -2.8145896662E+01         2.6774E-01        9.824E-03        80.953
31           -2.8144244017E+01         5.0094E-01        4.161E-03        81.165
32           -2.8142546857E+01         5.6154E-01        5.882E-03        81.119
33           -2.8140676134E+01         7.0861E-01        3.267E-03        81.143
34           -2.8140104664E+01         7.1905E-01        4.516E-03        81.300
35           -2.8138079034E+01         7.7678E-01        5.287E-03        81.657
36           -2.8138017883E+01         7.8792E-01        4.988E-03        81.583
37           -2.8137956411E+01         7.7107E-01        5.499E-03        81.539
38           -2.8136899808E+01         7.2627E-01        8.293E-03        80.916
39           -2.8136539412E+01         6.8395E-01        8.192E-03        80.988
40           -2.8136030987E+01         5.9922E-01        9.708E-03        81.247
41           -2.8135948395E+01         6.2456E-01        8.406E-03        83.253
42           -2.8135759602E+01         6.0110E-01        9.301E-03        90.297
43           -2.8136892423E+01         7.9508E-01        4.678E-03        83.085
44           -2.8137186719E+01         7.9499E-01        4.712E-03        82.988
45           -2.8137588350E+01         8.4190E-01        3.327E-03        82.968
46           -2.8137586591E+01         9.0157E-01        3.440E-03        94.835
47           -2.8137874357E+01         9.4810E-01        4.046E-03        101.552
48           -2.8137678188E+01         9.4467E-01        3.114E-03        81.949
49           -2.8137511564E+01         1.0399E+00        3.410E-03        92.372
50           -2.8137720368E+01         9.7951E-01        3.187E-03        81.254
51           -2.8137761810E+01         9.6874E-01        2.954E-03        83.184
52           -2.8137687888E+01         9.7171E-01        2.011E-03        97.468
53           -2.8137674064E+01         9.5571E-01        1.254E-03        95.019
54           -2.8137834401E+01         7.5340E-01        5.179E-03        82.106
55           -2.8137675956E+01         8.3474E-01        3.614E-03        89.261
56           -2.8137575890E+01         8.6297E-01        3.395E-03        90.487
57           -2.8137643460E+01         8.0503E-01        4.004E-03        82.850
58           -2.8137566493E+01         8.3932E-01        3.376E-03        83.279
59           -2.8137264883E+01         9.5521E-01        1.185E-03        81.799
60           -2.8137235338E+01         9.2839E-01        1.703E-03        82.248
61           -2.8136987008E+01         9.8225E-01        5.709E-04        82.765
62           -2.8136920984E+01         9.8406E-01        5.049E-04        83.851
63           -2.8136862661E+01         9.8887E-01        3.142E-04        82.184
64           -2.8136840804E+01         9.8694E-01        2.570E-04        82.860
65           -2.8136871986E+01         9.8566E-01        2.549E-04        91.977
66           -2.8136833849E+01         9.8518E-01        1.718E-04        87.277
67           -2.8136798110E+01         9.8300E-01        1.241E-04        87.230
68           -2.8136791768E+01         9.8116E-01        9.806E-05        86.701
Total number of SCF: 68    

k = [-0.250, -0.250, 0.000]
Occupation of state 215 = 0.000000000057419.
Occupation of state 239 = 0.000000000000000.

No.1 Exx outer loop: 
1            -2.7937729044E+01         1.6581E+00        1.685E-02        129.722
2            -2.7932646642E+01         1.3225E+00        1.560E-02        125.814
3            -2.7945105046E+01         2.1630E+00        5.886E-02        126.104
4            -2.7939506776E+01         1.5528E+00        1.551E-02        126.070
5            -2.7936383289E+01         1.4713E+00        1.249E-02        122.036
6            -2.7937266881E+01         1.4226E+00        1.069E-02        120.660
7            -2.7939278045E+01         1.0962E+00        1.416E-02        120.630
8            -2.7939129806E+01         1.3823E+00        9.454E-03        120.936
9            -2.7942193740E+01         1.3161E+00        9.914E-03        120.812
10           -2.7943474516E+01         1.3195E+00        1.207E-02        120.924
11           -2.7943298931E+01         1.3235E+00        1.080E-02        120.969
12           -2.7942263965E+01         1.4871E+00        5.654E-03        120.845
13           -2.7942797560E+01         1.4601E+00        7.349E-03        121.937
14           -2.7942338124E+01         1.5200E+00        7.514E-03        123.339
15           -2.7941964763E+01         1.5161E+00        9.753E-03        122.374
16           -2.7941972023E+01         1.4702E+00        1.057E-02        121.380
17           -2.7941800234E+01         1.5231E+00        9.113E-03        121.686
18           -2.7941874197E+01         1.5145E+00        9.051E-03        121.261
19           -2.7941718405E+01         1.5767E+00        9.702E-03        121.039
20           -2.7941459114E+01         1.6324E+00        9.734E-03        121.754
21           -2.7940875932E+01         1.7417E+00        7.466E-03        121.318
22           -2.7940982459E+01         1.7682E+00        4.125E-03        121.156
23           -2.7940399568E+01         1.8319E+00        4.911E-03        120.922
24           -2.7940645010E+01         1.8209E+00        3.015E-03        121.011
25           -2.7940656276E+01         1.8149E+00        2.124E-03        121.820
26           -2.7940686817E+01         1.7826E+00        2.093E-03        121.635
27           -2.7940599619E+01         1.7959E+00        1.602E-03        121.211
28           -2.7940563186E+01         1.7938E+00        6.258E-04        120.867
29           -2.7940609207E+01         1.7830E+00        3.637E-04        120.799
30           -2.7940589113E+01         1.7848E+00        4.268E-04        122.160
31           -2.7940596579E+01         1.7840E+00        3.768E-04        120.998
32           -2.7940561727E+01         1.7830E+00        2.504E-04        120.944
33           -2.7940485849E+01         1.7827E+00        1.823E-04        121.030
34           -2.7940443833E+01         1.7825E+00        1.385E-04        120.951
35           -2.7940429524E+01         1.7832E+00        2.194E-04        121.573
36           -2.7940438798E+01         1.7790E+00        3.995E-04        120.973
37           -2.7940411996E+01         1.7838E+00        1.306E-04        120.844
38           -2.7940401651E+01         1.7836E+00        1.410E-04        120.839
39           -2.7940387297E+01         1.7833E+00        1.435E-04        120.817
40           -2.7940383923E+01         1.7824E+00        6.272E-05        120.811
41           -2.7940379290E+01         1.7825E+00        3.605E-05        120.921
42           -2.7940375545E+01         1.7813E+00        6.578E-05        121.798
43           -2.7940364008E+01         1.7818E+00        2.694E-05        121.762
44           -2.7940363609E+01         1.7819E+00        1.774E-05        121.112
45           -2.7940359907E+01         1.7816E+00        1.065E-05        122.371
46           -2.7940360921E+01         1.7819E+00        9.036E-06        120.993
47           -2.7940358245E+01         1.7817E+00        4.070E-06        120.799
48           -2.7940357065E+01         1.7818E+00        2.804E-06        120.710
49           -2.7940355286E+01         1.7817E+00        6.272E-06        121.013
50           -2.7940354050E+01         1.7818E+00        2.032E-06        130.239
51           -2.7940354014E+01         1.7817E+00        1.147E-06        135.949
52           -2.7940354219E+01         1.7818E+00        2.380E-06        123.039
53           -2.7940354014E+01         1.7817E+00        4.995E-06        147.922
54           -2.7940354168E+01         1.7817E+00        2.580E-06        135.571
55           -2.7940354357E+01         1.7817E+00        5.897E-07        125.111
Total number of SCF: 55    

k = [-0.250, -0.250, 0.000]
Occupation of state 215 = 0.000000000000008.
Occupation of state 239 = 0.000000000000000.
Exx outer loop error: 6.4676092764e-01 

No.2 Exx outer loop: 
1            -2.7940654291E+01         1.9757E+00        4.046E-03        125.699
2            -2.7940612467E+01         1.8889E+00        3.432E-03        122.031
3            -2.7941296977E+01         1.8662E+00        7.886E-03        121.510
4            -2.7941245961E+01         1.8708E+00        5.901E-03        121.878
5            -2.7941138336E+01         1.8908E+00        4.724E-03        120.305
6            -2.7941022518E+01         1.9314E+00        1.916E-03        124.158
7            -2.7941009010E+01         1.9368E+00        3.989E-03        135.745
8            -2.7940928310E+01         1.9424E+00        6.536E-04        128.440
9            -2.7941029754E+01         1.9402E+00        8.598E-04        129.394
10           -2.7940858894E+01         1.9505E+00        1.170E-03        137.231
11           -2.7940847476E+01         1.9499E+00        8.125E-04        130.259
12           -2.7940764394E+01         1.9521E+00        5.161E-04        129.123
13           -2.7940741708E+01         1.9517E+00        2.303E-04        152.185
14           -2.7940726463E+01         1.9518E+00        1.408E-04        128.996
15           -2.7940715574E+01         1.9516E+00        5.231E-05        127.694
16           -2.7940702155E+01         1.9515E+00        6.281E-05        128.491
17           -2.7940689901E+01         1.9515E+00        4.535E-05        128.114
18           -2.7940681436E+01         1.9516E+00        6.113E-05        128.106
19           -2.7940676447E+01         1.9516E+00        4.889E-05        128.118
20           -2.7940673129E+01         1.9516E+00        3.653E-05        127.843
21           -2.7940669612E+01         1.9515E+00        4.882E-05        128.024
22           -2.7940670272E+01         1.9515E+00        8.973E-05        127.788
23           -2.7940671964E+01         1.9516E+00        3.944E-05        130.225
24           -2.7940672010E+01         1.9515E+00        4.274E-05        127.734
25           -2.7940672995E+01         1.9516E+00        3.533E-05        127.852
26           -2.7940673642E+01         1.9515E+00        4.418E-05        127.708
27           -2.7940674141E+01         1.9516E+00        2.612E-05        128.221
28           -2.7940675264E+01         1.9517E+00        6.592E-06        131.742
29           -2.7940674899E+01         1.9516E+00        3.021E-06        129.105
30           -2.7940674983E+01         1.9516E+00        4.349E-06        129.610
31           -2.7940675129E+01         1.9516E+00        6.171E-06        129.268
32           -2.7940674913E+01         1.9516E+00        7.981E-07        128.933
Total number of SCF: 32    

k = [-0.250, -0.250, 0.000]
Occupation of state 215 = 0.000000000000000.
Occupation of state 239 = 0.000000000000000.
Exx outer loop error: 1.3302999019e-02 

No.3 Exx outer loop: 
1            -2.7940771883E+01         1.9844E+00        1.780E-03        133.109
2            -2.7940720523E+01         1.9741E+00        1.585E-03        128.011
3            -2.7940734072E+01         1.9793E+00        4.890E-04        127.938
4            -2.7940782673E+01         1.9783E+00        6.921E-04        128.357
5            -2.7940732924E+01         1.9785E+00        3.055E-04        128.083
6            -2.7941052889E+01         1.9747E+00        2.709E-03        127.922
7            -2.7940938539E+01         1.9762E+00        1.298E-03        127.927
8            -2.7940844470E+01         1.9776E+00        4.451E-04        127.969
9            -2.7940756332E+01         1.9792E+00        1.239E-04        127.825
10           -2.7940739304E+01         1.9794E+00        2.390E-04        129.937
11           -2.7940728752E+01         1.9795E+00        1.639E-04        129.410
12           -2.7940720460E+01         1.9794E+00        3.685E-05        128.043
13           -2.7940711743E+01         1.9794E+00        2.010E-05        127.878
14           -2.7940704128E+01         1.9794E+00        3.077E-05        128.092
15           -2.7940702668E+01         1.9794E+00        1.903E-05        128.116
16           -2.7940702468E+01         1.9794E+00        1.471E-05        128.101
17           -2.7940702395E+01         1.9794E+00        9.496E-06        127.865
18           -2.7940702160E+01         1.9794E+00        3.718E-06        128.259
19           -2.7940702484E+01         1.9794E+00        3.179E-06        127.748
20           -2.7940702421E+01         1.9794E+00        4.426E-06        127.733
21           -2.7940702177E+01         1.9794E+00        2.340E-06        127.657
22           -2.7940702157E+01         1.9794E+00        1.128E-06        127.939
23           -2.7940701879E+01         1.9794E+00        4.889E-06        127.677
24           -2.7940701774E+01         1.9794E+00        2.483E-06        127.739
25           -2.7940701832E+01         1.9794E+00        5.843E-07        129.673
Total number of SCF: 25    

k = [-0.250, -0.250, 0.000]
Occupation of state 215 = 0.000000000000000.
Occupation of state 239 = 0.000000000000000.
Exx outer loop error: 9.8132783205e-04 

No.4 Exx outer loop: 
1            -2.7940735130E+01         1.9870E+00        8.441E-04        132.183
2            -2.7940728438E+01         1.9842E+00        6.055E-04        127.997
3            -2.7940977567E+01         1.9781E+00        1.416E-03        128.304
4            -2.7940902055E+01         1.9826E+00        7.861E-04        128.614
5            -2.7940897101E+01         1.9843E+00        1.794E-04        128.110
6            -2.7940792929E+01         1.9869E+00        5.234E-04        129.263
7            -2.7940790749E+01         1.9854E+00        2.818E-04        128.688
8            -2.7940744514E+01         1.9858E+00        2.028E-04        128.375
9            -2.7940747892E+01         1.9850E+00        6.423E-05        128.321
10           -2.7940736265E+01         1.9848E+00        9.237E-05        127.908
11           -2.7940737955E+01         1.9851E+00        1.320E-04        128.172
12           -2.7940736816E+01         1.9850E+00        1.119E-04        128.011
13           -2.7940747935E+01         1.9849E+00        2.289E-04        127.823
14           -2.7940742158E+01         1.9849E+00        1.601E-04        130.258
15           -2.7940748709E+01         1.9848E+00        2.637E-04        128.304
16           -2.7940728651E+01         1.9849E+00        8.545E-05        128.168
17           -2.7940721710E+01         1.9849E+00        6.054E-05        128.216
18           -2.7940712123E+01         1.9849E+00        5.871E-05        131.832
19           -2.7940712717E+01         1.9850E+00        2.980E-05        128.259
20           -2.7940711668E+01         1.9849E+00        1.332E-05        138.171
21           -2.7940708949E+01         1.9850E+00        1.932E-05        142.425
22           -2.7940708985E+01         1.9850E+00        3.871E-06        131.033
23           -2.7940708708E+01         1.9850E+00        3.999E-06        128.024
24           -2.7940708647E+01         1.9850E+00        7.035E-06        127.787
25           -2.7940708867E+01         1.9850E+00        2.521E-06        128.979
26           -2.7940708950E+01         1.9850E+00        1.047E-06        138.649
27           -2.7940708964E+01         1.9850E+00        9.993E-07        136.045
Total number of SCF: 27    

k = [-0.250, -0.250, 0.000]
Occupation of state 215 = 0.000000000000000.
Occupation of state 239 = 0.000000000000000.
Exx outer loop error: 1.3629278925e-03 

No.5 Exx outer loop: 
1            -2.7940715546E+01         1.9875E+00        6.027E-04        132.261
2            -2.7940731238E+01         1.9862E+00        2.602E-04        128.766
3            -2.7941007360E+01         1.9839E+00        2.675E-03        128.297
4            -2.7940823898E+01         1.9857E+00        7.507E-04        128.016
5            -2.7940815828E+01         1.9858E+00        5.373E-04        128.047
6            -2.7940759904E+01         1.9862E+00        7.895E-05        128.292
7            -2.7940737307E+01         1.9864E+00        1.718E-04        127.994
8            -2.7940739266E+01         1.9863E+00        1.374E-04        128.031
9            -2.7940734813E+01         1.9863E+00        1.504E-04        128.050
10           -2.7940733018E+01         1.9863E+00        1.442E-04        127.949
11           -2.7940731142E+01         1.9863E+00        1.437E-04        127.895
12           -2.7940730261E+01         1.9863E+00        1.472E-04        128.228
13           -2.7940730620E+01         1.9863E+00        1.331E-04        130.409
14           -2.7940738683E+01         1.9863E+00        4.855E-05        135.879
15           -2.7940727152E+01         1.9863E+00        8.021E-05        130.100
16           -2.7940724838E+01         1.9863E+00        5.579E-05        129.635
17           -2.7940719896E+01         1.9863E+00        5.298E-05        148.329
18           -2.7940715175E+01         1.9863E+00        3.296E-05        132.914
19           -2.7940716022E+01         1.9863E+00        1.786E-05        128.788
20           -2.7940713829E+01         1.9863E+00        2.048E-05        129.183
21           -2.7940714748E+01         1.9863E+00        1.028E-05        128.125
22           -2.7940713332E+01         1.9863E+00        8.380E-06        127.808
23           -2.7940713441E+01         1.9863E+00        8.254E-06        127.979
24           -2.7940712401E+01         1.9863E+00        3.614E-06        127.961
25           -2.7940712254E+01         1.9863E+00        4.313E-06        128.114
26           -2.7940711576E+01         1.9863E+00        1.539E-06        129.951
27           -2.7940711358E+01         1.9863E+00        1.198E-06        128.375
28           -2.7940711544E+01         1.9863E+00        2.268E-06        128.072
29           -2.7940711765E+01         1.9863E+00        1.393E-06        127.645
30           -2.7940711667E+01         1.9863E+00        1.032E-06        127.796
31           -2.7940711721E+01         1.9863E+00        1.086E-06        127.805
32           -2.7940711702E+01         1.9863E+00        2.227E-06        127.754
33           -2.7940711738E+01         1.9863E+00        1.813E-06        127.740
34           -2.7940711761E+01         1.9863E+00        2.930E-06        127.849
35           -2.7940711751E+01         1.9863E+00        3.245E-06        127.917
36           -2.7940711758E+01         1.9863E+00        2.709E-06        128.210
37           -2.7940711692E+01         1.9863E+00        2.385E-06        128.029
38           -2.7940711693E+01         1.9863E+00        2.000E-06        128.365
39           -2.7940711765E+01         1.9863E+00        1.060E-06        129.237
40           -2.7940711821E+01         1.9863E+00        8.801E-07        127.711
Total number of SCF: 40    

k = [-0.250, -0.250, 0.000]
Occupation of state 215 = 0.000000000000000.
Occupation of state 239 = 0.000000000000000.
Exx outer loop error: 7.3808166248e-04 

No.6 Exx outer loop: 
1            -2.7940708385E+01         1.9874E+00        5.457E-04        132.207
2            -2.7940728883E+01         1.9867E+00        2.234E-04        128.142
3            -2.7940992937E+01         1.9827E+00        2.499E-03        128.184
4            -2.7940789579E+01         1.9864E+00        6.061E-04        127.932
5            -2.7940813939E+01         1.9864E+00        3.340E-04        128.361
6            -2.7940775525E+01         1.9865E+00        4.294E-04        128.207
7            -2.7940762323E+01         1.9866E+00        2.148E-04        131.043
8            -2.7940737200E+01         1.9868E+00        7.803E-05        128.138
9            -2.7940749247E+01         1.9867E+00        6.443E-05        127.781
10           -2.7940750555E+01         1.9867E+00        5.927E-05        128.784
11           -2.7940737870E+01         1.9866E+00        3.869E-05        128.544
12           -2.7940730442E+01         1.9866E+00        2.813E-05        129.144
13           -2.7940727419E+01         1.9866E+00        3.328E-05        127.998
14           -2.7940722092E+01         1.9866E+00        1.490E-05        128.983
15           -2.7940717654E+01         1.9866E+00        1.215E-05        128.156
16           -2.7940714653E+01         1.9866E+00        6.586E-06        127.783
17           -2.7940715457E+01         1.9866E+00        5.248E-06        127.931
18           -2.7940713800E+01         1.9866E+00        8.589E-06        127.917
19           -2.7940714336E+01         1.9866E+00        4.296E-06        127.976
20           -2.7940713684E+01         1.9866E+00        3.749E-06        127.673
21           -2.7940713920E+01         1.9866E+00        2.357E-06        129.998
22           -2.7940713957E+01         1.9866E+00        2.068E-06        127.835
23           -2.7940713792E+01         1.9866E+00        1.516E-06        127.657
24           -2.7940713570E+01         1.9866E+00        5.105E-07        127.616
Total number of SCF: 24    

k = [-0.250, -0.250, 0.000]
Occupation of state 215 = 0.000000000000000.
Occupation of state 239 = 0.000000000000000.
Exx outer loop error: 3.0860551989e-04 

No.7 Exx outer loop: 
1            -2.7940709670E+01         1.9872E+00        4.946E-04        133.361
2            -2.7940720646E+01         1.9867E+00        1.648E-04        129.335
3            -2.7940777205E+01         1.9856E+00        3.016E-04        130.678
4            -2.7940800816E+01         1.9861E+00        4.443E-04        131.342
5            -2.7940795505E+01         1.9864E+00        3.182E-04        129.479
6            -2.7940771010E+01         1.9867E+00        1.229E-04        129.799
7            -2.7940749050E+01         1.9869E+00        8.363E-05        129.338
8            -2.7940735845E+01         1.9868E+00        8.072E-05        129.036
9            -2.7940725413E+01         1.9867E+00        2.431E-05        129.221
10           -2.7940724991E+01         1.9866E+00        5.464E-05        140.687
11           -2.7940722972E+01         1.9867E+00        4.700E-05        129.863
12           -2.7940720434E+01         1.9867E+00        1.513E-05        129.503
13           -2.7940725614E+01         1.9867E+00        8.147E-05        129.070
14           -2.7940731380E+01         1.9866E+00        1.286E-04        129.018
15           -2.7940733679E+01         1.9866E+00        1.557E-04        128.879
16           -2.7940734215E+01         1.9866E+00        1.607E-04        134.162
17           -2.7940727211E+01         1.9866E+00        9.381E-05        143.711
18           -2.7940727690E+01         1.9866E+00        9.501E-05        131.374
19           -2.7940727339E+01         1.9866E+00        8.391E-05        141.298
20           -2.7940720123E+01         1.9867E+00        8.562E-06        133.882
21           -2.7940719595E+01         1.9867E+00        8.204E-06        129.140
22           -2.7940718424E+01         1.9867E+00        5.881E-06        128.069
23           -2.7940717899E+01         1.9867E+00        5.246E-06        127.995
24           -2.7940716285E+01         1.9867E+00        6.958E-06        128.744
25           -2.7940715894E+01         1.9867E+00        3.734E-06        134.688
26           -2.7940715888E+01         1.9867E+00        3.695E-06        127.755
27           -2.7940715853E+01         1.9867E+00        5.629E-06        128.995
28           -2.7940715608E+01         1.9867E+00        9.206E-06        133.592
29           -2.7940714085E+01         1.9867E+00        1.776E-05        127.978
30           -2.7940714906E+01         1.9867E+00        1.598E-05        128.483
31           -2.7940714416E+01         1.9867E+00        6.479E-06        129.905
32           -2.7940714278E+01         1.9867E+00        8.025E-06        127.655
33           -2.7940714617E+01         1.9867E+00        2.323E-06        128.189
34           -2.7940714613E+01         1.9867E+00        3.321E-06        128.994
35           -2.7940714635E+01         1.9867E+00        2.097E-06        127.492
36           -2.7940714771E+01         1.9867E+00        5.726E-07        127.364
Total number of SCF: 36    

k = [-0.250, -0.250, 0.000]
Occupation of state 215 = 0.000000000000000.
Occupation of state 239 = 0.000000000000000.
Exx outer loop error: 2.5647357900e-04 

No.8 Exx outer loop: 

***************************************************************************
*                       SPARC (version Dec 27, 2021)                      *
*   Copyright (c) 2020 Material Physics & Mechanics Group, Georgia Tech   *
*           Distributed under GNU General Public License 3 (GPL)          *
*                   Start time: Thu Jan 27 09:03:56 2022                  *
***************************************************************************
                           Input parameters                                
***************************************************************************
CELL: 12.4338823950489 11.2657846029438 47.5378507412217 
LATVEC:
1.000000000000000 0.000000000000000 0.000000000000000 
-0.000130020950961 0.999999991547276 0.000000000000000 
0.000000000000000 -0.000000000000000 1.000000000000000 
FD_GRID: 66 60 252
FD_ORDER: 12
BC: P P D
KPOINT_GRID: 4 4 1
KPOINT_SHIFT: 0 0 0
SPIN_TYP: 1
ELEC_TEMP_TYPE: Gaussian
SMEARING: 0.007349864435
CHEB_DEGREE: 37
NSTATES: 239
EXCHANGE_CORRELATION: HSE
CALC_STRESS: 0
CALC_PRES: 0
CHEFSI_BOUND_FLAG: 0
MAXIT_SCF: 100
MINIT_SCF: 3
MAXIT_POISSON: 3000
TOL_SCF: 1.00E-06
POISSON_SOLVER: AAR
TOL_POISSON: 1.00E-08
TOL_LANCZOS: 1.00E-02
TOL_PSEUDOCHARGE: 1.00E-08
MIXING_VARIABLE: density
MIXING_PRECOND: kerker
MIXING_PRECOND_MAG: none
TOL_PRECOND: 3.54E-05
PRECOND_KERKER_KTF: 1
PRECOND_KERKER_THRESH: 0.1
MIXING_PARAMETER: 0.3
MIXING_PARAMETER_MAG: 0.3
MIXING_HISTORY: 7
PULAY_FREQUENCY: 1
PULAY_RESTART: 0
REFERENCE_CUTOFF: 0.5
RHO_TRIGGER: 4
FIX_RAND: 0
VERBOSITY: 1
PRINT_FORCES: 1
PRINT_ATOMS: 1
PRINT_EIGEN: 1
PRINT_DENSITY: 0
PRINT_ENERGY_DENSITY: 0
TOL_FOCK: 5.00E-05
TOL_SCF_INIT: 1.00E-04
MAXIT_FOCK: 20
EXX_METHOD: FOURIER_SPACE
EXX_DIVERGENCE: AUXILIARY
ACE_FLAG: 1
EXX_ACE_MEM: 1
EXX_ACE_VALENCE_STATES: 10000
EXX_DOWNSAMPLING: 1 1 1
EXX_RANGE_FOCK: 0.106000
EXX_RANGE_PBE: 0.106000
OUTPUT_FILE: sprc-calc
***************************************************************************
                                Cell                                       
***************************************************************************
Lattice vectors (Bohr):
12.433882395048860 0.000000000000000 0.000000000000000 
-0.001464788027397 11.265784507717260 0.000000000000000 
0.000000000000000 -0.000000000000000 47.537850741221725 
Volume                  :  6.6589804186E+03 (Bohr^3)
***************************************************************************
                           Parallelization                                 
***************************************************************************
NP_SPIN_PARAL: 2
NP_KPOINT_PARAL: 10
NP_BAND_PARAL: 1
NP_DOMAIN_PARAL: 2 1 8
NP_DOMAIN_PHI_PARAL: 4 4 21
EIG_SERIAL_MAXNS: 1500
***************************************************************************
                             Initialization                                
***************************************************************************
Number of processors               :  336
Mesh spacing in x-direction        :  0.188392 (Bohr)
Mesh spacing in y-direction        :  0.187763 (Bohr)
Mesh spacing in z direction        :  0.188642 (Bohr)
Number of symmetry adapted k-points:  10
Output printed to                  :  sprc-calc.out_01
Final eigenvalues printed to       :  sprc-calc.eigen_01
Total number of atom types         :  5
Total number of atoms              :  52
Total number of electrons          :  390
Atom type 1  (valence electrons)   :  C 4
Pseudopotential                    :  C.psp8
Pseudocharge radii of atom type 1  :  6.78 6.76 6.79 (x, y, z dir)
Number of atoms of type 1          :  1
Atom type 2  (valence electrons)   :  H 1
Pseudopotential                    :  H.psp8
Pseudocharge radii of atom type 2  :  3.77 3.76 3.77 (x, y, z dir)
Number of atoms of type 2          :  3
Atom type 3  (valence electrons)   :  N 5
Pseudopotential                    :  N.psp8
Pseudocharge radii of atom type 3  :  6.78 6.76 6.79 (x, y, z dir)
Number of atoms of type 3          :  1
Atom type 4  (valence electrons)   :  O 6
Pseudopotential                    :  O.psp8
Pseudocharge radii of atom type 4  :  6.78 6.76 6.79 (x, y, z dir)
Number of atoms of type 4          :  31
Atom type 5  (valence electrons)   :  Ti 12
Pseudopotential                    :  Ti.psp8
Pseudocharge radii of atom type 5  :  6.78 6.76 6.79 (x, y, z dir)
Number of atoms of type 5          :  16
Estimated total memory usage       :  448.99 GB
Estimated memory per processor     :  1.34 GB
========================================================================================
                    Self Consistent Field (SCF#1)                     
========================================================================================
Iteration     Free Energy (Ha/atom)    Magnetization     SCF Error        Timing (sec)
1            -2.8052519018E+01        -3.0957E+00        4.508E-01        325.077
2            -2.9465666328E+01         6.9346E+00        4.310E-01        81.077
3            -2.8332105393E+01         9.3019E+00        3.252E-01        77.467
4            -2.8305240317E+01        -2.9733E+00        3.267E-01        78.070
5            -2.8346243779E+01        -3.9849E-03        2.282E-01        76.815
6            -2.8377247856E+01        -2.3955E+00        2.207E-01        77.018
7            -2.8363407458E+01        -2.7006E+00        1.552E-01        93.100
8            -2.8368824662E+01        -3.6647E-02        1.286E-01        77.384
9            -2.8357936571E+01         2.7348E-01        9.982E-02        80.561
10           -2.8351701570E+01         2.3902E-01        8.010E-02        77.703
11           -2.8322024458E+01         8.4893E-01        6.628E-02        77.062
12           -2.8304415054E+01        -8.6483E-01        5.276E-02        83.134
13           -2.8286784772E+01        -1.0311E+00        5.487E-02        76.696
14           -2.8277292866E+01        -4.7329E-02        5.498E-02        97.076
15           -2.8273363952E+01         2.9814E-02        4.909E-02        77.497
16           -2.8269778377E+01        -2.1261E-01        4.617E-02        76.766
17           -2.8265692571E+01        -3.6554E-01        4.214E-02        102.822
18           -2.8254354547E+01        -9.7216E-01        3.956E-02        108.637
19           -2.8234326484E+01        -7.9580E-01        3.347E-02        91.108
20           -2.8229293338E+01        -1.1862E+00        2.829E-02        83.518
21           -2.8212923522E+01        -8.7130E-01        2.301E-02        77.495
22           -2.8192166186E+01        -2.4041E-02        2.135E-02        76.369
23           -2.8183308708E+01        -2.6594E-02        1.738E-02        76.482
24           -2.8170621209E+01         4.5089E-01        1.500E-02        77.136
25           -2.8157410993E+01         8.5860E-01        1.026E-02        94.250
26           -2.8154980308E+01        -2.9620E-01        1.397E-02        77.280
27           -2.8151765540E+01         1.0539E-01        9.892E-03        76.896
28           -2.8149998678E+01        -7.7118E-02        1.323E-02        77.007
29           -2.8148370180E+01         2.0934E-03        1.227E-02        77.201
30           -2.8145893771E+01         2.6798E-01        9.834E-03        76.904
31           -2.8144261560E+01         4.9893E-01        4.171E-03        76.347
32           -2.8142550896E+01         5.6142E-01        5.900E-03        76.903
33           -2.8140688222E+01         7.0827E-01        3.273E-03        77.049
34           -2.8140131657E+01         7.1631E-01        4.546E-03        77.275
35           -2.8138079333E+01         7.7494E-01        5.286E-03        76.606
36           -2.8138021148E+01         7.8695E-01        4.966E-03        76.133
37           -2.8137963583E+01         7.7056E-01        5.432E-03        77.043
38           -2.8136987848E+01         7.3438E-01        8.015E-03        76.933
39           -2.8136705710E+01         6.9833E-01        8.080E-03        76.905
40           -2.8136146064E+01         6.0253E-01        9.945E-03        77.021
41           -2.8136190894E+01         6.3760E-01        8.234E-03        78.503
42           -2.8135891149E+01         6.0581E-01        9.081E-03        77.264
43           -2.8137382213E+01         8.0557E-01        3.734E-03        76.270
44           -2.8137432226E+01         7.8980E-01        3.679E-03        76.144
45           -2.8137871133E+01         8.3247E-01        2.683E-03        76.885
46           -2.8138192598E+01         8.5929E-01        2.560E-03        76.741
47           -2.8138229114E+01         8.1034E-01        2.968E-03        76.223
48           -2.8138160517E+01         8.2559E-01        2.067E-03        76.090
49           -2.8138141253E+01         8.2680E-01        2.416E-03        76.751
50           -2.8137745319E+01         8.1348E-01        2.183E-03        77.118
51           -2.8137562081E+01         7.9839E-01        1.598E-03        76.848
52           -2.8137414881E+01         8.2498E-01        9.768E-04        77.266
53           -2.8137247096E+01         8.3417E-01        6.154E-04        77.193
54           -2.8137155709E+01         8.5842E-01        4.278E-04        76.544
55           -2.8137064377E+01         8.7832E-01        4.851E-04        76.557
56           -2.8136946345E+01         9.0204E-01        2.878E-04        76.606
57           -2.8136942522E+01         9.1417E-01        1.830E-04        76.360
58           -2.8136906050E+01         9.1718E-01        1.869E-04        77.025
59           -2.8136935660E+01         9.1404E-01        4.855E-04        76.252
60           -2.8136871453E+01         9.2819E-01        1.563E-04        76.616
61           -2.8136846032E+01         9.3618E-01        1.608E-04        76.748
62           -2.8136831439E+01         9.4146E-01        1.326E-04        77.007
63           -2.8136821962E+01         9.4663E-01        1.087E-04        76.759
64           -2.8136812345E+01         9.5359E-01        8.645E-05        76.063
Total number of SCF: 64    

k = [-0.250, -0.250, 0.000]
Occupation of state 215 = 0.000000000055319.
Occupation of state 239 = 0.000000000000000.

No.1 Exx outer loop: 
1            -2.7937324081E+01         1.3751E+00        1.768E-02        119.004
2            -2.7932210415E+01         1.2343E+00        1.706E-02        115.262
3            -2.7938719747E+01         3.9519E-01        2.484E-02        114.871
4            -2.7935970150E+01         1.1979E+00        1.348E-02        119.024
5            -2.7939772468E+01         9.3783E-01        1.406E-02        118.326
6            -2.7942416871E+01         9.3085E-01        1.192E-02        122.916
7            -2.7942353847E+01         1.3442E+00        5.853E-03        115.941
8            -2.7942566756E+01         1.3930E+00        5.206E-03        131.664
9            -2.7942996519E+01         1.4943E+00        5.277E-03        138.173
10           -2.7943396486E+01         1.4550E+00        4.019E-03        114.531
11           -2.7942979380E+01         1.5761E+00        3.118E-03        115.681
12           -2.7942162221E+01         1.7296E+00        3.709E-03        115.373
13           -2.7942072192E+01         1.7366E+00        3.325E-03        116.226
14           -2.7941827302E+01         1.8125E+00        3.402E-03        114.587
15           -2.7941750737E+01         1.7818E+00        2.032E-03        114.587
16           -2.7941707815E+01         1.7671E+00        1.171E-03        115.636
17           -2.7941496514E+01         1.7766E+00        1.004E-03        115.532
18           -2.7941345766E+01         1.7622E+00        6.863E-04        123.382
19           -2.7940839983E+01         1.7745E+00        9.084E-04        116.621
20           -2.7940678658E+01         1.7725E+00        7.245E-04        115.638
21           -2.7940548669E+01         1.7678E+00        5.173E-04        124.919
22           -2.7940507606E+01         1.7652E+00        2.406E-04        128.014
23           -2.7940449454E+01         1.7671E+00        1.603E-04        115.965
24           -2.7940402955E+01         1.7654E+00        9.993E-05        116.859
25           -2.7940397634E+01         1.7664E+00        8.535E-05        133.351
26           -2.7940358471E+01         1.7662E+00        5.130E-05        115.253
27           -2.7940357470E+01         1.7664E+00        3.895E-05        114.779
28           -2.7940356477E+01         1.7666E+00        2.904E-05        114.978
29           -2.7940355528E+01         1.7666E+00        3.136E-05        122.026
30           -2.7940351050E+01         1.7664E+00        8.296E-05        116.093
31           -2.7940349234E+01         1.7665E+00        1.569E-04        115.540
32           -2.7940350121E+01         1.7665E+00        1.295E-04        128.371
33           -2.7940353598E+01         1.7664E+00        5.570E-05        116.865
34           -2.7940359864E+01         1.7661E+00        6.164E-05        117.768
35           -2.7940357474E+01         1.7664E+00        1.862E-05        120.956
36           -2.7940355550E+01         1.7664E+00        1.728E-05        120.910
37           -2.7940354229E+01         1.7660E+00        1.775E-05        129.033
38           -2.7940352446E+01         1.7660E+00        7.920E-06        116.741
39           -2.7940351879E+01         1.7661E+00        1.006E-05        138.387
40           -2.7940351753E+01         1.7661E+00        6.251E-06        139.378
41           -2.7940351255E+01         1.7662E+00        7.399E-06        124.550
42           -2.7940351812E+01         1.7662E+00        1.508E-06        116.231
43           -2.7940351866E+01         1.7661E+00        1.484E-06        115.876
44           -2.7940351841E+01         1.7661E+00        1.217E-06        141.631
45           -2.7940351914E+01         1.7661E+00        2.097E-06        115.097
46           -2.7940351718E+01         1.7661E+00        8.650E-07        114.929
Total number of SCF: 46    

k = [-0.250, -0.250, 0.000]
Occupation of state 215 = 0.000000000000008.
Occupation of state 239 = 0.000000000000000.
Exx outer loop error: 6.5218451241e-01 

No.2 Exx outer loop: 
1            -2.7940643588E+01         1.9741E+00        4.067E-03        135.959
2            -2.7940665734E+01         1.8781E+00        3.685E-03        117.107
3            -2.7941123459E+01         1.8756E+00        7.787E-03        115.736
4            -2.7940477159E+01         1.9159E+00        2.297E-03        115.255
5            -2.7940593538E+01         1.9193E+00        4.119E-03        114.755
6            -2.7940913873E+01         1.9362E+00        2.083E-03        114.816
7            -2.7940986734E+01         1.9321E+00        3.071E-03        114.582
8            -2.7940969309E+01         1.9416E+00        2.801E-03        115.417
9            -2.7940836456E+01         1.9403E+00        2.573E-03        115.831
10           -2.7940828652E+01         1.9419E+00        9.309E-04        115.876
11           -2.7940807550E+01         1.9464E+00        6.465E-04        117.121
12           -2.7940966736E+01         1.9416E+00        1.285E-03        115.576
13           -2.7940815463E+01         1.9471E+00        3.060E-04        115.580
14           -2.7940741552E+01         1.9487E+00        9.193E-04        115.047
15           -2.7940725798E+01         1.9485E+00        8.673E-04        115.772
16           -2.7940712337E+01         1.9478E+00        6.150E-04        115.571
17           -2.7940726853E+01         1.9477E+00        2.990E-04        115.102
18           -2.7940713710E+01         1.9490E+00        1.781E-04        116.025
19           -2.7940701396E+01         1.9482E+00        8.254E-05        115.874
20           -2.7940724096E+01         1.9475E+00        3.047E-04        117.498
21           -2.7940688373E+01         1.9487E+00        5.781E-05        116.046
22           -2.7940696481E+01         1.9483E+00        7.070E-05        117.640
23           -2.7940696318E+01         1.9482E+00        1.031E-04        116.303
24           -2.7940690050E+01         1.9483E+00        8.798E-05        115.761
25           -2.7940678339E+01         1.9486E+00        6.654E-06        119.151
26           -2.7940675741E+01         1.9485E+00        8.265E-06        117.518
27           -2.7940675501E+01         1.9485E+00        3.578E-06        116.526
28           -2.7940675175E+01         1.9485E+00        4.919E-06        115.667
29           -2.7940674393E+01         1.9485E+00        2.839E-06        115.076
30           -2.7940674205E+01         1.9485E+00        2.445E-06        115.346
31           -2.7940673410E+01         1.9485E+00        3.445E-06        115.489
32           -2.7940673745E+01         1.9485E+00        2.765E-06        115.321
33           -2.7940673531E+01         1.9485E+00        1.069E-06        116.223
34           -2.7940673389E+01         1.9485E+00        1.601E-06        116.450
35           -2.7940673314E+01         1.9485E+00        2.101E-06        116.102
36           -2.7940673363E+01         1.9485E+00        1.394E-06        116.398
37           -2.7940673365E+01         1.9485E+00        6.906E-07        116.761
Total number of SCF: 37    

k = [-0.250, -0.250, 0.000]
Occupation of state 215 = 0.000000000000000.
Occupation of state 239 = 0.000000000000000.
Exx outer loop error: 1.3175645496e-02 

No.3 Exx outer loop: 
1            -2.7940770222E+01         1.9838E+00        1.800E-03        119.638
2            -2.7940731993E+01         1.9728E+00        1.512E-03        116.213
3            -2.7940746574E+01         1.9587E+00        7.132E-03        115.145
4            -2.7940861414E+01         1.9667E+00        2.935E-03        115.593
5            -2.7941076935E+01         1.9720E+00        9.230E-04        114.991
6            -2.7940944418E+01         1.9806E+00        1.404E-03        115.346
7            -2.7940941600E+01         1.9777E+00        4.106E-04        115.295
8            -2.7940952050E+01         1.9794E+00        6.375E-04        116.317
9            -2.7940917343E+01         1.9789E+00        3.550E-04        115.877
10           -2.7940892496E+01         1.9789E+00        2.971E-04        115.207
11           -2.7940880336E+01         1.9789E+00        3.067E-04        118.054
12           -2.7940851811E+01         1.9789E+00        4.926E-04        116.234
13           -2.7940786576E+01         1.9787E+00        2.331E-04        114.794
14           -2.7940749422E+01         1.9786E+00        1.201E-04        114.871
15           -2.7940727647E+01         1.9786E+00        4.902E-05        115.831
16           -2.7940713004E+01         1.9786E+00        2.118E-05        115.615
17           -2.7940712973E+01         1.9786E+00        1.276E-05        115.369
18           -2.7940707531E+01         1.9786E+00        2.748E-05        115.863
19           -2.7940710330E+01         1.9786E+00        1.995E-05        115.706
20           -2.7940706714E+01         1.9786E+00        3.018E-05        116.276
21           -2.7940708531E+01         1.9786E+00        3.522E-05        115.654
22           -2.7940708789E+01         1.9787E+00        3.602E-05        115.799
23           -2.7940706917E+01         1.9787E+00        1.586E-05        115.508
24           -2.7940705448E+01         1.9786E+00        2.434E-05        121.602
25           -2.7940704489E+01         1.9786E+00        1.687E-05        121.067
26           -2.7940703055E+01         1.9786E+00        7.438E-06        128.320
27           -2.7940701785E+01         1.9786E+00        6.289E-06        137.537
28           -2.7940701194E+01         1.9786E+00        1.883E-06        138.265
29           -2.7940701377E+01         1.9786E+00        3.512E-06        141.024
30           -2.7940701283E+01         1.9786E+00        8.328E-06        141.930
31           -2.7940701526E+01         1.9786E+00        1.688E-06        135.995
32           -2.7940701619E+01         1.9786E+00        2.916E-06        134.603
33           -2.7940701518E+01         1.9786E+00        3.123E-06        130.757
34           -2.7940701621E+01         1.9786E+00        3.916E-07        131.567
Total number of SCF: 34    

k = [-0.250, -0.250, 0.000]
Occupation of state 215 = 0.000000000000000.
Occupation of state 239 = 0.000000000000000.
Exx outer loop error: 9.1030748212e-04 

No.4 Exx outer loop: 

***************************************************************************
*                       SPARC (version Dec 27, 2021)                      *
*   Copyright (c) 2020 Material Physics & Mechanics Group, Georgia Tech   *
*           Distributed under GNU General Public License 3 (GPL)          *
*                   Start time: Thu Jan 27 21:15:27 2022                  *
***************************************************************************
                           Input parameters                                
***************************************************************************
CELL: 12.4338823950489 11.2657846029438 47.5378507412217 
LATVEC:
1.000000000000000 0.000000000000000 0.000000000000000 
-0.000130020950961 0.999999991547276 0.000000000000000 
0.000000000000000 -0.000000000000000 1.000000000000000 
FD_GRID: 66 60 252
FD_ORDER: 12
BC: P P D
KPOINT_GRID: 4 4 1
KPOINT_SHIFT: 0 0 0
SPIN_TYP: 1
ELEC_TEMP_TYPE: Gaussian
SMEARING: 0.007349864435
CHEB_DEGREE: 37
NSTATES: 239
EXCHANGE_CORRELATION: HSE
CALC_STRESS: 0
CALC_PRES: 0
CHEFSI_BOUND_FLAG: 0
MAXIT_SCF: 100
MINIT_SCF: 3
MAXIT_POISSON: 3000
TOL_SCF: 1.00E-06
POISSON_SOLVER: AAR
TOL_POISSON: 1.00E-08
TOL_LANCZOS: 1.00E-02
TOL_PSEUDOCHARGE: 1.00E-08
MIXING_VARIABLE: density
MIXING_PRECOND: kerker
MIXING_PRECOND_MAG: none
TOL_PRECOND: 3.54E-05
PRECOND_KERKER_KTF: 1
PRECOND_KERKER_THRESH: 0.1
MIXING_PARAMETER: 0.3
MIXING_PARAMETER_MAG: 0.3
MIXING_HISTORY: 7
PULAY_FREQUENCY: 1
PULAY_RESTART: 0
REFERENCE_CUTOFF: 0.5
RHO_TRIGGER: 4
FIX_RAND: 0
VERBOSITY: 1
PRINT_FORCES: 1
PRINT_ATOMS: 1
PRINT_EIGEN: 1
PRINT_DENSITY: 0
PRINT_ENERGY_DENSITY: 0
TOL_FOCK: 3.00E-04
TOL_SCF_INIT: 1.00E-04
MAXIT_FOCK: 20
EXX_METHOD: FOURIER_SPACE
EXX_DIVERGENCE: AUXILIARY
ACE_FLAG: 1
EXX_ACE_MEM: 1
EXX_ACE_VALENCE_STATES: 10000
EXX_DOWNSAMPLING: 1 1 1
EXX_RANGE_FOCK: 0.106000
EXX_RANGE_PBE: 0.106000
OUTPUT_FILE: sprc-calc
***************************************************************************
                                Cell                                       
***************************************************************************
Lattice vectors (Bohr):
12.433882395048860 0.000000000000000 0.000000000000000 
-0.001464788027397 11.265784507717260 0.000000000000000 
0.000000000000000 -0.000000000000000 47.537850741221725 
Volume                  :  6.6589804186E+03 (Bohr^3)
***************************************************************************
                           Parallelization                                 
***************************************************************************
NP_SPIN_PARAL: 2
NP_KPOINT_PARAL: 10
NP_BAND_PARAL: 1
NP_DOMAIN_PARAL: 2 1 8
NP_DOMAIN_PHI_PARAL: 4 4 21
EIG_SERIAL_MAXNS: 1500
***************************************************************************
                             Initialization                                
***************************************************************************
Number of processors               :  336
Mesh spacing in x-direction        :  0.188392 (Bohr)
Mesh spacing in y-direction        :  0.187763 (Bohr)
Mesh spacing in z direction        :  0.188642 (Bohr)
Number of symmetry adapted k-points:  10
Output printed to                  :  sprc-calc.out_01
Final eigenvalues printed to       :  sprc-calc.eigen_01
Total number of atom types         :  5
Total number of atoms              :  52
Total number of electrons          :  390
Atom type 1  (valence electrons)   :  C 4
Pseudopotential                    :  C.psp8
Pseudocharge radii of atom type 1  :  6.78 6.76 6.79 (x, y, z dir)
Number of atoms of type 1          :  1
Atom type 2  (valence electrons)   :  H 1
Pseudopotential                    :  H.psp8
Pseudocharge radii of atom type 2  :  3.77 3.76 3.77 (x, y, z dir)
Number of atoms of type 2          :  3
Atom type 3  (valence electrons)   :  N 5
Pseudopotential                    :  N.psp8
Pseudocharge radii of atom type 3  :  6.78 6.76 6.79 (x, y, z dir)
Number of atoms of type 3          :  1
Atom type 4  (valence electrons)   :  O 6
Pseudopotential                    :  O.psp8
Pseudocharge radii of atom type 4  :  6.78 6.76 6.79 (x, y, z dir)
Number of atoms of type 4          :  31
Atom type 5  (valence electrons)   :  Ti 12
Pseudopotential                    :  Ti.psp8
Pseudocharge radii of atom type 5  :  6.78 6.76 6.79 (x, y, z dir)
Number of atoms of type 5          :  16
Estimated total memory usage       :  448.99 GB
Estimated memory per processor     :  1.34 GB
========================================================================================
                    Self Consistent Field (SCF#1)                     
========================================================================================
Iteration     Free Energy (Ha/atom)    Magnetization     SCF Error        Timing (sec)
1            -2.8052519018E+01        -3.0957E+00        4.508E-01        385.134
2            -2.9465666326E+01         6.9346E+00        4.310E-01        96.606
3            -2.8332105392E+01         9.3019E+00        3.252E-01        97.434
4            -2.8305240322E+01        -2.9733E+00        3.267E-01        97.605
5            -2.8346243789E+01        -3.9849E-03        2.282E-01        97.607
6            -2.8377247841E+01        -2.3955E+00        2.207E-01        97.283
7            -2.8363407462E+01        -2.7006E+00        1.552E-01        97.536
8            -2.8368824660E+01        -3.6647E-02        1.286E-01        97.329
9            -2.8357936574E+01         2.7348E-01        9.982E-02        97.535
10           -2.8351701555E+01         2.3902E-01        8.010E-02        98.150
11           -2.8322024475E+01         8.4893E-01        6.628E-02        97.928
12           -2.8304415101E+01        -8.6482E-01        5.276E-02        97.563
13           -2.8286784744E+01        -1.0311E+00        5.487E-02        96.946
14           -2.8277292825E+01        -4.7324E-02        5.498E-02        97.593
15           -2.8273363948E+01         2.9821E-02        4.909E-02        83.132
16           -2.8269778421E+01        -2.1261E-01        4.617E-02        81.407
17           -2.8265692815E+01        -3.6550E-01        4.214E-02        81.560
18           -2.8254355483E+01        -9.7216E-01        3.956E-02        81.731
19           -2.8234327665E+01        -7.9587E-01        3.347E-02        81.626
20           -2.8229294413E+01        -1.1862E+00        2.829E-02        81.556
21           -2.8212922860E+01        -8.7150E-01        2.301E-02        82.167
22           -2.8192166741E+01        -2.4161E-02        2.135E-02        81.613
23           -2.8183308541E+01        -2.6922E-02        1.738E-02        81.517
24           -2.8170625071E+01         4.5047E-01        1.500E-02        81.587
25           -2.8157407800E+01         8.5864E-01        1.026E-02        81.254
26           -2.8154983105E+01        -2.9700E-01        1.398E-02        81.555
27           -2.8151766396E+01         1.0503E-01        9.896E-03        81.517
28           -2.8149999192E+01        -7.6638E-02        1.321E-02        81.703
29           -2.8148366634E+01         2.1446E-03        1.227E-02        81.418
30           -2.8145899114E+01         2.6757E-01        9.817E-03        81.415
31           -2.8144230541E+01         5.0251E-01        4.154E-03        81.563
32           -2.8142543921E+01         5.6171E-01        5.869E-03        82.091
33           -2.8140667081E+01         7.0894E-01        3.263E-03        81.425
34           -2.8140084262E+01         7.2119E-01        4.494E-03        81.491
35           -2.8138078786E+01         7.7820E-01        5.288E-03        81.294
36           -2.8138015405E+01         7.8871E-01        5.003E-03        81.405
37           -2.8137950535E+01         7.7151E-01        5.551E-03        83.917
38           -2.8136846708E+01         7.2072E-01        8.481E-03        81.168
39           -2.8136426359E+01         6.7377E-01        8.228E-03        81.235
40           -2.8135974808E+01         6.0110E-01        9.440E-03        81.187
41           -2.8135859703E+01         6.2627E-01        8.249E-03        81.187
42           -2.8135620299E+01         5.8419E-01        9.758E-03        81.806
43           -2.8136623174E+01         7.7043E-01        5.415E-03        81.767
44           -2.8136951593E+01         7.8947E-01        5.097E-03        81.325
45           -2.8137255967E+01         8.1054E-01        3.652E-03        80.678
46           -2.8137265716E+01         8.5424E-01        4.381E-03        81.297
47           -2.8137111776E+01         8.5308E-01        5.064E-03        81.280
48           -2.8136953781E+01         8.4120E-01        5.062E-03        81.017
49           -2.8137071552E+01         8.5866E-01        4.461E-03        81.402
50           -2.8137636137E+01         8.7923E-01        3.009E-03        81.160
51           -2.8137702225E+01         9.0267E-01        2.393E-03        81.392
52           -2.8137677605E+01         9.4103E-01        1.684E-03        81.124
53           -2.8137568488E+01         8.9715E-01        2.217E-03        80.878
54           -2.8137484429E+01         9.0465E-01        1.656E-03        81.344
55           -2.8137343179E+01         9.2558E-01        1.097E-03        81.091
56           -2.8137287440E+01         9.1091E-01        1.005E-03        80.875
57           -2.8137262600E+01         9.0815E-01        9.604E-04        80.934
58           -2.8137178591E+01         9.0254E-01        7.057E-04        80.936
59           -2.8137050622E+01         8.9787E-01        4.290E-04        82.516
60           -2.8136957415E+01         8.7926E-01        4.666E-04        80.942
61           -2.8136833762E+01         8.7933E-01        3.082E-04        80.987
62           -2.8136840589E+01         8.7080E-01        2.781E-04        80.849
63           -2.8136815365E+01         8.6957E-01        1.910E-04        80.889
64           -2.8136798836E+01         8.6837E-01        1.738E-04        82.037
65           -2.8136797075E+01         8.6876E-01        1.849E-04        82.082
66           -2.8136795029E+01         8.7484E-01        1.305E-04        81.566
67           -2.8136791838E+01         8.8303E-01        9.221E-05        81.333
Total number of SCF: 67    

k = [-0.250, -0.250, 0.000]
Occupation of state 215 = 0.000000000049630.
Occupation of state 239 = 0.000000000000000.

No.1 Exx outer loop: 
1            -2.7937652631E+01         1.5558E+00        1.703E-02        126.075
2            -2.7932618654E+01         1.1898E+00        1.557E-02        122.147
3            -2.7936783958E+01         1.3261E+00        1.478E-02        122.932
4            -2.7936868589E+01         1.1583E+00        1.068E-02        122.378
5            -2.7939723656E+01         1.2982E+00        8.108E-03        122.055
6            -2.7940009197E+01         1.2859E+00        6.849E-03        122.250
7            -2.7941396045E+01         1.3543E+00        5.348E-03        123.194
8            -2.7941742244E+01         1.2600E+00        8.977E-03        122.165
9            -2.7941637389E+01         1.3793E+00        6.537E-03        122.153
10           -2.7942189316E+01         1.2679E+00        1.075E-02        122.201
11           -2.7942133111E+01         1.1349E+00        1.377E-02        122.669
12           -2.7942112791E+01         7.4488E-01        1.953E-02        123.348
13           -2.7941638287E+01         8.6398E-01        1.745E-02        122.135
14           -2.7941347761E+01         9.4759E-01        1.663E-02        124.155
15           -2.7940935544E+01         1.3477E+00        7.901E-03        122.013
16           -2.7940836859E+01         1.4298E+00        8.044E-03        121.876
17           -2.7940555456E+01         1.4801E+00        7.721E-03        122.024
18           -2.7940747498E+01         1.6144E+00        6.188E-03        122.508
19           -2.7941703495E+01         1.6945E+00        2.838E-03        122.192
20           -2.7940750453E+01         1.7522E+00        2.815E-03        122.253
21           -2.7940522661E+01         1.7194E+00        2.240E-03        122.091
22           -2.7940716246E+01         1.6887E+00        1.452E-03        121.864
23           -2.7940754286E+01         1.7294E+00        1.117E-03        121.888
24           -2.7940791660E+01         1.7382E+00        9.737E-04        122.046
25           -2.7940631334E+01         1.7398E+00        8.704E-04        121.957
26           -2.7940589716E+01         1.7425E+00        7.488E-04        123.325
27           -2.7940491981E+01         1.7390E+00        8.179E-04        123.076
28           -2.7940463839E+01         1.7381E+00        1.000E-03        123.145
29           -2.7940510227E+01         1.7383E+00        1.741E-03        123.914
30           -2.7940396013E+01         1.7370E+00        9.295E-04        122.269
31           -2.7940349181E+01         1.7319E+00        3.881E-04        122.024
32           -2.7940411639E+01         1.7308E+00        3.494E-04        122.006
33           -2.7940433209E+01         1.7283E+00        4.610E-04        122.509
34           -2.7940440426E+01         1.7287E+00        4.467E-04        121.883
35           -2.7940435168E+01         1.7296E+00        3.370E-04        122.169
36           -2.7940415116E+01         1.7303E+00        2.266E-04        122.041
37           -2.7940393671E+01         1.7304E+00        1.690E-04        122.750
38           -2.7940379903E+01         1.7301E+00        1.104E-04        122.160
39           -2.7940363372E+01         1.7309E+00        3.071E-05        122.132
40           -2.7940362098E+01         1.7304E+00        3.328E-05        122.686
41           -2.7940349910E+01         1.7305E+00        2.181E-05        121.856
42           -2.7940349559E+01         1.7304E+00        1.607E-05        122.108
43           -2.7940344743E+01         1.7304E+00        6.653E-06        122.012
44           -2.7940345154E+01         1.7305E+00        5.515E-06        124.268
45           -2.7940342222E+01         1.7304E+00        7.790E-06        121.843
46           -2.7940343042E+01         1.7305E+00        2.128E-06        121.923
47           -2.7940342680E+01         1.7305E+00        3.331E-06        121.898
48           -2.7940342608E+01         1.7305E+00        1.351E-06        122.627
49           -2.7940342151E+01         1.7305E+00        1.275E-06        121.747
50           -2.7940342031E+01         1.7305E+00        1.078E-06        121.813
51           -2.7940342042E+01         1.7305E+00        5.824E-07        121.750
Total number of SCF: 51    

k = [-0.250, -0.250, 0.000]
Occupation of state 215 = 0.000000000000010.
Occupation of state 239 = 0.000000000000000.
Exx outer loop error: 6.6006862183e-01 

No.2 Exx outer loop: 
1            -2.7940638501E+01         1.9710E+00        4.242E-03        126.335
2            -2.7940762739E+01         1.8584E+00        4.100E-03        122.070
3            -2.7941019957E+01         1.9018E+00        4.747E-03        122.219
4            -2.7942016646E+01         1.8284E+00        1.092E-02        122.088
5            -2.7942107289E+01         1.8202E+00        1.091E-02        122.220
6            -2.7941604854E+01         1.8747E+00        9.509E-03        122.844
7            -2.7941619640E+01         1.8696E+00        9.107E-03        122.121
8            -2.7942630284E+01         1.7701E+00        1.399E-02        122.333
9            -2.7939478587E+01         1.9808E+00        7.774E-03        122.720
10           -2.7940091062E+01         1.9715E+00        4.267E-03        122.149
11           -2.7941185620E+01         1.8710E+00        3.013E-03        122.083
12           -2.7941047636E+01         1.9237E+00        1.476E-03        122.166
13           -2.7941288585E+01         1.9014E+00        2.067E-03        123.779
14           -2.7940920339E+01         1.9453E+00        1.635E-03        122.005
15           -2.7941007060E+01         1.9409E+00        9.863E-04        122.379
16           -2.7940961993E+01         1.9441E+00        7.850E-04        123.119
17           -2.7940934542E+01         1.9467E+00        8.135E-04        121.989
18           -2.7940936842E+01         1.9459E+00        5.827E-04        122.063
19           -2.7940891954E+01         1.9455E+00        4.759E-04        122.184
20           -2.7940792703E+01         1.9442E+00        6.555E-04        121.730
21           -2.7940796324E+01         1.9443E+00        5.687E-04        122.342
22           -2.7940761148E+01         1.9442E+00        2.311E-04        121.878
23           -2.7940752545E+01         1.9442E+00        8.712E-05        121.979
24           -2.7940731191E+01         1.9444E+00        6.717E-05        122.439
25           -2.7940707112E+01         1.9443E+00        4.772E-05        122.169
26           -2.7940694721E+01         1.9444E+00        3.301E-05        122.058
27           -2.7940680324E+01         1.9443E+00        2.418E-05        122.867
28           -2.7940675506E+01         1.9443E+00        1.971E-05        121.880
29           -2.7940676320E+01         1.9443E+00        1.069E-05        122.109
30           -2.7940673345E+01         1.9443E+00        8.730E-06        122.061
31           -2.7940669649E+01         1.9443E+00        6.044E-06        122.483
32           -2.7940670081E+01         1.9443E+00        4.418E-06        121.950
33           -2.7940670695E+01         1.9443E+00        3.531E-06        121.903
34           -2.7940672131E+01         1.9443E+00        1.416E-05        121.769
35           -2.7940671872E+01         1.9443E+00        1.316E-05        121.906
36           -2.7940671377E+01         1.9443E+00        1.215E-05        121.987
37           -2.7940670935E+01         1.9443E+00        3.318E-06        121.905
38           -2.7940671543E+01         1.9443E+00        2.942E-06        122.375
39           -2.7940671499E+01         1.9443E+00        7.215E-06        121.795
40           -2.7940670975E+01         1.9443E+00        1.145E-06        121.845
41           -2.7940671303E+01         1.9443E+00        8.723E-06        121.740
42           -2.7940671079E+01         1.9443E+00        6.209E-06        126.359
43           -2.7940670718E+01         1.9443E+00        1.646E-06        126.127
44           -2.7940670520E+01         1.9443E+00        1.140E-06        121.646
45           -2.7940670377E+01         1.9443E+00        9.438E-07        121.595
Total number of SCF: 45    

k = [-0.250, -0.250, 0.000]
Occupation of state 215 = 0.000000000000000.
Occupation of state 239 = 0.000000000000000.
Exx outer loop error: 1.3654475192e-02 

No.3 Exx outer loop: 
1            -2.7940775114E+01         1.9836E+00        1.954E-03        128.602
2            -2.7940740818E+01         1.9713E+00        1.615E-03        122.249
3            -2.7941213230E+01         1.9585E+00        3.846E-03        124.881
4            -2.7941034648E+01         1.9660E+00        1.294E-03        130.847
5            -2.7941189425E+01         1.9653E+00        2.222E-03        122.051
6            -2.7941176574E+01         1.9706E+00        1.644E-03        130.453
7            -2.7941088759E+01         1.9766E+00        9.945E-04        132.487
8            -2.7940889048E+01         1.9783E+00        3.879E-04        125.217
9            -2.7940745172E+01         1.9755E+00        1.728E-03        128.293
10           -2.7940749618E+01         1.9760E+00        1.468E-03        142.520
11           -2.7940694903E+01         1.9748E+00        2.171E-03        145.395
12           -2.7940697185E+01         1.9749E+00        2.095E-03        136.419
13           -2.7940703414E+01         1.9751E+00        1.336E-03        122.134
14           -2.7940685452E+01         1.9761E+00        9.198E-04        131.495
15           -2.7940671723E+01         1.9766E+00        9.921E-04        122.070
16           -2.7940662904E+01         1.9769E+00        5.975E-04        126.727
17           -2.7940672110E+01         1.9771E+00        4.686E-04        142.755
18           -2.7940711382E+01         1.9775E+00        3.555E-04        122.650
19           -2.7940761015E+01         1.9778E+00        3.783E-04        141.834
20           -2.7940787434E+01         1.9778E+00        3.085E-04        122.319
21           -2.7940781698E+01         1.9779E+00        1.502E-04        122.163
22           -2.7940749886E+01         1.9779E+00        7.513E-05        122.140
23           -2.7940718049E+01         1.9776E+00        2.168E-04        122.123
24           -2.7940711589E+01         1.9774E+00        2.773E-04        122.018
25           -2.7940702438E+01         1.9770E+00        5.301E-04        122.008
26           -2.7940720226E+01         1.9780E+00        5.484E-05        121.996
27           -2.7940714625E+01         1.9780E+00        8.567E-05        122.034
28           -2.7940709278E+01         1.9780E+00        4.223E-05        122.230
29           -2.7940705141E+01         1.9780E+00        3.775E-05        122.043
30           -2.7940703161E+01         1.9780E+00        1.783E-05        122.797
31           -2.7940701085E+01         1.9779E+00        6.626E-06        122.049
32           -2.7940699138E+01         1.9779E+00        3.881E-06        123.462
33           -2.7940698584E+01         1.9779E+00        1.483E-05        122.009
34           -2.7940699126E+01         1.9779E+00        2.894E-06        121.942
35           -2.7940698852E+01         1.9779E+00        6.171E-06        122.508
36           -2.7940699245E+01         1.9779E+00        4.093E-06        121.938
37           -2.7940699925E+01         1.9779E+00        5.368E-06        121.721
38           -2.7940699775E+01         1.9779E+00        7.401E-06        121.932
39           -2.7940700059E+01         1.9779E+00        1.067E-05        121.742
40           -2.7940700633E+01         1.9779E+00        4.562E-06        121.829
41           -2.7940700467E+01         1.9779E+00        6.513E-06        121.745
42           -2.7940700708E+01         1.9779E+00        6.076E-06        121.850
43           -2.7940700718E+01         1.9779E+00        2.368E-06        122.352
44           -2.7940700835E+01         1.9779E+00        1.120E-06        121.668
45           -2.7940700947E+01         1.9779E+00        6.183E-07        121.392
Total number of SCF: 45    

k = [-0.250, -0.250, 0.000]
Occupation of state 215 = 0.000000000000000.
Occupation of state 239 = 0.000000000000000.
Exx outer loop error: 9.3896558518e-04 

No.4 Exx outer loop: 
1            -2.7940739577E+01         1.9867E+00        9.068E-04        125.804
2            -2.7940729438E+01         1.9836E+00        6.911E-04        122.082
3            -2.7940762096E+01         1.9877E+00        8.135E-04        121.935
4            -2.7940661971E+01         1.9871E+00        9.713E-04        122.367
5            -2.7941167945E+01         1.9803E+00        4.162E-03        121.953
6            -2.7940707828E+01         1.9848E+00        7.498E-04        122.758
7            -2.7940730570E+01         1.9841E+00        8.025E-04        121.966
8            -2.7940755804E+01         1.9845E+00        5.911E-04        123.852
9            -2.7940770081E+01         1.9846E+00        2.392E-04        122.005
10           -2.7940767022E+01         1.9844E+00        1.607E-04        122.012
11           -2.7940735384E+01         1.9846E+00        7.286E-05        122.513
12           -2.7940772407E+01         1.9841E+00        5.038E-04        121.926
13           -2.7940711885E+01         1.9846E+00        1.148E-04        123.209
14           -2.7940715568E+01         1.9846E+00        2.878E-05        121.924
15           -2.7940708930E+01         1.9846E+00        3.010E-05        121.808
16           -2.7940709546E+01         1.9846E+00        4.863E-06        121.750
17           -2.7940709522E+01         1.9846E+00        6.644E-06        121.721
18           -2.7940709480E+01         1.9846E+00        6.346E-06        121.664
19           -2.7940708766E+01         1.9846E+00        4.816E-06        123.081
20           -2.7940709166E+01         1.9846E+00        2.349E-06        122.991
21           -2.7940708897E+01         1.9846E+00        3.540E-06        122.696
22           -2.7940709290E+01         1.9846E+00        3.020E-06        124.182
23           -2.7940709307E+01         1.9846E+00        3.397E-06        123.921
24           -2.7940709011E+01         1.9846E+00        1.085E-06        122.545
25           -2.7940708968E+01         1.9846E+00        5.596E-07        121.510
Total number of SCF: 25    

k = [-0.250, -0.250, 0.000]
Occupation of state 215 = 0.000000000000000.
Occupation of state 239 = 0.000000000000000.
Exx outer loop error: 1.3689541984e-03 

No.5 Exx outer loop: 
1            -2.7940719743E+01         1.9874E+00        6.181E-04        128.593
2            -2.7940727020E+01         1.9859E+00        3.122E-04        139.683
3            -2.7940865843E+01         1.9842E+00        6.430E-04        122.011
4            -2.7940810204E+01         1.9850E+00        8.478E-04        139.143
5            -2.7940836366E+01         1.9858E+00        3.928E-04        121.920
6            -2.7940766912E+01         1.9872E+00        3.732E-04        121.958
7            -2.7940732049E+01         1.9869E+00        2.961E-04        122.421
8            -2.7940714278E+01         1.9863E+00        3.144E-05        121.793
9            -2.7940717795E+01         1.9862E+00        1.489E-05        121.633
10           -2.7940714090E+01         1.9861E+00        1.302E-05        121.652
11           -2.7940713093E+01         1.9861E+00        6.053E-06        121.575
12           -2.7940712705E+01         1.9861E+00        5.298E-06        121.787
13           -2.7940713077E+01         1.9861E+00        3.681E-06        121.631
14           -2.7940713498E+01         1.9862E+00        3.168E-06        121.572
15           -2.7940713234E+01         1.9861E+00        3.009E-06        121.951
16           -2.7940713144E+01         1.9861E+00        1.395E-06        121.543
17           -2.7940712069E+01         1.9862E+00        4.586E-06        121.546
18           -2.7940711720E+01         1.9861E+00        3.986E-06        121.497
19           -2.7940711715E+01         1.9862E+00        3.982E-06        122.435
20           -2.7940711706E+01         1.9861E+00        4.430E-06        121.415
21           -2.7940711740E+01         1.9861E+00        4.377E-06        121.747
22           -2.7940711842E+01         1.9861E+00        4.757E-06        121.708
23           -2.7940711890E+01         1.9861E+00        4.049E-06        121.457
24           -2.7940712045E+01         1.9861E+00        2.288E-06        121.502
25           -2.7940711917E+01         1.9861E+00        2.235E-06        121.330
26           -2.7940712056E+01         1.9861E+00        1.450E-06        121.333
27           -2.7940712012E+01         1.9861E+00        1.537E-06        121.341
28           -2.7940712126E+01         1.9861E+00        1.023E-06        121.353
29           -2.7940712136E+01         1.9861E+00        1.376E-06        121.768
30           -2.7940712028E+01         1.9861E+00        4.377E-06        121.532
31           -2.7940711689E+01         1.9861E+00        1.313E-06        121.320
32           -2.7940711709E+01         1.9861E+00        1.460E-06        121.271
33           -2.7940711732E+01         1.9861E+00        1.129E-06        122.607
34           -2.7940711722E+01         1.9861E+00        5.372E-07        121.214
Total number of SCF: 34    

k = [-0.250, -0.250, 0.000]
Occupation of state 215 = 0.000000000000000.
Occupation of state 239 = 0.000000000000000.
Exx outer loop error: 9.8431209749e-04 

No.6 Exx outer loop: 
1            -2.7940710499E+01         1.9873E+00        5.408E-04        128.095
2            -2.7940726715E+01         1.9865E+00        2.033E-04        143.849
3            -2.7940781300E+01         1.9858E+00        4.942E-04        121.921
4            -2.7940812922E+01         1.9841E+00        6.193E-04        121.784
5            -2.7940804854E+01         1.9845E+00        4.989E-04        121.763
6            -2.7940726211E+01         1.9867E+00        1.034E-04        123.232
7            -2.7940724815E+01         1.9866E+00        4.881E-05        121.880
8            -2.7940727719E+01         1.9864E+00        8.968E-05        121.695
9            -2.7940724636E+01         1.9865E+00        2.456E-05        122.214
10           -2.7940723514E+01         1.9865E+00        1.474E-05        121.844
11           -2.7940720079E+01         1.9865E+00        1.066E-05        121.702
12           -2.7940718211E+01         1.9865E+00        8.982E-06        121.659
13           -2.7940716063E+01         1.9865E+00        1.096E-05        121.628
14           -2.7940715992E+01         1.9865E+00        7.876E-06        121.658
15           -2.7940715843E+01         1.9865E+00        6.013E-06        121.592
16           -2.7940715247E+01         1.9865E+00        6.873E-06        121.580
17           -2.7940715221E+01         1.9865E+00        4.250E-06        122.070
18           -2.7940713906E+01         1.9865E+00        6.133E-06        121.614
19           -2.7940713426E+01         1.9865E+00        4.715E-06        121.616
20           -2.7940713579E+01         1.9865E+00        2.559E-06        124.397
21           -2.7940713191E+01         1.9865E+00        1.829E-06        123.354
22           -2.7940713133E+01         1.9865E+00        9.382E-07        121.234
Total number of SCF: 22    

k = [-0.250, -0.250, 0.000]
Occupation of state 215 = 0.000000000000000.
Occupation of state 239 = 0.000000000000000.
Exx outer loop error: 5.4776328175e-04 

No.7 Exx outer loop: 
1            -2.7940710874E+01         1.9871E+00        4.905E-04        126.166
2            -2.7940718528E+01         1.9866E+00        1.782E-04        122.105
3            -2.7940734509E+01         1.9865E+00        1.147E-04        122.994
4            -2.7940724227E+01         1.9867E+00        6.922E-05        121.919
5            -2.7940718410E+01         1.9866E+00        4.059E-05        123.768
6            -2.7940716891E+01         1.9865E+00        3.033E-05        121.496
7            -2.7940716663E+01         1.9865E+00        2.452E-05        123.925
8            -2.7940716605E+01         1.9866E+00        8.830E-06        132.716
9            -2.7940714843E+01         1.9866E+00        1.142E-05        141.700
10           -2.7940714339E+01         1.9866E+00        6.807E-06        124.152
11           -2.7940714077E+01         1.9866E+00        4.407E-06        144.460
12           -2.7940713703E+01         1.9866E+00        5.561E-06        135.886
13           -2.7940713678E+01         1.9866E+00        3.786E-06        125.749
14           -2.7940713792E+01         1.9866E+00        1.631E-06        134.984
15           -2.7940714013E+01         1.9866E+00        5.118E-06        135.267
16           -2.7940714002E+01         1.9866E+00        5.321E-06        123.406
17           -2.7940714173E+01         1.9866E+00        1.867E-06        126.275
18           -2.7940714201E+01         1.9866E+00        1.082E-06        127.136
19           -2.7940714346E+01         1.9866E+00        2.028E-06        137.260
20           -2.7940714319E+01         1.9866E+00        1.660E-06        121.525
21           -2.7940714385E+01         1.9866E+00        1.594E-06        121.663
22           -2.7940714383E+01         1.9866E+00        1.050E-06        122.257
23           -2.7940714446E+01         1.9866E+00        5.966E-07        121.432
Total number of SCF: 23    

k = [-0.250, -0.250, 0.000]
Occupation of state 215 = 0.000000000000000.
Occupation of state 239 = 0.000000000000000.
Exx outer loop error: 2.5372944540e-04 
====================================================================
                    Energy and force calculation                    
====================================================================
Free energy per atom               : -2.7940709514E+01 (Ha/atom)
Total free energy                  : -1.4529168947E+03 (Ha)
Band structure energy              : -3.6527227277E+02 (Ha)
Exchange correlation energy        : -2.5827670195E+02 (Ha)
Self and correction energy         : -1.9165202998E+03 (Ha)
Entropy*kb*T                       : -5.5272832696E-03 (Ha)
Fermi level                        : -1.5130832435E-01 (Ha)
RMS force                          :  1.9719104791E-02 (Ha/Bohr)
Maximum force                      :  1.0240840083E-01 (Ha/Bohr)
Time for force calculation         :  1.608 (sec)
***************************************************************************
                               Timing info                                 
***************************************************************************
Total walltime                     :  81592.399 sec
___________________________________________________________________________

***************************************************************************
*             Material Physics & Mechanics Group, Georgia Tech            *
*                       PI: Phanish Suryanarayana                         *
*                Main Developers: Qimen Xu, Abhiraj Sharma                *
*     Collaborators: J.E. Pask (LLNL), A.J. Medford (GT), E. Chow (GT)    *
*  Acknowledgements: U.S. DOE (DE-SC0019410); U.S. NSF (1333500,1553212)  *
***************************************************************************
                                                                           
