***************************************************************************
*                       SPARC (version Dec 27, 2021)                      *
*   Copyright (c) 2020 Material Physics & Mechanics Group, Georgia Tech   *
*           Distributed under GNU General Public License 3 (GPL)          *
*                   Start time: Sun Jan 16 08:26:10 2022                  *
***************************************************************************
                           Input parameters                                
***************************************************************************
CELL: 12.4338823950489 16.8986769044157 47.5378507412217 
LATVEC:
1.000000000000000 0.000000000000000 0.000000000000000 
-0.000130020950961 0.999999991547276 0.000000000000000 
0.000000000000000 -0.000000000000000 1.000000000000000 
FD_GRID: 66 89 252
FD_ORDER: 12
BC: P P D
KPOINT_GRID: 2 2 1
KPOINT_SHIFT: 0 0 0
SPIN_TYP: 1
ELEC_TEMP_TYPE: Gaussian
SMEARING: 0.007349864435
CHEB_DEGREE: 37
NSTATES: 265
EXCHANGE_CORRELATION: HSE
CALC_STRESS: 0
CALC_PRES: 0
CHEFSI_BOUND_FLAG: 0
MAXIT_SCF: 100
MINIT_SCF: 3
MAXIT_POISSON: 3000
TOL_SCF: 1.00E-06
POISSON_SOLVER: AAR
TOL_POISSON: 1.00E-08
TOL_LANCZOS: 1.00E-02
TOL_PSEUDOCHARGE: 1.00E-08
MIXING_VARIABLE: density
MIXING_PRECOND: kerker
MIXING_PRECOND_MAG: none
TOL_PRECOND: 3.57E-05
PRECOND_KERKER_KTF: 1
PRECOND_KERKER_THRESH: 0.1
MIXING_PARAMETER: 0.3
MIXING_PARAMETER_MAG: 0.3
MIXING_HISTORY: 7
PULAY_FREQUENCY: 1
PULAY_RESTART: 0
REFERENCE_CUTOFF: 0.5
RHO_TRIGGER: 4
FIX_RAND: 0
VERBOSITY: 1
PRINT_FORCES: 1
PRINT_ATOMS: 1
PRINT_EIGEN: 1
PRINT_DENSITY: 0
PRINT_ENERGY_DENSITY: 0
TOL_FOCK: 5.00E-05
TOL_SCF_INIT: 1.00E-04
MAXIT_FOCK: 1000
EXX_METHOD: FOURIER_SPACE
EXX_DIVERGENCE: AUXILIARY
ACE_FLAG: 1
EXX_ACE_MEM: 1
EXX_ACE_VALENCE_STATES: 10000
EXX_DOWNSAMPLING: 1 1 1
EXX_RANGE_FOCK: 0.106000
EXX_RANGE_PBE: 0.106000
OUTPUT_FILE: sprc-calc
***************************************************************************
                                Cell                                       
***************************************************************************
Lattice vectors (Bohr):
12.433882395048860 0.000000000000000 0.000000000000000 
-0.002197182041095 16.898676761575889 0.000000000000000 
0.000000000000000 -0.000000000000000 47.537850741221725 
Volume                  :  9.9884706279E+03 (Bohr^3)
***************************************************************************
                           Parallelization                                 
***************************************************************************
NP_SPIN_PARAL: 2
NP_KPOINT_PARAL: 4
NP_BAND_PARAL: 1
NP_DOMAIN_PARAL: 2 3 7
NP_DOMAIN_PHI_PARAL: 4 6 14
EIG_SERIAL_MAXNS: 1500
***************************************************************************
                             Initialization                                
***************************************************************************
Number of processors               :  336
Mesh spacing in x-direction        :  0.188392 (Bohr)
Mesh spacing in y-direction        :  0.189873 (Bohr)
Mesh spacing in z direction        :  0.188642 (Bohr)
Number of symmetry adapted k-points:  4
Output printed to                  :  sprc-calc.out
Final eigenvalues printed to       :  sprc-calc.eigen
Total number of atom types         :  4
Total number of atoms              :  57
Total number of electrons          :  434
Atom type 1  (valence electrons)   :  H 1
Pseudopotential                    :  H.psp8
Pseudocharge radii of atom type 1  :  3.77 3.80 3.77 (x, y, z dir)
Number of atoms of type 1          :  3
Atom type 2  (valence electrons)   :  N 5
Pseudopotential                    :  N.psp8
Pseudocharge radii of atom type 2  :  6.78 6.65 6.79 (x, y, z dir)
Number of atoms of type 2          :  1
Atom type 3  (valence electrons)   :  O 6
Pseudopotential                    :  O.psp8
Pseudocharge radii of atom type 3  :  6.78 6.84 6.79 (x, y, z dir)
Number of atoms of type 3          :  35
Atom type 4  (valence electrons)   :  Ti 12
Pseudopotential                    :  Ti.psp8
Pseudocharge radii of atom type 4  :  6.78 6.84 6.79 (x, y, z dir)
Number of atoms of type 4          :  18
Estimated total memory usage       :  312.62 GB
Estimated memory per processor     :  952.76 MB
========================================================================================
                    Self Consistent Field (SCF#1)                     
========================================================================================
Iteration     Free Energy (Ha/atom)    Magnetization     SCF Error        Timing (sec)
1            -2.8669357686E+01         1.1428E+00        4.630E-01        226.456
2            -2.8819651819E+01         1.3963E+00        3.431E-01        56.949
3            -2.8808136101E+01        -1.8693E+00        2.878E-01        51.747
4            -2.8890014876E+01         8.5751E-02        1.567E-01        51.811
5            -2.8884698276E+01        -1.1590E+00        1.113E-01        52.502
6            -2.8880241018E+01        -1.8977E+00        7.657E-02        51.965
7            -2.8878111247E+01         2.3934E-01        5.513E-02        51.587
8            -2.8875618649E+01        -5.0431E-01        4.334E-02        51.751
9            -2.8866463175E+01         1.3440E+00        3.145E-02        52.238
10           -2.8856819413E+01         2.1455E-01        2.573E-02        52.249
11           -2.8839106602E+01        -1.8095E-01        1.798E-02        52.073
12           -2.8831503008E+01         1.3438E-02        1.519E-02        51.637
13           -2.8815362258E+01        -1.5879E-01        1.217E-02        52.817
14           -2.8801608831E+01        -1.9816E-01        8.101E-03        52.011
15           -2.8794696945E+01        -2.5047E-01        6.485E-03        52.143
16           -2.8788819015E+01        -2.6000E-01        5.553E-03        52.071
17           -2.8785948800E+01        -2.7624E-01        4.722E-03        51.599
18           -2.8780841541E+01        -3.4521E-01        3.724E-03        51.583
19           -2.8778212217E+01        -3.6612E-01        3.169E-03        51.596
20           -2.8774771630E+01        -4.4070E-01        2.277E-03        51.684
21           -2.8772223893E+01        -5.2895E-01        2.060E-03        51.603
22           -2.8770741726E+01        -5.8052E-01        1.571E-03        51.610
23           -2.8769543720E+01        -6.6226E-01        1.294E-03        51.573
24           -2.8768990488E+01        -7.4251E-01        1.013E-03        51.796
25           -2.8768602268E+01        -8.1234E-01        9.283E-04        51.655
26           -2.8768505250E+01        -8.6567E-01        8.168E-04        51.515
27           -2.8768356266E+01        -9.6011E-01        7.625E-04        51.375
28           -2.8768258497E+01        -1.0317E+00        7.463E-04        51.949
29           -2.8768171793E+01        -1.0578E+00        7.332E-04        51.954
30           -2.8768102725E+01        -1.1296E+00        7.245E-04        57.725
31           -2.8768059893E+01        -1.3545E+00        6.538E-04        53.120
32           -2.8768235156E+01        -1.5041E+00        3.200E-04        51.450
33           -2.8768113607E+01        -1.5033E+00        2.513E-04        51.379
34           -2.8768123706E+01        -1.5480E+00        2.042E-04        51.545
35           -2.8768019854E+01        -1.5303E+00        1.388E-04        51.586
36           -2.8767956433E+01        -1.5847E+00        1.669E-04        51.900
37           -2.8767934845E+01        -1.5339E+00        9.882E-05        50.872
Total number of SCF: 37    

k = [0.000, 0.000, 0.000]
Occupation of state 239 = 0.000000000000000.
Occupation of state 265 = 0.000000000000000.

No.1 Exx outer loop: 
1            -2.8566453283E+01        -1.9482E+00        1.505E-02        82.901
2            -2.8559082700E+01        -1.9624E+00        1.334E-02        79.641
3            -2.8561778791E+01        -2.0000E+00        2.967E-02        80.031
4            -2.8568353577E+01         7.0587E-01        2.887E-02        79.669
5            -2.8571394716E+01        -3.9597E-02        2.397E-02        79.847
6            -2.8572848958E+01        -1.3760E+00        1.766E-02        79.748
7            -2.8573422477E+01        -1.7783E+00        1.227E-02        79.554
8            -2.8573493822E+01        -1.9501E+00        5.847E-03        79.951
9            -2.8573613119E+01        -1.9714E+00        3.785E-03        79.328
10           -2.8573909573E+01        -1.9699E+00        3.513E-03        79.858
11           -2.8573262001E+01        -1.9746E+00        2.458E-03        79.928
12           -2.8571312911E+01        -1.9619E+00        2.021E-03        80.234
13           -2.8570425963E+01        -1.9627E+00        1.565E-03        79.974
14           -2.8569778501E+01        -1.9645E+00        1.117E-03        80.129
15           -2.8569483854E+01        -1.9643E+00        8.438E-04        80.122
16           -2.8568960315E+01        -1.9607E+00        6.514E-04        80.016
17           -2.8568652399E+01        -1.9645E+00        5.614E-04        79.920
18           -2.8568446473E+01        -1.9638E+00        3.525E-04        79.782
19           -2.8568160991E+01        -1.9666E+00        2.545E-04        79.782
20           -2.8568147792E+01        -1.9656E+00        1.614E-04        81.428
21           -2.8568044325E+01        -1.9659E+00        1.104E-04        82.842
22           -2.8568079858E+01        -1.9644E+00        8.567E-05        79.917
23           -2.8568059614E+01        -1.9643E+00        4.976E-05        79.806
24           -2.8568052362E+01        -1.9640E+00        4.566E-05        79.839
25           -2.8568046878E+01        -1.9636E+00        6.185E-05        79.933
26           -2.8568048777E+01        -1.9631E+00        1.027E-04        79.700
27           -2.8568045642E+01        -1.9642E+00        1.268E-05        79.712
28           -2.8568049532E+01        -1.9642E+00        8.818E-06        79.375
29           -2.8568051026E+01        -1.9644E+00        8.073E-06        79.605
30           -2.8568051589E+01        -1.9644E+00        9.431E-06        79.432
31           -2.8568051489E+01        -1.9644E+00        4.664E-06        79.417
32           -2.8568050552E+01        -1.9644E+00        4.457E-06        79.712
33           -2.8568049932E+01        -1.9644E+00        3.913E-06        79.417
34           -2.8568049794E+01        -1.9644E+00        1.281E-06        79.373
35           -2.8568049693E+01        -1.9644E+00        1.268E-06        79.231
36           -2.8568049536E+01        -1.9644E+00        8.001E-07        79.321
Total number of SCF: 36    

k = [0.000, 0.000, 0.000]
Occupation of state 239 = 0.000000000000000.
Occupation of state 265 = 0.000000000000000.
Exx outer loop error: 6.0423461783e-01 

No.2 Exx outer loop: 
1            -2.8568449898E+01        -1.9881E+00        2.469E-03        82.051
2            -2.8567818590E+01        -1.9823E+00        2.038E-03        79.730
3            -2.8568781928E+01        -1.9936E+00        2.999E-03        80.350
4            -2.8569050870E+01        -1.9923E+00        1.638E-03        80.169
5            -2.8569165385E+01        -1.9868E+00        7.533E-04        79.930
6            -2.8569378994E+01        -1.9934E+00        1.916E-03        79.737
7            -2.8569195147E+01        -1.9899E+00        7.918E-04        79.918
8            -2.8568882881E+01        -1.9806E+00        6.371E-04        79.776
9            -2.8568810982E+01        -1.9827E+00        4.035E-04        79.887
10           -2.8568824846E+01        -1.9829E+00        2.894E-04        83.421
11           -2.8568741985E+01        -1.9826E+00        2.320E-04        79.849
12           -2.8568660238E+01        -1.9828E+00        1.628E-04        79.856
13           -2.8568541866E+01        -1.9837E+00        1.100E-04        79.594
14           -2.8568502465E+01        -1.9835E+00        7.921E-05        80.106
15           -2.8568436385E+01        -1.9841E+00        9.181E-05        79.788
16           -2.8568431941E+01        -1.9837E+00        3.806E-05        79.728
17           -2.8568423974E+01        -1.9852E+00        2.035E-04        79.751
18           -2.8568406873E+01        -1.9842E+00        7.535E-05        79.565
19           -2.8568399806E+01        -1.9838E+00        2.550E-05        79.747
20           -2.8568397024E+01        -1.9835E+00        1.474E-05        79.504
21           -2.8568398486E+01        -1.9835E+00        1.175E-05        79.738
22           -2.8568400397E+01        -1.9835E+00        1.211E-05        79.837
23           -2.8568399946E+01        -1.9835E+00        1.023E-05        79.528
24           -2.8568397708E+01        -1.9835E+00        8.915E-06        79.630
25           -2.8568394290E+01        -1.9835E+00        3.224E-06        79.644
26           -2.8568393698E+01        -1.9836E+00        2.666E-06        79.318
27           -2.8568393408E+01        -1.9835E+00        6.480E-06        79.390
28           -2.8568393507E+01        -1.9835E+00        6.023E-06        79.346
29           -2.8568393982E+01        -1.9835E+00        4.302E-06        79.222
30           -2.8568393225E+01        -1.9835E+00        4.489E-06        79.547
31           -2.8568393158E+01        -1.9834E+00        1.300E-05        79.163
32           -2.8568393109E+01        -1.9834E+00        1.220E-05        81.080
33           -2.8568393193E+01        -1.9834E+00        1.296E-05        81.013
34           -2.8568393133E+01        -1.9835E+00        4.834E-06        79.261
35           -2.8568393102E+01        -1.9835E+00        5.729E-06        79.945
36           -2.8568393121E+01        -1.9835E+00        4.979E-06        79.107
37           -2.8568393033E+01        -1.9835E+00        7.543E-06        79.694
38           -2.8568393050E+01        -1.9835E+00        5.070E-06        79.146
39           -2.8568393209E+01        -1.9835E+00        1.933E-06        78.855
40           -2.8568393339E+01        -1.9835E+00        9.648E-07        79.163
Total number of SCF: 40    

k = [0.000, 0.000, 0.000]
Occupation of state 239 = 0.000000000000000.
Occupation of state 265 = 0.000000000000000.
Exx outer loop error: 9.8216553818e-03 

No.3 Exx outer loop: 
1            -2.8568466834E+01        -1.9889E+00        1.155E-03        82.025
2            -2.8568406303E+01        -1.9847E+00        7.400E-04        79.611
3            -2.8568489966E+01        -1.9806E+00        9.089E-04        79.704
4            -2.8568557869E+01        -1.9853E+00        4.407E-04        79.456
5            -2.8568626376E+01        -1.9891E+00        3.544E-04        79.809
6            -2.8568572742E+01        -1.9871E+00        1.386E-04        79.819
7            -2.8568551834E+01        -1.9848E+00        2.390E-04        79.553
8            -2.8568545851E+01        -1.9842E+00        2.438E-04        79.614
9            -2.8568557405E+01        -1.9867E+00        1.509E-04        80.004
10           -2.8568516803E+01        -1.9846E+00        1.021E-04        79.678
11           -2.8568505736E+01        -1.9846E+00        8.338E-05        80.004
12           -2.8568491784E+01        -1.9846E+00        7.617E-05        79.723
13           -2.8568469355E+01        -1.9846E+00        5.039E-05        79.458
14           -2.8568444356E+01        -1.9846E+00        2.749E-05        79.566
15           -2.8568433279E+01        -1.9847E+00        1.218E-05        79.683
16           -2.8568427743E+01        -1.9847E+00        8.663E-06        79.655
17           -2.8568425643E+01        -1.9847E+00        7.985E-06        80.061
18           -2.8568421927E+01        -1.9847E+00        7.876E-06        82.910
19           -2.8568420597E+01        -1.9847E+00        6.324E-06        79.619
20           -2.8568418550E+01        -1.9847E+00        3.670E-06        79.585
21           -2.8568418927E+01        -1.9847E+00        1.372E-06        79.221
22           -2.8568419072E+01        -1.9847E+00        2.206E-06        80.277
23           -2.8568419227E+01        -1.9847E+00        1.299E-06        79.557
24           -2.8568418774E+01        -1.9847E+00        1.311E-06        79.462
25           -2.8568418533E+01        -1.9847E+00        2.189E-06        79.443
26           -2.8568418330E+01        -1.9847E+00        7.242E-07        79.017
Total number of SCF: 26    

k = [0.000, 0.000, 0.000]
Occupation of state 239 = 0.000000000000000.
Occupation of state 265 = 0.000000000000000.
Exx outer loop error: 8.3541862630e-04 

No.4 Exx outer loop: 
1            -2.8568449065E+01        -1.9874E+00        8.146E-04        81.766
2            -2.8568440186E+01        -1.9830E+00        4.113E-04        79.909
3            -2.8568472529E+01        -1.9847E+00        3.005E-04        80.539
4            -2.8568608557E+01        -1.9858E+00        2.273E-04        79.654
5            -2.8568585315E+01        -1.9840E+00        8.978E-05        80.042
6            -2.8568521126E+01        -1.9863E+00        3.170E-04        79.657
7            -2.8568484040E+01        -1.9840E+00        6.988E-05        79.657
8            -2.8568447690E+01        -1.9832E+00        4.356E-05        79.871
9            -2.8568445137E+01        -1.9833E+00        2.609E-05        79.406
10           -2.8568443800E+01        -1.9832E+00        1.868E-05        80.489
11           -2.8568437186E+01        -1.9833E+00        8.685E-06        79.616
12           -2.8568434686E+01        -1.9833E+00        7.428E-06        79.530
13           -2.8568432355E+01        -1.9833E+00        7.145E-06        79.656
14           -2.8568430560E+01        -1.9833E+00        4.849E-06        79.460
15           -2.8568430558E+01        -1.9833E+00        3.910E-06        79.532
16           -2.8568430933E+01        -1.9833E+00        3.094E-06        82.842
17           -2.8568429350E+01        -1.9833E+00        4.741E-06        82.613
18           -2.8568428898E+01        -1.9833E+00        1.999E-06        79.672
19           -2.8568427773E+01        -1.9833E+00        2.094E-06        79.345
20           -2.8568426591E+01        -1.9833E+00        3.467E-06        79.018
21           -2.8568426343E+01        -1.9833E+00        2.494E-06        79.634
22           -2.8568425715E+01        -1.9833E+00        1.498E-06        79.464
23           -2.8568425555E+01        -1.9833E+00        2.417E-06        79.435
24           -2.8568425313E+01        -1.9833E+00        4.188E-07        79.054
Total number of SCF: 24    

k = [0.000, 0.000, 0.000]
Occupation of state 239 = 0.000000000000000.
Occupation of state 265 = 0.000000000000000.
Exx outer loop error: 4.0376368370e-04 

No.5 Exx outer loop: 
1            -2.8568443448E+01        -1.9844E+00        6.160E-04        82.152
2            -2.8568438398E+01        -1.9812E+00        2.885E-04        79.832
3            -2.8568593632E+01        -1.9903E+00        1.004E-03        79.823
4            -2.8568515963E+01        -1.9841E+00        2.614E-04        79.868
5            -2.8568507310E+01        -1.9750E+00        6.821E-04        79.794
6            -2.8568528158E+01        -1.9753E+00        6.505E-04        79.990
7            -2.8568511660E+01        -1.9797E+00        2.421E-04        79.486
8            -2.8568491879E+01        -1.9820E+00        6.793E-05        79.927
9            -2.8568474742E+01        -1.9813E+00        2.721E-05        79.732
10           -2.8568468361E+01        -1.9813E+00        2.440E-05        79.530
11           -2.8568459069E+01        -1.9813E+00        2.466E-05        79.894
12           -2.8568453181E+01        -1.9816E+00        4.584E-05        79.682
13           -2.8568448385E+01        -1.9813E+00        1.287E-05        79.601
14           -2.8568441818E+01        -1.9816E+00        3.052E-05        79.560
15           -2.8568436389E+01        -1.9813E+00        8.352E-06        79.496
16           -2.8568435055E+01        -1.9813E+00        7.576E-06        79.503
17           -2.8568434048E+01        -1.9813E+00        3.309E-06        80.009
18           -2.8568433201E+01        -1.9812E+00        1.005E-05        83.733
19           -2.8568432178E+01        -1.9813E+00        3.955E-06        79.533
20           -2.8568431510E+01        -1.9813E+00        6.295E-06        79.520
21           -2.8568430866E+01        -1.9813E+00        5.706E-06        79.412
22           -2.8568430605E+01        -1.9813E+00        1.608E-06        79.447
23           -2.8568430624E+01        -1.9813E+00        1.384E-06        78.995
24           -2.8568429979E+01        -1.9813E+00        2.570E-06        79.520
25           -2.8568429406E+01        -1.9813E+00        3.296E-06        79.454
26           -2.8568429019E+01        -1.9813E+00        8.624E-07        79.120
Total number of SCF: 26    

k = [0.000, 0.000, 0.000]
Occupation of state 239 = 0.000000000000000.
Occupation of state 265 = 0.000000000000000.
Exx outer loop error: 3.0125299003e-04 

No.6 Exx outer loop: 
1            -2.8568442095E+01        -1.9820E+00        5.009E-04        81.991
2            -2.8568437693E+01        -1.9795E+00        2.396E-04        79.821
3            -2.8568570692E+01        -1.9798E+00        1.969E-04        79.760
4            -2.8568515874E+01        -1.9789E+00        1.682E-04        79.785
5            -2.8568506135E+01        -1.9793E+00        9.269E-05        79.963
6            -2.8568493853E+01        -1.9807E+00        6.408E-05        79.631
7            -2.8568468427E+01        -1.9798E+00        3.766E-05        79.509
8            -2.8568459986E+01        -1.9797E+00        3.368E-05        79.639
9            -2.8568454478E+01        -1.9798E+00        2.551E-05        79.683
10           -2.8568451760E+01        -1.9801E+00        1.762E-05        80.170
11           -2.8568445889E+01        -1.9802E+00        3.199E-05        79.799
12           -2.8568437169E+01        -1.9799E+00        5.857E-06        79.567
13           -2.8568434957E+01        -1.9801E+00        1.875E-05        79.732
14           -2.8568432943E+01        -1.9800E+00        8.900E-06        79.586
15           -2.8568432911E+01        -1.9799E+00        2.064E-06        79.521
16           -2.8568432693E+01        -1.9799E+00        2.134E-06        79.650
17           -2.8568431848E+01        -1.9799E+00        1.224E-06        82.469
18           -2.8568431706E+01        -1.9799E+00        2.426E-06        79.671
19           -2.8568431546E+01        -1.9799E+00        8.685E-07        79.192
Total number of SCF: 19    

k = [0.000, 0.000, 0.000]
Occupation of state 239 = 0.000000000000000.
Occupation of state 265 = 0.000000000000000.
Exx outer loop error: 3.6982830812e-05 
====================================================================
                    Energy and force calculation                    
====================================================================
Free energy per atom               : -2.8568425570E+01 (Ha/atom)
Total free energy                  : -1.6284002575E+03 (Ha)
Band structure energy              : -4.1415020342E+02 (Ha)
Exchange correlation energy        : -2.8842206315E+02 (Ha)
Self and correction energy         : -2.1448307358E+03 (Ha)
Entropy*kb*T                       : -3.1190308089E-03 (Ha)
Fermi level                        : -1.6346985258E-01 (Ha)
RMS force                          :  2.6527008222E-02 (Ha/Bohr)
Maximum force                      :  1.0358105972E-01 (Ha/Bohr)
Time for force calculation         :  1.112 (sec)
***************************************************************************
                               Timing info                                 
***************************************************************************
Total walltime                     :  25360.992 sec
___________________________________________________________________________

***************************************************************************
*             Material Physics & Mechanics Group, Georgia Tech            *
*                       PI: Phanish Suryanarayana                         *
*                Main Developers: Qimen Xu, Abhiraj Sharma                *
*     Collaborators: J.E. Pask (LLNL), A.J. Medford (GT), E. Chow (GT)    *
*  Acknowledgements: U.S. DOE (DE-SC0019410); U.S. NSF (1333500,1553212)  *
***************************************************************************
                                                                           

***************************************************************************
*                       SPARC (version Mar 30, 2022)                      *
*   Copyright (c) 2020 Material Physics & Mechanics Group, Georgia Tech   *
*           Distributed under GNU General Public License 3 (GPL)          *
*                   Start time: Thu Apr 14 16:00:06 2022                  *
***************************************************************************
                           Input parameters                                
***************************************************************************
CELL: 12.4338823950489 16.8986769044157 47.5378507412217 
LATVEC:
1.000000000000000 0.000000000000000 0.000000000000000 
-0.000130020950961 0.999999991547276 0.000000000000000 
0.000000000000000 -0.000000000000000 1.000000000000000 
FD_GRID: 66 89 252
FD_ORDER: 12
BC: P P D
KPOINT_GRID: 2 2 1
KPOINT_SHIFT: 0 0 0
SPIN_TYP: 1
ELEC_TEMP_TYPE: Gaussian
SMEARING: 0.007349864435
CHEB_DEGREE: 37
NSTATES: 265
EXCHANGE_CORRELATION: HSE
CALC_STRESS: 0
CALC_PRES: 0
CHEFSI_BOUND_FLAG: 0
MAXIT_SCF: 100
MINIT_SCF: 3
MAXIT_POISSON: 3000
TOL_SCF: 1.00E-06
POISSON_SOLVER: AAR
TOL_POISSON: 1.00E-08
TOL_LANCZOS: 1.00E-02
TOL_PSEUDOCHARGE: 1.00E-08
MIXING_VARIABLE: density
MIXING_PRECOND: kerker
MIXING_PRECOND_MAG: none
TOL_PRECOND: 3.57E-05
PRECOND_KERKER_KTF: 1
PRECOND_KERKER_THRESH: 0.1
MIXING_PARAMETER: 0.3
MIXING_PARAMETER_MAG: 0.3
MIXING_HISTORY: 7
PULAY_FREQUENCY: 1
PULAY_RESTART: 0
REFERENCE_CUTOFF: 0.5
RHO_TRIGGER: 4
FIX_RAND: 0
VERBOSITY: 1
PRINT_FORCES: 1
PRINT_ATOMS: 1
PRINT_EIGEN: 1
PRINT_DENSITY: 0
PRINT_ENERGY_DENSITY: 0
TOL_FOCK: 5.00E-05
TOL_SCF_INIT: 1.00E-04
MAXIT_FOCK: 1000
EXX_METHOD: FOURIER_SPACE
EXX_DIVERGENCE: AUXILIARY
ACE_FLAG: 1
EXX_ACE_MEM: 1
EXX_ACE_VALENCE_STATES: 10000
EXX_DOWNSAMPLING: 1 1 1
EXX_RANGE_FOCK: 0.106000
EXX_RANGE_PBE: 0.106000
OUTPUT_FILE: sprc-calc
***************************************************************************
                                Cell                                       
***************************************************************************
Lattice vectors (Bohr):
12.433882395048860 0.000000000000000 0.000000000000000 
-0.002197182041095 16.898676761575889 0.000000000000000 
0.000000000000000 -0.000000000000000 47.537850741221725 
Volume                  :  9.9884706279E+03 (Bohr^3)
***************************************************************************
                           Parallelization                                 
***************************************************************************
NP_SPIN_PARAL: 2
NP_KPOINT_PARAL: 4
NP_BAND_PARAL: 1
NP_DOMAIN_PARAL: 2 3 7
NP_DOMAIN_PHI_PARAL: 4 6 14
EIG_SERIAL_MAXNS: 1500
***************************************************************************
                             Initialization                                
***************************************************************************
Number of processors               :  336
Mesh spacing in x-direction        :  0.188392 (Bohr)
Mesh spacing in y-direction        :  0.189873 (Bohr)
Mesh spacing in z direction        :  0.188642 (Bohr)
Number of symmetry adapted k-points:  4
Output printed to                  :  sprc-calc.out_01
Final eigenvalues printed to       :  sprc-calc.eigen_01
Total number of atom types         :  4
Total number of atoms              :  57
Total number of electrons          :  434
Atom type 1  (valence electrons)   :  H 1
Pseudopotential                    :  H.psp8
Pseudocharge radii of atom type 1  :  3.77 3.80 3.77 (x, y, z dir)
Number of atoms of type 1          :  3
Atom type 2  (valence electrons)   :  N 5
Pseudopotential                    :  N.psp8
Pseudocharge radii of atom type 2  :  6.78 6.65 6.79 (x, y, z dir)
Number of atoms of type 2          :  1
Atom type 3  (valence electrons)   :  O 6
Pseudopotential                    :  O.psp8
Pseudocharge radii of atom type 3  :  6.78 6.84 6.79 (x, y, z dir)
Number of atoms of type 3          :  35
Atom type 4  (valence electrons)   :  Ti 12
Pseudopotential                    :  Ti.psp8
Pseudocharge radii of atom type 4  :  6.78 6.84 6.79 (x, y, z dir)
Number of atoms of type 4          :  18
Estimated total memory usage       :  312.62 GB
Estimated memory per processor     :  952.76 MB
========================================================================================
                    Self Consistent Field (SCF#1)                     
========================================================================================
Iteration     Free Energy (Ha/atom)    Magnetization     SCF Error        Timing (sec)
1            -2.8669357686E+01         1.1428E+00        4.630E-01        227.628
2            -2.8819651819E+01         1.3963E+00        3.431E-01        62.256
3            -2.8808136101E+01        -1.8693E+00        2.878E-01        62.791
4            -2.8890014876E+01         8.5751E-02        1.567E-01        62.331
5            -2.8884698276E+01        -1.1590E+00        1.113E-01        63.285
6            -2.8880241018E+01        -1.8977E+00        7.657E-02        62.420
7            -2.8878111246E+01         2.3934E-01        5.513E-02        62.595
8            -2.8875618649E+01        -5.0431E-01        4.334E-02        62.802
9            -2.8866463174E+01         1.3440E+00        3.145E-02        62.258
10           -2.8856819412E+01         2.1455E-01        2.573E-02        62.338
11           -2.8839106601E+01        -1.8095E-01        1.798E-02        62.495
12           -2.8831503008E+01         1.3438E-02        1.519E-02        64.332
13           -2.8815362258E+01        -1.5879E-01        1.217E-02        64.270
14           -2.8801608832E+01        -1.9816E-01        8.101E-03        62.344
15           -2.8794696946E+01        -2.5047E-01        6.485E-03        62.392
16           -2.8788819016E+01        -2.6000E-01        5.553E-03        62.391
17           -2.8785948799E+01        -2.7624E-01        4.722E-03        70.510
18           -2.8780841540E+01        -3.4521E-01        3.724E-03        62.694
19           -2.8778212217E+01        -3.6612E-01        3.169E-03        63.835
20           -2.8774771630E+01        -4.4070E-01        2.277E-03        62.577
21           -2.8772223893E+01        -5.2895E-01        2.060E-03        62.516
22           -2.8770741726E+01        -5.8052E-01        1.571E-03        62.563
23           -2.8769543719E+01        -6.6226E-01        1.294E-03        64.004
24           -2.8768990488E+01        -7.4251E-01        1.013E-03        64.708
25           -2.8768602269E+01        -8.1234E-01        9.283E-04        64.373
26           -2.8768505251E+01        -8.6567E-01        8.168E-04        64.123
27           -2.8768356266E+01        -9.6011E-01        7.625E-04        62.155
28           -2.8768258497E+01        -1.0317E+00        7.463E-04        67.236
29           -2.8768171794E+01        -1.0578E+00        7.332E-04        85.392
30           -2.8768102725E+01        -1.1296E+00        7.245E-04        62.370
31           -2.8768059894E+01        -1.3545E+00        6.538E-04        65.792
32           -2.8768235156E+01        -1.5041E+00        3.200E-04        62.370
33           -2.8768113610E+01        -1.5033E+00        2.512E-04        73.674
34           -2.8768123704E+01        -1.5480E+00        2.042E-04        72.727
35           -2.8768019845E+01        -1.5303E+00        1.388E-04        83.089
36           -2.8767956426E+01        -1.5847E+00        1.669E-04        61.703
37           -2.8767934845E+01        -1.5339E+00        9.883E-05        91.053
Total number of SCF: 37    

k = [0.000, 0.000, 0.000]
Occupation of state 239 = 0.000000000000000.
Occupation of state 265 = 0.000000000000000.

No.1 Exx outer loop: 
1            -2.8566422822E+01        -1.9482E+00        1.505E-02        84.488
2            -2.8559044136E+01        -1.9624E+00        1.334E-02        105.597
3            -2.8561187442E+01        -2.0000E+00        2.966E-02        78.160
4            -2.8568038912E+01         7.0621E-01        2.887E-02        106.140
5            -2.8571231789E+01        -3.9518E-02        2.397E-02        92.164
6            -2.8572830678E+01        -1.3760E+00        1.766E-02        78.032
7            -2.8573416880E+01        -1.7782E+00        1.227E-02        77.872
8            -2.8573461203E+01        -1.9501E+00        5.848E-03        78.136
9            -2.8573535167E+01        -1.9713E+00        3.785E-03        77.853
10           -2.8573835178E+01        -1.9699E+00        3.513E-03        80.225
11           -2.8573201808E+01        -1.9746E+00        2.459E-03        92.917
12           -2.8571266070E+01        -1.9619E+00        2.022E-03        82.968
13           -2.8570376685E+01        -1.9627E+00        1.565E-03        79.427
14           -2.8569714136E+01        -1.9645E+00        1.117E-03        97.651
15           -2.8569424423E+01        -1.9643E+00        8.439E-04        120.818
16           -2.8568901633E+01        -1.9607E+00        6.515E-04        83.818
17           -2.8568593382E+01        -1.9645E+00        5.615E-04        101.677
18           -2.8568387178E+01        -1.9638E+00        3.526E-04        89.728
19           -2.8568101676E+01        -1.9666E+00        2.546E-04        85.155
20           -2.8568088314E+01        -1.9656E+00        1.615E-04        96.586
21           -2.8567984940E+01        -1.9659E+00        1.104E-04        77.883
22           -2.8568020558E+01        -1.9644E+00        8.573E-05        83.341
23           -2.8568000359E+01        -1.9643E+00        4.967E-05        77.791
24           -2.8567993193E+01        -1.9640E+00        4.556E-05        81.221
25           -2.8567987701E+01        -1.9636E+00        6.257E-05        79.375
26           -2.8567989538E+01        -1.9632E+00        1.019E-04        77.711
27           -2.8567986413E+01        -1.9642E+00        1.282E-05        77.698
28           -2.8567990246E+01        -1.9642E+00        8.917E-06        77.532
29           -2.8567991769E+01        -1.9644E+00        8.111E-06        78.080
30           -2.8567992336E+01        -1.9644E+00        9.911E-06        79.313
31           -2.8567992284E+01        -1.9644E+00        4.494E-06        81.813
32           -2.8567991322E+01        -1.9644E+00        4.122E-06        79.016
33           -2.8567990716E+01        -1.9644E+00        4.416E-06        78.576
34           -2.8567990642E+01        -1.9644E+00        1.969E-06        106.181
35           -2.8567990567E+01        -1.9644E+00        1.139E-06        77.543
36           -2.8567990386E+01        -1.9644E+00        8.545E-07        107.801
Total number of SCF: 36    

k = [0.000, 0.000, 0.000]
Occupation of state 239 = 0.000000000000000.
Occupation of state 265 = 0.000000000000000.
Exx outer loop error: 6.0426832988e-01 

No.2 Exx outer loop: 
1            -2.8568390466E+01        -1.9881E+00        2.468E-03        80.671
2            -2.8567756519E+01        -1.9823E+00        2.038E-03        78.001
3            -2.8568489783E+01        -1.9906E+00        2.183E-03        78.109
4            -2.8568806691E+01        -1.9853E+00        1.066E-03        77.984
5            -2.8568924176E+01        -1.9818E+00        6.199E-04        78.010
6            -2.8568896746E+01        -1.9823E+00        3.153E-04        78.961
7            -2.8568785282E+01        -1.9829E+00        2.405E-04        77.920
8            -2.8568626945E+01        -1.9833E+00        1.837E-04        78.843
9            -2.8568547065E+01        -1.9836E+00        1.393E-04        77.907
10           -2.8568471718E+01        -1.9835E+00        9.701E-05        78.109
11           -2.8568431838E+01        -1.9836E+00        7.776E-05        77.933
12           -2.8568397065E+01        -1.9836E+00        5.611E-05        77.866
13           -2.8568381027E+01        -1.9838E+00        4.715E-05        77.858
14           -2.8568367903E+01        -1.9834E+00        5.792E-05        77.860
15           -2.8568352478E+01        -1.9834E+00        3.567E-05        77.749
16           -2.8568344434E+01        -1.9834E+00        1.861E-05        77.902
17           -2.8568331422E+01        -1.9834E+00        1.407E-05        77.990
18           -2.8568324955E+01        -1.9835E+00        9.924E-06        77.903
19           -2.8568327583E+01        -1.9834E+00        9.746E-06        80.276
20           -2.8568327794E+01        -1.9835E+00        8.518E-06        80.618
21           -2.8568326508E+01        -1.9835E+00        3.564E-06        78.063
22           -2.8568324889E+01        -1.9835E+00        7.346E-06        77.493
23           -2.8568324541E+01        -1.9835E+00        3.862E-06        77.545
24           -2.8568323813E+01        -1.9835E+00        3.451E-06        77.605
25           -2.8568323630E+01        -1.9835E+00        4.014E-06        77.601
26           -2.8568323741E+01        -1.9835E+00        5.896E-06        77.753
27           -2.8568323945E+01        -1.9835E+00        5.146E-06        77.597
28           -2.8568324011E+01        -1.9835E+00        9.585E-07        77.383
Total number of SCF: 28    

k = [0.000, 0.000, 0.000]
Occupation of state 239 = 0.000000000000000.
Occupation of state 265 = 0.000000000000000.
Exx outer loop error: 9.8022872517e-03 

No.3 Exx outer loop: 
1            -2.8568397797E+01        -1.9891E+00        1.172E-03        103.298
2            -2.8568335550E+01        -1.9844E+00        7.435E-04        79.488
3            -2.8568424705E+01        -1.9822E+00        7.703E-04        113.349
4            -2.8568571717E+01        -1.9855E+00        2.729E-04        87.879
5            -2.8568529794E+01        -1.9849E+00        1.260E-04        100.537
6            -2.8568514090E+01        -1.9835E+00        1.938E-04        78.836
7            -2.8568510623E+01        -1.9842E+00        9.972E-05        112.724
8            -2.8568443514E+01        -1.9847E+00        6.236E-05        100.490
9            -2.8568396318E+01        -1.9846E+00        4.635E-05        109.226
10           -2.8568387020E+01        -1.9842E+00        8.144E-05        82.836
11           -2.8568382516E+01        -1.9848E+00        3.137E-05        77.522
12           -2.8568377454E+01        -1.9847E+00        2.206E-05        78.752
13           -2.8568370865E+01        -1.9845E+00        3.764E-05        77.940
14           -2.8568364547E+01        -1.9847E+00        1.329E-05        80.640
15           -2.8568357744E+01        -1.9847E+00        1.628E-05        88.022
16           -2.8568353831E+01        -1.9847E+00        1.743E-05        79.376
17           -2.8568351515E+01        -1.9847E+00        4.233E-06        78.708
18           -2.8568349652E+01        -1.9847E+00        4.781E-06        77.907
19           -2.8568347221E+01        -1.9847E+00        2.933E-06        99.132
20           -2.8568345810E+01        -1.9848E+00        4.485E-06        102.008
21           -2.8568345465E+01        -1.9847E+00        2.230E-06        81.252
22           -2.8568345161E+01        -1.9847E+00        2.055E-06        77.880
23           -2.8568344899E+01        -1.9847E+00        3.612E-06        77.720
24           -2.8568344614E+01        -1.9847E+00        1.153E-06        77.583
25           -2.8568344302E+01        -1.9847E+00        1.146E-06        80.435
26           -2.8568344164E+01        -1.9847E+00        7.869E-07        103.751
Total number of SCF: 26    

k = [0.000, 0.000, 0.000]
Occupation of state 239 = 0.000000000000000.
Occupation of state 265 = 0.000000000000000.
Exx outer loop error: 8.8623602098e-04 

No.4 Exx outer loop: 
1            -2.8568374862E+01        -1.9873E+00        8.071E-04        105.643
2            -2.8568365134E+01        -1.9832E+00        4.062E-04        77.903
3            -2.8568647003E+01        -1.9961E+00        2.190E-03        78.067
4            -2.8568490995E+01        -1.9886E+00        6.713E-04        77.900
5            -2.8568395171E+01        -1.9795E+00        4.576E-04        77.874
6            -2.8568415538E+01        -1.9815E+00        1.930E-04        78.000
7            -2.8568426437E+01        -1.9831E+00        7.150E-05        77.888
8            -2.8568409898E+01        -1.9835E+00        8.720E-05        77.895
9            -2.8568375793E+01        -1.9833E+00        2.927E-05        77.824
10           -2.8568370436E+01        -1.9833E+00        2.162E-05        89.150
11           -2.8568366859E+01        -1.9833E+00        2.064E-05        79.114
12           -2.8568364938E+01        -1.9833E+00        1.935E-05        80.143
13           -2.8568363992E+01        -1.9833E+00        1.345E-05        81.090
14           -2.8568362095E+01        -1.9833E+00        9.390E-06        78.042
15           -2.8568358333E+01        -1.9834E+00        1.030E-05        109.309
16           -2.8568357330E+01        -1.9833E+00        5.002E-06        77.772
17           -2.8568350928E+01        -1.9833E+00        5.539E-06        77.614
18           -2.8568351001E+01        -1.9833E+00        3.642E-06        77.586
19           -2.8568350069E+01        -1.9834E+00        1.359E-05        77.640
20           -2.8568350512E+01        -1.9834E+00        1.325E-05        77.644
21           -2.8568350444E+01        -1.9834E+00        1.415E-05        77.635
22           -2.8568350375E+01        -1.9835E+00        1.526E-05        77.956
23           -2.8568350197E+01        -1.9835E+00        2.248E-05        78.017
24           -2.8568349260E+01        -1.9834E+00        1.017E-05        78.858
25           -2.8568348512E+01        -1.9833E+00        2.098E-06        77.685
26           -2.8568348238E+01        -1.9833E+00        2.893E-06        78.016
27           -2.8568348650E+01        -1.9833E+00        1.612E-06        77.661
28           -2.8568348543E+01        -1.9833E+00        1.744E-06        77.703
29           -2.8568348305E+01        -1.9833E+00        4.490E-07        77.363
Total number of SCF: 29    

k = [0.000, 0.000, 0.000]
Occupation of state 239 = 0.000000000000000.
Occupation of state 265 = 0.000000000000000.
Exx outer loop error: 2.5897644104e-04 

No.5 Exx outer loop: 
1            -2.8568366637E+01        -1.9845E+00        6.199E-04        80.366
2            -2.8568360471E+01        -1.9811E+00        2.910E-04        77.956
3            -2.8568440399E+01        -1.9851E+00        3.414E-04        77.971
4            -2.8568472388E+01        -1.9819E+00        1.058E-04        77.777
5            -2.8568442641E+01        -1.9809E+00        7.791E-05        78.107
6            -2.8568408803E+01        -1.9776E+00        3.598E-04        77.803
7            -2.8568409754E+01        -1.9794E+00        1.878E-04        78.062
8            -2.8568393619E+01        -1.9812E+00        3.165E-05        77.963
9            -2.8568378298E+01        -1.9810E+00        3.114E-05        80.543
10           -2.8568367158E+01        -1.9812E+00        1.661E-05        80.789
11           -2.8568362661E+01        -1.9813E+00        1.288E-05        78.114
12           -2.8568358561E+01        -1.9813E+00        6.307E-06        77.754
13           -2.8568355202E+01        -1.9813E+00        3.573E-06        78.277
14           -2.8568353826E+01        -1.9813E+00        2.596E-06        77.728
15           -2.8568352043E+01        -1.9813E+00        2.109E-06        78.363
16           -2.8568350662E+01        -1.9813E+00        2.051E-06        77.857
17           -2.8568349544E+01        -1.9813E+00        1.844E-06        77.770
18           -2.8568349264E+01        -1.9813E+00        1.030E-06        77.804
19           -2.8568349194E+01        -1.9813E+00        6.906E-07        77.293
Total number of SCF: 19    

k = [0.000, 0.000, 0.000]
Occupation of state 239 = 0.000000000000000.
Occupation of state 265 = 0.000000000000000.
Exx outer loop error: 5.3443749552e-04 

No.6 Exx outer loop: 
1            -2.8568361794E+01        -1.9821E+00        5.058E-04        80.346
2            -2.8568357074E+01        -1.9794E+00        2.404E-04        78.055
3            -2.8568590972E+01        -1.9882E+00        8.687E-04        77.826
4            -2.8568523773E+01        -1.9798E+00        1.567E-04        78.769
5            -2.8568543658E+01        -1.9865E+00        7.056E-04        78.148
6            -2.8568506752E+01        -1.9808E+00        1.253E-04        78.236
7            -2.8568456717E+01        -1.9797E+00        6.057E-05        77.943
8            -2.8568402360E+01        -1.9799E+00        4.125E-05        77.738
9            -2.8568390097E+01        -1.9799E+00        3.254E-05        77.801
10           -2.8568380934E+01        -1.9800E+00        1.940E-05        77.746
11           -2.8568371421E+01        -1.9799E+00        1.446E-05        77.691
12           -2.8568363382E+01        -1.9799E+00        9.459E-06        77.742
13           -2.8568357825E+01        -1.9800E+00        6.945E-06        77.792
14           -2.8568356103E+01        -1.9799E+00        4.901E-06        77.919
15           -2.8568354199E+01        -1.9801E+00        1.526E-05        78.561
16           -2.8568351653E+01        -1.9800E+00        6.283E-06        82.522
17           -2.8568352222E+01        -1.9800E+00        8.197E-06        78.495
18           -2.8568351219E+01        -1.9799E+00        2.085E-06        77.737
19           -2.8568351521E+01        -1.9799E+00        1.571E-06        77.670
20           -2.8568351238E+01        -1.9799E+00        8.892E-07        77.329
Total number of SCF: 20    

k = [0.000, 0.000, 0.000]
Occupation of state 239 = 0.000000000000000.
Occupation of state 265 = 0.000000000000000.
Exx outer loop error: 7.8292102527e-05 

No.7 Exx outer loop: 
1            -2.8568361869E+01        -1.9805E+00        4.098E-04        80.191
2            -2.8568357028E+01        -1.9796E+00        1.966E-04        77.834
3            -2.8568371011E+01        -1.9800E+00        1.884E-04        78.090
4            -2.8568447320E+01        -1.9836E+00        4.081E-04        77.867
5            -2.8568416819E+01        -1.9800E+00        7.756E-05        77.982
6            -2.8568413951E+01        -1.9795E+00        3.690E-05        77.898
7            -2.8568404140E+01        -1.9797E+00        2.662E-05        88.483
8            -2.8568385512E+01        -1.9797E+00        1.542E-05        78.366
9            -2.8568374057E+01        -1.9797E+00        1.374E-05        78.000
10           -2.8568365030E+01        -1.9797E+00        9.015E-06        78.833
11           -2.8568358379E+01        -1.9797E+00        4.956E-06        78.664
12           -2.8568355334E+01        -1.9797E+00        3.342E-06        103.859
13           -2.8568353058E+01        -1.9796E+00        4.693E-06        82.879
14           -2.8568353022E+01        -1.9796E+00        3.080E-06        83.220
15           -2.8568351308E+01        -1.9797E+00        1.922E-06        88.307
16           -2.8568351499E+01        -1.9797E+00        2.718E-06        81.856
17           -2.8568350840E+01        -1.9797E+00        2.607E-06        103.189
18           -2.8568350803E+01        -1.9797E+00        1.388E-06        83.809
19           -2.8568351119E+01        -1.9797E+00        1.118E-06        91.265
20           -2.8568351255E+01        -1.9797E+00        5.268E-07        107.692
Total number of SCF: 20    

k = [0.000, 0.000, 0.000]
Occupation of state 239 = 0.000000000000000.
Occupation of state 265 = 0.000000000000000.
Exx outer loop error: 5.4921889869e-04 

No.8 Exx outer loop: 
1            -2.8568358818E+01        -1.9808E+00        3.429E-04        80.469
2            -2.8568356308E+01        -1.9801E+00        1.532E-04        90.361
3            -2.8568410279E+01        -1.9839E+00        2.610E-04        81.602
4            -2.8568460518E+01        -1.9808E+00        1.725E-04        78.441
5            -2.8568472267E+01        -1.9814E+00        6.286E-05        77.871
6            -2.8568438080E+01        -1.9817E+00        5.104E-05        78.080
7            -2.8568403690E+01        -1.9812E+00        5.082E-05        95.652
8            -2.8568373521E+01        -1.9807E+00        7.851E-05        92.598
9            -2.8568371354E+01        -1.9809E+00        3.947E-05        78.105
10           -2.8568368095E+01        -1.9810E+00        1.966E-05        90.018
11           -2.8568363190E+01        -1.9806E+00        1.507E-05        80.613
12           -2.8568362540E+01        -1.9806E+00        1.103E-05        80.054
13           -2.8568357886E+01        -1.9806E+00        5.285E-06        109.842
14           -2.8568355774E+01        -1.9806E+00        4.157E-06        82.727
15           -2.8568354932E+01        -1.9806E+00        3.372E-06        108.427
16           -2.8568354609E+01        -1.9806E+00        2.310E-06        102.924
17           -2.8568354197E+01        -1.9806E+00        1.979E-06        82.184
18           -2.8568353740E+01        -1.9806E+00        1.153E-06        77.572
19           -2.8568353223E+01        -1.9806E+00        7.882E-07        77.197
Total number of SCF: 19    

k = [0.000, 0.000, 0.000]
Occupation of state 239 = 0.000000000000000.
Occupation of state 265 = 0.000000000000000.
Exx outer loop error: 4.2596236317e-04 

No.9 Exx outer loop: 
1            -2.8568359441E+01        -1.9815E+00        2.894E-04        80.224
2            -2.8568356602E+01        -1.9818E+00        1.121E-04        77.865
3            -2.8568453892E+01        -1.9796E+00        3.679E-04        78.011
4            -2.8568409262E+01        -1.9812E+00        1.737E-04        77.749
5            -2.8568379733E+01        -1.9803E+00        1.806E-04        77.890
6            -2.8568382019E+01        -1.9818E+00        5.930E-05        78.266
7            -2.8568360456E+01        -1.9819E+00        1.031E-05        80.145
8            -2.8568358662E+01        -1.9819E+00        5.352E-06        79.970
9            -2.8568359328E+01        -1.9819E+00        3.837E-06        77.681
10           -2.8568359643E+01        -1.9819E+00        3.466E-06        77.524
11           -2.8568359413E+01        -1.9819E+00        3.692E-06        77.637
12           -2.8568359266E+01        -1.9819E+00        3.191E-06        77.686
13           -2.8568358649E+01        -1.9819E+00        3.094E-06        77.606
14           -2.8568357433E+01        -1.9819E+00        4.181E-06        77.518
15           -2.8568356311E+01        -1.9819E+00        2.319E-06        77.623
16           -2.8568354843E+01        -1.9819E+00        2.179E-06        77.550
17           -2.8568354577E+01        -1.9819E+00        1.732E-06        77.586
18           -2.8568353727E+01        -1.9819E+00        1.586E-06        77.889
19           -2.8568353288E+01        -1.9820E+00        1.794E-06        77.737
20           -2.8568352876E+01        -1.9819E+00        1.198E-06        77.663
21           -2.8568352525E+01        -1.9819E+00        4.606E-07        77.270
Total number of SCF: 21    

k = [0.000, 0.000, 0.000]
Occupation of state 239 = 0.000000000000000.
Occupation of state 265 = 0.000000000000000.
Exx outer loop error: 5.0876199256e-04 

No.10 Exx outer loop: 
1            -2.8568356684E+01        -1.9829E+00        2.453E-04        80.270
2            -2.8568355093E+01        -1.9831E+00        7.839E-05        77.996
3            -2.8568375636E+01        -1.9807E+00        2.457E-04        77.739
4            -2.8568375571E+01        -1.9831E+00        3.882E-05        77.753
5            -2.8568372816E+01        -1.9836E+00        4.883E-05        77.708
6            -2.8568367422E+01        -1.9833E+00        2.672E-05        77.715
7            -2.8568365030E+01        -1.9833E+00        1.857E-05        77.678
8            -2.8568364637E+01        -1.9833E+00        1.690E-05        77.785
9            -2.8568363903E+01        -1.9833E+00        1.299E-05        77.804
10           -2.8568360585E+01        -1.9833E+00        1.018E-05        77.909
11           -2.8568358283E+01        -1.9833E+00        8.177E-06        78.688
12           -2.8568355522E+01        -1.9833E+00        4.173E-06        83.976
13           -2.8568353928E+01        -1.9833E+00        1.604E-06        78.220
14           -2.8568353707E+01        -1.9833E+00        1.379E-06        77.782
15           -2.8568352493E+01        -1.9833E+00        9.868E-07        77.368
Total number of SCF: 15    

k = [0.000, 0.000, 0.000]
Occupation of state 239 = 0.000000000000000.
Occupation of state 265 = 0.000000000000000.
Exx outer loop error: 6.0593463816e-05 

No.11 Exx outer loop: 
1            -2.8568355720E+01        -1.9839E+00        2.130E-04        80.521
2            -2.8568354249E+01        -1.9843E+00        5.759E-05        77.727
3            -2.8568372918E+01        -1.9827E+00        1.729E-04        77.843
4            -2.8568381412E+01        -1.9849E+00        9.095E-05        77.818
5            -2.8568368978E+01        -1.9842E+00        3.495E-05        77.926
6            -2.8568369331E+01        -1.9843E+00        1.180E-05        77.660
7            -2.8568368696E+01        -1.9844E+00        8.427E-06        77.611
8            -2.8568366206E+01        -1.9842E+00        1.647E-05        77.742
9            -2.8568364108E+01        -1.9843E+00        6.207E-06        78.049
10           -2.8568361243E+01        -1.9844E+00        4.572E-06        77.770
11           -2.8568358798E+01        -1.9842E+00        1.272E-05        78.341
12           -2.8568357990E+01        -1.9844E+00        3.107E-06        122.704
13           -2.8568356850E+01        -1.9843E+00        2.988E-06        170.437
14           -2.8568355708E+01        -1.9843E+00        5.912E-06        113.760
15           -2.8568355160E+01        -1.9844E+00        1.651E-06        77.809
16           -2.8568354246E+01        -1.9843E+00        1.280E-06        77.737
17           -2.8568353676E+01        -1.9843E+00        4.221E-06        77.862
18           -2.8568353398E+01        -1.9844E+00        1.096E-06        78.396
19           -2.8568353114E+01        -1.9843E+00        7.461E-07        77.375
Total number of SCF: 19    

k = [0.000, 0.000, 0.000]
Occupation of state 239 = 0.000000000000000.
Occupation of state 265 = 0.000000000000000.
Exx outer loop error: 1.6534490848e-04 

No.12 Exx outer loop: 
1            -2.8568356575E+01        -1.9850E+00        1.749E-04        81.924
2            -2.8568354585E+01        -1.9848E+00        4.609E-05        77.977
3            -2.8568362438E+01        -1.9854E+00        4.308E-05        90.307
4            -2.8568365205E+01        -1.9852E+00        1.444E-05        79.231
5            -2.8568356658E+01        -1.9851E+00        6.435E-06        112.259
6            -2.8568357247E+01        -1.9851E+00        4.618E-06        79.691
7            -2.8568356278E+01        -1.9851E+00        5.312E-06        109.063
8            -2.8568355921E+01        -1.9851E+00        3.049E-06        82.607
9            -2.8568354437E+01        -1.9851E+00        2.087E-06        80.199
10           -2.8568353505E+01        -1.9851E+00        4.264E-06        85.543
11           -2.8568353635E+01        -1.9851E+00        1.587E-06        103.919
12           -2.8568353275E+01        -1.9851E+00        2.636E-06        90.084
13           -2.8568353297E+01        -1.9851E+00        1.710E-06        77.933
14           -2.8568352896E+01        -1.9851E+00        1.746E-06        94.225
15           -2.8568352519E+01        -1.9851E+00        4.306E-07        79.264
Total number of SCF: 15    

k = [0.000, 0.000, 0.000]
Occupation of state 239 = 0.000000000000000.
Occupation of state 265 = 0.000000000000000.
Exx outer loop error: 2.6356810513e-04 

No.13 Exx outer loop: 
1            -2.8568354545E+01        -1.9854E+00        1.558E-04        107.630
2            -2.8568353573E+01        -1.9855E+00        3.217E-05        79.042
3            -2.8568369955E+01        -1.9848E+00        1.385E-04        108.339
4            -2.8568369928E+01        -1.9857E+00        2.161E-05        82.227
5            -2.8568366372E+01        -1.9856E+00        9.483E-06        103.799
6            -2.8568364124E+01        -1.9856E+00        8.812E-06        78.928
7            -2.8568359426E+01        -1.9856E+00        7.335E-06        81.459
8            -2.8568355937E+01        -1.9857E+00        7.716E-06        78.031
9            -2.8568354046E+01        -1.9856E+00        3.403E-06        77.760
10           -2.8568353995E+01        -1.9856E+00        1.243E-06        77.726
11           -2.8568353843E+01        -1.9856E+00        1.594E-06        77.605
12           -2.8568353545E+01        -1.9856E+00        8.224E-07        77.229
Total number of SCF: 12    

k = [0.000, 0.000, 0.000]
Occupation of state 239 = 0.000000000000000.
Occupation of state 265 = 0.000000000000000.
Exx outer loop error: 3.5831756258e-04 

No.14 Exx outer loop: 
1            -2.8568355776E+01        -1.9856E+00        1.425E-04        80.308
2            -2.8568354295E+01        -1.9861E+00        3.684E-05        77.857
3            -2.8568364423E+01        -1.9850E+00        1.106E-04        77.884
4            -2.8568355796E+01        -1.9858E+00        2.281E-05        77.751
5            -2.8568362696E+01        -1.9865E+00        5.661E-05        77.799
6            -2.8568359897E+01        -1.9859E+00        6.947E-06        77.945
7            -2.8568357433E+01        -1.9860E+00        9.291E-06        77.752
8            -2.8568354675E+01        -1.9859E+00        4.457E-06        78.629
9            -2.8568352938E+01        -1.9859E+00        2.796E-06        77.585
10           -2.8568353025E+01        -1.9859E+00        1.071E-06        77.768
11           -2.8568353064E+01        -1.9859E+00        1.649E-06        77.511
12           -2.8568353196E+01        -1.9859E+00        8.797E-07        77.282
Total number of SCF: 12    

k = [0.000, 0.000, 0.000]
Occupation of state 239 = 0.000000000000000.
Occupation of state 265 = 0.000000000000000.
Exx outer loop error: 3.6785578974e-04 

No.15 Exx outer loop: 
1            -2.8568355336E+01        -1.9859E+00        1.242E-04        80.736
2            -2.8568353708E+01        -1.9862E+00        2.859E-05        77.711
3            -2.8568363391E+01        -1.9860E+00        3.083E-05        77.755
4            -2.8568362611E+01        -1.9861E+00        1.120E-05        77.910
5            -2.8568358710E+01        -1.9861E+00        1.229E-05        77.680
6            -2.8568356073E+01        -1.9861E+00        5.930E-06        77.656
7            -2.8568354744E+01        -1.9861E+00        6.745E-06        77.535
8            -2.8568354721E+01        -1.9861E+00        3.441E-06        77.743
9            -2.8568354327E+01        -1.9861E+00        2.500E-06        77.696
10           -2.8568354568E+01        -1.9861E+00        2.009E-06        79.226
11           -2.8568354335E+01        -1.9861E+00        1.242E-06        80.242
12           -2.8568353906E+01        -1.9861E+00        1.052E-06        77.750
13           -2.8568353484E+01        -1.9861E+00        9.509E-07        77.191
Total number of SCF: 13    

k = [0.000, 0.000, 0.000]
Occupation of state 239 = 0.000000000000000.
Occupation of state 265 = 0.000000000000000.
Exx outer loop error: 1.6107629047e-04 

No.16 Exx outer loop: 
1            -2.8568355294E+01        -1.9862E+00        1.065E-04        84.385
2            -2.8568353963E+01        -1.9863E+00        1.962E-05        78.080
3            -2.8568348101E+01        -1.9865E+00        3.337E-05        77.895
4            -2.8568361840E+01        -1.9859E+00        5.631E-05        77.770
5            -2.8568358962E+01        -1.9863E+00        1.132E-05        77.562
6            -2.8568357466E+01        -1.9863E+00        6.825E-06        77.698
7            -2.8568353705E+01        -1.9862E+00        3.130E-06        77.648
8            -2.8568353305E+01        -1.9862E+00        2.589E-06        77.874
9            -2.8568352902E+01        -1.9862E+00        1.480E-06        77.768
10           -2.8568352905E+01        -1.9862E+00        1.088E-06        77.662
11           -2.8568352944E+01        -1.9862E+00        4.945E-07        77.664
Total number of SCF: 11    

k = [0.000, 0.000, 0.000]
Occupation of state 239 = 0.000000000000000.
Occupation of state 265 = 0.000000000000000.
Exx outer loop error: 2.9735772334e-04 

No.17 Exx outer loop: 
1            -2.8568354589E+01        -1.9864E+00        9.190E-05        80.400
2            -2.8568353341E+01        -1.9862E+00        1.871E-05        77.788
3            -2.8568351866E+01        -1.9863E+00        6.371E-06        79.187
4            -2.8568353142E+01        -1.9863E+00        2.055E-06        78.616
5            -2.8568352972E+01        -1.9863E+00        2.607E-06        77.886
6            -2.8568352749E+01        -1.9863E+00        1.794E-06        77.529
7            -2.8568353174E+01        -1.9863E+00        9.718E-07        77.381
Total number of SCF: 7     

k = [0.000, 0.000, 0.000]
Occupation of state 239 = 0.000000000000000.
Occupation of state 265 = 0.000000000000000.
Exx outer loop error: 2.3177335544e-05 
====================================================================
                    Energy and force calculation                    
====================================================================
Free energy per atom               : -2.8568351654E+01 (Ha/atom)
Total free energy                  : -1.6283960443E+03 (Ha)
Band structure energy              : -4.1408461379E+02 (Ha)
Exchange correlation energy        : -2.8842290012E+02 (Ha)
Self and correction energy         : -2.1448307358E+03 (Ha)
Entropy*kb*T                       : -2.7818161938E-03 (Ha)
Fermi level                        : -1.6382020682E-01 (Ha)
RMS force                          :  2.6733178200E-02 (Ha/Bohr)
Maximum force                      :  1.0371853565E-01 (Ha/Bohr)
Time for force calculation         :  1.065 (sec)
***************************************************************************
                               Timing info                                 
***************************************************************************
Total walltime                     :  57028.008 sec
___________________________________________________________________________

***************************************************************************
*             Material Physics & Mechanics Group, Georgia Tech            *
*                       PI: Phanish Suryanarayana                         *
*                Main Developers: Qimen Xu, Abhiraj Sharma                *
*     Collaborators: J.E. Pask (LLNL), A.J. Medford (GT), E. Chow (GT)    *
*  Acknowledgements: U.S. DOE (DE-SC0019410); U.S. NSF (1333500,1553212)  *
***************************************************************************
                                                                           
