***************************************************************************
*                       SPARC (version Nov 19, 2021)                      *
*   Copyright (c) 2020 Material Physics & Mechanics Group, Georgia Tech   *
*           Distributed under GNU General Public License 3 (GPL)          *
*                   Start time: Thu Dec  9 15:42:05 2021                  *
***************************************************************************
                           Input parameters                                
***************************************************************************
CELL: 12.4338823950489 11.2657846029438 47.5378507412217 
LATVEC:
1.000000000000000 0.000000000000000 0.000000000000000 
-0.000130020950961 0.999999991547276 0.000000000000000 
0.000000000000000 -0.000000000000000 1.000000000000000 
FD_GRID: 66 60 252
FD_ORDER: 12
BC: P P D
KPOINT_GRID: 4 4 1
KPOINT_SHIFT: 0 0 0
SPIN_TYP: 0
ELEC_TEMP_TYPE: Gaussian
SMEARING: 0.007349864435
CHEB_DEGREE: 37
NSTATES: 235
EXCHANGE_CORRELATION: HSE
CALC_STRESS: 0
CALC_PRES: 0
CHEFSI_BOUND_FLAG: 0
MAXIT_SCF: 100
MINIT_SCF: 3
MAXIT_POISSON: 3000
TOL_SCF: 1.00E-06
POISSON_SOLVER: AAR
TOL_POISSON: 1.00E-08
TOL_LANCZOS: 1.00E-02
TOL_PSEUDOCHARGE: 1.00E-08
MIXING_VARIABLE: density
MIXING_PRECOND: kerker
TOL_PRECOND: 3.54E-05
PRECOND_KERKER_KTF: 1
PRECOND_KERKER_THRESH: 0.1
MIXING_PARAMETER: 0.3
MIXING_HISTORY: 7
PULAY_FREQUENCY: 1
PULAY_RESTART: 0
REFERENCE_CUTOFF: 0.5
RHO_TRIGGER: 4
FIX_RAND: 0
VERBOSITY: 1
PRINT_FORCES: 1
PRINT_ATOMS: 1
PRINT_EIGEN: 1
PRINT_DENSITY: 0
PRINT_ENERGY_DENSITY: 0
TOL_FOCK: 5.00E-05
TOL_SCF_INIT: 1.00E-04
MAXIT_FOCK: 1000
EXX_METHOD: FOURIER_SPACE
EXX_DIVERGENCE: AUXILIARY
ACE_FLAG: 1
EXX_ACE_MEM: 1
EXX_ACE_VALENCE_STATES: 10000
EXX_DOWNSAMPLING: 1 1 1
EXX_RANGE_FOCK: 0.106000
EXX_RANGE_PBE: 0.106000
OUTPUT_FILE: sprc-calc
***************************************************************************
                                Cell                                       
***************************************************************************
Lattice vectors (Bohr):
12.433882395048860 0.000000000000000 0.000000000000000 
-0.001464788027397 11.265784507717260 0.000000000000000 
0.000000000000000 -0.000000000000000 47.537850741221725 
Volume                  :  6.6589804186E+03 (Bohr^3)
***************************************************************************
                           Parallelization                                 
***************************************************************************
NP_SPIN_PARAL: 1
NP_KPOINT_PARAL: 10
NP_BAND_PARAL: 1
NP_DOMAIN_PARAL: 2 2 6
NP_DOMAIN_PHI_PARAL: 4 4 15
EIG_SERIAL_MAXNS: 1500
***************************************************************************
                             Initialization                                
***************************************************************************
Number of processors               :  240
Mesh spacing in x-direction        :  0.188392 (Bohr)
Mesh spacing in y-direction        :  0.187763 (Bohr)
Mesh spacing in z direction        :  0.188642 (Bohr)
Number of symmetry adapted k-points:  10
Output printed to                  :  sprc-calc.out
Final eigenvalues printed to       :  sprc-calc.eigen
Total number of atom types         :  4
Total number of atoms              :  51
Total number of electrons          :  385
Atom type 1  (valence electrons)   :  C 4
Pseudopotential                    :  C.psp8
Pseudocharge radii of atom type 1  :  6.78 6.76 6.79 (x, y, z dir)
Number of atoms of type 1          :  1
Atom type 2  (valence electrons)   :  H 1
Pseudopotential                    :  H.psp8
Pseudocharge radii of atom type 2  :  3.77 3.76 3.77 (x, y, z dir)
Number of atoms of type 2          :  3
Atom type 3  (valence electrons)   :  O 6
Pseudopotential                    :  O.psp8
Pseudocharge radii of atom type 3  :  6.78 6.76 6.79 (x, y, z dir)
Number of atoms of type 3          :  31
Atom type 4  (valence electrons)   :  Ti 12
Pseudopotential                    :  Ti.psp8
Pseudocharge radii of atom type 4  :  6.78 6.76 6.79 (x, y, z dir)
Number of atoms of type 4          :  16
Estimated total memory usage       :  225.40 GB
Estimated memory per processor     :  961.71 MB
===================================================================
                    Self Consistent Field (SCF#1)                     
===================================================================
Iteration     Free Energy (Ha/atom)   SCF Error        Timing (sec)
1            -2.8610972538E+01        1.362E-01        199.987
2            -2.8519509306E+01        7.219E-02        51.190
3            -2.8481049765E+01        3.400E-02        51.046
4            -2.8489323157E+01        2.287E-02        51.049
5            -2.8493767033E+01        1.153E-02        50.925
6            -2.8490086342E+01        7.635E-03        50.870
7            -2.8489470787E+01        4.618E-03        51.026
8            -2.8487912614E+01        5.024E-03        50.864
9            -2.8487200245E+01        1.685E-03        50.973
10           -2.8486047801E+01        1.409E-03        50.918
11           -2.8485876408E+01        6.911E-04        51.021
12           -2.8485543694E+01        4.388E-04        51.000
13           -2.8485508148E+01        2.944E-04        51.044
14           -2.8485466499E+01        2.174E-04        50.876
15           -2.8485423023E+01        1.388E-04        50.433
16           -2.8485383618E+01        1.015E-04        50.744
17           -2.8485346250E+01        6.398E-05        49.865
Total number of SCF: 17    

k = [-0.250, -0.250, 0.000]
Occupation of state 212 = 0.000000000019023.
Occupation of state 235 = 0.000000000000000.

No.1 Exx outer loop: 
1            -2.8286156754E+01        1.346E-02        80.567
2            -2.8277798207E+01        1.364E-02        76.552
3            -2.8281087818E+01        1.298E-02        76.522
4            -2.8281800659E+01        1.080E-02        76.452
5            -2.8283262120E+01        8.049E-03        76.569
6            -2.8286387613E+01        5.252E-03        76.517
7            -2.8287700478E+01        3.524E-03        76.464
8            -2.8287909878E+01        3.254E-03        76.416
9            -2.8288167688E+01        2.255E-03        76.587
10           -2.8288479273E+01        6.387E-03        76.530
11           -2.8288366447E+01        2.778E-03        76.461
12           -2.8288288598E+01        1.690E-03        76.394
13           -2.8288156679E+01        2.575E-03        84.793
14           -2.8288087734E+01        1.236E-03        78.412
15           -2.8287974662E+01        4.979E-04        77.667
16           -2.8287877273E+01        4.787E-04        88.603
17           -2.8287828300E+01        2.705E-04        89.421
18           -2.8287785062E+01        1.664E-04        106.323
19           -2.8287721363E+01        1.213E-04        77.999
20           -2.8287700634E+01        1.000E-04        105.090
21           -2.8287665312E+01        5.419E-05        105.992
22           -2.8287667476E+01        4.248E-05        78.813
23           -2.8287658081E+01        2.488E-05        79.059
24           -2.8287658776E+01        1.869E-05        105.319
25           -2.8287656220E+01        2.397E-05        94.003
26           -2.8287654950E+01        1.930E-05        86.908
27           -2.8287653860E+01        1.683E-05        86.444
28           -2.8287650396E+01        1.444E-05        77.721
29           -2.8287647995E+01        2.211E-05        87.920
30           -2.8287647045E+01        1.255E-05        77.677
31           -2.8287646396E+01        6.439E-06        104.056
32           -2.8287646088E+01        1.113E-05        77.152
33           -2.8287645560E+01        7.046E-06        106.853
34           -2.8287645052E+01        1.128E-06        76.190
35           -2.8287644768E+01        3.651E-06        76.167
36           -2.8287644534E+01        9.660E-07        84.779
Total number of SCF: 36    

k = [-0.250, -0.250, 0.000]
Occupation of state 212 = 0.000000000000025.
Occupation of state 235 = 0.000000000000000.
Exx outer loop error: 6.4433387243e-01 

No.2 Exx outer loop: 
1            -2.8287927049E+01        1.457E-03        80.483
2            -2.8287228930E+01        1.716E-03        76.281
3            -2.8287371301E+01        1.846E-03        76.509
4            -2.8287724101E+01        4.151E-03        76.504
5            -2.8288195078E+01        5.406E-03        76.316
6            -2.8287884910E+01        1.369E-03        76.470
7            -2.8287714512E+01        2.277E-03        76.318
8            -2.8287761599E+01        4.060E-03        76.391
9            -2.8287739987E+01        3.828E-03        76.448
10           -2.8288420130E+01        6.260E-03        76.237
11           -2.8288405516E+01        6.347E-03        76.312
12           -2.8288806883E+01        6.927E-03        76.388
13           -2.8288752444E+01        6.577E-03        76.446
14           -2.8289059462E+01        6.983E-03        76.365
15           -2.8288745870E+01        7.617E-03        76.462
16           -2.8288966100E+01        7.935E-03        77.058
17           -2.8288353656E+01        5.763E-03        76.546
18           -2.8288208174E+01        8.892E-03        76.392
19           -2.8288031069E+01        3.662E-03        76.476
20           -2.8287848173E+01        1.170E-03        76.764
21           -2.8287845382E+01        1.356E-03        76.288
22           -2.8287939642E+01        1.120E-03        78.255
23           -2.8287986365E+01        3.777E-04        76.200
24           -2.8287981495E+01        3.918E-04        76.098
25           -2.8287968892E+01        3.772E-04        76.577
26           -2.8287968993E+01        1.853E-04        76.623
27           -2.8287952128E+01        1.342E-04        76.215
28           -2.8287942715E+01        7.876E-05        76.329
29           -2.8287928185E+01        3.515E-05        76.182
30           -2.8287919951E+01        3.357E-05        76.235
31           -2.8287909380E+01        1.939E-05        76.131
32           -2.8287906563E+01        1.939E-05        76.261
33           -2.8287902211E+01        1.134E-05        76.112
34           -2.8287900312E+01        3.842E-06        76.313
35           -2.8287900545E+01        3.181E-06        76.287
36           -2.8287898779E+01        4.549E-06        76.068
37           -2.8287898799E+01        5.160E-06        76.000
38           -2.8287898713E+01        3.162E-06        76.165
39           -2.8287897978E+01        3.237E-06        76.040
40           -2.8287897941E+01        1.015E-06        77.412
41           -2.8287897480E+01        1.063E-06        76.126
42           -2.8287897554E+01        1.269E-06        76.195
43           -2.8287897726E+01        1.029E-06        75.996
44           -2.8287897636E+01        1.552E-06        75.995
45           -2.8287897812E+01        1.293E-06        77.932
46           -2.8287897795E+01        1.206E-06        76.391
47           -2.8287897784E+01        9.764E-07        76.195
Total number of SCF: 47    

k = [-0.250, -0.250, 0.000]
Occupation of state 212 = 0.000000000000029.
Occupation of state 235 = 0.000000000000000.
Exx outer loop error: 1.0683360170e-02 

No.3 Exx outer loop: 
1            -2.8287925838E+01        4.771E-04        80.440
2            -2.8287861354E+01        6.423E-04        76.216
3            -2.8287884834E+01        4.576E-04        76.352
4            -2.8287924698E+01        6.850E-04        76.396
5            -2.8288082228E+01        3.233E-03        76.138
6            -2.8287958003E+01        3.288E-04        76.404
7            -2.8288009744E+01        2.992E-04        76.319
8            -2.8288027608E+01        1.652E-04        77.158
9            -2.8287995659E+01        1.596E-04        85.977
10           -2.8287951993E+01        1.274E-04        78.043
11           -2.8287938614E+01        2.427E-04        77.792
12           -2.8287940308E+01        1.181E-04        88.904
13           -2.8287935380E+01        3.764E-05        104.632
14           -2.8287925568E+01        2.492E-05        78.232
15           -2.8287918244E+01        1.533E-05        106.394
16           -2.8287914574E+01        8.272E-06        105.715
17           -2.8287912049E+01        1.331E-05        103.264
18           -2.8287909593E+01        7.107E-06        76.369
19           -2.8287907973E+01        3.104E-06        76.899
20           -2.8287907483E+01        2.549E-06        105.452
21           -2.8287907452E+01        2.153E-06        75.935
22           -2.8287907638E+01        3.612E-06        75.994
23           -2.8287907460E+01        2.763E-06        76.053
24           -2.8287907093E+01        3.010E-06        76.014
25           -2.8287906852E+01        1.016E-06        88.693
26           -2.8287906738E+01        1.573E-06        77.139
27           -2.8287906668E+01        1.149E-06        76.845
28           -2.8287906620E+01        1.356E-06        77.082
29           -2.8287906457E+01        1.093E-06        80.289
30           -2.8287906355E+01        1.267E-06        101.816
31           -2.8287906295E+01        1.806E-06        78.507
32           -2.8287906324E+01        7.788E-07        77.769
Total number of SCF: 32    

k = [-0.250, -0.250, 0.000]
Occupation of state 212 = 0.000000000000028.
Occupation of state 235 = 0.000000000000000.
Exx outer loop error: 1.6003686111e-03 

No.4 Exx outer loop: 
1            -2.8287911362E+01        2.973E-04        79.243
2            -2.8287906753E+01        2.401E-04        76.275
3            -2.8287941691E+01        1.481E-03        76.371
4            -2.8287928476E+01        2.735E-04        76.350
5            -2.8287940595E+01        1.731E-04        76.353
6            -2.8287943816E+01        2.907E-04        76.373
7            -2.8287926323E+01        9.404E-05        76.320
8            -2.8287923267E+01        1.087E-04        77.070
9            -2.8287920687E+01        3.241E-05        76.946
10           -2.8287918587E+01        1.131E-05        76.775
11           -2.8287916035E+01        8.618E-06        76.712
12           -2.8287911840E+01        1.204E-05        76.784
13           -2.8287909750E+01        5.589E-06        76.708
14           -2.8287908163E+01        1.785E-06        76.662
15           -2.8287907987E+01        3.313E-06        76.888
16           -2.8287907421E+01        9.158E-07        78.322
Total number of SCF: 16    

k = [-0.250, -0.250, 0.000]
Occupation of state 212 = 0.000000000000026.
Occupation of state 235 = 0.000000000000000.
Exx outer loop error: 5.9635103845e-04 

No.5 Exx outer loop: 
1            -2.8287908370E+01        2.448E-04        79.882
2            -2.8287910280E+01        2.533E-04        76.332
3            -2.8287977613E+01        1.597E-03        76.131
4            -2.8287966195E+01        1.365E-03        76.202
5            -2.8287927880E+01        1.344E-04        76.307
6            -2.8287946617E+01        8.320E-04        76.211
7            -2.8287919350E+01        1.469E-04        76.353
8            -2.8287921149E+01        2.681E-05        76.362
9            -2.8287920102E+01        2.487E-05        76.093
10           -2.8287919155E+01        2.167E-05        76.067
11           -2.8287917297E+01        2.872E-05        76.288
12           -2.8287914020E+01        2.700E-05        76.119
13           -2.8287913282E+01        1.869E-05        76.567
14           -2.8287912106E+01        7.904E-06        76.139
15           -2.8287910743E+01        3.078E-06        78.151
16           -2.8287909267E+01        1.415E-06        76.573
17           -2.8287908485E+01        2.648E-06        76.170
18           -2.8287907989E+01        9.208E-07        75.751
Total number of SCF: 18    

k = [-0.250, -0.250, 0.000]
Occupation of state 212 = 0.000000000000025.
Occupation of state 235 = 0.000000000000000.
Exx outer loop error: 2.6226286552e-04 

No.6 Exx outer loop: 
1            -2.8287908369E+01        1.476E-04        101.411
2            -2.8287909627E+01        8.289E-05        77.476
3            -2.8287897326E+01        2.353E-04        77.662
4            -2.8287910488E+01        2.569E-05        76.285
5            -2.8287911362E+01        9.117E-06        92.326
6            -2.8287914744E+01        6.593E-06        88.642
7            -2.8287913550E+01        4.900E-06        84.868
8            -2.8287911316E+01        9.762E-06        77.798
9            -2.8287910285E+01        3.161E-06        85.022
10           -2.8287908095E+01        2.186E-06        80.363
11           -2.8287908377E+01        1.812E-06        106.276
12           -2.8287908022E+01        1.995E-06        100.750
13           -2.8287907653E+01        1.269E-06        92.710
14           -2.8287907536E+01        2.728E-06        76.172
15           -2.8287907688E+01        3.065E-06        76.184
16           -2.8287907662E+01        2.224E-06        76.157
17           -2.8287907501E+01        1.940E-06        76.144
18           -2.8287907452E+01        5.693E-07        75.976
Total number of SCF: 18    

k = [-0.250, -0.250, 0.000]
Occupation of state 212 = 0.000000000000024.
Occupation of state 235 = 0.000000000000000.
Exx outer loop error: 1.7113900393e-04 

No.7 Exx outer loop: 
1            -2.8287907301E+01        1.102E-04        79.506
2            -2.8287908624E+01        8.488E-05        76.373
3            -2.8287931354E+01        4.519E-04        78.683
4            -2.8287937423E+01        1.256E-04        76.567
5            -2.8287922932E+01        7.034E-05        76.766
6            -2.8287917783E+01        1.201E-05        76.336
7            -2.8287912746E+01        1.235E-05        76.246
8            -2.8287909794E+01        1.370E-05        76.104
9            -2.8287909211E+01        9.085E-06        76.168
10           -2.8287908754E+01        1.086E-05        76.057
11           -2.8287908718E+01        3.775E-06        76.138
12           -2.8287908234E+01        4.211E-06        76.086
13           -2.8287908141E+01        2.777E-06        76.159
14           -2.8287908113E+01        8.568E-06        76.189
15           -2.8287908129E+01        9.471E-07        75.978
Total number of SCF: 15    

k = [-0.250, -0.250, 0.000]
Occupation of state 212 = 0.000000000000023.
Occupation of state 235 = 0.000000000000000.
Exx outer loop error: 2.6425136343e-04 

No.8 Exx outer loop: 
1            -2.8287908191E+01        1.027E-04        79.979
2            -2.8287909244E+01        1.607E-04        80.032
3            -2.8287921807E+01        4.354E-05        77.124
4            -2.8287916702E+01        2.358E-05        76.136
5            -2.8287914767E+01        1.498E-05        76.179
6            -2.8287912436E+01        8.136E-06        76.170
7            -2.8287914399E+01        1.569E-05        76.119
8            -2.8287913029E+01        1.362E-05        76.259
9            -2.8287910840E+01        8.344E-06        83.269
10           -2.8287909303E+01        5.046E-06        89.207
11           -2.8287907922E+01        3.030E-06        77.439
12           -2.8287907888E+01        2.057E-06        76.729
13           -2.8287908247E+01        2.619E-06        87.020
14           -2.8287907803E+01        4.997E-06        86.978
15           -2.8287907766E+01        2.354E-06        93.084
16           -2.8287907734E+01        5.756E-07        76.713
Total number of SCF: 16    

k = [-0.250, -0.250, 0.000]
Occupation of state 212 = 0.000000000000023.
Occupation of state 235 = 0.000000000000000.
Exx outer loop error: 2.1670665137e-04 

No.9 Exx outer loop: 
1            -2.8287907855E+01        8.832E-05        109.987
2            -2.8287908534E+01        1.743E-04        76.544
3            -2.8287916296E+01        2.807E-05        76.269
4            -2.8287914783E+01        5.676E-05        76.437
5            -2.8287911790E+01        3.161E-05        76.129
6            -2.8287911829E+01        1.605E-05        76.120
7            -2.8287910932E+01        2.476E-05        76.233
8            -2.8287910976E+01        9.180E-06        76.283
9            -2.8287909467E+01        2.656E-06        76.191
10           -2.8287908733E+01        1.271E-06        76.269
11           -2.8287907930E+01        4.734E-06        76.205
12           -2.8287907698E+01        4.990E-07        75.885
Total number of SCF: 12    

k = [-0.250, -0.250, 0.000]
Occupation of state 212 = 0.000000000000022.
Occupation of state 235 = 0.000000000000000.
Exx outer loop error: 1.3420703472e-04 

No.10 Exx outer loop: 
1            -2.8287907504E+01        3.341E-05        79.050
2            -2.8287908071E+01        3.296E-05        77.643
3            -2.8287910039E+01        3.630E-05        76.191
4            -2.8287909727E+01        1.707E-05        76.107
5            -2.8287908383E+01        6.394E-06        76.097
6            -2.8287907611E+01        3.014E-06        76.046
7            -2.8287907509E+01        3.386E-06        75.956
8            -2.8287907531E+01        1.529E-06        76.030
9            -2.8287907653E+01        7.779E-07        75.771
Total number of SCF: 9     

k = [-0.250, -0.250, 0.000]
Occupation of state 212 = 0.000000000000022.
Occupation of state 235 = 0.000000000000000.
Exx outer loop error: 1.9721937355e-04 

No.11 Exx outer loop: 
1            -2.8287907616E+01        2.900E-05        90.486
2            -2.8287907978E+01        4.978E-05        101.122
3            -2.8287907742E+01        8.662E-06        77.349
4            -2.8287907966E+01        1.330E-06        77.113
5            -2.8287907924E+01        1.677E-06        103.563
6            -2.8287907898E+01        1.003E-06        84.766
7            -2.8287907833E+01        7.388E-07        96.692
Total number of SCF: 7     

k = [-0.250, -0.250, 0.000]
Occupation of state 212 = 0.000000000000022.
Occupation of state 235 = 0.000000000000000.
Exx outer loop error: 3.8666685968e-05 
====================================================================
                    Energy and force calculation                    
====================================================================
Free energy per atom               : -2.8287907506E+01 (Ha/atom)
Total free energy                  : -1.4426832828E+03 (Ha)
Band structure energy              : -3.7276475099E+02 (Ha)
Exchange correlation energy        : -1.6386021077E+02 (Ha)
Self and correction energy         : -1.8999519550E+03 (Ha)
Entropy*kb*T                       : -6.4267820670E-03 (Ha)
Fermi level                        : -1.7016947624E-01 (Ha)
RMS force                          :  1.8732034889E-02 (Ha/Bohr)
Maximum force                      :  1.0221341209E-01 (Ha/Bohr)
Time for force calculation         :  1.470 (sec)
***************************************************************************
                               Timing info                                 
***************************************************************************
Total walltime                     :  66703.784 sec
___________________________________________________________________________

***************************************************************************
*             Material Physics & Mechanics Group, Georgia Tech            *
*                       PI: Phanish Suryanarayana                         *
*                Main Developers: Qimen Xu, Abhiraj Sharma                *
*     Collaborators: J.E. Pask (LLNL), A.J. Medford (GT), E. Chow (GT)    *
*  Acknowledgements: U.S. DOE (DE-SC0019410); U.S. NSF (1333500,1553212)  *
***************************************************************************
                                                                           

***************************************************************************
*                       SPARC (version Nov 19, 2021)                      *
*   Copyright (c) 2020 Material Physics & Mechanics Group, Georgia Tech   *
*           Distributed under GNU General Public License 3 (GPL)          *
*                   Start time: Wed Dec 15 03:52:55 2021                  *
***************************************************************************
                           Input parameters                                
***************************************************************************
CELL: 12.4338823950489 11.2657846029438 47.5378507412217 
LATVEC:
1.000000000000000 0.000000000000000 0.000000000000000 
-0.000130020950961 0.999999991547276 0.000000000000000 
0.000000000000000 -0.000000000000000 1.000000000000000 
FD_GRID: 66 60 252
FD_ORDER: 12
BC: P P D
KPOINT_GRID: 4 4 1
KPOINT_SHIFT: 0 0 0
SPIN_TYP: 1
ELEC_TEMP_TYPE: Gaussian
SMEARING: 0.007349864435
CHEB_DEGREE: 37
NSTATES: 235
EXCHANGE_CORRELATION: HSE
CALC_STRESS: 0
CALC_PRES: 0
CHEFSI_BOUND_FLAG: 0
MAXIT_SCF: 100
MINIT_SCF: 3
MAXIT_POISSON: 3000
TOL_SCF: 1.00E-06
POISSON_SOLVER: AAR
TOL_POISSON: 1.00E-08
TOL_LANCZOS: 1.00E-02
TOL_PSEUDOCHARGE: 1.00E-08
MIXING_VARIABLE: density
MIXING_PRECOND: kerker
MIXING_PRECOND_MAG: none
TOL_PRECOND: 3.54E-05
PRECOND_KERKER_KTF: 1
PRECOND_KERKER_THRESH: 0.1
MIXING_PARAMETER: 0.3
MIXING_PARAMETER_MAG: 0.3
MIXING_HISTORY: 7
PULAY_FREQUENCY: 1
PULAY_RESTART: 0
REFERENCE_CUTOFF: 0.5
RHO_TRIGGER: 4
FIX_RAND: 0
VERBOSITY: 1
PRINT_FORCES: 1
PRINT_ATOMS: 1
PRINT_EIGEN: 1
PRINT_DENSITY: 0
PRINT_ENERGY_DENSITY: 0
TOL_FOCK: 5.00E-05
TOL_SCF_INIT: 1.00E-04
MAXIT_FOCK: 1000
EXX_METHOD: FOURIER_SPACE
EXX_DIVERGENCE: AUXILIARY
ACE_FLAG: 1
EXX_ACE_MEM: 1
EXX_ACE_VALENCE_STATES: 10000
EXX_DOWNSAMPLING: 1 1 1
EXX_RANGE_FOCK: 0.106000
EXX_RANGE_PBE: 0.106000
OUTPUT_FILE: sprc-calc
***************************************************************************
                                Cell                                       
***************************************************************************
Lattice vectors (Bohr):
12.433882395048860 0.000000000000000 0.000000000000000 
-0.001464788027397 11.265784507717260 0.000000000000000 
0.000000000000000 -0.000000000000000 47.537850741221725 
Volume                  :  6.6589804186E+03 (Bohr^3)
***************************************************************************
                           Parallelization                                 
***************************************************************************
NP_SPIN_PARAL: 2
NP_KPOINT_PARAL: 10
NP_BAND_PARAL: 1
NP_DOMAIN_PARAL: 2 1 8
NP_DOMAIN_PHI_PARAL: 4 4 21
EIG_SERIAL_MAXNS: 1500
***************************************************************************
                             Initialization                                
***************************************************************************
Number of processors               :  336
Mesh spacing in x-direction        :  0.188392 (Bohr)
Mesh spacing in y-direction        :  0.187763 (Bohr)
Mesh spacing in z direction        :  0.188642 (Bohr)
Number of symmetry adapted k-points:  10
Output printed to                  :  sprc-calc.out_01
Final eigenvalues printed to       :  sprc-calc.eigen_01
Total number of atom types         :  4
Total number of atoms              :  51
Total number of electrons          :  385
Atom type 1  (valence electrons)   :  C 4
Pseudopotential                    :  C.psp8
Pseudocharge radii of atom type 1  :  6.78 6.76 6.79 (x, y, z dir)
Number of atoms of type 1          :  1
Atom type 2  (valence electrons)   :  H 1
Pseudopotential                    :  H.psp8
Pseudocharge radii of atom type 2  :  3.77 3.76 3.77 (x, y, z dir)
Number of atoms of type 2          :  3
Atom type 3  (valence electrons)   :  O 6
Pseudopotential                    :  O.psp8
Pseudocharge radii of atom type 3  :  6.78 6.76 6.79 (x, y, z dir)
Number of atoms of type 3          :  31
Atom type 4  (valence electrons)   :  Ti 12
Pseudopotential                    :  Ti.psp8
Pseudocharge radii of atom type 4  :  6.78 6.76 6.79 (x, y, z dir)
Number of atoms of type 4          :  16
Estimated total memory usage       :  441.81 GB
Estimated memory per processor     :  1.31 GB
========================================================================================
                    Self Consistent Field (SCF#1)                     
========================================================================================
Iteration     Free Energy (Ha/atom)    Magnetization     SCF Error        Timing (sec)
1            -2.8610907204E+01         8.2918E-02        1.360E-01        298.050
2            -2.8520879547E+01         3.0147E-02        7.266E-02        74.351
3            -2.8481664877E+01         8.1981E-03        3.425E-02        98.875
4            -2.8489921311E+01         2.5517E-03        2.328E-02        73.036
5            -2.8494829276E+01        -8.2839E-04        1.443E-02        73.067
6            -2.8491612169E+01        -3.2334E-03        8.512E-03        73.303
7            -2.8489391756E+01        -1.3804E-03        6.010E-03        73.364
8            -2.8488434721E+01        -1.9059E-03        3.256E-03        73.151
9            -2.8487179963E+01        -5.0573E-04        4.853E-03        72.614
10           -2.8486852703E+01        -1.5394E-03        1.574E-03        73.319
11           -2.8485970543E+01        -1.1066E-03        1.608E-03        72.930
12           -2.8485780047E+01        -1.2423E-03        6.898E-04        73.162
13           -2.8485625983E+01        -1.0311E-03        4.772E-04        73.172
14           -2.8485532337E+01        -9.6067E-04        3.166E-04        73.071
15           -2.8485492296E+01        -8.1759E-04        2.133E-04        72.999
16           -2.8485436351E+01        -6.0774E-04        1.351E-04        73.023
17           -2.8485392135E+01        -5.1206E-04        8.802E-05        72.417
Total number of SCF: 17    

k = [-0.250, -0.250, 0.000]
Occupation of state 212 = 0.000000000010508.
Occupation of state 235 = 0.000000000000000.

No.1 Exx outer loop: 
1            -2.8286156054E+01        -9.1232E-04        1.350E-02        117.162
2            -2.8277754746E+01        -1.1022E-03        1.366E-02        112.123
3            -2.8286821196E+01         8.6240E-03        5.285E-02        111.780
4            -2.8284557285E+01         3.7325E-03        1.243E-02        112.063
5            -2.8284473974E+01         2.5962E-03        9.188E-03        113.169
6            -2.8287936901E+01         2.5620E-03        6.859E-03        112.177
7            -2.8288257341E+01        -5.0956E-04        7.647E-03        115.988
8            -2.8289161745E+01        -3.4278E-04        8.579E-03        112.683
9            -2.8289262441E+01         1.2725E-03        5.966E-03        116.195
10           -2.8289966519E+01        -7.0201E-04        1.011E-02        113.357
11           -2.8289541302E+01        -8.4596E-04        9.265E-03        112.922
12           -2.8288163098E+01         1.4412E-03        4.469E-03        112.265
13           -2.8288222266E+01         1.9558E-03        4.051E-03        113.352
14           -2.8288063230E+01         9.9838E-04        2.241E-03        112.813
15           -2.8287923132E+01        -5.8089E-04        2.587E-03        116.728
16           -2.8287901215E+01         1.4280E-04        3.504E-03        112.669
17           -2.8288075791E+01        -8.7751E-04        7.802E-04        112.487
18           -2.8288082358E+01        -1.0821E-03        4.889E-04        113.605
19           -2.8288001502E+01        -1.3712E-03        4.273E-04        113.716
20           -2.8287819189E+01        -1.5655E-03        4.232E-04        113.735
21           -2.8287796892E+01        -1.6960E-03        1.643E-04        113.187
22           -2.8287736629E+01        -1.8005E-03        1.218E-04        112.967
23           -2.8287722282E+01        -1.8187E-03        1.124E-04        119.932
24           -2.8287698193E+01        -1.8187E-03        9.362E-05        114.266
25           -2.8287684337E+01        -1.7981E-03        8.457E-05        114.353
26           -2.8287670320E+01        -1.7691E-03        1.109E-04        134.428
27           -2.8287671739E+01        -1.7736E-03        5.238E-05        113.714
28           -2.8287674197E+01        -1.7514E-03        3.229E-05        113.107
29           -2.8287670061E+01        -1.7489E-03        4.843E-05        136.113
30           -2.8287660340E+01        -1.7594E-03        1.690E-05        114.107
31           -2.8287655180E+01        -1.7616E-03        2.911E-05        112.258
32           -2.8287650460E+01        -1.7713E-03        3.357E-05        125.485
33           -2.8287649024E+01        -1.7737E-03        2.344E-05        112.278
34           -2.8287646172E+01        -1.7738E-03        7.809E-06        111.888
35           -2.8287644463E+01        -1.7730E-03        5.105E-06        112.576
36           -2.8287644315E+01        -1.7704E-03        4.313E-06        112.745
37           -2.8287644035E+01        -1.7704E-03        3.475E-06        113.118
38           -2.8287644498E+01        -1.7715E-03        2.405E-06        118.424
39           -2.8287644630E+01        -1.7723E-03        2.052E-06        112.724
40           -2.8287645301E+01        -1.7724E-03        1.063E-06        120.720
41           -2.8287645451E+01        -1.7722E-03        9.029E-07        129.775
Total number of SCF: 41    

k = [-0.250, -0.250, 0.000]
Occupation of state 212 = 0.000000000000013.
Occupation of state 235 = 0.000000000000000.
Exx outer loop error: 6.2338444809e-01 

No.2 Exx outer loop: 
1            -2.8287929165E+01        -3.8090E-03        1.450E-03        115.983
2            -2.8287226079E+01        -4.0921E-03        1.666E-03        112.891
3            -2.8287369035E+01        -4.1577E-03        1.494E-03        113.380
4            -2.8287796320E+01        -4.9562E-03        2.629E-03        119.416
5            -2.8287927691E+01        -4.7943E-03        1.590E-03        113.753
6            -2.8288276498E+01        -5.7357E-03        4.072E-03        112.712
7            -2.8288213250E+01        -6.1532E-03        4.018E-03        129.729
8            -2.8287929116E+01        -5.5839E-03        7.320E-04        114.248
9            -2.8287957985E+01        -5.7474E-03        5.046E-04        112.683
10           -2.8287985770E+01        -6.5301E-03        1.072E-03        112.916
11           -2.8287963262E+01        -7.2329E-03        1.246E-03        111.712
12           -2.8287937276E+01        -7.4215E-03        9.769E-04        112.040
13           -2.8287924698E+01        -7.4232E-03        7.320E-04        112.268
14           -2.8287917078E+01        -7.9264E-03        6.240E-04        111.985
15           -2.8287882254E+01        -7.7579E-03        1.838E-04        112.390
16           -2.8287904646E+01        -8.0841E-03        1.455E-04        112.288
17           -2.8287899934E+01        -8.2760E-03        9.161E-05        111.903
18           -2.8287898650E+01        -8.4173E-03        7.902E-05        112.142
19           -2.8287893410E+01        -8.5159E-03        3.921E-05        111.784
20           -2.8287892997E+01        -8.5616E-03        2.812E-05        112.221
21           -2.8287894613E+01        -8.5786E-03        2.044E-05        112.031
22           -2.8287895206E+01        -8.5831E-03        4.073E-06        112.714
23           -2.8287895797E+01        -8.5863E-03        3.002E-06        115.239
24           -2.8287896722E+01        -8.5829E-03        2.294E-06        113.811
25           -2.8287897430E+01        -8.5895E-03        1.202E-06        112.407
26           -2.8287897498E+01        -8.5918E-03        2.204E-06        116.200
27           -2.8287897763E+01        -8.5952E-03        4.008E-06        112.556
28           -2.8287897772E+01        -8.5960E-03        6.783E-07        111.703
Total number of SCF: 28    

k = [-0.250, -0.250, 0.000]
Occupation of state 212 = 0.000000000000015.
Occupation of state 235 = 0.000000000000000.
Exx outer loop error: 1.0532348184e-02 

No.3 Exx outer loop: 
1            -2.8287926037E+01        -2.0419E-02        4.433E-04        121.230
2            -2.8287873356E+01        -2.2557E-02        4.107E-04        113.483
3            -2.8287903793E+01        -2.4364E-02        6.312E-04        117.448
4            -2.8287958338E+01        -2.5681E-02        4.368E-04        126.915
5            -2.8287981426E+01        -2.5618E-02        5.998E-04        117.020
6            -2.8288016732E+01        -3.0242E-02        3.818E-04        113.538
7            -2.8288029790E+01        -3.4355E-02        5.229E-04        112.582
8            -2.8287963686E+01        -3.7738E-02        1.592E-04        129.975
9            -2.8287945878E+01        -4.0504E-02        1.190E-04        113.483
10           -2.8287927480E+01        -4.5402E-02        4.790E-05        115.285
11           -2.8287931369E+01        -4.8277E-02        3.349E-05        119.071
12           -2.8287930079E+01        -5.0788E-02        2.474E-05        129.437
13           -2.8287919991E+01        -5.2635E-02        1.375E-05        113.640
14           -2.8287911062E+01        -5.3664E-02        2.000E-05        112.269
15           -2.8287912387E+01        -5.3698E-02        8.649E-06        134.245
16           -2.8287911685E+01        -5.3783E-02        5.862E-06        114.707
17           -2.8287910924E+01        -5.3935E-02        5.832E-06        111.910
18           -2.8287907699E+01        -5.4198E-02        3.294E-06        112.996
19           -2.8287907334E+01        -5.4195E-02        2.919E-06        112.729
20           -2.8287907053E+01        -5.4187E-02        2.390E-06        111.993
21           -2.8287907025E+01        -5.4124E-02        5.177E-06        111.888
22           -2.8287906864E+01        -5.4125E-02        1.555E-06        111.686
23           -2.8287906700E+01        -5.4103E-02        2.237E-06        111.945
24           -2.8287906419E+01        -5.4110E-02        1.594E-06        111.485
25           -2.8287906530E+01        -5.4083E-02        9.703E-07        111.479
Total number of SCF: 25    

k = [-0.250, -0.250, 0.000]
Occupation of state 212 = 0.000000000000013.
Occupation of state 235 = 0.000000000000000.
Exx outer loop error: 1.8284896829e-03 

No.4 Exx outer loop: 
1            -2.8287913636E+01        -1.3571E-01        1.034E-03        118.479
2            -2.8288032869E+01        -1.5249E-01        9.868E-04        113.392
3            -2.8288634656E+01        -3.1283E-01        5.697E-03        112.402
4            -2.8288090704E+01        -1.7048E-01        1.555E-03        112.004
5            -2.8288198540E+01        -1.3541E-01        1.123E-03        112.265
6            -2.8288481388E+01        -2.1570E-01        4.253E-03        112.889
7            -2.8288611369E+01        -2.1746E-01        5.697E-03        112.233
8            -2.8289007927E+01        -2.4892E-01        7.294E-03        112.915
9            -2.8288406489E+01        -1.7409E-01        2.411E-03        111.883
10           -2.8288298099E+01        -1.9555E-01        1.626E-03        112.487
11           -2.8288193708E+01        -2.1269E-01        1.227E-03        112.227
12           -2.8288099887E+01        -2.0102E-01        4.649E-04        112.187
13           -2.8288001054E+01        -2.2868E-01        1.678E-03        112.332
14           -2.8288082798E+01        -2.1013E-01        1.468E-03        112.162
15           -2.8288080220E+01        -2.1476E-01        1.852E-03        112.102
16           -2.8288112981E+01        -2.3929E-01        2.369E-03        112.872
17           -2.8287985695E+01        -2.7486E-01        1.145E-03        113.792
18           -2.8287957477E+01        -2.7456E-01        5.534E-04        113.579
19           -2.8287985672E+01        -2.3583E-01        9.237E-04        112.155
20           -2.8288018257E+01        -2.5321E-01        3.290E-04        111.786
21           -2.8287983686E+01        -2.7109E-01        9.072E-05        112.182
22           -2.8287976136E+01        -2.7083E-01        9.405E-05        112.404
23           -2.8287966669E+01        -2.7118E-01        4.854E-05        120.193
24           -2.8287955090E+01        -2.7379E-01        3.494E-05        113.861
25           -2.8287945295E+01        -2.7416E-01        2.429E-05        113.053
26           -2.8287934753E+01        -2.7524E-01        1.972E-05        116.224
27           -2.8287928292E+01        -2.7462E-01        1.433E-05        133.691
28           -2.8287922372E+01        -2.7482E-01        8.269E-06        111.880
29           -2.8287921154E+01        -2.7494E-01        6.915E-06        122.059
30           -2.8287918016E+01        -2.7472E-01        5.798E-06        113.500
31           -2.8287917468E+01        -2.7461E-01        1.003E-05        112.780
32           -2.8287916861E+01        -2.7456E-01        4.238E-06        136.701
33           -2.8287915421E+01        -2.7439E-01        5.413E-06        113.346
34           -2.8287915162E+01        -2.7448E-01        2.452E-06        112.435
35           -2.8287914670E+01        -2.7440E-01        2.701E-06        111.864
36           -2.8287914359E+01        -2.7450E-01        2.491E-06        111.778
37           -2.8287914066E+01        -2.7446E-01        1.543E-06        112.277
38           -2.8287913888E+01        -2.7451E-01        8.892E-07        112.004
Total number of SCF: 38    

k = [-0.250, -0.250, 0.000]
Occupation of state 212 = 0.000000000000008.
Occupation of state 235 = 0.000000000000000.
Exx outer loop error: 1.2602017217e-03 

No.5 Exx outer loop: 
1            -2.8287961494E+01        -5.6037E-01        4.158E-03        117.115
2            -2.8288460482E+01        -4.8013E-01        2.189E-03        113.160
3            -2.8288987734E+01        -5.3032E-01        9.044E-04        115.258
4            -2.8288554514E+01        -4.5542E-01        1.549E-03        113.788
5            -2.8288311525E+01        -4.6810E-01        6.485E-04        112.248
6            -2.8288293870E+01        -4.9472E-01        3.968E-04        112.476
7            -2.8288278095E+01        -4.8170E-01        5.433E-04        120.076
8            -2.8288201021E+01        -4.8993E-01        2.308E-04        112.703
9            -2.8288179476E+01        -4.9646E-01        1.851E-04        113.307
10           -2.8288116393E+01        -4.9848E-01        1.301E-04        129.065
11           -2.8288094950E+01        -5.6539E-01        1.366E-03        112.557
12           -2.8288058521E+01        -5.2011E-01        3.947E-04        112.389
13           -2.8288095630E+01        -5.8315E-01        1.685E-03        112.454
14           -2.8288053203E+01        -5.3184E-01        5.990E-04        112.068
15           -2.8288052083E+01        -5.3032E-01        5.694E-04        112.034
16           -2.8288030889E+01        -4.9678E-01        1.528E-04        112.358
17           -2.8288034685E+01        -5.1544E-01        3.154E-04        112.539
18           -2.8288015839E+01        -4.7769E-01        4.302E-04        114.125
19           -2.8288012923E+01        -4.6824E-01        6.203E-04        113.581
20           -2.8288012896E+01        -4.6699E-01        6.473E-04        112.114
21           -2.8288016378E+01        -4.9154E-01        1.692E-04        111.979
22           -2.8288011003E+01        -4.9339E-01        9.446E-05        112.140
23           -2.8288002622E+01        -4.9408E-01        5.325E-05        112.379
24           -2.8287988837E+01        -4.9448E-01        3.594E-05        112.161
25           -2.8287980699E+01        -4.9385E-01        4.054E-05        113.159
26           -2.8287966938E+01        -4.9305E-01        6.972E-05        113.102
27           -2.8287959005E+01        -4.9243E-01        6.016E-05        111.813
28           -2.8287956696E+01        -4.9226E-01        5.261E-05        112.330
29           -2.8287954899E+01        -4.9309E-01        1.612E-05        112.568
30           -2.8287954292E+01        -4.9314E-01        1.050E-05        111.785
31           -2.8287954209E+01        -4.9331E-01        6.596E-06        112.663
32           -2.8287954768E+01        -4.9311E-01        6.148E-06        112.156
33           -2.8287953858E+01        -4.9343E-01        8.601E-06        113.181
34           -2.8287953748E+01        -4.9312E-01        5.257E-06        114.794
35           -2.8287952821E+01        -4.9298E-01        4.900E-06        113.102
36           -2.8287952389E+01        -4.9318E-01        1.762E-06        111.774
37           -2.8287952112E+01        -4.9320E-01        1.456E-06        112.941
38           -2.8287951710E+01        -4.9303E-01        2.965E-06        112.648
39           -2.8287951490E+01        -4.9302E-01        2.700E-06        112.310
40           -2.8287951460E+01        -4.9319E-01        1.391E-06        112.084
41           -2.8287951500E+01        -4.9306E-01        2.430E-06        112.660
42           -2.8287951360E+01        -4.9318E-01        6.221E-07        112.005
Total number of SCF: 42    

k = [-0.250, -0.250, 0.000]
Occupation of state 212 = 0.000000000000001.
Occupation of state 235 = 0.000000000000000.
Exx outer loop error: 4.3769579189e-03 

No.6 Exx outer loop: 
1            -2.8288016404E+01        -7.1544E-01        4.356E-03        123.357
2            -2.8288370040E+01        -5.4311E-01        1.783E-03        128.832
3            -2.8288158306E+01        -5.6141E-01        5.808E-04        113.571
4            -2.8288147133E+01        -5.5961E-01        4.307E-04        114.157
5            -2.8288155244E+01        -5.6503E-01        1.524E-04        133.944
6            -2.8288101602E+01        -5.8487E-01        3.731E-04        116.970
7            -2.8288097014E+01        -5.7181E-01        1.460E-04        112.506
8            -2.8288070944E+01        -5.7312E-01        1.079E-04        112.436
9            -2.8288026039E+01        -5.7599E-01        4.704E-05        112.038
10           -2.8288017178E+01        -5.8305E-01        1.664E-04        113.558
11           -2.8288018869E+01        -5.7649E-01        4.374E-05        112.354
12           -2.8288007074E+01        -5.7871E-01        2.597E-05        112.017
13           -2.8288000686E+01        -5.7733E-01        1.836E-05        112.346
14           -2.8287995165E+01        -5.7811E-01        1.064E-05        113.119
15           -2.8287990296E+01        -5.7711E-01        2.432E-05        112.224
16           -2.8287985114E+01        -5.7738E-01        5.355E-06        112.466
17           -2.8287982488E+01        -5.7728E-01        5.684E-06        113.315
18           -2.8287982221E+01        -5.7722E-01        4.556E-06        112.304
19           -2.8287981336E+01        -5.7708E-01        1.521E-06        111.701
20           -2.8287980773E+01        -5.7704E-01        1.210E-06        111.943
21           -2.8287980348E+01        -5.7709E-01        2.158E-06        112.355
22           -2.8287980438E+01        -5.7711E-01        1.945E-06        113.036
23           -2.8287980460E+01        -5.7705E-01        3.506E-07        112.088
Total number of SCF: 23    

k = [-0.250, -0.250, 0.000]
Occupation of state 212 = 0.000000000000000.
Occupation of state 235 = 0.000000000000000.
Exx outer loop error: 4.7751080706e-03 

No.7 Exx outer loop: 
1            -2.8288005585E+01        -6.9749E-01        2.207E-03        117.700
2            -2.8288188299E+01        -6.1819E-01        9.668E-04        115.470
3            -2.8288184824E+01        -4.8314E-01        3.476E-03        113.559
4            -2.8288130496E+01        -5.0600E-01        2.385E-03        112.014
5            -2.8288065440E+01        -5.6495E-01        1.168E-03        112.207
6            -2.8288045089E+01        -6.1874E-01        3.766E-04        112.179
7            -2.8288055821E+01        -6.3728E-01        1.514E-04        112.214
8            -2.8288061041E+01        -6.4273E-01        9.094E-05        112.684
9            -2.8288051336E+01        -6.4754E-01        7.189E-05        112.356
10           -2.8288032541E+01        -6.4494E-01        3.140E-05        112.154
11           -2.8288020582E+01        -6.4473E-01        2.580E-05        111.991
12           -2.8288008287E+01        -6.4522E-01        2.799E-05        112.073
13           -2.8288002459E+01        -6.4512E-01        2.347E-05        112.239
14           -2.8287997758E+01        -6.4474E-01        7.380E-06        111.898
15           -2.8287997741E+01        -6.4471E-01        8.325E-06        111.982
16           -2.8287994850E+01        -6.4493E-01        5.497E-06        118.778
17           -2.8287993119E+01        -6.4482E-01        3.608E-06        113.355
18           -2.8287991564E+01        -6.4487E-01        4.594E-06        114.223
19           -2.8287990249E+01        -6.4490E-01        2.800E-06        119.092
20           -2.8287990715E+01        -6.4481E-01        3.580E-06        121.567
21           -2.8287990580E+01        -6.4485E-01        9.621E-07        116.015
Total number of SCF: 21    

k = [-0.250, -0.250, 0.000]
Occupation of state 212 = 0.000000000000000.
Occupation of state 235 = 0.000000000000000.
Exx outer loop error: 2.2843551036e-03 

No.8 Exx outer loop: 
1            -2.8288001825E+01        -7.2509E-01        1.060E-03        117.132
2            -2.8288119539E+01        -7.0264E-01        5.621E-04        118.070
3            -2.8288143284E+01        -6.6182E-01        1.386E-03        113.446
4            -2.8288145365E+01        -6.7089E-01        1.036E-03        123.862
5            -2.8288106729E+01        -7.2324E-01        6.139E-04        135.077
6            -2.8288164026E+01        -7.3140E-01        4.247E-04        123.485
7            -2.8288143594E+01        -7.1665E-01        2.655E-04        132.578
8            -2.8288037863E+01        -7.2734E-01        5.111E-05        114.112
9            -2.8288010295E+01        -7.2369E-01        8.490E-05        137.125
10           -2.8287998427E+01        -7.2433E-01        8.113E-05        112.144
11           -2.8287997186E+01        -7.2680E-01        2.470E-05        112.456
12           -2.8287999023E+01        -7.2564E-01        8.719E-06        111.985
13           -2.8287995724E+01        -7.2531E-01        4.859E-06        112.106
14           -2.8287995237E+01        -7.2528E-01        4.574E-06        112.038
15           -2.8287993567E+01        -7.2509E-01        3.939E-06        111.576
16           -2.8287993882E+01        -7.2511E-01        1.906E-06        121.238
17           -2.8287993221E+01        -7.2514E-01        1.081E-06        112.774
18           -2.8287993118E+01        -7.2514E-01        9.958E-07        111.760
Total number of SCF: 18    

k = [-0.250, -0.250, 0.000]
Occupation of state 212 = 0.000000000000000.
Occupation of state 235 = 0.000000000000000.
Exx outer loop error: 2.2038887685e-05 
====================================================================
                    Energy and force calculation                    
====================================================================
Free energy per atom               : -2.8287991019E+01 (Ha/atom)
Total free energy                  : -1.4426875420E+03 (Ha)
Band structure energy              : -3.7338240390E+02 (Ha)
Exchange correlation energy        : -1.6386175389E+02 (Ha)
Self and correction energy         : -1.8999519550E+03 (Ha)
Entropy*kb*T                       : -4.4136286122E-03 (Ha)
Fermi level                        : -1.7771481985E-01 (Ha)
RMS force                          :  1.9478927942E-02 (Ha/Bohr)
Maximum force                      :  1.0555400382E-01 (Ha/Bohr)
Time for force calculation         :  1.659 (sec)
***************************************************************************
                               Timing info                                 
***************************************************************************
Total walltime                     :  79024.219 sec
___________________________________________________________________________

***************************************************************************
*             Material Physics & Mechanics Group, Georgia Tech            *
*                       PI: Phanish Suryanarayana                         *
*                Main Developers: Qimen Xu, Abhiraj Sharma                *
*     Collaborators: J.E. Pask (LLNL), A.J. Medford (GT), E. Chow (GT)    *
*  Acknowledgements: U.S. DOE (DE-SC0019410); U.S. NSF (1333500,1553212)  *
***************************************************************************
                                                                           
