                Step[ FC]     Time          Energy          fmax
*Force-consistent energies used in optimization.
BFGSLineSearch:    0[  0] 17:49:17   -40393.817338*       5.1309
BFGSLineSearch:    1[  2] 18:08:51   -40394.394370*       2.6563
BFGSLineSearch:    2[  4] 18:29:00   -40394.634973*       4.7299
BFGSLineSearch:    3[  6] 18:49:23   -40394.798688*       1.5763
BFGSLineSearch:    4[  8] 19:09:11   -40394.953832*       1.6948
BFGSLineSearch:    5[ 10] 19:31:03   -40395.180669*       1.5330
BFGSLineSearch:    6[ 12] 19:51:17   -40395.270410*       2.2034
BFGSLineSearch:    7[ 14] 20:08:32   -40395.398929*       1.5498
BFGSLineSearch:    8[ 15] 20:17:42   -40395.478255*       2.2723
BFGSLineSearch:    9[ 17] 20:34:55   -40395.511830*       1.6134
BFGSLineSearch:   10[ 19] 20:53:48   -40395.542913*       0.4904
BFGSLineSearch:   11[ 20] 21:01:46   -40395.570789*       0.6933
BFGSLineSearch:   12[ 22] 21:17:38   -40395.597613*       1.0127
BFGSLineSearch:   13[ 23] 21:26:15   -40395.619316*       0.2985
BFGSLineSearch:   14[ 24] 21:34:54   -40395.636214*       0.4748
BFGSLineSearch:   15[ 26] 21:52:36   -40395.650260*       0.6009
BFGSLineSearch:   16[ 28] 22:08:33   -40395.660254*       0.3427
BFGSLineSearch:   17[ 29] 22:17:09   -40395.668874*       0.3401
                Step[ FC]     Time          Energy          fmax
*Force-consistent energies used in optimization.
BFGSLineSearch:    0[  0] 22:50:50   -40393.817340*       5.1308
BFGSLineSearch:    1[  1] 23:00:11   -40394.375702*       6.5230
BFGSLineSearch:    2[  2] 23:10:51   -40395.049598*       2.2611
BFGSLineSearch:    3[  3] 23:21:12   -40395.284556*       5.0661
BFGSLineSearch:    4[  4] 23:32:07   -40395.487125*       2.8435
BFGSLineSearch:    5[  6] 23:56:09   -40395.573614*       1.1181
BFGSLineSearch:    6[  7] 00:06:01   -40395.639692*       0.4522
BFGSLineSearch:    7[  9] 00:22:14   -40395.663760*       0.6221
BFGSLineSearch:    8[ 11] 00:35:19   -40395.673633*       0.2482
BFGSLineSearch:    9[ 12] 00:42:41   -40395.678413*       0.4588
BFGSLineSearch:   10[ 13] 00:51:16   -40395.685523*       0.6588
BFGSLineSearch:   11[ 14] 00:58:41   -40395.691666*       0.2496
BFGSLineSearch:   12[ 15] 01:05:48   -40395.696372*       0.4720
BFGSLineSearch:   13[ 16] 01:13:38   -40395.704451*       0.2775
BFGSLineSearch:   14[ 17] 01:22:45   -40395.711566*       0.2373
BFGSLineSearch:   15[ 18] 01:30:54   -40395.715316*       0.2162
BFGSLineSearch:   16[ 19] 01:39:02   -40395.720155*       0.4684
BFGSLineSearch:   17[ 21] 01:53:09   -40395.722767*       0.0986
BFGSLineSearch:   18[ 22] 02:00:00   -40395.725056*       0.2009
BFGSLineSearch:   19[ 23] 02:07:17   -40395.728477*       0.1401
BFGSLineSearch:   20[ 25] 02:21:46   -40395.730563*       0.1308
BFGSLineSearch:   21[ 26] 02:28:48   -40395.731981*       0.1259
BFGSLineSearch:   22[ 27] 02:35:03   -40395.733011*       0.0764
BFGSLineSearch:   23[ 28] 02:40:57   -40395.734042*       0.1480
BFGSLineSearch:   24[ 31] 03:03:06   -40395.736778*       0.1063
BFGSLineSearch:   25[ 32] 03:09:52   -40395.739649*       0.1067
                Step[ FC]     Time          Energy          fmax
*Force-consistent energies used in optimization.
BFGSLineSearch:    0[  0] 08:49:48   -40393.817329*       5.1306
BFGSLineSearch:    1[  1] 08:59:23   -40394.673327*       3.9549
BFGSLineSearch:    2[  2] 09:09:11   -40394.853895*       3.2686
BFGSLineSearch:    3[  3] 09:18:09   -40395.099108*       2.2459
BFGSLineSearch:    4[  4] 09:27:58   -40395.248578*       4.6509
BFGSLineSearch:    5[  5] 09:36:50   -40395.396740*       3.9899
BFGSLineSearch:    6[  6] 09:46:31   -40395.515194*       1.5966
BFGSLineSearch:    7[  7] 09:54:50   -40395.545891*       1.0466
BFGSLineSearch:    8[  8] 10:03:16   -40395.573568*       0.5664
BFGSLineSearch:    9[  9] 10:11:36   -40395.601822*       0.4735
BFGSLineSearch:   10[ 10] 10:21:16   -40395.635020*       1.0676
BFGSLineSearch:   11[ 11] 10:32:04   -40395.659188*       1.5228
BFGSLineSearch:   12[ 12] 10:44:28   -40395.690085*       0.7787
BFGSLineSearch:   13[ 13] 10:54:29   -40395.707783*       0.6125
BFGSLineSearch:   14[ 14] 11:02:51   -40395.716293*       0.9998
BFGSLineSearch:   15[ 15] 11:10:33   -40395.723953*       0.3067
BFGSLineSearch:   16[ 16] 11:17:50   -40395.729754*       0.5841
BFGSLineSearch:   17[ 18] 11:34:46   -40395.732400*       0.7084
BFGSLineSearch:   18[ 19] 11:42:43   -40395.734035*       0.5423
BFGSLineSearch:   19[ 20] 11:50:32   -40395.737454*       0.2421
BFGSLineSearch:   20[ 21] 11:59:25   -40395.740995*       0.2441
BFGSLineSearch:   21[ 23] 12:16:26   -40395.743651*       0.3270
BFGSLineSearch:   22[ 24] 12:24:33   -40395.747433*       0.1321
BFGSLineSearch:   23[ 25] 12:31:39   -40395.749581*       0.3840
BFGSLineSearch:   24[ 27] 12:48:20   -40395.750424*       0.2971
BFGSLineSearch:   25[ 28] 12:54:13   -40395.751869*       0.0912
BFGSLineSearch:   26[ 29] 13:01:38   -40395.753142*       0.0818
BFGSLineSearch:   27[ 30] 13:08:50   -40395.753598*       0.0833
                Step[ FC]     Time          Energy          fmax
*Force-consistent energies used in optimization.
BFGSLineSearch:    0[  0] 14:52:02   -40393.817335*       5.1307
BFGSLineSearch:    1[  1] 15:02:53   -40394.852562*       2.1549
BFGSLineSearch:    2[  3] 15:19:38   -40394.986560*       3.7206
BFGSLineSearch:    3[  4] 15:29:20   -40395.230737*       2.7665
BFGSLineSearch:    4[  5] 15:38:16   -40395.379342*       2.4316
BFGSLineSearch:    5[  6] 15:48:11   -40395.461010*       1.0118
BFGSLineSearch:    6[  7] 15:56:22   -40395.501202*       0.8999
BFGSLineSearch:    7[  9] 16:14:27   -40395.538387*       1.2431
BFGSLineSearch:    8[ 10] 16:23:06   -40395.588427*       0.4862
BFGSLineSearch:    9[ 11] 16:33:06   -40395.620311*       1.4532
BFGSLineSearch:   10[ 12] 16:40:38   -40395.641868*       0.6869
BFGSLineSearch:   11[ 13] 16:51:10   -40395.663640*       0.7266
BFGSLineSearch:   12[ 14] 17:00:57   -40395.687215*       0.3236
BFGSLineSearch:   13[ 15] 17:09:29   -40395.701307*       0.8607
BFGSLineSearch:   14[ 16] 17:17:41   -40395.713045*       0.1782
BFGSLineSearch:   15[ 17] 17:27:20   -40395.721024*       0.2431
BFGSLineSearch:   16[ 18] 17:35:30   -40395.726688*       0.1900
BFGSLineSearch:   17[ 19] 17:44:22   -40395.730356*       0.5361
BFGSLineSearch:   18[ 20] 17:52:13   -40395.734529*       0.1721
BFGSLineSearch:   19[ 23] 18:20:26   -40395.737658*       0.2715
BFGSLineSearch:   20[ 25] 18:38:28   -40395.738452*       0.2737
BFGSLineSearch:   21[ 26] 18:45:07   -40395.740749*       0.0925
BFGSLineSearch:   22[ 28] 18:59:49   -40395.741294*       0.1925
BFGSLineSearch:   23[ 29] 19:05:49   -40395.742136*       0.1011
BFGSLineSearch:   24[ 30] 19:11:21   -40395.742636*       0.0584
                Step[ FC]     Time          Energy          fmax
*Force-consistent energies used in optimization.
BFGSLineSearch:    0[  0] 19:43:38   -40393.817335*       5.1307
BFGSLineSearch:    1[  1] 19:52:09   -40394.563886*       1.9116
BFGSLineSearch:    2[  2] 20:01:39   -40394.882071*       4.5456
BFGSLineSearch:    3[  3] 20:10:05   -40395.047763*       1.9989
BFGSLineSearch:    4[  4] 20:19:57   -40395.220004*       4.2267
BFGSLineSearch:    5[  7] 20:48:28   -40395.455958*       3.1309
BFGSLineSearch:    6[  8] 20:59:05   -40395.540414*       0.8633
BFGSLineSearch:    7[  9] 21:07:05   -40395.571246*       0.7486
BFGSLineSearch:    8[ 10] 21:16:00   -40395.593702*       0.5120
BFGSLineSearch:    9[ 11] 21:26:35   -40395.618697*       0.6195
BFGSLineSearch:   10[ 14] 21:53:09   -40395.651051*       1.5885
BFGSLineSearch:   11[ 15] 22:02:10   -40395.670733*       0.5115
BFGSLineSearch:   12[ 16] 22:10:52   -40395.686961*       0.4738
BFGSLineSearch:   13[ 17] 22:19:46   -40395.704712*       0.2471
BFGSLineSearch:   14[ 18] 22:28:39   -40395.713618*       0.4698
BFGSLineSearch:   15[ 19] 22:36:24   -40395.719465*       0.2873
BFGSLineSearch:   16[ 21] 22:57:28   -40395.722432*       0.2588
BFGSLineSearch:   17[ 22] 23:03:57   -40395.724448*       0.2235
BFGSLineSearch:   18[ 24] 23:18:13   -40395.725472*       0.3318
BFGSLineSearch:   19[ 25] 23:24:18   -40395.726607*       0.1792
BFGSLineSearch:   20[ 27] 23:37:06   -40395.729003*       0.1065
BFGSLineSearch:   21[ 30] 23:59:17   -40395.732576*       0.2122
                Step[ FC]     Time          Energy          fmax
*Force-consistent energies used in optimization.
BFGSLineSearch:    0[  0] 09:05:16   -40393.817331*       5.1310
BFGSLineSearch:    1[  1] 09:16:19   -40394.222409*       4.0846
BFGSLineSearch:    2[  2] 09:26:39   -40394.791201*       2.3572
BFGSLineSearch:    3[  3] 09:36:26   -40394.986243*       1.2820
BFGSLineSearch:    4[  4] 09:48:45   -40395.085546*       5.7832
BFGSLineSearch:    5[  6] 10:09:50   -40395.336167*       1.5356
BFGSLineSearch:    6[  7] 10:20:14   -40395.447695*       0.9524
BFGSLineSearch:    7[  8] 10:28:59   -40395.499565*       0.9113
BFGSLineSearch:    8[  9] 10:38:59   -40395.528302*       1.8889
BFGSLineSearch:    9[ 11] 10:59:01   -40395.585182*       0.8162
BFGSLineSearch:   10[ 14] 11:31:33   -40395.627209*       0.5373
BFGSLineSearch:   11[ 16] 11:49:55   -40395.669212*       0.3413
BFGSLineSearch:   12[ 17] 12:01:06   -40395.694889*       0.3247
BFGSLineSearch:   13[ 18] 12:12:00   -40395.710209*       0.4468
BFGSLineSearch:   14[ 20] 12:28:52   -40395.715231*       0.3611
BFGSLineSearch:   15[ 22] 12:44:35   -40395.718644*       0.3885
BFGSLineSearch:   16[ 23] 12:52:37   -40395.722848*       0.3988
BFGSLineSearch:   17[ 24] 13:03:08   -40395.725292*       0.4083
BFGSLineSearch:   18[ 27] 13:46:38   -40395.728824*       0.2279
                Step[ FC]     Time          Energy          fmax
*Force-consistent energies used in optimization.
BFGSLineSearch:    0[  0] 20:11:02   -40393.817337*       5.1309
BFGSLineSearch:    1[  2] 20:29:40   -40394.613118*       7.1728
BFGSLineSearch:    2[  3] 20:39:25   -40394.804505*       2.0919
BFGSLineSearch:    3[  4] 20:48:43   -40394.993242*       1.8282
BFGSLineSearch:    4[  7] 21:15:55   -40395.198659*       4.0808
BFGSLineSearch:    5[  9] 21:31:24   -40395.288870*       4.1209
BFGSLineSearch:    6[ 10] 21:40:50   -40395.474607*       1.9433
BFGSLineSearch:    7[ 11] 21:49:46   -40395.594038*       1.1880
BFGSLineSearch:    8[ 12] 21:58:28   -40395.635328*       0.5231
BFGSLineSearch:    9[ 13] 22:08:19   -40395.664301*       1.4581
BFGSLineSearch:   10[ 16] 22:37:04   -40395.684326*       0.3831
BFGSLineSearch:   11[ 19] 23:01:01   -40395.706913*       0.9560
BFGSLineSearch:   12[ 21] 23:16:48   -40395.717850*       0.2769
BFGSLineSearch:   13[ 22] 23:25:11   -40395.724372*       0.7412
BFGSLineSearch:   14[ 23] 23:32:23   -40395.728533*       0.5620
BFGSLineSearch:   15[ 25] 23:48:13   -40395.733379*       0.3534
BFGSLineSearch:   16[ 26] 23:54:58   -40395.737074*       0.2433
BFGSLineSearch:   17[ 27] 00:03:15   -40395.739714*       0.1432
BFGSLineSearch:   18[ 28] 00:09:41   -40395.743313*       0.3175
BFGSLineSearch:   19[ 30] 00:28:56   -40395.744321*       0.4688
                Step[ FC]     Time          Energy          fmax
*Force-consistent energies used in optimization.
BFGSLineSearch:    0[  0] 10:33:52   -40393.817339*       5.1303
BFGSLineSearch:    1[  2] 11:40:45   -40394.318365*       9.2848
BFGSLineSearch:    2[  3] 12:30:23   -40394.752471*       1.6215
BFGSLineSearch:    3[  4] 13:05:23   -40394.952495*       1.6521
BFGSLineSearch:    4[  7] 14:50:25   -40395.249510*       5.6042
BFGSLineSearch:    5[  9] 16:08:51   -40395.368675*       4.5978
BFGSLineSearch:    6[ 10] 16:22:18   -40395.557454*       2.2575
BFGSLineSearch:    7[ 11] 16:31:58   -40395.631452*       0.8533
BFGSLineSearch:    8[ 12] 16:43:25   -40395.659063*       1.2783
BFGSLineSearch:    9[ 13] 16:50:54   -40395.676059*       0.7789
BFGSLineSearch:   10[ 14] 17:04:20   -40395.691312*       0.7661
BFGSLineSearch:   11[ 17] 17:35:59   -40395.710465*       0.8568
BFGSLineSearch:   12[ 18] 17:44:26   -40395.722749*       0.3665
BFGSLineSearch:   13[ 20] 18:03:02   -40395.730351*       0.6609
BFGSLineSearch:   14[ 21] 18:09:38   -40395.734901*       0.4277
BFGSLineSearch:   15[ 23] 18:26:37   -40395.740164*       0.3424
BFGSLineSearch:   16[ 26] 18:51:26   -40395.744500*       0.2399
BFGSLineSearch:   17[ 27] 19:00:56   -40395.746112*       0.0703
BFGSLineSearch:   18[ 28] 19:11:50   -40395.749199*       0.5357
BFGSLineSearch:   19[ 30] 19:28:09   -40395.754803*       0.1772
                Step[ FC]     Time          Energy          fmax
*Force-consistent energies used in optimization.
BFGSLineSearch:    0[  0] 20:13:51   -40395.754789*       0.1771
BFGSLineSearch:    1[  1] 20:22:15   -40395.757310*       0.2156
BFGSLineSearch:    2[  4] 20:48:41   -40395.760398*       0.4055
BFGSLineSearch:    3[  5] 20:56:42   -40395.763852*       0.1566
BFGSLineSearch:    4[  8] 21:26:06   -40395.770625*       0.1516
BFGSLineSearch:    5[ 11] 21:50:23   -40395.777284*       0.2461
BFGSLineSearch:    6[ 13] 22:08:06   -40395.780005*       0.1459
BFGSLineSearch:    7[ 14] 22:17:47   -40395.783482*       0.1872
BFGSLineSearch:    8[ 15] 22:25:00   -40395.786861*       0.1980
BFGSLineSearch:    9[ 16] 22:32:52   -40395.790133*       0.2331
BFGSLineSearch:   10[ 17] 22:40:42   -40395.792478*       0.2545
BFGSLineSearch:   11[ 18] 22:49:27   -40395.794063*       0.1645
BFGSLineSearch:   12[ 19] 22:55:25   -40395.795970*       0.1711
BFGSLineSearch:   13[ 20] 23:03:35   -40395.797721*       0.2162
BFGSLineSearch:   14[ 21] 23:10:06   -40395.799074*       0.2614
BFGSLineSearch:   15[ 22] 23:17:52   -40395.801236*       0.0941
BFGSLineSearch:   16[ 23] 23:25:38   -40395.803045*       0.2230
BFGSLineSearch:   17[ 24] 23:33:14   -40395.805658*       0.3651
BFGSLineSearch:   18[ 25] 23:41:02   -40395.808071*       0.2363
BFGSLineSearch:   19[ 26] 23:48:02   -40395.809052*       0.0891
BFGSLineSearch:   20[ 27] 23:55:09   -40395.810278*       0.1200
BFGSLineSearch:   21[ 28] 00:01:02   -40395.811059*       0.0994
BFGSLineSearch:   22[ 29] 00:07:05   -40395.811546*       0.0439
