***************************************************************************
*                       SPARC (version Nov 19, 2021)                      *
*   Copyright (c) 2020 Material Physics & Mechanics Group, Georgia Tech   *
*           Distributed under GNU General Public License 3 (GPL)          *
*                   Start time: Mon Nov 22 19:32:50 2021                  *
***************************************************************************
                           Input parameters                                
***************************************************************************
CELL: 12.4338823950489 11.2657846029438 47.5378507412217 
LATVEC:
1.000000000000000 0.000000000000000 0.000000000000000 
-0.000130020950961 0.999999991547276 0.000000000000000 
0.000000000000000 -0.000000000000000 1.000000000000000 
FD_GRID: 66 60 252
FD_ORDER: 12
BC: P P D
KPOINT_GRID: 4 4 1
KPOINT_SHIFT: 0 0 0
SPIN_TYP: 0
ELEC_TEMP_TYPE: Gaussian
SMEARING: 0.007349864435
CHEB_DEGREE: 37
NSTATES: 241
EXCHANGE_CORRELATION: HSE
CALC_STRESS: 0
CALC_PRES: 0
CHEFSI_BOUND_FLAG: 0
MAXIT_SCF: 100
MINIT_SCF: 3
MAXIT_POISSON: 3000
TOL_SCF: 1.00E-06
POISSON_SOLVER: AAR
TOL_POISSON: 1.00E-08
TOL_LANCZOS: 1.00E-02
TOL_PSEUDOCHARGE: 1.00E-08
MIXING_VARIABLE: density
MIXING_PRECOND: kerker
TOL_PRECOND: 3.54E-05
PRECOND_KERKER_KTF: 1
PRECOND_KERKER_THRESH: 0.1
MIXING_PARAMETER: 0.3
MIXING_HISTORY: 7
PULAY_FREQUENCY: 1
PULAY_RESTART: 0
REFERENCE_CUTOFF: 0.5
RHO_TRIGGER: 4
FIX_RAND: 0
VERBOSITY: 1
PRINT_FORCES: 1
PRINT_ATOMS: 1
PRINT_EIGEN: 0
PRINT_DENSITY: 0
PRINT_ENERGY_DENSITY: 0
TOL_FOCK: 5.00E-05
TOL_SCF_INIT: 1.00E-04
MAXIT_FOCK: 1000
EXX_METHOD: FOURIER_SPACE
EXX_DIVERGENCE: AUXILIARY
ACE_FLAG: 1
EXX_ACE_MEM: 1
EXX_ACE_VALENCE_STATES: 10000
EXX_DOWNSAMPLING: 1 1 1
EXX_RANGE_FOCK: 0.106000
EXX_RANGE_PBE: 0.106000
OUTPUT_FILE: sprc-calc
***************************************************************************
                                Cell                                       
***************************************************************************
Lattice vectors (Bohr):
12.433882395048860 0.000000000000000 0.000000000000000 
-0.001464788027397 11.265784507717260 0.000000000000000 
0.000000000000000 -0.000000000000000 47.537850741221725 
Volume                  :  6.6589804186E+03 (Bohr^3)
***************************************************************************
                           Parallelization                                 
***************************************************************************
NP_SPIN_PARAL: 1
NP_KPOINT_PARAL: 10
NP_BAND_PARAL: 1
NP_DOMAIN_PARAL: 2 2 6
NP_DOMAIN_PHI_PARAL: 4 4 15
EIG_SERIAL_MAXNS: 1500
***************************************************************************
                             Initialization                                
***************************************************************************
Number of processors               :  240
Mesh spacing in x-direction        :  0.188392 (Bohr)
Mesh spacing in y-direction        :  0.187763 (Bohr)
Mesh spacing in z direction        :  0.188642 (Bohr)
Number of symmetry adapted k-points:  10
Output printed to                  :  sprc-calc.out
Total number of atom types         :  5
Total number of atoms              :  53
Total number of electrons          :  395
Atom type 1  (valence electrons)   :  C 4
Pseudopotential                    :  C.psp8
Pseudocharge radii of atom type 1  :  6.78 6.76 6.79 (x, y, z dir)
Number of atoms of type 1          :  1
Atom type 2  (valence electrons)   :  H 1
Pseudopotential                    :  H.psp8
Pseudocharge radii of atom type 2  :  3.77 3.76 3.77 (x, y, z dir)
Number of atoms of type 2          :  3
Atom type 3  (valence electrons)   :  N 5
Pseudopotential                    :  N.psp8
Pseudocharge radii of atom type 3  :  6.78 6.76 6.79 (x, y, z dir)
Number of atoms of type 3          :  2
Atom type 4  (valence electrons)   :  O 6
Pseudopotential                    :  O.psp8
Pseudocharge radii of atom type 4  :  6.78 6.76 6.79 (x, y, z dir)
Number of atoms of type 4          :  31
Atom type 5  (valence electrons)   :  Ti 12
Pseudopotential                    :  Ti.psp8
Pseudocharge radii of atom type 5  :  6.78 6.76 6.79 (x, y, z dir)
Number of atoms of type 5          :  16
Estimated total memory usage       :  230.79 GB
Estimated memory per processor     :  984.68 MB
===================================================================
                    Self Consistent Field (SCF#1)                     
===================================================================
Iteration     Free Energy (Ha/atom)   SCF Error        Timing (sec)
1            -2.7928142582E+01        1.407E-01        247.713
2            -2.7828413315E+01        6.302E-02        61.918
3            -2.7797423024E+01        3.969E-02        61.930
4            -2.7807314062E+01        2.479E-02        62.148
5            -2.7808436340E+01        1.663E-02        62.127
6            -2.7807774602E+01        8.534E-03        62.133
7            -2.7805283994E+01        4.508E-03        62.103
8            -2.7803689774E+01        2.608E-03        62.037
9            -2.7802855681E+01        1.700E-03        61.972
10           -2.7802053063E+01        1.218E-03        62.124
11           -2.7801636936E+01        8.960E-04        62.658
12           -2.7801376418E+01        5.168E-04        62.271
13           -2.7801343197E+01        3.837E-04        62.122
14           -2.7801287613E+01        2.078E-04        62.637
15           -2.7801227814E+01        1.322E-04        62.036
16           -2.7801200581E+01        9.751E-05        61.467
Total number of SCF: 16    

k = [-0.250, -0.250, 0.000]
Occupation of state 217 = 0.000000000003668.
Occupation of state 241 = 0.000000000000000.

No.1 Exx outer loop: 
1            -2.7604773814E+01        1.405E-02        92.316
2            -2.7596582899E+01        1.384E-02        89.807
3            -2.7597982095E+01        1.283E-02        89.684
4            -2.7600856685E+01        8.917E-03        89.391
5            -2.7604113575E+01        6.697E-03        89.856
6            -2.7605645234E+01        4.236E-03        89.909
7            -2.7606486269E+01        5.435E-03        89.512
8            -2.7606767478E+01        2.446E-03        89.651
9            -2.7606951669E+01        2.835E-03        89.493
10           -2.7606938751E+01        1.758E-03        89.600
11           -2.7606962298E+01        2.088E-03        89.556
12           -2.7606795335E+01        1.108E-03        89.844
13           -2.7606618709E+01        9.989E-04        89.937
14           -2.7606528280E+01        3.951E-04        89.694
15           -2.7606498918E+01        2.867E-04        89.785
16           -2.7606465117E+01        2.131E-04        90.226
17           -2.7606408445E+01        1.340E-04        91.680
18           -2.7606375218E+01        8.603E-05        89.888
19           -2.7606361662E+01        7.017E-05        90.042
20           -2.7606362893E+01        4.092E-05        89.526
21           -2.7606360386E+01        3.612E-05        89.742
22           -2.7606362852E+01        7.075E-05        89.364
23           -2.7606363140E+01        3.603E-05        89.691
24           -2.7606364270E+01        2.483E-05        89.688
25           -2.7606363020E+01        2.095E-05        89.733
26           -2.7606360648E+01        1.002E-05        89.983
27           -2.7606359154E+01        7.747E-06        89.545
28           -2.7606358511E+01        5.615E-06        89.701
29           -2.7606358921E+01        3.222E-06        89.536
30           -2.7606358946E+01        7.040E-06        89.415
31           -2.7606358758E+01        1.540E-06        89.885
32           -2.7606358751E+01        2.156E-06        89.505
33           -2.7606358615E+01        1.940E-06        89.517
34           -2.7606358683E+01        1.261E-06        89.466
35           -2.7606358695E+01        2.012E-06        89.383
36           -2.7606358767E+01        2.122E-06        89.876
37           -2.7606358755E+01        7.043E-07        90.845
Total number of SCF: 37    

k = [-0.250, -0.250, 0.000]
Occupation of state 217 = 0.000000000000003.
Occupation of state 241 = 0.000000000000000.
Exx outer loop error: 6.4854461381e-01 

No.2 Exx outer loop: 
1            -2.7606635489E+01        1.482E-03        92.547
2            -2.7605942437E+01        1.644E-03        90.082
3            -2.7605997820E+01        1.343E-03        89.873
4            -2.7606279575E+01        2.131E-03        89.663
5            -2.7606380448E+01        1.467E-03        89.810
6            -2.7606637699E+01        6.150E-04        89.886
7            -2.7606721571E+01        9.073E-04        90.044
8            -2.7606700599E+01        7.045E-04        90.146
9            -2.7606668841E+01        4.919E-04        89.840
10           -2.7606670696E+01        2.438E-04        90.920
11           -2.7606689679E+01        5.652E-04        91.890
12           -2.7606688421E+01        5.657E-04        90.087
13           -2.7606704937E+01        6.472E-04        90.036
14           -2.7606705573E+01        6.375E-04        90.490
15           -2.7606708646E+01        7.402E-04        89.845
16           -2.7606690124E+01        3.899E-04        89.796
17           -2.7606663458E+01        1.172E-04        89.763
18           -2.7606645697E+01        6.686E-05        89.679
19           -2.7606638804E+01        4.032E-05        89.867
20           -2.7606634101E+01        8.005E-05        90.241
21           -2.7606632859E+01        5.931E-05        89.674
22           -2.7606625368E+01        5.283E-05        89.978
23           -2.7606622414E+01        2.677E-05        89.731
24           -2.7606615630E+01        1.817E-05        89.523
25           -2.7606610637E+01        7.902E-06        89.713
26           -2.7606608157E+01        3.059E-06        89.522
27           -2.7606607941E+01        2.169E-06        89.578
28           -2.7606607490E+01        2.757E-06        89.335
29           -2.7606607508E+01        2.821E-06        89.809
30           -2.7606608150E+01        2.673E-06        91.705
31           -2.7606607701E+01        1.404E-06        91.647
32           -2.7606608077E+01        1.904E-06        89.833
33           -2.7606608053E+01        4.156E-07        89.404
Total number of SCF: 33    

k = [-0.250, -0.250, 0.000]
Occupation of state 217 = 0.000000000000004.
Occupation of state 241 = 0.000000000000000.
Exx outer loop error: 1.1334755014e-02 

No.3 Exx outer loop: 
1            -2.7606635143E+01        2.617E-04        92.596
2            -2.7606567630E+01        3.380E-04        89.604
3            -2.7606609517E+01        3.490E-04        89.788
4            -2.7606640890E+01        5.973E-04        89.902
5            -2.7606653980E+01        3.809E-04        90.218
6            -2.7606650448E+01        1.374E-03        90.185
7            -2.7606678123E+01        1.966E-03        90.227
8            -2.7606634898E+01        1.359E-03        91.883
9            -2.7606667351E+01        1.723E-03        90.089
10           -2.7606719289E+01        2.068E-03        89.859
11           -2.7606646444E+01        1.877E-04        90.022
12           -2.7606655634E+01        7.880E-05        90.067
13           -2.7606653871E+01        1.389E-04        90.261
14           -2.7606643087E+01        4.075E-05        89.918
15           -2.7606631935E+01        4.097E-05        89.706
16           -2.7606630071E+01        2.078E-05        90.071
17           -2.7606628389E+01        1.503E-05        90.527
18           -2.7606626102E+01        1.853E-05        89.875
19           -2.7606624664E+01        1.351E-05        90.700
20           -2.7606623260E+01        7.673E-06        94.797
21           -2.7606622208E+01        6.684E-06        90.301
22           -2.7606619876E+01        7.655E-06        89.879
23           -2.7606618671E+01        2.809E-06        89.727
24           -2.7606616711E+01        3.784E-06        89.629
25           -2.7606616286E+01        1.362E-06        89.793
26           -2.7606615737E+01        1.063E-06        89.893
27           -2.7606615791E+01        2.025E-06        90.661
28           -2.7606615731E+01        4.057E-06        91.920
29           -2.7606615763E+01        6.652E-07        89.853
Total number of SCF: 29    

k = [-0.250, -0.250, 0.000]
Occupation of state 217 = 0.000000000000004.
Occupation of state 241 = 0.000000000000000.
Exx outer loop error: 1.7321618111e-03 

No.4 Exx outer loop: 
1            -2.7606620156E+01        1.171E-04        113.917
2            -2.7606614084E+01        1.645E-04        110.130
3            -2.7606615165E+01        1.791E-04        121.814
4            -2.7606614253E+01        1.351E-04        110.789
5            -2.7606639202E+01        3.525E-05        111.556
6            -2.7606637759E+01        2.312E-05        100.507
7            -2.7606629460E+01        5.011E-05        93.426
8            -2.7606624515E+01        1.228E-05        104.177
9            -2.7606619208E+01        2.403E-05        106.420
10           -2.7606617418E+01        7.112E-06        104.059
11           -2.7606616080E+01        5.463E-06        110.413
12           -2.7606616527E+01        5.262E-06        107.865
13           -2.7606616586E+01        2.121E-06        107.194
14           -2.7606616612E+01        1.570E-06        108.115
15           -2.7606616360E+01        1.712E-06        99.250
16           -2.7606616261E+01        7.497E-07        102.368
Total number of SCF: 16    

k = [-0.250, -0.250, 0.000]
Occupation of state 217 = 0.000000000000004.
Occupation of state 241 = 0.000000000000000.
Exx outer loop error: 4.0579522174e-04 

No.5 Exx outer loop: 
1            -2.7606616919E+01        7.525E-05        84.641
2            -2.7606617133E+01        7.652E-05        79.920
3            -2.7606614158E+01        2.934E-05        86.391
4            -2.7606615934E+01        1.468E-05        79.889
5            -2.7606616266E+01        1.206E-05        79.822
6            -2.7606616214E+01        5.628E-06        81.123
7            -2.7606616305E+01        3.359E-06        80.947
8            -2.7606616502E+01        3.876E-06        104.778
9            -2.7606616567E+01        3.342E-06        80.212
10           -2.7606616705E+01        2.346E-06        79.618
11           -2.7606616648E+01        4.347E-06        79.726
12           -2.7606616623E+01        1.751E-06        79.751
13           -2.7606616530E+01        1.141E-06        80.046
14           -2.7606616414E+01        9.911E-07        79.594
Total number of SCF: 14    

k = [-0.250, -0.250, 0.000]
Occupation of state 217 = 0.000000000000004.
Occupation of state 241 = 0.000000000000000.
Exx outer loop error: 4.8528511128e-06 
====================================================================
                    Energy and force calculation                    
====================================================================
Free energy per atom               : -2.7606614948E+01 (Ha/atom)
Total free energy                  : -1.4631505923E+03 (Ha)
Band structure energy              : -3.7589419549E+02 (Ha)
Exchange correlation energy        : -1.6766166724E+02 (Ha)
Self and correction energy         : -1.9330898826E+03 (Ha)
Entropy*kb*T                       : -6.1353520289E-03 (Ha)
Fermi level                        : -1.6400283447E-01 (Ha)
RMS force                          :  1.8749418765E-02 (Ha/Bohr)
Maximum force                      :  9.9641199241E-02 (Ha/Bohr)
Time for force calculation         :  0.976 (sec)
***************************************************************************
                               Timing info                                 
***************************************************************************
Total walltime                     :  35362.095 sec
___________________________________________________________________________

***************************************************************************
*             Material Physics & Mechanics Group, Georgia Tech            *
*                       PI: Phanish Suryanarayana                         *
*                Main Developers: Qimen Xu, Abhiraj Sharma                *
*     Collaborators: J.E. Pask (LLNL), A.J. Medford (GT), E. Chow (GT)    *
*  Acknowledgements: U.S. DOE (DE-SC0019410); U.S. NSF (1333500,1553212)  *
***************************************************************************
                                                                           

***************************************************************************
*                       SPARC (version Nov 19, 2021)                      *
*   Copyright (c) 2020 Material Physics & Mechanics Group, Georgia Tech   *
*           Distributed under GNU General Public License 3 (GPL)          *
*                   Start time: Tue Dec 14 14:44:54 2021                  *
***************************************************************************
                           Input parameters                                
***************************************************************************
CELL: 12.4338823950489 11.2657846029438 47.5378507412217 
LATVEC:
1.000000000000000 0.000000000000000 0.000000000000000 
-0.000130020950961 0.999999991547276 0.000000000000000 
0.000000000000000 -0.000000000000000 1.000000000000000 
FD_GRID: 66 60 252
FD_ORDER: 12
BC: P P D
KPOINT_GRID: 4 4 1
KPOINT_SHIFT: 0 0 0
SPIN_TYP: 1
ELEC_TEMP_TYPE: Gaussian
SMEARING: 0.007349864435
CHEB_DEGREE: 37
NSTATES: 241
EXCHANGE_CORRELATION: HSE
CALC_STRESS: 0
CALC_PRES: 0
CHEFSI_BOUND_FLAG: 0
MAXIT_SCF: 100
MINIT_SCF: 3
MAXIT_POISSON: 3000
TOL_SCF: 1.00E-06
POISSON_SOLVER: AAR
TOL_POISSON: 1.00E-08
TOL_LANCZOS: 1.00E-02
TOL_PSEUDOCHARGE: 1.00E-08
MIXING_VARIABLE: density
MIXING_PRECOND: kerker
MIXING_PRECOND_MAG: none
TOL_PRECOND: 3.54E-05
PRECOND_KERKER_KTF: 1
PRECOND_KERKER_THRESH: 0.1
MIXING_PARAMETER: 0.3
MIXING_PARAMETER_MAG: 0.3
MIXING_HISTORY: 7
PULAY_FREQUENCY: 1
PULAY_RESTART: 0
REFERENCE_CUTOFF: 0.5
RHO_TRIGGER: 4
FIX_RAND: 0
VERBOSITY: 1
PRINT_FORCES: 1
PRINT_ATOMS: 1
PRINT_EIGEN: 1
PRINT_DENSITY: 0
PRINT_ENERGY_DENSITY: 0
TOL_FOCK: 5.00E-05
TOL_SCF_INIT: 1.00E-04
MAXIT_FOCK: 1000
EXX_METHOD: FOURIER_SPACE
EXX_DIVERGENCE: AUXILIARY
ACE_FLAG: 1
EXX_ACE_MEM: 1
EXX_ACE_VALENCE_STATES: 10000
EXX_DOWNSAMPLING: 1 1 1
EXX_RANGE_FOCK: 0.106000
EXX_RANGE_PBE: 0.106000
OUTPUT_FILE: sprc-calc
***************************************************************************
                                Cell                                       
***************************************************************************
Lattice vectors (Bohr):
12.433882395048860 0.000000000000000 0.000000000000000 
-0.001464788027397 11.265784507717260 0.000000000000000 
0.000000000000000 -0.000000000000000 47.537850741221725 
Volume                  :  6.6589804186E+03 (Bohr^3)
***************************************************************************
                           Parallelization                                 
***************************************************************************
NP_SPIN_PARAL: 2
NP_KPOINT_PARAL: 10
NP_BAND_PARAL: 1
NP_DOMAIN_PARAL: 2 1 8
NP_DOMAIN_PHI_PARAL: 4 4 21
EIG_SERIAL_MAXNS: 1500
***************************************************************************
                             Initialization                                
***************************************************************************
Number of processors               :  336
Mesh spacing in x-direction        :  0.188392 (Bohr)
Mesh spacing in y-direction        :  0.187763 (Bohr)
Mesh spacing in z direction        :  0.188642 (Bohr)
Number of symmetry adapted k-points:  10
Output printed to                  :  sprc-calc.out_01
Final eigenvalues printed to       :  sprc-calc.eigen_01
Total number of atom types         :  5
Total number of atoms              :  53
Total number of electrons          :  395
Atom type 1  (valence electrons)   :  C 4
Pseudopotential                    :  C.psp8
Pseudocharge radii of atom type 1  :  6.78 6.76 6.79 (x, y, z dir)
Number of atoms of type 1          :  1
Atom type 2  (valence electrons)   :  H 1
Pseudopotential                    :  H.psp8
Pseudocharge radii of atom type 2  :  3.77 3.76 3.77 (x, y, z dir)
Number of atoms of type 2          :  3
Atom type 3  (valence electrons)   :  N 5
Pseudopotential                    :  N.psp8
Pseudocharge radii of atom type 3  :  6.78 6.76 6.79 (x, y, z dir)
Number of atoms of type 3          :  2
Atom type 4  (valence electrons)   :  O 6
Pseudopotential                    :  O.psp8
Pseudocharge radii of atom type 4  :  6.78 6.76 6.79 (x, y, z dir)
Number of atoms of type 4          :  31
Atom type 5  (valence electrons)   :  Ti 12
Pseudopotential                    :  Ti.psp8
Pseudocharge radii of atom type 5  :  6.78 6.76 6.79 (x, y, z dir)
Number of atoms of type 5          :  16
Estimated total memory usage       :  452.57 GB
Estimated memory per processor     :  1.35 GB
========================================================================================
                    Self Consistent Field (SCF#1)                     
========================================================================================
Iteration     Free Energy (Ha/atom)    Magnetization     SCF Error        Timing (sec)
1            -2.7709709938E+01        -5.4861E+00        4.536E-01        322.935
2            -2.8961223296E+01         1.2991E+01        4.212E-01        81.715
3            -2.7879248970E+01        -5.4018E+00        3.372E-01        80.573
4            -2.7918750091E+01         4.6373E+00        2.609E-01        80.261
5            -2.7969277702E+01        -1.0261E+01        2.383E-01        80.360
6            -2.7936295980E+01         4.4144E-01        1.557E-01        80.268
7            -2.7934971660E+01         3.1338E+00        1.233E-01        80.206
8            -2.7909023740E+01        -4.8923E-02        1.012E-01        80.578
9            -2.7908911387E+01        -3.3934E-01        8.350E-02        80.032
10           -2.7892505367E+01         3.5477E-01        7.752E-02        81.127
11           -2.7874667162E+01         4.3990E-01        5.230E-02        80.590
12           -2.7871193878E+01         1.2372E-01        4.642E-02        80.030
13           -2.7861197970E+01        -4.9839E-01        3.721E-02        80.609
14           -2.7854436282E+01        -4.0013E-01        3.217E-02        81.119
15           -2.7843062166E+01        -4.2768E-01        2.396E-02        81.477
16           -2.7831984794E+01        -3.9372E-01        1.843E-02        81.147
17           -2.7818636471E+01        -3.7101E-01        1.203E-02        81.710
18           -2.7815103282E+01        -1.9306E-01        3.142E-02        80.948
19           -2.7813761257E+01        -2.2549E-01        2.709E-02        86.209
20           -2.7814354838E+01        -2.2031E-01        2.793E-02        80.672
21           -2.7812047446E+01        -2.2089E-01        2.421E-02        80.626
22           -2.7809276937E+01        -1.7593E-01        1.625E-02        80.871
23           -2.7808366860E+01        -1.6731E-01        1.377E-02        80.540
24           -2.7807383180E+01        -1.6489E-01        1.305E-02        80.784
25           -2.7805951213E+01        -1.6736E-01        1.112E-02        81.265
26           -2.7806103794E+01        -1.8439E-01        7.737E-03        80.625
27           -2.7806227897E+01        -1.8957E-01        6.569E-03        81.216
28           -2.7805532262E+01        -1.5238E-01        6.315E-03        81.824
29           -2.7804859456E+01        -1.4672E-01        6.622E-03        81.622
30           -2.7803861465E+01        -1.1639E-01        3.222E-03        81.325
31           -2.7803574539E+01        -1.1345E-01        2.493E-03        81.161
32           -2.7803037002E+01        -1.0663E-01        2.188E-03        81.282
33           -2.7802423935E+01        -9.4072E-02        1.510E-03        80.761
34           -2.7801847134E+01        -7.8629E-02        1.101E-03        81.233
35           -2.7801550299E+01        -6.1113E-02        1.251E-03        80.683
36           -2.7801477480E+01        -5.9942E-02        8.415E-04        80.644
37           -2.7801437268E+01        -6.7471E-02        4.366E-04        81.139
38           -2.7801363057E+01        -7.5997E-02        7.360E-04        80.748
39           -2.7801340487E+01        -6.7719E-02        4.612E-04        81.304
40           -2.7801253491E+01        -7.5376E-02        1.973E-04        81.345
41           -2.7801215282E+01        -8.0675E-02        3.253E-04        81.920
42           -2.7801177402E+01        -8.3064E-02        1.469E-04        82.721
43           -2.7801170884E+01        -8.5966E-02        1.602E-04        81.500
44           -2.7801160408E+01        -8.7331E-02        7.348E-05        81.145
Total number of SCF: 44    

k = [-0.250, -0.250, 0.000]
Occupation of state 217 = 0.000000000001885.
Occupation of state 241 = 0.000000000000000.

No.1 Exx outer loop: 
1            -2.7604958367E+01        -2.1278E-01        1.405E-02        125.616
2            -2.7596728793E+01        -1.8351E-01        1.360E-02        121.627
3            -2.7602231426E+01        -2.7197E-01        2.703E-02        121.917
4            -2.7599188867E+01        -1.0292E-01        1.073E-02        121.116
5            -2.7603582860E+01        -1.1305E-01        7.491E-03        121.386
6            -2.7606133642E+01        -9.9705E-02        6.225E-03        121.166
7            -2.7607189055E+01        -1.3645E-01        5.513E-03        121.089
8            -2.7607497250E+01        -1.4016E-01        4.812E-03        121.672
9            -2.7606932839E+01        -1.6138E-01        3.952E-03        121.218
10           -2.7607229235E+01        -1.8438E-01        2.964E-03        121.584
11           -2.7607083151E+01        -2.1430E-01        1.982E-03        121.487
12           -2.7606794368E+01        -3.0931E-01        1.061E-03        121.130
13           -2.7606722333E+01        -2.8273E-01        7.135E-04        120.994
14           -2.7606634367E+01        -3.0810E-01        4.290E-04        120.879
15           -2.7606585596E+01        -3.0676E-01        2.596E-04        122.236
16           -2.7606544313E+01        -3.1667E-01        3.292E-04        121.673
17           -2.7606517564E+01        -3.1448E-01        1.546E-04        122.077
18           -2.7606474139E+01        -3.1727E-01        9.991E-05        122.773
19           -2.7606431804E+01        -3.1987E-01        5.882E-05        122.025
20           -2.7606410378E+01        -3.1765E-01        9.146E-05        122.128
21           -2.7606399465E+01        -3.1932E-01        3.327E-05        121.452
22           -2.7606390476E+01        -3.1758E-01        4.115E-05        121.611
23           -2.7606388975E+01        -3.2204E-01        1.460E-04        121.614
24           -2.7606384739E+01        -3.1641E-01        4.193E-05        122.104
25           -2.7606381744E+01        -3.1608E-01        3.702E-05        121.863
26           -2.7606378475E+01        -3.1610E-01        2.919E-05        122.230
27           -2.7606374989E+01        -3.1616E-01        2.573E-05        121.654
28           -2.7606372185E+01        -3.1636E-01        1.435E-05        121.737
29           -2.7606372288E+01        -3.1717E-01        1.927E-05        121.718
30           -2.7606371064E+01        -3.1607E-01        1.489E-05        121.510
31           -2.7606370835E+01        -3.1618E-01        7.511E-06        122.116
32           -2.7606370507E+01        -3.1611E-01        5.083E-06        122.998
33           -2.7606370472E+01        -3.1651E-01        1.084E-05        121.676
34           -2.7606369658E+01        -3.1613E-01        3.245E-06        121.404
35           -2.7606368959E+01        -3.1604E-01        3.156E-06        122.169
36           -2.7606368756E+01        -3.1610E-01        4.886E-07        122.534
Total number of SCF: 36    

k = [-0.250, -0.250, 0.000]
Occupation of state 217 = 0.000000000000001.
Occupation of state 241 = 0.000000000000000.
Exx outer loop error: 6.5474875581e-01 

No.2 Exx outer loop: 
1            -2.7606690719E+01        -6.0345E-01        3.910E-03        128.938
2            -2.7606384659E+01        -5.1261E-01        2.249E-03        121.808
3            -2.7606598608E+01        -6.0930E-01        1.476E-03        122.090
4            -2.7606822699E+01        -6.2184E-01        1.067E-03        121.979
5            -2.7606974340E+01        -5.9864E-01        5.521E-04        121.890
6            -2.7606958507E+01        -6.0107E-01        4.774E-04        121.875
7            -2.7606885577E+01        -6.1433E-01        4.982E-04        121.830
8            -2.7606776247E+01        -6.1155E-01        2.314E-04        121.877
9            -2.7606766224E+01        -6.0325E-01        1.291E-04        122.951
10           -2.7606755121E+01        -6.0366E-01        1.128E-04        122.487
11           -2.7606703398E+01        -6.0136E-01        1.271E-04        121.550
12           -2.7606694734E+01        -6.0211E-01        9.436E-05        121.911
13           -2.7606672906E+01        -6.0195E-01        5.967E-05        121.435
14           -2.7606660188E+01        -6.0221E-01        2.890E-05        121.746
15           -2.7606651485E+01        -6.0227E-01        1.581E-05        122.042
16           -2.7606648739E+01        -6.0228E-01        1.141E-05        124.192
17           -2.7606646906E+01        -6.0183E-01        1.193E-05        122.378
18           -2.7606647605E+01        -6.0216E-01        6.218E-06        121.673
19           -2.7606649190E+01        -6.0257E-01        9.921E-06        122.368
20           -2.7606647968E+01        -6.0210E-01        5.664E-06        121.528
21           -2.7606648041E+01        -6.0218E-01        3.080E-06        121.597
22           -2.7606648132E+01        -6.0237E-01        2.670E-06        122.573
23           -2.7606647713E+01        -6.0268E-01        6.143E-06        122.509
24           -2.7606647492E+01        -6.0250E-01        2.208E-06        122.039
25           -2.7606647588E+01        -6.0262E-01        3.958E-06        121.335
26           -2.7606647504E+01        -6.0255E-01        2.193E-06        121.568
27           -2.7606647621E+01        -6.0244E-01        1.405E-06        121.117
28           -2.7606647829E+01        -6.0249E-01        1.065E-06        121.745
29           -2.7606648007E+01        -6.0251E-01        8.699E-07        121.388
Total number of SCF: 29    

k = [-0.250, -0.250, 0.000]
Occupation of state 217 = 0.000000000000000.
Occupation of state 241 = 0.000000000000000.
Exx outer loop error: 1.4650058214e-02 

No.3 Exx outer loop: 
1            -2.7606746397E+01        -8.3700E-01        4.246E-03        127.089
2            -2.7606979634E+01        -6.9497E-01        1.576E-03        121.870
3            -2.7607064033E+01        -8.7796E-01        3.151E-03        122.115
4            -2.7607010373E+01        -8.3329E-01        1.723E-03        122.352
5            -2.7607041277E+01        -7.4342E-01        6.844E-04        121.534
6            -2.7607052442E+01        -7.3665E-01        5.138E-04        122.656
7            -2.7607036736E+01        -7.3749E-01        5.103E-04        123.101
8            -2.7606994533E+01        -7.6025E-01        2.702E-04        121.812
9            -2.7606934454E+01        -7.4081E-01        2.963E-04        121.859
10           -2.7606861556E+01        -7.5616E-01        2.443E-04        121.937
11           -2.7606833441E+01        -7.4295E-01        1.436E-04        121.814
12           -2.7606767409E+01        -7.4396E-01        8.266E-05        122.033
13           -2.7606735772E+01        -7.4010E-01        1.293E-04        122.578
14           -2.7606714778E+01        -7.4141E-01        6.112E-05        121.734
15           -2.7606698200E+01        -7.4189E-01        2.371E-05        122.078
16           -2.7606696858E+01        -7.4271E-01        3.023E-05        121.779
17           -2.7606697020E+01        -7.4199E-01        1.351E-05        121.969
18           -2.7606699899E+01        -7.4205E-01        7.656E-06        123.124
19           -2.7606699446E+01        -7.4192E-01        7.131E-06        121.884
20           -2.7606699412E+01        -7.4203E-01        4.132E-06        121.867
21           -2.7606697790E+01        -7.4214E-01        3.334E-06        131.328
22           -2.7606697326E+01        -7.4205E-01        2.262E-06        132.815
23           -2.7606696932E+01        -7.4210E-01        1.498E-06        130.272
24           -2.7606697446E+01        -7.4199E-01        2.887E-06        130.510
25           -2.7606696842E+01        -7.4210E-01        1.048E-06        130.337
26           -2.7606696877E+01        -7.4210E-01        8.651E-07        130.076
Total number of SCF: 26    

k = [-0.250, -0.250, 0.000]
Occupation of state 217 = 0.000000000000000.
Occupation of state 241 = 0.000000000000000.
Exx outer loop error: 8.0923361935e-03 

No.4 Exx outer loop: 
1            -2.7606749363E+01        -8.4111E-01        2.818E-03        136.599
2            -2.7606847365E+01        -7.5173E-01        9.225E-04        130.335
3            -2.7606923276E+01        -8.2371E-01        9.576E-04        131.154
4            -2.7606977854E+01        -7.6994E-01        7.262E-04        129.968
5            -2.7606868271E+01        -7.6232E-01        5.120E-04        130.729
6            -2.7606774704E+01        -8.1012E-01        6.583E-04        131.258
7            -2.7606765053E+01        -7.7416E-01        1.242E-04        129.788
8            -2.7606740832E+01        -7.7454E-01        7.855E-05        130.049
9            -2.7606733730E+01        -7.6677E-01        1.948E-04        130.407
10           -2.7606730969E+01        -7.7616E-01        4.352E-05        130.837
11           -2.7606732662E+01        -7.7464E-01        2.604E-05        129.931
12           -2.7606734358E+01        -7.7630E-01        1.728E-05        131.037
13           -2.7606730004E+01        -7.7549E-01        3.197E-05        130.740
14           -2.7606723269E+01        -7.7646E-01        7.305E-06        130.011
15           -2.7606721962E+01        -7.7694E-01        6.646E-06        131.757
16           -2.7606720750E+01        -7.7687E-01        5.934E-06        130.277
17           -2.7606720141E+01        -7.7661E-01        1.320E-06        130.161
18           -2.7606719489E+01        -7.7668E-01        1.610E-06        129.957
19           -2.7606719225E+01        -7.7671E-01        1.575E-06        130.009
20           -2.7606719081E+01        -7.7662E-01        7.542E-07        129.877
Total number of SCF: 20    

k = [-0.250, -0.250, 0.000]
Occupation of state 217 = 0.000000000000000.
Occupation of state 241 = 0.000000000000000.
Exx outer loop error: 5.0760371795e-03 

No.5 Exx outer loop: 
1            -2.7606746909E+01        -8.1206E-01        1.733E-03        135.141
2            -2.7606775397E+01        -7.7237E-01        6.053E-04        130.226
3            -2.7606820492E+01        -8.3617E-01        1.402E-03        130.559
4            -2.7606881065E+01        -8.0347E-01        5.037E-04        130.748
5            -2.7606842775E+01        -7.8136E-01        2.407E-04        130.887
6            -2.7606795760E+01        -7.9822E-01        2.913E-04        130.751
7            -2.7606780604E+01        -7.8690E-01        5.006E-05        129.820
8            -2.7606772482E+01        -7.8600E-01        4.002E-05        131.335
9            -2.7606758542E+01        -7.8471E-01        2.880E-05        131.059
10           -2.7606743309E+01        -7.8467E-01        1.695E-05        130.253
11           -2.7606738287E+01        -7.8467E-01        1.388E-05        134.432
12           -2.7606735693E+01        -7.8446E-01        6.109E-06        130.366
13           -2.7606734442E+01        -7.8440E-01        4.481E-06        132.089
14           -2.7606733489E+01        -7.8453E-01        3.234E-06        130.984
15           -2.7606731661E+01        -7.8429E-01        4.589E-06        130.130
16           -2.7606731262E+01        -7.8433E-01        2.262E-06        130.261
17           -2.7606730611E+01        -7.8441E-01        1.256E-06        130.069
18           -2.7606730221E+01        -7.8442E-01        1.383E-06        130.805
19           -2.7606729832E+01        -7.8435E-01        7.322E-07        129.897
Total number of SCF: 19    

k = [-0.250, -0.250, 0.000]
Occupation of state 217 = 0.000000000000000.
Occupation of state 241 = 0.000000000000000.
Exx outer loop error: 3.5724662327e-03 

No.6 Exx outer loop: 
1            -2.7606746141E+01        -8.0036E-01        1.053E-03        135.395
2            -2.7606756550E+01        -7.8172E-01        4.077E-04        130.405
3            -2.7606873556E+01        -8.0039E-01        3.409E-04        131.030
4            -2.7606901546E+01        -7.9896E-01        4.143E-04        131.015
5            -2.7606876645E+01        -7.7933E-01        5.107E-04        130.605
6            -2.7606915337E+01        -7.8379E-01        2.982E-04        130.808
7            -2.7606878539E+01        -7.8890E-01        1.871E-04        130.799
8            -2.7606822469E+01        -7.8388E-01        2.172E-04        130.798
9            -2.7606801803E+01        -7.8564E-01        1.273E-04        130.863
10           -2.7606787774E+01        -7.8661E-01        6.261E-05        130.252
11           -2.7606767464E+01        -7.8717E-01        2.735E-05        130.332
12           -2.7606749410E+01        -7.8734E-01        1.540E-05        133.153
13           -2.7606742682E+01        -7.8711E-01        1.090E-05        130.062
14           -2.7606740499E+01        -7.8671E-01        1.266E-05        130.788
15           -2.7606739279E+01        -7.8679E-01        4.834E-06        130.678
16           -2.7606738489E+01        -7.8676E-01        4.250E-06        130.477
17           -2.7606738063E+01        -7.8676E-01        3.492E-06        130.431
18           -2.7606737152E+01        -7.8678E-01        2.698E-06        130.480
19           -2.7606737161E+01        -7.8675E-01        2.093E-06        130.363
20           -2.7606736917E+01        -7.8676E-01        1.566E-06        130.759
21           -2.7606737205E+01        -7.8674E-01        1.248E-06        130.240
22           -2.7606736654E+01        -7.8677E-01        1.115E-06        129.974
23           -2.7606736584E+01        -7.8675E-01        6.452E-07        130.159
Total number of SCF: 23    

k = [-0.250, -0.250, 0.000]
Occupation of state 217 = 0.000000000000000.
Occupation of state 241 = 0.000000000000000.
Exx outer loop error: 2.3272923043e-03 

No.7 Exx outer loop: 
1            -2.7606746276E+01        -7.9797E-01        6.106E-04        135.865
2            -2.7606752804E+01        -7.8717E-01        2.389E-04        129.993
3            -2.7606804522E+01        -8.1838E-01        7.853E-04        130.750
4            -2.7606786220E+01        -8.0301E-01        3.255E-04        130.702
5            -2.7606794657E+01        -8.0128E-01        2.386E-04        130.327
6            -2.7606779777E+01        -7.9655E-01        1.173E-04        131.598
7            -2.7606754402E+01        -7.9113E-01        5.182E-05        130.601
8            -2.7606742384E+01        -7.9261E-01        3.663E-05        131.485
9            -2.7606738698E+01        -7.8984E-01        5.165E-05        130.189
10           -2.7606736298E+01        -7.9009E-01        2.966E-05        130.038
11           -2.7606737295E+01        -7.8994E-01        1.866E-05        130.034
12           -2.7606736196E+01        -7.8989E-01        1.435E-05        129.925
13           -2.7606737076E+01        -7.8991E-01        8.873E-06        130.883
14           -2.7606737829E+01        -7.8961E-01        1.475E-05        130.062
15           -2.7606738132E+01        -7.8983E-01        6.319E-06        130.509
16           -2.7606738410E+01        -7.8965E-01        1.023E-05        130.684
17           -2.7606738838E+01        -7.8979E-01        5.157E-06        130.434
18           -2.7606738929E+01        -7.8987E-01        2.869E-06        130.445
19           -2.7606738959E+01        -7.8985E-01        3.019E-06        130.571
20           -2.7606739027E+01        -7.8979E-01        3.880E-06        130.323
21           -2.7606739072E+01        -7.8983E-01        2.077E-06        130.461
22           -2.7606739109E+01        -7.8987E-01        6.921E-07        131.417
Total number of SCF: 22    

k = [-0.250, -0.250, 0.000]
Occupation of state 217 = 0.000000000000000.
Occupation of state 241 = 0.000000000000000.
Exx outer loop error: 7.9907932976e-04 

No.8 Exx outer loop: 
1            -2.7606744027E+01        -7.9871E-01        3.395E-04        135.866
2            -2.7606749955E+01        -7.9230E-01        1.294E-04        130.289
3            -2.7606765991E+01        -7.8754E-01        1.392E-04        132.353
4            -2.7606785365E+01        -7.9373E-01        1.166E-04        131.116
5            -2.7606779693E+01        -7.9405E-01        6.593E-05        132.844
6            -2.7606769074E+01        -7.9401E-01        4.318E-05        131.561
7            -2.7606759592E+01        -7.9483E-01        3.661E-05        131.882
8            -2.7606755398E+01        -7.9480E-01        2.102E-05        130.777
9            -2.7606750674E+01        -7.9445E-01        1.134E-05        130.737
10           -2.7606747103E+01        -7.9441E-01        7.262E-06        132.030
11           -2.7606745389E+01        -7.9437E-01        7.182E-06        131.904
12           -2.7606742167E+01        -7.9428E-01        4.393E-06        131.225
13           -2.7606741312E+01        -7.9423E-01        2.824E-06        130.735
14           -2.7606740962E+01        -7.9434E-01        3.266E-06        130.489
15           -2.7606740156E+01        -7.9428E-01        2.717E-06        130.802
16           -2.7606740883E+01        -7.9441E-01        2.085E-06        130.690
17           -2.7606740235E+01        -7.9429E-01        2.896E-06        131.661
18           -2.7606740725E+01        -7.9434E-01        1.205E-06        131.776
19           -2.7606740773E+01        -7.9440E-01        1.197E-06        130.866
20           -2.7606740691E+01        -7.9435E-01        4.635E-07        130.691
Total number of SCF: 20    

k = [-0.250, -0.250, 0.000]
Occupation of state 217 = 0.000000000000000.
Occupation of state 241 = 0.000000000000000.
Exx outer loop error: 5.3372858125e-04 

No.9 Exx outer loop: 
1            -2.7606743390E+01        -8.0101E-01        1.856E-04        135.487
2            -2.7606747724E+01        -7.9768E-01        7.295E-05        132.677
3            -2.7606752241E+01        -8.0054E-01        5.794E-05        132.256
4            -2.7606758220E+01        -7.9906E-01        4.594E-05        130.920
5            -2.7606758804E+01        -7.9885E-01        4.501E-05        130.618
6            -2.7606757235E+01        -7.9930E-01        2.613E-05        131.514
7            -2.7606755023E+01        -7.9946E-01        1.551E-05        130.384
8            -2.7606750352E+01        -7.9949E-01        9.396E-06        130.874
9            -2.7606745792E+01        -7.9953E-01        6.146E-06        131.300
10           -2.7606743467E+01        -7.9939E-01        4.213E-06        130.705
11           -2.7606743097E+01        -7.9940E-01        2.679E-06        130.684
12           -2.7606742849E+01        -7.9933E-01        2.537E-06        130.539
13           -2.7606741864E+01        -7.9929E-01        2.362E-06        130.728
14           -2.7606741614E+01        -7.9932E-01        7.839E-07        130.126
Total number of SCF: 14    

k = [-0.250, -0.250, 0.000]
Occupation of state 217 = 0.000000000000000.
Occupation of state 241 = 0.000000000000000.
Exx outer loop error: 7.0763661202e-04 

No.10 Exx outer loop: 
1            -2.7606742885E+01        -8.0391E-01        9.169E-05        134.502
2            -2.7606745493E+01        -8.0332E-01        4.941E-05        129.884
3            -2.7606746128E+01        -8.0304E-01        5.257E-05        129.759
4            -2.7606764740E+01        -8.0336E-01        2.612E-05        122.627
5            -2.7606758803E+01        -8.0413E-01        2.437E-05        122.766
6            -2.7606751499E+01        -8.0431E-01        1.091E-05        123.796
7            -2.7606745676E+01        -8.0419E-01        6.498E-06        123.834
8            -2.7606742954E+01        -8.0415E-01        5.487E-06        124.106
9            -2.7606742623E+01        -8.0421E-01        3.421E-06        123.680
10           -2.7606741987E+01        -8.0410E-01        3.901E-06        123.337
11           -2.7606742070E+01        -8.0416E-01        1.632E-06        123.096
12           -2.7606741886E+01        -8.0420E-01        1.072E-06        122.443
13           -2.7606741844E+01        -8.0424E-01        1.105E-06        122.274
14           -2.7606742001E+01        -8.0419E-01        1.598E-06        122.579
15           -2.7606741820E+01        -8.0419E-01        1.407E-06        123.017
16           -2.7606741781E+01        -8.0422E-01        5.093E-07        123.150
Total number of SCF: 16    

k = [-0.250, -0.250, 0.000]
Occupation of state 217 = 0.000000000000000.
Occupation of state 241 = 0.000000000000000.
Exx outer loop error: 1.5970661880e-05 
====================================================================
                    Energy and force calculation                    
====================================================================
Free energy per atom               : -2.7606740820E+01 (Ha/atom)
Total free energy                  : -1.4631572634E+03 (Ha)
Band structure energy              : -3.7713489462E+02 (Ha)
Exchange correlation energy        : -1.6766367417E+02 (Ha)
Self and correction energy         : -1.9330898825E+03 (Ha)
Entropy*kb*T                       : -3.1158921317E-03 (Ha)
Fermi level                        : -1.7284380459E-01 (Ha)
RMS force                          :  1.8939496717E-02 (Ha/Bohr)
Maximum force                      :  1.0494194431E-01 (Ha/Bohr)
Time for force calculation         :  1.699 (sec)
***************************************************************************
                               Timing info                                 
***************************************************************************
Total walltime                     :  98352.808 sec
___________________________________________________________________________

***************************************************************************
*             Material Physics & Mechanics Group, Georgia Tech            *
*                       PI: Phanish Suryanarayana                         *
*                Main Developers: Qimen Xu, Abhiraj Sharma                *
*     Collaborators: J.E. Pask (LLNL), A.J. Medford (GT), E. Chow (GT)    *
*  Acknowledgements: U.S. DOE (DE-SC0019410); U.S. NSF (1333500,1553212)  *
***************************************************************************
                                                                           
