***************************************************************************
*                       SPARC (version Dec 27, 2021)                      *
*   Copyright (c) 2020 Material Physics & Mechanics Group, Georgia Tech   *
*           Distributed under GNU General Public License 3 (GPL)          *
*                   Start time: Sun Jan 16 17:01:57 2022                  *
***************************************************************************
                           Input parameters                                
***************************************************************************
CELL: 12.4338823950489 16.8986769044157 47.5378507412217 
LATVEC:
1.000000000000000 0.000000000000000 0.000000000000000 
-0.000130020950961 0.999999991547276 0.000000000000000 
0.000000000000000 -0.000000000000000 1.000000000000000 
FD_GRID: 66 89 252
FD_ORDER: 12
BC: P P D
KPOINT_GRID: 2 2 1
KPOINT_SHIFT: 0 0 0
SPIN_TYP: 1
ELEC_TEMP_TYPE: Gaussian
SMEARING: 0.007349864435
CHEB_DEGREE: 37
NSTATES: 270
EXCHANGE_CORRELATION: HSE
CALC_STRESS: 0
CALC_PRES: 0
CHEFSI_BOUND_FLAG: 0
MAXIT_SCF: 100
MINIT_SCF: 3
MAXIT_POISSON: 3000
TOL_SCF: 1.00E-06
POISSON_SOLVER: AAR
TOL_POISSON: 1.00E-08
TOL_LANCZOS: 1.00E-02
TOL_PSEUDOCHARGE: 1.00E-08
MIXING_VARIABLE: density
MIXING_PRECOND: kerker
MIXING_PRECOND_MAG: none
TOL_PRECOND: 3.57E-05
PRECOND_KERKER_KTF: 1
PRECOND_KERKER_THRESH: 0.1
MIXING_PARAMETER: 0.3
MIXING_PARAMETER_MAG: 0.3
MIXING_HISTORY: 7
PULAY_FREQUENCY: 1
PULAY_RESTART: 0
REFERENCE_CUTOFF: 0.5
RHO_TRIGGER: 4
FIX_RAND: 0
VERBOSITY: 1
PRINT_FORCES: 1
PRINT_ATOMS: 1
PRINT_EIGEN: 1
PRINT_DENSITY: 0
PRINT_ENERGY_DENSITY: 0
TOL_FOCK: 5.00E-05
TOL_SCF_INIT: 1.00E-04
MAXIT_FOCK: 1000
EXX_METHOD: FOURIER_SPACE
EXX_DIVERGENCE: AUXILIARY
ACE_FLAG: 1
EXX_ACE_MEM: 1
EXX_ACE_VALENCE_STATES: 10000
EXX_DOWNSAMPLING: 1 1 1
EXX_RANGE_FOCK: 0.106000
EXX_RANGE_PBE: 0.106000
OUTPUT_FILE: sprc-calc
***************************************************************************
                                Cell                                       
***************************************************************************
Lattice vectors (Bohr):
12.433882395048860 0.000000000000000 0.000000000000000 
-0.002197182041095 16.898676761575889 0.000000000000000 
0.000000000000000 -0.000000000000000 47.537850741221725 
Volume                  :  9.9884706279E+03 (Bohr^3)
***************************************************************************
                           Parallelization                                 
***************************************************************************
NP_SPIN_PARAL: 2
NP_KPOINT_PARAL: 4
NP_BAND_PARAL: 1
NP_DOMAIN_PARAL: 2 3 7
NP_DOMAIN_PHI_PARAL: 4 6 14
EIG_SERIAL_MAXNS: 1500
***************************************************************************
                             Initialization                                
***************************************************************************
Number of processors               :  336
Mesh spacing in x-direction        :  0.188392 (Bohr)
Mesh spacing in y-direction        :  0.189873 (Bohr)
Mesh spacing in z direction        :  0.188642 (Bohr)
Number of symmetry adapted k-points:  4
Output printed to                  :  sprc-calc.out
Final eigenvalues printed to       :  sprc-calc.eigen
Total number of atom types         :  4
Total number of atoms              :  61
Total number of electrons          :  442
Atom type 1  (valence electrons)   :  H 1
Pseudopotential                    :  H.psp8
Pseudocharge radii of atom type 1  :  3.77 3.80 3.77 (x, y, z dir)
Number of atoms of type 1          :  6
Atom type 2  (valence electrons)   :  N 5
Pseudopotential                    :  N.psp8
Pseudocharge radii of atom type 2  :  6.78 6.65 6.79 (x, y, z dir)
Number of atoms of type 2          :  2
Atom type 3  (valence electrons)   :  O 6
Pseudopotential                    :  O.psp8
Pseudocharge radii of atom type 3  :  6.78 6.84 6.79 (x, y, z dir)
Number of atoms of type 3          :  35
Atom type 4  (valence electrons)   :  Ti 12
Pseudopotential                    :  Ti.psp8
Pseudocharge radii of atom type 4  :  6.78 6.84 6.79 (x, y, z dir)
Number of atoms of type 4          :  18
Estimated total memory usage       :  317.95 GB
Estimated memory per processor     :  968.99 MB
========================================================================================
                    Self Consistent Field (SCF#1)                     
========================================================================================
Iteration     Free Energy (Ha/atom)    Magnetization     SCF Error        Timing (sec)
1            -2.6998887790E+01        -3.2088E+00        4.626E-01        203.422
2            -2.7269724740E+01         4.7336E+00        3.708E-01        51.375
3            -2.7238648255E+01        -9.0040E+00        3.189E-01        52.602
4            -2.7261834082E+01         4.1597E+00        2.641E-01        51.597
5            -2.7311587045E+01         1.4508E-01        1.690E-01        51.901
6            -2.7326354096E+01        -1.2572E+00        1.045E-01        51.421
7            -2.7320590466E+01        -4.2926E-01        7.317E-02        51.384
8            -2.7314608487E+01        -1.3742E+00        6.186E-02        51.554
9            -2.7304060008E+01        -1.5608E+00        5.215E-02        51.524
10           -2.7278567783E+01        -7.8301E-01        4.878E-02        51.825
11           -2.7258733629E+01        -2.8171E-01        3.791E-02        51.990
12           -2.7248352906E+01        -8.4880E-01        3.842E-02        51.696
13           -2.7219391448E+01        -6.7756E-01        3.688E-02        51.620
14           -2.7194224733E+01        -6.4377E-01        3.015E-02        52.244
15           -2.7168109381E+01        -5.9331E-01        2.516E-02        51.491
16           -2.7147094999E+01        -5.7994E-01        1.821E-02        51.429
17           -2.7132015466E+01        -4.8481E-01        1.230E-02        52.207
18           -2.7118306455E+01        -4.7085E-01        8.764E-03        52.301
19           -2.7116736542E+01        -3.8090E-01        8.147E-03        51.395
20           -2.7103652503E+01        -2.8647E-01        5.950E-03        52.142
21           -2.7100807520E+01        -2.4722E-01        5.125E-03        51.546
22           -2.7093365415E+01        -1.5309E-01        4.196E-03        51.576
23           -2.7090079447E+01        -1.0318E-01        3.734E-03        51.490
24           -2.7084437609E+01         1.7962E-03        2.479E-03        51.401
25           -2.7083405465E+01         5.0355E-02        1.750E-03        51.470
26           -2.7082545385E+01         7.3825E-02        1.498E-03        51.461
27           -2.7082250351E+01         8.9982E-02        1.123E-03        51.420
28           -2.7081596769E+01         1.2202E-01        1.044E-03        51.665
29           -2.7081172396E+01         1.4108E-01        5.632E-04        51.276
30           -2.7080907366E+01         1.5762E-01        5.049E-04        56.982
31           -2.7080834593E+01         1.7114E-01        5.385E-04        55.255
32           -2.7080777866E+01         1.6997E-01        5.913E-04        51.953
33           -2.7080827921E+01         2.0369E-01        1.229E-03        51.238
34           -2.7080661250E+01         2.0969E-01        4.665E-04        51.279
35           -2.7080584923E+01         2.2362E-01        3.232E-04        51.277
36           -2.7080567835E+01         2.3270E-01        3.422E-04        51.717
37           -2.7080551372E+01         2.3646E-01        3.416E-04        51.828
38           -2.7080543814E+01         2.5058E-01        3.610E-04        51.914
39           -2.7080572591E+01         2.4320E-01        3.514E-04        51.067
40           -2.7080550944E+01         2.4602E-01        3.668E-04        51.387
41           -2.7080541874E+01         2.4297E-01        3.472E-04        51.063
42           -2.7080547888E+01         2.4064E-01        3.524E-04        51.278
43           -2.7080568927E+01         2.2279E-01        3.703E-04        51.199
44           -2.7080554744E+01         2.3813E-01        3.565E-04        51.007
45           -2.7080558735E+01         2.2831E-01        3.605E-04        52.029
46           -2.7080564192E+01         2.0218E-01        3.323E-04        51.569
47           -2.7080557540E+01         1.9616E-01        2.968E-04        51.182
48           -2.7080553864E+01         1.5635E-01        2.640E-04        51.316
49           -2.7080492948E+01         1.9395E-01        2.276E-04        51.514
50           -2.7080453449E+01         1.1789E-01        2.020E-04        51.630
51           -2.7080472847E+01         6.7984E-02        1.115E-04        51.338
52           -2.7080453512E+01         2.3134E-02        7.646E-05        50.551
Total number of SCF: 52    

k = [0.000, 0.000, 0.000]
Occupation of state 243 = 0.000000000000124.
Occupation of state 270 = 0.000000000000000.

No.1 Exx outer loop: 
1            -2.6890063387E+01         4.0681E-02        1.460E-02        85.137
2            -2.6882245718E+01         4.7230E-02        1.343E-02        82.462
3            -2.6885267344E+01        -1.2540E-01        9.359E-03        82.526
4            -2.6892168472E+01        -1.2323E+00        1.329E-02        83.204
5            -2.6892449003E+01        -1.8736E+00        2.567E-02        82.823
6            -2.6891986401E+01        -1.8720E+00        2.253E-02        82.300
7            -2.6892744128E+01        -1.6658E+00        1.796E-02        82.607
8            -2.6892724859E+01        -1.2937E+00        8.735E-03        82.304
9            -2.6893299978E+01        -4.6088E-01        9.255E-03        82.155
10           -2.6893570417E+01        -5.0206E-01        8.552E-03        85.444
11           -2.6893339217E+01        -4.3761E-01        7.602E-03        84.137
12           -2.6892260388E+01        -2.2971E-01        5.219E-03        82.320
13           -2.6892232666E+01        -2.3720E-01        4.851E-03        82.334
14           -2.6892032813E+01        -1.6277E-01        4.993E-03        82.668
15           -2.6891947590E+01        -1.5441E-01        3.714E-03        83.017
16           -2.6891793377E+01        -1.2932E-01        5.466E-03        82.807
17           -2.6891960860E+01        -6.6010E-02        4.000E-03        82.486
18           -2.6892116719E+01         5.0243E-02        1.986E-03        82.315
19           -2.6892050274E+01         6.8142E-02        2.170E-03        82.611
20           -2.6892292656E+01         7.8404E-02        8.407E-04        82.463
21           -2.6892264367E+01         7.2489E-02        6.041E-04        83.151
22           -2.6892113658E+01         7.9839E-02        4.669E-04        82.390
23           -2.6892057259E+01         8.8808E-02        2.923E-04        82.574
24           -2.6891967651E+01         9.0701E-02        2.047E-04        82.899
25           -2.6891889216E+01         8.9390E-02        1.438E-04        83.055
26           -2.6891829078E+01         8.6017E-02        1.048E-04        82.506
27           -2.6891781934E+01         8.5482E-02        7.148E-05        82.779
28           -2.6891759267E+01         8.5037E-02        5.640E-05        82.333
29           -2.6891724858E+01         8.5726E-02        4.291E-05        82.333
30           -2.6891713378E+01         8.6512E-02        3.571E-05        82.343
31           -2.6891699147E+01         8.7036E-02        3.002E-05        82.367
32           -2.6891690572E+01         8.7882E-02        1.846E-05        86.111
33           -2.6891682700E+01         8.8072E-02        1.349E-05        82.493
34           -2.6891678351E+01         8.8113E-02        1.015E-05        82.252
35           -2.6891677028E+01         8.7654E-02        6.146E-06        82.896
36           -2.6891677652E+01         8.7279E-02        4.550E-06        83.507
37           -2.6891677560E+01         8.7187E-02        3.351E-06        82.242
38           -2.6891677257E+01         8.7021E-02        2.833E-06        82.579
39           -2.6891676679E+01         8.6945E-02        2.299E-06        82.215
40           -2.6891675380E+01         8.6907E-02        2.091E-06        82.185
41           -2.6891674970E+01         8.6845E-02        1.159E-06        82.928
42           -2.6891674455E+01         8.6834E-02        3.797E-06        82.105
43           -2.6891674487E+01         8.6840E-02        4.852E-06        82.048
44           -2.6891674514E+01         8.6832E-02        5.589E-06        81.967
45           -2.6891674363E+01         8.6833E-02        4.415E-06        82.318
46           -2.6891674403E+01         8.6831E-02        4.156E-06        82.210
47           -2.6891674949E+01         8.6796E-02        1.063E-05        82.575
48           -2.6891673997E+01         8.6864E-02        2.051E-06        81.953
49           -2.6891673867E+01         8.6880E-02        1.730E-06        82.302
50           -2.6891673715E+01         8.6893E-02        6.351E-07        81.887
Total number of SCF: 50    

k = [0.000, 0.000, 0.000]
Occupation of state 243 = 0.000000000000000.
Occupation of state 270 = 0.000000000000000.
Exx outer loop error: 5.8387089024e-01 

No.2 Exx outer loop: 
1            -2.6891943512E+01         1.7624E-01        3.260E-03        85.338
2            -2.6891447949E+01         1.8635E-01        1.967E-03        82.438
3            -2.6892168886E+01         2.2420E-01        2.101E-03        82.477
4            -2.6892593192E+01         2.2797E-01        2.231E-03        82.740
5            -2.6892819899E+01         2.3863E-01        3.115E-03        83.701
6            -2.6893027056E+01         2.4290E-01        3.893E-03        84.541
7            -2.6893025151E+01         2.4687E-01        3.769E-03        82.680
8            -2.6893088081E+01         2.3771E-01        3.577E-03        83.221
9            -2.6892318944E+01         2.2868E-01        1.881E-03        82.571
10           -2.6892587650E+01         2.4561E-01        7.246E-04        83.057
11           -2.6892328459E+01         2.7311E-01        6.417E-04        82.757
12           -2.6892167577E+01         2.9037E-01        7.467E-04        82.457
13           -2.6892079213E+01         3.0091E-01        4.136E-04        82.538
14           -2.6891928636E+01         3.1083E-01        5.402E-04        82.685
15           -2.6891878709E+01         3.0886E-01        3.879E-04        82.405
16           -2.6891862000E+01         3.1072E-01        4.050E-04        82.455
17           -2.6891891730E+01         3.1460E-01        4.156E-04        82.597
18           -2.6891913703E+01         3.2501E-01        3.012E-04        82.297
19           -2.6891917596E+01         3.2821E-01        1.163E-04        82.247
20           -2.6891916012E+01         3.3445E-01        6.633E-05        82.477
21           -2.6891929669E+01         3.3438E-01        4.440E-05        82.715
22           -2.6891941515E+01         3.3461E-01        3.025E-05        82.312
23           -2.6891946128E+01         3.3510E-01        1.781E-05        82.274
24           -2.6891939373E+01         3.3463E-01        1.201E-05        82.318
25           -2.6891937103E+01         3.3444E-01        1.014E-05        82.321
26           -2.6891933316E+01         3.3453E-01        6.684E-06        82.289
27           -2.6891930218E+01         3.3447E-01        4.388E-06        84.366
28           -2.6891928701E+01         3.3442E-01        3.875E-06        82.887
29           -2.6891927757E+01         3.3445E-01        2.615E-06        82.182
30           -2.6891926474E+01         3.3448E-01        1.707E-06        82.106
31           -2.6891925846E+01         3.3448E-01        1.532E-06        82.217
32           -2.6891925195E+01         3.3442E-01        1.931E-06        82.505
33           -2.6891925233E+01         3.3442E-01        2.048E-06        82.558
34           -2.6891924801E+01         3.3441E-01        1.366E-06        82.267
35           -2.6891924651E+01         3.3441E-01        1.756E-06        82.136
36           -2.6891924659E+01         3.3442E-01        5.796E-07        82.512
Total number of SCF: 36    

k = [0.000, 0.000, 0.000]
Occupation of state 243 = 0.000000000000000.
Occupation of state 270 = 0.000000000000000.
Exx outer loop error: 8.8412632768e-03 

No.3 Exx outer loop: 
1            -2.6892014819E+01         6.4704E-01        4.171E-03        85.802
2            -2.6892578001E+01         6.8313E-01        2.664E-03        83.054
3            -2.6893799748E+01         7.9906E-01        5.002E-03        82.472
4            -2.6893303740E+01         7.7897E-01        3.709E-03        84.229
5            -2.6893291051E+01         7.9581E-01        3.228E-03        85.263
6            -2.6893184728E+01         8.1534E-01        1.622E-03        82.890
7            -2.6893067423E+01         8.1874E-01        8.847E-04        84.692
8            -2.6892695452E+01         8.1960E-01        5.232E-04        83.102
9            -2.6892638914E+01         8.3098E-01        4.371E-04        82.801
10           -2.6892480358E+01         8.4345E-01        4.161E-04        82.366
11           -2.6892443549E+01         8.4452E-01        2.619E-04        82.589
12           -2.6892306936E+01         8.4610E-01        2.418E-04        82.460
13           -2.6892223798E+01         8.5158E-01        1.741E-04        82.624
14           -2.6892185041E+01         8.5483E-01        1.188E-04        83.612
15           -2.6892128286E+01         8.5650E-01        1.009E-04        85.885
16           -2.6892068944E+01         8.5699E-01        9.209E-05        83.298
17           -2.6892035726E+01         8.5516E-01        5.589E-05        83.274
18           -2.6892023166E+01         8.5412E-01        3.439E-05        82.238
19           -2.6892009721E+01         8.5355E-01        1.597E-05        82.695
20           -2.6891999101E+01         8.5314E-01        1.432E-05        82.414
21           -2.6891996845E+01         8.5285E-01        9.071E-06        82.345
22           -2.6891995232E+01         8.5267E-01        4.397E-06        89.458
23           -2.6891991613E+01         8.5267E-01        5.541E-06        82.100
24           -2.6891990006E+01         8.5267E-01        2.289E-06        82.241
25           -2.6891989405E+01         8.5269E-01        1.469E-06        82.417
26           -2.6891989341E+01         8.5268E-01        1.818E-06        82.178
27           -2.6891989321E+01         8.5268E-01        1.001E-06        82.003
28           -2.6891989430E+01         8.5268E-01        1.084E-06        83.057
29           -2.6891989027E+01         8.5268E-01        5.981E-07        82.015
Total number of SCF: 29    

k = [0.000, 0.000, 0.000]
Occupation of state 243 = 0.000000000000000.
Occupation of state 270 = 0.000000000000000.
Exx outer loop error: 9.0544011149e-04 

No.4 Exx outer loop: 
1            -2.6892124431E+01         1.2108E+00        3.734E-03        85.455
2            -2.6892856697E+01         1.2565E+00        2.772E-03        83.195
3            -2.6894098912E+01         1.3902E+00        6.299E-03        82.476
4            -2.6893031963E+01         1.3748E+00        2.252E-03        82.915
5            -2.6893299793E+01         1.3516E+00        3.273E-03        82.409
6            -2.6893649255E+01         1.5213E+00        2.000E-03        82.507
7            -2.6893287731E+01         1.3651E+00        3.056E-03        82.465
8            -2.6893253815E+01         1.3903E+00        1.976E-03        82.441
9            -2.6893196006E+01         1.4130E+00        1.239E-03        84.308
10           -2.6893100076E+01         1.4258E+00        9.092E-04        82.576
11           -2.6892816532E+01         1.4093E+00        7.108E-04        82.389
12           -2.6892619808E+01         1.4013E+00        4.429E-04        82.443
13           -2.6892488956E+01         1.3994E+00        2.359E-04        82.803
14           -2.6892378149E+01         1.3956E+00        1.668E-04        82.474
15           -2.6892238477E+01         1.4057E+00        4.164E-04        82.937
16           -2.6892237970E+01         1.4041E+00        3.687E-04        82.350
17           -2.6892203559E+01         1.4003E+00        2.906E-04        82.605
18           -2.6892151719E+01         1.3950E+00        1.282E-04        82.628
19           -2.6892132106E+01         1.3947E+00        7.150E-05        82.305
20           -2.6892111556E+01         1.3942E+00        3.742E-05        83.167
21           -2.6892104985E+01         1.3945E+00        3.095E-05        82.703
22           -2.6892103483E+01         1.3948E+00        1.462E-05        82.243
23           -2.6892102161E+01         1.3948E+00        1.017E-05        82.313
24           -2.6892095586E+01         1.3945E+00        7.546E-06        82.869
25           -2.6892092645E+01         1.3944E+00        5.821E-06        82.403
26           -2.6892092086E+01         1.3945E+00        5.314E-06        82.521
27           -2.6892091921E+01         1.3946E+00        3.017E-06        82.650
28           -2.6892092761E+01         1.3945E+00        1.875E-06        82.527
29           -2.6892092110E+01         1.3946E+00        3.263E-06        82.626
30           -2.6892092126E+01         1.3945E+00        1.632E-06        82.434
31           -2.6892091694E+01         1.3945E+00        1.771E-06        85.108
32           -2.6892091456E+01         1.3945E+00        1.352E-06        82.474
33           -2.6892091113E+01         1.3945E+00        7.928E-07        81.746
Total number of SCF: 33    

k = [0.000, 0.000, 0.000]
Occupation of state 243 = 0.000000000000000.
Occupation of state 270 = 0.000000000000000.
Exx outer loop error: 2.3494149342e-03 

No.5 Exx outer loop: 
1            -2.6892171238E+01         1.7187E+00        2.547E-03        85.376
2            -2.6892842707E+01         1.7291E+00        2.182E-03        82.771
3            -2.6893928713E+01         1.8237E+00        5.401E-03        83.727
4            -2.6893457158E+01         1.8293E+00        2.499E-03        82.902
5            -2.6893760910E+01         1.7964E+00        1.367E-03        82.749
6            -2.6893652194E+01         1.7389E+00        7.862E-04        83.134
7            -2.6893117713E+01         1.7332E+00        6.257E-04        83.023
8            -2.6892858027E+01         1.7369E+00        4.585E-04        82.924
9            -2.6892659327E+01         1.7256E+00        4.861E-04        82.604
10           -2.6892473067E+01         1.7652E+00        5.549E-04        82.740
11           -2.6892363779E+01         1.7196E+00        3.870E-04        82.590
12           -2.6892274321E+01         1.7326E+00        9.190E-05        82.456
13           -2.6892205943E+01         1.7308E+00        6.242E-05        82.422
14           -2.6892173156E+01         1.7391E+00        1.532E-04        83.198
15           -2.6892163954E+01         1.7322E+00        2.634E-05        82.620
16           -2.6892167712E+01         1.7323E+00        1.858E-05        82.951
17           -2.6892169368E+01         1.7356E+00        6.727E-05        82.550
18           -2.6892169926E+01         1.7348E+00        4.475E-05        82.464
19           -2.6892166948E+01         1.7328E+00        1.146E-05        82.516
20           -2.6892163402E+01         1.7328E+00        9.457E-06        82.183
21           -2.6892161477E+01         1.7320E+00        1.081E-05        84.258
22           -2.6892160568E+01         1.7317E+00        9.220E-06        82.638
23           -2.6892159716E+01         1.7317E+00        5.804E-06        82.068
24           -2.6892156375E+01         1.7319E+00        6.000E-06        82.127
25           -2.6892155181E+01         1.7316E+00        2.801E-06        82.611
26           -2.6892154288E+01         1.7314E+00        4.280E-06        82.144
27           -2.6892154115E+01         1.7315E+00        1.631E-06        82.543
28           -2.6892153714E+01         1.7315E+00        1.149E-06        82.132
29           -2.6892153311E+01         1.7314E+00        1.982E-06        82.075
30           -2.6892153011E+01         1.7315E+00        4.852E-07        82.083
Total number of SCF: 30    

k = [0.000, 0.000, 0.000]
Occupation of state 243 = 0.000000000000000.
Occupation of state 270 = 0.000000000000000.
Exx outer loop error: 1.5736225739e-03 

No.6 Exx outer loop: 
1            -2.6892187322E+01         1.8709E+00        1.648E-03        85.734
2            -2.6892461998E+01         1.8438E+00        1.100E-03        82.805
3            -2.6893141093E+01         1.5824E+00        5.118E-03        82.445
4            -2.6892659962E+01         1.7937E+00        1.322E-03        82.600
5            -2.6892710646E+01         1.8410E+00        4.148E-04        82.616
6            -2.6892500918E+01         1.8366E+00        2.455E-04        82.509
7            -2.6892384795E+01         1.8360E+00        2.071E-04        82.396
8            -2.6892313223E+01         1.8442E+00        1.076E-04        83.217
9            -2.6892298944E+01         1.8446E+00        7.898E-05        82.823
10           -2.6892270568E+01         1.8455E+00        6.539E-05        82.650
11           -2.6892269308E+01         1.8458E+00        4.964E-05        82.634
12           -2.6892232135E+01         1.8459E+00        3.515E-05        82.597
13           -2.6892217839E+01         1.8458E+00        2.884E-05        82.589
14           -2.6892203447E+01         1.8456E+00        2.222E-05        83.079
15           -2.6892189379E+01         1.8469E+00        2.929E-05        84.301
16           -2.6892188367E+01         1.8467E+00        2.454E-05        82.372
17           -2.6892186426E+01         1.8462E+00        1.008E-05        82.142
18           -2.6892186436E+01         1.8456E+00        1.523E-05        82.317
19           -2.6892182436E+01         1.8458E+00        6.374E-06        82.504
20           -2.6892179224E+01         1.8457E+00        6.526E-06        82.318
21           -2.6892177725E+01         1.8455E+00        5.809E-06        82.251
22           -2.6892176162E+01         1.8457E+00        2.412E-06        82.303
23           -2.6892175688E+01         1.8458E+00        2.847E-06        82.550
24           -2.6892176495E+01         1.8456E+00        1.458E-06        82.339
25           -2.6892176642E+01         1.8456E+00        1.196E-06        82.257
26           -2.6892176724E+01         1.8456E+00        9.129E-07        81.843
Total number of SCF: 26    

k = [0.000, 0.000, 0.000]
Occupation of state 243 = 0.000000000000000.
Occupation of state 270 = 0.000000000000000.
Exx outer loop error: 5.9678954692e-04 

No.7 Exx outer loop: 
1            -2.6892193966E+01         1.9169E+00        1.299E-03        85.310
2            -2.6892327844E+01         1.9043E+00        7.403E-04        82.859
3            -2.6892415527E+01         1.9614E+00        1.799E-03        82.450
4            -2.6892458588E+01         1.9153E+00        4.389E-04        82.328
5            -2.6892417521E+01         1.9094E+00        2.511E-04        83.227
6            -2.6892368121E+01         1.9056E+00        1.752E-04        82.727
7            -2.6892268659E+01         1.9117E+00        1.196E-04        82.799
8            -2.6892238817E+01         1.9101E+00        7.022E-05        82.480
9            -2.6892213835E+01         1.9120E+00        7.739E-05        82.318
10           -2.6892208622E+01         1.9113E+00        3.604E-05        82.333
11           -2.6892210610E+01         1.9111E+00        2.647E-05        82.433
12           -2.6892211309E+01         1.9109E+00        2.533E-05        86.774
13           -2.6892201898E+01         1.9109E+00        1.500E-05        82.523
14           -2.6892193620E+01         1.9118E+00        2.287E-05        81.950
15           -2.6892193647E+01         1.9118E+00        2.074E-05        82.125
16           -2.6892193601E+01         1.9116E+00        1.924E-05        83.419
17           -2.6892193662E+01         1.9113E+00        1.303E-05        82.758
18           -2.6892190279E+01         1.9110E+00        9.196E-06        82.424
19           -2.6892189707E+01         1.9107E+00        4.106E-06        82.707
20           -2.6892188228E+01         1.9107E+00        2.339E-06        82.373
21           -2.6892187595E+01         1.9107E+00        1.702E-06        82.622
22           -2.6892187768E+01         1.9107E+00        2.244E-06        82.222
23           -2.6892187920E+01         1.9106E+00        5.102E-07        82.089
Total number of SCF: 23    

k = [0.000, 0.000, 0.000]
Occupation of state 243 = 0.000000000000000.
Occupation of state 270 = 0.000000000000000.
Exx outer loop error: 3.4613784066e-04 

No.8 Exx outer loop: 
1            -2.6892200800E+01         1.9526E+00        1.204E-03        85.956
2            -2.6892275879E+01         1.9488E+00        5.908E-04        83.352
3            -2.6892342696E+01         1.9733E+00        9.033E-04        82.586
4            -2.6892296746E+01         1.9683E+00        7.617E-04        82.598
5            -2.6892363513E+01         1.9700E+00        9.667E-04        83.126
6            -2.6892378326E+01         1.9741E+00        9.556E-04        82.717
7            -2.6892372866E+01         1.9694E+00        6.478E-04        82.739
8            -2.6892296292E+01         1.9564E+00        1.651E-04        82.312
9            -2.6892219086E+01         1.9533E+00        9.234E-05        82.549
10           -2.6892223453E+01         1.9528E+00        5.884E-05        82.473
11           -2.6892232431E+01         1.9528E+00        4.864E-05        82.665
12           -2.6892233294E+01         1.9530E+00        2.993E-05        84.798
13           -2.6892224471E+01         1.9530E+00        1.746E-05        82.652
14           -2.6892215086E+01         1.9528E+00        1.532E-05        82.539
15           -2.6892208367E+01         1.9527E+00        8.259E-06        83.238
16           -2.6892203582E+01         1.9527E+00        5.619E-06        83.706
17           -2.6892200813E+01         1.9527E+00        3.421E-06        82.371
18           -2.6892199936E+01         1.9527E+00        2.927E-06        82.349
19           -2.6892198664E+01         1.9527E+00        2.005E-06        82.233
20           -2.6892197861E+01         1.9526E+00        4.627E-06        82.010
21           -2.6892197393E+01         1.9526E+00        1.859E-06        82.887
22           -2.6892196883E+01         1.9526E+00        1.746E-06        82.152
23           -2.6892196501E+01         1.9527E+00        8.830E-07        81.938
Total number of SCF: 23    

k = [0.000, 0.000, 0.000]
Occupation of state 243 = 0.000000000000000.
Occupation of state 270 = 0.000000000000000.
Exx outer loop error: 3.7090635587e-05 
====================================================================
                    Energy and force calculation                    
====================================================================
Free energy per atom               : -2.6892187709E+01 (Ha/atom)
Total free energy                  : -1.6404234502E+03 (Ha)
Band structure energy              : -4.1594905213E+02 (Ha)
Exchange correlation energy        : -2.9251735732E+02 (Ha)
Self and correction energy         : -2.1657625943E+03 (Ha)
Entropy*kb*T                       : -3.6327192271E-03 (Ha)
Fermi level                        : -1.5551631392E-01 (Ha)
RMS force                          :  2.5688685232E-02 (Ha/Bohr)
Maximum force                      :  1.0353253357E-01 (Ha/Bohr)
Time for force calculation         :  1.007 (sec)
***************************************************************************
                               Timing info                                 
***************************************************************************
Total walltime                     :  36897.602 sec
___________________________________________________________________________

***************************************************************************
*             Material Physics & Mechanics Group, Georgia Tech            *
*                       PI: Phanish Suryanarayana                         *
*                Main Developers: Qimen Xu, Abhiraj Sharma                *
*     Collaborators: J.E. Pask (LLNL), A.J. Medford (GT), E. Chow (GT)    *
*  Acknowledgements: U.S. DOE (DE-SC0019410); U.S. NSF (1333500,1553212)  *
***************************************************************************
                                                                           

***************************************************************************
*                       SPARC (version Mar 30, 2022)                      *
*   Copyright (c) 2020 Material Physics & Mechanics Group, Georgia Tech   *
*           Distributed under GNU General Public License 3 (GPL)          *
*                   Start time: Fri Apr 15 07:51:55 2022                  *
***************************************************************************
                           Input parameters                                
***************************************************************************
CELL: 12.4338823950489 16.8986769044157 47.5378507412217 
LATVEC:
1.000000000000000 0.000000000000000 0.000000000000000 
-0.000130020950961 0.999999991547276 0.000000000000000 
0.000000000000000 -0.000000000000000 1.000000000000000 
FD_GRID: 66 89 252
FD_ORDER: 12
BC: P P D
KPOINT_GRID: 2 2 1
KPOINT_SHIFT: 0 0 0
SPIN_TYP: 1
ELEC_TEMP_TYPE: Gaussian
SMEARING: 0.007349864435
CHEB_DEGREE: 37
NSTATES: 270
EXCHANGE_CORRELATION: HSE
CALC_STRESS: 0
CALC_PRES: 0
CHEFSI_BOUND_FLAG: 0
MAXIT_SCF: 100
MINIT_SCF: 3
MAXIT_POISSON: 3000
TOL_SCF: 1.00E-06
POISSON_SOLVER: AAR
TOL_POISSON: 1.00E-08
TOL_LANCZOS: 1.00E-02
TOL_PSEUDOCHARGE: 1.00E-08
MIXING_VARIABLE: density
MIXING_PRECOND: kerker
MIXING_PRECOND_MAG: none
TOL_PRECOND: 3.57E-05
PRECOND_KERKER_KTF: 1
PRECOND_KERKER_THRESH: 0.1
MIXING_PARAMETER: 0.3
MIXING_PARAMETER_MAG: 0.3
MIXING_HISTORY: 7
PULAY_FREQUENCY: 1
PULAY_RESTART: 0
REFERENCE_CUTOFF: 0.5
RHO_TRIGGER: 4
FIX_RAND: 0
VERBOSITY: 1
PRINT_FORCES: 1
PRINT_ATOMS: 1
PRINT_EIGEN: 1
PRINT_DENSITY: 0
PRINT_ENERGY_DENSITY: 0
TOL_FOCK: 5.00E-05
TOL_SCF_INIT: 1.00E-04
MAXIT_FOCK: 1000
EXX_METHOD: FOURIER_SPACE
EXX_DIVERGENCE: AUXILIARY
ACE_FLAG: 1
EXX_ACE_MEM: 1
EXX_ACE_VALENCE_STATES: 10000
EXX_DOWNSAMPLING: 1 1 1
EXX_RANGE_FOCK: 0.106000
EXX_RANGE_PBE: 0.106000
OUTPUT_FILE: sprc-calc
***************************************************************************
                                Cell                                       
***************************************************************************
Lattice vectors (Bohr):
12.433882395048860 0.000000000000000 0.000000000000000 
-0.002197182041095 16.898676761575889 0.000000000000000 
0.000000000000000 -0.000000000000000 47.537850741221725 
Volume                  :  9.9884706279E+03 (Bohr^3)
***************************************************************************
                           Parallelization                                 
***************************************************************************
NP_SPIN_PARAL: 2
NP_KPOINT_PARAL: 4
NP_BAND_PARAL: 1
NP_DOMAIN_PARAL: 2 3 7
NP_DOMAIN_PHI_PARAL: 4 6 14
EIG_SERIAL_MAXNS: 1500
***************************************************************************
                             Initialization                                
***************************************************************************
Number of processors               :  336
Mesh spacing in x-direction        :  0.188392 (Bohr)
Mesh spacing in y-direction        :  0.189873 (Bohr)
Mesh spacing in z direction        :  0.188642 (Bohr)
Number of symmetry adapted k-points:  4
Output printed to                  :  sprc-calc.out_01
Final eigenvalues printed to       :  sprc-calc.eigen_01
Total number of atom types         :  4
Total number of atoms              :  61
Total number of electrons          :  442
Atom type 1  (valence electrons)   :  H 1
Pseudopotential                    :  H.psp8
Pseudocharge radii of atom type 1  :  3.77 3.80 3.77 (x, y, z dir)
Number of atoms of type 1          :  6
Atom type 2  (valence electrons)   :  N 5
Pseudopotential                    :  N.psp8
Pseudocharge radii of atom type 2  :  6.78 6.65 6.79 (x, y, z dir)
Number of atoms of type 2          :  2
Atom type 3  (valence electrons)   :  O 6
Pseudopotential                    :  O.psp8
Pseudocharge radii of atom type 3  :  6.78 6.84 6.79 (x, y, z dir)
Number of atoms of type 3          :  35
Atom type 4  (valence electrons)   :  Ti 12
Pseudopotential                    :  Ti.psp8
Pseudocharge radii of atom type 4  :  6.78 6.84 6.79 (x, y, z dir)
Number of atoms of type 4          :  18
Estimated total memory usage       :  317.95 GB
Estimated memory per processor     :  968.99 MB
========================================================================================
                    Self Consistent Field (SCF#1)                     
========================================================================================
Iteration     Free Energy (Ha/atom)    Magnetization     SCF Error        Timing (sec)
1            -2.6998887790E+01        -3.2088E+00        4.626E-01        211.128
2            -2.7269724740E+01         4.7336E+00        3.708E-01        52.925
3            -2.7238648254E+01        -9.0040E+00        3.189E-01        53.318
4            -2.7261834084E+01         4.1597E+00        2.641E-01        53.072
5            -2.7311587046E+01         1.4509E-01        1.690E-01        53.042
6            -2.7326354097E+01        -1.2572E+00        1.045E-01        53.106
7            -2.7320590467E+01        -4.2926E-01        7.317E-02        53.082
8            -2.7314608488E+01        -1.3742E+00        6.186E-02        54.187
9            -2.7304060009E+01        -1.5608E+00        5.215E-02        57.895
10           -2.7278567784E+01        -7.8301E-01        4.878E-02        53.899
11           -2.7258733628E+01        -2.8171E-01        3.791E-02        53.314
12           -2.7248352905E+01        -8.4880E-01        3.842E-02        53.624
13           -2.7219391445E+01        -6.7756E-01        3.688E-02        53.157
14           -2.7194224732E+01        -6.4377E-01        3.015E-02        57.239
15           -2.7168109382E+01        -5.9331E-01        2.516E-02        73.399
16           -2.7147095000E+01        -5.7994E-01        1.821E-02        53.823
17           -2.7132015468E+01        -4.8481E-01        1.230E-02        53.249
18           -2.7118306454E+01        -4.7085E-01        8.764E-03        52.871
19           -2.7116736543E+01        -3.8090E-01        8.147E-03        52.767
20           -2.7103652504E+01        -2.8647E-01        5.950E-03        52.978
21           -2.7100807521E+01        -2.4722E-01        5.125E-03        53.094
22           -2.7093365414E+01        -1.5309E-01        4.196E-03        62.634
23           -2.7090079449E+01        -1.0318E-01        3.734E-03        54.176
24           -2.7084437611E+01         1.7964E-03        2.479E-03        53.018
25           -2.7083405465E+01         5.0355E-02        1.750E-03        53.004
26           -2.7082545385E+01         7.3825E-02        1.498E-03        52.959
27           -2.7082250350E+01         8.9983E-02        1.123E-03        53.081
28           -2.7081596769E+01         1.2202E-01        1.044E-03        64.600
29           -2.7081172396E+01         1.4108E-01        5.632E-04        67.348
30           -2.7080907366E+01         1.5762E-01        5.049E-04        78.478
31           -2.7080834596E+01         1.7114E-01        5.385E-04        54.860
32           -2.7080777868E+01         1.6997E-01        5.913E-04        63.738
33           -2.7080827916E+01         2.0369E-01        1.229E-03        65.194
34           -2.7080661250E+01         2.0969E-01        4.665E-04        77.382
35           -2.7080584924E+01         2.2362E-01        3.232E-04        61.769
36           -2.7080567835E+01         2.3270E-01        3.422E-04        81.592
37           -2.7080551371E+01         2.3647E-01        3.416E-04        62.818
38           -2.7080543812E+01         2.5059E-01        3.610E-04        84.750
39           -2.7080572582E+01         2.4321E-01        3.514E-04        82.321
40           -2.7080550939E+01         2.4602E-01        3.667E-04        75.120
41           -2.7080541864E+01         2.4298E-01        3.472E-04        55.327
42           -2.7080547881E+01         2.4064E-01        3.525E-04        53.268
43           -2.7080568922E+01         2.2279E-01        3.704E-04        70.751
44           -2.7080554711E+01         2.3816E-01        3.565E-04        88.919
45           -2.7080558689E+01         2.2832E-01        3.606E-04        53.883
46           -2.7080564159E+01         2.0221E-01        3.326E-04        53.096
47           -2.7080557510E+01         1.9628E-01        2.971E-04        52.966
48           -2.7080553726E+01         1.5673E-01        2.639E-04        52.854
49           -2.7080493623E+01         1.9431E-01        2.281E-04        53.267
50           -2.7080453927E+01         1.1887E-01        2.026E-04        57.114
51           -2.7080473245E+01         6.8538E-02        1.123E-04        52.734
52           -2.7080454273E+01         2.3035E-02        7.700E-05        52.197
Total number of SCF: 52    

k = [0.000, 0.000, 0.000]
Occupation of state 243 = 0.000000000000124.
Occupation of state 270 = 0.000000000000000.

No.1 Exx outer loop: 
1            -2.6890063485E+01         4.0460E-02        1.460E-02        85.599
2            -2.6882244800E+01         4.7035E-02        1.343E-02        82.763
3            -2.6885268845E+01        -1.2444E-01        9.357E-03        83.508
4            -2.6892065256E+01        -1.2307E+00        1.332E-02        82.885
5            -2.6891996972E+01        -1.8716E+00        2.562E-02        86.901
6            -2.6891611268E+01        -1.8698E+00        2.245E-02        89.806
7            -2.6892491516E+01        -1.6768E+00        1.819E-02        82.948
8            -2.6892635627E+01        -1.2946E+00        8.862E-03        82.791
9            -2.6893477835E+01        -4.4376E-01        9.987E-03        82.519
10           -2.6893762469E+01        -4.8580E-01        9.692E-03        82.865
11           -2.6893561609E+01        -4.5026E-01        9.723E-03        113.430
12           -2.6893201736E+01        -3.7565E-01        1.200E-02        82.870
13           -2.6893002378E+01        -4.1306E-01        7.298E-03        82.756
14           -2.6892268348E+01        -2.9542E-01        5.478E-03        83.205
15           -2.6892283399E+01        -2.7869E-01        5.320E-03        82.923
16           -2.6892461408E+01        -9.5389E-02        2.341E-03        83.851
17           -2.6892155546E+01        -2.3787E-02        2.105E-03        90.893
18           -2.6892127776E+01         1.1319E-01        5.452E-04        83.462
19           -2.6892145129E+01         9.2588E-02        6.474E-04        83.693
20           -2.6892114791E+01         1.0825E-01        3.731E-04        82.752
21           -2.6892054369E+01         1.0211E-01        2.965E-04        103.128
22           -2.6891977900E+01         9.5167E-02        2.095E-04        91.041
23           -2.6891871362E+01         8.9750E-02        1.237E-04        82.776
24           -2.6891820176E+01         8.6666E-02        9.648E-05        83.265
25           -2.6891784608E+01         8.3513E-02        7.254E-05        82.708
26           -2.6891744465E+01         8.2385E-02        5.295E-05        86.599
27           -2.6891709812E+01         8.3132E-02        4.709E-05        87.428
28           -2.6891688374E+01         8.4773E-02        2.952E-05        82.617
29           -2.6891682536E+01         8.6548E-02        2.277E-05        82.510
30           -2.6891683432E+01         8.7472E-02        1.799E-05        86.811
31           -2.6891681605E+01         8.8041E-02        1.430E-05        82.574
32           -2.6891676624E+01         8.7870E-02        1.009E-05        82.577
33           -2.6891673317E+01         8.7175E-02        1.056E-05        82.900
34           -2.6891673226E+01         8.6991E-02        9.121E-06        82.416
35           -2.6891672940E+01         8.6828E-02        5.602E-06        83.308
36           -2.6891674766E+01         8.6662E-02        4.048E-06        82.458
37           -2.6891675364E+01         8.6480E-02        7.719E-06        82.453
38           -2.6891675878E+01         8.6389E-02        3.980E-06        82.839
39           -2.6891675218E+01         8.6366E-02        2.120E-06        82.408
40           -2.6891674563E+01         8.6378E-02        1.844E-06        82.414
41           -2.6891674407E+01         8.6366E-02        1.127E-06        82.380
42           -2.6891674245E+01         8.6377E-02        8.124E-07        81.958
Total number of SCF: 42    

k = [0.000, 0.000, 0.000]
Occupation of state 243 = 0.000000000000000.
Occupation of state 270 = 0.000000000000000.
Exx outer loop error: 5.8328508976e-01 

No.2 Exx outer loop: 
1            -2.6891944160E+01         1.7508E-01        3.249E-03        94.140
2            -2.6891447134E+01         1.8527E-01        1.949E-03        87.043
3            -2.6891869750E+01         2.1731E-01        1.566E-03        82.705
4            -2.6892172917E+01         2.1697E-01        1.909E-03        82.771
5            -2.6892406969E+01         2.6290E-01        6.956E-04        83.539
6            -2.6892496218E+01         3.0200E-01        8.185E-04        82.712
7            -2.6892454147E+01         3.0775E-01        1.618E-03        84.238
8            -2.6892340290E+01         3.0078E-01        3.297E-04        84.284
9            -2.6892232637E+01         3.0805E-01        5.442E-04        83.596
10           -2.6892079103E+01         3.1265E-01        2.033E-04        82.562
11           -2.6892026431E+01         3.1549E-01        2.114E-04        82.400
12           -2.6891979963E+01         3.2668E-01        1.287E-04        87.645
13           -2.6891983195E+01         3.3031E-01        8.192E-05        82.507
14           -2.6891964997E+01         3.3396E-01        6.148E-05        82.480
15           -2.6891961334E+01         3.3344E-01        4.169E-05        82.553
16           -2.6891933862E+01         3.3339E-01        3.344E-05        82.921
17           -2.6891923469E+01         3.3307E-01        2.600E-05        82.418
18           -2.6891922445E+01         3.3337E-01        2.429E-05        82.245
19           -2.6891921172E+01         3.3266E-01        1.328E-05        83.361
20           -2.6891923247E+01         3.3259E-01        8.619E-06        82.287
21           -2.6891924131E+01         3.3241E-01        6.185E-06        87.690
22           -2.6891923254E+01         3.3242E-01        1.059E-05        82.269
23           -2.6891922555E+01         3.3228E-01        6.377E-06        82.269
24           -2.6891922369E+01         3.3225E-01        3.571E-06        82.720
25           -2.6891924152E+01         3.3247E-01        2.012E-05        82.142
26           -2.6891923100E+01         3.3242E-01        5.028E-06        82.522
27           -2.6891922786E+01         3.3241E-01        3.174E-06        83.003
28           -2.6891922515E+01         3.3246E-01        5.662E-06        82.207
29           -2.6891922545E+01         3.3250E-01        2.158E-06        86.234
30           -2.6891922257E+01         3.3248E-01        3.130E-06        82.168
31           -2.6891922526E+01         3.3247E-01        5.072E-06        82.059
32           -2.6891922497E+01         3.3246E-01        2.963E-06        88.095
33           -2.6891922517E+01         3.3245E-01        1.273E-06        82.057
34           -2.6891922558E+01         3.3244E-01        1.560E-06        82.063
35           -2.6891922410E+01         3.3244E-01        5.116E-07        82.020
Total number of SCF: 35    

k = [0.000, 0.000, 0.000]
Occupation of state 243 = 0.000000000000000.
Occupation of state 270 = 0.000000000000000.
Exx outer loop error: 8.6707408134e-03 

No.3 Exx outer loop: 
1            -2.6892011935E+01         6.4441E-01        4.155E-03        85.763
2            -2.6892571891E+01         6.8004E-01        2.657E-03        83.095
3            -2.6893232088E+01         9.4934E-01        5.565E-03        82.809
4            -2.6893061248E+01         8.9298E-01        3.211E-03        83.395
5            -2.6892855586E+01         9.1196E-01        3.838E-03        82.706
6            -2.6892805084E+01         9.0381E-01        3.288E-03        82.822
7            -2.6892996231E+01         8.7551E-01        2.006E-03        82.709
8            -2.6892732076E+01         8.2764E-01        1.311E-03        87.792
9            -2.6892509974E+01         8.5691E-01        2.058E-03        85.328
10           -2.6892473829E+01         8.4704E-01        1.188E-03        83.717
11           -2.6892444152E+01         8.4610E-01        8.391E-04        83.622
12           -2.6892373154E+01         8.4162E-01        4.703E-04        99.111
13           -2.6892304143E+01         8.3907E-01        3.053E-04        86.263
14           -2.6892219742E+01         8.4223E-01        2.417E-04        82.775
15           -2.6892151242E+01         8.4764E-01        1.832E-04        83.690
16           -2.6892099706E+01         8.5278E-01        1.271E-04        82.881
17           -2.6892079106E+01         8.5250E-01        8.454E-05        86.067
18           -2.6892037006E+01         8.5155E-01        6.858E-05        89.894
19           -2.6892011261E+01         8.5099E-01        4.347E-05        83.488
20           -2.6891995348E+01         8.5037E-01        3.507E-05        82.730
21           -2.6891983683E+01         8.5018E-01        2.200E-05        82.636
22           -2.6891983259E+01         8.5008E-01        1.708E-05        88.358
23           -2.6891980337E+01         8.4990E-01        1.118E-05        111.340
24           -2.6891980049E+01         8.4987E-01        8.856E-06        89.424
25           -2.6891977623E+01         8.4990E-01        6.113E-06        90.881
26           -2.6891974776E+01         8.4993E-01        9.682E-06        108.087
27           -2.6891974474E+01         8.5003E-01        3.846E-06        97.087
28           -2.6891974001E+01         8.5000E-01        6.640E-06        113.826
29           -2.6891973304E+01         8.5004E-01        2.001E-06        109.120
30           -2.6891972667E+01         8.5004E-01        1.351E-06        101.016
31           -2.6891971849E+01         8.5003E-01        1.230E-06        82.562
32           -2.6891971619E+01         8.4999E-01        1.600E-06        93.500
33           -2.6891971557E+01         8.5002E-01        1.476E-06        111.941
34           -2.6891971516E+01         8.4998E-01        1.283E-06        82.697
35           -2.6891971494E+01         8.5001E-01        9.108E-07        82.093
Total number of SCF: 35    

k = [0.000, 0.000, 0.000]
Occupation of state 243 = 0.000000000000000.
Occupation of state 270 = 0.000000000000000.
Exx outer loop error: 7.9832518011e-04 

No.4 Exx outer loop: 
1            -2.6892107138E+01         1.2075E+00        3.737E-03        86.069
2            -2.6892833214E+01         1.2547E+00        2.775E-03        82.956
3            -2.6894429184E+01         1.0608E+00        6.794E-03        86.901
4            -2.6893677551E+01         1.2398E+00        3.274E-03        82.741
5            -2.6893597780E+01         1.1681E+00        4.368E-03        82.675
6            -2.6893245455E+01         1.2923E+00        1.745E-03        82.764
7            -2.6893212107E+01         1.3126E+00        1.212E-03        82.812
8            -2.6893340778E+01         1.4178E+00        2.227E-03        82.845
9            -2.6893195361E+01         1.3601E+00        7.459E-04        88.667
10           -2.6893303059E+01         1.4557E+00        2.908E-03        82.915
11           -2.6893052075E+01         1.3797E+00        6.217E-04        83.329
12           -2.6893020460E+01         1.4123E+00        9.659E-04        83.072
13           -2.6892886665E+01         1.4116E+00        5.965E-04        82.877
14           -2.6892728356E+01         1.3929E+00        3.677E-04        110.323
15           -2.6892634028E+01         1.4297E+00        7.236E-04        82.877
16           -2.6892458433E+01         1.3922E+00        4.447E-04        82.754
17           -2.6892450774E+01         1.3943E+00        3.011E-04        83.715
18           -2.6892247804E+01         1.4008E+00        2.170E-04        82.787
19           -2.6892234166E+01         1.3983E+00        3.015E-04        82.906
20           -2.6892183570E+01         1.3949E+00        4.047E-04        93.430
21           -2.6892190633E+01         1.3963E+00        3.488E-04        83.924
22           -2.6892156515E+01         1.3883E+00        5.509E-04        83.603
23           -2.6892158256E+01         1.3887E+00        5.361E-04        82.771
24           -2.6892156479E+01         1.3887E+00        5.339E-04        93.206
25           -2.6892173013E+01         1.3931E+00        3.719E-04        106.193
26           -2.6892193044E+01         1.3961E+00        2.081E-04        87.379
27           -2.6892192748E+01         1.3948E+00        1.615E-04        82.581
28           -2.6892181836E+01         1.3943E+00        8.133E-05        82.966
29           -2.6892148399E+01         1.4034E+00        2.801E-04        83.145
30           -2.6892120496E+01         1.3940E+00        6.531E-05        82.805
31           -2.6892084978E+01         1.3984E+00        1.098E-04        86.141
32           -2.6892069574E+01         1.3925E+00        6.443E-05        83.375
33           -2.6892065032E+01         1.3925E+00        2.081E-05        82.589
34           -2.6892064014E+01         1.3918E+00        9.338E-06        82.540
35           -2.6892061541E+01         1.3921E+00        1.028E-05        82.645
36           -2.6892058952E+01         1.3923E+00        7.342E-06        83.458
37           -2.6892056597E+01         1.3918E+00        8.823E-06        82.777
38           -2.6892055779E+01         1.3919E+00        1.878E-06        83.209
39           -2.6892055265E+01         1.3920E+00        2.154E-06        82.430
40           -2.6892054811E+01         1.3919E+00        1.323E-06        82.543
41           -2.6892054401E+01         1.3920E+00        1.312E-06        82.518
42           -2.6892054091E+01         1.3919E+00        3.176E-06        82.468
43           -2.6892053964E+01         1.3919E+00        1.502E-06        82.917
44           -2.6892053907E+01         1.3920E+00        1.410E-06        82.443
45           -2.6892053859E+01         1.3920E+00        1.068E-06        84.302
46           -2.6892053875E+01         1.3920E+00        4.995E-07        83.977
Total number of SCF: 46    

k = [0.000, 0.000, 0.000]
Occupation of state 243 = 0.000000000000000.
Occupation of state 270 = 0.000000000000000.
Exx outer loop error: 2.5450851838e-03 

No.5 Exx outer loop: 
1            -2.6892133529E+01         1.7157E+00        2.541E-03        87.912
2            -2.6892801201E+01         1.7293E+00        2.184E-03        82.847
3            -2.6894155800E+01         1.8817E+00        3.667E-03        83.042
4            -2.6893794696E+01         1.7798E+00        1.500E-03        82.901
5            -2.6894020561E+01         1.8434E+00        2.788E-03        83.026
6            -2.6893397520E+01         1.7850E+00        1.070E-03        83.425
7            -2.6893024671E+01         1.7297E+00        6.880E-04        83.092
8            -2.6892891957E+01         1.7447E+00        4.171E-04        82.899
9            -2.6892772181E+01         1.7756E+00        5.685E-04        82.826
10           -2.6892788154E+01         1.7744E+00        5.621E-04        83.374
11           -2.6892799664E+01         1.8002E+00        1.024E-03        82.805
12           -2.6892622678E+01         1.7377E+00        3.118E-04        82.976
13           -2.6892612704E+01         1.7891E+00        7.659E-04        82.855
14           -2.6892484338E+01         1.7449E+00        2.643E-04        85.021
15           -2.6892362726E+01         1.7254E+00        4.489E-04        82.692
16           -2.6892289656E+01         1.7327E+00        1.258E-04        82.774
17           -2.6892240980E+01         1.7301E+00        1.261E-04        82.747
18           -2.6892147761E+01         1.7270E+00        1.037E-04        82.808
19           -2.6892125456E+01         1.7309E+00        3.920E-05        82.704
20           -2.6892112054E+01         1.7308E+00        4.078E-05        83.109
21           -2.6892110038E+01         1.7299E+00        2.545E-05        82.726
22           -2.6892110057E+01         1.7301E+00        1.837E-05        82.564
23           -2.6892110169E+01         1.7299E+00        8.991E-06        84.860
24           -2.6892106132E+01         1.7301E+00        6.636E-06        82.527
25           -2.6892105191E+01         1.7301E+00        4.904E-06        82.592
26           -2.6892104959E+01         1.7301E+00        3.633E-06        82.472
27           -2.6892104893E+01         1.7301E+00        3.474E-06        82.480
28           -2.6892104220E+01         1.7302E+00        1.841E-06        82.360
29           -2.6892103927E+01         1.7302E+00        1.499E-06        82.491
30           -2.6892103590E+01         1.7302E+00        9.632E-07        82.089
Total number of SCF: 30    

k = [0.000, 0.000, 0.000]
Occupation of state 243 = 0.000000000000000.
Occupation of state 270 = 0.000000000000000.
Exx outer loop error: 7.9486184926e-04 

No.6 Exx outer loop: 
1            -2.6892137855E+01         1.8709E+00        1.657E-03        85.578
2            -2.6892411184E+01         1.8423E+00        1.104E-03        82.636
3            -2.6892825504E+01         1.9481E+00        2.197E-03        83.450
4            -2.6892993149E+01         1.9562E+00        2.240E-03        82.666
5            -2.6892705336E+01         1.8653E+00        6.814E-04        82.754
6            -2.6892699580E+01         1.8343E+00        3.981E-04        82.885
7            -2.6892558286E+01         1.8518E+00        4.242E-04        82.550
8            -2.6892547763E+01         1.8377E+00        2.532E-04        87.228
9            -2.6892420403E+01         1.8440E+00        1.627E-04        82.664
10           -2.6892377774E+01         1.8465E+00        1.397E-04        82.673
11           -2.6892343841E+01         1.8458E+00        1.411E-04        82.970
12           -2.6892247391E+01         1.8446E+00        1.010E-04        89.764
13           -2.6892197072E+01         1.8457E+00        5.840E-05        84.905
14           -2.6892150048E+01         1.8485E+00        7.881E-05        84.015
15           -2.6892155504E+01         1.8445E+00        4.041E-05        83.186
16           -2.6892142842E+01         1.8447E+00        2.436E-05        102.131
17           -2.6892140491E+01         1.8449E+00        2.375E-05        82.722
18           -2.6892133904E+01         1.8449E+00        1.767E-05        83.079
19           -2.6892127843E+01         1.8450E+00        1.523E-05        82.596
20           -2.6892124558E+01         1.8452E+00        1.273E-05        82.642
21           -2.6892123098E+01         1.8448E+00        5.641E-06        82.533
22           -2.6892122409E+01         1.8449E+00        4.226E-06        89.478
23           -2.6892122008E+01         1.8447E+00        4.932E-06        82.482
24           -2.6892121138E+01         1.8448E+00        2.941E-06        83.169
25           -2.6892120439E+01         1.8448E+00        2.917E-06        82.382
26           -2.6892120049E+01         1.8448E+00        1.550E-06        90.900
27           -2.6892119632E+01         1.8448E+00        8.713E-07        117.454
Total number of SCF: 27    

k = [0.000, 0.000, 0.000]
Occupation of state 243 = 0.000000000000000.
Occupation of state 270 = 0.000000000000000.
Exx outer loop error: 1.2301644871e-03 

No.7 Exx outer loop: 
1            -2.6892136336E+01         1.9151E+00        1.297E-03        85.701
2            -2.6892267640E+01         1.9054E+00        7.335E-04        82.894
3            -2.6892479270E+01         1.9393E+00        8.191E-04        82.682
4            -2.6892446169E+01         1.9064E+00        4.558E-04        90.485
5            -2.6892423191E+01         1.9432E+00        1.028E-03        87.055
6            -2.6892322139E+01         1.9168E+00        2.320E-04        84.556
7            -2.6892253972E+01         1.9095E+00        1.034E-04        82.812
8            -2.6892228822E+01         1.9114E+00        7.196E-05        85.164
9            -2.6892217607E+01         1.9109E+00        6.806E-05        94.815
10           -2.6892190990E+01         1.9102E+00        7.256E-05        97.786
11           -2.6892175519E+01         1.9090E+00        8.789E-05        82.559
12           -2.6892169964E+01         1.9099E+00        4.979E-05        82.652
13           -2.6892162959E+01         1.9089E+00        5.975E-05        82.546
14           -2.6892157086E+01         1.9097E+00        2.466E-05        82.518
15           -2.6892150761E+01         1.9098E+00        1.574E-05        82.502
16           -2.6892144536E+01         1.9100E+00        1.140E-05        82.670
17           -2.6892140341E+01         1.9094E+00        2.096E-05        82.509
18           -2.6892136103E+01         1.9099E+00        6.471E-06        82.273
19           -2.6892134964E+01         1.9099E+00        4.944E-06        83.137
20           -2.6892131887E+01         1.9099E+00        3.987E-06        82.516
21           -2.6892130980E+01         1.9096E+00        1.000E-05        82.316
22           -2.6892130067E+01         1.9100E+00        3.352E-06        85.437
23           -2.6892129748E+01         1.9099E+00        2.223E-06        83.484
24           -2.6892129267E+01         1.9099E+00        1.470E-06        83.297
25           -2.6892129047E+01         1.9099E+00        2.145E-06        82.817
26           -2.6892128820E+01         1.9099E+00        1.194E-06        82.500
27           -2.6892128048E+01         1.9099E+00        2.266E-06        95.533
28           -2.6892127571E+01         1.9099E+00        1.250E-06        92.496
29           -2.6892127330E+01         1.9099E+00        9.082E-07        84.433
Total number of SCF: 29    

k = [0.000, 0.000, 0.000]
Occupation of state 243 = 0.000000000000000.
Occupation of state 270 = 0.000000000000000.
Exx outer loop error: 2.1211166726e-04 

No.8 Exx outer loop: 
1            -2.6892140217E+01         1.9519E+00        1.206E-03        85.391
2            -2.6892214325E+01         1.9486E+00        5.910E-04        85.660
3            -2.6892324398E+01         1.9640E+00        7.584E-04        82.797
4            -2.6892415710E+01         1.9629E+00        4.796E-04        82.691
5            -2.6892400881E+01         1.9476E+00        3.360E-04        82.833
6            -2.6892313849E+01         1.9508E+00        1.508E-04        82.788
7            -2.6892207464E+01         1.9535E+00        8.512E-05        82.767
8            -2.6892217684E+01         1.9592E+00        2.599E-04        82.559
9            -2.6892223499E+01         1.9603E+00        2.913E-04        82.586
10           -2.6892225235E+01         1.9568E+00        1.424E-04        82.583
11           -2.6892208977E+01         1.9573E+00        1.535E-04        82.877
12           -2.6892189754E+01         1.9494E+00        1.833E-04        82.588
13           -2.6892174583E+01         1.9512E+00        1.025E-04        83.007
14           -2.6892153658E+01         1.9523E+00        3.572E-05        82.496
15           -2.6892141121E+01         1.9521E+00        2.416E-05        82.493
16           -2.6892137723E+01         1.9523E+00        1.302E-05        82.454
17           -2.6892136132E+01         1.9523E+00        6.664E-06        82.356
18           -2.6892135471E+01         1.9523E+00        4.134E-06        83.068
19           -2.6892134191E+01         1.9523E+00        2.875E-06        83.052
20           -2.6892133164E+01         1.9523E+00        2.024E-06        82.319
21           -2.6892133166E+01         1.9523E+00        1.373E-06        82.227
22           -2.6892133364E+01         1.9523E+00        1.008E-06        82.445
23           -2.6892133120E+01         1.9522E+00        2.051E-06        82.873
24           -2.6892133103E+01         1.9523E+00        7.479E-07        84.719
Total number of SCF: 24    

k = [0.000, 0.000, 0.000]
Occupation of state 243 = 0.000000000000000.
Occupation of state 270 = 0.000000000000000.
Exx outer loop error: 2.2484799095e-06 
====================================================================
                    Energy and force calculation                    
====================================================================
Free energy per atom               : -2.6892124304E+01 (Ha/atom)
Total free energy                  : -1.6404195825E+03 (Ha)
Band structure energy              : -4.1595127335E+02 (Ha)
Exchange correlation energy        : -2.9251347886E+02 (Ha)
Self and correction energy         : -2.1657625943E+03 (Ha)
Entropy*kb*T                       : -3.6360418809E-03 (Ha)
Fermi level                        : -1.5551822985E-01 (Ha)
RMS force                          :  2.5688500371E-02 (Ha/Bohr)
Maximum force                      :  1.0353210156E-01 (Ha/Bohr)
Time for force calculation         :  1.080 (sec)
***************************************************************************
                               Timing info                                 
***************************************************************************
Total walltime                     :  39453.945 sec
___________________________________________________________________________

***************************************************************************
*             Material Physics & Mechanics Group, Georgia Tech            *
*                       PI: Phanish Suryanarayana                         *
*                Main Developers: Qimen Xu, Abhiraj Sharma                *
*     Collaborators: J.E. Pask (LLNL), A.J. Medford (GT), E. Chow (GT)    *
*  Acknowledgements: U.S. DOE (DE-SC0019410); U.S. NSF (1333500,1553212)  *
***************************************************************************
                                                                           
