***************************************************************************
*                       SPARC (version May 02, 2022)                      *
*   Copyright (c) 2020 Material Physics & Mechanics Group, Georgia Tech   *
*           Distributed under GNU General Public License 3 (GPL)          *
*                   Start time: Thu Jun 23 10:42:07 2022                  *
***************************************************************************
                           Input parameters                                
***************************************************************************
CELL: 18.8972612583693 18.8972612583693 20.0745190607909 
LATVEC:
1.000000000000000 0.000000000000000 0.000000000000000 
0.000000000000000 1.000000000000000 0.000000000000000 
0.000000000000000 0.000000000000000 1.000000000000000 
FD_GRID: 100 100 106
FD_ORDER: 12
BC: D D D
SPIN_TYP: 0
ELEC_TEMP_TYPE: Gaussian
SMEARING: 0.007349864435
CHEB_DEGREE: 36
NSTATES: 12
EXCHANGE_CORRELATION: HSE
EXX_RANGE_FOCK: 0.106000
EXX_RANGE_PBE: 0.106000
CALC_STRESS: 0
CALC_PRES: 0
CHEFSI_BOUND_FLAG: 0
MAXIT_SCF: 100
MINIT_SCF: 3
MAXIT_POISSON: 3000
TOL_SCF: 1.00E-06
POISSON_SOLVER: AAR
TOL_POISSON: 1.00E-08
TOL_LANCZOS: 1.00E-02
TOL_PSEUDOCHARGE: 1.00E-08
MIXING_VARIABLE: density
MIXING_PRECOND: kerker
TOL_PRECOND: 3.58E-05
PRECOND_KERKER_KTF: 1
PRECOND_KERKER_THRESH: 0.1
MIXING_PARAMETER: 0.3
MIXING_HISTORY: 7
PULAY_FREQUENCY: 1
PULAY_RESTART: 0
REFERENCE_CUTOFF: 0.5
RHO_TRIGGER: 4
FIX_RAND: 0
VERBOSITY: 1
PRINT_FORCES: 1
PRINT_ATOMS: 1
PRINT_EIGEN: 1
PRINT_DENSITY: 0
PRINT_ENERGY_DENSITY: 0
TOL_FOCK: 5.00E-05
TOL_SCF_INIT: 1.00E-03
MAXIT_FOCK: 1000
EXX_METHOD: FOURIER_SPACE
EXX_DIVERGENCE: AUXILIARY
EXX_MEM: 1
ACE_FLAG: 1
EXX_ACE_VALENCE_STATES: 10000
EXX_DOWNSAMPLING: 1 1 1
OUTPUT_FILE: sprc-calc
***************************************************************************
                                Cell                                       
***************************************************************************
Lattice vectors (Bohr):
18.897261258369284 0.000000000000000 0.000000000000000 
0.000000000000000 18.897261258369284 0.000000000000000 
0.000000000000000 0.000000000000000 20.074519060790919 
Volume                  :  7.1687409011E+03 (Bohr^3)
***************************************************************************
                           Parallelization                                 
***************************************************************************
NP_SPIN_PARAL: 1
NP_KPOINT_PARAL: 1
NP_BAND_PARAL: 1
NP_DOMAIN_PARAL: 6 7 8
NP_DOMAIN_PHI_PARAL: 6 7 8
EIG_SERIAL_MAXNS: 1500
***************************************************************************
                             Initialization                                
***************************************************************************
Number of processors               :  336
Mesh spacing in x-direction        :  0.188973 (Bohr)
Mesh spacing in y-direction        :  0.188973 (Bohr)
Mesh spacing in z direction        :  0.189382 (Bohr)
Output printed to                  :  sprc-calc.out
Final eigenvalues printed to       :  sprc-calc.eigen
Total number of atom types         :  1
Total number of atoms              :  2
Total number of electrons          :  12
Atom type 1  (valence electrons)   :  O 6
Pseudopotential                    :  O.psp8
Pseudocharge radii of atom type 1  :  6.99 6.99 7.01 (x, y, z dir)
Number of atoms of type 1          :  2
Estimated total memory usage       :  11.76 GB
Estimated memory per processor     :  35.83 MB
===================================================================
                    Self Consistent Field (SCF#1)                     
===================================================================
Iteration     Free Energy (Ha/atom)   SCF Error        Timing (sec)
1            -1.6466636526E+01        1.312E-01        0.425
2            -1.6462991465E+01        1.103E-01        0.121
3            -1.6463354456E+01        6.883E-02        0.143
4            -1.6442030630E+01        7.325E-02        0.121
5            -1.6442171652E+01        2.616E-02        0.151
6            -1.6442827020E+01        1.641E-02        0.146
7            -1.6442211392E+01        6.521E-03        0.155
8            -1.6441805509E+01        5.352E-04        0.054
Total number of SCF: 8     

k = [0.000, 0.000, 0.000]
Occupation of state 11 = 0.000000000000000.
Occupation of state 12 = 0.000000000000000.

No.1 Exx outer loop: 
1            -1.6249348000E+01        6.553E-03        0.163
2            -1.6243499400E+01        1.277E-02        0.175
3            -1.6240438875E+01        1.596E-02        0.146
4            -1.6255445588E+01        2.481E-03        0.126
5            -1.6255149349E+01        2.038E-03        0.138
6            -1.6253055231E+01        7.590E-04        0.172
7            -1.6252823372E+01        1.955E-04        0.117
8            -1.6252718046E+01        1.700E-04        0.134
9            -1.6252752968E+01        5.728E-05        0.118
10           -1.6252784136E+01        1.812E-05        0.122
11           -1.6252747416E+01        1.365E-05        0.115
12           -1.6252754578E+01        5.280E-06        0.127
13           -1.6252746853E+01        3.948E-06        0.134
14           -1.6252746653E+01        2.167E-06        0.113
15           -1.6252746755E+01        1.254E-06        0.126
16           -1.6252746839E+01        7.637E-07        0.057
Total number of SCF: 16    

k = [0.000, 0.000, 0.000]
Occupation of state 11 = 0.000000000000000.
Occupation of state 12 = 0.000000000000000.
Exx outer loop error: 3.9445343992e-01 

No.2 Exx outer loop: 
1            -1.6252605914E+01        1.604E-03        0.130
2            -1.6252144854E+01        1.156E-03        0.156
3            -1.6253030781E+01        2.235E-04        0.128
4            -1.6253377355E+01        3.017E-04        0.152
5            -1.6252942737E+01        9.966E-05        0.133
6            -1.6252903386E+01        6.033E-05        0.130
7            -1.6252853452E+01        4.261E-05        0.155
8            -1.6252798570E+01        4.647E-05        0.120
9            -1.6252834320E+01        1.996E-05        0.129
10           -1.6252812563E+01        1.241E-05        0.126
11           -1.6252815478E+01        7.246E-06        0.178
12           -1.6252807231E+01        3.008E-06        0.106
13           -1.6252809117E+01        2.271E-06        0.108
14           -1.6252808226E+01        1.597E-06        0.159
15           -1.6252809714E+01        8.090E-07        0.058
Total number of SCF: 15    

k = [0.000, 0.000, 0.000]
Occupation of state 11 = 0.000000000000000.
Occupation of state 12 = 0.000000000000000.
Exx outer loop error: 1.7984614845e-03 

No.3 Exx outer loop: 
1            -1.6252798033E+01        2.705E-03        0.144
2            -1.6252758769E+01        1.126E-03        0.136
3            -1.6252813706E+01        3.495E-05        0.117
4            -1.6252849303E+01        3.751E-05        0.144
5            -1.6252816745E+01        1.185E-05        0.117
6            -1.6252818584E+01        7.132E-06        0.117
7            -1.6252813755E+01        3.754E-06        0.115
8            -1.6252813717E+01        2.234E-06        0.140
9            -1.6252812520E+01        1.446E-06        0.115
10           -1.6252810827E+01        6.075E-07        0.057
Total number of SCF: 10    

k = [0.000, 0.000, 0.000]
Occupation of state 11 = 0.000000000000000.
Occupation of state 12 = 0.000000000000000.
Exx outer loop error: 1.3765484538e-04 

No.4 Exx outer loop: 
1            -1.6252818128E+01        4.696E-03        0.200
2            -1.6252805231E+01        1.943E-03        0.137
3            -1.6252931754E+01        7.511E-05        0.121
4            -1.6252878011E+01        3.998E-05        0.131
5            -1.6252832232E+01        2.383E-05        0.171
6            -1.6252807352E+01        9.091E-06        0.113
7            -1.6252809897E+01        4.655E-06        0.112
8            -1.6252813320E+01        2.880E-06        0.110
9            -1.6252810730E+01        1.853E-06        0.132
10           -1.6252810516E+01        1.258E-06        0.103
11           -1.6252810085E+01        9.724E-07        0.071
Total number of SCF: 11    

k = [0.000, 0.000, 0.000]
Occupation of state 11 = 0.000000000000000.
Occupation of state 12 = 0.000000000000000.
Exx outer loop error: 1.0802779775e-05 
====================================================================
                    Energy and force calculation                    
====================================================================
Free energy per atom               : -1.6252807794E+01 (Ha/atom)
Total free energy                  : -3.2505615588E+01 (Ha)
Band structure energy              : -7.9053733969E+00 (Ha)
Exchange correlation energy        : -7.6899782610E+00 (Ha)
Self and correction energy         : -4.8029799742E+01 (Ha)
Entropy*kb*T                       : -8.2916145992E-03 (Ha)
Fermi level                        : -2.3385441490E-01 (Ha)
RMS force                          :  4.8974260802E-02 (Ha/Bohr)
Maximum force                      :  4.8974260802E-02 (Ha/Bohr)
Time for force calculation         :  0.007 (sec)
***************************************************************************
                               Timing info                                 
***************************************************************************
Total walltime                     :  13.631 sec
___________________________________________________________________________

***************************************************************************
*             Material Physics & Mechanics Group, Georgia Tech            *
*                       PI: Phanish Suryanarayana                         *
*                Main Developers: Qimen Xu, Abhiraj Sharma                *
*     Collaborators: J.E. Pask (LLNL), A.J. Medford (GT), E. Chow (GT)    *
*  Acknowledgements: U.S. DOE (DE-SC0019410); U.S. NSF (1333500,1553212)  *
***************************************************************************
                                                                           

***************************************************************************
*                       SPARC (version May 02, 2022)                      *
*   Copyright (c) 2020 Material Physics & Mechanics Group, Georgia Tech   *
*           Distributed under GNU General Public License 3 (GPL)          *
*                   Start time: Wed Jun 29 15:27:40 2022                  *
***************************************************************************
                           Input parameters                                
***************************************************************************
CELL: 18.8972612583693 18.8972612583693 20.0745190607909 
LATVEC:
1.000000000000000 0.000000000000000 0.000000000000000 
0.000000000000000 1.000000000000000 0.000000000000000 
0.000000000000000 0.000000000000000 1.000000000000000 
FD_GRID: 100 100 106
FD_ORDER: 12
BC: D D D
SPIN_TYP: 1
ELEC_TEMP_TYPE: Gaussian
SMEARING: 0.007349864435
CHEB_DEGREE: 36
NSTATES: 12
EXCHANGE_CORRELATION: HSE
EXX_RANGE_FOCK: 0.106000
EXX_RANGE_PBE: 0.106000
CALC_STRESS: 0
CALC_PRES: 0
CHEFSI_BOUND_FLAG: 0
MAXIT_SCF: 100
MINIT_SCF: 3
MAXIT_POISSON: 3000
TOL_SCF: 1.00E-06
POISSON_SOLVER: AAR
TOL_POISSON: 1.00E-08
TOL_LANCZOS: 1.00E-02
TOL_PSEUDOCHARGE: 1.00E-08
MIXING_VARIABLE: density
MIXING_PRECOND: kerker
MIXING_PRECOND_MAG: none
TOL_PRECOND: 3.58E-05
PRECOND_KERKER_KTF: 1
PRECOND_KERKER_THRESH: 0.1
MIXING_PARAMETER: 0.3
MIXING_PARAMETER_MAG: 0.3
MIXING_HISTORY: 7
PULAY_FREQUENCY: 1
PULAY_RESTART: 0
REFERENCE_CUTOFF: 0.5
RHO_TRIGGER: 4
FIX_RAND: 0
VERBOSITY: 1
PRINT_FORCES: 1
PRINT_ATOMS: 1
PRINT_EIGEN: 1
PRINT_DENSITY: 0
PRINT_ENERGY_DENSITY: 0
TOL_FOCK: 5.00E-05
TOL_SCF_INIT: 1.00E-03
MAXIT_FOCK: 1000
EXX_METHOD: FOURIER_SPACE
EXX_DIVERGENCE: AUXILIARY
EXX_MEM: 1
ACE_FLAG: 1
EXX_ACE_VALENCE_STATES: 10000
EXX_DOWNSAMPLING: 1 1 1
OUTPUT_FILE: sprc-calc
***************************************************************************
                                Cell                                       
***************************************************************************
Lattice vectors (Bohr):
18.897261258369284 0.000000000000000 0.000000000000000 
0.000000000000000 18.897261258369284 0.000000000000000 
0.000000000000000 0.000000000000000 20.074519060790919 
Volume                  :  7.1687409011E+03 (Bohr^3)
***************************************************************************
                           Parallelization                                 
***************************************************************************
NP_SPIN_PARAL: 2
NP_KPOINT_PARAL: 1
NP_BAND_PARAL: 1
NP_DOMAIN_PARAL: 4 6 7
NP_DOMAIN_PHI_PARAL: 6 7 8
EIG_SERIAL_MAXNS: 1500
***************************************************************************
                             Initialization                                
***************************************************************************
Number of processors               :  336
Mesh spacing in x-direction        :  0.188973 (Bohr)
Mesh spacing in y-direction        :  0.188973 (Bohr)
Mesh spacing in z direction        :  0.189382 (Bohr)
Output printed to                  :  sprc-calc.out_01
Final eigenvalues printed to       :  sprc-calc.eigen_01
Total number of atom types         :  1
Total number of atoms              :  2
Total number of electrons          :  12
Atom type 1  (valence electrons)   :  O 6
Pseudopotential                    :  O.psp8
Pseudocharge radii of atom type 1  :  6.99 6.99 7.01 (x, y, z dir)
Number of atoms of type 1          :  2
Estimated total memory usage       :  12.54 GB
Estimated memory per processor     :  38.21 MB
========================================================================================
                    Self Consistent Field (SCF#1)                     
========================================================================================
Iteration     Free Energy (Ha/atom)    Magnetization     SCF Error        Timing (sec)
1            -1.6481082586E+01         2.0000E+00        1.174E-01        1.482
2            -1.6487170822E+01         2.0000E+00        8.384E-02        0.239
3            -1.6459988928E+01         2.0000E+00        1.760E-02        0.195
4            -1.6459600316E+01         2.0000E+00        1.043E-02        0.246
5            -1.6461678050E+01         2.0000E+00        3.450E-03        0.246
6            -1.6461215405E+01         2.0000E+00        1.086E-03        0.265
7            -1.6460285935E+01         2.0000E+00        4.434E-04        0.106
Total number of SCF: 7     

k = [0.000, 0.000, 0.000]
Occupation of state 11 = 0.000000000000000.
Occupation of state 12 = 0.000000000000000.

No.1 Exx outer loop: 
1            -1.6295398079E+01         2.0000E+00        5.819E-03        0.362
2            -1.6292945012E+01         2.0000E+00        1.020E-02        0.214
3            -1.6292207068E+01         2.0000E+00        1.317E-02        0.205
4            -1.6297156331E+01         2.0000E+00        3.631E-03        0.273
5            -1.6297619924E+01         2.0000E+00        2.560E-03        0.299
6            -1.6298138436E+01         2.0000E+00        4.277E-04        0.246
7            -1.6297983086E+01         2.0000E+00        3.557E-04        0.233
8            -1.6298074961E+01         2.0000E+00        1.607E-04        0.198
9            -1.6297950152E+01         2.0000E+00        6.988E-05        0.242
10           -1.6297951833E+01         2.0000E+00        4.404E-05        0.246
11           -1.6297912442E+01         2.0000E+00        2.036E-05        0.200
12           -1.6297896993E+01         2.0000E+00        1.554E-05        0.250
13           -1.6297880901E+01         2.0000E+00        1.031E-05        1.179
14           -1.6297875252E+01         2.0000E+00        6.614E-06        0.218
15           -1.6297871360E+01         2.0000E+00        3.448E-06        0.189
16           -1.6297870426E+01         2.0000E+00        2.076E-06        0.184
17           -1.6297869830E+01         2.0000E+00        1.626E-06        0.196
18           -1.6297869971E+01         2.0000E+00        7.084E-07        0.117
Total number of SCF: 18    

k = [0.000, 0.000, 0.000]
Occupation of state 11 = 0.000000000000000.
Occupation of state 12 = 0.000000000000000.
Exx outer loop error: 4.2408179964e-01 

No.2 Exx outer loop: 
1            -1.6297850249E+01         2.0000E+00        3.998E-04        0.276
2            -1.6297713950E+01         2.0000E+00        9.900E-04        0.213
3            -1.6297744425E+01         2.0000E+00        8.669E-04        0.231
4            -1.6297708809E+01         2.0000E+00        9.083E-04        1.259
5            -1.6297907973E+01         2.0000E+00        6.593E-04        0.579
6            -1.6297840284E+01         2.0000E+00        6.570E-04        0.753
7            -1.6297925665E+01         2.0000E+00        5.270E-04        0.222
8            -1.6297938107E+01         2.0000E+00        3.612E-04        0.946
9            -1.6298005098E+01         2.0000E+00        1.500E-04        0.231
10           -1.6298030770E+01         2.0000E+00        2.303E-05        0.235
11           -1.6297987045E+01         2.0000E+00        1.167E-05        0.206
12           -1.6297970725E+01         2.0000E+00        6.894E-06        0.240
13           -1.6297963491E+01         2.0000E+00        4.052E-06        0.241
14           -1.6297960882E+01         2.0000E+00        2.883E-06        0.187
15           -1.6297958666E+01         2.0000E+00        1.203E-06        0.212
16           -1.6297957864E+01         2.0000E+00        6.659E-07        0.125
Total number of SCF: 16    

k = [0.000, 0.000, 0.000]
Occupation of state 11 = 0.000000000000000.
Occupation of state 12 = 0.000000000000000.
Exx outer loop error: 1.1721807497e-03 

No.3 Exx outer loop: 
1            -1.6297958298E+01         2.0000E+00        5.317E-05        0.176
2            -1.6297961007E+01         2.0000E+00        1.577E-04        0.238
3            -1.6297976389E+01         2.0000E+00        1.481E-04        0.150
4            -1.6297986969E+01         2.0000E+00        1.696E-04        0.155
5            -1.6297970757E+01         2.0000E+00        1.175E-04        0.152
6            -1.6297980101E+01         2.0000E+00        9.962E-05        0.148
7            -1.6297969758E+01         2.0000E+00        7.603E-05        0.229
8            -1.6297970897E+01         2.0000E+00        6.021E-05        0.158
9            -1.6297967423E+01         2.0000E+00        4.096E-05        0.203
10           -1.6297967268E+01         2.0000E+00        4.223E-06        0.162
11           -1.6297963311E+01         2.0000E+00        2.616E-06        0.201
12           -1.6297961058E+01         2.0000E+00        1.732E-06        0.181
13           -1.6297959576E+01         2.0000E+00        1.023E-06        0.153
14           -1.6297958876E+01         2.0000E+00        4.914E-07        0.093
Total number of SCF: 14    

k = [0.000, 0.000, 0.000]
Occupation of state 11 = 0.000000000000000.
Occupation of state 12 = 0.000000000000000.
Exx outer loop error: 7.0697013500e-05 

No.4 Exx outer loop: 
1            -1.6297959590E+01         2.0000E+00        9.622E-06        0.183
2            -1.6297962970E+01         2.0000E+00        2.874E-05        0.174
3            -1.6297961162E+01         2.0000E+00        1.824E-05        0.134
4            -1.6297960587E+01         2.0000E+00        1.687E-05        0.182
5            -1.6297958749E+01         2.0000E+00        1.161E-05        0.195
6            -1.6297958340E+01         2.0000E+00        8.338E-06        0.148
7            -1.6297958560E+01         2.0000E+00        1.018E-06        0.135
8            -1.6297958811E+01         2.0000E+00        6.965E-07        0.111
Total number of SCF: 8     

k = [0.000, 0.000, 0.000]
Occupation of state 11 = 0.000000000000000.
Occupation of state 12 = 0.000000000000000.
Exx outer loop error: 7.6197889198e-07 
====================================================================
                    Energy and force calculation                    
====================================================================
Free energy per atom               : -1.6297953325E+01 (Ha/atom)
Total free energy                  : -3.2595906649E+01 (Ha)
Band structure energy              : -7.9895182274E+00 (Ha)
Exchange correlation energy        : -7.8137987616E+00 (Ha)
Self and correction energy         : -4.8029799742E+01 (Ha)
Entropy*kb*T                       : -2.2265559574E-11 (Ha)
Fermi level                        : -2.9104864070E-01 (Ha)
RMS force                          :  5.3091176016E-02 (Ha/Bohr)
Maximum force                      :  5.3091176016E-02 (Ha/Bohr)
Time for force calculation         :  0.010 (sec)
***************************************************************************
                               Timing info                                 
***************************************************************************
Total walltime                     :  23.952 sec
___________________________________________________________________________

***************************************************************************
*             Material Physics & Mechanics Group, Georgia Tech            *
*                       PI: Phanish Suryanarayana                         *
*                Main Developers: Qimen Xu, Abhiraj Sharma                *
*     Collaborators: J.E. Pask (LLNL), A.J. Medford (GT), E. Chow (GT)    *
*  Acknowledgements: U.S. DOE (DE-SC0019410); U.S. NSF (1333500,1553212)  *
***************************************************************************
                                                                           
