***************************************************************************
*                       SPARC (version Nov 19, 2021)                      *
*   Copyright (c) 2020 Material Physics & Mechanics Group, Georgia Tech   *
*           Distributed under GNU General Public License 3 (GPL)          *
*                   Start time: Tue Dec 14 14:44:53 2021                  *
***************************************************************************
                           Input parameters                                
***************************************************************************
CELL: 12.4338823950489 11.2657846029438 47.5378507412217 
LATVEC:
1.000000000000000 0.000000000000000 0.000000000000000 
-0.000130020950961 0.999999991547276 0.000000000000000 
0.000000000000000 -0.000000000000000 1.000000000000000 
FD_GRID: 66 60 252
FD_ORDER: 12
BC: P P D
KPOINT_GRID: 4 4 1
KPOINT_SHIFT: 0 0 0
SPIN_TYP: 1
ELEC_TEMP_TYPE: Gaussian
SMEARING: 0.007349864435
CHEB_DEGREE: 37
NSTATES: 235
EXCHANGE_CORRELATION: HSE
CALC_STRESS: 0
CALC_PRES: 0
CHEFSI_BOUND_FLAG: 0
MAXIT_SCF: 100
MINIT_SCF: 3
MAXIT_POISSON: 3000
TOL_SCF: 1.00E-06
POISSON_SOLVER: AAR
TOL_POISSON: 1.00E-08
TOL_LANCZOS: 1.00E-02
TOL_PSEUDOCHARGE: 1.00E-08
MIXING_VARIABLE: density
MIXING_PRECOND: kerker
MIXING_PRECOND_MAG: none
TOL_PRECOND: 3.54E-05
PRECOND_KERKER_KTF: 1
PRECOND_KERKER_THRESH: 0.1
MIXING_PARAMETER: 0.3
MIXING_PARAMETER_MAG: 0.3
MIXING_HISTORY: 7
PULAY_FREQUENCY: 1
PULAY_RESTART: 0
REFERENCE_CUTOFF: 0.5
RHO_TRIGGER: 4
FIX_RAND: 0
VERBOSITY: 1
PRINT_FORCES: 1
PRINT_ATOMS: 1
PRINT_EIGEN: 1
PRINT_DENSITY: 0
PRINT_ENERGY_DENSITY: 0
TOL_FOCK: 5.00E-05
TOL_SCF_INIT: 1.00E-04
MAXIT_FOCK: 1000
EXX_METHOD: FOURIER_SPACE
EXX_DIVERGENCE: AUXILIARY
ACE_FLAG: 1
EXX_ACE_MEM: 1
EXX_ACE_VALENCE_STATES: 10000
EXX_DOWNSAMPLING: 1 1 1
EXX_RANGE_FOCK: 0.106000
EXX_RANGE_PBE: 0.106000
OUTPUT_FILE: sprc-calc
***************************************************************************
                                Cell                                       
***************************************************************************
Lattice vectors (Bohr):
12.433882395048860 0.000000000000000 0.000000000000000 
-0.001464788027397 11.265784507717260 0.000000000000000 
0.000000000000000 -0.000000000000000 47.537850741221725 
Volume                  :  6.6589804186E+03 (Bohr^3)
***************************************************************************
                           Parallelization                                 
***************************************************************************
NP_SPIN_PARAL: 2
NP_KPOINT_PARAL: 10
NP_BAND_PARAL: 1
NP_DOMAIN_PARAL: 2 1 8
NP_DOMAIN_PHI_PARAL: 4 4 21
EIG_SERIAL_MAXNS: 1500
***************************************************************************
                             Initialization                                
***************************************************************************
Number of processors               :  336
Mesh spacing in x-direction        :  0.188392 (Bohr)
Mesh spacing in y-direction        :  0.187763 (Bohr)
Mesh spacing in z direction        :  0.188642 (Bohr)
Number of symmetry adapted k-points:  10
Output printed to                  :  sprc-calc.out
Final eigenvalues printed to       :  sprc-calc.eigen
Total number of atom types         :  4
Total number of atoms              :  50
Total number of electrons          :  384
Atom type 1  (valence electrons)   :  C 4
Pseudopotential                    :  C.psp8
Pseudocharge radii of atom type 1  :  6.78 6.76 6.79 (x, y, z dir)
Number of atoms of type 1          :  1
Atom type 2  (valence electrons)   :  H 1
Pseudopotential                    :  H.psp8
Pseudocharge radii of atom type 2  :  3.77 3.76 3.77 (x, y, z dir)
Number of atoms of type 2          :  2
Atom type 3  (valence electrons)   :  O 6
Pseudopotential                    :  O.psp8
Pseudocharge radii of atom type 3  :  6.78 6.76 6.79 (x, y, z dir)
Number of atoms of type 3          :  31
Atom type 4  (valence electrons)   :  Ti 12
Pseudopotential                    :  Ti.psp8
Pseudocharge radii of atom type 4  :  6.78 6.76 6.79 (x, y, z dir)
Number of atoms of type 4          :  16
Estimated total memory usage       :  441.81 GB
Estimated memory per processor     :  1.31 GB
========================================================================================
                    Self Consistent Field (SCF#1)                     
========================================================================================
Iteration     Free Energy (Ha/atom)    Magnetization     SCF Error        Timing (sec)
1            -2.8965789144E+01         7.1227E+00        4.361E-01        291.242
2            -3.0887841018E+01         8.5616E+00        4.522E-01        72.972
3            -2.9641159311E+01         1.3977E+01        3.647E-01        73.369
4            -2.9216122987E+01         1.0738E+01        3.158E-01        73.506
5            -2.9320433887E+01         4.4010E+00        2.579E-01        73.874
6            -2.9383602279E+01         7.1054E+00        1.864E-01        72.726
7            -2.9442665731E+01         5.7180E+00        1.896E-01        73.608
8            -2.9443683396E+01         3.3950E+00        1.474E-01        73.079
9            -2.9428742639E+01         2.4554E+00        1.285E-01        73.765
10           -2.9416156914E+01         2.3476E+00        1.162E-01        73.646
11           -2.9394968283E+01        -3.8777E-01        1.057E-01        73.174
12           -2.9366732720E+01        -1.3380E+00        9.851E-02        73.098
13           -2.9338038720E+01         2.2030E-06        9.714E-02        73.088
14           -2.9315624772E+01         7.7607E-02        8.615E-02        73.244
15           -2.9266845302E+01         1.5179E-01        6.804E-02        72.984
16           -2.9170977756E+01        -4.3163E-01        7.810E-02        72.631
17           -2.9187895840E+01         1.0102E+00        5.409E-02        75.449
18           -2.9185390651E+01        -6.3659E-02        4.735E-02        75.922
19           -2.9161351797E+01         2.3740E+00        4.973E-02        75.658
20           -2.9167980950E+01         4.1311E-02        3.821E-02        77.047
21           -2.9115766970E+01         1.0459E+00        6.185E-02        76.567
22           -2.9131859845E+01         3.8715E-01        2.612E-02        75.658
23           -2.9132854662E+01         6.8720E-02        2.594E-02        76.627
24           -2.9107276708E+01        -8.8746E-06        2.111E-02        75.651
25           -2.9099889601E+01        -4.0381E-02        1.685E-02        76.387
26           -2.9096300919E+01         6.0969E-04        1.608E-02        75.866
27           -2.9089238045E+01        -2.9863E-01        2.934E-02        75.854
28           -2.9083833206E+01        -1.0397E-01        1.471E-02        76.478
29           -2.9073912913E+01         8.7536E-04        1.287E-02        75.733
30           -2.9063221629E+01         8.9552E-02        7.990E-03        75.830
31           -2.9065459221E+01         6.1914E-04        1.120E-02        75.683
32           -2.9055852530E+01         9.7417E-04        8.656E-03        75.753
33           -2.9053374558E+01         7.7590E-04        7.157E-03        75.721
34           -2.9049985012E+01         4.8840E-04        5.784E-03        76.087
35           -2.9047074206E+01        -2.9375E-02        1.475E-02        76.080
36           -2.9046956977E+01        -7.5912E-03        5.006E-03        76.735
37           -2.9047339610E+01        -6.2114E-02        3.006E-02        75.730
38           -2.9046436643E+01         1.7253E-03        2.222E-02        75.886
39           -2.9049550445E+01        -1.2064E-03        6.632E-02        75.653
40           -2.9053075940E+01        -2.5876E-02        8.942E-02        75.415
41           -2.9052142913E+01        -4.4796E-02        8.535E-02        75.797
42           -2.9048584944E+01        -2.8489E-02        5.642E-02        76.021
43           -2.9045238822E+01         1.8363E-03        2.900E-03        76.956
44           -2.9044979053E+01         7.5824E-04        2.388E-03        76.149
45           -2.9044678339E+01         4.7948E-04        2.123E-03        76.381
46           -2.9043987366E+01         3.3613E-04        1.872E-03        76.642
47           -2.9043599286E+01         2.7223E-04        1.927E-03        76.089
48           -2.9043490184E+01         1.6861E-04        1.867E-03        76.612
49           -2.9043200295E+01         1.1882E-05        1.827E-03        75.749
50           -2.9042993396E+01        -2.5298E-05        1.821E-03        76.407
51           -2.9043020678E+01        -4.2089E-05        1.171E-03        75.714
52           -2.9042747675E+01        -9.6223E-05        7.655E-04        78.578
53           -2.9042615336E+01        -1.1721E-04        4.633E-04        75.608
54           -2.9042522125E+01        -9.3926E-05        2.972E-04        76.477
55           -2.9042487910E+01        -9.9483E-05        1.944E-04        76.154
56           -2.9042449324E+01        -4.9508E-05        1.172E-04        75.546
57           -2.9042418643E+01        -4.3549E-05        8.000E-05        75.716
Total number of SCF: 57    

k = [-0.250, -0.250, 0.000]
Occupation of state 212 = 0.000000000000000.
Occupation of state 235 = 0.000000000000000.

No.1 Exx outer loop: 
1            -2.8839530134E+01         4.7947E-10        1.439E-02        120.808
2            -2.8830852890E+01         1.4959E-09        1.358E-02        121.549
3            -2.8832923754E+01         3.3193E-09        1.020E-02        117.216
4            -2.8837413500E+01         1.3142E-09        5.142E-03        116.500
5            -2.8841777347E+01         4.4047E-07        1.750E-03        117.427
6            -2.8841953989E+01        -1.6303E-07        1.073E-03        118.002
7            -2.8841103893E+01        -3.2495E-08        6.633E-04        116.437
8            -2.8841218462E+01        -6.1611E-09        3.681E-04        116.251
9            -2.8841088476E+01         3.7011E-10        2.796E-04        116.593
10           -2.8841162981E+01         6.0595E-10        1.691E-04        116.195
11           -2.8841092401E+01         5.7463E-10        1.178E-04        116.292
12           -2.8841075841E+01         6.7217E-10        6.722E-05        116.575
13           -2.8841067268E+01         6.9636E-10        4.416E-05        116.435
14           -2.8841057099E+01         7.2095E-10        2.425E-05        116.629
15           -2.8841050094E+01         7.4948E-10        1.512E-05        116.183
16           -2.8841047311E+01         7.7324E-10        8.799E-06        116.163
17           -2.8841047874E+01         7.7412E-10        5.365E-06        117.458
18           -2.8841047497E+01         7.6972E-10        4.158E-06        115.539
19           -2.8841047226E+01         7.6460E-10        2.901E-06        116.078
20           -2.8841048228E+01         7.6426E-10        1.380E-06        115.592
21           -2.8841048555E+01         7.6588E-10        9.698E-07        116.007
Total number of SCF: 21    

k = [-0.250, -0.250, 0.000]
Occupation of state 212 = 0.000000000000000.
Occupation of state 235 = 0.000000000000000.
Exx outer loop error: 6.4328749891e-01 

No.2 Exx outer loop: 
1            -2.8841338719E+01         9.3090E-10        1.504E-03        119.129
2            -2.8840619481E+01         1.0577E-09        1.597E-03        115.484
3            -2.8841581291E+01         9.4009E-05        2.010E-03        116.252
4            -2.8841013924E+01         5.9661E-07        1.292E-03        116.063
5            -2.8841460927E+01         1.9250E-07        5.870E-04        116.801
6            -2.8841453985E+01         4.4147E-09        4.126E-04        115.919
7            -2.8841564615E+01         1.2591E-08        2.244E-04        118.463
8            -2.8841458525E+01         5.4886E-09        1.631E-04        116.144
9            -2.8841448850E+01         4.9742E-09        1.043E-04        116.799
10           -2.8841421165E+01         2.6587E-09        7.270E-05        116.211
11           -2.8841383736E+01         1.7158E-09        5.179E-05        115.829
12           -2.8841363223E+01         1.2335E-09        4.093E-05        115.773
13           -2.8841351143E+01         1.0074E-09        2.342E-05        115.842
14           -2.8841347951E+01         9.7776E-10        1.874E-05        116.673
15           -2.8841340582E+01         9.6270E-10        1.623E-05        116.353
16           -2.8841337549E+01         9.6708E-10        1.662E-05        115.926
17           -2.8841331278E+01         9.3476E-10        1.176E-05        115.255
18           -2.8841326449E+01         8.9699E-10        9.104E-06        115.586
19           -2.8841323130E+01         8.7061E-10        6.749E-06        116.210
20           -2.8841317287E+01         8.4736E-10        4.958E-06        116.095
21           -2.8841315607E+01         8.3782E-10        4.251E-06        116.121
22           -2.8841313253E+01         8.2733E-10        2.706E-06        116.378
23           -2.8841312833E+01         8.2261E-10        2.206E-06        118.462
24           -2.8841312790E+01         8.2053E-10        1.733E-06        115.636
25           -2.8841312462E+01         8.1869E-10        1.435E-06        115.945
26           -2.8841312335E+01         8.1752E-10        9.106E-07        115.327
Total number of SCF: 26    

k = [-0.250, -0.250, 0.000]
Occupation of state 212 = 0.000000000000000.
Occupation of state 235 = 0.000000000000000.
Exx outer loop error: 1.0761085219e-02 

No.3 Exx outer loop: 
1            -2.8841343078E+01         6.7612E-10        2.146E-04        119.314
2            -2.8841275022E+01         6.7365E-10        3.099E-04        115.838
3            -2.8841338015E+01         9.4138E-10        3.794E-04        115.657
4            -2.8841518195E+01         1.9571E-08        5.563E-04        115.584
5            -2.8841377749E+01         9.9897E-10        2.428E-04        116.109
6            -2.8841361642E+01         6.1135E-10        1.637E-04        115.633
7            -2.8841341584E+01         5.0551E-10        8.341E-05        117.094
8            -2.8841342099E+01         5.0053E-10        6.321E-05        115.480
9            -2.8841337824E+01         4.9798E-10        5.627E-05        115.677
10           -2.8841325583E+01         4.8442E-10        3.419E-05        116.174
11           -2.8841316686E+01         5.0244E-10        2.397E-05        116.106
12           -2.8841319350E+01         5.1682E-10        1.679E-05        115.435
13           -2.8841324036E+01         5.3157E-10        1.139E-05        115.652
14           -2.8841329485E+01         5.4229E-10        7.297E-06        115.398
15           -2.8841328618E+01         5.3851E-10        5.939E-06        115.767
16           -2.8841327496E+01         5.3706E-10        4.867E-06        115.545
17           -2.8841326182E+01         5.3390E-10        4.657E-06        115.369
18           -2.8841325044E+01         5.3217E-10        4.264E-06        115.717
19           -2.8841323259E+01         5.2955E-10        3.076E-06        115.743
20           -2.8841322612E+01         5.2847E-10        2.386E-06        115.547
21           -2.8841320829E+01         5.2586E-10        1.322E-06        116.294
22           -2.8841320551E+01         5.2555E-10        1.043E-06        116.211
23           -2.8841320082E+01         5.2523E-10        9.065E-07        117.093
Total number of SCF: 23    

k = [-0.250, -0.250, 0.000]
Occupation of state 212 = 0.000000000000000.
Occupation of state 235 = 0.000000000000000.
Exx outer loop error: 1.0849852802e-03 

No.4 Exx outer loop: 
1            -2.8841326238E+01         3.9563E-10        4.040E-05        120.502
2            -2.8841320513E+01         3.8168E-10        7.979E-05        116.974
3            -2.8841333817E+01         3.9898E-10        1.056E-04        116.132
4            -2.8841332661E+01         3.9171E-10        8.665E-05        116.058
5            -2.8841320778E+01         3.6849E-10        7.117E-05        116.234
6            -2.8841321323E+01         3.6351E-10        6.433E-05        116.087
7            -2.8841321042E+01         3.6323E-10        6.372E-05        116.693
8            -2.8841321236E+01         3.6258E-10        6.302E-05        116.406
9            -2.8841321761E+01         3.6167E-10        6.178E-05        116.767
10           -2.8841329684E+01         3.2912E-10        2.202E-05        119.311
11           -2.8841331205E+01         3.1721E-10        1.407E-05        116.403
12           -2.8841331281E+01         3.0772E-10        1.022E-05        117.097
13           -2.8841328390E+01         3.0357E-10        6.716E-06        116.907
14           -2.8841324533E+01         3.0172E-10        3.697E-06        117.257
15           -2.8841321691E+01         3.0047E-10        2.189E-06        116.780
16           -2.8841320595E+01         3.0010E-10        1.659E-06        116.057
17           -2.8841319644E+01         3.0005E-10        1.258E-06        115.711
18           -2.8841319579E+01         2.9985E-10        9.351E-07        116.177
Total number of SCF: 18    

k = [-0.250, -0.250, 0.000]
Occupation of state 212 = 0.000000000000000.
Occupation of state 235 = 0.000000000000000.
Exx outer loop error: 4.3006685406e-04 

No.5 Exx outer loop: 
1            -2.8841320624E+01         2.1933E-10        1.079E-05        120.432
2            -2.8841321283E+01         2.1004E-10        2.691E-05        116.189
3            -2.8841324421E+01         2.0896E-10        2.815E-05        115.860
4            -2.8841324088E+01         2.1134E-10        3.049E-05        128.056
5            -2.8841325455E+01         2.1251E-10        3.136E-05        143.865
6            -2.8841326605E+01         2.1356E-10        3.277E-05        137.614
7            -2.8841324203E+01         2.1350E-10        3.324E-05        148.700
8            -2.8841323096E+01         2.1177E-10        3.199E-05        150.572
9            -2.8841322923E+01         2.1183E-10        3.198E-05        144.414
10           -2.8841326912E+01         1.9364E-10        1.703E-05        139.908
11           -2.8841330895E+01         1.8369E-10        9.734E-06        145.825
12           -2.8841332261E+01         1.7889E-10        7.140E-06        134.486
13           -2.8841325681E+01         1.7414E-10        4.541E-06        134.602
14           -2.8841322438E+01         1.7181E-10        3.405E-06        150.672
15           -2.8841321943E+01         1.6865E-10        2.047E-06        155.769
16           -2.8841321179E+01         1.6757E-10        1.267E-06        128.333
17           -2.8841320955E+01         1.6695E-10        1.027E-06        115.545
18           -2.8841320777E+01         1.6712E-10        7.565E-07        115.803
Total number of SCF: 18    

k = [-0.250, -0.250, 0.000]
Occupation of state 212 = 0.000000000000000.
Occupation of state 235 = 0.000000000000000.
Exx outer loop error: 2.3160807101e-04 

No.6 Exx outer loop: 
1            -2.8841321892E+01         1.1843E-10        7.601E-06        119.950
2            -2.8841321772E+01         1.1636E-10        1.195E-05        115.793
3            -2.8841324175E+01         1.0840E-10        1.279E-05        115.703
4            -2.8841323927E+01         1.0863E-10        1.166E-05        115.985
5            -2.8841324928E+01         1.1124E-10        1.358E-05        115.449
6            -2.8841324104E+01         1.0601E-10        1.196E-05        115.785
7            -2.8841323444E+01         1.0496E-10        9.997E-06        116.227
8            -2.8841322325E+01         1.0411E-10        7.334E-06        116.518
9            -2.8841322331E+01         1.0371E-10        7.114E-06        120.608
10           -2.8841322013E+01         9.2882E-11        3.005E-06        115.220
11           -2.8841321465E+01         9.3564E-11        1.866E-06        115.791
12           -2.8841321207E+01         9.2513E-11        1.387E-06        116.396
13           -2.8841320864E+01         9.2342E-11        1.132E-06        115.621
14           -2.8841320637E+01         9.2143E-11        7.253E-07        115.321
Total number of SCF: 14    

k = [-0.250, -0.250, 0.000]
Occupation of state 212 = 0.000000000000000.
Occupation of state 235 = 0.000000000000000.
Exx outer loop error: 2.9007998638e-05 
====================================================================
                    Energy and force calculation                    
====================================================================
Free energy per atom               : -2.8841319539E+01 (Ha/atom)
Total free energy                  : -1.4420659770E+03 (Ha)
Band structure energy              : -3.7378998497E+02 (Ha)
Exchange correlation energy        : -1.6360044342E+02 (Ha)
Self and correction energy         : -1.8984981852E+03 (Ha)
Entropy*kb*T                       : -4.7630440212E-09 (Ha)
Fermi level                        : -2.1492267000E-01 (Ha)
RMS force                          :  2.0909419000E-02 (Ha/Bohr)
Maximum force                      :  9.5153385094E-02 (Ha/Bohr)
Time for force calculation         :  1.821 (sec)
***************************************************************************
                               Timing info                                 
***************************************************************************
Total walltime                     :  54710.258 sec
___________________________________________________________________________

***************************************************************************
*             Material Physics & Mechanics Group, Georgia Tech            *
*                       PI: Phanish Suryanarayana                         *
*                Main Developers: Qimen Xu, Abhiraj Sharma                *
*     Collaborators: J.E. Pask (LLNL), A.J. Medford (GT), E. Chow (GT)    *
*  Acknowledgements: U.S. DOE (DE-SC0019410); U.S. NSF (1333500,1553212)  *
***************************************************************************
                                                                           
