                Step[ FC]     Time          Energy          fmax
*Force-consistent energies used in optimization.
BFGSLineSearch:    0[  0] 15:55:45   -40021.567682*       6.2896
BFGSLineSearch:    1[  2] 16:06:25   -40022.003000*       2.2180
BFGSLineSearch:    2[  4] 16:19:16   -40022.192005*       2.2556
BFGSLineSearch:    3[  6] 16:31:50   -40022.325040*       0.9510
BFGSLineSearch:    4[  8] 16:42:15   -40022.401911*       1.0914
BFGSLineSearch:    5[ 10] 16:51:44   -40022.443600*       0.6148
BFGSLineSearch:    6[ 12] 17:00:02   -40022.482242*       0.5257
BFGSLineSearch:    7[ 14] 17:08:59   -40022.513673*       0.4132
BFGSLineSearch:    8[ 16] 17:18:07   -40022.549144*       0.6748
BFGSLineSearch:    9[ 18] 17:27:09   -40022.593779*       0.8337
BFGSLineSearch:   10[ 19] 17:31:43   -40022.651354*       1.8099
BFGSLineSearch:   11[ 21] 17:42:12   -40022.731248*       1.9842
BFGSLineSearch:   12[ 23] 17:51:40   -40022.834259*       1.0136
BFGSLineSearch:   13[ 25] 18:02:04   -40022.880855*       0.8923
BFGSLineSearch:   14[ 27] 18:13:16   -40022.931138*       0.8121
BFGSLineSearch:   15[ 28] 18:17:56   -40022.966724*       0.5415
BFGSLineSearch:   16[ 30] 18:26:51   -40022.985702*       0.4809
BFGSLineSearch:   17[ 32] 18:34:30   -40022.998458*       0.5049
BFGSLineSearch:   18[ 34] 18:43:51   -40023.010740*       0.2664
BFGSLineSearch:   19[ 35] 18:47:59   -40023.023924*       0.3333
BFGSLineSearch:   20[ 37] 18:58:14   -40023.041994*       0.2960
BFGSLineSearch:   21[ 38] 19:02:45   -40023.053313*       0.4365
BFGSLineSearch:   22[ 39] 19:07:10   -40023.070545*       0.4432
BFGSLineSearch:   23[ 41] 19:17:28   -40023.083316*       0.2993
BFGSLineSearch:   24[ 43] 19:25:15   -40023.093743*       0.2810
BFGSLineSearch:   25[ 45] 19:35:10   -40023.101460*       0.3022
BFGSLineSearch:   26[ 46] 19:39:05   -40023.111149*       0.2067
BFGSLineSearch:   27[ 47] 19:43:32   -40023.117774*       0.1666
                Step[ FC]     Time          Energy          fmax
*Force-consistent energies used in optimization.
BFGSLineSearch:    0[  0] 23:24:29   -40023.117769*       0.1640
BFGSLineSearch:    1[  2] 23:46:46   -40023.122030*       0.1089
BFGSLineSearch:    2[  3] 23:51:31   -40023.125307*       0.1292
BFGSLineSearch:    3[  4] 23:56:44   -40023.130736*       0.1585
BFGSLineSearch:    4[  5] 00:00:57   -40023.132914*       0.1375
BFGSLineSearch:    5[  6] 00:04:28   -40023.134719*       0.0628
BFGSLineSearch:    6[  7] 00:09:33   -40023.135712*       0.0791
BFGSLineSearch:    7[  8] 00:14:13   -40023.137341*       0.1451
BFGSLineSearch:    8[  9] 00:18:30   -40023.138903*       0.1080
BFGSLineSearch:    9[ 10] 00:25:00   -40023.140994*       0.0621
BFGSLineSearch:   10[ 11] 00:30:15   -40023.143919*       0.0897
BFGSLineSearch:   11[ 12] 00:35:10   -40023.146839*       0.0838
BFGSLineSearch:   12[ 13] 00:41:31   -40023.150226*       0.0690
BFGSLineSearch:   13[ 14] 00:46:00   -40023.152712*       0.1250
BFGSLineSearch:   14[ 15] 00:49:39   -40023.155080*       0.1323
BFGSLineSearch:   15[ 16] 00:53:21   -40023.157577*       0.0882
BFGSLineSearch:   16[ 17] 00:58:22   -40023.161281*       0.0904
BFGSLineSearch:   17[ 18] 01:03:11   -40023.165129*       0.0826
BFGSLineSearch:   18[ 19] 01:07:52   -40023.169814*       0.1216
BFGSLineSearch:   19[ 20] 01:13:55   -40023.176072*       0.1485
BFGSLineSearch:   20[ 21] 01:19:54   -40023.182979*       0.1518
BFGSLineSearch:   21[ 22] 01:25:29   -40023.189473*       0.2540
BFGSLineSearch:   22[ 24] 01:35:26   -40023.193669*       0.2038
BFGSLineSearch:   23[ 25] 01:40:10   -40023.199119*       0.1952
BFGSLineSearch:   24[ 26] 01:44:32   -40023.205038*       0.1539
BFGSLineSearch:   25[ 27] 01:48:44   -40023.212947*       0.2662
BFGSLineSearch:   26[ 29] 02:00:37   -40023.218428*       0.2218
BFGSLineSearch:   27[ 30] 02:04:45   -40023.230336*       0.2308
BFGSLineSearch:   28[ 31] 02:10:14   -40023.243211*       0.2002
BFGSLineSearch:   29[ 32] 02:16:26   -40023.258416*       0.4170
BFGSLineSearch:   30[ 34] 02:28:26   -40023.267717*       0.1997
BFGSLineSearch:   31[ 35] 02:34:45   -40023.280810*       0.2886
BFGSLineSearch:   32[ 36] 02:39:41   -40023.289376*       0.2791
BFGSLineSearch:   33[ 37] 02:44:04   -40023.293890*       0.2902
BFGSLineSearch:   34[ 38] 02:48:06   -40023.298853*       0.2091
BFGSLineSearch:   35[ 39] 02:52:04   -40023.303582*       0.2372
BFGSLineSearch:   36[ 40] 02:56:34   -40023.308001*       0.1740
BFGSLineSearch:   37[ 41] 03:00:49   -40023.313526*       0.1513
BFGSLineSearch:   38[ 42] 03:05:07   -40023.320106*       0.3903
BFGSLineSearch:   39[ 43] 03:10:59   -40023.326399*       0.2092
BFGSLineSearch:   40[ 44] 03:17:35   -40023.331068*       0.2440
BFGSLineSearch:   41[ 45] 03:21:24   -40023.335336*       0.1902
BFGSLineSearch:   42[ 46] 03:25:48   -40023.338318*       0.0603
BFGSLineSearch:   43[ 47] 03:29:15   -40023.340230*       0.0869
BFGSLineSearch:   44[ 49] 03:37:37   -40023.341556*       0.1077
BFGSLineSearch:   45[ 50] 03:42:32   -40023.343418*       0.0998
BFGSLineSearch:   46[ 51] 03:47:04   -40023.344740*       0.0459
