***************************************************************************
*                       SPARC (version Dec 27, 2021)                      *
*   Copyright (c) 2020 Material Physics & Mechanics Group, Georgia Tech   *
*           Distributed under GNU General Public License 3 (GPL)          *
*                   Start time: Fri Jan 14 05:33:23 2022                  *
***************************************************************************
                           Input parameters                                
***************************************************************************
CELL: 12.4338823950489 11.2657846029438 47.5378507412217 
LATVEC:
1.000000000000000 0.000000000000000 0.000000000000000 
-0.000130020950961 0.999999991547276 0.000000000000000 
0.000000000000000 -0.000000000000000 1.000000000000000 
FD_GRID: 66 60 252
FD_ORDER: 12
BC: P P D
KPOINT_GRID: 4 4 1
KPOINT_SHIFT: 0 0 0
SPIN_TYP: 1
ELEC_TEMP_TYPE: Gaussian
SMEARING: 0.007349864435
CHEB_DEGREE: 37
NSTATES: 239
EXCHANGE_CORRELATION: HSE
CALC_STRESS: 0
CALC_PRES: 0
CHEFSI_BOUND_FLAG: 0
MAXIT_SCF: 100
MINIT_SCF: 3
MAXIT_POISSON: 3000
TOL_SCF: 1.00E-06
POISSON_SOLVER: AAR
TOL_POISSON: 1.00E-08
TOL_LANCZOS: 1.00E-02
TOL_PSEUDOCHARGE: 1.00E-08
MIXING_VARIABLE: density
MIXING_PRECOND: kerker
MIXING_PRECOND_MAG: none
TOL_PRECOND: 3.54E-05
PRECOND_KERKER_KTF: 1
PRECOND_KERKER_THRESH: 0.1
MIXING_PARAMETER: 0.3
MIXING_PARAMETER_MAG: 0.3
MIXING_HISTORY: 7
PULAY_FREQUENCY: 1
PULAY_RESTART: 0
REFERENCE_CUTOFF: 0.5
RHO_TRIGGER: 4
FIX_RAND: 0
VERBOSITY: 1
PRINT_FORCES: 1
PRINT_ATOMS: 1
PRINT_EIGEN: 1
PRINT_DENSITY: 0
PRINT_ENERGY_DENSITY: 0
TOL_FOCK: 5.00E-05
TOL_SCF_INIT: 1.00E-04
MAXIT_FOCK: 1000
EXX_METHOD: FOURIER_SPACE
EXX_DIVERGENCE: AUXILIARY
ACE_FLAG: 1
EXX_ACE_MEM: 1
EXX_ACE_VALENCE_STATES: 10000
EXX_DOWNSAMPLING: 1 1 1
EXX_RANGE_FOCK: 0.106000
EXX_RANGE_PBE: 0.106000
OUTPUT_FILE: sprc-calc
***************************************************************************
                                Cell                                       
***************************************************************************
Lattice vectors (Bohr):
12.433882395048860 0.000000000000000 0.000000000000000 
-0.001464788027397 11.265784507717260 0.000000000000000 
0.000000000000000 -0.000000000000000 47.537850741221725 
Volume                  :  6.6589804186E+03 (Bohr^3)
***************************************************************************
                           Parallelization                                 
***************************************************************************
NP_SPIN_PARAL: 2
NP_KPOINT_PARAL: 10
NP_BAND_PARAL: 1
NP_DOMAIN_PARAL: 2 1 8
NP_DOMAIN_PHI_PARAL: 4 4 21
EIG_SERIAL_MAXNS: 1500
***************************************************************************
                             Initialization                                
***************************************************************************
Number of processors               :  336
Mesh spacing in x-direction        :  0.188392 (Bohr)
Mesh spacing in y-direction        :  0.187763 (Bohr)
Mesh spacing in z direction        :  0.188642 (Bohr)
Number of symmetry adapted k-points:  10
Output printed to                  :  sprc-calc.out
Final eigenvalues printed to       :  sprc-calc.eigen
Total number of atom types         :  4
Total number of atoms              :  52
Total number of electrons          :  391
Atom type 1  (valence electrons)   :  H 1
Pseudopotential                    :  H.psp8
Pseudocharge radii of atom type 1  :  3.77 3.76 3.77 (x, y, z dir)
Number of atoms of type 1          :  3
Atom type 2  (valence electrons)   :  N 5
Pseudopotential                    :  N.psp8
Pseudocharge radii of atom type 2  :  6.78 6.76 6.79 (x, y, z dir)
Number of atoms of type 2          :  2
Atom type 3  (valence electrons)   :  O 6
Pseudopotential                    :  O.psp8
Pseudocharge radii of atom type 3  :  6.78 6.76 6.79 (x, y, z dir)
Number of atoms of type 3          :  31
Atom type 4  (valence electrons)   :  Ti 12
Pseudopotential                    :  Ti.psp8
Pseudocharge radii of atom type 4  :  6.78 6.76 6.79 (x, y, z dir)
Number of atoms of type 4          :  16
Estimated total memory usage       :  448.99 GB
Estimated memory per processor     :  1.34 GB
========================================================================================
                    Self Consistent Field (SCF#1)                     
========================================================================================
Iteration     Free Energy (Ha/atom)    Magnetization     SCF Error        Timing (sec)
1            -2.8140055595E+01        -3.0955E+00        4.460E-01        306.707
2            -2.9579005080E+01         6.6514E+00        4.337E-01        74.358
3            -2.8421403429E+01         8.4574E+00        3.317E-01        74.691
4            -2.8355841042E+01        -2.3904E+00        3.178E-01        75.347
5            -2.8421322919E+01         2.0794E+00        2.110E-01        74.929
6            -2.8476129847E+01        -2.7154E+00        2.194E-01        75.213
7            -2.8456943758E+01        -2.7699E+00        1.444E-01        74.492
8            -2.8461097405E+01        -5.5487E-01        1.198E-01        74.628
9            -2.8455875064E+01         3.1499E-01        9.402E-02        74.397
10           -2.8450996663E+01         4.9274E-01        7.873E-02        84.288
11           -2.8424804315E+01        -6.9521E-01        6.091E-02        82.815
12           -2.8403519927E+01        -1.2175E+00        4.752E-02        74.171
13           -2.8374940281E+01        -3.7012E-01        4.649E-02        74.156
14           -2.8369047641E+01        -7.8853E-02        4.140E-02        74.383
15           -2.8353499650E+01        -2.8289E-01        4.262E-02        74.202
16           -2.8336712613E+01        -6.1782E-02        3.284E-02        74.338
17           -2.8319504997E+01         3.2580E-01        2.514E-02        74.382
18           -2.8292167845E+01         3.7567E-01        1.890E-02        74.507
19           -2.8279903631E+01         4.7001E-01        1.412E-02        76.130
20           -2.8268536701E+01         6.0993E-01        1.471E-02        77.916
21           -2.8261682875E+01         7.2011E-01        1.427E-02        75.774
22           -2.8258510578E+01         4.9575E-01        1.437E-02        74.445
23           -2.8255055563E+01         3.8363E-01        1.199E-02        74.386
24           -2.8247747732E+01         3.5423E-01        9.189E-03        74.214
25           -2.8238123678E+01        -2.9072E-01        2.215E-02        73.868
26           -2.8238373003E+01        -3.0944E-01        2.208E-02        74.407
27           -2.8238023542E+01        -2.6953E-01        2.181E-02        74.034
28           -2.8234432838E+01        -1.7108E-01        1.777E-02        74.361
29           -2.8232457706E+01        -1.4419E-01        1.540E-02        74.218
30           -2.8230482939E+01        -7.7967E-02        1.308E-02        74.416
31           -2.8226828555E+01        -1.1001E-02        1.042E-02        74.366
32           -2.8228810519E+01        -5.5039E-02        1.092E-02        74.418
33           -2.8223386456E+01         7.9960E-02        5.432E-03        74.157
34           -2.8223763921E+01         7.8099E-02        4.673E-03        74.411
35           -2.8223183338E+01        -4.8426E-02        6.388E-03        74.233
36           -2.8223832620E+01         5.0125E-02        4.716E-03        74.207
37           -2.8223237128E+01        -1.6376E-02        2.415E-03        74.038
38           -2.8222627945E+01        -5.4386E-02        2.669E-03        74.139
39           -2.8222392867E+01        -1.5357E-02        3.390E-03        74.117
40           -2.8222167966E+01        -4.1189E-02        1.760E-03        74.648
41           -2.8221723794E+01        -1.8755E-02        1.898E-03        74.203
42           -2.8221270256E+01        -2.2923E-02        8.622E-04        74.469
43           -2.8221013409E+01        -4.6612E-03        1.486E-03        74.449
44           -2.8220917529E+01        -8.1372E-03        5.968E-04        75.360
45           -2.8220860552E+01        -8.2314E-03        6.403E-04        75.456
46           -2.8220821075E+01        -9.9391E-03        2.076E-04        74.666
47           -2.8220792923E+01        -1.0526E-02        2.639E-04        74.667
48           -2.8220783642E+01        -8.8739E-03        3.445E-04        73.655
49           -2.8220778185E+01        -8.7702E-03        1.034E-04        73.870
50           -2.8220760032E+01        -8.1477E-03        6.663E-05        73.291
Total number of SCF: 50    

k = [-0.250, -0.250, 0.000]
Occupation of state 215 = 0.000000000004213.
Occupation of state 239 = 0.000000000000000.

No.1 Exx outer loop: 
1            -2.8022595762E+01        -1.5015E-02        1.400E-02        119.642
2            -2.8014124910E+01        -2.5930E-02        1.361E-02        116.060
3            -2.8017334321E+01        -5.8503E-02        1.272E-02        114.649
4            -2.8026433721E+01        -1.1002E-01        3.532E-02        115.141
5            -2.8026555709E+01        -1.1308E-01        3.482E-02        114.607
6            -2.8021369906E+01        -3.3958E-02        9.796E-03        114.850
7            -2.8029918271E+01        -1.6412E-02        3.062E-02        115.203
8            -2.8073491306E+01        -4.4809E-03        1.664E-01        115.115
9            -2.8082854799E+01        -2.2318E-02        1.775E-01        114.810
10           -2.8106147213E+01         1.6032E-02        2.050E-01        121.503
11           -2.8129087607E+01         1.0430E-01        2.240E-01        117.538
12           -2.8146376552E+01         9.1163E-02        2.354E-01        116.662
13           -2.8073860108E+01         6.9292E-03        1.658E-01        116.264
14           -2.8023827839E+01        -8.3231E-03        9.508E-03        134.076
15           -2.8024451717E+01        -2.1018E-02        6.388E-03        114.608
16           -2.8024251163E+01        -1.6278E-02        6.136E-03        114.689
17           -2.8024603399E+01        -4.8882E-03        6.406E-03        118.178
18           -2.8024770338E+01        -6.3305E-03        5.729E-03        116.370
19           -2.8025266868E+01         1.1175E-03        6.403E-03        114.728
20           -2.8025213712E+01         2.7058E-03        6.020E-03        114.846
21           -2.8025209784E+01         4.3110E-03        5.951E-03        114.855
22           -2.8024574616E+01        -1.7761E-02        4.558E-03        115.024
23           -2.8024593923E+01        -2.3641E-02        2.513E-03        114.657
24           -2.8024533132E+01        -6.2358E-03        3.488E-03        119.900
25           -2.8024590646E+01        -2.6437E-02        1.879E-03        115.537
26           -2.8024489260E+01        -1.5672E-02        1.896E-03        126.223
27           -2.8024440104E+01        -2.8123E-02        5.823E-04        132.276
28           -2.8024322537E+01        -2.4811E-02        8.883E-04        116.986
29           -2.8024301703E+01        -2.9111E-02        3.970E-04        136.859
30           -2.8024216410E+01        -3.4405E-02        3.470E-04        115.338
31           -2.8024125524E+01        -3.5603E-02        2.118E-04        115.347
32           -2.8024039245E+01        -3.7536E-02        1.294E-04        123.594
33           -2.8024015073E+01        -3.7932E-02        9.403E-05        119.285
34           -2.8024017597E+01        -3.8028E-02        6.902E-05        121.668
35           -2.8024008813E+01        -3.8374E-02        4.806E-05        116.238
36           -2.8023998791E+01        -3.8188E-02        3.194E-05        114.813
37           -2.8023989205E+01        -3.8130E-02        3.213E-05        128.805
38           -2.8023984249E+01        -3.8233E-02        2.033E-05        115.172
39           -2.8023981173E+01        -3.8131E-02        1.298E-05        115.125
40           -2.8023979796E+01        -3.8133E-02        5.600E-06        114.596
41           -2.8023978631E+01        -3.8077E-02        4.599E-06        114.562
42           -2.8023977100E+01        -3.8100E-02        2.637E-06        115.153
43           -2.8023975504E+01        -3.8129E-02        2.958E-06        114.945
44           -2.8023975758E+01        -3.8115E-02        1.264E-06        115.025
45           -2.8023975502E+01        -3.8125E-02        1.331E-06        115.366
46           -2.8023975850E+01        -3.8124E-02        8.847E-07        114.835
Total number of SCF: 46    

k = [-0.250, -0.250, 0.000]
Occupation of state 215 = 0.000000000000002.
Occupation of state 239 = 0.000000000000000.
Exx outer loop error: 6.5066218744e-01 

No.2 Exx outer loop: 
1            -2.8024267296E+01        -8.8992E-02        1.638E-03        119.286
2            -2.8023615261E+01        -1.0412E-01        1.763E-03        115.066
3            -2.8023817886E+01        -1.3976E-01        2.555E-03        114.738
4            -2.8023943935E+01        -9.9153E-02        1.572E-03        115.771
5            -2.8024661226E+01        -2.0438E-01        4.380E-03        114.677
6            -2.8024165321E+01        -1.0532E-01        1.516E-03        118.512
7            -2.8024370559E+01        -1.2335E-01        7.978E-04        116.522
8            -2.8024556976E+01        -1.4564E-01        5.355E-04        126.633
9            -2.8024593104E+01        -1.4236E-01        7.109E-04        116.102
10           -2.8024470609E+01        -1.5536E-01        4.300E-04        127.758
11           -2.8024429034E+01        -1.6336E-01        3.782E-04        138.900
12           -2.8024392636E+01        -1.5838E-01        3.846E-04        124.749
13           -2.8024408513E+01        -2.3634E-01        2.755E-03        124.771
14           -2.8024358001E+01        -2.1586E-01        1.785E-03        137.876
15           -2.8024314422E+01        -1.6838E-01        2.556E-04        123.170
16           -2.8024312407E+01        -1.6826E-01        2.390E-04        135.925
17           -2.8024290163E+01        -1.6950E-01        1.666E-04        114.393
18           -2.8024286983E+01        -1.6936E-01        1.298E-04        128.445
19           -2.8024274864E+01        -1.7030E-01        6.433E-05        118.518
20           -2.8024264867E+01        -1.6987E-01        6.420E-05        119.457
21           -2.8024247353E+01        -1.7053E-01        3.787E-05        130.856
22           -2.8024236265E+01        -1.7128E-01        8.208E-06        116.179
23           -2.8024235662E+01        -1.7016E-01        4.143E-05        128.611
24           -2.8024230878E+01        -1.7033E-01        2.645E-05        114.829
25           -2.8024230529E+01        -1.7023E-01        2.527E-05        114.469
26           -2.8024229610E+01        -1.7040E-01        1.524E-05        114.251
27           -2.8024229252E+01        -1.7087E-01        7.520E-06        114.946
28           -2.8024228572E+01        -1.7028E-01        1.484E-05        114.279
29           -2.8024228014E+01        -1.7030E-01        1.272E-05        114.098
30           -2.8024228184E+01        -1.7039E-01        8.050E-06        114.269
31           -2.8024228000E+01        -1.7046E-01        2.157E-06        114.543
32           -2.8024228820E+01        -1.7032E-01        2.250E-06        115.143
33           -2.8024228556E+01        -1.7037E-01        1.506E-06        114.867
34           -2.8024228200E+01        -1.7046E-01        4.500E-06        114.507
35           -2.8024228033E+01        -1.7039E-01        1.156E-06        123.086
36           -2.8024227877E+01        -1.7029E-01        2.944E-06        117.105
37           -2.8024227866E+01        -1.7037E-01        1.049E-06        115.727
38           -2.8024227862E+01        -1.7036E-01        8.579E-07        128.546
Total number of SCF: 38    

k = [-0.250, -0.250, 0.000]
Occupation of state 215 = 0.000000000000002.
Occupation of state 239 = 0.000000000000000.
Exx outer loop error: 1.1629789997e-02 

No.3 Exx outer loop: 
1            -2.8024276663E+01        -3.6620E-01        2.853E-03        119.399
2            -2.8024510947E+01        -3.3037E-01        1.751E-03        115.361
3            -2.8024813584E+01        -2.9336E-03        6.882E-03        115.113
4            -2.8024551736E+01        -2.6850E-01        1.336E-03        115.377
5            -2.8024600562E+01        -2.9634E-01        9.720E-04        126.699
6            -2.8024584725E+01        -2.6169E-01        1.286E-03        117.295
7            -2.8024632708E+01        -2.3646E-01        1.622E-03        116.614
8            -2.8024600939E+01        -1.8995E-01        2.488E-03        134.625
9            -2.8024716521E+01        -3.7420E-01        1.034E-03        114.826
10           -2.8024813870E+01        -3.0262E-01        9.158E-04        114.714
11           -2.8024659779E+01        -2.9917E-01        9.771E-04        124.900
12           -2.8024540216E+01        -3.3783E-01        2.600E-04        117.973
13           -2.8024467832E+01        -3.3018E-01        2.902E-04        132.865
14           -2.8024398760E+01        -3.4148E-01        1.340E-04        137.675
15           -2.8024353500E+01        -3.3601E-01        8.414E-05        125.552
16           -2.8024310695E+01        -3.3575E-01        6.145E-05        135.830
17           -2.8024280091E+01        -3.3204E-01        5.369E-05        119.441
18           -2.8024269094E+01        -3.2945E-01        7.519E-05        140.187
19           -2.8024266928E+01        -3.2569E-01        1.260E-04        138.014
20           -2.8024269314E+01        -3.2720E-01        9.350E-05        130.022
21           -2.8024266810E+01        -3.2530E-01        1.189E-04        122.953
22           -2.8024269197E+01        -3.2489E-01        1.321E-04        130.587
23           -2.8024265413E+01        -3.2824E-01        5.858E-05        131.017
24           -2.8024269187E+01        -3.2815E-01        5.525E-05        114.507
25           -2.8024269036E+01        -3.3226E-01        3.255E-05        115.190
26           -2.8024265508E+01        -3.3194E-01        2.592E-05        114.560
27           -2.8024259545E+01        -3.3196E-01        1.691E-05        114.462
28           -2.8024260292E+01        -3.3228E-01        1.564E-05        114.552
29           -2.8024256669E+01        -3.3360E-01        3.386E-05        114.458
30           -2.8024255677E+01        -3.3259E-01        1.024E-05        114.405
31           -2.8024255775E+01        -3.3247E-01        4.331E-06        114.310
32           -2.8024256610E+01        -3.3256E-01        3.200E-06        114.493
33           -2.8024257317E+01        -3.3269E-01        2.397E-06        114.904
34           -2.8024256939E+01        -3.3251E-01        2.434E-06        114.465
35           -2.8024256546E+01        -3.3295E-01        5.885E-06        114.678
36           -2.8024256144E+01        -3.3287E-01        4.599E-06        115.607
37           -2.8024256188E+01        -3.3271E-01        6.373E-07        114.141
Total number of SCF: 37    

k = [-0.250, -0.250, 0.000]
Occupation of state 215 = 0.000000000000001.
Occupation of state 239 = 0.000000000000000.
Exx outer loop error: 4.4211009785e-03 

No.4 Exx outer loop: 
1            -2.8024309501E+01        -5.4413E-01        4.182E-03        119.919
2            -2.8024613478E+01        -3.0453E-01        2.207E-03        115.851
3            -2.8024631968E+01        -3.2279E-01        1.030E-03        115.108
4            -2.8024626001E+01        -1.2032E-01        3.768E-03        114.772
5            -2.8024493604E+01        -3.3007E-01        4.333E-04        115.558
6            -2.8024494220E+01        -2.9595E-01        4.757E-04        115.246
7            -2.8024439207E+01        -3.4053E-01        2.864E-04        114.499
8            -2.8024435364E+01        -3.2630E-01        2.478E-04        115.038
9            -2.8024370295E+01        -3.2787E-01        2.650E-04        115.095
10           -2.8024318933E+01        -3.4034E-01        6.667E-05        114.881
11           -2.8024325818E+01        -3.3038E-01        1.311E-04        115.238
12           -2.8024323444E+01        -3.2920E-01        1.279E-04        114.369
13           -2.8024306136E+01        -3.2945E-01        1.001E-04        114.521
14           -2.8024284913E+01        -3.3202E-01        2.573E-05        115.041
15           -2.8024285884E+01        -3.2947E-01        5.427E-05        115.067
16           -2.8024276371E+01        -3.3103E-01        1.896E-05        115.179
17           -2.8024275049E+01        -3.3026E-01        1.539E-05        114.411
18           -2.8024276044E+01        -3.2980E-01        1.074E-05        115.523
19           -2.8024276947E+01        -3.2920E-01        1.687E-05        114.840
20           -2.8024278114E+01        -3.2927E-01        1.217E-05        114.242
21           -2.8024280992E+01        -3.2974E-01        4.673E-06        116.071
22           -2.8024281391E+01        -3.3002E-01        4.544E-06        114.312
23           -2.8024281060E+01        -3.2998E-01        3.030E-06        114.899
24           -2.8024280728E+01        -3.3060E-01        6.903E-06        114.384
25           -2.8024280299E+01        -3.3039E-01        2.204E-06        114.619
26           -2.8024280113E+01        -3.3045E-01        1.579E-06        131.569
27           -2.8024280310E+01        -3.3045E-01        1.043E-06        114.199
28           -2.8024280233E+01        -3.3037E-01        1.452E-06        114.124
29           -2.8024280337E+01        -3.3038E-01        5.381E-07        114.265
Total number of SCF: 29    

k = [-0.250, -0.250, 0.000]
Occupation of state 215 = 0.000000000000000.
Occupation of state 239 = 0.000000000000000.
Exx outer loop error: 4.3425716166e-03 

No.5 Exx outer loop: 
1            -2.8024305867E+01        -3.9751E-01        2.320E-03        119.204
2            -2.8024384811E+01        -2.1484E-01        1.688E-03        114.650
3            -2.8024604857E+01         3.7056E-02        4.296E-03        115.100
4            -2.8024760541E+01         1.3450E-01        6.214E-03        114.610
5            -2.8024575894E+01         6.0193E-02        4.145E-03        114.363
6            -2.8024672005E+01         5.2016E-02        4.402E-03        114.597
7            -2.8024624728E+01         2.1616E-02        4.118E-03        114.557
8            -2.8024422624E+01        -2.3798E-01        4.915E-04        114.726
9            -2.8024352661E+01        -2.6523E-01        5.067E-04        114.453
10           -2.8024342128E+01        -2.2076E-01        4.649E-04        114.460
11           -2.8024343291E+01        -2.3888E-01        2.798E-04        114.927
12           -2.8024334111E+01        -2.5012E-01        1.441E-04        114.557
13           -2.8024326808E+01        -2.4830E-01        1.590E-04        114.809
14           -2.8024308003E+01        -2.4796E-01        1.407E-04        115.433
15           -2.8024296496E+01        -2.4847E-01        1.150E-04        116.142
16           -2.8024291619E+01        -2.5142E-01        5.466E-05        114.918
17           -2.8024292993E+01        -2.5100E-01        5.695E-05        114.910
18           -2.8024291243E+01        -2.5200E-01        4.005E-05        115.230
19           -2.8024291859E+01        -2.5246E-01        2.672E-05        115.707
20           -2.8024291750E+01        -2.5567E-01        2.846E-05        115.234
21           -2.8024292717E+01        -2.5171E-01        2.292E-05        114.377
22           -2.8024292465E+01        -2.5296E-01        3.207E-06        114.309
23           -2.8024291924E+01        -2.5281E-01        3.939E-06        114.661
24           -2.8024291405E+01        -2.5205E-01        7.501E-06        114.226
25           -2.8024291306E+01        -2.5181E-01        8.909E-06        114.206
26           -2.8024291501E+01        -2.5282E-01        6.131E-06        114.837
27           -2.8024291782E+01        -2.5213E-01        2.680E-06        114.775
28           -2.8024291851E+01        -2.5246E-01        1.961E-06        114.635
29           -2.8024291834E+01        -2.5240E-01        2.059E-06        114.435
30           -2.8024291735E+01        -2.5223E-01        1.179E-06        115.511
31           -2.8024291659E+01        -2.5216E-01        2.266E-06        114.516
32           -2.8024291561E+01        -2.5219E-01        1.369E-06        123.969
33           -2.8024291531E+01        -2.5242E-01        1.814E-06        116.030
34           -2.8024291470E+01        -2.5237E-01        1.077E-06        115.153
35           -2.8024291430E+01        -2.5233E-01        4.172E-07        136.607
Total number of SCF: 35    

k = [-0.250, -0.250, 0.000]
Occupation of state 215 = 0.000000000000000.
Occupation of state 239 = 0.000000000000000.
Exx outer loop error: 2.7670485958e-03 

No.6 Exx outer loop: 
1            -2.8024306139E+01        -1.9397E-01        1.320E-03        126.505
2            -2.8024378287E+01        -2.5243E-01        6.305E-04        136.102
3            -2.8024400148E+01        -3.4747E-01        1.499E-03        120.648
4            -2.8024409785E+01        -1.0548E-01        1.653E-03        134.072
5            -2.8024407697E+01        -1.6313E-01        8.678E-04        123.389
6            -2.8024377627E+01        -1.8382E-01        4.640E-04        136.353
7            -2.8024377250E+01        -2.1902E-01        7.607E-05        128.635
8            -2.8024372356E+01        -2.5064E-01        4.646E-04        134.035
9            -2.8024361009E+01        -1.9481E-01        1.952E-04        115.956
10           -2.8024358091E+01        -1.9602E-01        1.721E-04        129.543
11           -2.8024341760E+01        -1.9584E-01        1.381E-04        138.658
12           -2.8024332604E+01        -1.9565E-01        1.194E-04        116.241
13           -2.8024322557E+01        -2.0259E-01        1.882E-05        141.712
14           -2.8024320143E+01        -2.1001E-01        9.659E-05        136.662
15           -2.8024311661E+01        -1.9621E-01        5.024E-05        119.422
16           -2.8024309634E+01        -1.9468E-01        5.977E-05        139.476
17           -2.8024308421E+01        -1.9557E-01        4.362E-05        115.833
18           -2.8024305646E+01        -1.9655E-01        2.242E-05        114.755
19           -2.8024302738E+01        -1.9669E-01        9.785E-06        132.367
20           -2.8024302127E+01        -1.9746E-01        7.705E-06        116.424
21           -2.8024301630E+01        -1.9674E-01        3.567E-06        115.096
22           -2.8024301936E+01        -1.9662E-01        2.691E-06        114.249
23           -2.8024301800E+01        -1.9720E-01        5.379E-06        114.219
24           -2.8024301548E+01        -1.9692E-01        1.472E-06        114.620
25           -2.8024300852E+01        -1.9660E-01        2.822E-06        114.408
26           -2.8024300831E+01        -1.9689E-01        1.125E-06        114.324
27           -2.8024300592E+01        -1.9715E-01        2.742E-06        115.080
28           -2.8024300267E+01        -1.9674E-01        2.762E-06        115.477
29           -2.8024300146E+01        -1.9691E-01        8.639E-07        114.314
Total number of SCF: 29    

k = [-0.250, -0.250, 0.000]
Occupation of state 215 = 0.000000000000000.
Occupation of state 239 = 0.000000000000000.
Exx outer loop error: 2.9798029991e-03 

No.7 Exx outer loop: 
1            -2.8024309820E+01        -1.2784E-01        1.103E-03        119.572
2            -2.8024397891E+01        -2.8264E-01        1.215E-03        114.589
3            -2.8024369507E+01        -2.5580E-01        8.612E-04        114.536
4            -2.8024373626E+01        -1.4013E-01        6.202E-04        114.726
5            -2.8024386751E+01        -1.5506E-01        3.819E-04        114.702
6            -2.8024373269E+01        -1.6489E-01        2.961E-04        115.318
7            -2.8024347779E+01        -1.7425E-01        1.998E-04        114.544
8            -2.8024330941E+01        -1.7385E-01        1.906E-04        115.008
9            -2.8024321059E+01        -1.7443E-01        1.213E-04        115.552
10           -2.8024317416E+01        -1.7838E-01        1.643E-05        116.706
11           -2.8024315725E+01        -1.7728E-01        1.754E-05        114.907
12           -2.8024310887E+01        -1.8071E-01        4.707E-05        115.440
13           -2.8024311886E+01        -1.7775E-01        9.569E-06        115.077
14           -2.8024305368E+01        -1.7718E-01        6.364E-06        115.286
15           -2.8024305324E+01        -1.7789E-01        1.053E-05        114.727
16           -2.8024304129E+01        -1.7811E-01        5.447E-06        114.344
17           -2.8024304818E+01        -1.7782E-01        4.387E-06        114.456
18           -2.8024304290E+01        -1.7810E-01        1.796E-06        114.423
19           -2.8024304073E+01        -1.7829E-01        2.414E-06        114.456
20           -2.8024303686E+01        -1.7827E-01        7.935E-07        114.134
Total number of SCF: 20    

k = [-0.250, -0.250, 0.000]
Occupation of state 215 = 0.000000000000000.
Occupation of state 239 = 0.000000000000000.
Exx outer loop error: 1.7403808744e-03 

No.8 Exx outer loop: 
1            -2.8024309103E+01        -1.3433E-01        7.447E-04        119.954
2            -2.8024360790E+01        -2.4034E-01        8.262E-04        115.368
3            -2.8024371109E+01        -1.5905E-01        3.778E-04        114.760
4            -2.8024369022E+01        -2.2061E-01        4.755E-04        114.731
5            -2.8024366012E+01        -1.6712E-01        2.333E-04        114.874
6            -2.8024347240E+01        -1.7030E-01        1.053E-04        114.780
7            -2.8024333608E+01        -1.7131E-01        4.996E-05        115.231
8            -2.8024326108E+01        -1.7092E-01        3.598E-05        114.886
9            -2.8024317922E+01        -1.7214E-01        1.065E-05        114.897
10           -2.8024314063E+01        -1.7509E-01        3.625E-05        115.030
11           -2.8024314434E+01        -1.7091E-01        1.798E-05        116.549
12           -2.8024310521E+01        -1.7073E-01        1.339E-05        114.756
13           -2.8024310563E+01        -1.7077E-01        1.162E-05        115.123
14           -2.8024307648E+01        -1.7258E-01        1.922E-05        114.790
15           -2.8024307159E+01        -1.7134E-01        5.445E-06        114.839
16           -2.8024306765E+01        -1.7068E-01        3.792E-06        114.305
17           -2.8024306721E+01        -1.7086E-01        1.720E-06        114.323
18           -2.8024306426E+01        -1.7141E-01        5.903E-06        114.303
19           -2.8024306289E+01        -1.7115E-01        2.477E-06        114.475
20           -2.8024306341E+01        -1.7113E-01        1.882E-06        114.647
21           -2.8024306353E+01        -1.7110E-01        1.203E-06        114.269
22           -2.8024306373E+01        -1.7094E-01        2.308E-06        114.188
23           -2.8024306269E+01        -1.7096E-01        2.539E-06        114.793
24           -2.8024305985E+01        -1.7098E-01        1.711E-06        114.460
25           -2.8024306046E+01        -1.7090E-01        2.454E-06        114.526
26           -2.8024305915E+01        -1.7098E-01        2.104E-06        114.907
27           -2.8024305966E+01        -1.7095E-01        2.311E-06        116.003
28           -2.8024305805E+01        -1.7077E-01        3.894E-06        114.414
29           -2.8024305893E+01        -1.7074E-01        4.316E-06        114.465
30           -2.8024305743E+01        -1.7075E-01        4.238E-06        114.362
31           -2.8024305811E+01        -1.7090E-01        2.885E-06        114.920
32           -2.8024305979E+01        -1.7098E-01        1.726E-06        114.239
33           -2.8024306038E+01        -1.7102E-01        9.487E-07        114.111
Total number of SCF: 33    

k = [-0.250, -0.250, 0.000]
Occupation of state 215 = 0.000000000000000.
Occupation of state 239 = 0.000000000000000.
Exx outer loop error: 1.3994414359e-03 

No.9 Exx outer loop: 
1            -2.8024309499E+01        -1.4268E-01        5.135E-04        120.848
2            -2.8024339905E+01        -2.1198E-01        5.345E-04        114.480
3            -2.8024321632E+01        -1.7542E-01        1.915E-04        114.728
4            -2.8024348836E+01        -2.0270E-01        3.883E-04        114.517
5            -2.8024332711E+01        -1.6845E-01        1.757E-04        115.593
6            -2.8024335350E+01        -1.5966E-01        1.812E-04        125.004
7            -2.8024336146E+01        -1.6248E-01        1.167E-04        116.632
8            -2.8024321484E+01        -1.6129E-01        1.139E-04        120.769
9            -2.8024324454E+01        -1.6588E-01        4.031E-05        139.420
10           -2.8024324017E+01        -1.6588E-01        2.941E-05        117.428
11           -2.8024320691E+01        -1.6795E-01        1.883E-05        133.101
12           -2.8024314156E+01        -1.6846E-01        2.271E-05        126.406
13           -2.8024309373E+01        -1.6868E-01        1.770E-05        125.712
14           -2.8024307158E+01        -1.6761E-01        5.815E-06        138.165
15           -2.8024306108E+01        -1.6830E-01        5.334E-06        138.058
16           -2.8024305728E+01        -1.6776E-01        3.695E-06        132.860
17           -2.8024305965E+01        -1.6802E-01        2.470E-06        121.154
18           -2.8024306309E+01        -1.6778E-01        1.056E-06        128.826
19           -2.8024306372E+01        -1.6785E-01        4.602E-07        135.452
Total number of SCF: 19    

k = [-0.250, -0.250, 0.000]
Occupation of state 215 = 0.000000000000000.
Occupation of state 239 = 0.000000000000000.
Exx outer loop error: 3.6580202763e-04 

No.10 Exx outer loop: 
1            -2.8024308496E+01        -1.4447E-01        4.068E-04        127.965
2            -2.8024334459E+01        -2.0789E-01        5.078E-04        116.839
3            -2.8024355776E+01        -2.5523E-01        1.018E-03        117.121
4            -2.8024383911E+01        -1.9066E-01        2.253E-04        132.514
5            -2.8024386836E+01        -1.6838E-01        9.758E-05        114.709
6            -2.8024371077E+01        -1.6431E-01        1.464E-04        114.832
7            -2.8024350214E+01        -1.6229E-01        1.488E-04        115.261
8            -2.8024336407E+01        -1.6394E-01        8.454E-05        114.818
9            -2.8024327864E+01        -1.6523E-01        4.933E-05        114.697
10           -2.8024318810E+01        -1.6645E-01        1.977E-05        114.523
11           -2.8024313552E+01        -1.6763E-01        4.842E-06        114.465
12           -2.8024312035E+01        -1.6677E-01        1.124E-05        114.433
13           -2.8024311472E+01        -1.7009E-01        3.268E-05        114.388
14           -2.8024311341E+01        -1.6754E-01        3.017E-06        114.403
15           -2.8024310030E+01        -1.6616E-01        1.362E-05        115.117
16           -2.8024309335E+01        -1.6634E-01        6.531E-06        114.754
17           -2.8024308507E+01        -1.6640E-01        2.963E-06        114.441
18           -2.8024307925E+01        -1.6638E-01        1.789E-06        115.088
19           -2.8024307390E+01        -1.6619E-01        3.894E-06        115.887
20           -2.8024307466E+01        -1.6649E-01        1.669E-06        114.926
21           -2.8024307283E+01        -1.6607E-01        3.809E-06        114.328
22           -2.8024307318E+01        -1.6643E-01        1.117E-06        117.361
23           -2.8024307328E+01        -1.6653E-01        2.191E-06        114.790
24           -2.8024307245E+01        -1.6644E-01        6.297E-07        116.873
Total number of SCF: 24    

k = [-0.250, -0.250, 0.000]
Occupation of state 215 = 0.000000000000000.
Occupation of state 239 = 0.000000000000000.
Exx outer loop error: 5.9211361047e-04 

No.11 Exx outer loop: 
1            -2.8024309068E+01        -1.4879E-01        3.190E-04        120.967
2            -2.8024327532E+01        -1.9812E-01        3.979E-04        116.662
3            -2.8024319674E+01        -1.7808E-01        1.698E-04        114.537
4            -2.8024316601E+01        -1.6232E-01        6.797E-05        114.430
5            -2.8024322316E+01        -1.6367E-01        5.103E-05        114.303
6            -2.8024323897E+01        -1.6565E-01        2.690E-05        114.974
7            -2.8024319720E+01        -1.6872E-01        2.603E-05        114.546
8            -2.8024316067E+01        -1.6579E-01        1.773E-05        114.458
9            -2.8024315265E+01        -1.6577E-01        1.588E-05        114.490
10           -2.8024312745E+01        -1.6634E-01        3.820E-06        115.122
11           -2.8024311386E+01        -1.6588E-01        4.559E-06        114.490
12           -2.8024309847E+01        -1.6613E-01        3.940E-06        114.217
13           -2.8024309436E+01        -1.6607E-01        2.726E-06        114.493
14           -2.8024308401E+01        -1.6640E-01        6.516E-06        115.084
15           -2.8024308211E+01        -1.6617E-01        3.023E-06        114.540
16           -2.8024307915E+01        -1.6619E-01        2.601E-06        114.164
17           -2.8024307844E+01        -1.6614E-01        1.769E-06        115.149
18           -2.8024307763E+01        -1.6595E-01        5.748E-07        116.045
Total number of SCF: 18    

k = [-0.250, -0.250, 0.000]
Occupation of state 215 = 0.000000000000000.
Occupation of state 239 = 0.000000000000000.
Exx outer loop error: 3.6662364474e-04 

No.12 Exx outer loop: 
1            -2.8024309180E+01        -1.5334E-01        2.470E-04        119.241
2            -2.8024321426E+01        -1.8805E-01        2.753E-04        114.291
3            -2.8024315049E+01        -1.7854E-01        1.505E-04        114.731
4            -2.8024312682E+01        -1.6839E-01        2.513E-05        114.599
5            -2.8024314498E+01        -1.6563E-01        1.284E-05        114.525
6            -2.8024308811E+01        -1.6489E-01        1.190E-05        115.146
7            -2.8024305970E+01        -1.6575E-01        5.838E-06        115.703
8            -2.8024305715E+01        -1.6580E-01        5.910E-06        114.461
9            -2.8024306113E+01        -1.6667E-01        1.295E-05        114.476
10           -2.8024306454E+01        -1.6629E-01        6.214E-06        114.524
11           -2.8024307374E+01        -1.6615E-01        2.720E-06        114.639
12           -2.8024307249E+01        -1.6595E-01        2.203E-06        114.235
13           -2.8024307118E+01        -1.6598E-01        1.409E-06        114.363
14           -2.8024307417E+01        -1.6612E-01        8.978E-07        114.079
Total number of SCF: 14    

k = [-0.250, -0.250, 0.000]
Occupation of state 215 = 0.000000000000000.
Occupation of state 239 = 0.000000000000000.
Exx outer loop error: 3.7306708320e-05 
====================================================================
                    Energy and force calculation                    
====================================================================
Free energy per atom               : -2.8024307320E+01 (Ha/atom)
Total free energy                  : -1.4572639807E+03 (Ha)
Band structure energy              : -3.7927117893E+02 (Ha)
Exchange correlation energy        : -2.5914934247E+02 (Ha)
Self and correction energy         : -1.9227398613E+03 (Ha)
Entropy*kb*T                       : -4.1217033120E-03 (Ha)
Fermi level                        : -1.8508072733E-01 (Ha)
RMS force                          :  1.9006600980E-02 (Ha/Bohr)
Maximum force                      :  1.0151090892E-01 (Ha/Bohr)
Time for force calculation         :  1.602 (sec)
***************************************************************************
                               Timing info                                 
***************************************************************************
Total walltime                     :  121634.910 sec
___________________________________________________________________________

***************************************************************************
*             Material Physics & Mechanics Group, Georgia Tech            *
*                       PI: Phanish Suryanarayana                         *
*                Main Developers: Qimen Xu, Abhiraj Sharma                *
*     Collaborators: J.E. Pask (LLNL), A.J. Medford (GT), E. Chow (GT)    *
*  Acknowledgements: U.S. DOE (DE-SC0019410); U.S. NSF (1333500,1553212)  *
***************************************************************************
                                                                           

***************************************************************************
*                       SPARC (version May 02, 2022)                      *
*   Copyright (c) 2020 Material Physics & Mechanics Group, Georgia Tech   *
*           Distributed under GNU General Public License 3 (GPL)          *
*                   Start time: Mon Jun 13 08:31:43 2022                  *
***************************************************************************
                           Input parameters                                
***************************************************************************
CELL: 12.4338823950489 11.2657846029438 47.5378507412217 
LATVEC:
1.000000000000000 0.000000000000000 0.000000000000000 
-0.000130020950961 0.999999991547276 0.000000000000000 
0.000000000000000 -0.000000000000000 1.000000000000000 
FD_GRID: 66 60 252
FD_ORDER: 12
BC: P P D
KPOINT_GRID: 4 4 1
KPOINT_SHIFT: 0 0 0
SPIN_TYP: 1
ELEC_TEMP_TYPE: Gaussian
SMEARING: 0.007349864435
CHEB_DEGREE: 37
NSTATES: 239
EXCHANGE_CORRELATION: HSE
EXX_RANGE_FOCK: 0.106000
EXX_RANGE_PBE: 0.106000
CALC_STRESS: 0
CALC_PRES: 0
CHEFSI_BOUND_FLAG: 0
MAXIT_SCF: 100
MINIT_SCF: 3
MAXIT_POISSON: 3000
TOL_SCF: 1.00E-06
POISSON_SOLVER: AAR
TOL_POISSON: 1.00E-08
TOL_LANCZOS: 1.00E-02
TOL_PSEUDOCHARGE: 1.00E-08
MIXING_VARIABLE: density
MIXING_PRECOND: kerker
MIXING_PRECOND_MAG: none
TOL_PRECOND: 3.54E-05
PRECOND_KERKER_KTF: 1
PRECOND_KERKER_THRESH: 0.1
MIXING_PARAMETER: 0.3
MIXING_PARAMETER_MAG: 0.3
MIXING_HISTORY: 7
PULAY_FREQUENCY: 1
PULAY_RESTART: 0
REFERENCE_CUTOFF: 0.5
RHO_TRIGGER: 4
FIX_RAND: 0
VERBOSITY: 1
PRINT_FORCES: 1
PRINT_ATOMS: 1
PRINT_EIGEN: 1
PRINT_DENSITY: 0
PRINT_ENERGY_DENSITY: 0
TOL_FOCK: 5.00E-05
TOL_SCF_INIT: 1.00E-03
MAXIT_FOCK: 20
EXX_METHOD: FOURIER_SPACE
EXX_DIVERGENCE: AUXILIARY
EXX_MEM: 1
ACE_FLAG: 1
EXX_ACE_VALENCE_STATES: 10000
EXX_DOWNSAMPLING: 1 1 1
OUTPUT_FILE: sprc-calc
***************************************************************************
                                Cell                                       
***************************************************************************
Lattice vectors (Bohr):
12.433882395048860 0.000000000000000 0.000000000000000 
-0.001464788027397 11.265784507717260 0.000000000000000 
0.000000000000000 -0.000000000000000 47.537850741221725 
Volume                  :  6.6589804186E+03 (Bohr^3)
***************************************************************************
                           Parallelization                                 
***************************************************************************
NP_SPIN_PARAL: 2
NP_KPOINT_PARAL: 10
NP_BAND_PARAL: 1
NP_DOMAIN_PARAL: 2 1 8
NP_DOMAIN_PHI_PARAL: 4 4 21
EIG_SERIAL_MAXNS: 1500
***************************************************************************
                             Initialization                                
***************************************************************************
Number of processors               :  336
Mesh spacing in x-direction        :  0.188392 (Bohr)
Mesh spacing in y-direction        :  0.187763 (Bohr)
Mesh spacing in z direction        :  0.188642 (Bohr)
Number of symmetry adapted k-points:  10
Output printed to                  :  sprc-calc.out_01
Final eigenvalues printed to       :  sprc-calc.eigen_01
Total number of atom types         :  4
Total number of atoms              :  52
Total number of electrons          :  391
Atom type 1  (valence electrons)   :  H 1
Pseudopotential                    :  H.psp8
Pseudocharge radii of atom type 1  :  3.77 3.76 3.77 (x, y, z dir)
Number of atoms of type 1          :  3
Atom type 2  (valence electrons)   :  N 5
Pseudopotential                    :  N.psp8
Pseudocharge radii of atom type 2  :  6.78 6.76 6.79 (x, y, z dir)
Number of atoms of type 2          :  2
Atom type 3  (valence electrons)   :  O 6
Pseudopotential                    :  O.psp8
Pseudocharge radii of atom type 3  :  6.78 6.76 6.79 (x, y, z dir)
Number of atoms of type 3          :  31
Atom type 4  (valence electrons)   :  Ti 12
Pseudopotential                    :  Ti.psp8
Pseudocharge radii of atom type 4  :  6.78 6.76 6.79 (x, y, z dir)
Number of atoms of type 4          :  16
Estimated total memory usage       :  448.99 GB
Estimated memory per processor     :  1.34 GB
========================================================================================
                    Self Consistent Field (SCF#1)                     
========================================================================================
Iteration     Free Energy (Ha/atom)    Magnetization     SCF Error        Timing (sec)

***************************************************************************
*                       SPARC (version May 02, 2022)                      *
*   Copyright (c) 2020 Material Physics & Mechanics Group, Georgia Tech   *
*           Distributed under GNU General Public License 3 (GPL)          *
*                   Start time: Wed Jun 15 05:11:09 2022                  *
***************************************************************************
                           Input parameters                                
***************************************************************************
CELL: 12.4338823950489 11.2657846029438 47.5378507412217 
LATVEC:
1.000000000000000 0.000000000000000 0.000000000000000 
-0.000130020950961 0.999999991547276 0.000000000000000 
0.000000000000000 -0.000000000000000 1.000000000000000 
FD_GRID: 66 60 252
FD_ORDER: 12
BC: P P D
KPOINT_GRID: 4 4 1
KPOINT_SHIFT: 0 0 0
SPIN_TYP: 1
ELEC_TEMP_TYPE: Gaussian
SMEARING: 0.007349864435
CHEB_DEGREE: 37
NSTATES: 239
EXCHANGE_CORRELATION: HSE
EXX_RANGE_FOCK: 0.106000
EXX_RANGE_PBE: 0.106000
CALC_STRESS: 0
CALC_PRES: 0
CHEFSI_BOUND_FLAG: 0
MAXIT_SCF: 100
MINIT_SCF: 3
MAXIT_POISSON: 3000
TOL_SCF: 1.00E-06
POISSON_SOLVER: AAR
TOL_POISSON: 1.00E-08
TOL_LANCZOS: 1.00E-02
TOL_PSEUDOCHARGE: 1.00E-08
MIXING_VARIABLE: density
MIXING_PRECOND: kerker
MIXING_PRECOND_MAG: none
TOL_PRECOND: 3.54E-05
PRECOND_KERKER_KTF: 1
PRECOND_KERKER_THRESH: 0.1
MIXING_PARAMETER: 0.3
MIXING_PARAMETER_MAG: 0.3
MIXING_HISTORY: 7
PULAY_FREQUENCY: 1
PULAY_RESTART: 0
REFERENCE_CUTOFF: 0.5
RHO_TRIGGER: 4
FIX_RAND: 0
VERBOSITY: 1
PRINT_FORCES: 1
PRINT_ATOMS: 1
PRINT_EIGEN: 1
PRINT_DENSITY: 0
PRINT_ENERGY_DENSITY: 0
TOL_FOCK: 5.00E-05
TOL_SCF_INIT: 1.00E-03
MAXIT_FOCK: 20
EXX_METHOD: FOURIER_SPACE
EXX_DIVERGENCE: AUXILIARY
EXX_MEM: 1
ACE_FLAG: 1
EXX_ACE_VALENCE_STATES: 10000
EXX_DOWNSAMPLING: 1 1 1
OUTPUT_FILE: sprc-calc
***************************************************************************
                                Cell                                       
***************************************************************************
Lattice vectors (Bohr):
12.433882395048860 0.000000000000000 0.000000000000000 
-0.001464788027397 11.265784507717260 0.000000000000000 
0.000000000000000 -0.000000000000000 47.537850741221725 
Volume                  :  6.6589804186E+03 (Bohr^3)
***************************************************************************
                           Parallelization                                 
***************************************************************************
NP_SPIN_PARAL: 2
NP_KPOINT_PARAL: 10
NP_BAND_PARAL: 1
NP_DOMAIN_PARAL: 2 1 8
NP_DOMAIN_PHI_PARAL: 4 4 21
EIG_SERIAL_MAXNS: 1500
***************************************************************************
                             Initialization                                
***************************************************************************
Number of processors               :  336
Mesh spacing in x-direction        :  0.188392 (Bohr)
Mesh spacing in y-direction        :  0.187763 (Bohr)
Mesh spacing in z direction        :  0.188642 (Bohr)
Number of symmetry adapted k-points:  10
Output printed to                  :  sprc-calc.out_01
Final eigenvalues printed to       :  sprc-calc.eigen_01
Total number of atom types         :  4
Total number of atoms              :  52
Total number of electrons          :  391
Atom type 1  (valence electrons)   :  H 1
Pseudopotential                    :  H.psp8
Pseudocharge radii of atom type 1  :  3.77 3.76 3.77 (x, y, z dir)
Number of atoms of type 1          :  3
Atom type 2  (valence electrons)   :  N 5
Pseudopotential                    :  N.psp8
Pseudocharge radii of atom type 2  :  6.78 6.76 6.79 (x, y, z dir)
Number of atoms of type 2          :  2
Atom type 3  (valence electrons)   :  O 6
Pseudopotential                    :  O.psp8
Pseudocharge radii of atom type 3  :  6.78 6.76 6.79 (x, y, z dir)
Number of atoms of type 3          :  31
Atom type 4  (valence electrons)   :  Ti 12
Pseudopotential                    :  Ti.psp8
Pseudocharge radii of atom type 4  :  6.78 6.76 6.79 (x, y, z dir)
Number of atoms of type 4          :  16
Estimated total memory usage       :  448.99 GB
Estimated memory per processor     :  1.34 GB
========================================================================================
                    Self Consistent Field (SCF#1)                     
========================================================================================
Iteration     Free Energy (Ha/atom)    Magnetization     SCF Error        Timing (sec)
1            -2.8140055595E+01        -3.0955E+00        4.460E-01        340.961
2            -2.9579005084E+01         6.6514E+00        4.337E-01        82.022
3            -2.8421403430E+01         8.4574E+00        3.317E-01        85.653
4            -2.8355841042E+01        -2.3904E+00        3.178E-01        82.487
5            -2.8421322920E+01         2.0794E+00        2.110E-01        82.194
6            -2.8476129848E+01        -2.7154E+00        2.194E-01        82.075
7            -2.8456943758E+01        -2.7699E+00        1.444E-01        82.031
8            -2.8461097406E+01        -5.5487E-01        1.198E-01        83.816
9            -2.8455875064E+01         3.1499E-01        9.402E-02        91.905
10           -2.8450996663E+01         4.9274E-01        7.873E-02        81.846
11           -2.8424804315E+01        -6.9521E-01        6.091E-02        81.750
12           -2.8403519927E+01        -1.2175E+00        4.752E-02        82.019
13           -2.8374940281E+01        -3.7012E-01        4.649E-02        81.662
14           -2.8369047643E+01        -7.8853E-02        4.140E-02        81.871
15           -2.8353499657E+01        -2.8289E-01        4.262E-02        82.239
16           -2.8336712620E+01        -6.1784E-02        3.284E-02        82.321
17           -2.8319505013E+01         3.2580E-01        2.514E-02        83.989
18           -2.8292167898E+01         3.7567E-01        1.890E-02        81.902
19           -2.8279903629E+01         4.7001E-01        1.412E-02        86.386
20           -2.8268536632E+01         6.0992E-01        1.471E-02        81.938
21           -2.8261682914E+01         7.2012E-01        1.427E-02        81.879
22           -2.8258510502E+01         4.9576E-01        1.437E-02        82.087
23           -2.8255055789E+01         3.8362E-01        1.199E-02        81.877
24           -2.8247748258E+01         3.5419E-01        9.189E-03        83.400
25           -2.8238124010E+01        -2.9073E-01        2.215E-02        81.733
26           -2.8238373301E+01        -3.0949E-01        2.208E-02        82.418
27           -2.8238023472E+01        -2.6955E-01        2.181E-02        82.102
28           -2.8234431196E+01        -1.7109E-01        1.777E-02        82.117
29           -2.8232454725E+01        -1.4423E-01        1.539E-02        82.108
30           -2.8230443457E+01        -7.7442E-02        1.305E-02        82.159
31           -2.8226813812E+01        -1.1092E-02        1.041E-02        81.946
32           -2.8228790934E+01        -5.5157E-02        1.090E-02        82.065
33           -2.8223377104E+01         7.9562E-02        5.418E-03        82.001
34           -2.8223756206E+01         7.7719E-02        4.661E-03        82.413
35           -2.8223178287E+01        -4.8967E-02        6.408E-03        82.461
36           -2.8223827090E+01         4.9805E-02        4.711E-03        82.279
37           -2.8223232032E+01        -1.5250E-02        2.460E-03        81.891
38           -2.8222624043E+01        -5.5505E-02        2.769E-03        81.891
39           -2.8222387585E+01        -1.4828E-02        3.437E-03        84.382
40           -2.8222162292E+01        -3.9727E-02        1.609E-03        81.995
41           -2.8221718505E+01        -1.8629E-02        1.893E-03        83.259
42           -2.8221266276E+01        -2.2756E-02        8.505E-04        81.828
Total number of SCF: 42    

k = [-0.250, -0.250, 0.000]
Occupation of state 215 = 0.000000000003837.
Occupation of state 239 = 0.000000000000000.

No.1 Exx outer loop: 
1            -2.8022689214E+01        -3.4318E-02        1.499E-02        119.565
2            -2.8013823946E+01        -8.7518E-02        1.412E-02        115.453
3            -2.8015758468E+01        -5.3609E-02        1.138E-02        115.424
4            -2.8020702010E+01        -1.8227E-01        1.216E-02        115.252
5            -2.8022847094E+01        -1.9812E-01        8.752E-03        115.583
6            -2.8024278545E+01        -1.8193E-01        4.489E-03        115.211
7            -2.8025450565E+01        -1.2416E-01        2.515E-03        115.789
8            -2.8025380954E+01        -1.2582E-01        1.703E-03        115.668
9            -2.8025006557E+01        -1.2493E-01        1.192E-03        115.683
10           -2.8024983001E+01        -9.5209E-02        1.384E-03        115.322
11           -2.8024827521E+01        -1.1717E-01        9.514E-04        115.538
12           -2.8024729311E+01        -1.0320E-01        7.633E-04        118.114
13           -2.8024469584E+01        -1.0449E-01        7.460E-04        130.176
14           -2.8024263276E+01        -1.0771E-01        9.153E-04        115.405
15           -2.8024156444E+01        -9.5556E-02        2.552E-04        115.352
16           -2.8024043949E+01        -9.8085E-02        2.042E-04        136.631
17           -2.8023988043E+01        -9.8100E-02        1.327E-04        115.203
18           -2.8023986924E+01        -1.0104E-01        1.202E-04        115.305
19           -2.8023988551E+01        -1.0003E-01        1.092E-04        115.165
20           -2.8023977956E+01        -1.0109E-01        6.709E-05        115.828
21           -2.8023967678E+01        -1.0218E-01        1.459E-05        115.191
22           -2.8023967407E+01        -1.0179E-01        1.848E-05        117.667
23           -2.8023968614E+01        -1.0204E-01        8.487E-06        122.941
24           -2.8023971424E+01        -1.0196E-01        5.442E-06        121.864
25           -2.8023972038E+01        -1.0211E-01        6.090E-06        117.759
26           -2.8023972252E+01        -1.0209E-01        2.373E-06        137.549
27           -2.8023972755E+01        -1.0226E-01        6.866E-06        135.073
28           -2.8023972756E+01        -1.0218E-01        1.807E-06        122.688
29           -2.8023973153E+01        -1.0202E-01        8.381E-06        123.780
30           -2.8023973391E+01        -1.0224E-01        4.361E-06        136.965
31           -2.8023973110E+01        -1.0206E-01        6.591E-06        118.149
32           -2.8023973309E+01        -1.0207E-01        6.267E-06        115.209
33           -2.8023973703E+01        -1.0215E-01        2.976E-06        115.124
34           -2.8023973833E+01        -1.0215E-01        2.832E-06        115.156
35           -2.8023973917E+01        -1.0219E-01        8.972E-07        133.503
Total number of SCF: 35    

k = [-0.250, -0.250, 0.000]
Occupation of state 215 = 0.000000000000002.
Occupation of state 239 = 0.000000000000000.
Exx outer loop error: 2.3864092208e-01 

No.2 Exx outer loop: 
1            -2.8024271169E+01        -2.3373E-01        2.364E-03        119.948
2            -2.8023721243E+01        -2.3831E-01        2.101E-03        115.504
3            -2.8023938572E+01        -2.2270E-01        1.630E-03        115.105
4            -2.8024306546E+01        -2.6563E-01        1.697E-03        115.243
5            -2.8024428041E+01        -2.8834E-01        1.713E-03        115.202
6            -2.8024348922E+01        -2.4057E-01        6.508E-04        115.233
7            -2.8024383604E+01        -2.8330E-01        5.311E-04        114.954
8            -2.8024398508E+01        -2.8281E-01        3.528E-04        115.091
9            -2.8024367295E+01        -2.6973E-01        1.164E-04        115.418
10           -2.8024364453E+01        -2.7215E-01        1.051E-04        115.717
11           -2.8024322152E+01        -2.6982E-01        6.763E-05        115.345
12           -2.8024280175E+01        -2.6794E-01        4.255E-05        115.081
13           -2.8024255899E+01        -2.6699E-01        2.667E-05        115.471
14           -2.8024240218E+01        -2.6646E-01        1.671E-05        115.471
15           -2.8024237410E+01        -2.6618E-01        1.506E-05        115.389
16           -2.8024233818E+01        -2.6629E-01        1.125E-05        117.091
17           -2.8024233889E+01        -2.6620E-01        9.343E-06        115.139
18           -2.8024235917E+01        -2.6538E-01        1.876E-05        115.122
19           -2.8024235153E+01        -2.6391E-01        5.067E-05        115.036
20           -2.8024236957E+01        -2.6658E-01        8.341E-06        114.855
21           -2.8024236563E+01        -2.6676E-01        6.487E-06        115.110
22           -2.8024236673E+01        -2.6684E-01        4.124E-06        115.005
23           -2.8024236449E+01        -2.6712E-01        8.044E-06        114.900
24           -2.8024235521E+01        -2.6702E-01        4.805E-06        115.115
25           -2.8024233623E+01        -2.6724E-01        7.562E-06        115.024
26           -2.8024233757E+01        -2.6710E-01        4.168E-06        116.694
27           -2.8024233682E+01        -2.6686E-01        1.925E-06        114.864
28           -2.8024233842E+01        -2.6689E-01        1.314E-06        114.838
29           -2.8024233791E+01        -2.6698E-01        9.719E-07        115.418
Total number of SCF: 29    

k = [-0.250, -0.250, 0.000]
Occupation of state 215 = 0.000000000000001.
Occupation of state 239 = 0.000000000000000.
Exx outer loop error: 1.7869153824e-02 

No.3 Exx outer loop: 
1            -2.8024305902E+01        -4.8849E-01        4.151E-03        120.288
2            -2.8024566268E+01        -2.7532E-01        1.974E-03        115.259
3            -2.8024700206E+01        -1.5980E-01        2.617E-03        115.353
4            -2.8024615221E+01        -3.0499E-01        5.562E-04        115.259
5            -2.8024653639E+01        -2.7405E-01        6.318E-04        119.067
6            -2.8024629880E+01        -2.6086E-01        5.671E-04        115.154
7            -2.8024555283E+01        -3.0321E-01        6.198E-04        115.343
8            -2.8024506262E+01        -2.9094E-01        2.422E-04        115.399
9            -2.8024437393E+01        -2.8168E-01        3.595E-04        115.363
10           -2.8024357317E+01        -2.7906E-01        3.963E-04        115.338
11           -2.8024302022E+01        -2.7046E-01        4.290E-04        115.493
12           -2.8024318980E+01        -2.7601E-01        2.683E-04        115.328
13           -2.8024302929E+01        -2.6646E-01        3.646E-04        115.443
14           -2.8024293252E+01        -2.6834E-01        3.316E-04        115.444
15           -2.8024298961E+01        -2.7381E-01        2.567E-04        115.379
16           -2.8024285423E+01        -2.6494E-01        3.940E-04        115.356
17           -2.8024283938E+01        -2.7051E-01        3.222E-04        115.101
18           -2.8024274111E+01        -2.6991E-01        3.404E-04        115.556
19           -2.8024282134E+01        -2.9411E-01        4.854E-05        115.089
20           -2.8024281959E+01        -2.8515E-01        8.270E-05        115.354
21           -2.8024282236E+01        -2.8749E-01        3.275E-05        121.226
22           -2.8024278518E+01        -2.8571E-01        4.521E-05        115.243
23           -2.8024277522E+01        -2.8765E-01        1.554E-05        115.486
24           -2.8024273341E+01        -2.9080E-01        4.965E-05        122.451
25           -2.8024269666E+01        -2.8782E-01        1.065E-05        121.328
26           -2.8024266534E+01        -2.8782E-01        9.890E-06        115.496
27           -2.8024265319E+01        -2.8736E-01        2.880E-06        131.035
28           -2.8024265115E+01        -2.8748E-01        3.228E-06        115.349
29           -2.8024264308E+01        -2.8723E-01        1.474E-06        140.928
30           -2.8024264151E+01        -2.8742E-01        2.576E-06        115.247
31           -2.8024263827E+01        -2.8775E-01        7.374E-06        115.334
32           -2.8024263882E+01        -2.8778E-01        7.940E-06        115.056
33           -2.8024263862E+01        -2.8781E-01        8.226E-06        115.109
34           -2.8024263841E+01        -2.8798E-01        1.101E-05        115.570
35           -2.8024263869E+01        -2.8784E-01        8.889E-06        115.255
36           -2.8024263878E+01        -2.8778E-01        7.844E-06        117.031
37           -2.8024263824E+01        -2.8780E-01        8.239E-06        121.956
38           -2.8024263789E+01        -2.8783E-01        8.670E-06        116.670
39           -2.8024263769E+01        -2.8813E-01        1.331E-05        115.906
40           -2.8024263584E+01        -2.8743E-01        2.774E-06        117.113
41           -2.8024263520E+01        -2.8743E-01        2.797E-06        134.963
42           -2.8024263431E+01        -2.8738E-01        1.817E-06        115.233
43           -2.8024263417E+01        -2.8732E-01        7.577E-07        114.972
Total number of SCF: 43    

k = [-0.250, -0.250, 0.000]
Occupation of state 215 = 0.000000000000000.
Occupation of state 239 = 0.000000000000000.
Exx outer loop error: 6.2240409385e-03 

No.4 Exx outer loop: 
1            -2.8024302835E+01        -3.9996E-01        3.069E-03        119.166
2            -2.8024441379E+01        -1.7008E-01        1.974E-03        115.524
3            -2.8024764809E+01        -6.7527E-01        5.422E-03        114.851
4            -2.8024571968E+01        -4.5558E-01        2.459E-03        115.022
5            -2.8024566532E+01        -2.2008E-01        9.447E-04        114.920
6            -2.8024611203E+01        -2.2536E-01        8.859E-04        115.026
7            -2.8024700481E+01        -1.0417E-01        2.488E-03        114.939
8            -2.8024689772E+01        -1.7515E-01        1.496E-03        115.045
9            -2.8024677638E+01        -2.3088E-01        8.062E-04        115.825
10           -2.8024561293E+01        -2.0823E-01        9.723E-04        115.440
11           -2.8024516540E+01        -1.9745E-01        1.018E-03        131.007
12           -2.8024444130E+01        -2.2996E-01        4.320E-04        115.224
13           -2.8024392497E+01        -2.4449E-01        1.049E-04        130.926
14           -2.8024352227E+01        -2.1670E-01        2.673E-04        130.857
15           -2.8024324511E+01        -2.3537E-01        1.285E-04        114.993
16           -2.8024327269E+01        -2.0370E-01        2.844E-04        115.334
17           -2.8024298096E+01        -2.0813E-01        1.209E-04        116.217
18           -2.8024293125E+01        -2.0893E-01        7.472E-05        114.892
19           -2.8024284486E+01        -2.0913E-01        3.044E-05        114.667
20           -2.8024284297E+01        -2.0793E-01        3.152E-05        114.827
21           -2.8024278146E+01        -2.0867E-01        6.900E-06        114.788
22           -2.8024275640E+01        -2.0874E-01        8.395E-06        115.025
23           -2.8024275630E+01        -2.0954E-01        1.414E-05        114.775
24           -2.8024277920E+01        -2.0815E-01        1.244E-05        115.604
25           -2.8024275766E+01        -2.0852E-01        2.496E-06        114.721
26           -2.8024276282E+01        -2.0875E-01        4.967E-06        114.673
27           -2.8024276456E+01        -2.0827E-01        3.394E-06        114.994
28           -2.8024276251E+01        -2.0840E-01        1.499E-06        114.921
29           -2.8024276407E+01        -2.0846E-01        8.247E-07        114.590
Total number of SCF: 29    

k = [-0.250, -0.250, 0.000]
Occupation of state 215 = 0.000000000000000.
Occupation of state 239 = 0.000000000000000.
Exx outer loop error: 4.2361695656e-03 

No.5 Exx outer loop: 
1            -2.8024294709E+01        -1.7718E-01        1.480E-03        119.141
2            -2.8024323598E+01        -1.5861E-01        5.816E-04        115.119
3            -2.8024456029E+01        -4.7515E-01        3.325E-03        115.242
4            -2.8024493999E+01        -1.8019E-01        7.642E-04        115.268
5            -2.8024522778E+01        -1.5232E-01        1.077E-03        115.636
6            -2.8024500993E+01        -1.4965E-01        8.370E-04        115.406
7            -2.8024431116E+01        -1.4572E-01        5.870E-04        115.529
8            -2.8024392382E+01        -1.9002E-01        1.405E-04        115.132
9            -2.8024358513E+01        -1.3730E-01        3.817E-04        115.137
10           -2.8024331160E+01        -1.6237E-01        5.601E-05        115.279
11           -2.8024319784E+01        -1.5233E-01        6.114E-05        115.280
12           -2.8024313692E+01        -1.5387E-01        4.543E-05        115.476
13           -2.8024306990E+01        -1.5328E-01        4.695E-05        117.143
14           -2.8024299389E+01        -1.5431E-01        1.856E-05        115.176
15           -2.8024294049E+01        -1.5407E-01        1.292E-05        115.102
16           -2.8024290614E+01        -1.5451E-01        7.643E-06        115.058
17           -2.8024288241E+01        -1.5429E-01        1.078E-05        114.862
18           -2.8024286513E+01        -1.5444E-01        7.279E-06        115.067
19           -2.8024283663E+01        -1.5481E-01        3.186E-06        114.907
20           -2.8024283281E+01        -1.5474E-01        1.348E-06        115.095
21           -2.8024282948E+01        -1.5484E-01        1.166E-06        114.845
22           -2.8024283042E+01        -1.5462E-01        2.320E-06        115.497
23           -2.8024282706E+01        -1.5475E-01        1.034E-06        115.257
24           -2.8024282769E+01        -1.5475E-01        1.149E-06        114.739
25           -2.8024282817E+01        -1.5473E-01        6.686E-07        114.575
Total number of SCF: 25    

k = [-0.250, -0.250, 0.000]
Occupation of state 215 = 0.000000000000000.
Occupation of state 239 = 0.000000000000000.
Exx outer loop error: 3.1087604629e-03 

No.6 Exx outer loop: 
1            -2.8024292774E+01        -1.0622E-01        1.045E-03        119.420
2            -2.8024349127E+01        -1.9610E-01        7.545E-04        115.024
3            -2.8024412041E+01        -2.6509E-01        1.253E-03        115.310
4            -2.8024506705E+01        -2.7029E-01        1.123E-03        114.983
5            -2.8024517080E+01        -1.9843E-01        3.706E-04        115.832
6            -2.8024458141E+01        -1.0854E-01        6.342E-04        115.196
7            -2.8024383445E+01        -1.3419E-01        1.842E-04        116.122
8            -2.8024336637E+01        -1.4788E-01        1.192E-04        115.076
9            -2.8024309750E+01        -1.4370E-01        1.527E-04        115.555
10           -2.8024312090E+01        -1.3281E-01        5.038E-05        116.184
11           -2.8024320486E+01        -1.3224E-01        3.448E-05        115.598
12           -2.8024318236E+01        -1.3047E-01        3.067E-05        116.845
13           -2.8024310226E+01        -1.3069E-01        2.368E-05        118.394
14           -2.8024294455E+01        -1.3106E-01        1.311E-05        140.419
15           -2.8024287319E+01        -1.3273E-01        3.302E-05        115.104
16           -2.8024285734E+01        -1.3160E-01        1.812E-05        115.609
17           -2.8024284140E+01        -1.3148E-01        1.727E-05        115.098
18           -2.8024284665E+01        -1.3187E-01        1.969E-05        115.524
19           -2.8024286820E+01        -1.3110E-01        7.938E-06        115.696
20           -2.8024289265E+01        -1.3162E-01        7.251E-06        115.426
21           -2.8024287534E+01        -1.3430E-01        3.415E-05        115.811
22           -2.8024288658E+01        -1.3287E-01        1.576E-05        115.873
23           -2.8024288882E+01        -1.3559E-01        4.559E-05        115.103
24           -2.8024288775E+01        -1.3363E-01        2.196E-05        115.392
25           -2.8024288391E+01        -1.3170E-01        3.497E-06        130.622
26           -2.8024287879E+01        -1.3172E-01        2.931E-06        115.334
27           -2.8024286577E+01        -1.3203E-01        3.036E-06        115.019
28           -2.8024286331E+01        -1.3197E-01        2.792E-06        141.005
29           -2.8024286097E+01        -1.3163E-01        1.848E-06        115.497
30           -2.8024286025E+01        -1.3176E-01        2.882E-07        115.230
Total number of SCF: 30    

k = [-0.250, -0.250, 0.000]
Occupation of state 215 = 0.000000000000000.
Occupation of state 239 = 0.000000000000000.
Exx outer loop error: 2.4334027458e-03 

No.7 Exx outer loop: 
1            -2.8024291844E+01        -9.3414E-02        7.103E-04        119.269
2            -2.8024334886E+01        -1.7743E-01        7.038E-04        115.212
3            -2.8024387305E+01        -1.2785E-01        1.361E-04        116.599
4            -2.8024387635E+01        -1.0964E-01        2.160E-04        115.377
5            -2.8024338058E+01        -1.2209E-01        4.207E-05        115.144
6            -2.8024310608E+01        -1.1936E-01        1.937E-05        115.541
7            -2.8024297763E+01        -1.1596E-01        4.189E-05        124.410
8            -2.8024292298E+01        -1.1475E-01        3.945E-05        115.511
9            -2.8024291036E+01        -1.1708E-01        5.700E-06        116.947
10           -2.8024290089E+01        -1.1693E-01        5.281E-06        117.255
11           -2.8024289077E+01        -1.1696E-01        3.443E-06        114.942
12           -2.8024287823E+01        -1.1710E-01        2.796E-06        133.807
13           -2.8024287137E+01        -1.1716E-01        2.229E-06        138.244
14           -2.8024287313E+01        -1.1728E-01        2.743E-06        115.009
15           -2.8024287091E+01        -1.1697E-01        2.221E-06        114.747
16           -2.8024286988E+01        -1.1723E-01        1.336E-06        114.640
17           -2.8024287096E+01        -1.1723E-01        7.969E-07        114.603
Total number of SCF: 17    

k = [-0.250, -0.250, 0.000]
Occupation of state 215 = 0.000000000000000.
Occupation of state 239 = 0.000000000000000.
Exx outer loop error: 1.1517663359e-03 

No.8 Exx outer loop: 
1            -2.8024290851E+01        -8.6863E-02        5.154E-04        119.296
2            -2.8024324289E+01        -1.5557E-01        5.844E-04        114.953
3            -2.8024342012E+01        -1.9962E-01        9.725E-04        115.077
4            -2.8024350129E+01        -1.9973E-01        8.426E-04        114.750
5            -2.8024354282E+01        -2.1088E-01        9.658E-04        115.176
6            -2.8024323778E+01        -1.1900E-01        6.740E-05        114.844
7            -2.8024317757E+01        -1.0506E-01        1.447E-04        115.101
8            -2.8024311076E+01        -1.0471E-01        9.897E-05        115.736
9            -2.8024304934E+01        -1.0323E-01        8.565E-05        115.586
10           -2.8024303344E+01        -1.0365E-01        8.082E-05        115.199
11           -2.8024301455E+01        -1.0368E-01        7.514E-05        115.252
12           -2.8024297441E+01        -1.0263E-01        6.623E-05        115.063
13           -2.8024296142E+01        -1.0403E-01        3.905E-05        114.782
14           -2.8024294365E+01        -1.0496E-01        2.079E-05        116.806
15           -2.8024291016E+01        -1.0495E-01        1.291E-05        114.975
16           -2.8024290365E+01        -1.0560E-01        3.257E-06        115.088
17           -2.8024290324E+01        -1.0523E-01        8.273E-06        115.172
18           -2.8024289205E+01        -1.0595E-01        5.844E-06        115.221
19           -2.8024289061E+01        -1.0577E-01        1.951E-06        115.072
20           -2.8024288494E+01        -1.0532E-01        3.719E-06        125.083
21           -2.8024287855E+01        -1.0565E-01        2.537E-06        118.417
22           -2.8024287707E+01        -1.0551E-01        6.239E-07        114.634
Total number of SCF: 22    

k = [-0.250, -0.250, 0.000]
Occupation of state 215 = 0.000000000000000.
Occupation of state 239 = 0.000000000000000.
Exx outer loop error: 9.2007226900e-04 

No.9 Exx outer loop: 
1            -2.8024290346E+01        -7.9913E-02        4.008E-04        122.410
2            -2.8024318048E+01        -1.3933E-01        5.162E-04        116.676
3            -2.8024316670E+01        -9.9850E-02        1.096E-04        115.162
4            -2.8024303950E+01        -9.9575E-02        4.734E-05        115.156
5            -2.8024305613E+01        -9.5348E-02        7.318E-05        114.868
6            -2.8024296246E+01        -9.8956E-02        2.540E-05        116.198
7            -2.8024298037E+01        -9.4968E-02        2.860E-05        128.573
8            -2.8024294262E+01        -9.5038E-02        1.563E-05        115.126
9            -2.8024290639E+01        -9.5182E-02        5.403E-06        115.198
10           -2.8024289156E+01        -9.5688E-02        7.648E-06        128.879
11           -2.8024289739E+01        -9.5038E-02        4.736E-06        115.043
12           -2.8024288757E+01        -9.4367E-02        1.141E-05        114.987
13           -2.8024287850E+01        -9.5134E-02        2.930E-06        115.078
14           -2.8024288202E+01        -9.4936E-02        1.489E-06        115.392
15           -2.8024287982E+01        -9.4765E-02        3.100E-06        115.368
16           -2.8024287933E+01        -9.4821E-02        1.882E-06        115.640
17           -2.8024287694E+01        -9.5036E-02        1.678E-06        114.958
18           -2.8024287871E+01        -9.5133E-02        2.113E-06        114.770
19           -2.8024287842E+01        -9.4998E-02        4.445E-07        114.371
Total number of SCF: 19    

k = [-0.250, -0.250, 0.000]
Occupation of state 215 = 0.000000000000000.
Occupation of state 239 = 0.000000000000000.
Exx outer loop error: 2.7695342325e-04 

No.10 Exx outer loop: 
1            -2.8024289817E+01        -7.3643E-02        3.178E-04        118.698
2            -2.8024312930E+01        -1.2107E-01        4.174E-04        115.665
3            -2.8024341911E+01        -6.4668E-02        3.536E-04        120.753
4            -2.8024334032E+01        -7.0754E-02        2.336E-04        114.722
5            -2.8024323681E+01        -7.9003E-02        1.140E-04        114.789
6            -2.8024309959E+01        -8.8421E-02        5.929E-05        136.229
7            -2.8024300023E+01        -9.2746E-02        1.314E-04        133.573
8            -2.8024301187E+01        -8.5791E-02        2.175E-05        114.537
9            -2.8024296157E+01        -8.2340E-02        2.789E-05        114.571
10           -2.8024293016E+01        -8.5301E-02        2.178E-05        114.568
11           -2.8024291581E+01        -8.3866E-02        8.323E-06        115.298
12           -2.8024289329E+01        -8.4565E-02        4.712E-06        114.733
13           -2.8024288819E+01        -8.4722E-02        4.585E-06        120.781
14           -2.8024288874E+01        -8.5240E-02        7.609E-06        118.037
15           -2.8024289128E+01        -8.4990E-02        3.535E-06        119.486
16           -2.8024288872E+01        -8.5435E-02        8.024E-06        117.750
17           -2.8024288929E+01        -8.5103E-02        8.728E-07        129.794
Total number of SCF: 17    

k = [-0.250, -0.250, 0.000]
Occupation of state 215 = 0.000000000000000.
Occupation of state 239 = 0.000000000000000.
Exx outer loop error: 7.0710447860e-04 

No.11 Exx outer loop: 
1            -2.8024291897E+01        -6.5147E-02        2.775E-04        122.626
2            -2.8024311276E+01        -1.1011E-01        4.070E-04        150.574
3            -2.8024314357E+01        -8.1117E-02        8.105E-05        134.176
4            -2.8024324991E+01        -7.8749E-02        8.097E-05        135.012
5            -2.8024326827E+01        -7.6401E-02        7.052E-05        147.766
6            -2.8024315891E+01        -7.8763E-02        4.565E-05        135.089
7            -2.8024310445E+01        -7.6363E-02        2.700E-05        114.553
8            -2.8024306730E+01        -7.5784E-02        2.074E-05        114.420
9            -2.8024305614E+01        -7.5007E-02        1.724E-05        114.607
10           -2.8024295732E+01        -6.5594E-02        1.275E-04        115.376
11           -2.8024292455E+01        -7.6037E-02        1.944E-05        114.700
12           -2.8024291629E+01        -7.7171E-02        2.457E-05        114.762
13           -2.8024292968E+01        -7.6338E-02        1.073E-05        114.709
14           -2.8024290232E+01        -7.6745E-02        1.190E-05        115.033
15           -2.8024290042E+01        -7.5485E-02        3.690E-06        116.089
16           -2.8024289141E+01        -7.6087E-02        7.931E-06        126.350
17           -2.8024288839E+01        -7.5407E-02        1.361E-06        114.698
18           -2.8024288606E+01        -7.5363E-02        1.360E-06        114.569
19           -2.8024288092E+01        -7.5321E-02        1.114E-06        115.758
20           -2.8024287971E+01        -7.5358E-02        4.867E-07        126.759
Total number of SCF: 20    

k = [-0.250, -0.250, 0.000]
Occupation of state 215 = 0.000000000000000.
Occupation of state 239 = 0.000000000000000.
Exx outer loop error: 1.3503502371e-04 

No.12 Exx outer loop: 
1            -2.8024288993E+01        -5.9602E-02        2.089E-04        119.830
2            -2.8024305871E+01        -9.2189E-02        3.000E-04        115.047
3            -2.8024340139E+01        -7.3452E-02        5.758E-05        117.137
4            -2.8024320742E+01        -7.0161E-02        5.920E-05        115.353
5            -2.8024313746E+01        -8.0042E-02        1.333E-04        114.825
6            -2.8024310095E+01        -6.8924E-02        2.263E-05        114.575
7            -2.8024304539E+01        -6.5553E-02        1.664E-05        114.746
8            -2.8024301342E+01        -6.4286E-02        1.259E-05        114.709
9            -2.8024298646E+01        -6.6170E-02        2.362E-05        114.863
10           -2.8024294624E+01        -6.5957E-02        1.485E-05        114.740
11           -2.8024294305E+01        -7.0248E-02        6.240E-05        114.550
12           -2.8024293733E+01        -6.9479E-02        5.335E-05        114.700
13           -2.8024293923E+01        -7.0185E-02        6.474E-05        114.434
14           -2.8024293532E+01        -6.8822E-02        4.330E-05        114.493
15           -2.8024293828E+01        -7.0919E-02        6.301E-05        114.339
16           -2.8024293872E+01        -7.1260E-02        6.818E-05        114.636
17           -2.8024293719E+01        -6.9717E-02        4.711E-05        114.620
18           -2.8024293464E+01        -6.6070E-02        6.998E-06        114.626
19           -2.8024293359E+01        -6.6072E-02        6.992E-06        115.116
20           -2.8024293020E+01        -6.5394E-02        1.169E-05        115.024
21           -2.8024292869E+01        -6.3342E-02        3.596E-05        114.874
22           -2.8024292545E+01        -6.6896E-02        1.362E-05        114.822
23           -2.8024291511E+01        -6.5851E-02        2.484E-06        114.856
24           -2.8024290352E+01        -6.6154E-02        4.654E-06        114.592
25           -2.8024289850E+01        -6.5829E-02        1.562E-06        114.780
26           -2.8024289051E+01        -6.5386E-02        5.660E-06        114.599
27           -2.8024288616E+01        -6.5661E-02        2.106E-06        114.757
28           -2.8024288503E+01        -6.5875E-02        7.750E-07        114.513
Total number of SCF: 28    

k = [-0.250, -0.250, 0.000]
Occupation of state 215 = 0.000000000000000.
Occupation of state 239 = 0.000000000000000.
Exx outer loop error: 2.8529228667e-04 

No.13 Exx outer loop: 
1            -2.8024289711E+01        -4.8872E-02        1.971E-04        121.237
2            -2.8024307858E+01        -8.7673E-02        3.649E-04        114.652
3            -2.8024345998E+01        -3.9056E-02        2.967E-04        114.798
4            -2.8024347676E+01        -4.4681E-02        2.029E-04        114.712
5            -2.8024316972E+01        -6.4939E-02        9.461E-05        114.603
6            -2.8024307183E+01        -4.8208E-02        1.161E-04        114.494
7            -2.8024304090E+01        -5.7287E-02        1.370E-05        114.750
8            -2.8024299334E+01        -5.6287E-02        1.276E-05        114.618
9            -2.8024297307E+01        -5.5746E-02        1.649E-05        115.449
10           -2.8024294072E+01        -5.5453E-02        1.874E-05        114.478
11           -2.8024291981E+01        -5.6158E-02        6.908E-06        114.700
12           -2.8024290801E+01        -5.6811E-02        6.125E-06        114.877
13           -2.8024290171E+01        -5.6352E-02        2.461E-06        114.916
14           -2.8024289662E+01        -5.6143E-02        2.146E-06        114.883
15           -2.8024289073E+01        -5.6219E-02        1.275E-06        114.777
16           -2.8024288735E+01        -5.5997E-02        2.814E-06        116.182
17           -2.8024288167E+01        -5.6501E-02        4.264E-06        115.511
18           -2.8024288411E+01        -5.6302E-02        1.350E-06        115.137
19           -2.8024288268E+01        -5.6603E-02        4.554E-06        114.434
20           -2.8024288411E+01        -5.6458E-02        2.642E-06        114.287
21           -2.8024288446E+01        -5.6369E-02        1.066E-06        114.497
22           -2.8024288459E+01        -5.6545E-02        2.502E-06        114.598
23           -2.8024288491E+01        -5.6517E-02        1.762E-06        114.639
24           -2.8024288365E+01        -5.6493E-02        1.196E-06        114.666
25           -2.8024288368E+01        -5.6494E-02        1.165E-06        114.538
26           -2.8024288330E+01        -5.6505E-02        1.226E-06        114.475
27           -2.8024288297E+01        -5.6447E-02        5.642E-07        114.704
Total number of SCF: 27    

k = [-0.250, -0.250, 0.000]
Occupation of state 215 = 0.000000000000000.
Occupation of state 239 = 0.000000000000000.
Exx outer loop error: 3.7632988094e-05 
====================================================================
                    Energy and force calculation                    
====================================================================
Free energy per atom               : -2.8024287623E+01 (Ha/atom)
Total free energy                  : -1.4572629564E+03 (Ha)
Band structure energy              : -3.7930707826E+02 (Ha)
Exchange correlation energy        : -2.5914860055E+02 (Ha)
Self and correction energy         : -1.9227398613E+03 (Ha)
Entropy*kb*T                       : -4.1251676489E-03 (Ha)
Fermi level                        : -1.8527761207E-01 (Ha)
RMS force                          :  1.9012282841E-02 (Ha/Bohr)
Maximum force                      :  1.0150273025E-01 (Ha/Bohr)
Time for force calculation         :  1.753 (sec)
***************************************************************************
                               Timing info                                 
***************************************************************************
Total walltime                     :  147344.581 sec
___________________________________________________________________________

***************************************************************************
*             Material Physics & Mechanics Group, Georgia Tech            *
*                       PI: Phanish Suryanarayana                         *
*                Main Developers: Qimen Xu, Abhiraj Sharma                *
*     Collaborators: J.E. Pask (LLNL), A.J. Medford (GT), E. Chow (GT)    *
*  Acknowledgements: U.S. DOE (DE-SC0019410); U.S. NSF (1333500,1553212)  *
***************************************************************************
                                                                           
