                Step[ FC]     Time          Energy          fmax
*Force-consistent energies used in optimization.
BFGSLineSearch:    0[  0] 16:23:59   -39881.530768*       0.9004
BFGSLineSearch:    1[  2] 16:52:39   -39881.606618*       0.5042
BFGSLineSearch:    2[  4] 17:22:36   -39881.627858*       0.5193
BFGSLineSearch:    3[  6] 17:47:51   -39881.642306*       0.2379
BFGSLineSearch:    4[  8] 18:10:46   -39881.652296*       0.2232
BFGSLineSearch:    5[ 10] 18:32:54   -39881.658713*       0.1849
BFGSLineSearch:    6[ 11] 18:42:52   -39881.666724*       0.2595
BFGSLineSearch:    7[ 13] 19:07:31   -39881.674660*       0.4407
BFGSLineSearch:    8[ 15] 19:32:48   -39881.680369*       0.1993
BFGSLineSearch:    9[ 16] 19:44:02   -39881.689411*       0.2331
BFGSLineSearch:   10[ 17] 19:54:54   -39881.703776*       0.3223
BFGSLineSearch:   11[ 19] 20:18:03   -39881.718041*       0.2530
BFGSLineSearch:   12[ 21] 20:38:25   -39881.733617*       0.2368
BFGSLineSearch:   13[ 22] 20:53:41   -39881.743013*       0.2083
BFGSLineSearch:   14[ 23] 21:02:40   -39881.750758*       0.1750
BFGSLineSearch:   15[ 24] 21:13:15   -39881.755274*       0.2820
BFGSLineSearch:   16[ 25] 21:25:00   -39881.761441*       0.1852
                Step[ FC]     Time          Energy          fmax
*Force-consistent energies used in optimization.
BFGSLineSearch:    0[  0] 22:29:15   -39881.761405*       0.1833
BFGSLineSearch:    1[  2] 22:46:28   -39881.767685*       0.1063
BFGSLineSearch:    2[  4] 22:59:48   -39881.777214*       0.2211
BFGSLineSearch:    3[  5] 23:07:52   -39881.802318*       0.1685
BFGSLineSearch:    4[  7] 23:29:46   -39881.836789*       0.8428
BFGSLineSearch:    5[ 10] 23:57:23   -39881.950474*       1.8785
BFGSLineSearch:    6[ 11] 00:06:49   -39881.981587*       2.2280
BFGSLineSearch:    7[ 13] 00:25:21   -39882.060767*       1.2465
BFGSLineSearch:    8[ 14] 00:36:01   -39882.267323*       1.6411
BFGSLineSearch:    9[ 16] 00:55:37   -39882.476208*       0.7432
BFGSLineSearch:   10[ 18] 01:15:42   -39882.579560*       0.5943
BFGSLineSearch:   11[ 20] 01:33:48   -39882.654907*       0.4210
BFGSLineSearch:   12[ 22] 01:52:32   -39882.684490*       0.4186
BFGSLineSearch:   13[ 23] 02:02:46   -39882.714875*       0.3071
BFGSLineSearch:   14[ 24] 02:11:11   -39882.731539*       0.3102
BFGSLineSearch:   15[ 26] 02:26:17   -39882.740799*       0.2013
BFGSLineSearch:   16[ 27] 02:34:15   -39882.747338*       0.1684
BFGSLineSearch:   17[ 28] 02:42:35   -39882.753385*       0.1361
BFGSLineSearch:   18[ 29] 02:52:30   -39882.757081*       0.1342
                Step[ FC]     Time          Energy          fmax
*Force-consistent energies used in optimization.
BFGSLineSearch:    0[  0] 09:55:24   -39882.757070*       0.1341
BFGSLineSearch:    1[  2] 10:14:01   -39882.759101*       0.0732
BFGSLineSearch:    2[  3] 10:21:56   -39882.760633*       0.0582
BFGSLineSearch:    3[  4] 10:30:26   -39882.762676*       0.0714
BFGSLineSearch:    4[  5] 10:38:00   -39882.763681*       0.0597
BFGSLineSearch:    5[  6] 10:43:08   -39882.764576*       0.0546
BFGSLineSearch:    6[  7] 10:50:53   -39882.765756*       0.0650
BFGSLineSearch:    7[  8] 10:58:03   -39882.766737*       0.0461
