                Step[ FC]     Time          Energy          fmax
*Force-consistent energies used in optimization.
BFGSLineSearch:    0[  0] 21:19:24   -39715.651267*       4.6870
BFGSLineSearch:    1[  2] 21:41:45   -39715.917397*       2.5855
BFGSLineSearch:    2[  4] 22:06:56   -39716.174671*       1.8709
BFGSLineSearch:    3[  6] 22:30:15   -39716.340259*       1.9666
BFGSLineSearch:    4[  8] 22:53:40   -39716.422355*       2.1646
BFGSLineSearch:    5[ 10] 23:16:02   -39716.487954*       1.5105
BFGSLineSearch:    6[ 12] 23:39:53   -39716.523240*       0.6784
BFGSLineSearch:    7[ 14] 23:59:58   -39716.540848*       0.3473
BFGSLineSearch:    8[ 16] 00:19:22   -39716.553370*       0.3214
BFGSLineSearch:    9[ 18] 00:38:21   -39716.559670*       0.1998
BFGSLineSearch:   10[ 19] 00:46:47   -39716.566282*       0.3455
BFGSLineSearch:   11[ 20] 00:55:41   -39716.573741*       0.1812
BFGSLineSearch:   12[ 21] 01:04:42   -39716.577873*       0.1716
BFGSLineSearch:   13[ 23] 01:18:49   -39716.580687*       0.0987
BFGSLineSearch:   14[ 24] 01:27:02   -39716.583064*       0.1667
BFGSLineSearch:   15[ 25] 01:34:59   -39716.585010*       0.1200
BFGSLineSearch:   16[ 26] 01:43:24   -39716.587028*       0.1261
BFGSLineSearch:   17[ 27] 01:50:46   -39716.588916*       0.1137
BFGSLineSearch:   18[ 28] 01:58:20   -39716.590789*       0.1307
BFGSLineSearch:   19[ 29] 02:05:38   -39716.592576*       0.0918
BFGSLineSearch:   20[ 30] 02:13:36   -39716.594076*       0.0835
                Step[ FC]     Time          Energy          fmax
*Force-consistent energies used in optimization.
BFGSLineSearch:    0[  0] 09:06:39   -39716.594061*       0.0838
BFGSLineSearch:    1[  2] 09:21:05   -39716.594888*       0.0398
                Step[ FC]     Time          Energy          fmax
*Force-consistent energies used in optimization.
BFGSLineSearch:    0[  0] 19:32:35   -39716.594880*       0.0400
