***************************************************************************
*                       SPARC (version Dec 27, 2021)                      *
*   Copyright (c) 2020 Material Physics & Mechanics Group, Georgia Tech   *
*           Distributed under GNU General Public License 3 (GPL)          *
*                   Start time: Sun Jan 16 15:30:11 2022                  *
***************************************************************************
                           Input parameters                                
***************************************************************************
CELL: 12.4338823950489 16.8986769044157 47.5378507412217 
LATVEC:
1.000000000000000 0.000000000000000 0.000000000000000 
-0.000130020950961 0.999999991547276 0.000000000000000 
0.000000000000000 -0.000000000000000 1.000000000000000 
FD_GRID: 66 89 252
FD_ORDER: 12
BC: P P D
KPOINT_GRID: 2 2 1
KPOINT_SHIFT: 0 0 0
SPIN_TYP: 1
ELEC_TEMP_TYPE: Gaussian
SMEARING: 0.007349864435
CHEB_DEGREE: 37
NSTATES: 270
EXCHANGE_CORRELATION: HSE
CALC_STRESS: 0
CALC_PRES: 0
CHEFSI_BOUND_FLAG: 0
MAXIT_SCF: 100
MINIT_SCF: 3
MAXIT_POISSON: 3000
TOL_SCF: 1.00E-06
POISSON_SOLVER: AAR
TOL_POISSON: 1.00E-08
TOL_LANCZOS: 1.00E-02
TOL_PSEUDOCHARGE: 1.00E-08
MIXING_VARIABLE: density
MIXING_PRECOND: kerker
MIXING_PRECOND_MAG: none
TOL_PRECOND: 3.57E-05
PRECOND_KERKER_KTF: 1
PRECOND_KERKER_THRESH: 0.1
MIXING_PARAMETER: 0.3
MIXING_PARAMETER_MAG: 0.3
MIXING_HISTORY: 7
PULAY_FREQUENCY: 1
PULAY_RESTART: 0
REFERENCE_CUTOFF: 0.5
RHO_TRIGGER: 4
FIX_RAND: 0
VERBOSITY: 1
PRINT_FORCES: 1
PRINT_ATOMS: 1
PRINT_EIGEN: 1
PRINT_DENSITY: 0
PRINT_ENERGY_DENSITY: 0
TOL_FOCK: 5.00E-05
TOL_SCF_INIT: 1.00E-04
MAXIT_FOCK: 1000
EXX_METHOD: FOURIER_SPACE
EXX_DIVERGENCE: AUXILIARY
ACE_FLAG: 1
EXX_ACE_MEM: 1
EXX_ACE_VALENCE_STATES: 10000
EXX_DOWNSAMPLING: 1 1 1
EXX_RANGE_FOCK: 0.106000
EXX_RANGE_PBE: 0.106000
OUTPUT_FILE: sprc-calc
***************************************************************************
                                Cell                                       
***************************************************************************
Lattice vectors (Bohr):
12.433882395048860 0.000000000000000 0.000000000000000 
-0.002197182041095 16.898676761575889 0.000000000000000 
0.000000000000000 -0.000000000000000 47.537850741221725 
Volume                  :  9.9884706279E+03 (Bohr^3)
***************************************************************************
                           Parallelization                                 
***************************************************************************
NP_SPIN_PARAL: 2
NP_KPOINT_PARAL: 4
NP_BAND_PARAL: 1
NP_DOMAIN_PARAL: 2 3 7
NP_DOMAIN_PHI_PARAL: 4 6 14
EIG_SERIAL_MAXNS: 1500
***************************************************************************
                             Initialization                                
***************************************************************************
Number of processors               :  336
Mesh spacing in x-direction        :  0.188392 (Bohr)
Mesh spacing in y-direction        :  0.189873 (Bohr)
Mesh spacing in z direction        :  0.188642 (Bohr)
Number of symmetry adapted k-points:  4
Output printed to                  :  sprc-calc.out
Final eigenvalues printed to       :  sprc-calc.eigen
Total number of atom types         :  4
Total number of atoms              :  61
Total number of electrons          :  442
Atom type 1  (valence electrons)   :  H 1
Pseudopotential                    :  H.psp8
Pseudocharge radii of atom type 1  :  3.77 3.80 3.77 (x, y, z dir)
Number of atoms of type 1          :  6
Atom type 2  (valence electrons)   :  N 5
Pseudopotential                    :  N.psp8
Pseudocharge radii of atom type 2  :  6.78 6.65 6.79 (x, y, z dir)
Number of atoms of type 2          :  2
Atom type 3  (valence electrons)   :  O 6
Pseudopotential                    :  O.psp8
Pseudocharge radii of atom type 3  :  6.78 6.84 6.79 (x, y, z dir)
Number of atoms of type 3          :  35
Atom type 4  (valence electrons)   :  Ti 12
Pseudopotential                    :  Ti.psp8
Pseudocharge radii of atom type 4  :  6.78 6.84 6.79 (x, y, z dir)
Number of atoms of type 4          :  18
Estimated total memory usage       :  317.95 GB
Estimated memory per processor     :  968.99 MB
========================================================================================
                    Self Consistent Field (SCF#1)                     
========================================================================================
Iteration     Free Energy (Ha/atom)    Magnetization     SCF Error        Timing (sec)
1            -2.6995442877E+01        -2.3942E+00        4.637E-01        222.614
2            -2.7296999360E+01         4.9710E+00        3.747E-01        55.316
3            -2.7248045512E+01        -9.7857E+00        3.219E-01        55.522
4            -2.7252631866E+01         3.7186E+00        2.700E-01        55.553
5            -2.7312996833E+01        -4.9221E-01        1.671E-01        55.367
6            -2.7322244787E+01         5.6139E-01        1.098E-01        55.186
7            -2.7324286068E+01        -8.7963E-01        7.516E-02        55.151
8            -2.7315345137E+01        -1.7717E+00        6.832E-02        55.820
9            -2.7308116292E+01        -1.5189E+00        4.990E-02        55.600
10           -2.7286727687E+01        -7.7674E-01        5.236E-02        55.443
11           -2.7265166625E+01        -8.2832E-01        4.334E-02        55.829
12           -2.7251703408E+01        -6.8630E-01        3.985E-02        55.336
13           -2.7226959912E+01        -5.5736E-01        3.714E-02        55.563
14           -2.7200398473E+01        -6.3834E-01        3.188E-02        55.486
15           -2.7169660924E+01        -5.1907E-01        2.592E-02        55.968
16           -2.7147917450E+01        -5.0813E-01        1.896E-02        55.294
17           -2.7134129153E+01        -6.9439E-01        1.316E-02        55.931
18           -2.7120602804E+01        -5.4520E-01        1.024E-02        56.035
19           -2.7120903834E+01        -6.8479E-01        9.174E-03        55.662
20           -2.7106965528E+01        -5.9835E-01        8.016E-03        55.505
21           -2.7104386001E+01        -6.2837E-01        5.607E-03        55.359
22           -2.7096222500E+01        -6.7134E-01        4.593E-03        55.525
23           -2.7093837687E+01        -6.8138E-01        4.156E-03        55.307
24           -2.7089076257E+01        -7.2434E-01        3.335E-03        56.168
25           -2.7084589271E+01        -7.9995E-01        2.373E-03        55.688
26           -2.7083170825E+01        -8.5035E-01        1.770E-03        55.623
27           -2.7081950473E+01        -9.3879E-01        1.450E-03        55.485
28           -2.7081598334E+01        -9.8204E-01        1.012E-03        55.394
29           -2.7081160314E+01        -1.0514E+00        7.520E-04        58.856
30           -2.7080862307E+01        -1.1065E+00        6.066E-04        55.461
31           -2.7080738714E+01        -1.1672E+00        4.856E-04        56.042
32           -2.7080716380E+01        -1.2164E+00        5.288E-04        55.342
33           -2.7080680720E+01        -1.2541E+00        3.534E-04        55.810
34           -2.7080667973E+01        -1.2802E+00        3.274E-04        55.533
35           -2.7080677744E+01        -1.3048E+00        2.412E-04        55.424
36           -2.7080624759E+01        -1.3357E+00        1.858E-04        55.988
37           -2.7080506680E+01        -1.3520E+00        2.230E-04        55.935
38           -2.7080508796E+01        -1.3591E+00        3.072E-04        55.642
39           -2.7080517824E+01        -1.3611E+00        6.653E-04        55.587
40           -2.7080541795E+01        -1.3641E+00        9.495E-04        56.356
41           -2.7080526132E+01        -1.3649E+00        7.844E-04        55.546
42           -2.7080513510E+01        -1.3656E+00        6.922E-04        56.041
43           -2.7080436447E+01        -1.3694E+00        9.268E-05        55.273
Total number of SCF: 43    

k = [0.000, 0.000, 0.000]
Occupation of state 243 = 0.000000000000001.
Occupation of state 270 = 0.000000000000000.

No.1 Exx outer loop: 
1            -2.6890207135E+01        -1.8741E+00        1.518E-02        84.740
2            -2.6883429016E+01        -1.9272E+00        1.334E-02        81.749
3            -2.6888338569E+01        -1.7789E+00        9.667E-03        82.133
4            -2.6891212200E+01        -1.8456E+00        8.951E-03        82.297
5            -2.6893469861E+01        -1.9220E+00        5.765E-03        81.715
6            -2.6894438479E+01        -1.9442E+00        5.085E-03        81.762
7            -2.6895101506E+01        -1.9140E+00        5.940E-03        81.760
8            -2.6894309817E+01        -1.9153E+00        3.899E-03        81.975
9            -2.6894387138E+01        -1.9333E+00        4.052E-03        82.007
10           -2.6894197610E+01        -1.9337E+00        4.012E-03        81.881
11           -2.6894153786E+01        -1.8988E+00        4.906E-03        81.712
12           -2.6894181575E+01        -1.9108E+00        4.622E-03        81.725
13           -2.6894160313E+01        -1.9080E+00        4.582E-03        81.680
14           -2.6894094896E+01        -1.9153E+00        4.344E-03        85.844
15           -2.6893439211E+01        -1.9223E+00        3.541E-03        82.478
16           -2.6892832485E+01        -1.9193E+00        2.262E-03        81.830
17           -2.6892861636E+01        -1.9269E+00        1.384E-03        81.955
18           -2.6892544834E+01        -1.9232E+00        1.020E-03        81.727
19           -2.6892650680E+01        -1.9325E+00        6.353E-04        82.139
20           -2.6892385281E+01        -1.9271E+00        4.251E-04        81.778
21           -2.6892285489E+01        -1.9248E+00        3.500E-04        81.756
22           -2.6892170332E+01        -1.9263E+00        2.568E-04        82.110
23           -2.6892127390E+01        -1.9268E+00        2.048E-04        81.949
24           -2.6892055266E+01        -1.9273E+00        1.707E-04        81.930
25           -2.6891962162E+01        -1.9269E+00        1.113E-04        82.205
26           -2.6891930828E+01        -1.9267E+00        1.003E-04        82.342
27           -2.6891887809E+01        -1.9266E+00        1.083E-04        81.688
28           -2.6891896556E+01        -1.9263E+00        5.080E-05        81.827
29           -2.6891880581E+01        -1.9263E+00        4.343E-05        81.937
30           -2.6891863475E+01        -1.9265E+00        4.743E-05        81.720
31           -2.6891858095E+01        -1.9262E+00        3.070E-05        81.845
32           -2.6891857853E+01        -1.9270E+00        5.516E-05        81.370
33           -2.6891854577E+01        -1.9267E+00        3.146E-05        81.709
34           -2.6891846537E+01        -1.9263E+00        1.949E-05        81.731
35           -2.6891843961E+01        -1.9262E+00        1.844E-05        81.680
36           -2.6891841795E+01        -1.9262E+00        1.688E-05        85.179
37           -2.6891841495E+01        -1.9263E+00        1.006E-05        81.784
38           -2.6891834730E+01        -1.9260E+00        2.506E-05        81.412
39           -2.6891833819E+01        -1.9260E+00        9.349E-06        81.659
40           -2.6891829125E+01        -1.9260E+00        1.855E-05        81.509
41           -2.6891826777E+01        -1.9259E+00        1.118E-05        81.468
42           -2.6891824177E+01        -1.9259E+00        4.173E-06        81.605
43           -2.6891822674E+01        -1.9259E+00        4.346E-06        81.639
44           -2.6891821900E+01        -1.9260E+00        7.406E-06        81.631
45           -2.6891822639E+01        -1.9259E+00        1.393E-05        81.366
46           -2.6891821980E+01        -1.9260E+00        2.164E-06        81.499
47           -2.6891821484E+01        -1.9260E+00        1.698E-06        81.788
48           -2.6891821137E+01        -1.9260E+00        1.053E-06        81.834
49           -2.6891820939E+01        -1.9259E+00        8.170E-07        81.264
Total number of SCF: 49    

k = [0.000, 0.000, 0.000]
Occupation of state 243 = 0.000000000000000.
Occupation of state 270 = 0.000000000000000.
Exx outer loop error: 5.9442291548e-01 

No.2 Exx outer loop: 
1            -2.6892183989E+01        -1.9783E+00        2.774E-03        84.288
2            -2.6891663267E+01        -1.9724E+00        2.207E-03        81.744
3            -2.6892849186E+01        -1.9792E+00        3.124E-03        81.828
4            -2.6892952898E+01        -1.9850E+00        1.376E-03        81.948
5            -2.6892931867E+01        -1.9764E+00        9.323E-04        81.860
6            -2.6893168824E+01        -1.9782E+00        2.269E-03        81.925
7            -2.6893112397E+01        -1.9773E+00        5.562E-04        82.392
8            -2.6892845206E+01        -1.9768E+00        3.552E-04        82.252
9            -2.6892627456E+01        -1.9736E+00        3.403E-04        81.972
10           -2.6892440790E+01        -1.9741E+00        1.959E-04        81.816
11           -2.6892352322E+01        -1.9723E+00        1.413E-04        85.516
12           -2.6892304732E+01        -1.9723E+00        1.294E-04        81.845
13           -2.6892239841E+01        -1.9716E+00        9.987E-05        81.718
14           -2.6892199240E+01        -1.9724E+00        7.014E-05        81.708
15           -2.6892186054E+01        -1.9728E+00        4.043E-05        81.659
16           -2.6892179878E+01        -1.9727E+00        2.461E-05        81.641
17           -2.6892170091E+01        -1.9726E+00        2.185E-05        81.675
18           -2.6892160405E+01        -1.9726E+00        1.348E-05        82.391
19           -2.6892154759E+01        -1.9726E+00        8.464E-06        81.653
20           -2.6892154348E+01        -1.9726E+00        6.701E-06        81.200
21           -2.6892154637E+01        -1.9726E+00        4.514E-06        81.565
22           -2.6892155204E+01        -1.9726E+00        3.903E-06        81.866
23           -2.6892154864E+01        -1.9726E+00        3.549E-06        81.538
24           -2.6892154002E+01        -1.9726E+00        2.304E-06        81.282
25           -2.6892153271E+01        -1.9726E+00        2.171E-06        81.493
26           -2.6892152051E+01        -1.9725E+00        2.535E-06        81.506
27           -2.6892151644E+01        -1.9726E+00        1.281E-06        81.217
28           -2.6892150935E+01        -1.9725E+00        6.106E-07        80.935
Total number of SCF: 28    

k = [0.000, 0.000, 0.000]
Occupation of state 243 = 0.000000000000000.
Occupation of state 270 = 0.000000000000000.
Exx outer loop error: 6.9102051788e-03 

No.3 Exx outer loop: 
1            -2.6892214351E+01        -1.9746E+00        9.053E-04        83.992
2            -2.6892165637E+01        -1.9738E+00        7.581E-04        81.814
3            -2.6892293727E+01        -1.9808E+00        9.748E-04        81.962
4            -2.6892512192E+01        -1.9545E+00        1.705E-03        81.871
5            -2.6892401118E+01        -1.9761E+00        2.501E-04        81.754
6            -2.6892367141E+01        -1.9742E+00        2.079E-04        82.796
7            -2.6892308412E+01        -1.9745E+00        8.741E-05        86.098
8            -2.6892252640E+01        -1.9734E+00        7.428E-05        82.222
9            -2.6892224947E+01        -1.9742E+00        7.708E-05        81.450
10           -2.6892219297E+01        -1.9732E+00        3.675E-05        81.317
11           -2.6892208348E+01        -1.9738E+00        5.617E-05        81.468
12           -2.6892208507E+01        -1.9735E+00        2.195E-05        81.553
13           -2.6892199663E+01        -1.9734E+00        1.646E-05        81.511
14           -2.6892196836E+01        -1.9735E+00        1.467E-05        81.766
15           -2.6892192641E+01        -1.9733E+00        1.101E-05        81.684
16           -2.6892189580E+01        -1.9735E+00        1.094E-05        81.691
17           -2.6892185606E+01        -1.9735E+00        1.100E-05        81.614
18           -2.6892184709E+01        -1.9736E+00        8.185E-06        81.593
19           -2.6892183530E+01        -1.9736E+00        7.231E-06        82.037
20           -2.6892183489E+01        -1.9736E+00        3.763E-06        81.522
21           -2.6892182139E+01        -1.9736E+00        5.807E-06        81.712
22           -2.6892181820E+01        -1.9736E+00        2.708E-06        81.635
23           -2.6892180973E+01        -1.9736E+00        1.327E-06        81.437
24           -2.6892180000E+01        -1.9736E+00        8.780E-07        81.434
Total number of SCF: 24    

k = [0.000, 0.000, 0.000]
Occupation of state 243 = 0.000000000000000.
Occupation of state 270 = 0.000000000000000.
Exx outer loop error: 8.2462583593e-04 

No.4 Exx outer loop: 
1            -2.6892201117E+01        -1.9754E+00        5.346E-04        84.019
2            -2.6892199760E+01        -1.9749E+00        3.805E-04        81.841
3            -2.6892308141E+01        -1.9768E+00        3.093E-04        81.732
4            -2.6892363909E+01        -1.9754E+00        1.243E-04        81.886
5            -2.6892321168E+01        -1.9740E+00        1.311E-04        81.977
6            -2.6892269198E+01        -1.9741E+00        6.584E-05        81.813
7            -2.6892239926E+01        -1.9742E+00        3.024E-05        85.015
8            -2.6892222642E+01        -1.9741E+00        2.581E-05        82.008
9            -2.6892211496E+01        -1.9741E+00        2.305E-05        81.728
10           -2.6892197186E+01        -1.9740E+00        2.089E-05        81.656
11           -2.6892193061E+01        -1.9742E+00        1.014E-05        81.736
12           -2.6892187860E+01        -1.9741E+00        1.067E-05        81.465
13           -2.6892185668E+01        -1.9742E+00        4.662E-06        81.499
14           -2.6892185959E+01        -1.9742E+00        3.333E-06        81.373
15           -2.6892186168E+01        -1.9742E+00        2.729E-06        81.122
16           -2.6892185726E+01        -1.9742E+00        1.858E-06        81.689
17           -2.6892185048E+01        -1.9742E+00        1.290E-06        81.501
18           -2.6892184911E+01        -1.9742E+00        1.327E-06        81.569
19           -2.6892185053E+01        -1.9742E+00        7.863E-07        81.530
Total number of SCF: 19    

k = [0.000, 0.000, 0.000]
Occupation of state 243 = 0.000000000000000.
Occupation of state 270 = 0.000000000000000.
Exx outer loop error: 6.2433196507e-04 

No.5 Exx outer loop: 
1            -2.6892194072E+01        -1.9761E+00        4.036E-04        87.826
2            -2.6892197092E+01        -1.9751E+00        2.221E-04        83.308
3            -2.6892257661E+01        -1.9738E+00        1.896E-04        83.793
4            -2.6892288426E+01        -1.9749E+00        8.610E-05        81.993
5            -2.6892267543E+01        -1.9747E+00        5.101E-05        81.701
6            -2.6892252993E+01        -1.9747E+00        3.903E-05        81.815
7            -2.6892237208E+01        -1.9748E+00        2.856E-05        81.774
8            -2.6892218761E+01        -1.9747E+00        2.058E-05        82.078
9            -2.6892204304E+01        -1.9747E+00        1.402E-05        84.105
10           -2.6892204659E+01        -1.9747E+00        1.011E-05        82.206
11           -2.6892198865E+01        -1.9747E+00        7.412E-06        83.756
12           -2.6892196986E+01        -1.9747E+00        5.856E-06        82.789
13           -2.6892191732E+01        -1.9747E+00        4.083E-06        84.325
14           -2.6892190855E+01        -1.9747E+00        2.966E-06        85.808
15           -2.6892189202E+01        -1.9747E+00        2.401E-06        82.057
16           -2.6892189060E+01        -1.9747E+00        2.009E-06        84.392
17           -2.6892188009E+01        -1.9747E+00        1.794E-06        81.470
18           -2.6892187714E+01        -1.9747E+00        1.204E-06        81.394
19           -2.6892187500E+01        -1.9747E+00        1.258E-06        83.283
20           -2.6892187577E+01        -1.9747E+00        6.278E-07        81.205
Total number of SCF: 20    

k = [0.000, 0.000, 0.000]
Occupation of state 243 = 0.000000000000000.
Occupation of state 270 = 0.000000000000000.
Exx outer loop error: 3.7762439771e-04 

No.6 Exx outer loop: 
1            -2.6892192551E+01        -1.9763E+00        3.321E-04        85.096
2            -2.6892194664E+01        -1.9751E+00        1.466E-04        81.705
3            -2.6892231362E+01        -1.9760E+00        1.470E-04        82.156
4            -2.6892242436E+01        -1.9758E+00        1.016E-04        82.181
5            -2.6892227931E+01        -1.9750E+00        5.939E-05        82.531
6            -2.6892217990E+01        -1.9752E+00        3.561E-05        81.941
7            -2.6892203131E+01        -1.9750E+00        1.340E-05        81.815
8            -2.6892200357E+01        -1.9750E+00        1.033E-05        81.780
9            -2.6892198185E+01        -1.9750E+00        6.579E-06        81.551
10           -2.6892196040E+01        -1.9750E+00        4.666E-06        81.737
11           -2.6892193286E+01        -1.9750E+00        3.611E-06        81.912
12           -2.6892191729E+01        -1.9750E+00        1.971E-06        81.572
13           -2.6892190560E+01        -1.9750E+00        1.417E-06        81.255
14           -2.6892190268E+01        -1.9750E+00        1.889E-06        82.446
15           -2.6892190312E+01        -1.9750E+00        2.684E-06        85.226
16           -2.6892190108E+01        -1.9750E+00        1.636E-06        81.820
17           -2.6892189886E+01        -1.9750E+00        1.453E-06        81.325
18           -2.6892189535E+01        -1.9750E+00        1.427E-06        81.550
19           -2.6892189581E+01        -1.9750E+00        1.590E-06        81.216
20           -2.6892189613E+01        -1.9750E+00        9.828E-07        80.991
Total number of SCF: 20    

k = [0.000, 0.000, 0.000]
Occupation of state 243 = 0.000000000000000.
Occupation of state 270 = 0.000000000000000.
Exx outer loop error: 2.0993947366e-04 

No.7 Exx outer loop: 
1            -2.6892193194E+01        -1.9759E+00        2.696E-04        84.289
2            -2.6892193749E+01        -1.9754E+00        1.092E-04        82.202
3            -2.6892218135E+01        -1.9756E+00        1.118E-04        82.190
4            -2.6892202615E+01        -1.9751E+00        7.257E-05        82.210
5            -2.6892193946E+01        -1.9742E+00        5.915E-05        81.805
6            -2.6892198348E+01        -1.9749E+00        1.719E-05        82.072
7            -2.6892195232E+01        -1.9751E+00        1.869E-05        81.848
8            -2.6892196385E+01        -1.9748E+00        1.694E-05        81.955
9            -2.6892194762E+01        -1.9750E+00        8.499E-06        82.080
10           -2.6892194812E+01        -1.9749E+00        4.826E-06        81.746
11           -2.6892194027E+01        -1.9750E+00        5.770E-06        82.289
12           -2.6892194158E+01        -1.9750E+00        4.766E-06        81.613
13           -2.6892193805E+01        -1.9750E+00        5.074E-06        81.746
14           -2.6892193168E+01        -1.9750E+00        2.188E-06        81.768
15           -2.6892192373E+01        -1.9750E+00        1.855E-06        81.500
16           -2.6892191582E+01        -1.9750E+00        1.392E-06        81.450
17           -2.6892190652E+01        -1.9750E+00        4.534E-06        81.379
18           -2.6892190397E+01        -1.9750E+00        2.488E-06        82.429
19           -2.6892190152E+01        -1.9750E+00        7.382E-07        83.928
Total number of SCF: 19    

k = [0.000, 0.000, 0.000]
Occupation of state 243 = 0.000000000000000.
Occupation of state 270 = 0.000000000000000.
Exx outer loop error: 1.6054185252e-04 

No.8 Exx outer loop: 
1            -2.6892192525E+01        -1.9759E+00        2.244E-04        85.769
2            -2.6892193124E+01        -1.9751E+00        8.228E-05        85.308
3            -2.6892241878E+01        -1.9772E+00        1.836E-04        82.280
4            -2.6892262592E+01        -1.9787E+00        3.162E-04        82.080
5            -2.6892249587E+01        -1.9767E+00        1.422E-04        81.871
6            -2.6892230869E+01        -1.9739E+00        8.498E-05        81.898
7            -2.6892221686E+01        -1.9752E+00        2.963E-05        81.695
8            -2.6892214443E+01        -1.9750E+00        2.271E-05        81.703
9            -2.6892207922E+01        -1.9750E+00        2.032E-05        82.256
10           -2.6892198184E+01        -1.9749E+00        1.650E-05        81.990
11           -2.6892191974E+01        -1.9749E+00        1.355E-05        82.140
12           -2.6892189447E+01        -1.9750E+00        1.457E-05        82.176
13           -2.6892188320E+01        -1.9750E+00        1.356E-05        81.678
14           -2.6892187355E+01        -1.9749E+00        1.030E-05        81.657
15           -2.6892187547E+01        -1.9749E+00        5.755E-06        81.329
16           -2.6892190970E+01        -1.9749E+00        5.778E-06        81.642
17           -2.6892190610E+01        -1.9750E+00        6.597E-06        81.409
18           -2.6892191994E+01        -1.9749E+00        4.479E-06        81.800
19           -2.6892191827E+01        -1.9749E+00        2.764E-06        81.537
20           -2.6892191619E+01        -1.9750E+00        3.162E-06        81.655
21           -2.6892191954E+01        -1.9749E+00        2.204E-06        81.884
22           -2.6892191695E+01        -1.9750E+00        1.269E-06        81.609
23           -2.6892190999E+01        -1.9750E+00        1.229E-06        82.303
24           -2.6892190545E+01        -1.9750E+00        9.324E-07        83.720
Total number of SCF: 24    

k = [0.000, 0.000, 0.000]
Occupation of state 243 = 0.000000000000000.
Occupation of state 270 = 0.000000000000000.
Exx outer loop error: 2.7814996780e-04 

No.9 Exx outer loop: 
1            -2.6892192648E+01        -1.9759E+00        1.899E-04        86.421
2            -2.6892192903E+01        -1.9748E+00        6.919E-05        83.154
3            -2.6892219799E+01        -1.9761E+00        1.048E-04        81.680
4            -2.6892236561E+01        -1.9753E+00        3.712E-05        81.536
5            -2.6892218284E+01        -1.9751E+00        2.197E-05        81.727
6            -2.6892214061E+01        -1.9748E+00        1.717E-05        81.780
7            -2.6892207170E+01        -1.9752E+00        3.166E-05        81.593
8            -2.6892202949E+01        -1.9749E+00        6.550E-06        81.918
9            -2.6892198160E+01        -1.9749E+00        4.690E-06        81.683
10           -2.6892195305E+01        -1.9749E+00        5.264E-06        81.500
11           -2.6892192937E+01        -1.9749E+00        3.788E-06        81.610
12           -2.6892192034E+01        -1.9749E+00        2.819E-06        82.219
13           -2.6892191662E+01        -1.9749E+00        2.614E-06        81.832
14           -2.6892191631E+01        -1.9749E+00        1.360E-06        81.697
15           -2.6892191514E+01        -1.9749E+00        7.461E-07        81.391
Total number of SCF: 15    

k = [0.000, 0.000, 0.000]
Occupation of state 243 = 0.000000000000000.
Occupation of state 270 = 0.000000000000000.
Exx outer loop error: 2.6273887393e-04 

No.10 Exx outer loop: 
1            -2.6892193660E+01        -1.9753E+00        1.476E-04        84.620
2            -2.6892192678E+01        -1.9750E+00        5.482E-05        81.744
3            -2.6892200176E+01        -1.9759E+00        9.050E-05        81.889
4            -2.6892210497E+01        -1.9749E+00        2.493E-05        81.420
5            -2.6892210641E+01        -1.9749E+00        1.868E-05        81.488
6            -2.6892205822E+01        -1.9749E+00        1.346E-05        81.658
7            -2.6892198559E+01        -1.9748E+00        5.473E-06        82.050
8            -2.6892194523E+01        -1.9749E+00        4.495E-06        81.580
9            -2.6892193382E+01        -1.9748E+00        2.187E-06        81.508
10           -2.6892192536E+01        -1.9748E+00        1.930E-06        86.081
11           -2.6892191934E+01        -1.9748E+00        1.513E-06        82.440
12           -2.6892191426E+01        -1.9748E+00        1.566E-06        81.847
13           -2.6892191525E+01        -1.9748E+00        1.040E-06        81.959
14           -2.6892191163E+01        -1.9748E+00        1.764E-06        81.818
15           -2.6892190994E+01        -1.9748E+00        7.819E-07        81.245
Total number of SCF: 15    

k = [0.000, 0.000, 0.000]
Occupation of state 243 = 0.000000000000000.
Occupation of state 270 = 0.000000000000000.
Exx outer loop error: 1.1595516703e-04 

No.11 Exx outer loop: 
1            -2.6892192250E+01        -1.9752E+00        1.223E-04        83.849
2            -2.6892191691E+01        -1.9748E+00        4.212E-05        81.590
3            -2.6892214257E+01        -1.9750E+00        5.768E-05        81.684
4            -2.6892218271E+01        -1.9746E+00        2.692E-05        81.848
5            -2.6892212464E+01        -1.9750E+00        3.391E-05        81.942
6            -2.6892207989E+01        -1.9749E+00        1.670E-05        81.865
7            -2.6892204074E+01        -1.9746E+00        8.574E-06        81.848
8            -2.6892197898E+01        -1.9747E+00        7.211E-06        81.815
9            -2.6892196411E+01        -1.9747E+00        7.125E-06        81.757
10           -2.6892195909E+01        -1.9747E+00        5.655E-06        81.389
11           -2.6892195794E+01        -1.9747E+00        7.103E-06        81.963
12           -2.6892195857E+01        -1.9747E+00        5.347E-06        81.613
13           -2.6892195659E+01        -1.9747E+00        2.923E-06        81.620
14           -2.6892194670E+01        -1.9747E+00        7.125E-06        81.872
15           -2.6892193741E+01        -1.9748E+00        6.272E-06        81.479
16           -2.6892192935E+01        -1.9747E+00        1.614E-06        81.379
17           -2.6892192498E+01        -1.9747E+00        9.656E-07        81.128
Total number of SCF: 17    

k = [0.000, 0.000, 0.000]
Occupation of state 243 = 0.000000000000000.
Occupation of state 270 = 0.000000000000000.
Exx outer loop error: 9.5170994454e-05 

No.12 Exx outer loop: 
1            -2.6892194717E+01        -1.9748E+00        9.599E-05        109.785
2            -2.6892193132E+01        -1.9748E+00        3.900E-05        111.612
3            -2.6892211453E+01        -1.9749E+00        2.960E-05        125.318
4            -2.6892210136E+01        -1.9748E+00        1.676E-05        117.578
5            -2.6892207717E+01        -1.9746E+00        1.157E-05        123.469
6            -2.6892204335E+01        -1.9745E+00        9.902E-06        137.572
7            -2.6892200359E+01        -1.9746E+00        7.785E-06        121.546
8            -2.6892196885E+01        -1.9746E+00        3.987E-06        111.878
9            -2.6892193994E+01        -1.9746E+00        2.649E-06        98.278
10           -2.6892193389E+01        -1.9745E+00        2.379E-06        82.275
11           -2.6892192617E+01        -1.9745E+00        1.964E-06        82.200
12           -2.6892192024E+01        -1.9745E+00        1.545E-06        81.816
13           -2.6892191088E+01        -1.9745E+00        8.524E-07        81.206
Total number of SCF: 13    

k = [0.000, 0.000, 0.000]
Occupation of state 243 = 0.000000000000000.
Occupation of state 270 = 0.000000000000000.
Exx outer loop error: 4.7931543969e-04 

No.13 Exx outer loop: 
1            -2.6892192063E+01        -1.9747E+00        8.057E-05        84.079
2            -2.6892191400E+01        -1.9746E+00        2.930E-05        81.502
3            -2.6892189903E+01        -1.9743E+00        1.807E-05        82.226
4            -2.6892195186E+01        -1.9746E+00        2.259E-05        81.703
5            -2.6892197755E+01        -1.9744E+00        7.748E-06        81.805
6            -2.6892196243E+01        -1.9744E+00        4.767E-06        81.872
7            -2.6892195935E+01        -1.9744E+00        3.407E-06        82.068
8            -2.6892193912E+01        -1.9744E+00        3.198E-06        81.478
9            -2.6892193449E+01        -1.9744E+00        2.456E-06        84.395
10           -2.6892191430E+01        -1.9744E+00        4.139E-06        82.963
11           -2.6892191426E+01        -1.9744E+00        2.697E-06        81.713
12           -2.6892191395E+01        -1.9744E+00        2.458E-06        81.713
13           -2.6892191522E+01        -1.9744E+00        9.489E-07        81.152
Total number of SCF: 13    

k = [0.000, 0.000, 0.000]
Occupation of state 243 = 0.000000000000000.
Occupation of state 270 = 0.000000000000000.
Exx outer loop error: 2.1423228110e-05 
====================================================================
                    Energy and force calculation                    
====================================================================
Free energy per atom               : -2.6892190236E+01 (Ha/atom)
Total free energy                  : -1.6404236044E+03 (Ha)
Band structure energy              : -4.0886044798E+02 (Ha)
Exchange correlation energy        : -2.9254191206E+02 (Ha)
Self and correction energy         : -2.1657639593E+03 (Ha)
Entropy*kb*T                       : -3.0268963104E-03 (Ha)
Fermi level                        : -1.3608596406E-01 (Ha)
RMS force                          :  2.5963898181E-02 (Ha/Bohr)
Maximum force                      :  1.0914023527E-01 (Ha/Bohr)
Time for force calculation         :  1.019 (sec)
***************************************************************************
                               Timing info                                 
***************************************************************************
Total walltime                     :  47170.651 sec
___________________________________________________________________________

***************************************************************************
*             Material Physics & Mechanics Group, Georgia Tech            *
*                       PI: Phanish Suryanarayana                         *
*                Main Developers: Qimen Xu, Abhiraj Sharma                *
*     Collaborators: J.E. Pask (LLNL), A.J. Medford (GT), E. Chow (GT)    *
*  Acknowledgements: U.S. DOE (DE-SC0019410); U.S. NSF (1333500,1553212)  *
***************************************************************************
                                                                           

***************************************************************************
*                       SPARC (version Mar 30, 2022)                      *
*   Copyright (c) 2020 Material Physics & Mechanics Group, Georgia Tech   *
*           Distributed under GNU General Public License 3 (GPL)          *
*                   Start time: Fri Apr 15 02:13:33 2022                  *
***************************************************************************
                           Input parameters                                
***************************************************************************
CELL: 12.4338823950489 16.8986769044157 47.5378507412217 
LATVEC:
1.000000000000000 0.000000000000000 0.000000000000000 
-0.000130020950961 0.999999991547276 0.000000000000000 
0.000000000000000 -0.000000000000000 1.000000000000000 
FD_GRID: 66 89 252
FD_ORDER: 12
BC: P P D
KPOINT_GRID: 2 2 1
KPOINT_SHIFT: 0 0 0
SPIN_TYP: 1
ELEC_TEMP_TYPE: Gaussian
SMEARING: 0.007349864435
CHEB_DEGREE: 37
NSTATES: 270
EXCHANGE_CORRELATION: HSE
CALC_STRESS: 0
CALC_PRES: 0
CHEFSI_BOUND_FLAG: 0
MAXIT_SCF: 100
MINIT_SCF: 3
MAXIT_POISSON: 3000
TOL_SCF: 1.00E-06
POISSON_SOLVER: AAR
TOL_POISSON: 1.00E-08
TOL_LANCZOS: 1.00E-02
TOL_PSEUDOCHARGE: 1.00E-08
MIXING_VARIABLE: density
MIXING_PRECOND: kerker
MIXING_PRECOND_MAG: none
TOL_PRECOND: 3.57E-05
PRECOND_KERKER_KTF: 1
PRECOND_KERKER_THRESH: 0.1
MIXING_PARAMETER: 0.3
MIXING_PARAMETER_MAG: 0.3
MIXING_HISTORY: 7
PULAY_FREQUENCY: 1
PULAY_RESTART: 0
REFERENCE_CUTOFF: 0.5
RHO_TRIGGER: 4
FIX_RAND: 0
VERBOSITY: 1
PRINT_FORCES: 1
PRINT_ATOMS: 1
PRINT_EIGEN: 1
PRINT_DENSITY: 0
PRINT_ENERGY_DENSITY: 0
TOL_FOCK: 5.00E-05
TOL_SCF_INIT: 1.00E-04
MAXIT_FOCK: 1000
EXX_METHOD: FOURIER_SPACE
EXX_DIVERGENCE: AUXILIARY
ACE_FLAG: 1
EXX_ACE_MEM: 1
EXX_ACE_VALENCE_STATES: 10000
EXX_DOWNSAMPLING: 1 1 1
EXX_RANGE_FOCK: 0.106000
EXX_RANGE_PBE: 0.106000
OUTPUT_FILE: sprc-calc
***************************************************************************
                                Cell                                       
***************************************************************************
Lattice vectors (Bohr):
12.433882395048860 0.000000000000000 0.000000000000000 
-0.002197182041095 16.898676761575889 0.000000000000000 
0.000000000000000 -0.000000000000000 47.537850741221725 
Volume                  :  9.9884706279E+03 (Bohr^3)
***************************************************************************
                           Parallelization                                 
***************************************************************************
NP_SPIN_PARAL: 2
NP_KPOINT_PARAL: 4
NP_BAND_PARAL: 1
NP_DOMAIN_PARAL: 2 3 7
NP_DOMAIN_PHI_PARAL: 4 6 14
EIG_SERIAL_MAXNS: 1500
***************************************************************************
                             Initialization                                
***************************************************************************
Number of processors               :  336
Mesh spacing in x-direction        :  0.188392 (Bohr)
Mesh spacing in y-direction        :  0.189873 (Bohr)
Mesh spacing in z direction        :  0.188642 (Bohr)
Number of symmetry adapted k-points:  4
Output printed to                  :  sprc-calc.out_01
Final eigenvalues printed to       :  sprc-calc.eigen_01
Total number of atom types         :  4
Total number of atoms              :  61
Total number of electrons          :  442
Atom type 1  (valence electrons)   :  H 1
Pseudopotential                    :  H.psp8
Pseudocharge radii of atom type 1  :  3.77 3.80 3.77 (x, y, z dir)
Number of atoms of type 1          :  6
Atom type 2  (valence electrons)   :  N 5
Pseudopotential                    :  N.psp8
Pseudocharge radii of atom type 2  :  6.78 6.65 6.79 (x, y, z dir)
Number of atoms of type 2          :  2
Atom type 3  (valence electrons)   :  O 6
Pseudopotential                    :  O.psp8
Pseudocharge radii of atom type 3  :  6.78 6.84 6.79 (x, y, z dir)
Number of atoms of type 3          :  35
Atom type 4  (valence electrons)   :  Ti 12
Pseudopotential                    :  Ti.psp8
Pseudocharge radii of atom type 4  :  6.78 6.84 6.79 (x, y, z dir)
Number of atoms of type 4          :  18
Estimated total memory usage       :  317.95 GB
Estimated memory per processor     :  968.99 MB
========================================================================================
                    Self Consistent Field (SCF#1)                     
========================================================================================
Iteration     Free Energy (Ha/atom)    Magnetization     SCF Error        Timing (sec)
1            -2.6995442877E+01        -2.3942E+00        4.637E-01        204.876
2            -2.7296999360E+01         4.9710E+00        3.747E-01        51.675
3            -2.7248045548E+01        -9.7857E+00        3.219E-01        51.839
4            -2.7252631865E+01         3.7186E+00        2.700E-01        51.512
5            -2.7312996815E+01        -4.9222E-01        1.671E-01        51.255
6            -2.7322244772E+01         5.6139E-01        1.098E-01        51.190
7            -2.7324286068E+01        -8.7962E-01        7.516E-02        51.261
8            -2.7315345141E+01        -1.7717E+00        6.832E-02        51.986
9            -2.7308116296E+01        -1.5189E+00        4.990E-02        51.573
10           -2.7286727690E+01        -7.7674E-01        5.236E-02        51.267
11           -2.7265166628E+01        -8.2832E-01        4.334E-02        51.483
12           -2.7251703402E+01        -6.8630E-01        3.985E-02        51.375
13           -2.7226959903E+01        -5.5736E-01        3.714E-02        51.376
14           -2.7200398459E+01        -6.3834E-01        3.188E-02        51.365
15           -2.7169660914E+01        -5.1907E-01        2.592E-02        51.772
16           -2.7147917449E+01        -5.0813E-01        1.896E-02        52.133
17           -2.7134129191E+01        -6.9439E-01        1.316E-02        52.019
18           -2.7120602776E+01        -5.4520E-01        1.024E-02        52.043
19           -2.7120903853E+01        -6.8479E-01        9.174E-03        51.837
20           -2.7106965526E+01        -5.9835E-01        8.016E-03        51.317
21           -2.7104385991E+01        -6.2837E-01        5.607E-03        51.388
22           -2.7096222484E+01        -6.7134E-01        4.593E-03        51.815
23           -2.7093837728E+01        -6.8138E-01        4.156E-03        51.315
24           -2.7089076254E+01        -7.2434E-01        3.335E-03        51.462
25           -2.7084589270E+01        -7.9995E-01        2.373E-03        52.034
26           -2.7083170803E+01        -8.5035E-01        1.770E-03        51.270
27           -2.7081950486E+01        -9.3879E-01        1.450E-03        52.381
28           -2.7081598337E+01        -9.8204E-01        1.012E-03        51.476
29           -2.7081160302E+01        -1.0514E+00        7.520E-04        51.577
30           -2.7080862288E+01        -1.1066E+00        6.066E-04        53.485
31           -2.7080738725E+01        -1.1672E+00        4.856E-04        54.967
32           -2.7080716389E+01        -1.2164E+00        5.287E-04        51.080
33           -2.7080680718E+01        -1.2541E+00        3.534E-04        51.685
34           -2.7080667975E+01        -1.2802E+00        3.274E-04        51.941
35           -2.7080677752E+01        -1.3048E+00        2.412E-04        50.948
36           -2.7080624752E+01        -1.3357E+00        1.858E-04        51.374
37           -2.7080506625E+01        -1.3520E+00        2.235E-04        51.500
38           -2.7080508706E+01        -1.3591E+00        3.058E-04        50.822
39           -2.7080517311E+01        -1.3610E+00        6.545E-04        51.450
40           -2.7080541520E+01        -1.3642E+00        9.460E-04        50.857
41           -2.7080525800E+01        -1.3648E+00        7.801E-04        50.866
42           -2.7080513268E+01        -1.3656E+00        6.895E-04        51.115
43           -2.7080436664E+01        -1.3693E+00        9.460E-05        51.124
Total number of SCF: 43    

k = [0.000, 0.000, 0.000]
Occupation of state 243 = 0.000000000000001.
Occupation of state 270 = 0.000000000000000.

No.1 Exx outer loop: 
1            -2.6890185036E+01        -1.8727E+00        1.518E-02        165.234
2            -2.6883396102E+01        -1.9273E+00        1.335E-02        225.767
3            -2.6888280762E+01        -1.7818E+00        9.654E-03        138.466
4            -2.6891187771E+01        -1.8448E+00        8.902E-03        169.258
5            -2.6893398884E+01        -1.9233E+00        5.810E-03        168.152
6            -2.6894382067E+01        -1.9448E+00        5.152E-03        140.692
7            -2.6895062583E+01        -1.9122E+00        6.040E-03        136.939
8            -2.6894247222E+01        -1.9150E+00        3.935E-03        173.190
9            -2.6894324802E+01        -1.9337E+00        4.082E-03        149.699
10           -2.6894171848E+01        -1.9330E+00        4.159E-03        172.680
11           -2.6894084068E+01        -1.9045E+00        4.837E-03        102.247
12           -2.6894139795E+01        -1.9118E+00        4.687E-03        79.382
13           -2.6894137958E+01        -1.9081E+00        4.730E-03        94.502
14           -2.6894139734E+01        -1.9179E+00        4.474E-03        111.816
15           -2.6893966575E+01        -1.9271E+00        3.142E-03        81.592
16           -2.6893760281E+01        -1.9079E+00        3.712E-03        80.516
17           -2.6893410374E+01        -1.9367E+00        1.425E-03        90.643
18           -2.6892903891E+01        -1.9335E+00        8.189E-04        111.868
19           -2.6892586835E+01        -1.9304E+00        6.907E-04        103.568
20           -2.6892402760E+01        -1.9324E+00        5.101E-04        79.649
21           -2.6892314449E+01        -1.9275E+00        3.372E-04        80.289
22           -2.6892172731E+01        -1.9263E+00        2.779E-04        112.614
23           -2.6892073562E+01        -1.9261E+00        2.007E-04        79.553
24           -2.6891979926E+01        -1.9276E+00        1.527E-04        79.095
25           -2.6891925960E+01        -1.9268E+00        1.100E-04        79.218
26           -2.6891863216E+01        -1.9267E+00        8.289E-05        82.699
27           -2.6891830775E+01        -1.9259E+00        6.288E-05        88.526
28           -2.6891825506E+01        -1.9260E+00        6.442E-05        84.202
29           -2.6891804557E+01        -1.9259E+00        4.179E-05        80.740
30           -2.6891802691E+01        -1.9259E+00        2.778E-05        86.322
31           -2.6891786136E+01        -1.9259E+00        1.777E-05        81.053
32           -2.6891779123E+01        -1.9260E+00        1.308E-05        103.732
33           -2.6891776409E+01        -1.9260E+00        8.724E-06        91.314
34           -2.6891771913E+01        -1.9259E+00        5.195E-06        86.285
35           -2.6891771165E+01        -1.9259E+00        3.324E-06        93.640
36           -2.6891770953E+01        -1.9259E+00        3.223E-06        90.538
37           -2.6891770263E+01        -1.9259E+00        2.224E-06        97.408
38           -2.6891770753E+01        -1.9259E+00        1.708E-06        91.052
39           -2.6891770719E+01        -1.9259E+00        1.480E-06        80.318
40           -2.6891771174E+01        -1.9259E+00        1.339E-06        80.077
41           -2.6891771353E+01        -1.9259E+00        1.168E-06        79.069
42           -2.6891771309E+01        -1.9259E+00        9.156E-07        79.952
Total number of SCF: 42    

k = [0.000, 0.000, 0.000]
Occupation of state 243 = 0.000000000000000.
Occupation of state 270 = 0.000000000000000.
Exx outer loop error: 5.9420920549e-01 

No.2 Exx outer loop: 
1            -2.6892135075E+01        -1.9783E+00        2.775E-03        82.013
2            -2.6891610618E+01        -1.9725E+00        2.207E-03        79.227
3            -2.6892893091E+01        -1.9244E+00        3.025E-03        79.468
4            -2.6893125898E+01        -1.9850E+00        1.739E-03        79.095
5            -2.6893548939E+01        -1.9739E+00        9.662E-04        79.156
6            -2.6893296561E+01        -1.9745E+00        9.367E-04        83.347
7            -2.6893173049E+01        -1.9756E+00        8.486E-04        80.972
8            -2.6893079015E+01        -1.9745E+00        6.849E-04        79.394
9            -2.6892904437E+01        -1.9747E+00        5.940E-04        79.394
10           -2.6892655567E+01        -1.9736E+00        3.957E-04        79.803
11           -2.6892407341E+01        -1.9755E+00        3.646E-04        79.165
12           -2.6892366537E+01        -1.9762E+00        2.913E-04        78.930
13           -2.6892303287E+01        -1.9773E+00        2.580E-04        78.943
14           -2.6892261773E+01        -1.9742E+00        1.570E-04        79.373
15           -2.6892208780E+01        -1.9739E+00        1.723E-04        90.132
16           -2.6892185438E+01        -1.9734E+00        1.304E-04        80.230
17           -2.6892157070E+01        -1.9731E+00        1.171E-04        79.604
18           -2.6892165101E+01        -1.9730E+00        8.686E-05        79.432
19           -2.6892133971E+01        -1.9728E+00        6.242E-05        79.018
20           -2.6892132223E+01        -1.9726E+00        3.883E-05        113.104
21           -2.6892120816E+01        -1.9725E+00        2.443E-05        79.345
22           -2.6892117071E+01        -1.9725E+00        1.899E-05        78.933
23           -2.6892102076E+01        -1.9721E+00        3.473E-05        78.733
24           -2.6892102255E+01        -1.9721E+00        2.585E-05        78.886
25           -2.6892098807E+01        -1.9725E+00        9.440E-06        79.157
26           -2.6892094265E+01        -1.9726E+00        1.356E-05        78.744
27           -2.6892093951E+01        -1.9726E+00        6.916E-06        78.784
28           -2.6892092659E+01        -1.9727E+00        9.517E-06        80.148
29           -2.6892092143E+01        -1.9726E+00        3.430E-06        83.976
30           -2.6892090539E+01        -1.9726E+00        2.752E-06        79.345
31           -2.6892089969E+01        -1.9725E+00        2.335E-06        78.925
32           -2.6892089539E+01        -1.9725E+00        1.381E-06        79.139
33           -2.6892088931E+01        -1.9725E+00        1.411E-06        78.552
34           -2.6892089035E+01        -1.9725E+00        7.551E-07        78.580
Total number of SCF: 34    

k = [0.000, 0.000, 0.000]
Occupation of state 243 = 0.000000000000000.
Occupation of state 270 = 0.000000000000000.
Exx outer loop error: 6.9568068365e-03 

No.3 Exx outer loop: 
1            -2.6892152405E+01        -1.9750E+00        9.072E-04        81.866
2            -2.6892103591E+01        -1.9733E+00        7.573E-04        79.128
3            -2.6892342335E+01        -1.9627E+00        1.198E-03        79.291
4            -2.6892542924E+01        -1.9750E+00        3.506E-04        79.586
5            -2.6892373489E+01        -1.9666E+00        6.974E-04        79.115
6            -2.6892317970E+01        -1.9737E+00        1.324E-04        79.142
7            -2.6892257294E+01        -1.9743E+00        1.401E-04        78.869
8            -2.6892249485E+01        -1.9773E+00        3.619E-04        79.110
9            -2.6892268599E+01        -1.9779E+00        4.719E-04        79.152
10           -2.6892212779E+01        -1.9751E+00        1.226E-04        78.948
11           -2.6892195246E+01        -1.9745E+00        6.679E-05        79.274
12           -2.6892161591E+01        -1.9737E+00        2.850E-05        79.074
13           -2.6892147620E+01        -1.9736E+00        1.962E-05        79.188
14           -2.6892128008E+01        -1.9734E+00        1.143E-05        78.859
15           -2.6892124126E+01        -1.9738E+00        4.172E-05        78.757
16           -2.6892120564E+01        -1.9742E+00        6.374E-05        78.696
17           -2.6892120548E+01        -1.9741E+00        5.900E-05        79.383
18           -2.6892123194E+01        -1.9741E+00        5.978E-05        78.832
19           -2.6892119460E+01        -1.9741E+00        6.041E-05        82.163
20           -2.6892121852E+01        -1.9740E+00        5.060E-05        81.330
21           -2.6892121529E+01        -1.9740E+00        4.395E-05        79.002
22           -2.6892115158E+01        -1.9736E+00        1.149E-05        78.729
23           -2.6892112658E+01        -1.9736E+00        8.339E-06        79.232
24           -2.6892112449E+01        -1.9736E+00        6.014E-06        78.696
25           -2.6892112492E+01        -1.9736E+00        4.024E-06        78.849
26           -2.6892112396E+01        -1.9736E+00        3.314E-06        78.794
27           -2.6892112422E+01        -1.9736E+00        9.965E-07        78.706
Total number of SCF: 27    

k = [0.000, 0.000, 0.000]
Occupation of state 243 = 0.000000000000000.
Occupation of state 270 = 0.000000000000000.
Exx outer loop error: 8.9078597006e-04 

No.4 Exx outer loop: 
1            -2.6892132998E+01        -1.9758E+00        5.388E-04        81.645
2            -2.6892131510E+01        -1.9746E+00        3.775E-04        79.384
3            -2.6892299958E+01        -1.9666E+00        7.024E-04        79.807
4            -2.6892285862E+01        -1.9758E+00        4.173E-04        79.032
5            -2.6892207410E+01        -1.9735E+00        1.895E-04        79.044
6            -2.6892185996E+01        -1.9732E+00        5.644E-05        79.376
7            -2.6892176364E+01        -1.9742E+00        7.093E-05        79.096
8            -2.6892167945E+01        -1.9743E+00        3.711E-05        79.137
9            -2.6892155173E+01        -1.9743E+00        2.486E-05        79.476
10           -2.6892150179E+01        -1.9743E+00        1.681E-05        79.096
11           -2.6892138882E+01        -1.9743E+00        1.272E-05        78.859
12           -2.6892132110E+01        -1.9742E+00        1.020E-05        78.859
13           -2.6892125688E+01        -1.9742E+00        7.330E-06        79.466
14           -2.6892123641E+01        -1.9742E+00        5.419E-06        78.923
15           -2.6892119071E+01        -1.9742E+00        3.834E-06        78.779
16           -2.6892118662E+01        -1.9742E+00        2.524E-06        80.073
17           -2.6892117597E+01        -1.9742E+00        1.732E-06        83.368
18           -2.6892116843E+01        -1.9742E+00        1.598E-06        79.335
19           -2.6892116594E+01        -1.9742E+00        7.652E-07        78.806
Total number of SCF: 19    

k = [0.000, 0.000, 0.000]
Occupation of state 243 = 0.000000000000000.
Occupation of state 270 = 0.000000000000000.
Exx outer loop error: 2.3070588822e-04 

No.5 Exx outer loop: 
1            -2.6892125831E+01        -1.9759E+00        4.021E-04        81.812
2            -2.6892127643E+01        -1.9753E+00        2.238E-04        79.138
3            -2.6892157683E+01        -1.9749E+00        1.283E-04        79.753
4            -2.6892149860E+01        -1.9747E+00        3.497E-05        78.989
5            -2.6892135086E+01        -1.9748E+00        1.762E-05        78.856
6            -2.6892118064E+01        -1.9748E+00        1.181E-05        81.212
7            -2.6892117404E+01        -1.9749E+00        1.439E-05        89.363
8            -2.6892118807E+01        -1.9751E+00        2.901E-05        86.284
9            -2.6892116759E+01        -1.9747E+00        9.094E-06        84.614
10           -2.6892121177E+01        -1.9748E+00        4.738E-06        84.697
11           -2.6892121207E+01        -1.9747E+00        4.223E-06        91.731
12           -2.6892120837E+01        -1.9747E+00        2.656E-06        101.092
13           -2.6892119858E+01        -1.9748E+00        1.848E-06        79.608
14           -2.6892119299E+01        -1.9747E+00        1.687E-06        94.394
15           -2.6892118425E+01        -1.9747E+00        1.054E-06        85.933
16           -2.6892117996E+01        -1.9748E+00        9.022E-07        101.952
Total number of SCF: 16    

k = [0.000, 0.000, 0.000]
Occupation of state 243 = 0.000000000000000.
Occupation of state 270 = 0.000000000000000.
Exx outer loop error: 5.1987794703e-04 

No.6 Exx outer loop: 
1            -2.6892123575E+01        -1.9758E+00        3.237E-04        82.072
2            -2.6892124366E+01        -1.9757E+00        1.588E-04        79.332
3            -2.6892162710E+01        -1.9771E+00        2.119E-04        98.868
4            -2.6892171353E+01        -1.9749E+00        6.755E-05        79.044
5            -2.6892176215E+01        -1.9741E+00        1.202E-04        80.512
6            -2.6892180657E+01        -1.9739E+00        1.230E-04        83.987
7            -2.6892175467E+01        -1.9740E+00        1.291E-04        80.342
8            -2.6892175444E+01        -1.9740E+00        1.302E-04        79.238
9            -2.6892172878E+01        -1.9752E+00        3.122E-05        79.078
10           -2.6892148482E+01        -1.9750E+00        1.756E-05        79.044
11           -2.6892134391E+01        -1.9747E+00        2.863E-05        85.660
12           -2.6892126817E+01        -1.9750E+00        6.610E-06        78.676
13           -2.6892124202E+01        -1.9750E+00        6.638E-06        78.801
14           -2.6892121743E+01        -1.9749E+00        3.656E-06        78.919
15           -2.6892120486E+01        -1.9750E+00        5.358E-06        78.660
16           -2.6892120555E+01        -1.9749E+00        3.718E-06        78.733
17           -2.6892119849E+01        -1.9750E+00        4.226E-06        78.650
18           -2.6892119307E+01        -1.9749E+00        2.437E-06        78.865
19           -2.6892118655E+01        -1.9749E+00        1.881E-06        79.279
20           -2.6892118151E+01        -1.9749E+00        9.272E-07        86.746
Total number of SCF: 20    

k = [0.000, 0.000, 0.000]
Occupation of state 243 = 0.000000000000000.
Occupation of state 270 = 0.000000000000000.
Exx outer loop error: 5.9093961590e-04 

No.7 Exx outer loop: 
1            -2.6892122204E+01        -1.9764E+00        2.817E-04        88.127
2            -2.6892123005E+01        -1.9748E+00        1.147E-04        79.357
3            -2.6892144510E+01        -1.9749E+00        1.026E-04        79.117
4            -2.6892155640E+01        -1.9756E+00        7.001E-05        78.944
5            -2.6892147808E+01        -1.9753E+00        4.117E-05        85.417
6            -2.6892127258E+01        -1.9750E+00        1.200E-05        78.886
7            -2.6892124850E+01        -1.9751E+00        1.052E-05        79.332
8            -2.6892123037E+01        -1.9750E+00        5.871E-06        79.495
9            -2.6892122050E+01        -1.9750E+00        5.185E-06        78.760
10           -2.6892120627E+01        -1.9750E+00        4.142E-06        82.385
11           -2.6892119709E+01        -1.9750E+00        4.367E-06        79.867
12           -2.6892119560E+01        -1.9750E+00        4.144E-06        78.993
13           -2.6892118836E+01        -1.9750E+00        7.705E-06        79.119
14           -2.6892119116E+01        -1.9751E+00        8.488E-06        78.725
15           -2.6892119057E+01        -1.9751E+00        9.191E-06        78.703
16           -2.6892118415E+01        -1.9751E+00        8.679E-06        78.618
17           -2.6892118839E+01        -1.9751E+00        1.053E-05        78.602
18           -2.6892118905E+01        -1.9751E+00        1.053E-05        79.040
19           -2.6892117857E+01        -1.9751E+00        9.605E-06        78.813
20           -2.6892120418E+01        -1.9750E+00        5.991E-06        78.772
21           -2.6892119825E+01        -1.9750E+00        7.424E-06        78.756
22           -2.6892119275E+01        -1.9750E+00        4.291E-06        84.368
23           -2.6892119949E+01        -1.9750E+00        4.754E-06        79.019
24           -2.6892120773E+01        -1.9750E+00        4.407E-06        101.929
25           -2.6892120772E+01        -1.9751E+00        5.045E-06        78.955
26           -2.6892118935E+01        -1.9751E+00        4.988E-06        84.000
27           -2.6892118833E+01        -1.9750E+00        3.720E-06        84.212
28           -2.6892119087E+01        -1.9750E+00        2.919E-06        82.591
29           -2.6892119430E+01        -1.9750E+00        1.430E-06        78.877
30           -2.6892119799E+01        -1.9750E+00        9.812E-07        78.449
Total number of SCF: 30    

k = [0.000, 0.000, 0.000]
Occupation of state 243 = 0.000000000000000.
Occupation of state 270 = 0.000000000000000.
Exx outer loop error: 5.4391108633e-04 

No.8 Exx outer loop: 
1            -2.6892122666E+01        -1.9759E+00        2.246E-04        81.415
2            -2.6892122109E+01        -1.9751E+00        8.271E-05        78.878
3            -2.6892181056E+01        -1.9744E+00        2.044E-04        78.771
4            -2.6892138640E+01        -1.9762E+00        1.203E-04        86.247
5            -2.6892133775E+01        -1.9747E+00        6.776E-05        81.940
6            -2.6892128580E+01        -1.9744E+00        7.679E-05        79.132
7            -2.6892119209E+01        -1.9750E+00        1.463E-05        78.789
8            -2.6892120972E+01        -1.9750E+00        8.926E-06        79.054
9            -2.6892121388E+01        -1.9750E+00        3.505E-06        78.865
10           -2.6892120900E+01        -1.9750E+00        2.564E-06        84.870
11           -2.6892119670E+01        -1.9750E+00        1.228E-06        78.740
12           -2.6892119035E+01        -1.9750E+00        9.949E-07        78.566
Total number of SCF: 12    

k = [0.000, 0.000, 0.000]
Occupation of state 243 = 0.000000000000000.
Occupation of state 270 = 0.000000000000000.
Exx outer loop error: 6.4639792691e-04 

No.9 Exx outer loop: 
1            -2.6892121299E+01        -1.9757E+00        1.864E-04        84.916
2            -2.6892120831E+01        -1.9749E+00        6.739E-05        78.690
3            -2.6892130130E+01        -1.9752E+00        6.664E-05        78.896
4            -2.6892134224E+01        -1.9750E+00        4.681E-05        78.725
5            -2.6892125546E+01        -1.9749E+00        1.630E-05        78.800
6            -2.6892123430E+01        -1.9749E+00        9.227E-06        79.016
7            -2.6892120550E+01        -1.9749E+00        3.283E-06        88.991
8            -2.6892119493E+01        -1.9749E+00        2.285E-06        79.921
9            -2.6892118432E+01        -1.9749E+00        1.455E-06        79.220
10           -2.6892118028E+01        -1.9749E+00        9.999E-07        78.973
Total number of SCF: 10    

k = [0.000, 0.000, 0.000]
Occupation of state 243 = 0.000000000000000.
Occupation of state 270 = 0.000000000000000.
Exx outer loop error: 2.7946156142e-04 

No.10 Exx outer loop: 
1            -2.6892118883E+01        -1.9755E+00        1.521E-04        83.069
2            -2.6892119208E+01        -1.9748E+00        5.165E-05        85.331
3            -2.6892119648E+01        -1.9748E+00        2.852E-06        89.371
4            -2.6892119311E+01        -1.9748E+00        1.969E-06        111.373
5            -2.6892118814E+01        -1.9748E+00        1.504E-06        80.350
6            -2.6892118422E+01        -1.9748E+00        6.919E-07        78.954
Total number of SCF: 6     

k = [0.000, 0.000, 0.000]
Occupation of state 243 = 0.000000000000000.
Occupation of state 270 = 0.000000000000000.
Exx outer loop error: 1.4658054082e-05 
====================================================================
                    Energy and force calculation                    
====================================================================
Free energy per atom               : -2.6892117082E+01 (Ha/atom)
Total free energy                  : -1.6404191420E+03 (Ha)
Band structure energy              : -4.0886546461E+02 (Ha)
Exchange correlation energy        : -2.9253708178E+02 (Ha)
Self and correction energy         : -2.1657639593E+03 (Ha)
Entropy*kb*T                       : -3.0425630769E-03 (Ha)
Fermi level                        : -1.3603057384E-01 (Ha)
RMS force                          :  2.5934671842E-02 (Ha/Bohr)
Maximum force                      :  1.0916832245E-01 (Ha/Bohr)
Time for force calculation         :  1.030 (sec)
***************************************************************************
                               Timing info                                 
***************************************************************************
Total walltime                     :  37685.443 sec
___________________________________________________________________________

***************************************************************************
*             Material Physics & Mechanics Group, Georgia Tech            *
*                       PI: Phanish Suryanarayana                         *
*                Main Developers: Qimen Xu, Abhiraj Sharma                *
*     Collaborators: J.E. Pask (LLNL), A.J. Medford (GT), E. Chow (GT)    *
*  Acknowledgements: U.S. DOE (DE-SC0019410); U.S. NSF (1333500,1553212)  *
***************************************************************************
                                                                           
