***************************************************************************
*                       SPARC (version Dec 27, 2021)                      *
*   Copyright (c) 2020 Material Physics & Mechanics Group, Georgia Tech   *
*           Distributed under GNU General Public License 3 (GPL)          *
*                   Start time: Sun Jan 16 16:28:17 2022                  *
***************************************************************************
                           Input parameters                                
***************************************************************************
CELL: 12.4338823950489 16.8986769044157 47.5378507412217 
LATVEC:
1.000000000000000 0.000000000000000 0.000000000000000 
-0.000130020950961 0.999999991547276 0.000000000000000 
0.000000000000000 -0.000000000000000 1.000000000000000 
FD_GRID: 66 89 252
FD_ORDER: 12
BC: P P D
KPOINT_GRID: 2 2 1
KPOINT_SHIFT: 0 0 0
SPIN_TYP: 1
ELEC_TEMP_TYPE: Gaussian
SMEARING: 0.007349864435
CHEB_DEGREE: 37
NSTATES: 270
EXCHANGE_CORRELATION: HSE
CALC_STRESS: 0
CALC_PRES: 0
CHEFSI_BOUND_FLAG: 0
MAXIT_SCF: 100
MINIT_SCF: 3
MAXIT_POISSON: 3000
TOL_SCF: 1.00E-06
POISSON_SOLVER: AAR
TOL_POISSON: 1.00E-08
TOL_LANCZOS: 1.00E-02
TOL_PSEUDOCHARGE: 1.00E-08
MIXING_VARIABLE: density
MIXING_PRECOND: kerker
MIXING_PRECOND_MAG: none
TOL_PRECOND: 3.57E-05
PRECOND_KERKER_KTF: 1
PRECOND_KERKER_THRESH: 0.1
MIXING_PARAMETER: 0.3
MIXING_PARAMETER_MAG: 0.3
MIXING_HISTORY: 7
PULAY_FREQUENCY: 1
PULAY_RESTART: 0
REFERENCE_CUTOFF: 0.5
RHO_TRIGGER: 4
FIX_RAND: 0
VERBOSITY: 1
PRINT_FORCES: 1
PRINT_ATOMS: 1
PRINT_EIGEN: 1
PRINT_DENSITY: 0
PRINT_ENERGY_DENSITY: 0
TOL_FOCK: 5.00E-05
TOL_SCF_INIT: 1.00E-04
MAXIT_FOCK: 1000
EXX_METHOD: FOURIER_SPACE
EXX_DIVERGENCE: AUXILIARY
ACE_FLAG: 1
EXX_ACE_MEM: 1
EXX_ACE_VALENCE_STATES: 10000
EXX_DOWNSAMPLING: 1 1 1
EXX_RANGE_FOCK: 0.106000
EXX_RANGE_PBE: 0.106000
OUTPUT_FILE: sprc-calc
***************************************************************************
                                Cell                                       
***************************************************************************
Lattice vectors (Bohr):
12.433882395048860 0.000000000000000 0.000000000000000 
-0.002197182041095 16.898676761575889 0.000000000000000 
0.000000000000000 -0.000000000000000 47.537850741221725 
Volume                  :  9.9884706279E+03 (Bohr^3)
***************************************************************************
                           Parallelization                                 
***************************************************************************
NP_SPIN_PARAL: 2
NP_KPOINT_PARAL: 4
NP_BAND_PARAL: 1
NP_DOMAIN_PARAL: 2 3 7
NP_DOMAIN_PHI_PARAL: 4 6 14
EIG_SERIAL_MAXNS: 1500
***************************************************************************
                             Initialization                                
***************************************************************************
Number of processors               :  336
Mesh spacing in x-direction        :  0.188392 (Bohr)
Mesh spacing in y-direction        :  0.189873 (Bohr)
Mesh spacing in z direction        :  0.188642 (Bohr)
Number of symmetry adapted k-points:  4
Output printed to                  :  sprc-calc.out
Final eigenvalues printed to       :  sprc-calc.eigen
Total number of atom types         :  4
Total number of atoms              :  61
Total number of electrons          :  442
Atom type 1  (valence electrons)   :  H 1
Pseudopotential                    :  H.psp8
Pseudocharge radii of atom type 1  :  3.77 3.80 3.77 (x, y, z dir)
Number of atoms of type 1          :  6
Atom type 2  (valence electrons)   :  N 5
Pseudopotential                    :  N.psp8
Pseudocharge radii of atom type 2  :  6.78 6.65 6.79 (x, y, z dir)
Number of atoms of type 2          :  2
Atom type 3  (valence electrons)   :  O 6
Pseudopotential                    :  O.psp8
Pseudocharge radii of atom type 3  :  6.78 6.84 6.79 (x, y, z dir)
Number of atoms of type 3          :  35
Atom type 4  (valence electrons)   :  Ti 12
Pseudopotential                    :  Ti.psp8
Pseudocharge radii of atom type 4  :  6.78 6.84 6.79 (x, y, z dir)
Number of atoms of type 4          :  18
Estimated total memory usage       :  317.95 GB
Estimated memory per processor     :  968.99 MB
========================================================================================
                    Self Consistent Field (SCF#1)                     
========================================================================================
Iteration     Free Energy (Ha/atom)    Magnetization     SCF Error        Timing (sec)
1            -2.6995243629E+01        -2.6607E+00        4.643E-01        203.161
2            -2.7294198364E+01         4.7578E+00        3.775E-01        51.495
3            -2.7247831044E+01        -9.8977E+00        3.230E-01        51.692
4            -2.7245514173E+01         5.2573E+00        2.712E-01        52.274
5            -2.7307104099E+01        -1.3113E-01        1.678E-01        51.628
6            -2.7316593389E+01         6.6083E-01        1.083E-01        51.324
7            -2.7315099395E+01        -9.5224E-02        8.218E-02        52.008
8            -2.7310597627E+01        -1.0162E+00        7.150E-02        51.519
9            -2.7304420169E+01        -1.1699E+00        5.695E-02        51.577
10           -2.7284477025E+01        -4.8398E-01        4.944E-02        51.452
11           -2.7259112161E+01        -1.8482E-01        4.177E-02        52.513
12           -2.7245298936E+01        -6.7573E-01        3.919E-02        51.528
13           -2.7222972551E+01        -4.7485E-01        3.762E-02        51.471
14           -2.7198956398E+01        -6.2672E-01        3.365E-02        51.452
15           -2.7171616969E+01        -5.6057E-01        2.910E-02        51.681
16           -2.7151697417E+01        -6.5907E-01        2.296E-02        51.610
17           -2.7133579935E+01        -7.4947E-01        1.667E-02        51.758
18           -2.7119546004E+01        -6.3667E-01        1.345E-02        51.226
19           -2.7120645834E+01        -7.9033E-01        9.611E-03        51.716
20           -2.7112750034E+01        -6.1956E-01        8.685E-03        51.576
21           -2.7106152642E+01        -7.2856E-01        6.191E-03        51.991
22           -2.7100870136E+01        -7.8348E-01        5.581E-03        51.866
23           -2.7096326728E+01        -8.1051E-01        4.399E-03        51.425
24           -2.7091842228E+01        -8.5433E-01        3.687E-03        52.025
25           -2.7087372561E+01        -9.7678E-01        3.322E-03        51.486
26           -2.7085002508E+01        -1.0665E+00        2.163E-03        51.496
27           -2.7083688054E+01        -1.1319E+00        1.564E-03        51.343
28           -2.7082642854E+01        -1.2010E+00        1.198E-03        52.297
29           -2.7082119458E+01        -1.2574E+00        9.516E-04        51.452
30           -2.7081674102E+01        -1.3197E+00        6.870E-04        51.531
31           -2.7081550421E+01        -1.3723E+00        5.586E-04        56.563
32           -2.7081520514E+01        -1.4028E+00        4.260E-04        55.384
33           -2.7081539703E+01        -1.4355E+00        4.261E-04        52.025
34           -2.7081452163E+01        -1.4579E+00        8.009E-04        51.479
35           -2.7081462241E+01        -1.4779E+00        9.414E-04        51.468
36           -2.7081448608E+01        -1.4785E+00        5.969E-04        51.209
37           -2.7081415841E+01        -1.4797E+00        4.950E-04        51.157
38           -2.7081377831E+01        -1.5016E+00        8.406E-04        51.638
39           -2.7081334447E+01        -1.4960E+00        4.527E-04        51.378
40           -2.7081293079E+01        -1.5010E+00        5.980E-04        51.294
41           -2.7081244828E+01        -1.4934E+00        2.925E-04        51.083
42           -2.7081184001E+01        -1.4922E+00        2.304E-04        51.188
43           -2.7081178363E+01        -1.4879E+00        1.412E-04        51.297
44           -2.7081155312E+01        -1.4871E+00        1.079E-04        51.111
45           -2.7081126586E+01        -1.4863E+00        8.580E-05        50.468
Total number of SCF: 45    

k = [0.000, 0.000, 0.000]
Occupation of state 243 = 0.000000000000000.
Occupation of state 270 = 0.000000000000000.

No.1 Exx outer loop: 
1            -2.6891041535E+01        -1.9473E+00        1.539E-02        85.238
2            -2.6884044513E+01        -1.9717E+00        1.329E-02        82.455
3            -2.6886307637E+01        -1.9888E+00        9.629E-03        82.533
4            -2.6891212705E+01        -1.9899E+00        7.856E-03        82.108
5            -2.6892714552E+01        -1.9928E+00        5.303E-03        82.426
6            -2.6894192175E+01        -1.9833E+00        2.854E-03        82.691
7            -2.6894533066E+01        -1.9721E+00        1.997E-03        82.253
8            -2.6894275423E+01        -1.9595E+00        1.417E-03        82.592
9            -2.6894071684E+01        -1.9731E+00        1.065E-03        82.279
10           -2.6893805746E+01        -1.9601E+00        1.078E-03        82.223
11           -2.6893513400E+01        -1.9695E+00        7.075E-04        82.216
12           -2.6893071021E+01        -1.9710E+00        5.146E-04        82.210
13           -2.6892918411E+01        -1.9680E+00        3.718E-04        82.048
14           -2.6892726379E+01        -1.9669E+00        2.854E-04        82.178
15           -2.6892679126E+01        -1.9677E+00        1.738E-04        85.943
16           -2.6892572104E+01        -1.9667E+00        1.325E-04        82.023
17           -2.6892556943E+01        -1.9688E+00        1.727E-04        82.299
18           -2.6892556240E+01        -1.9681E+00        1.074E-04        82.597
19           -2.6892530284E+01        -1.9685E+00        8.674E-05        82.102
20           -2.6892518951E+01        -1.9680E+00        3.754E-05        82.889
21           -2.6892520589E+01        -1.9661E+00        1.861E-04        82.279
22           -2.6892517810E+01        -1.9683E+00        4.151E-05        82.252
23           -2.6892520537E+01        -1.9679E+00        2.525E-05        82.079
24           -2.6892516490E+01        -1.9684E+00        2.474E-05        81.932
25           -2.6892511501E+01        -1.9683E+00        1.140E-05        81.912
26           -2.6892509261E+01        -1.9685E+00        1.354E-05        81.769
27           -2.6892509308E+01        -1.9684E+00        6.227E-06        81.807
28           -2.6892508544E+01        -1.9685E+00        7.028E-06        82.200
29           -2.6892507761E+01        -1.9684E+00        2.413E-06        81.805
30           -2.6892506603E+01        -1.9684E+00        1.572E-06        81.712
31           -2.6892506272E+01        -1.9685E+00        3.126E-06        81.680
32           -2.6892506288E+01        -1.9684E+00        1.061E-06        81.719
33           -2.6892506345E+01        -1.9684E+00        2.433E-06        81.731
34           -2.6892506185E+01        -1.9684E+00        1.400E-06        81.743
35           -2.6892505985E+01        -1.9684E+00        1.892E-06        81.589
36           -2.6892506002E+01        -1.9684E+00        1.233E-06        83.577
37           -2.6892505929E+01        -1.9684E+00        2.280E-06        84.337
38           -2.6892505935E+01        -1.9684E+00        2.481E-06        81.525
39           -2.6892505912E+01        -1.9685E+00        2.536E-06        82.193
40           -2.6892505951E+01        -1.9684E+00        2.050E-06        81.607
41           -2.6892505908E+01        -1.9684E+00        1.947E-06        81.912
42           -2.6892505918E+01        -1.9684E+00        2.177E-06        81.397
43           -2.6892505814E+01        -1.9684E+00        1.075E-06        81.771
44           -2.6892505696E+01        -1.9684E+00        6.969E-07        81.365
Total number of SCF: 44    

k = [0.000, 0.000, 0.000]
Occupation of state 243 = 0.000000000000000.
Occupation of state 270 = 0.000000000000000.
Exx outer loop error: 5.8680700307e-01 

No.2 Exx outer loop: 
1            -2.6892915554E+01        -1.9971E+00        3.431E-03        84.841
2            -2.6892305994E+01        -1.9912E+00        2.427E-03        82.189
3            -2.6892635293E+01        -1.9988E+00        2.660E-03        82.145
4            -2.6893026641E+01        -1.9978E+00        1.735E-03        82.547
5            -2.6893243123E+01        -1.9983E+00        1.608E-03        81.949
6            -2.6893198808E+01        -1.9966E+00        7.563E-04        82.152
7            -2.6893107595E+01        -1.9923E+00        4.912E-04        81.982
8            -2.6893122113E+01        -1.9923E+00        3.691E-04        82.954
9            -2.6893127567E+01        -1.9914E+00        3.714E-04        81.978
10           -2.6893107053E+01        -1.9915E+00        2.732E-04        82.264
11           -2.6893085059E+01        -1.9913E+00        2.257E-04        82.231
12           -2.6893051205E+01        -1.9912E+00        1.315E-04        81.942
13           -2.6893020499E+01        -1.9910E+00        1.056E-04        82.167
14           -2.6892967366E+01        -1.9911E+00        9.552E-05        82.087
15           -2.6892932979E+01        -1.9911E+00        6.496E-05        82.023
16           -2.6892886023E+01        -1.9911E+00        4.947E-05        83.505
17           -2.6892861888E+01        -1.9911E+00        2.519E-05        83.673
18           -2.6892857343E+01        -1.9913E+00        3.191E-05        81.942
19           -2.6892861451E+01        -1.9911E+00        2.484E-05        82.381
20           -2.6892856496E+01        -1.9912E+00        7.976E-06        81.923
21           -2.6892851846E+01        -1.9912E+00        8.202E-06        81.765
22           -2.6892850094E+01        -1.9911E+00        5.790E-06        81.739
23           -2.6892848140E+01        -1.9911E+00        3.614E-06        81.798
24           -2.6892847589E+01        -1.9911E+00        3.850E-06        81.803
25           -2.6892847335E+01        -1.9911E+00        8.673E-06        81.606
26           -2.6892847023E+01        -1.9911E+00        6.084E-06        81.622
27           -2.6892846812E+01        -1.9911E+00        4.412E-06        81.697
28           -2.6892846738E+01        -1.9911E+00        6.396E-06        81.586
29           -2.6892846550E+01        -1.9911E+00        1.816E-06        81.664
30           -2.6892846294E+01        -1.9911E+00        2.619E-06        82.362
31           -2.6892846233E+01        -1.9911E+00        7.652E-07        81.441
Total number of SCF: 31    

k = [0.000, 0.000, 0.000]
Occupation of state 243 = 0.000000000000000.
Occupation of state 270 = 0.000000000000000.
Exx outer loop error: 6.9156047124e-03 

No.3 Exx outer loop: 
1            -2.6892925456E+01        -1.9926E+00        1.403E-03        109.440
2            -2.6892860236E+01        -1.9852E+00        8.134E-04        82.375
3            -2.6893193619E+01        -1.9857E+00        5.946E-04        82.160
4            -2.6893317196E+01        -1.9862E+00        3.819E-04        82.177
5            -2.6893091074E+01        -1.9876E+00        3.211E-04        81.819
6            -2.6893064795E+01        -1.9876E+00        2.966E-04        82.034
7            -2.6892996036E+01        -1.9871E+00        1.664E-04        81.927
8            -2.6892989914E+01        -1.9870E+00        1.047E-04        82.805
9            -2.6892969674E+01        -1.9871E+00        6.145E-05        85.481
10           -2.6892949396E+01        -1.9865E+00        9.121E-05        81.764
11           -2.6892934858E+01        -1.9864E+00        6.695E-05        82.592
12           -2.6892920815E+01        -1.9862E+00        8.240E-05        81.787
13           -2.6892916472E+01        -1.9862E+00        6.224E-05        82.193
14           -2.6892909561E+01        -1.9864E+00        3.009E-05        81.844
15           -2.6892901494E+01        -1.9865E+00        1.343E-05        81.835
16           -2.6892894409E+01        -1.9865E+00        1.232E-05        81.910
17           -2.6892890361E+01        -1.9863E+00        3.323E-05        81.745
18           -2.6892888495E+01        -1.9866E+00        1.054E-05        81.841
19           -2.6892887642E+01        -1.9865E+00        1.003E-05        81.836
20           -2.6892884502E+01        -1.9865E+00        5.206E-06        81.667
21           -2.6892882395E+01        -1.9865E+00        5.985E-06        81.704
22           -2.6892881085E+01        -1.9866E+00        1.357E-06        81.905
23           -2.6892880653E+01        -1.9866E+00        1.282E-06        81.648
24           -2.6892880558E+01        -1.9866E+00        3.011E-06        81.810
25           -2.6892880340E+01        -1.9866E+00        1.167E-06        81.806
26           -2.6892880058E+01        -1.9866E+00        1.410E-06        81.774
27           -2.6892879986E+01        -1.9866E+00        6.768E-07        81.342
Total number of SCF: 27    

k = [0.000, 0.000, 0.000]
Occupation of state 243 = 0.000000000000000.
Occupation of state 270 = 0.000000000000000.
Exx outer loop error: 9.2545419452e-06 
====================================================================
                    Energy and force calculation                    
====================================================================
Free energy per atom               : -2.6892806207E+01 (Ha/atom)
Total free energy                  : -1.6404611786E+03 (Ha)
Band structure energy              : -4.1061233348E+02 (Ha)
Exchange correlation energy        : -2.9245057756E+02 (Ha)
Self and correction energy         : -2.1657628459E+03 (Ha)
Entropy*kb*T                       : -2.6164886616E-03 (Ha)
Fermi level                        : -1.4518806179E-01 (Ha)
RMS force                          :  2.4649501742E-02 (Ha/Bohr)
Maximum force                      :  1.0296650617E-01 (Ha/Bohr)
Time for force calculation         :  0.988 (sec)
***************************************************************************
                               Timing info                                 
***************************************************************************
Total walltime                     :  15872.383 sec
___________________________________________________________________________

***************************************************************************
*             Material Physics & Mechanics Group, Georgia Tech            *
*                       PI: Phanish Suryanarayana                         *
*                Main Developers: Qimen Xu, Abhiraj Sharma                *
*     Collaborators: J.E. Pask (LLNL), A.J. Medford (GT), E. Chow (GT)    *
*  Acknowledgements: U.S. DOE (DE-SC0019410); U.S. NSF (1333500,1553212)  *
***************************************************************************
                                                                           

***************************************************************************
*                       SPARC (version Mar 30, 2022)                      *
*   Copyright (c) 2020 Material Physics & Mechanics Group, Georgia Tech   *
*           Distributed under GNU General Public License 3 (GPL)          *
*                   Start time: Fri Apr 15 13:46:18 2022                  *
***************************************************************************
                           Input parameters                                
***************************************************************************
CELL: 12.4338823950489 16.8986769044157 47.5378507412217 
LATVEC:
1.000000000000000 0.000000000000000 0.000000000000000 
-0.000130020950961 0.999999991547276 0.000000000000000 
0.000000000000000 -0.000000000000000 1.000000000000000 
FD_GRID: 66 89 252
FD_ORDER: 12
BC: P P D
KPOINT_GRID: 2 2 1
KPOINT_SHIFT: 0 0 0
SPIN_TYP: 1
ELEC_TEMP_TYPE: Gaussian
SMEARING: 0.007349864435
CHEB_DEGREE: 37
NSTATES: 270
EXCHANGE_CORRELATION: HSE
CALC_STRESS: 0
CALC_PRES: 0
CHEFSI_BOUND_FLAG: 0
MAXIT_SCF: 100
MINIT_SCF: 3
MAXIT_POISSON: 3000
TOL_SCF: 1.00E-06
POISSON_SOLVER: AAR
TOL_POISSON: 1.00E-08
TOL_LANCZOS: 1.00E-02
TOL_PSEUDOCHARGE: 1.00E-08
MIXING_VARIABLE: density
MIXING_PRECOND: kerker
MIXING_PRECOND_MAG: none
TOL_PRECOND: 3.57E-05
PRECOND_KERKER_KTF: 1
PRECOND_KERKER_THRESH: 0.1
MIXING_PARAMETER: 0.3
MIXING_PARAMETER_MAG: 0.3
MIXING_HISTORY: 7
PULAY_FREQUENCY: 1
PULAY_RESTART: 0
REFERENCE_CUTOFF: 0.5
RHO_TRIGGER: 4
FIX_RAND: 0
VERBOSITY: 1
PRINT_FORCES: 1
PRINT_ATOMS: 1
PRINT_EIGEN: 1
PRINT_DENSITY: 0
PRINT_ENERGY_DENSITY: 0
TOL_FOCK: 5.00E-05
TOL_SCF_INIT: 1.00E-04
MAXIT_FOCK: 1000
EXX_METHOD: FOURIER_SPACE
EXX_DIVERGENCE: AUXILIARY
ACE_FLAG: 1
EXX_ACE_MEM: 1
EXX_ACE_VALENCE_STATES: 10000
EXX_DOWNSAMPLING: 1 1 1
EXX_RANGE_FOCK: 0.106000
EXX_RANGE_PBE: 0.106000
OUTPUT_FILE: sprc-calc
***************************************************************************
                                Cell                                       
***************************************************************************
Lattice vectors (Bohr):
12.433882395048860 0.000000000000000 0.000000000000000 
-0.002197182041095 16.898676761575889 0.000000000000000 
0.000000000000000 -0.000000000000000 47.537850741221725 
Volume                  :  9.9884706279E+03 (Bohr^3)
***************************************************************************
                           Parallelization                                 
***************************************************************************
NP_SPIN_PARAL: 2
NP_KPOINT_PARAL: 4
NP_BAND_PARAL: 1
NP_DOMAIN_PARAL: 2 3 7
NP_DOMAIN_PHI_PARAL: 4 6 14
EIG_SERIAL_MAXNS: 1500
***************************************************************************
                             Initialization                                
***************************************************************************
Number of processors               :  336
Mesh spacing in x-direction        :  0.188392 (Bohr)
Mesh spacing in y-direction        :  0.189873 (Bohr)
Mesh spacing in z direction        :  0.188642 (Bohr)
Number of symmetry adapted k-points:  4
Output printed to                  :  sprc-calc.out_01
Final eigenvalues printed to       :  sprc-calc.eigen_01
Total number of atom types         :  4
Total number of atoms              :  61
Total number of electrons          :  442
Atom type 1  (valence electrons)   :  H 1
Pseudopotential                    :  H.psp8
Pseudocharge radii of atom type 1  :  3.77 3.80 3.77 (x, y, z dir)
Number of atoms of type 1          :  6
Atom type 2  (valence electrons)   :  N 5
Pseudopotential                    :  N.psp8
Pseudocharge radii of atom type 2  :  6.78 6.65 6.79 (x, y, z dir)
Number of atoms of type 2          :  2
Atom type 3  (valence electrons)   :  O 6
Pseudopotential                    :  O.psp8
Pseudocharge radii of atom type 3  :  6.78 6.84 6.79 (x, y, z dir)
Number of atoms of type 3          :  35
Atom type 4  (valence electrons)   :  Ti 12
Pseudopotential                    :  Ti.psp8
Pseudocharge radii of atom type 4  :  6.78 6.84 6.79 (x, y, z dir)
Number of atoms of type 4          :  18
Estimated total memory usage       :  317.95 GB
Estimated memory per processor     :  968.99 MB
========================================================================================
                    Self Consistent Field (SCF#1)                     
========================================================================================
Iteration     Free Energy (Ha/atom)    Magnetization     SCF Error        Timing (sec)
1            -2.6995243629E+01        -2.6607E+00        4.643E-01        204.760
2            -2.7294198364E+01         4.7578E+00        3.775E-01        51.702
3            -2.7247831045E+01        -9.8977E+00        3.230E-01        65.358
4            -2.7245514173E+01         5.2573E+00        2.712E-01        53.464
5            -2.7307104100E+01        -1.3113E-01        1.678E-01        53.564
6            -2.7316593388E+01         6.6083E-01        1.083E-01        52.211
7            -2.7315099395E+01        -9.5224E-02        8.218E-02        52.489
8            -2.7310597627E+01        -1.0162E+00        7.150E-02        51.788
9            -2.7304420168E+01        -1.1699E+00        5.695E-02        51.896
10           -2.7284477025E+01        -4.8398E-01        4.944E-02        64.042
11           -2.7259112162E+01        -1.8482E-01        4.177E-02        75.421
12           -2.7245298935E+01        -6.7573E-01        3.919E-02        51.859
13           -2.7222972552E+01        -4.7485E-01        3.762E-02        53.514
14           -2.7198956395E+01        -6.2672E-01        3.365E-02        51.726
15           -2.7171616970E+01        -5.6057E-01        2.910E-02        51.969
16           -2.7151697414E+01        -6.5907E-01        2.296E-02        51.869
17           -2.7133579936E+01        -7.4947E-01        1.667E-02        51.731
18           -2.7119546007E+01        -6.3667E-01        1.345E-02        51.696
19           -2.7120645829E+01        -7.9033E-01        9.611E-03        51.703
20           -2.7112750031E+01        -6.1956E-01        8.685E-03        52.368
21           -2.7106152637E+01        -7.2856E-01        6.191E-03        51.636
22           -2.7100870129E+01        -7.8348E-01        5.581E-03        51.597
23           -2.7096326725E+01        -8.1051E-01        4.399E-03        51.998
24           -2.7091842223E+01        -8.5433E-01        3.687E-03        52.541
25           -2.7087372559E+01        -9.7678E-01        3.322E-03        51.889
26           -2.7085002509E+01        -1.0665E+00        2.163E-03        51.744
27           -2.7083688055E+01        -1.1319E+00        1.564E-03        51.676
28           -2.7082642855E+01        -1.2010E+00        1.198E-03        52.039
29           -2.7082119458E+01        -1.2574E+00        9.516E-04        53.334
30           -2.7081674103E+01        -1.3197E+00        6.869E-04        55.451
31           -2.7081550422E+01        -1.3723E+00        5.586E-04        52.508
32           -2.7081520514E+01        -1.4028E+00        4.260E-04        51.406
33           -2.7081539702E+01        -1.4355E+00        4.261E-04        51.610
34           -2.7081452158E+01        -1.4579E+00        8.009E-04        51.420
35           -2.7081462238E+01        -1.4779E+00        9.414E-04        51.541
36           -2.7081448607E+01        -1.4785E+00        5.969E-04        51.400
37           -2.7081415837E+01        -1.4797E+00        4.950E-04        51.872
38           -2.7081377838E+01        -1.5016E+00        8.408E-04        51.276
39           -2.7081334454E+01        -1.4960E+00        4.527E-04        51.284
40           -2.7081293083E+01        -1.5010E+00        5.981E-04        51.696
41           -2.7081244826E+01        -1.4934E+00        2.925E-04        52.560
42           -2.7081183996E+01        -1.4922E+00        2.304E-04        51.281
43           -2.7081178358E+01        -1.4879E+00        1.412E-04        51.391
44           -2.7081155306E+01        -1.4871E+00        1.079E-04        51.435
45           -2.7081126592E+01        -1.4863E+00        8.587E-05        51.356
Total number of SCF: 45    

k = [0.000, 0.000, 0.000]
Occupation of state 243 = 0.000000000000000.
Occupation of state 270 = 0.000000000000000.

No.1 Exx outer loop: 
1            -2.6891017691E+01        -1.9473E+00        1.539E-02        85.388
2            -2.6884013239E+01        -1.9717E+00        1.329E-02        82.881
3            -2.6886270433E+01        -1.9888E+00        9.630E-03        82.452
4            -2.6891169512E+01        -1.9899E+00        7.856E-03        82.314
5            -2.6892673048E+01        -1.9928E+00        5.303E-03        82.324
6            -2.6894150012E+01        -1.9833E+00        2.854E-03        82.327
7            -2.6894489567E+01        -1.9721E+00        1.997E-03        82.717
8            -2.6894228973E+01        -1.9595E+00        1.417E-03        82.538
9            -2.6894022550E+01        -1.9731E+00        1.065E-03        82.441
10           -2.6893754716E+01        -1.9601E+00        1.078E-03        82.552
11           -2.6893462645E+01        -1.9695E+00        7.075E-04        82.412
12           -2.6893020509E+01        -1.9710E+00        5.145E-04        82.343
13           -2.6892868334E+01        -1.9680E+00        3.716E-04        83.791
14           -2.6892676255E+01        -1.9669E+00        2.875E-04        85.232
15           -2.6892630257E+01        -1.9677E+00        1.745E-04        82.396
16           -2.6892522769E+01        -1.9667E+00        1.320E-04        82.131
17           -2.6892507498E+01        -1.9687E+00        1.725E-04        82.214
18           -2.6892506179E+01        -1.9681E+00        1.059E-04        82.140
19           -2.6892479786E+01        -1.9686E+00        8.866E-05        82.168
20           -2.6892469230E+01        -1.9680E+00        3.757E-05        82.079
21           -2.6892470614E+01        -1.9661E+00        1.891E-04        82.522
22           -2.6892467845E+01        -1.9683E+00        3.952E-05        82.168
23           -2.6892470657E+01        -1.9679E+00        2.421E-05        81.956
24           -2.6892466849E+01        -1.9684E+00        2.560E-05        82.545
25           -2.6892461735E+01        -1.9683E+00        1.155E-05        81.907
26           -2.6892459277E+01        -1.9684E+00        1.287E-05        81.988
27           -2.6892459155E+01        -1.9684E+00        7.073E-06        82.425
28           -2.6892458661E+01        -1.9684E+00        4.060E-06        82.476
29           -2.6892457161E+01        -1.9684E+00        2.327E-06        81.979
30           -2.6892456627E+01        -1.9684E+00        1.764E-06        82.025
31           -2.6892456416E+01        -1.9684E+00        1.774E-06        81.945
32           -2.6892456578E+01        -1.9685E+00        2.845E-06        82.196
33           -2.6892456544E+01        -1.9684E+00        1.210E-06        81.865
34           -2.6892456465E+01        -1.9684E+00        2.414E-06        81.850
35           -2.6892456299E+01        -1.9684E+00        2.124E-06        82.188
36           -2.6892456279E+01        -1.9684E+00        2.233E-06        85.418
37           -2.6892456274E+01        -1.9684E+00        1.945E-06        81.861
38           -2.6892456177E+01        -1.9684E+00        3.036E-06        81.905
39           -2.6892456118E+01        -1.9685E+00        3.490E-06        82.267
40           -2.6892456093E+01        -1.9685E+00        3.800E-06        81.690
41           -2.6892456115E+01        -1.9685E+00        3.395E-06        82.072
42           -2.6892456095E+01        -1.9684E+00        1.221E-06        81.785
43           -2.6892456128E+01        -1.9684E+00        2.512E-06        82.083
44           -2.6892456039E+01        -1.9684E+00        1.885E-06        81.788
45           -2.6892455965E+01        -1.9684E+00        1.037E-06        81.855
46           -2.6892455893E+01        -1.9684E+00        1.864E-07        82.085
Total number of SCF: 46    

k = [0.000, 0.000, 0.000]
Occupation of state 243 = 0.000000000000000.
Occupation of state 270 = 0.000000000000000.
Exx outer loop error: 5.8673038749e-01 

No.2 Exx outer loop: 
1            -2.6892865585E+01        -1.9971E+00        3.428E-03        86.050
2            -2.6892253084E+01        -1.9912E+00        2.426E-03        82.672
3            -2.6893171732E+01        -1.9991E+00        2.934E-03        107.345
4            -2.6893599981E+01        -1.9964E+00        1.532E-03        115.397
5            -2.6893635443E+01        -1.9671E+00        3.505E-03        82.799
6            -2.6893645504E+01        -1.9937E+00        1.087E-03        105.363
7            -2.6893734634E+01        -1.9924E+00        7.645E-04        100.859
8            -2.6893490734E+01        -1.9855E+00        7.045E-04        110.663
9            -2.6893401667E+01        -1.9921E+00        6.699E-04        82.304
10           -2.6893279841E+01        -1.9908E+00        4.091E-04        84.129
11           -2.6893131430E+01        -1.9914E+00        3.127E-04        91.955
12           -2.6893014769E+01        -1.9912E+00        1.362E-04        105.292
13           -2.6892953172E+01        -1.9912E+00        1.041E-04        82.302
14           -2.6892894084E+01        -1.9911E+00        9.999E-05        82.437
15           -2.6892866541E+01        -1.9910E+00        1.024E-04        112.732
16           -2.6892840930E+01        -1.9910E+00        7.934E-05        95.456
17           -2.6892832717E+01        -1.9909E+00        6.777E-05        85.156
18           -2.6892825765E+01        -1.9911E+00        3.255E-05        83.330
19           -2.6892807275E+01        -1.9913E+00        2.578E-05        83.124
20           -2.6892807985E+01        -1.9911E+00        2.069E-05        93.439
21           -2.6892795949E+01        -1.9911E+00        1.437E-05        105.636
22           -2.6892794517E+01        -1.9911E+00        1.101E-05        82.175
23           -2.6892790901E+01        -1.9911E+00        8.946E-06        82.122
24           -2.6892788518E+01        -1.9911E+00        6.922E-06        82.098
25           -2.6892788071E+01        -1.9913E+00        2.274E-05        91.376
26           -2.6892787092E+01        -1.9912E+00        7.452E-06        82.181
27           -2.6892785987E+01        -1.9911E+00        3.460E-06        81.973
28           -2.6892785935E+01        -1.9912E+00        3.254E-06        82.370
29           -2.6892785067E+01        -1.9911E+00        2.180E-06        83.502
30           -2.6892784311E+01        -1.9911E+00        1.401E-06        113.843
31           -2.6892783877E+01        -1.9911E+00        3.828E-06        82.119
32           -2.6892783883E+01        -1.9911E+00        2.554E-06        82.009
33           -2.6892783874E+01        -1.9911E+00        1.003E-06        91.014
34           -2.6892783617E+01        -1.9911E+00        1.752E-06        82.916
35           -2.6892783554E+01        -1.9911E+00        4.834E-07        82.405
Total number of SCF: 35    

k = [0.000, 0.000, 0.000]
Occupation of state 243 = 0.000000000000000.
Occupation of state 270 = 0.000000000000000.
Exx outer loop error: 6.6970981902e-03 

No.3 Exx outer loop: 
1            -2.6892862928E+01        -1.9925E+00        1.392E-03        84.817
2            -2.6892797180E+01        -1.9854E+00        8.060E-04        82.589
3            -2.6892972132E+01        -1.9734E+00        1.395E-03        82.547
4            -2.6893215469E+01        -1.9908E+00        9.655E-04        82.253
5            -2.6893121921E+01        -1.9822E+00        3.013E-04        82.882
6            -2.6893068441E+01        -1.9860E+00        1.959E-04        82.174
7            -2.6893032964E+01        -1.9872E+00        1.306E-04        82.355
8            -2.6892984279E+01        -1.9869E+00        9.459E-05        82.578
9            -2.6892959475E+01        -1.9869E+00        7.834E-05        91.131
10           -2.6892938047E+01        -1.9868E+00        6.018E-05        82.387
11           -2.6892917547E+01        -1.9868E+00        5.818E-05        82.252
12           -2.6892897177E+01        -1.9880E+00        1.870E-04        82.205
13           -2.6892878248E+01        -1.9870E+00        5.378E-05        82.395
14           -2.6892847333E+01        -1.9872E+00        7.112E-05        113.083
15           -2.6892838647E+01        -1.9865E+00        1.513E-05        82.104
16           -2.6892830892E+01        -1.9864E+00        2.317E-05        82.701
17           -2.6892825359E+01        -1.9865E+00        9.572E-06        86.061
18           -2.6892816932E+01        -1.9865E+00        6.613E-06        82.613
19           -2.6892814303E+01        -1.9866E+00        1.079E-05        82.184
20           -2.6892813692E+01        -1.9866E+00        4.965E-06        82.152
21           -2.6892813194E+01        -1.9866E+00        7.975E-06        81.928
22           -2.6892812506E+01        -1.9866E+00        6.409E-06        81.978
23           -2.6892812815E+01        -1.9866E+00        1.832E-06        82.333
24           -2.6892813468E+01        -1.9866E+00        1.066E-06        83.584
25           -2.6892813378E+01        -1.9866E+00        8.583E-07        81.556
Total number of SCF: 25    

k = [0.000, 0.000, 0.000]
Occupation of state 243 = 0.000000000000000.
Occupation of state 270 = 0.000000000000000.
Exx outer loop error: 6.6758076052e-04 

No.4 Exx outer loop: 
1            -2.6892836876E+01        -1.9877E+00        8.170E-04        84.939
2            -2.6892825892E+01        -1.9824E+00        4.036E-04        82.293
3            -2.6893103991E+01        -1.9863E+00        5.854E-04        82.397
4            -2.6893043366E+01        -1.9852E+00        4.640E-04        82.165
5            -2.6893050034E+01        -1.9886E+00        6.246E-04        82.203
6            -2.6892964450E+01        -1.9831E+00        1.047E-04        82.566
7            -2.6892931955E+01        -1.9835E+00        7.202E-05        82.319
8            -2.6892909574E+01        -1.9836E+00        4.467E-05        82.262
9            -2.6892897413E+01        -1.9839E+00        4.281E-05        82.286
10           -2.6892876435E+01        -1.9833E+00        5.309E-05        82.329
11           -2.6892868190E+01        -1.9832E+00        4.664E-05        82.559
12           -2.6892856132E+01        -1.9830E+00        5.134E-05        82.113
13           -2.6892849450E+01        -1.9830E+00        4.402E-05        82.181
14           -2.6892842262E+01        -1.9831E+00        2.500E-05        82.616

***************************************************************************
*                       SPARC (version May 02, 2022)                      *
*   Copyright (c) 2020 Material Physics & Mechanics Group, Georgia Tech   *
*           Distributed under GNU General Public License 3 (GPL)          *
*                   Start time: Mon Jun 13 08:33:29 2022                  *
***************************************************************************
                           Input parameters                                
***************************************************************************
CELL: 12.4338823950489 16.8986769044157 47.5378507412217 
LATVEC:
1.000000000000000 0.000000000000000 0.000000000000000 
-0.000130020950961 0.999999991547276 0.000000000000000 
0.000000000000000 -0.000000000000000 1.000000000000000 
FD_GRID: 66 89 252
FD_ORDER: 12
BC: P P D
KPOINT_GRID: 4 4 1
KPOINT_SHIFT: 0 0 0
SPIN_TYP: 1
ELEC_TEMP_TYPE: Gaussian
SMEARING: 0.007349864435
CHEB_DEGREE: 37
NSTATES: 270
EXCHANGE_CORRELATION: HSE
EXX_RANGE_FOCK: 0.106000
EXX_RANGE_PBE: 0.106000
CALC_STRESS: 0
CALC_PRES: 0
CHEFSI_BOUND_FLAG: 0
MAXIT_SCF: 100
MINIT_SCF: 3
MAXIT_POISSON: 3000
TOL_SCF: 1.00E-06
POISSON_SOLVER: AAR
TOL_POISSON: 1.00E-08
TOL_LANCZOS: 1.00E-02
TOL_PSEUDOCHARGE: 1.00E-08
MIXING_VARIABLE: density
MIXING_PRECOND: kerker
MIXING_PRECOND_MAG: none
TOL_PRECOND: 3.57E-05
PRECOND_KERKER_KTF: 1
PRECOND_KERKER_THRESH: 0.1
MIXING_PARAMETER: 0.3
MIXING_PARAMETER_MAG: 0.3
MIXING_HISTORY: 7
PULAY_FREQUENCY: 1
PULAY_RESTART: 0
REFERENCE_CUTOFF: 0.5
RHO_TRIGGER: 4
FIX_RAND: 0
VERBOSITY: 1
PRINT_FORCES: 1
PRINT_ATOMS: 1
PRINT_EIGEN: 1
PRINT_DENSITY: 0
PRINT_ENERGY_DENSITY: 0
TOL_FOCK: 5.00E-05
TOL_SCF_INIT: 1.00E-03
MAXIT_FOCK: 20
EXX_METHOD: FOURIER_SPACE
EXX_DIVERGENCE: AUXILIARY
EXX_MEM: 1
ACE_FLAG: 1
EXX_ACE_VALENCE_STATES: 10000
EXX_DOWNSAMPLING: 1 1 1
OUTPUT_FILE: sprc-calc
***************************************************************************
                                Cell                                       
***************************************************************************
Lattice vectors (Bohr):
12.433882395048860 0.000000000000000 0.000000000000000 
-0.002197182041095 16.898676761575889 0.000000000000000 
0.000000000000000 -0.000000000000000 47.537850741221725 
Volume                  :  9.9884706279E+03 (Bohr^3)
***************************************************************************
                           Parallelization                                 
***************************************************************************
NP_SPIN_PARAL: 2
NP_KPOINT_PARAL: 10
NP_BAND_PARAL: 1
NP_DOMAIN_PARAL: 2 2 4
NP_DOMAIN_PHI_PARAL: 4 6 14
EIG_SERIAL_MAXNS: 1500
***************************************************************************
                             Initialization                                
***************************************************************************
Number of processors               :  336
Mesh spacing in x-direction        :  0.188392 (Bohr)
Mesh spacing in y-direction        :  0.189873 (Bohr)
Mesh spacing in z direction        :  0.188642 (Bohr)
Number of symmetry adapted k-points:  10
Output printed to                  :  sprc-calc.out_01
Final eigenvalues printed to       :  sprc-calc.eigen_01
Total number of atom types         :  4
Total number of atoms              :  61
Total number of electrons          :  442
Atom type 1  (valence electrons)   :  H 1
Pseudopotential                    :  H.psp8
Pseudocharge radii of atom type 1  :  3.77 3.80 3.77 (x, y, z dir)
Number of atoms of type 1          :  6
Atom type 2  (valence electrons)   :  N 5
Pseudopotential                    :  N.psp8
Pseudocharge radii of atom type 2  :  6.78 6.65 6.79 (x, y, z dir)
Number of atoms of type 2          :  2
Atom type 3  (valence electrons)   :  O 6
Pseudopotential                    :  O.psp8
Pseudocharge radii of atom type 3  :  6.78 6.84 6.79 (x, y, z dir)
Number of atoms of type 3          :  35
Atom type 4  (valence electrons)   :  Ti 12
Pseudopotential                    :  Ti.psp8
Pseudocharge radii of atom type 4  :  6.78 6.84 6.79 (x, y, z dir)
Number of atoms of type 4          :  18
Estimated total memory usage       :  748.45 GB
Estimated memory per processor     :  2.23 GB
========================================================================================
                    Self Consistent Field (SCF#1)                     
========================================================================================
Iteration     Free Energy (Ha/atom)    Magnetization     SCF Error        Timing (sec)
1            -2.6995038248E+01        -2.9934E+00        4.647E-01        532.285
2            -2.7283221307E+01         4.3521E+00        3.770E-01        133.401
3            -2.7247867185E+01        -9.5938E+00        3.236E-01        132.975
4            -2.7243666622E+01         4.1158E+00        2.673E-01        132.938
5            -2.7306122210E+01        -4.9519E-02        1.632E-01        133.435
6            -2.7309452590E+01         2.4609E+00        1.075E-01        133.622
7            -2.7307234869E+01        -1.2539E+00        8.251E-02        133.415
8            -2.7303872086E+01        -1.1735E+00        6.127E-02        133.924
9            -2.7295242984E+01        -7.0593E-01        6.246E-02        133.771
10           -2.7277171256E+01        -1.5130E+00        3.649E-02        136.740
11           -2.7250727420E+01        -6.1913E-01        4.003E-02        133.227
12           -2.7232351522E+01        -8.4710E-01        3.201E-02        133.259
13           -2.7203307363E+01        -8.3315E-01        2.784E-02        133.132
14           -2.7182465300E+01        -9.9824E-01        2.467E-02        132.885
15           -2.7155250015E+01        -1.2329E+00        1.972E-02        133.753
16           -2.7140064053E+01        -1.2739E+00        1.579E-02        134.349
17           -2.7115939687E+01        -1.4410E+00        1.386E-02        136.854
18           -2.7118018305E+01        -1.5624E+00        8.990E-03        133.734
19           -2.7108744527E+01        -1.5742E+00        6.789E-03        133.954
20           -2.7101770340E+01        -1.6479E+00        5.360E-03        151.670
21           -2.7098534291E+01        -1.5908E+00        5.215E-03        133.491
22           -2.7094470129E+01        -1.6540E+00        3.944E-03        134.160
23           -2.7089368505E+01        -1.6500E+00        3.395E-03        134.740
24           -2.7086312417E+01        -1.6595E+00        2.601E-03        134.070
25           -2.7083273632E+01        -1.6570E+00        2.057E-03        133.663
26           -2.7082385322E+01        -1.6509E+00        1.223E-03        133.847
27           -2.7082016816E+01        -1.6530E+00        8.918E-04        132.625
Total number of SCF: 27    

k = [-0.250, -0.250, 0.000]
Occupation of state 243 = 0.000000000000000.
Occupation of state 270 = 0.000000000000000.

No.1 Exx outer loop: 

***************************************************************************
*                       SPARC (version May 02, 2022)                      *
*   Copyright (c) 2020 Material Physics & Mechanics Group, Georgia Tech   *
*           Distributed under GNU General Public License 3 (GPL)          *
*                   Start time: Sat Jun 18 13:31:53 2022                  *
***************************************************************************
                           Input parameters                                
***************************************************************************
CELL: 12.4338823950489 16.8986769044157 47.5378507412217 
LATVEC:
1.000000000000000 0.000000000000000 0.000000000000000 
-0.000130020950961 0.999999991547276 0.000000000000000 
0.000000000000000 -0.000000000000000 1.000000000000000 
FD_GRID: 66 89 252
FD_ORDER: 12
BC: P P D
KPOINT_GRID: 4 4 1
KPOINT_SHIFT: 0 0 0
SPIN_TYP: 1
ELEC_TEMP_TYPE: Gaussian
SMEARING: 0.007349864435
CHEB_DEGREE: 37
NSTATES: 270
EXCHANGE_CORRELATION: HSE
EXX_RANGE_FOCK: 0.106000
EXX_RANGE_PBE: 0.106000
CALC_STRESS: 0
CALC_PRES: 0
CHEFSI_BOUND_FLAG: 0
MAXIT_SCF: 100
MINIT_SCF: 3
MAXIT_POISSON: 3000
TOL_SCF: 1.00E-06
POISSON_SOLVER: AAR
TOL_POISSON: 1.00E-08
TOL_LANCZOS: 1.00E-02
TOL_PSEUDOCHARGE: 1.00E-08
MIXING_VARIABLE: density
MIXING_PRECOND: kerker
MIXING_PRECOND_MAG: none
TOL_PRECOND: 3.57E-05
PRECOND_KERKER_KTF: 1
PRECOND_KERKER_THRESH: 0.1
MIXING_PARAMETER: 0.3
MIXING_PARAMETER_MAG: 0.3
MIXING_HISTORY: 7
PULAY_FREQUENCY: 1
PULAY_RESTART: 0
REFERENCE_CUTOFF: 0.5
RHO_TRIGGER: 4
FIX_RAND: 0
VERBOSITY: 1
PRINT_FORCES: 1
PRINT_ATOMS: 1
PRINT_EIGEN: 1
PRINT_DENSITY: 0
PRINT_ENERGY_DENSITY: 0
TOL_FOCK: 5.00E-05
TOL_SCF_INIT: 1.00E-03
MAXIT_FOCK: 20
EXX_METHOD: FOURIER_SPACE
EXX_DIVERGENCE: AUXILIARY
EXX_MEM: 1
ACE_FLAG: 1
EXX_ACE_VALENCE_STATES: 10000
EXX_DOWNSAMPLING: 1 1 1
OUTPUT_FILE: sprc-calc
***************************************************************************
                                Cell                                       
***************************************************************************
Lattice vectors (Bohr):
12.433882395048860 0.000000000000000 0.000000000000000 
-0.002197182041095 16.898676761575889 0.000000000000000 
0.000000000000000 -0.000000000000000 47.537850741221725 
Volume                  :  9.9884706279E+03 (Bohr^3)
***************************************************************************
                           Parallelization                                 
***************************************************************************
NP_SPIN_PARAL: 2
NP_KPOINT_PARAL: 10
NP_BAND_PARAL: 1
NP_DOMAIN_PARAL: 2 2 4
NP_DOMAIN_PHI_PARAL: 4 6 14
EIG_SERIAL_MAXNS: 1500
***************************************************************************
                             Initialization                                
***************************************************************************
Number of processors               :  336
Mesh spacing in x-direction        :  0.188392 (Bohr)
Mesh spacing in y-direction        :  0.189873 (Bohr)
Mesh spacing in z direction        :  0.188642 (Bohr)
Number of symmetry adapted k-points:  10
Output printed to                  :  sprc-calc.out_01
Final eigenvalues printed to       :  sprc-calc.eigen_01
Total number of atom types         :  4
Total number of atoms              :  61
Total number of electrons          :  442
Atom type 1  (valence electrons)   :  H 1
Pseudopotential                    :  H.psp8
Pseudocharge radii of atom type 1  :  3.77 3.80 3.77 (x, y, z dir)
Number of atoms of type 1          :  6
Atom type 2  (valence electrons)   :  N 5
Pseudopotential                    :  N.psp8
Pseudocharge radii of atom type 2  :  6.78 6.65 6.79 (x, y, z dir)
Number of atoms of type 2          :  2
Atom type 3  (valence electrons)   :  O 6
Pseudopotential                    :  O.psp8
Pseudocharge radii of atom type 3  :  6.78 6.84 6.79 (x, y, z dir)
Number of atoms of type 3          :  35
Atom type 4  (valence electrons)   :  Ti 12
Pseudopotential                    :  Ti.psp8
Pseudocharge radii of atom type 4  :  6.78 6.84 6.79 (x, y, z dir)
Number of atoms of type 4          :  18
Estimated total memory usage       :  748.45 GB
Estimated memory per processor     :  2.23 GB
========================================================================================
                    Self Consistent Field (SCF#1)                     
========================================================================================
Iteration     Free Energy (Ha/atom)    Magnetization     SCF Error        Timing (sec)
1            -2.6995038248E+01        -2.9934E+00        4.647E-01        502.014
2            -2.7283221308E+01         4.3521E+00        3.770E-01        128.798
3            -2.7247867185E+01        -9.5938E+00        3.236E-01        129.036
4            -2.7243666622E+01         4.1158E+00        2.673E-01        129.448
5            -2.7306122210E+01        -4.9518E-02        1.632E-01        129.592
6            -2.7309452590E+01         2.4609E+00        1.075E-01        129.454
7            -2.7307234870E+01        -1.2539E+00        8.251E-02        129.038
8            -2.7303872085E+01        -1.1735E+00        6.127E-02        128.898
9            -2.7295242982E+01        -7.0593E-01        6.246E-02        129.720
10           -2.7277171255E+01        -1.5130E+00        3.649E-02        129.916
11           -2.7250727427E+01        -6.1913E-01        4.003E-02        136.410
12           -2.7232351525E+01        -8.4710E-01        3.201E-02        128.946
13           -2.7203307368E+01        -8.3315E-01        2.784E-02        129.306
14           -2.7182465306E+01        -9.9824E-01        2.467E-02        129.672
15           -2.7155250014E+01        -1.2329E+00        1.972E-02        129.813
16           -2.7140064064E+01        -1.2739E+00        1.579E-02        130.421
17           -2.7115939678E+01        -1.4410E+00        1.386E-02        130.113
18           -2.7118018303E+01        -1.5624E+00        8.990E-03        130.145
19           -2.7108744516E+01        -1.5742E+00        6.789E-03        129.976
20           -2.7101770367E+01        -1.6479E+00        5.360E-03        130.019
21           -2.7098534289E+01        -1.5908E+00        5.215E-03        130.063
22           -2.7094470127E+01        -1.6540E+00        3.944E-03        130.152
23           -2.7089368502E+01        -1.6500E+00        3.395E-03        130.167
24           -2.7086312426E+01        -1.6595E+00        2.601E-03        130.384
25           -2.7083273653E+01        -1.6570E+00        2.057E-03        132.055
26           -2.7082385335E+01        -1.6509E+00        1.223E-03        129.953
27           -2.7082016820E+01        -1.6530E+00        8.918E-04        129.214
Total number of SCF: 27    

k = [-0.250, -0.250, 0.000]
Occupation of state 243 = 0.000000000000000.
Occupation of state 270 = 0.000000000000000.

No.1 Exx outer loop: 

***************************************************************************
*                       SPARC (version May 02, 2022)                      *
*   Copyright (c) 2020 Material Physics & Mechanics Group, Georgia Tech   *
*           Distributed under GNU General Public License 3 (GPL)          *
*                   Start time: Tue Jun 21 09:45:12 2022                  *
***************************************************************************
                           Input parameters                                
***************************************************************************
CELL: 12.4338823950489 16.8986769044157 47.5378507412217 
LATVEC:
1.000000000000000 0.000000000000000 0.000000000000000 
-0.000130020950961 0.999999991547276 0.000000000000000 
0.000000000000000 -0.000000000000000 1.000000000000000 
FD_GRID: 66 89 252
FD_ORDER: 12
BC: P P D
KPOINT_GRID: 4 4 1
KPOINT_SHIFT: 0 0 0
SPIN_TYP: 1
ELEC_TEMP_TYPE: Gaussian
SMEARING: 0.007349864435
CHEB_DEGREE: 37
NSTATES: 270
EXCHANGE_CORRELATION: HSE
EXX_RANGE_FOCK: 0.106000
EXX_RANGE_PBE: 0.106000
CALC_STRESS: 0
CALC_PRES: 0
CHEFSI_BOUND_FLAG: 0
MAXIT_SCF: 100
MINIT_SCF: 3
MAXIT_POISSON: 3000
TOL_SCF: 1.00E-06
POISSON_SOLVER: AAR
TOL_POISSON: 1.00E-08
TOL_LANCZOS: 1.00E-02
TOL_PSEUDOCHARGE: 1.00E-08
MIXING_VARIABLE: density
MIXING_PRECOND: kerker
MIXING_PRECOND_MAG: none
TOL_PRECOND: 3.57E-05
PRECOND_KERKER_KTF: 1
PRECOND_KERKER_THRESH: 0.1
MIXING_PARAMETER: 0.3
MIXING_PARAMETER_MAG: 0.3
MIXING_HISTORY: 7
PULAY_FREQUENCY: 1
PULAY_RESTART: 0
REFERENCE_CUTOFF: 0.5
RHO_TRIGGER: 4
FIX_RAND: 0
VERBOSITY: 1
PRINT_FORCES: 1
PRINT_ATOMS: 1
PRINT_EIGEN: 1
PRINT_DENSITY: 0
PRINT_ENERGY_DENSITY: 0
TOL_FOCK: 5.00E-05
TOL_SCF_INIT: 1.00E-03
MAXIT_FOCK: 20
EXX_METHOD: FOURIER_SPACE
EXX_DIVERGENCE: AUXILIARY
EXX_MEM: 1
ACE_FLAG: 1
EXX_ACE_VALENCE_STATES: 10000
EXX_DOWNSAMPLING: 1 1 1
OUTPUT_FILE: sprc-calc
***************************************************************************
                                Cell                                       
***************************************************************************
Lattice vectors (Bohr):
12.433882395048860 0.000000000000000 0.000000000000000 
-0.002197182041095 16.898676761575889 0.000000000000000 
0.000000000000000 -0.000000000000000 47.537850741221725 
Volume                  :  9.9884706279E+03 (Bohr^3)
***************************************************************************
                           Parallelization                                 
***************************************************************************
NP_SPIN_PARAL: 2
NP_KPOINT_PARAL: 10
NP_BAND_PARAL: 1
NP_DOMAIN_PARAL: 2 2 4
NP_DOMAIN_PHI_PARAL: 4 6 14
EIG_SERIAL_MAXNS: 1500
***************************************************************************
                             Initialization                                
***************************************************************************
Number of processors               :  336
Mesh spacing in x-direction        :  0.188392 (Bohr)
Mesh spacing in y-direction        :  0.189873 (Bohr)
Mesh spacing in z direction        :  0.188642 (Bohr)
Number of symmetry adapted k-points:  10
Output printed to                  :  sprc-calc.out_01
Final eigenvalues printed to       :  sprc-calc.eigen_01
Total number of atom types         :  4
Total number of atoms              :  61
Total number of electrons          :  442
Atom type 1  (valence electrons)   :  H 1
Pseudopotential                    :  H.psp8
Pseudocharge radii of atom type 1  :  3.77 3.80 3.77 (x, y, z dir)
Number of atoms of type 1          :  6
Atom type 2  (valence electrons)   :  N 5
Pseudopotential                    :  N.psp8
Pseudocharge radii of atom type 2  :  6.78 6.65 6.79 (x, y, z dir)
Number of atoms of type 2          :  2
Atom type 3  (valence electrons)   :  O 6
Pseudopotential                    :  O.psp8
Pseudocharge radii of atom type 3  :  6.78 6.84 6.79 (x, y, z dir)
Number of atoms of type 3          :  35
Atom type 4  (valence electrons)   :  Ti 12
Pseudopotential                    :  Ti.psp8
Pseudocharge radii of atom type 4  :  6.78 6.84 6.79 (x, y, z dir)
Number of atoms of type 4          :  18
Estimated total memory usage       :  748.45 GB
Estimated memory per processor     :  2.23 GB
========================================================================================
                    Self Consistent Field (SCF#1)                     
========================================================================================
Iteration     Free Energy (Ha/atom)    Magnetization     SCF Error        Timing (sec)
1            -2.6995038248E+01        -2.9934E+00        4.647E-01        596.934
2            -2.7283221307E+01         4.3521E+00        3.770E-01        143.938
3            -2.7247867189E+01        -9.5938E+00        3.236E-01        144.152
4            -2.7243666623E+01         4.1158E+00        2.673E-01        143.943
5            -2.7306122206E+01        -4.9519E-02        1.632E-01        144.120
6            -2.7309452589E+01         2.4609E+00        1.075E-01        144.103
7            -2.7307234872E+01        -1.2539E+00        8.251E-02        143.733
8            -2.7303872082E+01        -1.1735E+00        6.127E-02        144.163
9            -2.7295242972E+01        -7.0593E-01        6.246E-02        145.343
10           -2.7277171257E+01        -1.5130E+00        3.649E-02        145.155
11           -2.7250727469E+01        -6.1913E-01        4.003E-02        144.297
12           -2.7232351546E+01        -8.4710E-01        3.201E-02        144.284
13           -2.7203307396E+01        -8.3314E-01        2.784E-02        144.701
14           -2.7182465333E+01        -9.9824E-01        2.467E-02        144.775
15           -2.7155250036E+01        -1.2329E+00        1.972E-02        144.788
16           -2.7140064109E+01        -1.2739E+00        1.579E-02        144.950
17           -2.7115939670E+01        -1.4410E+00        1.386E-02        144.626
18           -2.7118018301E+01        -1.5624E+00        8.990E-03        144.800
19           -2.7108744497E+01        -1.5742E+00        6.789E-03        144.568
20           -2.7101770434E+01        -1.6479E+00        5.360E-03        144.704
21           -2.7098534293E+01        -1.5908E+00        5.215E-03        147.602
22           -2.7094470124E+01        -1.6540E+00        3.944E-03        146.820
23           -2.7089368495E+01        -1.6500E+00        3.395E-03        144.606
24           -2.7086312447E+01        -1.6595E+00        2.601E-03        144.887
25           -2.7083273684E+01        -1.6569E+00        2.057E-03        144.776
26           -2.7082385362E+01        -1.6509E+00        1.223E-03        144.911
27           -2.7082016828E+01        -1.6530E+00        8.918E-04        143.721
Total number of SCF: 27    

k = [-0.250, -0.250, 0.000]
Occupation of state 243 = 0.000000000000000.
Occupation of state 270 = 0.000000000000000.

No.1 Exx outer loop: 

***************************************************************************
*                       SPARC (version May 02, 2022)                      *
*   Copyright (c) 2020 Material Physics & Mechanics Group, Georgia Tech   *
*           Distributed under GNU General Public License 3 (GPL)          *
*                   Start time: Tue Jun 21 11:07:21 2022                  *
***************************************************************************
                           Input parameters                                
***************************************************************************
CELL: 12.4338823950489 16.8986769044157 47.5378507412217 
LATVEC:
1.000000000000000 0.000000000000000 0.000000000000000 
-0.000130020950961 0.999999991547276 0.000000000000000 
0.000000000000000 -0.000000000000000 1.000000000000000 
FD_GRID: 66 89 252
FD_ORDER: 12
BC: P P D
KPOINT_GRID: 4 4 1
KPOINT_SHIFT: 0 0 0
SPIN_TYP: 1
ELEC_TEMP_TYPE: Gaussian
SMEARING: 0.007349864435
CHEB_DEGREE: 37
NSTATES: 270
EXCHANGE_CORRELATION: HSE
EXX_RANGE_FOCK: 0.106000
EXX_RANGE_PBE: 0.106000
CALC_STRESS: 0
CALC_PRES: 0
CHEFSI_BOUND_FLAG: 0
MAXIT_SCF: 100
MINIT_SCF: 3
MAXIT_POISSON: 3000
TOL_SCF: 1.00E-06
POISSON_SOLVER: AAR
TOL_POISSON: 1.00E-08
TOL_LANCZOS: 1.00E-02
TOL_PSEUDOCHARGE: 1.00E-08
MIXING_VARIABLE: density
MIXING_PRECOND: kerker
MIXING_PRECOND_MAG: none
TOL_PRECOND: 3.57E-05
PRECOND_KERKER_KTF: 1
PRECOND_KERKER_THRESH: 0.1
MIXING_PARAMETER: 0.3
MIXING_PARAMETER_MAG: 0.3
MIXING_HISTORY: 7
PULAY_FREQUENCY: 1
PULAY_RESTART: 0
REFERENCE_CUTOFF: 0.5
RHO_TRIGGER: 4
FIX_RAND: 0
VERBOSITY: 1
PRINT_FORCES: 1
PRINT_ATOMS: 1
PRINT_EIGEN: 1
PRINT_DENSITY: 0
PRINT_ENERGY_DENSITY: 0
TOL_FOCK: 5.00E-05
TOL_SCF_INIT: 1.00E-03
MAXIT_FOCK: 20
EXX_METHOD: FOURIER_SPACE
EXX_DIVERGENCE: AUXILIARY
EXX_MEM: 1
ACE_FLAG: 1
EXX_ACE_VALENCE_STATES: 10000
EXX_DOWNSAMPLING: 1 1 1
OUTPUT_FILE: sprc-calc
***************************************************************************
                                Cell                                       
***************************************************************************
Lattice vectors (Bohr):
12.433882395048860 0.000000000000000 0.000000000000000 
-0.002197182041095 16.898676761575889 0.000000000000000 
0.000000000000000 -0.000000000000000 47.537850741221725 
Volume                  :  9.9884706279E+03 (Bohr^3)
***************************************************************************
                           Parallelization                                 
***************************************************************************
NP_SPIN_PARAL: 2
NP_KPOINT_PARAL: 10
NP_BAND_PARAL: 1
NP_DOMAIN_PARAL: 2 2 4
NP_DOMAIN_PHI_PARAL: 4 6 14
EIG_SERIAL_MAXNS: 1500
***************************************************************************
                             Initialization                                
***************************************************************************
Number of processors               :  336
Mesh spacing in x-direction        :  0.188392 (Bohr)
Mesh spacing in y-direction        :  0.189873 (Bohr)
Mesh spacing in z direction        :  0.188642 (Bohr)
Number of symmetry adapted k-points:  10
Output printed to                  :  sprc-calc.out_01
Final eigenvalues printed to       :  sprc-calc.eigen_01
Total number of atom types         :  4
Total number of atoms              :  61
Total number of electrons          :  442
Atom type 1  (valence electrons)   :  H 1
Pseudopotential                    :  H.psp8
Pseudocharge radii of atom type 1  :  3.77 3.80 3.77 (x, y, z dir)
Number of atoms of type 1          :  6
Atom type 2  (valence electrons)   :  N 5
Pseudopotential                    :  N.psp8
Pseudocharge radii of atom type 2  :  6.78 6.65 6.79 (x, y, z dir)
Number of atoms of type 2          :  2
Atom type 3  (valence electrons)   :  O 6
Pseudopotential                    :  O.psp8
Pseudocharge radii of atom type 3  :  6.78 6.84 6.79 (x, y, z dir)
Number of atoms of type 3          :  35
Atom type 4  (valence electrons)   :  Ti 12
Pseudopotential                    :  Ti.psp8
Pseudocharge radii of atom type 4  :  6.78 6.84 6.79 (x, y, z dir)
Number of atoms of type 4          :  18
Estimated total memory usage       :  748.45 GB
Estimated memory per processor     :  2.23 GB
========================================================================================
                    Self Consistent Field (SCF#1)                     
========================================================================================
Iteration     Free Energy (Ha/atom)    Magnetization     SCF Error        Timing (sec)
1            -2.6995038248E+01        -2.9934E+00        4.647E-01        535.949
2            -2.7283221308E+01         4.3521E+00        3.770E-01        132.268
3            -2.7247867187E+01        -9.5938E+00        3.236E-01        132.106
4            -2.7243666623E+01         4.1158E+00        2.673E-01        133.517
5            -2.7306122208E+01        -4.9518E-02        1.632E-01        132.593
6            -2.7309452589E+01         2.4609E+00        1.075E-01        135.212
7            -2.7307234871E+01        -1.2539E+00        8.251E-02        134.678
8            -2.7303872083E+01        -1.1735E+00        6.127E-02        152.692
9            -2.7295242976E+01        -7.0593E-01        6.246E-02        142.314
10           -2.7277171255E+01        -1.5130E+00        3.649E-02        161.666
11           -2.7250727450E+01        -6.1913E-01        4.003E-02        132.086
12           -2.7232351537E+01        -8.4710E-01        3.201E-02        132.343
13           -2.7203307384E+01        -8.3315E-01        2.784E-02        130.718
14           -2.7182465321E+01        -9.9824E-01        2.467E-02        131.720
15           -2.7155250022E+01        -1.2329E+00        1.972E-02        146.585
16           -2.7140064090E+01        -1.2739E+00        1.579E-02        135.158
17           -2.7115939670E+01        -1.4410E+00        1.386E-02        144.626
18           -2.7118018301E+01        -1.5624E+00        8.990E-03        154.927
19           -2.7108744501E+01        -1.5742E+00        6.789E-03        146.632
20           -2.7101770411E+01        -1.6479E+00        5.360E-03        164.181
21           -2.7098534289E+01        -1.5908E+00        5.215E-03        131.806
22           -2.7094470124E+01        -1.6540E+00        3.944E-03        133.323
23           -2.7089368497E+01        -1.6500E+00        3.395E-03        138.935
24           -2.7086312440E+01        -1.6595E+00        2.601E-03        133.197
25           -2.7083273675E+01        -1.6569E+00        2.057E-03        130.730
26           -2.7082385353E+01        -1.6509E+00        1.223E-03        132.323
27           -2.7082016826E+01        -1.6530E+00        8.918E-04        130.884
Total number of SCF: 27    

k = [-0.250, -0.250, 0.000]
Occupation of state 243 = 0.000000000000000.
Occupation of state 270 = 0.000000000000000.

No.1 Exx outer loop: 
1            -2.6891066802E+01        -1.9101E+00        1.674E-02        208.138
2            -2.6882916413E+01        -1.9826E+00        1.402E-02        200.503
3            -2.6884770186E+01        -1.9859E+00        1.062E-02        201.174
4            -2.6897440284E+01        -1.8426E+00        1.565E-02        200.487
5            -2.6892662861E+01        -1.9867E+00        5.116E-03        200.944
6            -2.6893713268E+01        -1.9917E+00        3.381E-03        200.862
7            -2.6892949819E+01        -1.9895E+00        3.657E-03        203.010
8            -2.6892599641E+01        -1.9936E+00        1.982E-03        200.931
9            -2.6893507062E+01        -1.9930E+00        1.570E-03        201.379
10           -2.6892917765E+01        -1.9935E+00        1.114E-03        214.885
11           -2.6892847827E+01        -1.9942E+00        8.454E-04        200.764
12           -2.6893045590E+01        -1.9943E+00        6.038E-04        200.972
13           -2.6893029865E+01        -1.9939E+00        3.705E-04        200.673
14           -2.6892786167E+01        -1.9937E+00        2.519E-04        201.075
15           -2.6892692617E+01        -1.9936E+00        1.278E-04        200.844
16           -2.6892609348E+01        -1.9935E+00        7.979E-05        205.193
17           -2.6892569505E+01        -1.9935E+00        6.340E-05        219.963
18           -2.6892550362E+01        -1.9935E+00        4.573E-05        201.084
19           -2.6892521080E+01        -1.9935E+00        2.882E-05        201.053
20           -2.6892498910E+01        -1.9935E+00        2.012E-05        200.507
21           -2.6892483045E+01        -1.9935E+00        1.136E-05        200.811
22           -2.6892481099E+01        -1.9935E+00        8.005E-06        200.562
23           -2.6892479945E+01        -1.9935E+00        5.008E-06        200.583
24           -2.6892478155E+01        -1.9935E+00        3.469E-06        200.543
25           -2.6892477692E+01        -1.9935E+00        2.820E-06        202.518
26           -2.6892476401E+01        -1.9935E+00        1.882E-06        200.376
27           -2.6892475593E+01        -1.9935E+00        1.530E-06        200.914
28           -2.6892475281E+01        -1.9935E+00        1.120E-06        203.491
29           -2.6892474651E+01        -1.9935E+00        1.279E-06        200.896
30           -2.6892474608E+01        -1.9935E+00        6.909E-07        220.456
Total number of SCF: 30    

k = [-0.250, -0.250, 0.000]
Occupation of state 243 = 0.000000000000000.
Occupation of state 270 = 0.000000000000000.
Exx outer loop error: 7.7179180472e-02 

No.2 Exx outer loop: 
1            -2.6892837527E+01        -1.9997E+00        3.409E-03        208.099
2            -2.6892137896E+01        -1.9990E+00        2.188E-03        200.311
3            -2.6893019333E+01        -1.9996E+00        2.457E-03        201.404
4            -2.6893500395E+01        -1.9995E+00        1.851E-03        202.992
5            -2.6893413119E+01        -1.9992E+00        5.903E-04        222.350
6            -2.6893197942E+01        -1.9990E+00        7.689E-04        210.713
7            -2.6893348552E+01        -1.9990E+00        7.177E-04        200.799
8            -2.6893293699E+01        -1.9991E+00        5.556E-04        205.815
9            -2.6893209655E+01        -1.9990E+00        4.174E-04        201.489
10           -2.6893174406E+01        -1.9990E+00        2.733E-04        220.357
11           -2.6893032913E+01        -1.9990E+00        1.844E-04        220.761
12           -2.6892921308E+01        -1.9989E+00        9.888E-05        228.303
13           -2.6892862682E+01        -1.9989E+00        7.513E-05        200.613
14           -2.6892836922E+01        -1.9989E+00        4.587E-05        201.456
15           -2.6892826730E+01        -1.9989E+00        3.607E-05        200.250
16           -2.6892822503E+01        -1.9989E+00        8.277E-05        200.156
17           -2.6892819454E+01        -1.9989E+00        5.972E-05        200.349
18           -2.6892808010E+01        -1.9989E+00        3.551E-05        200.782
19           -2.6892797032E+01        -1.9989E+00        4.756E-05        200.336
20           -2.6892788307E+01        -1.9989E+00        2.693E-05        200.896
21           -2.6892780779E+01        -1.9989E+00        1.873E-05        200.340
22           -2.6892779994E+01        -1.9989E+00        1.095E-05        202.384
23           -2.6892779370E+01        -1.9989E+00        9.852E-06        202.583
24           -2.6892778697E+01        -1.9989E+00        6.067E-06        200.432
25           -2.6892777005E+01        -1.9989E+00        3.791E-06        200.711
26           -2.6892774017E+01        -1.9989E+00        2.593E-06        200.824
27           -2.6892771472E+01        -1.9989E+00        2.711E-06        201.110
28           -2.6892771003E+01        -1.9989E+00        1.190E-06        200.963
29           -2.6892770441E+01        -1.9989E+00        1.021E-06        200.951
30           -2.6892770328E+01        -1.9989E+00        6.617E-07        200.713
Total number of SCF: 30    

k = [-0.250, -0.250, 0.000]
Occupation of state 243 = 0.000000000000000.
Occupation of state 270 = 0.000000000000000.
Exx outer loop error: 1.4503950192e-02 

No.3 Exx outer loop: 
1            -2.6717767807E+01        -1.9831E+00        5.747E-03        295.159
2            -2.6708337553E+01        -1.9845E+00        1.159E-02        234.267
3            -2.6705488049E+01        -1.9782E+00        1.586E-02        200.959
4            -2.6712634120E+01        -1.9838E+00        8.114E-03        200.839
5            -2.6717970369E+01        -1.9829E+00        3.838E-03        200.924
6            -2.6718085207E+01        -1.9874E+00        3.945E-03        200.952
7            -2.6720098672E+01        -1.9863E+00        2.567E-03        200.640
8            -2.6719963106E+01        -1.9830E+00        1.690E-03        202.351
9            -2.6721689222E+01        -1.9850E+00        1.026E-03        200.837
10           -2.6722152602E+01        -1.9842E+00        5.704E-04        200.575
11           -2.6722115518E+01        -1.9836E+00        3.064E-04        201.950
12           -2.6722083457E+01        -1.9840E+00        2.122E-04        200.983
13           -2.6722122578E+01        -1.9842E+00        1.293E-04        200.542
14           -2.6722104851E+01        -1.9842E+00        1.086E-04        200.467
15           -2.6722095376E+01        -1.9843E+00        7.402E-05        200.656
16           -2.6722067995E+01        -1.9843E+00        4.449E-05        200.643
17           -2.6722060297E+01        -1.9843E+00        3.568E-05        202.338
18           -2.6722042940E+01        -1.9843E+00        2.610E-05        200.757
19           -2.6722027675E+01        -1.9843E+00        1.972E-05        200.657
20           -2.6722009072E+01        -1.9843E+00        1.447E-05        201.199
21           -2.6722005484E+01        -1.9843E+00        1.381E-05        200.341
22           -2.6722006394E+01        -1.9843E+00        2.367E-05        200.191
23           -2.6722001252E+01        -1.9843E+00        7.036E-06        200.862
24           -2.6721996960E+01        -1.9844E+00        6.757E-06        200.537
25           -2.6721996640E+01        -1.9844E+00        4.269E-06        203.031
26           -2.6721993715E+01        -1.9844E+00        6.079E-06        202.500
27           -2.6721993514E+01        -1.9844E+00        1.001E-05        200.311
28           -2.6721993836E+01        -1.9844E+00        6.018E-06        200.519
29           -2.6721994725E+01        -1.9844E+00        2.887E-05        200.470
30           -2.6721993675E+01        -1.9844E+00        2.167E-05        200.871
31           -2.6721993614E+01        -1.9844E+00        1.977E-05        199.903
32           -2.6721993611E+01        -1.9844E+00        1.904E-05        200.178
33           -2.6721993715E+01        -1.9844E+00        2.213E-05        200.325
34           -2.6721992434E+01        -1.9844E+00        5.570E-06        200.208
35           -2.6721992137E+01        -1.9844E+00        3.802E-06        201.229
36           -2.6721991994E+01        -1.9844E+00        2.753E-06        200.895
37           -2.6721991846E+01        -1.9844E+00        4.272E-06        201.165
38           -2.6721991170E+01        -1.9844E+00        3.082E-06        200.836
39           -2.6721990636E+01        -1.9844E+00        2.769E-06        200.419
40           -2.6721990044E+01        -1.9844E+00        6.514E-06        200.287
41           -2.6721989769E+01        -1.9844E+00        2.800E-06        200.625
42           -2.6721989949E+01        -1.9844E+00        1.941E-06        200.603
43           -2.6721989942E+01        -1.9844E+00        3.843E-06        202.302
44           -2.6721989878E+01        -1.9844E+00        3.460E-06        215.018
45           -2.6721989788E+01        -1.9844E+00        3.769E-06        214.369
46           -2.6721989788E+01        -1.9844E+00        3.552E-06        213.656
47           -2.6721989859E+01        -1.9844E+00        3.174E-06        214.258
48           -2.6721989586E+01        -1.9844E+00        3.411E-06        216.596
49           -2.6721989496E+01        -1.9844E+00        3.074E-06        217.266
50           -2.6721989393E+01        -1.9844E+00        3.012E-06        213.500
51           -2.6721989390E+01        -1.9844E+00        2.815E-06        213.115
52           -2.6721989556E+01        -1.9844E+00        3.340E-06        215.090
53           -2.6721989618E+01        -1.9844E+00        4.071E-06        226.454
54           -2.6721989837E+01        -1.9844E+00        4.717E-06        215.580
55           -2.6721989833E+01        -1.9844E+00        5.228E-06        233.761
56           -2.6721989634E+01        -1.9844E+00        4.644E-06        214.203
57           -2.6721989612E+01        -1.9844E+00        4.361E-06        214.571
58           -2.6721989505E+01        -1.9844E+00        3.737E-06        214.279
59           -2.6721989526E+01        -1.9844E+00        3.692E-06        213.602
60           -2.6721989516E+01        -1.9844E+00        3.482E-06        214.319
61           -2.6721989337E+01        -1.9844E+00        4.318E-06        213.244
62           -2.6721989284E+01        -1.9844E+00        3.704E-06        213.785
63           -2.6721989317E+01        -1.9844E+00        4.960E-06        214.446
64           -2.6721989307E+01        -1.9844E+00        4.375E-06        213.988
65           -2.6721989275E+01        -1.9844E+00        4.080E-06        213.926
66           -2.6721989821E+01        -1.9844E+00        8.976E-07        213.161
Total number of SCF: 66    

k = [-0.250, -0.250, 0.000]
Occupation of state 243 = 0.000000000000000.
Occupation of state 270 = 0.000000000000000.
Exx outer loop error: 2.3618507857e-01 

No.4 Exx outer loop: 
1            -2.6721591918E+01        -1.9799E+00        6.562E-04        209.497
2            -2.6720814863E+01        -1.9794E+00        1.009E-03        201.487
3            -2.6720829902E+01        -1.9608E+00        2.538E-03        201.528
4            -2.6721022411E+01        -1.9552E+00        2.744E-03        201.502
5            -2.6721465083E+01        -1.9539E+00        2.691E-03        201.148
6            -2.6721354664E+01        -1.9643E+00        2.050E-03        201.443
7            -2.6721802009E+01        -1.9709E+00        1.294E-03        201.385
8            -2.6721827086E+01        -1.9806E+00        8.686E-04        201.558
9            -2.6721879125E+01        -1.9783E+00        2.455E-04        202.557
10           -2.6721936261E+01        -1.9782E+00        1.581E-04        201.152
11           -2.6721947933E+01        -1.9783E+00        8.591E-05        201.132
12           -2.6721948015E+01        -1.9784E+00        4.754E-05        201.239
13           -2.6721941545E+01        -1.9785E+00        2.368E-05        201.280
14           -2.6721938637E+01        -1.9786E+00        2.217E-05        201.416
15           -2.6721939613E+01        -1.9786E+00        1.739E-05        201.686
16           -2.6721937066E+01        -1.9786E+00        1.238E-05        201.262
17           -2.6721935430E+01        -1.9786E+00        9.496E-06        201.551
18           -2.6721934718E+01        -1.9786E+00        6.308E-06        203.653
19           -2.6721933251E+01        -1.9786E+00        4.568E-06        201.650
20           -2.6721931495E+01        -1.9785E+00        3.525E-06        200.876
21           -2.6721931160E+01        -1.9786E+00        2.825E-06        201.063
22           -2.6721929686E+01        -1.9786E+00        2.909E-06        201.226
23           -2.6721928455E+01        -1.9785E+00        2.087E-06        201.086
24           -2.6721927647E+01        -1.9785E+00        1.344E-06        200.997
25           -2.6721927181E+01        -1.9786E+00        7.235E-07        200.874
Total number of SCF: 25    

k = [-0.250, -0.250, 0.000]
Occupation of state 243 = 0.000000000000000.
Occupation of state 270 = 0.000000000000000.
Exx outer loop error: 4.4195038616e-03 

No.5 Exx outer loop: 
1            -2.6721903407E+01        -1.9751E+00        3.009E-04        208.634
2            -2.6721837652E+01        -1.9753E+00        1.742E-04        201.454
3            -2.6721953266E+01        -1.9748E+00        9.910E-05        200.651
4            -2.6721972220E+01        -1.9744E+00        5.552E-05        202.500
5            -2.6721946865E+01        -1.9745E+00        3.521E-05        201.377
6            -2.6721945124E+01        -1.9744E+00        2.754E-05        209.247
7            -2.6721939515E+01        -1.9745E+00        1.143E-05        217.214
8            -2.6721937584E+01        -1.9745E+00        1.264E-05        214.083
9            -2.6721936871E+01        -1.9745E+00        8.728E-06        201.188
10           -2.6721936199E+01        -1.9745E+00        5.041E-06        200.946
11           -2.6721933764E+01        -1.9744E+00        8.793E-06        212.124
12           -2.6721933048E+01        -1.9744E+00        7.539E-06        213.101
13           -2.6721933157E+01        -1.9745E+00        3.465E-06        209.511
14           -2.6721932384E+01        -1.9744E+00        9.681E-06        226.576
15           -2.6721932124E+01        -1.9744E+00        5.292E-06        201.467
16           -2.6721931154E+01        -1.9745E+00        3.195E-06        203.525
17           -2.6721931018E+01        -1.9745E+00        8.983E-07        201.752
Total number of SCF: 17    

k = [-0.250, -0.250, 0.000]
Occupation of state 243 = 0.000000000000000.
Occupation of state 270 = 0.000000000000000.
Exx outer loop error: 2.3980774058e-04 

No.6 Exx outer loop: 
1            -2.6721929082E+01        -1.9723E+00        1.900E-04        209.363
2            -2.6721923833E+01        -1.9723E+00        9.296E-05        201.568
3            -2.6721942397E+01        -1.9713E+00        1.789E-04        201.485
4            -2.6721943835E+01        -1.9719E+00        1.769E-05        201.299
5            -2.6721939822E+01        -1.9720E+00        1.800E-05        203.008
6            -2.6721937874E+01        -1.9718E+00        1.465E-05        202.618
7            -2.6721936845E+01        -1.9719E+00        6.993E-06        200.865
8            -2.6721936620E+01        -1.9719E+00        3.986E-06        201.503
9            -2.6721936217E+01        -1.9719E+00        2.586E-06        201.250
10           -2.6721935704E+01        -1.9719E+00        2.682E-06        201.102
11           -2.6721935086E+01        -1.9719E+00        2.134E-06        201.065
12           -2.6721933398E+01        -1.9719E+00        5.129E-06        201.460
13           -2.6721932502E+01        -1.9719E+00        1.152E-06        200.955
14           -2.6721931900E+01        -1.9719E+00        9.168E-07        200.907
Total number of SCF: 14    

k = [-0.250, -0.250, 0.000]
Occupation of state 243 = 0.000000000000000.
Occupation of state 270 = 0.000000000000000.
Exx outer loop error: 3.1274835566e-04 

No.7 Exx outer loop: 
1            -2.6721931949E+01        -1.9705E+00        1.240E-04        209.032
2            -2.6721931467E+01        -1.9706E+00        5.822E-05        201.666
3            -2.6721938510E+01        -1.9696E+00        1.244E-04        202.252
4            -2.6721932934E+01        -1.9702E+00        2.577E-05        201.453
5            -2.6721936580E+01        -1.9703E+00        1.065E-05        201.172
6            -2.6721937177E+01        -1.9702E+00        6.665E-06        202.535
7            -2.6721937197E+01        -1.9702E+00        4.722E-06        203.758
8            -2.6721935449E+01        -1.9702E+00        3.786E-06        201.431
9            -2.6721932742E+01        -1.9702E+00        2.269E-06        201.480
10           -2.6721931666E+01        -1.9702E+00        1.677E-06        201.595
11           -2.6721931353E+01        -1.9702E+00        1.915E-06        201.280
12           -2.6721931390E+01        -1.9702E+00        8.579E-07        200.895
Total number of SCF: 12    

k = [-0.250, -0.250, 0.000]
Occupation of state 243 = 0.000000000000000.
Occupation of state 270 = 0.000000000000000.
Exx outer loop error: 4.2966537177e-04 

No.8 Exx outer loop: 
1            -2.6721931866E+01        -1.9693E+00        8.259E-05        209.483
2            -2.6721932000E+01        -1.9693E+00        3.747E-05        201.835
3            -2.6721936063E+01        -1.9693E+00        3.443E-05        201.698
4            -2.6721943588E+01        -1.9693E+00        2.791E-05        201.353
5            -2.6721944669E+01        -1.9693E+00        2.618E-05        201.268
6            -2.6721942403E+01        -1.9692E+00        1.525E-05        201.579
7            -2.6721936944E+01        -1.9692E+00        2.055E-05        201.557
8            -2.6721932290E+01        -1.9691E+00        5.714E-06        201.637
9            -2.6721930769E+01        -1.9691E+00        3.044E-06        201.793
10           -2.6721930973E+01        -1.9691E+00        1.764E-06        205.100
11           -2.6721931336E+01        -1.9691E+00        2.458E-06        214.804
12           -2.6721931540E+01        -1.9691E+00        8.114E-07        204.604
Total number of SCF: 12    

k = [-0.250, -0.250, 0.000]
Occupation of state 243 = 0.000000000000000.
Occupation of state 270 = 0.000000000000000.
Exx outer loop error: 2.5715410989e-04 

No.9 Exx outer loop: 
1            -2.6721932018E+01        -1.9685E+00        5.767E-05        208.952
2            -2.6721931911E+01        -1.9686E+00        2.642E-05        201.636
3            -2.6721932959E+01        -1.9685E+00        1.155E-05        202.689
4            -2.6721932951E+01        -1.9684E+00        7.366E-06        201.514
5            -2.6721933440E+01        -1.9684E+00        3.223E-06        200.944
6            -2.6721933521E+01        -1.9684E+00        1.919E-06        200.703
7            -2.6721932971E+01        -1.9684E+00        1.274E-06        200.794
8            -2.6721932697E+01        -1.9684E+00        1.364E-06        201.407
9            -2.6721932132E+01        -1.9684E+00        9.454E-07        200.850
Total number of SCF: 9     

k = [-0.250, -0.250, 0.000]
Occupation of state 243 = 0.000000000000000.
Occupation of state 270 = 0.000000000000000.
Exx outer loop error: 2.0481749158e-04 

No.10 Exx outer loop: 
1            -2.6721932992E+01        -1.9680E+00        4.258E-05        210.248
2            -2.6721932318E+01        -1.9682E+00        2.387E-05        201.509
3            -2.6721932522E+01        -1.9680E+00        2.612E-06        213.251
4            -2.6721932171E+01        -1.9680E+00        1.649E-06        201.071
5            -2.6721931832E+01        -1.9680E+00        1.191E-06        201.418
6            -2.6721931669E+01        -1.9680E+00        9.023E-07        201.483
Total number of SCF: 6     

k = [-0.250, -0.250, 0.000]
Occupation of state 243 = 0.000000000000000.
Occupation of state 270 = 0.000000000000000.
Exx outer loop error: 1.3255243962e-04 

No.11 Exx outer loop: 
1            -2.6721932003E+01        -1.9678E+00        2.502E-05        225.059
2            -2.6721931697E+01        -1.9678E+00        1.269E-05        217.849
3            -2.6721932497E+01        -1.9677E+00        6.274E-06        218.829
4            -2.6721932807E+01        -1.9677E+00        2.508E-06        201.912
5            -2.6721932860E+01        -1.9677E+00        1.233E-06        216.004
6            -2.6721932472E+01        -1.9678E+00        1.662E-06        213.027
7            -2.6721932415E+01        -1.9677E+00        7.482E-07        201.986
Total number of SCF: 7     

k = [-0.250, -0.250, 0.000]
Occupation of state 243 = 0.000000000000000.
Occupation of state 270 = 0.000000000000000.
Exx outer loop error: 2.4384651236e-04 

No.12 Exx outer loop: 
1            -2.6721933407E+01        -1.9676E+00        1.607E-05        209.070
2            -2.6721932386E+01        -1.9676E+00        1.220E-05        200.919
3            -2.6721932372E+01        -1.9676E+00        1.575E-06        200.776
4            -2.6721932233E+01        -1.9676E+00        1.015E-06        201.765
5            -2.6721932009E+01        -1.9676E+00        6.585E-07        201.746
Total number of SCF: 5     

k = [-0.250, -0.250, 0.000]
Occupation of state 243 = 0.000000000000000.
Occupation of state 270 = 0.000000000000000.
Exx outer loop error: 1.3040874290e-04 

No.13 Exx outer loop: 
1            -2.6721932374E+01        -1.9675E+00        1.253E-05        207.176
2            -2.6721931976E+01        -1.9675E+00        6.002E-06        200.911
3            -2.6721932472E+01        -1.9675E+00        2.035E-06        200.531
4            -2.6721932572E+01        -1.9675E+00        1.166E-06        200.209
5            -2.6721932372E+01        -1.9675E+00        9.803E-07        199.739
Total number of SCF: 5     

k = [-0.250, -0.250, 0.000]
Occupation of state 243 = 0.000000000000000.
Occupation of state 270 = 0.000000000000000.
Exx outer loop error: 8.5412954506e-05 

No.14 Exx outer loop: 
1            -2.6721933126E+01        -1.9675E+00        1.646E-05        207.371
2            -2.6721932271E+01        -1.9673E+00        2.654E-05        200.593
3            -2.6721932553E+01        -1.9673E+00        1.087E-05        200.363
4            -2.6721932419E+01        -1.9674E+00        5.298E-06        200.500
5            -2.6721932080E+01        -1.9674E+00        2.680E-06        200.951
6            -2.6721931673E+01        -1.9674E+00        7.090E-07        200.330
Total number of SCF: 6     

k = [-0.250, -0.250, 0.000]
Occupation of state 243 = 0.000000000000000.
Occupation of state 270 = 0.000000000000000.
Exx outer loop error: 2.5152958397e-04 

No.15 Exx outer loop: 
1            -2.6721931906E+01        -1.9673E+00        9.401E-06        207.888
2            -2.6721931621E+01        -1.9674E+00        9.062E-06        200.484
3            -2.6721931735E+01        -1.9674E+00        6.425E-06        201.084
4            -2.6721931916E+01        -1.9674E+00        2.624E-06        200.295
5            -2.6721931830E+01        -1.9674E+00        1.113E-06        201.615
6            -2.6721931612E+01        -1.9674E+00        7.193E-07        209.861
Total number of SCF: 6     

k = [-0.250, -0.250, 0.000]
Occupation of state 243 = 0.000000000000000.
Occupation of state 270 = 0.000000000000000.
Exx outer loop error: 6.9201267970e-05 

No.16 Exx outer loop: 
1            -2.6721931907E+01        -1.9672E+00        2.325E-05        240.330
2            -2.6721931665E+01        -1.9675E+00        3.164E-05        293.887
3            -2.6721931685E+01        -1.9674E+00        1.085E-05        256.342
4            -2.6721931622E+01        -1.9674E+00        2.799E-06        248.522
5            -2.6721931471E+01        -1.9673E+00        1.162E-06        200.463
6            -2.6721931382E+01        -1.9673E+00        1.124E-06        200.531
7            -2.6721931257E+01        -1.9673E+00        1.418E-06        200.660
8            -2.6721931247E+01        -1.9673E+00        4.647E-07        200.213
Total number of SCF: 8     

k = [-0.250, -0.250, 0.000]
Occupation of state 243 = 0.000000000000000.
Occupation of state 270 = 0.000000000000000.
Exx outer loop error: 1.5441433505e-04 

No.17 Exx outer loop: 
1            -2.6721931214E+01        -1.9673E+00        7.027E-06        209.901
2            -2.6721931224E+01        -1.9674E+00        5.873E-06        200.608
3            -2.6721931258E+01        -1.9673E+00        1.392E-06        200.216
4            -2.6721931218E+01        -1.9673E+00        1.123E-06        200.459
5            -2.6721931203E+01        -1.9673E+00        5.283E-07        200.549
Total number of SCF: 5     

k = [-0.250, -0.250, 0.000]
Occupation of state 243 = 0.000000000000000.
Occupation of state 270 = 0.000000000000000.
Exx outer loop error: 5.5777527755e-05 

No.18 Exx outer loop: 
1            -2.6721931187E+01        -1.9673E+00        1.790E-06        209.641
2            -2.6721931177E+01        -1.9673E+00        3.402E-06        200.285
3            -2.6721931288E+01        -1.9673E+00        1.895E-06        200.262
4            -2.6721931288E+01        -1.9673E+00        1.022E-06        200.176
5            -2.6721931276E+01        -1.9673E+00        5.859E-07        199.884
Total number of SCF: 5     

k = [-0.250, -0.250, 0.000]
Occupation of state 243 = 0.000000000000000.
Occupation of state 270 = 0.000000000000000.
Exx outer loop error: 6.9848032419e-06 
====================================================================
                    Energy and force calculation                    
====================================================================
Free energy per atom               : -2.6721931202E+01 (Ha/atom)
Total free energy                  : -1.6300378033E+03 (Ha)
Band structure energy              : -3.9638767495E+02 (Ha)
Exchange correlation energy        : -2.8106238378E+02 (Ha)
Self and correction energy         : -2.1657628459E+03 (Ha)
Entropy*kb*T                       : -2.9543413997E-03 (Ha)
Fermi level                        : -1.3334096892E-01 (Ha)
RMS force                          :  2.3781990748E-02 (Ha/Bohr)
Maximum force                      :  1.0083587498E-01 (Ha/Bohr)
Time for force calculation         :  3.052 (sec)
***************************************************************************
                               Timing info                                 
***************************************************************************
Total walltime                     :  356067.854 sec
___________________________________________________________________________

***************************************************************************
*             Material Physics & Mechanics Group, Georgia Tech            *
*                       PI: Phanish Suryanarayana                         *
*                Main Developers: Qimen Xu, Abhiraj Sharma                *
*     Collaborators: J.E. Pask (LLNL), A.J. Medford (GT), E. Chow (GT)    *
*  Acknowledgements: U.S. DOE (DE-SC0019410); U.S. NSF (1333500,1553212)  *
***************************************************************************
                                                                           
