***************************************************************************
*                       SPARC (version Dec 27, 2021)                      *
*   Copyright (c) 2020 Material Physics & Mechanics Group, Georgia Tech   *
*           Distributed under GNU General Public License 3 (GPL)          *
*                   Start time: Sun Jan 16 10:32:33 2022                  *
***************************************************************************
                           Input parameters                                
***************************************************************************
CELL: 12.4338823950489 16.8986769044157 47.5378507412217 
LATVEC:
1.000000000000000 0.000000000000000 0.000000000000000 
-0.000130020950961 0.999999991547276 0.000000000000000 
0.000000000000000 -0.000000000000000 1.000000000000000 
FD_GRID: 66 89 252
FD_ORDER: 12
BC: P P D
KPOINT_GRID: 2 2 1
KPOINT_SHIFT: 0 0 0
SPIN_TYP: 1
ELEC_TEMP_TYPE: Gaussian
SMEARING: 0.007349864435
CHEB_DEGREE: 37
NSTATES: 269
EXCHANGE_CORRELATION: HSE
CALC_STRESS: 0
CALC_PRES: 0
CHEFSI_BOUND_FLAG: 0
MAXIT_SCF: 100
MINIT_SCF: 3
MAXIT_POISSON: 3000
TOL_SCF: 1.00E-06
POISSON_SOLVER: AAR
TOL_POISSON: 1.00E-08
TOL_LANCZOS: 1.00E-02
TOL_PSEUDOCHARGE: 1.00E-08
MIXING_VARIABLE: density
MIXING_PRECOND: kerker
MIXING_PRECOND_MAG: none
TOL_PRECOND: 3.57E-05
PRECOND_KERKER_KTF: 1
PRECOND_KERKER_THRESH: 0.1
MIXING_PARAMETER: 0.3
MIXING_PARAMETER_MAG: 0.3
MIXING_HISTORY: 7
PULAY_FREQUENCY: 1
PULAY_RESTART: 0
REFERENCE_CUTOFF: 0.5
RHO_TRIGGER: 4
FIX_RAND: 0
VERBOSITY: 1
PRINT_FORCES: 1
PRINT_ATOMS: 1
PRINT_EIGEN: 1
PRINT_DENSITY: 0
PRINT_ENERGY_DENSITY: 0
TOL_FOCK: 5.00E-05
TOL_SCF_INIT: 1.00E-04
MAXIT_FOCK: 1000
EXX_METHOD: FOURIER_SPACE
EXX_DIVERGENCE: AUXILIARY
ACE_FLAG: 1
EXX_ACE_MEM: 1
EXX_ACE_VALENCE_STATES: 10000
EXX_DOWNSAMPLING: 1 1 1
EXX_RANGE_FOCK: 0.106000
EXX_RANGE_PBE: 0.106000
OUTPUT_FILE: sprc-calc
***************************************************************************
                                Cell                                       
***************************************************************************
Lattice vectors (Bohr):
12.433882395048860 0.000000000000000 0.000000000000000 
-0.002197182041095 16.898676761575889 0.000000000000000 
0.000000000000000 -0.000000000000000 47.537850741221725 
Volume                  :  9.9884706279E+03 (Bohr^3)
***************************************************************************
                           Parallelization                                 
***************************************************************************
NP_SPIN_PARAL: 2
NP_KPOINT_PARAL: 4
NP_BAND_PARAL: 1
NP_DOMAIN_PARAL: 2 3 7
NP_DOMAIN_PHI_PARAL: 4 6 14
EIG_SERIAL_MAXNS: 1500
***************************************************************************
                             Initialization                                
***************************************************************************
Number of processors               :  336
Mesh spacing in x-direction        :  0.188392 (Bohr)
Mesh spacing in y-direction        :  0.189873 (Bohr)
Mesh spacing in z direction        :  0.188642 (Bohr)
Number of symmetry adapted k-points:  4
Output printed to                  :  sprc-calc.out
Final eigenvalues printed to       :  sprc-calc.eigen
Total number of atom types         :  4
Total number of atoms              :  59
Total number of electrons          :  440
Atom type 1  (valence electrons)   :  H 1
Pseudopotential                    :  H.psp8
Pseudocharge radii of atom type 1  :  3.77 3.80 3.77 (x, y, z dir)
Number of atoms of type 1          :  4
Atom type 2  (valence electrons)   :  N 5
Pseudopotential                    :  N.psp8
Pseudocharge radii of atom type 2  :  6.78 6.65 6.79 (x, y, z dir)
Number of atoms of type 2          :  2
Atom type 3  (valence electrons)   :  O 6
Pseudopotential                    :  O.psp8
Pseudocharge radii of atom type 3  :  6.78 6.84 6.79 (x, y, z dir)
Number of atoms of type 3          :  35
Atom type 4  (valence electrons)   :  Ti 12
Pseudopotential                    :  Ti.psp8
Pseudocharge radii of atom type 4  :  6.78 6.84 6.79 (x, y, z dir)
Number of atoms of type 4          :  18
Estimated total memory usage       :  316.88 GB
Estimated memory per processor     :  965.74 MB
========================================================================================
                    Self Consistent Field (SCF#1)                     
========================================================================================
Iteration     Free Energy (Ha/atom)    Magnetization     SCF Error        Timing (sec)
1            -2.7875168655E+01         2.2024E+00        4.762E-01        203.954
2            -2.7954975107E+01        -2.7131E+00        3.418E-01        51.544
3            -2.8014479040E+01         6.1722E-01        2.792E-01        51.500
4            -2.8038782814E+01         6.8292E+00        2.016E-01        51.453
5            -2.8008205198E+01        -1.6837E-07        1.281E-01        51.741
6            -2.7997622598E+01         1.7353E+00        7.274E-02        51.703
7            -2.8001543235E+01         1.6938E-01        5.272E-02        51.256
8            -2.8000307519E+01         6.4037E-01        3.533E-02        51.190
9            -2.8000259529E+01         2.2383E-02        2.650E-02        51.721
10           -2.8000506306E+01         1.2956E-01        1.990E-02        51.217
11           -2.7997916910E+01         1.5941E-02        1.130E-02        52.237
12           -2.7993636521E+01         1.1496E-03        7.492E-03        62.623
13           -2.7989917653E+01         2.2070E-04        5.129E-03        54.074
14           -2.7987030950E+01         1.0534E-04        3.902E-03        53.280
15           -2.7984618624E+01         6.2927E-05        2.920E-03        52.933
16           -2.7982629625E+01         7.4043E-06        2.202E-03        51.921
17           -2.7981399768E+01        -3.8303E-06        1.706E-03        51.982
18           -2.7980179277E+01        -1.9459E-06        1.285E-03        51.840
19           -2.7979517258E+01        -4.5973E-08        8.816E-04        63.688
20           -2.7978980202E+01        -5.6406E-08        6.238E-04        70.038
21           -2.7978637550E+01        -1.9420E-07        4.645E-04        51.179
22           -2.7978275929E+01        -3.1924E-07        3.326E-04        51.693
23           -2.7978018197E+01        -2.9515E-07        2.123E-04        51.652
24           -2.7977907924E+01        -1.4156E-07        1.424E-04        51.094
25           -2.7977836252E+01        -4.4795E-08        9.955E-05        50.486
Total number of SCF: 25    

k = [0.000, 0.000, 0.000]
Occupation of state 242 = 0.000000000000000.
Occupation of state 269 = 0.000000000000000.

No.1 Exx outer loop: 
1            -2.7781223138E+01        -4.2368E-10        1.498E-02        82.414
2            -2.7772793863E+01         1.5433E-09        1.345E-02        79.587
3            -2.7776720517E+01         8.2170E-10        8.953E-03        79.354
4            -2.7788762836E+01        -5.9891E-04        1.444E-02        79.245
5            -2.7786389812E+01        -6.6280E-05        7.667E-03        79.081
6            -2.7785117191E+01        -3.5789E-09        4.163E-03        82.169
7            -2.7784384400E+01         3.0128E-09        2.481E-03        81.095
8            -2.7785926298E+01         7.0238E-09        1.868E-03        79.091
9            -2.7784657125E+01         4.8216E-09        1.136E-03        78.896
10           -2.7784068150E+01         2.8342E-09        7.993E-04        79.067
11           -2.7783767352E+01         7.7293E-10        5.954E-04        78.950
12           -2.7783602007E+01         4.3107E-10        4.610E-04        79.696
13           -2.7783301940E+01         2.8194E-10        2.440E-04        79.370
14           -2.7783121440E+01         2.4664E-10        1.346E-04        78.777
15           -2.7783042299E+01         3.1665E-10        9.657E-05        78.824
16           -2.7782983680E+01         4.1976E-10        6.697E-05        85.555
17           -2.7782948787E+01         4.7945E-10        4.620E-05        79.007
18           -2.7782914751E+01         4.6998E-10        3.522E-05        80.129
19           -2.7782899611E+01         4.5645E-10        2.572E-05        78.730
20           -2.7782885982E+01         4.4963E-10        1.568E-05        78.867
21           -2.7782888437E+01         4.4992E-10        1.263E-05        78.917
22           -2.7782886498E+01         4.4903E-10        1.028E-05        78.770
23           -2.7782884477E+01         4.4918E-10        8.290E-06        78.551
24           -2.7782883422E+01         4.4918E-10        6.174E-06        79.547
25           -2.7782882387E+01         4.4832E-10        7.414E-06        78.877
26           -2.7782881322E+01         4.4733E-10        4.070E-06        78.584
27           -2.7782880974E+01         4.4699E-10        3.313E-06        78.742
28           -2.7782879977E+01         4.4713E-10        2.524E-06        81.685
29           -2.7782879129E+01         4.4827E-10        1.744E-06        82.071
30           -2.7782879195E+01         4.4906E-10        1.279E-06        79.316
31           -2.7782878839E+01         4.4915E-10        1.054E-06        78.556
32           -2.7782878835E+01         4.4906E-10        7.782E-07        78.559
Total number of SCF: 32    

k = [0.000, 0.000, 0.000]
Occupation of state 242 = 0.000000000000000.
Occupation of state 269 = 0.000000000000000.
Exx outer loop error: 6.0150035918e-01 

No.2 Exx outer loop: 
1            -2.7783117764E+01         1.3874E-09        1.571E-03        86.486
2            -2.7782422573E+01         1.5552E-09        1.556E-03        80.157
3            -2.7783359790E+01         2.7249E-09        1.868E-03        79.660
4            -2.7782863083E+01         1.9614E-09        1.029E-03        79.557
5            -2.7783393926E+01         2.1531E-09        5.446E-04        98.549
6            -2.7783644077E+01         1.8915E-09        3.934E-04        87.617
7            -2.7783759266E+01         1.6918E-09        2.832E-04        81.477
8            -2.7783428544E+01         1.2074E-09        1.872E-04        80.197
9            -2.7783338123E+01         1.0809E-09        1.185E-04        87.100
10           -2.7783280803E+01         1.0603E-09        9.787E-05        89.488
11           -2.7783204681E+01         1.0784E-09        6.590E-05        107.420
12           -2.7783165741E+01         1.0765E-09        5.152E-05        86.582
13           -2.7783139035E+01         1.0675E-09        3.113E-05        97.012
14           -2.7783139679E+01         1.0711E-09        2.540E-05        99.600
15           -2.7783124753E+01         1.0675E-09        1.569E-05        110.093
16           -2.7783117974E+01         1.0682E-09        1.104E-05        99.206
17           -2.7783118046E+01         1.0718E-09        8.624E-06        79.222
18           -2.7783121824E+01         1.0760E-09        4.690E-06        78.829
19           -2.7783123579E+01         1.0741E-09        5.013E-06        107.625
20           -2.7783124103E+01         1.0733E-09        3.368E-06        81.465
21           -2.7783124363E+01         1.0723E-09        3.941E-06        80.801
22           -2.7783124399E+01         1.0708E-09        2.239E-06        78.945
23           -2.7783123740E+01         1.0706E-09        1.543E-06        78.894
24           -2.7783123293E+01         1.0709E-09        1.068E-06        108.634
25           -2.7783123281E+01         1.0714E-09        8.423E-07        78.760
Total number of SCF: 25    

k = [0.000, 0.000, 0.000]
Occupation of state 242 = 0.000000000000000.
Occupation of state 269 = 0.000000000000000.
Exx outer loop error: 1.1683441042e-02 

No.3 Exx outer loop: 
1            -2.7783146822E+01         7.2899E-10        2.223E-04        107.838
2            -2.7783079075E+01         7.3462E-10        2.948E-04        80.873
3            -2.7783190515E+01         7.1486E-10        3.105E-04        79.884
4            -2.7783203374E+01         7.3538E-10        3.194E-04        78.943
5            -2.7783121581E+01         6.6018E-10        3.130E-04        78.967
6            -2.7783267117E+01         6.2772E-10        3.626E-04        79.013
7            -2.7783304731E+01         6.7104E-10        4.449E-04        79.571
8            -2.7783165215E+01         7.3484E-10        2.682E-04        79.246
9            -2.7783136211E+01         7.5281E-10        2.607E-04        79.508
10           -2.7783211672E+01         6.6944E-10        1.738E-04        79.097
11           -2.7783198835E+01         5.6167E-10        8.045E-05        78.811
12           -2.7783199983E+01         5.6406E-10        5.618E-05        78.817
13           -2.7783200564E+01         5.5840E-10        4.187E-05        78.899
14           -2.7783190915E+01         5.5465E-10        2.962E-05        79.273
15           -2.7783172125E+01         5.5118E-10        2.135E-05        79.421
16           -2.7783151964E+01         5.3842E-10        1.382E-05        78.978
17           -2.7783145489E+01         5.2759E-10        1.066E-05        78.775
18           -2.7783140542E+01         5.2205E-10        7.038E-06        79.301
19           -2.7783140113E+01         5.2214E-10        6.102E-06        89.864
20           -2.7783135986E+01         5.2248E-10        4.719E-06        82.471
21           -2.7783132911E+01         5.2373E-10        3.075E-06        79.116
22           -2.7783131472E+01         5.2350E-10        1.837E-06        90.098
23           -2.7783130718E+01         5.2327E-10        1.307E-06        80.803
24           -2.7783129908E+01         5.2299E-10        8.577E-07        105.732
Total number of SCF: 24    

k = [0.000, 0.000, 0.000]
Occupation of state 242 = 0.000000000000000.
Occupation of state 269 = 0.000000000000000.
Exx outer loop error: 1.3916716960e-03 

No.4 Exx outer loop: 
1            -2.7783134990E+01         2.8217E-10        4.097E-05        81.750
2            -2.7783127673E+01         2.7589E-10        7.220E-05        78.788
3            -2.7783152688E+01         2.8962E-10        9.668E-05        78.823
4            -2.7783149101E+01         2.6901E-10        7.738E-05        79.370
5            -2.7783132742E+01         2.3911E-10        4.635E-05        78.624
6            -2.7783126364E+01         2.2041E-10        2.739E-05        78.789
7            -2.7783124747E+01         2.1018E-10        1.771E-05        78.766
8            -2.7783122819E+01         2.0378E-10        1.219E-05        78.849
9            -2.7783121097E+01         2.0077E-10        8.698E-06        78.927
10           -2.7783122256E+01         1.9512E-10        5.861E-06        78.671
11           -2.7783126266E+01         1.9486E-10        3.562E-06        78.700
12           -2.7783130055E+01         1.9566E-10        1.936E-06        78.665
13           -2.7783130705E+01         1.9534E-10        1.521E-06        78.904
14           -2.7783130904E+01         1.9500E-10        1.208E-06        89.075
15           -2.7783130675E+01         1.9463E-10        9.630E-07        81.765
Total number of SCF: 15    

k = [0.000, 0.000, 0.000]
Occupation of state 242 = 0.000000000000000.
Occupation of state 269 = 0.000000000000000.
Exx outer loop error: 4.2575890835e-04 

No.5 Exx outer loop: 
1            -2.7783132619E+01         9.3706E-11        1.130E-05        81.638
2            -2.7783131216E+01         9.0523E-11        2.239E-05        78.555
3            -2.7783132601E+01         8.4924E-11        2.083E-05        79.413
4            -2.7783131108E+01         9.0182E-11        2.474E-05        78.793
5            -2.7783133787E+01         7.8586E-11        1.558E-05        78.830
6            -2.7783137316E+01         7.4635E-11        1.155E-05        78.699
7            -2.7783137375E+01         7.4692E-11        1.193E-05        78.831
8            -2.7783137786E+01         7.5318E-11        1.217E-05        81.353
9            -2.7783137589E+01         7.4607E-11        1.156E-05        80.070
10           -2.7783138574E+01         6.3750E-11        5.303E-06        78.781
11           -2.7783137034E+01         6.2954E-11        3.952E-06        78.822
12           -2.7783133928E+01         6.2130E-11        2.674E-06        78.715
13           -2.7783132836E+01         6.0794E-11        1.705E-06        79.392
14           -2.7783131818E+01         6.0453E-11        1.059E-06        78.958
15           -2.7783130911E+01         6.0879E-11        8.179E-07        78.942
Total number of SCF: 15    

k = [0.000, 0.000, 0.000]
Occupation of state 242 = 0.000000000000000.
Occupation of state 269 = 0.000000000000000.
Exx outer loop error: 9.3790376919e-05 

No.6 Exx outer loop: 
1            -2.7783131633E+01         2.4329E-11        5.521E-06        81.685
2            -2.7783131278E+01         2.2965E-11        8.931E-06        79.904
3            -2.7783131806E+01         1.6712E-11        4.955E-06        78.630
4            -2.7783130540E+01         1.1283E-11        1.814E-06        78.835
5            -2.7783130540E+01         1.2648E-11        1.225E-06        78.653
6            -2.7783129467E+01         1.2278E-11        7.818E-07        78.747
Total number of SCF: 6     

k = [0.000, 0.000, 0.000]
Occupation of state 242 = 0.000000000000000.
Occupation of state 269 = 0.000000000000000.
Exx outer loop error: 4.4362683880e-04 

No.7 Exx outer loop: 
1            -2.7783129034E+01         5.9686E-13        1.788E-06        81.859
2            -2.7783129572E+01        -5.6843E-14        3.920E-06        78.899
3            -2.7783129272E+01        -8.5265E-13        3.449E-06        96.405
4            -2.7783129270E+01        -9.9476E-13        3.338E-06        79.092
5            -2.7783129622E+01        -8.5265E-13        3.896E-06        87.101
6            -2.7783128512E+01        -7.6739E-13        3.203E-06        80.582
7            -2.7783128484E+01        -5.6843E-13        3.199E-06        79.588
8            -2.7783128559E+01        -6.5370E-13        3.119E-06        83.703
9            -2.7783128881E+01        -5.6843E-14        4.061E-06        86.630
10           -2.7783129203E+01        -3.1548E-12        1.831E-06        101.695
11           -2.7783129803E+01        -2.5580E-12        1.323E-06        83.968
12           -2.7783130088E+01        -2.2737E-12        1.003E-06        98.859
13           -2.7783130028E+01        -2.3874E-12        4.693E-07        86.423
Total number of SCF: 13    

k = [0.000, 0.000, 0.000]
Occupation of state 242 = 0.000000000000000.
Occupation of state 269 = 0.000000000000000.
Exx outer loop error: 3.7686141142e-05 
====================================================================
                    Energy and force calculation                    
====================================================================
Free energy per atom               : -2.7783129265E+01 (Ha/atom)
Total free energy                  : -1.6392046266E+03 (Ha)
Band structure energy              : -4.2052956653E+02 (Ha)
Exchange correlation energy        : -2.9162907761E+02 (Ha)
Self and correction energy         : -2.1628566112E+03 (Ha)
Entropy*kb*T                       : -4.1561865549E-09 (Ha)
Fermi level                        : -2.0068165746E-01 (Ha)
RMS force                          :  2.4494683738E-02 (Ha/Bohr)
Maximum force                      :  9.5762488992E-02 (Ha/Bohr)
Time for force calculation         :  1.371 (sec)
***************************************************************************
                               Timing info                                 
***************************************************************************
Total walltime                     :  23288.852 sec
___________________________________________________________________________

***************************************************************************
*             Material Physics & Mechanics Group, Georgia Tech            *
*                       PI: Phanish Suryanarayana                         *
*                Main Developers: Qimen Xu, Abhiraj Sharma                *
*     Collaborators: J.E. Pask (LLNL), A.J. Medford (GT), E. Chow (GT)    *
*  Acknowledgements: U.S. DOE (DE-SC0019410); U.S. NSF (1333500,1553212)  *
***************************************************************************
                                                                           
