***************************************************************************
*                       SPARC (version Dec 27, 2021)                      *
*   Copyright (c) 2020 Material Physics & Mechanics Group, Georgia Tech   *
*           Distributed under GNU General Public License 3 (GPL)          *
*                   Start time: Sun Jan 16 04:09:54 2022                  *
***************************************************************************
                           Input parameters                                
***************************************************************************
CELL: 12.4338823950489 16.8986769044157 47.5378507412217 
LATVEC:
1.000000000000000 0.000000000000000 0.000000000000000 
-0.000130020950961 0.999999991547276 0.000000000000000 
0.000000000000000 -0.000000000000000 1.000000000000000 
FD_GRID: 66 89 252
FD_ORDER: 12
BC: P P D
KPOINT_GRID: 2 2 1
KPOINT_SHIFT: 0 0 0
SPIN_TYP: 1
ELEC_TEMP_TYPE: Gaussian
SMEARING: 0.007349864435
CHEB_DEGREE: 37
NSTATES: 265
EXCHANGE_CORRELATION: HSE
CALC_STRESS: 0
CALC_PRES: 0
CHEFSI_BOUND_FLAG: 0
MAXIT_SCF: 100
MINIT_SCF: 3
MAXIT_POISSON: 3000
TOL_SCF: 1.00E-06
POISSON_SOLVER: AAR
TOL_POISSON: 1.00E-08
TOL_LANCZOS: 1.00E-02
TOL_PSEUDOCHARGE: 1.00E-08
MIXING_VARIABLE: density
MIXING_PRECOND: kerker
MIXING_PRECOND_MAG: none
TOL_PRECOND: 3.57E-05
PRECOND_KERKER_KTF: 1
PRECOND_KERKER_THRESH: 0.1
MIXING_PARAMETER: 0.3
MIXING_PARAMETER_MAG: 0.3
MIXING_HISTORY: 7
PULAY_FREQUENCY: 1
PULAY_RESTART: 0
REFERENCE_CUTOFF: 0.5
RHO_TRIGGER: 4
FIX_RAND: 0
VERBOSITY: 1
PRINT_FORCES: 1
PRINT_ATOMS: 1
PRINT_EIGEN: 1
PRINT_DENSITY: 0
PRINT_ENERGY_DENSITY: 0
TOL_FOCK: 5.00E-05
TOL_SCF_INIT: 1.00E-04
MAXIT_FOCK: 1000
EXX_METHOD: FOURIER_SPACE
EXX_DIVERGENCE: AUXILIARY
ACE_FLAG: 1
EXX_ACE_MEM: 1
EXX_ACE_VALENCE_STATES: 10000
EXX_DOWNSAMPLING: 1 1 1
EXX_RANGE_FOCK: 0.106000
EXX_RANGE_PBE: 0.106000
OUTPUT_FILE: sprc-calc
***************************************************************************
                                Cell                                       
***************************************************************************
Lattice vectors (Bohr):
12.433882395048860 0.000000000000000 0.000000000000000 
-0.002197182041095 16.898676761575889 0.000000000000000 
0.000000000000000 -0.000000000000000 47.537850741221725 
Volume                  :  9.9884706279E+03 (Bohr^3)
***************************************************************************
                           Parallelization                                 
***************************************************************************
NP_SPIN_PARAL: 2
NP_KPOINT_PARAL: 4
NP_BAND_PARAL: 1
NP_DOMAIN_PARAL: 2 3 7
NP_DOMAIN_PHI_PARAL: 4 6 14
EIG_SERIAL_MAXNS: 1500
***************************************************************************
                             Initialization                                
***************************************************************************
Number of processors               :  336
Mesh spacing in x-direction        :  0.188392 (Bohr)
Mesh spacing in y-direction        :  0.189873 (Bohr)
Mesh spacing in z direction        :  0.188642 (Bohr)
Number of symmetry adapted k-points:  4
Output printed to                  :  sprc-calc.out
Final eigenvalues printed to       :  sprc-calc.eigen
Total number of atom types         :  4
Total number of atoms              :  57
Total number of electrons          :  434
Atom type 1  (valence electrons)   :  H 1
Pseudopotential                    :  H.psp8
Pseudocharge radii of atom type 1  :  3.77 3.80 3.77 (x, y, z dir)
Number of atoms of type 1          :  3
Atom type 2  (valence electrons)   :  N 5
Pseudopotential                    :  N.psp8
Pseudocharge radii of atom type 2  :  6.78 6.65 6.79 (x, y, z dir)
Number of atoms of type 2          :  1
Atom type 3  (valence electrons)   :  O 6
Pseudopotential                    :  O.psp8
Pseudocharge radii of atom type 3  :  6.78 6.84 6.79 (x, y, z dir)
Number of atoms of type 3          :  35
Atom type 4  (valence electrons)   :  Ti 12
Pseudopotential                    :  Ti.psp8
Pseudocharge radii of atom type 4  :  6.78 6.84 6.79 (x, y, z dir)
Number of atoms of type 4          :  18
Estimated total memory usage       :  312.62 GB
Estimated memory per processor     :  952.76 MB
========================================================================================
                    Self Consistent Field (SCF#1)                     
========================================================================================
Iteration     Free Energy (Ha/atom)    Magnetization     SCF Error        Timing (sec)
1            -2.8669047296E+01         9.7200E-01        4.631E-01        200.901
2            -2.8821071268E+01         1.8855E+00        3.421E-01        50.350
3            -2.8811562699E+01        -1.9804E+00        2.835E-01        50.569
4            -2.8888552976E+01        -6.9419E-01        1.483E-01        50.872
5            -2.8880818621E+01        -1.2943E+00        1.043E-01        50.662
6            -2.8885745186E+01        -1.3420E+00        6.138E-02        50.309
7            -2.8881050922E+01         1.1129E+00        4.768E-02        51.462
8            -2.8875484296E+01         5.6446E-01        3.745E-02        50.354
9            -2.8860851321E+01         2.9790E-01        2.534E-02        51.077
10           -2.8848835743E+01        -1.1619E-01        2.054E-02        50.303
11           -2.8828171243E+01         3.4422E-01        1.389E-02        50.455
12           -2.8818985389E+01         1.5860E-01        1.169E-02        50.522
13           -2.8802464747E+01         3.5854E-02        8.322E-03        50.464
14           -2.8793947012E+01         5.4590E-02        6.255E-03        50.483
15           -2.8789779301E+01         2.8144E-02        5.670E-03        50.317
16           -2.8785500895E+01         5.8082E-02        4.524E-03        50.965
17           -2.8778760675E+01         1.3342E-01        3.483E-03        50.823
18           -2.8777150763E+01         1.0616E-01        2.858E-03        51.061
19           -2.8774814241E+01         1.4117E-01        2.450E-03        50.462
20           -2.8772249827E+01         1.6536E-01        1.886E-03        50.541
21           -2.8770101733E+01         2.2330E-01        1.454E-03        50.443
22           -2.8769426192E+01         2.6141E-01        8.996E-04        51.175
23           -2.8769013105E+01         2.8145E-01        6.268E-04        50.680
24           -2.8768725054E+01         3.0810E-01        5.246E-04        50.837
25           -2.8768468828E+01         3.4315E-01        4.341E-04        50.811
26           -2.8768248790E+01         3.8141E-01        3.586E-04        50.679
27           -2.8768102410E+01         4.1079E-01        3.470E-04        50.101
28           -2.8768115289E+01         4.2575E-01        3.394E-04        50.136
29           -2.8768096221E+01         4.3149E-01        3.387E-04        50.243
30           -2.8768106286E+01         4.1961E-01        3.392E-04        50.141
31           -2.8768120830E+01         4.2317E-01        3.420E-04        52.139
32           -2.8768088204E+01         4.2475E-01        3.472E-04        57.134
33           -2.8768106894E+01         3.6973E-01        4.399E-04        52.005
34           -2.8768125944E+01         3.4263E-01        3.504E-04        50.051
35           -2.8768148324E+01         3.0621E-01        2.971E-04        50.714
36           -2.8768255119E+01         2.4366E-01        8.777E-04        51.423
37           -2.8768164973E+01         1.8276E-01        5.312E-04        50.197
38           -2.8768156282E+01         1.1404E-01        1.599E-04        50.666
39           -2.8768112942E+01         5.2231E-02        1.701E-04        50.698
40           -2.8768080767E+01         4.3148E-02        1.882E-04        50.329
41           -2.8768048563E+01         2.9042E-02        1.757E-04        50.107
42           -2.8768030457E+01         1.9598E-02        3.069E-04        50.684
43           -2.8768035560E+01         2.0543E-02        3.423E-04        50.729
44           -2.8768029096E+01         1.9276E-02        3.115E-04        50.088
45           -2.8768019135E+01         1.6391E-02        2.566E-04        50.123
46           -2.8767995993E+01         1.1188E-02        1.951E-04        50.080
47           -2.8767969643E+01         1.1836E-02        9.682E-05        53.005
Total number of SCF: 47    

k = [0.000, 0.000, 0.000]
Occupation of state 239 = 0.000000000000017.
Occupation of state 265 = 0.000000000000000.

No.1 Exx outer loop: 
1            -2.8566208935E+01        -4.1930E-02        1.441E-02        82.433
2            -2.8558018634E+01        -3.9683E-02        1.340E-02        80.412
3            -2.8561689451E+01         5.3275E-01        1.095E-02        79.879
4            -2.8566431291E+01         7.1524E-01        7.663E-03        79.879
5            -2.8568002274E+01         8.5714E-01        5.793E-03        79.686
6            -2.8568804011E+01         8.4937E-01        4.653E-03        79.627
7            -2.8570220009E+01         6.6263E-01        2.464E-03        79.667
8            -2.8569481328E+01         4.0831E-01        3.010E-03        79.767
9            -2.8569141816E+01         4.4378E-01        1.549E-03        79.632
10           -2.8569060783E+01         4.2765E-01        2.355E-03        79.924
11           -2.8568872632E+01         2.1291E-01        1.558E-03        79.667
12           -2.8568650628E+01         1.5617E-01        1.349E-03        79.662
13           -2.8568270360E+01         1.3112E-01        3.863E-04        79.899
14           -2.8568153580E+01         8.1918E-02        4.791E-04        80.291
15           -2.8568084677E+01         7.5991E-02        2.855E-04        80.418
16           -2.8568015224E+01         7.5465E-02        1.403E-04        81.780
17           -2.8567961669E+01         7.0354E-02        9.694E-05        79.745
18           -2.8567912214E+01         7.0067E-02        5.870E-05        79.540
19           -2.8567896367E+01         6.9859E-02        4.545E-05        79.453
20           -2.8567876517E+01         6.9592E-02        3.199E-05        99.879
21           -2.8567863670E+01         6.8820E-02        2.275E-05        79.859
22           -2.8567856186E+01         6.8228E-02        1.845E-05        79.484
23           -2.8567847921E+01         6.8066E-02        1.466E-05        79.506
24           -2.8567839535E+01         6.7828E-02        9.740E-06        79.972
25           -2.8567837176E+01         6.7655E-02        8.340E-06        79.387
26           -2.8567836157E+01         6.7593E-02        6.365E-06        79.429
27           -2.8567836515E+01         6.7523E-02        4.934E-06        79.311
28           -2.8567835950E+01         6.7434E-02        3.198E-06        79.383
29           -2.8567834494E+01         6.7514E-02        1.744E-06        79.076
30           -2.8567833826E+01         6.7516E-02        1.316E-06        79.239
31           -2.8567833546E+01         6.7610E-02        1.440E-06        79.183
32           -2.8567833486E+01         6.7659E-02        1.221E-06        79.882
33           -2.8567833398E+01         6.7518E-02        1.550E-06        79.187
34           -2.8567833350E+01         6.7636E-02        5.750E-07        78.922
Total number of SCF: 34    

k = [0.000, 0.000, 0.000]
Occupation of state 239 = 0.000000000000000.
Occupation of state 265 = 0.000000000000000.
Exx outer loop error: 6.5393142633e-01 

No.2 Exx outer loop: 
1            -2.8568223879E+01         1.1403E-01        5.423E-03        83.261
2            -2.8567575646E+01         3.6981E-01        3.060E-03        79.644
3            -2.8570436449E+01         7.9758E-01        6.582E-03        79.627
4            -2.8569832526E+01         6.5951E-01        5.105E-03        80.137
5            -2.8570989562E+01         8.1975E-01        6.934E-03        79.653
6            -2.8569088960E+01         6.2672E-01        4.260E-03        81.113
7            -2.8569503995E+01         6.7803E-01        5.001E-03        81.587
8            -2.8569416250E+01         9.3428E-01        6.907E-03        79.552
9            -2.8569093485E+01         9.0166E-01        7.062E-03        79.651
10           -2.8569017416E+01         8.8572E-01        6.781E-03        79.571
11           -2.8568753411E+01         8.2339E-01        5.484E-03        79.661
12           -2.8569131357E+01         5.2714E-01        2.239E-03        79.638
13           -2.8568801937E+01         6.0372E-01        1.653E-03        79.592
14           -2.8568359795E+01         6.1280E-01        1.596E-03        79.538
15           -2.8568428595E+01         5.9426E-01        1.307E-03        80.026
16           -2.8568453539E+01         5.9404E-01        1.145E-03        79.573
17           -2.8568479798E+01         5.9283E-01        8.578E-04        79.503
18           -2.8568532497E+01         5.8445E-01        5.417E-04        79.359
19           -2.8568505332E+01         5.9959E-01        6.113E-04        79.418
20           -2.8568571144E+01         5.9325E-01        3.484E-04        79.547
21           -2.8568523375E+01         5.9180E-01        2.283E-04        79.449
22           -2.8568497987E+01         5.8736E-01        1.944E-04        79.653
23           -2.8568451772E+01         5.8221E-01        1.605E-04        79.974
24           -2.8568402565E+01         5.7974E-01        1.318E-04        79.684
25           -2.8568315274E+01         5.7932E-01        1.062E-04        79.800
26           -2.8568266316E+01         5.8253E-01        7.854E-05        80.488
27           -2.8568206925E+01         5.8412E-01        5.170E-05        79.985
28           -2.8568207306E+01         5.8339E-01        3.655E-05        81.063
29           -2.8568189778E+01         5.8482E-01        3.792E-05        81.399
30           -2.8568203350E+01         5.9720E-01        1.710E-04        80.045
31           -2.8568200154E+01         5.9512E-01        1.589E-04        79.296
32           -2.8568179310E+01         5.8537E-01        5.305E-05        79.521
33           -2.8568169268E+01         5.8282E-01        3.198E-05        79.331
34           -2.8568166244E+01         5.8166E-01        2.110E-05        79.861
35           -2.8568165094E+01         5.8144E-01        2.174E-05        79.144
36           -2.8568166240E+01         5.8117E-01        2.220E-05        79.190
37           -2.8568167368E+01         5.8119E-01        2.781E-05        79.327
38           -2.8568164961E+01         5.8194E-01        2.497E-05        80.168
39           -2.8568161967E+01         5.8281E-01        2.665E-05        79.061
40           -2.8568160645E+01         5.8178E-01        1.267E-05        79.160
41           -2.8568161426E+01         5.8206E-01        1.220E-05        79.528
42           -2.8568163038E+01         5.8249E-01        6.728E-06        79.300
43           -2.8568166197E+01         5.8212E-01        4.661E-06        79.279
44           -2.8568166714E+01         5.8227E-01        3.558E-06        79.174
45           -2.8568166762E+01         5.8207E-01        2.672E-06        79.236
46           -2.8568166203E+01         5.8200E-01        2.274E-06        79.300
47           -2.8568166174E+01         5.8184E-01        1.463E-06        79.438
48           -2.8568165992E+01         5.8183E-01        2.037E-06        79.508
49           -2.8568166185E+01         5.8172E-01        1.381E-06        79.478
50           -2.8568166119E+01         5.8178E-01        1.112E-06        79.391
51           -2.8568166312E+01         5.8183E-01        1.299E-06        80.176
52           -2.8568166284E+01         5.8180E-01        9.973E-07        81.054
Total number of SCF: 52    

k = [0.000, 0.000, 0.000]
Occupation of state 239 = 0.000000000000000.
Occupation of state 265 = 0.000000000000000.
Exx outer loop error: 1.3022907980e-02 

No.3 Exx outer loop: 
1            -2.8568392169E+01         8.7183E-01        4.575E-03        82.754
2            -2.8568926182E+01         1.0953E+00        3.786E-03        80.572
3            -2.8572816247E+01         1.3643E+00        9.746E-03        82.412
4            -2.8570020217E+01         1.5962E+00        5.704E-03        80.010
5            -2.8570509445E+01         1.5940E+00        4.783E-03        79.926
6            -2.8571070294E+01         1.6249E+00        4.893E-03        79.952
7            -2.8571138481E+01         1.6133E+00        4.419E-03        79.892
8            -2.8570093214E+01         1.1570E+00        2.505E-03        80.125
9            -2.8569821463E+01         1.2357E+00        1.347E-03        79.903
10           -2.8569298331E+01         1.0371E+00        2.890E-03        79.798
11           -2.8569227296E+01         1.0984E+00        1.551E-03        80.483
12           -2.8569010006E+01         1.1210E+00        5.409E-04        79.710
13           -2.8568756422E+01         1.0166E+00        7.648E-04        79.805
14           -2.8568818609E+01         1.0529E+00        3.255E-04        79.843
15           -2.8568706925E+01         1.0422E+00        3.462E-04        80.033
16           -2.8568609879E+01         1.0329E+00        2.253E-04        79.945
17           -2.8568557172E+01         1.0145E+00        1.809E-04        79.805
18           -2.8568500399E+01         1.0282E+00        1.575E-04        79.777
19           -2.8568494830E+01         1.0126E+00        2.714E-04        79.990
20           -2.8568435889E+01         1.0318E+00        8.250E-05        79.746
21           -2.8568397474E+01         1.0324E+00        3.683E-05        79.690
22           -2.8568364640E+01         1.0325E+00        2.452E-05        79.740
23           -2.8568340693E+01         1.0317E+00        1.823E-05        80.121
24           -2.8568335444E+01         1.0318E+00        1.492E-05        81.581
25           -2.8568330323E+01         1.0315E+00        7.373E-06        84.838
26           -2.8568328778E+01         1.0310E+00        1.478E-05        79.587
27           -2.8568324799E+01         1.0313E+00        6.789E-06        79.600
28           -2.8568325554E+01         1.0317E+00        2.952E-06        79.455
29           -2.8568324704E+01         1.0317E+00        2.035E-06        79.991
30           -2.8568324776E+01         1.0316E+00        1.241E-06        79.642
31           -2.8568324143E+01         1.0316E+00        7.260E-07        79.036
Total number of SCF: 31    

k = [0.000, 0.000, 0.000]
Occupation of state 239 = 0.000000000000000.
Occupation of state 265 = 0.000000000000000.
Exx outer loop error: 1.4612994537e-03 

No.4 Exx outer loop: 
1            -2.8568441553E+01         1.1475E+00        2.239E-03        82.745
2            -2.8568672794E+01         1.1780E+00        1.629E-03        80.544
3            -2.8569312250E+01         1.1322E+00        8.845E-04        79.876
4            -2.8569008887E+01         1.1759E+00        4.929E-04        79.763
5            -2.8568899423E+01         1.1591E+00        2.604E-04        79.855
6            -2.8568644815E+01         1.1273E+00        3.917E-04        80.213
7            -2.8568608886E+01         1.1505E+00        1.222E-04        79.545
8            -2.8568565208E+01         1.1468E+00        1.239E-04        79.549
9            -2.8568540062E+01         1.1594E+00        1.185E-04        79.755
10           -2.8568486003E+01         1.1630E+00        1.106E-04        79.341
11           -2.8568479358E+01         1.1541E+00        6.063E-05        79.555
12           -2.8568453789E+01         1.1591E+00        3.051E-05        79.620
13           -2.8568430516E+01         1.1573E+00        2.143E-05        79.646
14           -2.8568422265E+01         1.1586E+00        1.305E-05        79.772
15           -2.8568415069E+01         1.1588E+00        1.087E-05        79.683
16           -2.8568411964E+01         1.1590E+00        1.014E-05        79.602
17           -2.8568410067E+01         1.1589E+00        5.992E-06        80.837
18           -2.8568408516E+01         1.1588E+00        3.485E-06        79.457
19           -2.8568407251E+01         1.1588E+00        3.396E-06        81.204
20           -2.8568405234E+01         1.1588E+00        1.945E-06        81.225
21           -2.8568403816E+01         1.1586E+00        2.992E-06        79.284
22           -2.8568403496E+01         1.1587E+00        9.405E-07        78.938
Total number of SCF: 22    

k = [0.000, 0.000, 0.000]
Occupation of state 239 = 0.000000000000000.
Occupation of state 265 = 0.000000000000000.
Exx outer loop error: 3.7641275948e-03 

No.5 Exx outer loop: 
1            -2.8568435268E+01         1.2025E+00        8.775E-04        84.605
2            -2.8568527051E+01         1.1988E+00        6.145E-04        79.909
3            -2.8568709172E+01         1.1399E+00        1.122E-03        80.092
4            -2.8568854333E+01         1.2122E+00        4.588E-04        79.934
5            -2.8568876497E+01         1.2439E+00        6.800E-04        79.502
6            -2.8568872625E+01         1.2654E+00        8.843E-04        79.797
7            -2.8568779070E+01         1.1911E+00        2.540E-04        79.631
8            -2.8568799988E+01         1.1680E+00        3.450E-04        79.726
9            -2.8568825711E+01         1.1123E+00        9.562E-04        80.214
10           -2.8568735797E+01         1.1652E+00        3.508E-04        79.729
11           -2.8568689667E+01         1.1501E+00        6.135E-04        79.659
12           -2.8568606947E+01         1.1680E+00        4.283E-04        79.628
13           -2.8568520841E+01         1.1906E+00        1.408E-04        79.670
14           -2.8568484739E+01         1.1937E+00        8.985E-05        79.571
15           -2.8568452648E+01         1.1980E+00        4.099E-05        79.469
16           -2.8568438904E+01         1.1990E+00        2.241E-05        79.609
17           -2.8568431293E+01         1.1980E+00        2.743E-05        79.303
18           -2.8568430397E+01         1.1979E+00        1.952E-05        79.583
19           -2.8568428095E+01         1.1974E+00        2.106E-05        79.632
20           -2.8568426901E+01         1.1976E+00        1.257E-05        79.798
21           -2.8568425973E+01         1.1978E+00        6.824E-06        79.578
22           -2.8568424659E+01         1.1972E+00        8.807E-06        80.810
23           -2.8568423430E+01         1.1975E+00        3.502E-06        83.707
24           -2.8568423095E+01         1.1972E+00        4.006E-06        79.415
25           -2.8568423791E+01         1.1973E+00        1.562E-06        79.378
26           -2.8568423774E+01         1.1972E+00        1.442E-06        79.342
27           -2.8568423599E+01         1.1973E+00        1.188E-06        79.408
28           -2.8568422929E+01         1.1972E+00        1.005E-06        79.695
29           -2.8568422591E+01         1.1972E+00        6.531E-07        78.913
Total number of SCF: 29    

k = [0.000, 0.000, 0.000]
Occupation of state 239 = 0.000000000000000.
Occupation of state 265 = 0.000000000000000.
Exx outer loop error: 1.2779385838e-03 

No.6 Exx outer loop: 
1            -2.8568431645E+01         1.2255E+00        5.206E-04        82.622
2            -2.8568487901E+01         1.2108E+00        3.014E-04        79.980
3            -2.8568569852E+01         1.2418E+00        3.646E-04        80.177
4            -2.8568605087E+01         1.1934E+00        3.650E-04        79.662
5            -2.8568613176E+01         1.2019E+00        2.787E-04        79.714
6            -2.8568586041E+01         1.2155E+00        9.323E-05        80.420
7            -2.8568523534E+01         1.2109E+00        6.071E-05        79.706
8            -2.8568509273E+01         1.2315E+00        2.501E-04        79.466
9            -2.8568493138E+01         1.2158E+00        6.086E-05        79.713
10           -2.8568485779E+01         1.2351E+00        2.752E-04        79.516
11           -2.8568470836E+01         1.2270E+00        1.687E-04        79.567
12           -2.8568464730E+01         1.2207E+00        9.634E-05        79.566
13           -2.8568460002E+01         1.2125E+00        2.343E-05        79.825
14           -2.8568456223E+01         1.2148E+00        3.862E-05        79.511
15           -2.8568447085E+01         1.2136E+00        2.088E-05        79.566
16           -2.8568439489E+01         1.2133E+00        1.464E-05        79.632
17           -2.8568435545E+01         1.2137E+00        1.933E-05        79.921
18           -2.8568431164E+01         1.2133E+00        1.591E-05        79.397
19           -2.8568429188E+01         1.2135E+00        1.879E-05        81.286
20           -2.8568428150E+01         1.2130E+00        1.145E-05        81.179
21           -2.8568427508E+01         1.2138E+00        1.840E-05        79.329
22           -2.8568427432E+01         1.2145E+00        2.188E-05        79.310
23           -2.8568425890E+01         1.2138E+00        1.303E-05        79.473
24           -2.8568425167E+01         1.2141E+00        1.428E-05        79.750
25           -2.8568426797E+01         1.2139E+00        1.021E-05        79.637
26           -2.8568426339E+01         1.2141E+00        1.123E-05        79.243
27           -2.8568427242E+01         1.2132E+00        5.418E-06        79.537
28           -2.8568427170E+01         1.2139E+00        2.773E-06        79.881
29           -2.8568426956E+01         1.2140E+00        2.393E-06        79.346
30           -2.8568426531E+01         1.2144E+00        3.444E-06        79.329
31           -2.8568426586E+01         1.2143E+00        1.582E-06        79.375
32           -2.8568426415E+01         1.2143E+00        7.703E-07        78.938
Total number of SCF: 32    

k = [0.000, 0.000, 0.000]
Occupation of state 239 = 0.000000000000000.
Occupation of state 265 = 0.000000000000000.
Exx outer loop error: 5.9760449499e-04 

No.7 Exx outer loop: 
1            -2.8568429843E+01         1.2345E+00        3.564E-04        82.356
2            -2.8568467704E+01         1.2226E+00        1.785E-04        79.675
3            -2.8568584476E+01         1.1887E+00        3.909E-04        79.857
4            -2.8568560492E+01         1.2059E+00        1.407E-04        79.621
5            -2.8568526983E+01         1.2237E+00        1.251E-04        79.799
6            -2.8568502689E+01         1.2198E+00        3.161E-05        79.739
7            -2.8568472593E+01         1.2226E+00        3.000E-05        80.290
8            -2.8568454380E+01         1.2245E+00        3.973E-05        79.969
9            -2.8568444614E+01         1.2250E+00        2.265E-05        79.691
10           -2.8568440370E+01         1.2252E+00        9.860E-06        80.107
11           -2.8568435905E+01         1.2251E+00        7.208E-06        79.657
12           -2.8568432595E+01         1.2249E+00        5.235E-06        80.302
13           -2.8568429735E+01         1.2247E+00        3.004E-06        81.298
14           -2.8568427631E+01         1.2248E+00        2.905E-06        79.508
15           -2.8568427749E+01         1.2244E+00        4.311E-06        79.291
16           -2.8568427316E+01         1.2248E+00        1.469E-06        79.405
17           -2.8568427675E+01         1.2247E+00        1.481E-06        79.306
18           -2.8568427558E+01         1.2248E+00        6.931E-07        79.144
Total number of SCF: 18    

k = [0.000, 0.000, 0.000]
Occupation of state 239 = 0.000000000000000.
Occupation of state 265 = 0.000000000000000.
Exx outer loop error: 5.8647686327e-04 

No.8 Exx outer loop: 
1            -2.8568429300E+01         1.2397E+00        2.535E-04        82.749
2            -2.8568456386E+01         1.2292E+00        1.186E-04        79.758
3            -2.8568459729E+01         1.2200E+00        1.522E-04        80.060
4            -2.8568448435E+01         1.2308E+00        5.824E-05        79.819
5            -2.8568456708E+01         1.2271E+00        4.719E-05        80.129
6            -2.8568449948E+01         1.2311E+00        1.344E-05        79.707
7            -2.8568443072E+01         1.2319E+00        1.199E-05        79.958
8            -2.8568441377E+01         1.2320E+00        8.545E-06        79.375
9            -2.8568439498E+01         1.2316E+00        5.897E-06        79.336
10           -2.8568437046E+01         1.2316E+00        4.631E-06        79.503
11           -2.8568434728E+01         1.2314E+00        5.021E-06        79.455
12           -2.8568433444E+01         1.2317E+00        2.930E-06        79.499
13           -2.8568431906E+01         1.2317E+00        2.331E-06        79.600
14           -2.8568430185E+01         1.2315E+00        1.647E-06        79.988
15           -2.8568429232E+01         1.2315E+00        9.944E-07        79.164
Total number of SCF: 15    

k = [0.000, 0.000, 0.000]
Occupation of state 239 = 0.000000000000000.
Occupation of state 265 = 0.000000000000000.
Exx outer loop error: 3.7757103454e-04 

No.9 Exx outer loop: 
1            -2.8568430881E+01         1.2449E+00        1.972E-04        82.491
2            -2.8568451914E+01         1.2312E+00        1.104E-04        79.856
3            -2.8568456401E+01         1.2351E+00        4.324E-05        79.700
4            -2.8568460296E+01         1.2356E+00        2.246E-05        79.675
5            -2.8568450919E+01         1.2357E+00        1.254E-05        80.117
6            -2.8568443775E+01         1.2362E+00        9.792E-06        80.430
7            -2.8568436871E+01         1.2359E+00        7.870E-06        79.465
8            -2.8568435211E+01         1.2363E+00        3.998E-06        81.290
9            -2.8568434520E+01         1.2370E+00        9.401E-06        81.450
10           -2.8568434704E+01         1.2369E+00        7.876E-06        79.293
11           -2.8568434392E+01         1.2368E+00        5.303E-06        79.748
12           -2.8568433580E+01         1.2365E+00        3.150E-06        79.450
13           -2.8568431106E+01         1.2367E+00        2.190E-06        79.357
14           -2.8568429840E+01         1.2363E+00        4.043E-06        79.598
15           -2.8568429179E+01         1.2366E+00        1.804E-06        79.490
16           -2.8568428923E+01         1.2362E+00        3.734E-06        79.396
17           -2.8568428961E+01         1.2361E+00        4.864E-06        80.314
18           -2.8568428868E+01         1.2363E+00        1.764E-06        79.108
19           -2.8568428774E+01         1.2363E+00        1.560E-06        79.438
20           -2.8568428540E+01         1.2362E+00        3.054E-06        79.310
21           -2.8568428268E+01         1.2361E+00        2.921E-06        79.299
22           -2.8568428146E+01         1.2363E+00        3.813E-07        79.328
Total number of SCF: 22    

k = [0.000, 0.000, 0.000]
Occupation of state 239 = 0.000000000000000.
Occupation of state 265 = 0.000000000000000.
Exx outer loop error: 7.1382114160e-04 

No.10 Exx outer loop: 
1            -2.8568428875E+01         1.2421E+00        1.177E-04        82.410
2            -2.8568437758E+01         1.2393E+00        4.795E-05        79.633
3            -2.8568437693E+01         1.2413E+00        5.427E-05        79.643
4            -2.8568438702E+01         1.2368E+00        1.656E-05        79.610
5            -2.8568440062E+01         1.2408E+00        2.654E-05        79.449
6            -2.8568436988E+01         1.2387E+00        7.288E-06        79.865
7            -2.8568433252E+01         1.2395E+00        3.072E-06        79.719
8            -2.8568431667E+01         1.2391E+00        4.873E-06        80.045
9            -2.8568431147E+01         1.2393E+00        1.902E-06        79.774
10           -2.8568429967E+01         1.2393E+00        1.489E-06        79.469
11           -2.8568429607E+01         1.2392E+00        1.463E-06        80.351
12           -2.8568429062E+01         1.2393E+00        9.430E-07        81.907
Total number of SCF: 12    

k = [0.000, 0.000, 0.000]
Occupation of state 239 = 0.000000000000000.
Occupation of state 265 = 0.000000000000000.
Exx outer loop error: 5.5361013968e-04 

No.11 Exx outer loop: 
1            -2.8568429509E+01         1.2435E+00        8.394E-05        82.549
2            -2.8568433953E+01         1.2404E+00        3.466E-05        80.898
3            -2.8568439901E+01         1.2418E+00        1.261E-05        81.806
4            -2.8568436517E+01         1.2419E+00        5.661E-06        79.477
5            -2.8568436768E+01         1.2415E+00        6.091E-06        79.483
6            -2.8568434132E+01         1.2414E+00        4.437E-06        79.486
7            -2.8568432137E+01         1.2413E+00        3.034E-06        79.493
8            -2.8568430902E+01         1.2413E+00        3.004E-06        79.425
9            -2.8568430448E+01         1.2412E+00        1.651E-06        79.612
10           -2.8568429451E+01         1.2413E+00        1.675E-06        79.499
11           -2.8568429077E+01         1.2413E+00        9.038E-07        79.527
Total number of SCF: 11    

k = [0.000, 0.000, 0.000]
Occupation of state 239 = 0.000000000000000.
Occupation of state 265 = 0.000000000000000.
Exx outer loop error: 1.5239801630e-04 

No.12 Exx outer loop: 
1            -2.8568429999E+01         1.2443E+00        5.982E-05        82.308
2            -2.8568431803E+01         1.2424E+00        2.285E-05        79.483
3            -2.8568428928E+01         1.2432E+00        6.079E-06        79.998
4            -2.8568430138E+01         1.2427E+00        1.554E-06        79.421
5            -2.8568429353E+01         1.2427E+00        1.269E-06        79.181
6            -2.8568429220E+01         1.2427E+00        1.092E-06        79.249
7            -2.8568429180E+01         1.2427E+00        9.187E-07        78.994
Total number of SCF: 7     

k = [0.000, 0.000, 0.000]
Occupation of state 239 = 0.000000000000000.
Occupation of state 265 = 0.000000000000000.
Exx outer loop error: 1.9419747885e-05 
====================================================================
                    Energy and force calculation                    
====================================================================
Free energy per atom               : -2.8568427752E+01 (Ha/atom)
Total free energy                  : -1.6284003819E+03 (Ha)
Band structure energy              : -4.1216341767E+02 (Ha)
Exchange correlation energy        : -2.8841093296E+02 (Ha)
Self and correction energy         : -2.1448305076E+03 (Ha)
Entropy*kb*T                       : -1.9411859651E-03 (Ha)
Fermi level                        : -1.6188561877E-01 (Ha)
RMS force                          :  2.6253163860E-02 (Ha/Bohr)
Maximum force                      :  1.0352629536E-01 (Ha/Bohr)
Time for force calculation         :  0.984 (sec)
***************************************************************************
                               Timing info                                 
***************************************************************************
Total walltime                     :  44222.614 sec
___________________________________________________________________________

***************************************************************************
*             Material Physics & Mechanics Group, Georgia Tech            *
*                       PI: Phanish Suryanarayana                         *
*                Main Developers: Qimen Xu, Abhiraj Sharma                *
*     Collaborators: J.E. Pask (LLNL), A.J. Medford (GT), E. Chow (GT)    *
*  Acknowledgements: U.S. DOE (DE-SC0019410); U.S. NSF (1333500,1553212)  *
***************************************************************************
                                                                           

***************************************************************************
*                       SPARC (version Mar 30, 2022)                      *
*   Copyright (c) 2020 Material Physics & Mechanics Group, Georgia Tech   *
*           Distributed under GNU General Public License 3 (GPL)          *
*                   Start time: Thu Apr 14 09:17:12 2022                  *
***************************************************************************
                           Input parameters                                
***************************************************************************
CELL: 12.4338823950489 16.8986769044157 47.5378507412217 
LATVEC:
1.000000000000000 0.000000000000000 0.000000000000000 
-0.000130020950961 0.999999991547276 0.000000000000000 
0.000000000000000 -0.000000000000000 1.000000000000000 
FD_GRID: 66 89 252
FD_ORDER: 12
BC: P P D
KPOINT_GRID: 2 2 1
KPOINT_SHIFT: 0 0 0
SPIN_TYP: 1
ELEC_TEMP_TYPE: Gaussian
SMEARING: 0.007349864435
CHEB_DEGREE: 37
NSTATES: 265
EXCHANGE_CORRELATION: HSE
CALC_STRESS: 0
CALC_PRES: 0
CHEFSI_BOUND_FLAG: 0
MAXIT_SCF: 100
MINIT_SCF: 3
MAXIT_POISSON: 3000
TOL_SCF: 1.00E-06
POISSON_SOLVER: AAR
TOL_POISSON: 1.00E-08
TOL_LANCZOS: 1.00E-02
TOL_PSEUDOCHARGE: 1.00E-08
MIXING_VARIABLE: density
MIXING_PRECOND: kerker
MIXING_PRECOND_MAG: none
TOL_PRECOND: 3.57E-05
PRECOND_KERKER_KTF: 1
PRECOND_KERKER_THRESH: 0.1
MIXING_PARAMETER: 0.3
MIXING_PARAMETER_MAG: 0.3
MIXING_HISTORY: 7
PULAY_FREQUENCY: 1
PULAY_RESTART: 0
REFERENCE_CUTOFF: 0.5
RHO_TRIGGER: 4
FIX_RAND: 0
VERBOSITY: 1
PRINT_FORCES: 1
PRINT_ATOMS: 1
PRINT_EIGEN: 1
PRINT_DENSITY: 0
PRINT_ENERGY_DENSITY: 0
TOL_FOCK: 5.00E-05
TOL_SCF_INIT: 1.00E-04
MAXIT_FOCK: 1000
EXX_METHOD: FOURIER_SPACE
EXX_DIVERGENCE: AUXILIARY
ACE_FLAG: 1
EXX_ACE_MEM: 1
EXX_ACE_VALENCE_STATES: 10000
EXX_DOWNSAMPLING: 1 1 1
EXX_RANGE_FOCK: 0.106000
EXX_RANGE_PBE: 0.106000
OUTPUT_FILE: sprc-calc
***************************************************************************
                                Cell                                       
***************************************************************************
Lattice vectors (Bohr):
12.433882395048860 0.000000000000000 0.000000000000000 
-0.002197182041095 16.898676761575889 0.000000000000000 
0.000000000000000 -0.000000000000000 47.537850741221725 
Volume                  :  9.9884706279E+03 (Bohr^3)
***************************************************************************
                           Parallelization                                 
***************************************************************************
NP_SPIN_PARAL: 2
NP_KPOINT_PARAL: 4
NP_BAND_PARAL: 1
NP_DOMAIN_PARAL: 2 3 7
NP_DOMAIN_PHI_PARAL: 4 6 14
EIG_SERIAL_MAXNS: 1500
***************************************************************************
                             Initialization                                
***************************************************************************
Number of processors               :  336
Mesh spacing in x-direction        :  0.188392 (Bohr)
Mesh spacing in y-direction        :  0.189873 (Bohr)
Mesh spacing in z direction        :  0.188642 (Bohr)
Number of symmetry adapted k-points:  4
Output printed to                  :  sprc-calc.out_01
Final eigenvalues printed to       :  sprc-calc.eigen_01
Total number of atom types         :  4
Total number of atoms              :  57
Total number of electrons          :  434
Atom type 1  (valence electrons)   :  H 1
Pseudopotential                    :  H.psp8
Pseudocharge radii of atom type 1  :  3.77 3.80 3.77 (x, y, z dir)
Number of atoms of type 1          :  3
Atom type 2  (valence electrons)   :  N 5
Pseudopotential                    :  N.psp8
Pseudocharge radii of atom type 2  :  6.78 6.65 6.79 (x, y, z dir)
Number of atoms of type 2          :  1
Atom type 3  (valence electrons)   :  O 6
Pseudopotential                    :  O.psp8
Pseudocharge radii of atom type 3  :  6.78 6.84 6.79 (x, y, z dir)
Number of atoms of type 3          :  35
Atom type 4  (valence electrons)   :  Ti 12
Pseudopotential                    :  Ti.psp8
Pseudocharge radii of atom type 4  :  6.78 6.84 6.79 (x, y, z dir)
Number of atoms of type 4          :  18
Estimated total memory usage       :  312.62 GB
Estimated memory per processor     :  952.76 MB
========================================================================================
                    Self Consistent Field (SCF#1)                     
========================================================================================
Iteration     Free Energy (Ha/atom)    Magnetization     SCF Error        Timing (sec)
1            -2.8669047296E+01         9.7200E-01        4.631E-01        218.693
2            -2.8821071269E+01         1.8855E+00        3.421E-01        53.123
3            -2.8811562699E+01        -1.9804E+00        2.835E-01        50.989
4            -2.8888552977E+01        -6.9419E-01        1.483E-01        51.337
5            -2.8880818620E+01        -1.2943E+00        1.043E-01        51.114
6            -2.8885745185E+01        -1.3420E+00        6.138E-02        50.476
7            -2.8881050922E+01         1.1129E+00        4.768E-02        50.487
8            -2.8875484296E+01         5.6446E-01        3.745E-02        50.991
9            -2.8860851321E+01         2.9790E-01        2.534E-02        50.772
10           -2.8848835743E+01        -1.1619E-01        2.054E-02        60.997
11           -2.8828171243E+01         3.4422E-01        1.389E-02        52.569
12           -2.8818985388E+01         1.5860E-01        1.169E-02        51.938
13           -2.8802464745E+01         3.5854E-02        8.322E-03        51.493
14           -2.8793947012E+01         5.4590E-02        6.255E-03        50.737
15           -2.8789779301E+01         2.8144E-02        5.670E-03        50.783
16           -2.8785500894E+01         5.8082E-02        4.524E-03        50.799
17           -2.8778760672E+01         1.3342E-01        3.483E-03        50.768
18           -2.8777150757E+01         1.0616E-01        2.858E-03        84.483
19           -2.8774814242E+01         1.4117E-01        2.450E-03        58.372
20           -2.8772249829E+01         1.6536E-01        1.886E-03        51.840
21           -2.8770101734E+01         2.2330E-01        1.454E-03        51.702
22           -2.8769426192E+01         2.6141E-01        8.996E-04        50.648
23           -2.8769013104E+01         2.8145E-01        6.268E-04        50.639
24           -2.8768725053E+01         3.0810E-01        5.246E-04        50.454
25           -2.8768468828E+01         3.4315E-01        4.341E-04        51.079
26           -2.8768248789E+01         3.8141E-01        3.586E-04        73.497
27           -2.8768102411E+01         4.1079E-01        3.470E-04        57.237
28           -2.8768115290E+01         4.2575E-01        3.394E-04        61.769
29           -2.8768096222E+01         4.3149E-01        3.387E-04        53.003
30           -2.8768106286E+01         4.1961E-01        3.392E-04        56.867
31           -2.8768120831E+01         4.2317E-01        3.420E-04        51.851
32           -2.8768088206E+01         4.2476E-01        3.472E-04        50.771
33           -2.8768106891E+01         3.6973E-01        4.399E-04        50.728
34           -2.8768125945E+01         3.4262E-01        3.504E-04        51.304
35           -2.8768148332E+01         3.0620E-01        2.971E-04        50.927
36           -2.8768255080E+01         2.4365E-01        8.778E-04        85.071
37           -2.8768164928E+01         1.8272E-01        5.310E-04        51.979
38           -2.8768156260E+01         1.1400E-01        1.598E-04        50.106
39           -2.8768112906E+01         5.2189E-02        1.701E-04        50.104
40           -2.8768080729E+01         4.3119E-02        1.882E-04        50.166
41           -2.8768048532E+01         2.9026E-02        1.756E-04        50.852
42           -2.8768030435E+01         1.9569E-02        3.071E-04        50.227
43           -2.8768035539E+01         2.0513E-02        3.425E-04        50.386
44           -2.8768029087E+01         1.9264E-02        3.117E-04        50.274
45           -2.8768019140E+01         1.6390E-02        2.568E-04        50.179
46           -2.8767996007E+01         1.1201E-02        1.954E-04        50.548
47           -2.8767969594E+01         1.1865E-02        9.631E-05        49.758
Total number of SCF: 47    

k = [0.000, 0.000, 0.000]
Occupation of state 239 = 0.000000000000017.
Occupation of state 265 = 0.000000000000000.

No.1 Exx outer loop: 
1            -2.8566207565E+01        -4.0770E-02        1.441E-02        90.651
2            -2.8558014522E+01        -4.0335E-02        1.340E-02        80.338
3            -2.8561667563E+01         5.3355E-01        1.093E-02        105.934
4            -2.8566398700E+01         7.1685E-01        7.594E-03        87.667
5            -2.8568018727E+01         8.5887E-01        5.772E-03        80.205
6            -2.8568784692E+01         8.4899E-01        4.649E-03        109.672
7            -2.8570234536E+01         6.5603E-01        2.522E-03        80.184
8            -2.8569444256E+01         4.0381E-01        2.967E-03        80.075
9            -2.8569123426E+01         4.5281E-01        1.491E-03        110.115
10           -2.8569020831E+01         4.0381E-01        1.985E-03        80.161
11           -2.8568804099E+01         1.9973E-01        1.538E-03        82.208
12           -2.8568601719E+01         1.5337E-01        1.277E-03        84.161
13           -2.8568242667E+01         1.2497E-01        3.757E-04        80.674
14           -2.8568116100E+01         7.8540E-02        4.573E-04        80.474
15           -2.8568030875E+01         7.7721E-02        1.959E-04        84.095
16           -2.8567995977E+01         7.0410E-02        1.399E-04        87.923
17           -2.8567947858E+01         6.9204E-02        9.411E-05        81.265
18           -2.8567922197E+01         6.9374E-02        7.427E-05        84.567
19           -2.8567891652E+01         6.9139E-02        4.737E-05        81.848
20           -2.8567873954E+01         6.8452E-02        3.293E-05        84.068
21           -2.8567864562E+01         6.8862E-02        2.316E-05        97.736
22           -2.8567855773E+01         6.9052E-02        2.094E-05        82.473
23           -2.8567841051E+01         6.8095E-02        1.380E-05        80.046
24           -2.8567834775E+01         6.7802E-02        1.020E-05        80.414
25           -2.8567826531E+01         6.7472E-02        9.250E-06        80.272
26           -2.8567828306E+01         6.7657E-02        5.300E-06        80.109
27           -2.8567826407E+01         6.7412E-02        4.296E-06        80.517
28           -2.8567825866E+01         6.7455E-02        3.484E-06        79.948
29           -2.8567826397E+01         6.7645E-02        1.953E-06        79.967
30           -2.8567826357E+01         6.7708E-02        1.450E-06        80.290
31           -2.8567826827E+01         6.7637E-02        2.383E-06        80.039
32           -2.8567826011E+01         6.7606E-02        9.572E-07        79.797
Total number of SCF: 32    

k = [0.000, 0.000, 0.000]
Occupation of state 239 = 0.000000000000000.
Occupation of state 265 = 0.000000000000000.
Exx outer loop error: 6.5403924243e-01 

No.2 Exx outer loop: 
1            -2.8568215406E+01         1.1600E-01        5.407E-03        83.281
2            -2.8567568570E+01         3.6738E-01        3.042E-03        80.552
3            -2.8568464469E+01         4.8188E-01        2.098E-03        80.316
4            -2.8569245195E+01         5.0452E-01        1.735E-03        84.198
5            -2.8568986450E+01         4.8939E-01        9.482E-04        82.696
6            -2.8569011887E+01         5.4419E-01        5.902E-04        80.102
7            -2.8568888091E+01         5.6968E-01        4.483E-04        80.183
8            -2.8568776538E+01         5.8172E-01        3.859E-04        82.612
9            -2.8568619768E+01         5.8932E-01        2.922E-04        80.378
10           -2.8568510107E+01         5.8447E-01        2.460E-04        80.068
11           -2.8568395804E+01         5.8881E-01        1.697E-04        80.224
12           -2.8568270335E+01         5.8771E-01        1.226E-04        80.735
13           -2.8568251605E+01         5.9042E-01        9.047E-05        76.100
14           -2.8568208961E+01         5.8674E-01        8.436E-05        80.356
15           -2.8568188994E+01         5.8529E-01        5.715E-05        85.926
16           -2.8568173092E+01         5.8379E-01        2.706E-05        80.606
17           -2.8568156497E+01         5.8216E-01        1.810E-05        80.775
18           -2.8568147216E+01         5.8148E-01        1.284E-05        80.434
19           -2.8568142669E+01         5.8135E-01        8.954E-06        88.451
20           -2.8568139589E+01         5.8044E-01        1.361E-05        80.133
21           -2.8568139508E+01         5.8049E-01        1.162E-05        80.058
22           -2.8568139898E+01         5.8142E-01        1.163E-05        79.990
23           -2.8568138916E+01         5.8107E-01        4.902E-06        80.358
24           -2.8568139508E+01         5.8170E-01        7.756E-06        79.696
25           -2.8568139186E+01         5.8164E-01        4.528E-06        79.997
26           -2.8568139728E+01         5.8179E-01        3.183E-06        80.173
27           -2.8568139578E+01         5.8174E-01        1.806E-06        83.651
28           -2.8568139601E+01         5.8188E-01        2.576E-06        79.675
29           -2.8568139300E+01         5.8189E-01        2.262E-06        79.892
30           -2.8568138904E+01         5.8183E-01        1.382E-06        80.496
31           -2.8568138555E+01         5.8167E-01        1.855E-06        80.008
32           -2.8568138666E+01         5.8172E-01        8.127E-07        79.906
Total number of SCF: 32    

k = [0.000, 0.000, 0.000]
Occupation of state 239 = 0.000000000000000.
Occupation of state 265 = 0.000000000000000.
Exx outer loop error: 1.2606898169e-02 

No.3 Exx outer loop: 
1            -2.8568363360E+01         8.7402E-01        4.563E-03        85.727
2            -2.8568898067E+01         1.0937E+00        3.778E-03        81.419
3            -2.8569543169E+01         1.1897E+00        2.679E-03        97.863
4            -2.8569851415E+01         6.7391E-01        6.484E-03        117.336
5            -2.8569653275E+01         9.6544E-01        3.278E-03        81.780
6            -2.8569629640E+01         1.1039E+00        1.275E-03        81.475
7            -2.8569448895E+01         1.0566E+00        9.916E-04        81.483
8            -2.8569312325E+01         1.1242E+00        1.033E-03        113.109
9            -2.8569115513E+01         1.0533E+00        3.656E-04        80.713
10           -2.8568848248E+01         1.0450E+00        3.406E-04        87.573
11           -2.8568633155E+01         1.0304E+00        2.514E-04        80.785
12           -2.8568586652E+01         1.0282E+00        1.877E-04        88.123
13           -2.8568477645E+01         1.0281E+00        1.273E-04        81.648
14           -2.8568435285E+01         1.0295E+00        1.010E-04        78.352
15           -2.8568361726E+01         1.0297E+00        7.054E-05        75.941
16           -2.8568330445E+01         1.0311E+00        5.747E-05        93.937
17           -2.8568307343E+01         1.0311E+00        4.300E-05        86.214
18           -2.8568286343E+01         1.0292E+00        3.774E-05        80.501
19           -2.8568284430E+01         1.0314E+00        2.956E-05        79.925
20           -2.8568285337E+01         1.0321E+00        2.876E-05        80.163
21           -2.8568280921E+01         1.0319E+00        1.352E-05        80.249
22           -2.8568274917E+01         1.0317E+00        8.161E-06        80.968
23           -2.8568272630E+01         1.0318E+00        6.194E-06        80.359
24           -2.8568270412E+01         1.0323E+00        9.163E-06        75.444
25           -2.8568269547E+01         1.0322E+00        5.954E-06        80.013
26           -2.8568269276E+01         1.0325E+00        8.198E-06        79.820
27           -2.8568270410E+01         1.0332E+00        1.912E-05        79.901
28           -2.8568269685E+01         1.0320E+00        4.813E-06        79.830
29           -2.8568270070E+01         1.0318E+00        2.046E-06        80.216
30           -2.8568270203E+01         1.0317E+00        9.419E-07        79.458
Total number of SCF: 30    

k = [0.000, 0.000, 0.000]
Occupation of state 239 = 0.000000000000000.
Occupation of state 265 = 0.000000000000000.
Exx outer loop error: 1.1862017478e-03 

No.4 Exx outer loop: 
1            -2.8568388190E+01         1.1462E+00        2.240E-03        83.000
2            -2.8568613370E+01         1.1803E+00        1.635E-03        80.866
3            -2.8569394316E+01         1.2135E+00        1.771E-03        80.852
4            -2.8569398375E+01         1.1466E+00        7.229E-04        80.660
5            -2.8569354862E+01         1.1753E+00        9.371E-04        81.132
6            -2.8568935444E+01         1.1716E+00        5.006E-04        80.494
7            -2.8568768304E+01         1.1429E+00        3.363E-04        80.376
8            -2.8568679631E+01         1.1647E+00        2.186E-04        81.291
9            -2.8568513390E+01         1.1670E+00        1.530E-04        80.379
10           -2.8568440798E+01         1.1614E+00        1.529E-04        81.059
11           -2.8568415125E+01         1.1630E+00        9.304E-05        82.864
12           -2.8568397890E+01         1.1762E+00        1.159E-04        83.589
13           -2.8568375336E+01         1.1673E+00        5.540E-05        90.031
14           -2.8568366634E+01         1.1604E+00        1.174E-04        82.612
15           -2.8568365885E+01         1.1624E+00        6.627E-05        81.497
16           -2.8568367404E+01         1.1631E+00        2.849E-05        80.428
17           -2.8568367171E+01         1.1612E+00        3.306E-05        80.186
18           -2.8568364073E+01         1.1604E+00        1.804E-05        111.335
19           -2.8568357578E+01         1.1628E+00        4.087E-05        80.904
20           -2.8568352762E+01         1.1591E+00        9.877E-06        82.779
21           -2.8568347863E+01         1.1596E+00        1.253E-05        80.026
22           -2.8568343705E+01         1.1582E+00        8.831E-06        87.015
23           -2.8568342663E+01         1.1586E+00        4.424E-06        84.479
24           -2.8568342121E+01         1.1582E+00        2.833E-06        81.773
25           -2.8568341110E+01         1.1586E+00        5.790E-06        84.952
26           -2.8568339701E+01         1.1587E+00        3.846E-06        80.165
27           -2.8568338982E+01         1.1586E+00        1.564E-06        80.544
28           -2.8568338704E+01         1.1584E+00        1.414E-06        79.919
29           -2.8568338389E+01         1.1586E+00        1.335E-06        80.096
30           -2.8568338027E+01         1.1584E+00        2.040E-06        121.894
31           -2.8568337476E+01         1.1587E+00        1.171E-06        79.849
32           -2.8568337547E+01         1.1585E+00        1.512E-06        79.827
33           -2.8568337277E+01         1.1587E+00        4.306E-07        82.724
Total number of SCF: 33    

k = [0.000, 0.000, 0.000]
Occupation of state 239 = 0.000000000000000.
Occupation of state 265 = 0.000000000000000.
Exx outer loop error: 3.9463719428e-03 

No.5 Exx outer loop: 
1            -2.8568368514E+01         1.2033E+00        8.788E-04        83.179
2            -2.8568462202E+01         1.1975E+00        6.142E-04        80.501
3            -2.8569023199E+01         1.1115E+00        1.639E-03        85.192
4            -2.8569086456E+01         1.1038E+00        1.945E-03        80.508
5            -2.8569213628E+01         1.1356E+00        1.826E-03        83.040
6            -2.8569228144E+01         1.1141E+00        2.058E-03        81.355
7            -2.8568972115E+01         1.1794E+00        9.058E-04        80.646
8            -2.8568812998E+01         1.2435E+00        6.648E-04        80.105
9            -2.8568720705E+01         1.1968E+00        3.212E-04        80.276
10           -2.8568608517E+01         1.2058E+00        1.696E-04        76.717
11           -2.8568548987E+01         1.2066E+00        1.116E-04        85.380
12           -2.8568511648E+01         1.2021E+00        1.177E-04        93.315
13           -2.8568472792E+01         1.2027E+00        6.502E-05        83.933
14           -2.8568448739E+01         1.1997E+00        4.978E-05        88.912
15           -2.8568423876E+01         1.1977E+00        3.387E-05        85.726
16           -2.8568396373E+01         1.1969E+00        2.736E-05        108.724
17           -2.8568381965E+01         1.1966E+00        2.148E-05        110.995
18           -2.8568367499E+01         1.1967E+00        1.400E-05        102.570
19           -2.8568361648E+01         1.1971E+00        9.100E-06        80.162
20           -2.8568357546E+01         1.1973E+00        6.910E-06        80.712
21           -2.8568355777E+01         1.1973E+00        6.098E-06        82.844
22           -2.8568353575E+01         1.1973E+00        3.824E-06        87.104
23           -2.8568352311E+01         1.1975E+00        3.056E-06        83.674
24           -2.8568352978E+01         1.1976E+00        1.846E-06        85.400
25           -2.8568352495E+01         1.1974E+00        2.217E-06        80.483
26           -2.8568351784E+01         1.1974E+00        1.785E-06        91.374
27           -2.8568351572E+01         1.1975E+00        2.932E-06        111.045
28           -2.8568351443E+01         1.1974E+00        6.420E-07        83.120
Total number of SCF: 28    

k = [0.000, 0.000, 0.000]
Occupation of state 239 = 0.000000000000000.
Occupation of state 265 = 0.000000000000000.
Exx outer loop error: 1.4591725178e-03 

No.6 Exx outer loop: 
1            -2.8568360237E+01         1.2224E+00        5.086E-04        83.206
2            -2.8568410887E+01         1.2153E+00        2.937E-04        81.162
3            -2.8568498104E+01         1.2235E+00        2.012E-04        80.219
4            -2.8568524117E+01         1.2525E+00        3.437E-04        82.653
5            -2.8568513392E+01         1.2513E+00        2.547E-04        82.941
6            -2.8568490611E+01         1.2334E+00        1.074E-04        89.668
7            -2.8568477745E+01         1.2234E+00        1.200E-04        80.297
8            -2.8568443862E+01         1.2188E+00        7.269E-05        77.116
9            -2.8568416858E+01         1.2173E+00        3.548E-05        80.715
10           -2.8568395451E+01         1.2195E+00        4.017E-05        88.094
11           -2.8568379523E+01         1.2184E+00        1.766E-05        114.781
12           -2.8568375937E+01         1.2161E+00        2.058E-05        81.487
13           -2.8568370984E+01         1.2150E+00        1.536E-05        85.345
14           -2.8568366969E+01         1.2148E+00        9.923E-06        113.173
15           -2.8568359965E+01         1.2146E+00        4.526E-06        111.712
16           -2.8568357678E+01         1.2143E+00        3.516E-06        88.443
17           -2.8568355812E+01         1.2144E+00        2.948E-06        114.632
18           -2.8568355992E+01         1.2140E+00        5.215E-06        95.132
19           -2.8568355236E+01         1.2143E+00        1.852E-06        103.051
20           -2.8568355302E+01         1.2144E+00        1.005E-06        88.815
21           -2.8568355179E+01         1.2142E+00        2.193E-06        158.578
22           -2.8568354748E+01         1.2144E+00        5.457E-07        96.717
Total number of SCF: 22    

k = [0.000, 0.000, 0.000]
Occupation of state 239 = 0.000000000000000.
Occupation of state 265 = 0.000000000000000.
Exx outer loop error: 2.8833374709e-04 

No.7 Exx outer loop: 
1            -2.8568358053E+01         1.2341E+00        3.543E-04        83.260
2            -2.8568395452E+01         1.2223E+00        1.783E-04        83.443
3            -2.8568544966E+01         1.2065E+00        3.923E-04        83.968
4            -2.8568512754E+01         1.2274E+00        1.218E-04        107.306
5            -2.8568468868E+01         1.2284E+00        6.602E-05        87.805
6            -2.8568428901E+01         1.2321E+00        1.221E-04        104.337
7            -2.8568431640E+01         1.2356E+00        1.390E-04        100.696
8            -2.8568430342E+01         1.2352E+00        1.299E-04        91.897
9            -2.8568427719E+01         1.2313E+00        8.009E-05        84.591
10           -2.8568403901E+01         1.2262E+00        3.035E-05        95.682
11           -2.8568394818E+01         1.2251E+00        2.123E-05        98.516
12           -2.8568386760E+01         1.2254E+00        1.763E-05        80.088
13           -2.8568376446E+01         1.2253E+00        1.621E-05        91.183
14           -2.8568366314E+01         1.2272E+00        3.366E-05        80.073
15           -2.8568363582E+01         1.2245E+00        9.175E-06        91.178
16           -2.8568362000E+01         1.2257E+00        1.365E-05        76.513
17           -2.8568360309E+01         1.2241E+00        9.239E-06        84.580
18           -2.8568357123E+01         1.2248E+00        5.111E-06        81.974
19           -2.8568354732E+01         1.2249E+00        6.409E-06        79.964
20           -2.8568355308E+01         1.2246E+00        1.304E-06        79.975
21           -2.8568355613E+01         1.2249E+00        3.028E-06        80.083
22           -2.8568355758E+01         1.2249E+00        2.054E-06        80.743
23           -2.8568355467E+01         1.2250E+00        1.923E-06        75.747
24           -2.8568355426E+01         1.2249E+00        7.818E-07        83.593
Total number of SCF: 24    

k = [0.000, 0.000, 0.000]
Occupation of state 239 = 0.000000000000000.
Occupation of state 265 = 0.000000000000000.
Exx outer loop error: 4.1249148685e-04 

No.8 Exx outer loop: 
1            -2.8568356712E+01         1.2392E+00        2.500E-04        83.133
2            -2.8568382829E+01         1.2299E+00        1.147E-04        80.141
3            -2.8568458327E+01         1.2297E+00        1.356E-04        80.088
4            -2.8568417035E+01         1.2322E+00        8.682E-05        80.419
5            -2.8568389369E+01         1.2342E+00        2.523E-05        80.048
6            -2.8568376618E+01         1.2338E+00        1.788E-05        80.039
7            -2.8568375363E+01         1.2322E+00        1.445E-05        80.379
8            -2.8568371724E+01         1.2319E+00        1.182E-05        80.001
9            -2.8568367871E+01         1.2319E+00        1.022E-05        79.915
10           -2.8568365716E+01         1.2321E+00        6.060E-06        80.660
11           -2.8568363887E+01         1.2320E+00        5.699E-06        80.338
12           -2.8568361130E+01         1.2318E+00        3.677E-06        79.810
13           -2.8568359311E+01         1.2318E+00        2.463E-06        79.873
14           -2.8568358326E+01         1.2314E+00        3.736E-06        82.761
15           -2.8568357558E+01         1.2315E+00        1.884E-06        81.976
16           -2.8568356723E+01         1.2317E+00        1.926E-06        80.347
17           -2.8568356785E+01         1.2316E+00        1.123E-06        79.656
18           -2.8568356481E+01         1.2318E+00        1.428E-06        79.765
19           -2.8568356417E+01         1.2318E+00        1.249E-06        79.496
20           -2.8568356368E+01         1.2317E+00        6.388E-07        79.474
Total number of SCF: 20    

k = [0.000, 0.000, 0.000]
Occupation of state 239 = 0.000000000000000.
Occupation of state 265 = 0.000000000000000.
Exx outer loop error: 3.4785446339e-05 
====================================================================
                    Energy and force calculation                    
====================================================================
Free energy per atom               : -2.8568353398E+01 (Ha/atom)
Total free energy                  : -1.6283961437E+03 (Ha)
Band structure energy              : -4.1216372644E+02 (Ha)
Exchange correlation energy        : -2.8840656364E+02 (Ha)
Self and correction energy         : -2.1448305076E+03 (Ha)
Entropy*kb*T                       : -1.9514415741E-03 (Ha)
Fermi level                        : -1.6183629830E-01 (Ha)
RMS force                          :  2.6207544750E-02 (Ha/Bohr)
Maximum force                      :  1.0341441551E-01 (Ha/Bohr)
Time for force calculation         :  1.024 (sec)
***************************************************************************
                               Timing info                                 
***************************************************************************
Total walltime                     :  34715.245 sec
___________________________________________________________________________

***************************************************************************
*             Material Physics & Mechanics Group, Georgia Tech            *
*                       PI: Phanish Suryanarayana                         *
*                Main Developers: Qimen Xu, Abhiraj Sharma                *
*     Collaborators: J.E. Pask (LLNL), A.J. Medford (GT), E. Chow (GT)    *
*  Acknowledgements: U.S. DOE (DE-SC0019410); U.S. NSF (1333500,1553212)  *
***************************************************************************
                                                                           
