                Step[ FC]     Time          Energy          fmax
*Force-consistent energies used in optimization.
BFGSLineSearch:    0[  0] 14:51:59   -40437.151385*      14.3675
BFGSLineSearch:    1[  1] 14:57:22   -40441.277718*       9.3073
BFGSLineSearch:    2[  3] 15:08:41   -40442.472814*       6.2394
BFGSLineSearch:    3[  5] 15:21:10   -40443.336461*       6.2749
BFGSLineSearch:    4[  6] 15:27:31   -40444.027695*       8.2964
BFGSLineSearch:    5[  7] 15:34:28   -40444.780633*       5.6290
BFGSLineSearch:    6[  9] 15:48:19   -40445.390092*       3.4885
BFGSLineSearch:    7[ 11] 16:01:37   -40445.744652*       2.6301
BFGSLineSearch:    8[ 13] 16:16:51   -40445.955684*       1.5893
BFGSLineSearch:    9[ 14] 16:24:34   -40446.139080*       1.7730
BFGSLineSearch:   10[ 16] 16:39:57   -40446.317726*       1.5490
BFGSLineSearch:   11[ 18] 16:54:47   -40446.439644*       0.9457
BFGSLineSearch:   12[ 20] 17:06:35   -40446.505245*       0.7361
BFGSLineSearch:   13[ 21] 17:12:23   -40446.560673*       0.8739
BFGSLineSearch:   14[ 22] 17:18:03   -40446.603178*       0.5923
BFGSLineSearch:   15[ 24] 17:28:40   -40446.634318*       0.4045
BFGSLineSearch:   16[ 26] 17:39:38   -40446.650166*       0.3804
BFGSLineSearch:   17[ 27] 17:46:23   -40446.667519*       0.7966
BFGSLineSearch:   18[ 28] 17:52:45   -40446.681359*       0.1594
BFGSLineSearch:   19[ 29] 17:58:59   -40446.690935*       0.2531
BFGSLineSearch:   20[ 31] 18:10:55   -40446.699856*       0.3306
BFGSLineSearch:   21[ 32] 18:16:42   -40446.711263*       0.3375
BFGSLineSearch:   22[ 33] 18:23:05   -40446.720497*       0.4963
BFGSLineSearch:   23[ 35] 18:34:08   -40446.728169*       0.3895
BFGSLineSearch:   24[ 36] 18:39:36   -40446.735548*       0.4430
BFGSLineSearch:   25[ 37] 18:46:26   -40446.745292*       0.4107
BFGSLineSearch:   26[ 38] 18:51:33   -40446.753402*       0.2885
BFGSLineSearch:   27[ 39] 18:56:25   -40446.762592*       0.1487
                Step[ FC]     Time          Energy          fmax
*Force-consistent energies used in optimization.
BFGSLineSearch:    0[  0] 21:02:43   -40446.762600*       0.1473
BFGSLineSearch:    1[  2] 21:15:16   -40446.766916*       0.3037
BFGSLineSearch:    2[  4] 21:27:26   -40446.777363*       0.2582
BFGSLineSearch:    3[  5] 21:36:06   -40446.789342*       0.3207
BFGSLineSearch:    4[  6] 21:42:11   -40446.797543*       0.5773
BFGSLineSearch:    5[  8] 21:53:11   -40446.802500*       0.2967
BFGSLineSearch:    6[ 10] 22:06:00   -40446.806604*       0.1867
BFGSLineSearch:    7[ 11] 22:11:24   -40446.809462*       0.0855
BFGSLineSearch:    8[ 12] 22:17:29   -40446.812352*       0.2158
BFGSLineSearch:    9[ 13] 22:24:12   -40446.815899*       0.1865
BFGSLineSearch:   10[ 14] 22:29:41   -40446.817960*       0.0907
BFGSLineSearch:   11[ 15] 22:34:23   -40446.819625*       0.0870
BFGSLineSearch:   12[ 18] 22:51:11   -40446.819948*       0.0827
BFGSLineSearch:   13[ 19] 22:58:05   -40446.820737*       0.0471
                Step[ FC]     Time          Energy          fmax
*Force-consistent energies used in optimization.
BFGSLineSearch:    0[  0] 23:48:21   -40446.820729*       0.0473
