                Step[ FC]     Time          Energy          fmax
*Force-consistent energies used in optimization.
BFGSLineSearch:    0[  0] 14:51:26   -40437.590110*      10.9203
BFGSLineSearch:    1[  1] 14:57:49   -40440.287900*       6.7963
BFGSLineSearch:    2[  3] 15:11:13   -40441.753329*       4.1848
BFGSLineSearch:    3[  5] 15:23:02   -40442.711325*       2.9545
BFGSLineSearch:    4[  7] 15:35:29   -40443.174394*       7.0290
BFGSLineSearch:    5[  8] 15:42:59   -40443.852528*       5.2057
BFGSLineSearch:    6[  9] 15:50:38   -40444.402054*       4.8032
BFGSLineSearch:    7[ 10] 15:58:30   -40444.859606*       4.0593
BFGSLineSearch:    8[ 12] 16:15:00   -40445.249428*       3.6523
BFGSLineSearch:    9[ 14] 16:30:01   -40445.563700*       2.8868
BFGSLineSearch:   10[ 16] 16:43:10   -40445.860260*       3.6867
BFGSLineSearch:   11[ 18] 16:57:43   -40446.112132*       2.7698
BFGSLineSearch:   12[ 20] 17:12:25   -40446.314606*       2.2195
BFGSLineSearch:   13[ 21] 17:20:05   -40446.579277*       1.6759
BFGSLineSearch:   14[ 22] 17:27:13   -40446.784969*       0.8542
BFGSLineSearch:   15[ 23] 17:34:05   -40446.940388*       1.2111
BFGSLineSearch:   16[ 24] 17:40:16   -40447.058213*       0.6533
BFGSLineSearch:   17[ 25] 17:46:43   -40447.117980*       1.9602
BFGSLineSearch:   18[ 27] 17:57:55   -40447.169553*       0.7718
BFGSLineSearch:   19[ 29] 18:09:52   -40447.204640*       0.6500
BFGSLineSearch:   20[ 30] 18:16:30   -40447.236806*       0.4652
BFGSLineSearch:   21[ 31] 18:23:20   -40447.264223*       0.5536
BFGSLineSearch:   22[ 32] 18:30:35   -40447.288973*       0.4034
BFGSLineSearch:   23[ 33] 18:39:08   -40447.302034*       0.2441
BFGSLineSearch:   24[ 34] 18:45:27   -40447.314535*       0.4910
                Step[ FC]     Time          Energy          fmax
*Force-consistent energies used in optimization.
BFGSLineSearch:    0[  0] 19:20:10   -40447.314668*       0.4811
BFGSLineSearch:    1[  2] 19:31:01   -40447.322736*       0.2304
BFGSLineSearch:    2[  3] 19:38:22   -40447.328460*       0.1908
BFGSLineSearch:    3[  4] 19:44:40   -40447.342623*       0.2291
BFGSLineSearch:    4[  5] 19:51:14   -40447.352436*       0.4238
BFGSLineSearch:    5[  6] 19:57:25   -40447.364451*       0.1901
BFGSLineSearch:    6[  7] 20:03:54   -40447.376986*       0.3306
BFGSLineSearch:    7[  8] 20:11:30   -40447.384150*       0.1656
BFGSLineSearch:    8[  9] 20:21:26   -40447.387234*       0.1597
BFGSLineSearch:    9[ 10] 20:26:56   -40447.389700*       0.1056
BFGSLineSearch:   10[ 11] 20:31:51   -40447.391093*       0.2428
BFGSLineSearch:   11[ 12] 20:35:26   -40447.392773*       0.0861
BFGSLineSearch:   12[ 13] 20:40:48   -40447.394329*       0.1031
BFGSLineSearch:   13[ 14] 20:45:22   -40447.395874*       0.0675
BFGSLineSearch:   14[ 15] 20:51:39   -40447.397154*       0.3449
BFGSLineSearch:   15[ 17] 21:00:20   -40447.398204*       0.1312
BFGSLineSearch:   16[ 19] 21:10:51   -40447.398928*       0.1071
BFGSLineSearch:   17[ 21] 21:19:40   -40447.399985*       0.0712
BFGSLineSearch:   18[ 24] 21:34:47   -40447.402115*       0.1272
BFGSLineSearch:   19[ 27] 21:51:36   -40447.403602*       0.0929
BFGSLineSearch:   20[ 30] 22:10:24   -40447.405493*       0.4399
BFGSLineSearch:   21[ 40] 22:37:49   -40447.405661*       0.6548
BFGSLineSearch:   22[ 41] 22:42:11   -40447.409662*       0.1059
BFGSLineSearch:   23[ 42] 22:47:34   -40447.413006*       0.3707
BFGSLineSearch:   24[ 43] 22:52:27   -40447.416899*       0.3453
BFGSLineSearch:   25[ 44] 22:57:44   -40447.420743*       0.0954
                Step[ FC]     Time          Energy          fmax
*Force-consistent energies used in optimization.
BFGSLineSearch:    0[  0] 23:47:07   -40447.420738*       0.0936
BFGSLineSearch:    1[  2] 00:06:25   -40447.422408*       0.1437
BFGSLineSearch:    2[  5] 00:40:55   -40447.425542*       0.4232
BFGSLineSearch:    3[  7] 00:58:04   -40447.426941*       0.0773
BFGSLineSearch:    4[  9] 01:19:51   -40447.428042*       0.1194
BFGSLineSearch:    5[ 10] 01:30:55   -40447.428873*       0.0776
BFGSLineSearch:    6[ 13] 01:57:45   -40447.430327*       0.1150
BFGSLineSearch:    7[ 14] 02:05:05   -40447.431323*       0.2278
BFGSLineSearch:    8[ 15] 02:15:16   -40447.432513*       0.2807
BFGSLineSearch:    9[ 17] 02:32:37   -40447.432985*       0.2768
BFGSLineSearch:   10[ 18] 02:42:26   -40447.434832*       0.1296
BFGSLineSearch:   11[ 19] 02:51:28   -40447.436182*       0.0761
BFGSLineSearch:   12[ 20] 03:03:30   -40447.437431*       0.1185
BFGSLineSearch:   13[ 21] 03:14:19   -40447.439274*       0.1772
BFGSLineSearch:   14[ 23] 03:35:20   -40447.440921*       0.3143
BFGSLineSearch:   15[ 24] 03:44:26   -40447.443556*       0.1487
                Step[ FC]     Time          Energy          fmax
*Force-consistent energies used in optimization.
BFGSLineSearch:    0[  0] 09:18:47   -40447.443514*       0.1522
BFGSLineSearch:    1[  3] 09:47:05   -40447.446085*       0.4053
BFGSLineSearch:    2[  6] 10:27:37   -40447.452008*       0.2155
BFGSLineSearch:    3[  8] 10:47:29   -40447.464230*       0.3165
BFGSLineSearch:    4[  9] 10:58:43   -40447.470542*       0.3140
BFGSLineSearch:    5[ 13] 11:32:25   -40447.476029*       0.4688
BFGSLineSearch:    6[ 18] 12:12:01   -40447.477972*       0.6767
BFGSLineSearch:    7[ 19] 12:23:22   -40447.486312*       0.5081
BFGSLineSearch:    8[ 20] 12:33:01   -40447.493121*       0.1195
BFGSLineSearch:    9[ 22] 12:51:26   -40447.496845*       0.1967
BFGSLineSearch:   10[ 25] 13:26:23   -40447.502637*       0.1290
                Step[ FC]     Time          Energy          fmax
*Force-consistent energies used in optimization.
BFGSLineSearch:    0[  0] 10:23:41   -40447.502584*       0.1281
BFGSLineSearch:    1[  1] 10:41:27   -40447.505749*       0.1589
BFGSLineSearch:    2[  2] 10:57:56   -40447.509426*       0.2669
BFGSLineSearch:    3[  5] 11:45:26   -40447.514942*       0.3327
BFGSLineSearch:    4[  8] 12:35:57   -40447.517564*       0.5729
BFGSLineSearch:    5[ 12] 13:23:45   -40447.517968*       0.6444
BFGSLineSearch:    6[ 13] 13:33:56   -40447.520951*       0.2198
BFGSLineSearch:    7[ 16] 14:18:27   -40447.522965*       0.2503
BFGSLineSearch:    8[ 17] 14:29:00   -40447.524517*       0.2357
BFGSLineSearch:    9[ 18] 14:41:00   -40447.527534*       0.0835
BFGSLineSearch:   10[ 20] 15:07:39   -40447.528984*       0.1421
BFGSLineSearch:   11[ 23] 15:48:18   -40447.531504*       0.1281
BFGSLineSearch:   12[ 26] 16:31:53   -40447.534255*       0.1014
                Step[ FC]     Time          Energy          fmax
*Force-consistent energies used in optimization.
BFGSLineSearch:    0[  0] 17:07:12   -40447.534272*       0.0979
BFGSLineSearch:    1[  1] 17:15:14   -40447.536157*       0.0929
BFGSLineSearch:    2[  4] 17:43:06   -40447.538657*       0.2868
BFGSLineSearch:    3[  7] 18:13:36   -40447.541646*       0.1189
BFGSLineSearch:    4[ 10] 18:45:03   -40447.543932*       0.0934
BFGSLineSearch:    5[ 22] 19:45:16   -40447.544523*       0.3547
BFGSLineSearch:    6[ 23] 19:53:22   -40447.546430*       0.0670
BFGSLineSearch:    7[ 25] 20:09:52   -40447.548802*       0.1020
BFGSLineSearch:    8[ 28] 20:44:15   -40447.550061*       0.2603
BFGSLineSearch:    9[ 30] 21:03:26   -40447.551028*       0.1020
BFGSLineSearch:   10[ 31] 21:11:17   -40447.551863*       0.0775
BFGSLineSearch:   11[ 33] 21:28:23   -40447.552585*       0.0562
BFGSLineSearch:   12[ 34] 21:34:47   -40447.553200*       0.0864
BFGSLineSearch:   13[ 36] 21:50:44   -40447.553365*       0.1264
                Step[ FC]     Time          Energy          fmax
*Force-consistent energies used in optimization.
BFGSLineSearch:    0[  0] 09:40:46   -40447.553340*       0.1362
BFGSLineSearch:    1[  1] 09:48:15   -40447.553505*       0.0689
BFGSLineSearch:    2[ 18] 10:47:45   -40447.553533*       0.1047
BFGSLineSearch:    3[ 19] 10:56:54   -40447.554174*       0.0713
BFGSLineSearch:    4[ 22] 11:29:03   -40447.554793*       0.1563
BFGSLineSearch:    5[ 25] 11:55:57   -40447.555609*       0.2577
BFGSLineSearch:    6[ 41] 13:14:20   -40447.555856*       0.2741
BFGSLineSearch:    7[ 42] 13:21:53   -40447.556752*       0.1001
BFGSLineSearch:    8[ 45] 13:50:27   -40447.557314*       0.0639
BFGSLineSearch:    9[ 46] 13:57:42   -40447.557713*       0.0605
