***************************************************************************
*                       SPARC (version Nov 19, 2021)                      *
*   Copyright (c) 2020 Material Physics & Mechanics Group, Georgia Tech   *
*           Distributed under GNU General Public License 3 (GPL)          *
*                   Start time: Wed Dec 15 09:39:15 2021                  *
***************************************************************************
                           Input parameters                                
***************************************************************************
CELL: 12.4338823950489 11.2657846029438 47.5378507412217 
LATVEC:
1.000000000000000 0.000000000000000 0.000000000000000 
-0.000130020950961 0.999999991547276 0.000000000000000 
0.000000000000000 -0.000000000000000 1.000000000000000 
FD_GRID: 66 60 252
FD_ORDER: 12
BC: P P D
KPOINT_GRID: 4 4 1
KPOINT_SHIFT: 0 0 0
SPIN_TYP: 1
ELEC_TEMP_TYPE: Gaussian
SMEARING: 0.007349864435
CHEB_DEGREE: 37
NSTATES: 239
EXCHANGE_CORRELATION: HSE
CALC_STRESS: 0
CALC_PRES: 0
CHEFSI_BOUND_FLAG: 0
MAXIT_SCF: 100
MINIT_SCF: 3
MAXIT_POISSON: 3000
TOL_SCF: 1.00E-06
POISSON_SOLVER: AAR
TOL_POISSON: 1.00E-08
TOL_LANCZOS: 1.00E-02
TOL_PSEUDOCHARGE: 1.00E-08
MIXING_VARIABLE: density
MIXING_PRECOND: kerker
MIXING_PRECOND_MAG: none
TOL_PRECOND: 3.54E-05
PRECOND_KERKER_KTF: 1
PRECOND_KERKER_THRESH: 0.1
MIXING_PARAMETER: 0.3
MIXING_PARAMETER_MAG: 0.3
MIXING_HISTORY: 7
PULAY_FREQUENCY: 1
PULAY_RESTART: 0
REFERENCE_CUTOFF: 0.5
RHO_TRIGGER: 4
FIX_RAND: 0
VERBOSITY: 1
PRINT_FORCES: 1
PRINT_ATOMS: 1
PRINT_EIGEN: 1
PRINT_DENSITY: 0
PRINT_ENERGY_DENSITY: 0
TOL_FOCK: 5.00E-05
TOL_SCF_INIT: 1.00E-04
MAXIT_FOCK: 1000
EXX_METHOD: FOURIER_SPACE
EXX_DIVERGENCE: AUXILIARY
ACE_FLAG: 1
EXX_ACE_MEM: 1
EXX_ACE_VALENCE_STATES: 10000
EXX_DOWNSAMPLING: 1 1 1
EXX_RANGE_FOCK: 0.106000
EXX_RANGE_PBE: 0.106000
OUTPUT_FILE: sprc-calc
***************************************************************************
                                Cell                                       
***************************************************************************
Lattice vectors (Bohr):
12.433882395048860 0.000000000000000 0.000000000000000 
-0.001464788027397 11.265784507717260 0.000000000000000 
0.000000000000000 -0.000000000000000 47.537850741221725 
Volume                  :  6.6589804186E+03 (Bohr^3)
***************************************************************************
                           Parallelization                                 
***************************************************************************
NP_SPIN_PARAL: 2
NP_KPOINT_PARAL: 10
NP_BAND_PARAL: 1
NP_DOMAIN_PARAL: 2 1 8
NP_DOMAIN_PHI_PARAL: 4 4 21
EIG_SERIAL_MAXNS: 1500
***************************************************************************
                             Initialization                                
***************************************************************************
Number of processors               :  336
Mesh spacing in x-direction        :  0.188392 (Bohr)
Mesh spacing in y-direction        :  0.187763 (Bohr)
Mesh spacing in z direction        :  0.188642 (Bohr)
Number of symmetry adapted k-points:  10
Output printed to                  :  sprc-calc.out
Final eigenvalues printed to       :  sprc-calc.eigen
Total number of atom types         :  5
Total number of atoms              :  53
Total number of electrons          :  391
Atom type 1  (valence electrons)   :  C 4
Pseudopotential                    :  C.psp8
Pseudocharge radii of atom type 1  :  6.78 6.76 6.79 (x, y, z dir)
Number of atoms of type 1          :  1
Atom type 2  (valence electrons)   :  H 1
Pseudopotential                    :  H.psp8
Pseudocharge radii of atom type 2  :  3.77 3.76 3.77 (x, y, z dir)
Number of atoms of type 2          :  4
Atom type 3  (valence electrons)   :  N 5
Pseudopotential                    :  N.psp8
Pseudocharge radii of atom type 3  :  6.78 6.76 6.79 (x, y, z dir)
Number of atoms of type 3          :  1
Atom type 4  (valence electrons)   :  O 6
Pseudopotential                    :  O.psp8
Pseudocharge radii of atom type 4  :  6.78 6.76 6.79 (x, y, z dir)
Number of atoms of type 4          :  31
Atom type 5  (valence electrons)   :  Ti 12
Pseudopotential                    :  Ti.psp8
Pseudocharge radii of atom type 5  :  6.78 6.76 6.79 (x, y, z dir)
Number of atoms of type 5          :  16
Estimated total memory usage       :  448.99 GB
Estimated memory per processor     :  1.34 GB
========================================================================================
                    Self Consistent Field (SCF#1)                     
========================================================================================
Iteration     Free Energy (Ha/atom)    Magnetization     SCF Error        Timing (sec)
1            -2.7532992001E+01        -8.7423E+00        4.460E-01        297.560
2            -2.9132340489E+01         1.1192E+01        4.492E-01        74.811
3            -2.7739901904E+01         4.8070E+00        3.508E-01        75.247
4            -2.7696736294E+01        -6.2488E+00        3.045E-01        74.665
5            -2.7696531492E+01        -8.1162E-01        2.163E-01        74.959
6            -2.7719139679E+01        -6.4885E+00        1.626E-01        74.639
7            -2.7698717643E+01        -4.8224E-01        1.135E-01        74.630
8            -2.7698572775E+01        -1.8246E+00        7.896E-02        74.510
9            -2.7707980622E+01        -3.4610E-01        7.661E-02        75.667
10           -2.7697703288E+01         9.6093E-03        6.106E-02        76.751
11           -2.7676472269E+01        -1.8782E-01        4.981E-02        75.026
12           -2.7673442830E+01         6.3246E-02        4.290E-02        75.047
13           -2.7665805691E+01         1.2739E-01        3.327E-02        75.234
14           -2.7658375133E+01         3.7709E-01        2.557E-02        74.800
15           -2.7647532355E+01         1.7153E-01        1.672E-02        75.306
16           -2.7645175319E+01         3.3277E-01        1.306E-02        75.109
17           -2.7639353005E+01         1.6299E-01        1.256E-02        74.673
18           -2.7634139124E+01         3.0079E-01        8.710E-03        74.799
19           -2.7630861453E+01         2.0999E-01        6.631E-03        74.740
20           -2.7628492182E+01         2.7770E-01        5.961E-03        75.010
21           -2.7625390827E+01         2.6513E-01        4.251E-03        76.246
22           -2.7623442890E+01         2.6413E-01        2.882E-03        74.471
23           -2.7622316439E+01         2.7673E-01        2.337E-03        75.095
24           -2.7620949249E+01         2.3271E-01        3.321E-03        78.168
25           -2.7620563282E+01         2.7326E-01        2.005E-03        74.530
26           -2.7619723157E+01         2.5039E-01        2.000E-03        74.569
27           -2.7619220359E+01         1.6267E-01        3.873E-03        74.532
28           -2.7619192345E+01         1.7033E-01        3.667E-03        74.283
29           -2.7619049701E+01         1.9772E-01        2.571E-03        74.129
30           -2.7618645168E+01         1.7925E-01        2.585E-03        74.039
31           -2.7618461144E+01         2.4614E-01        9.385E-04        74.327
32           -2.7618500816E+01         2.0596E-01        1.301E-03        74.541
33           -2.7618294113E+01         2.2926E-01        5.158E-04        74.622
34           -2.7618262090E+01         2.4200E-01        9.668E-04        77.379
35           -2.7618239820E+01         2.2781E-01        5.559E-04        74.601
36           -2.7618221736E+01         2.2051E-01        3.219E-04        74.625
37           -2.7618133190E+01         2.2357E-01        6.312E-04        74.332
38           -2.7618115454E+01         2.1139E-01        1.371E-04        73.854
39           -2.7618071515E+01         2.1273E-01        1.891E-04        74.484
40           -2.7618047160E+01         2.0932E-01        8.688E-05        73.893
Total number of SCF: 40    

k = [-0.250, -0.250, 0.000]
Occupation of state 215 = 0.000000000004310.
Occupation of state 239 = 0.000000000000000.

No.1 Exx outer loop: 
1            -2.7424368548E+01         5.1515E-01        1.454E-02        124.045
2            -2.7416466269E+01         3.8119E-01        1.352E-02        119.757
3            -2.7418610520E+01         3.4760E-01        9.838E-03        119.956
4            -2.7423146078E+01         4.9815E-01        6.606E-03        119.834
5            -2.7423945423E+01         5.1684E-01        5.996E-03        120.433
6            -2.7425838424E+01         5.8117E-01        5.527E-03        120.087
7            -2.7430748483E+01         8.1408E-01        2.032E-02        119.846
8            -2.7433008140E+01         8.6245E-01        2.876E-02        121.072
9            -2.7427702053E+01         3.2108E-01        5.013E-03        119.197
10           -2.7427086638E+01         4.7964E-01        2.153E-03        119.722
11           -2.7426927758E+01         5.2108E-01        2.420E-03        119.999
12           -2.7426804277E+01         4.9838E-01        1.865E-03        120.106
13           -2.7426437533E+01         5.0319E-01        1.746E-03        120.179
14           -2.7426332393E+01         4.9578E-01        1.551E-03        119.703
15           -2.7426251324E+01         5.0832E-01        1.549E-03        120.047
16           -2.7426251178E+01         5.3427E-01        1.600E-03        120.073
17           -2.7426324995E+01         5.1870E-01        8.888E-04        119.760
18           -2.7426154031E+01         5.1056E-01        4.956E-04        119.123
19           -2.7425977521E+01         5.1683E-01        2.869E-04        119.091
20           -2.7425894976E+01         5.1401E-01        2.160E-04        119.395
21           -2.7425877375E+01         5.1481E-01        1.337E-04        118.912
22           -2.7425827409E+01         5.1338E-01        1.158E-04        120.481
23           -2.7425777475E+01         5.1365E-01        6.653E-05        121.173
24           -2.7425741846E+01         5.1315E-01        5.263E-05        119.332
25           -2.7425731858E+01         5.1260E-01        3.750E-05        119.014
26           -2.7425716646E+01         5.1251E-01        2.796E-05        118.506
27           -2.7425707912E+01         5.1210E-01        2.632E-05        119.474
28           -2.7425698861E+01         5.1219E-01        1.736E-05        118.895
29           -2.7425699958E+01         5.0914E-01        6.568E-05        118.726
30           -2.7425700249E+01         5.0917E-01        6.621E-05        118.515
31           -2.7425698767E+01         5.0965E-01        5.274E-05        118.551
32           -2.7425696767E+01         5.0934E-01        6.263E-05        118.475
33           -2.7425700521E+01         5.1106E-01        2.487E-05        119.388
34           -2.7425699391E+01         5.0930E-01        5.799E-05        118.951
35           -2.7425697175E+01         5.1267E-01        3.039E-05        120.004
36           -2.7425693700E+01         5.1191E-01        1.289E-05        119.574
37           -2.7425696074E+01         5.1190E-01        6.423E-06        119.363
38           -2.7425693851E+01         5.1254E-01        1.314E-05        119.615
39           -2.7425693401E+01         5.1275E-01        1.252E-05        118.991
40           -2.7425693496E+01         5.1262E-01        6.371E-06        118.975
41           -2.7425693949E+01         5.1259E-01        2.024E-06        117.969
42           -2.7425693335E+01         5.1252E-01        1.478E-06        118.430
43           -2.7425693501E+01         5.1266E-01        2.442E-06        118.762
44           -2.7425693538E+01         5.1263E-01        1.341E-06        118.503
45           -2.7425693328E+01         5.1266E-01        1.643E-06        118.163
46           -2.7425693413E+01         5.1261E-01        6.329E-07        117.908
Total number of SCF: 46    

k = [-0.250, -0.250, 0.000]
Occupation of state 215 = 0.000000000000000.
Occupation of state 239 = 0.000000000000000.
Exx outer loop error: 6.1652744437e-01 

No.2 Exx outer loop: 
1            -2.7426040060E+01         7.9641E-01        4.817E-03        123.001
2            -2.7425758237E+01         6.7034E-01        2.200E-03        119.949
3            -2.7425800631E+01         6.9712E-01        1.384E-03        119.185
4            -2.7425982707E+01         7.3993E-01        1.595E-03        118.788
5            -2.7426659815E+01         8.8570E-01        3.723E-03        118.851
6            -2.7426679912E+01         8.9251E-01        3.966E-03        119.612
7            -2.7426352139E+01         7.9772E-01        2.102E-03        119.024
8            -2.7426301626E+01         7.8880E-01        2.084E-03        119.280
9            -2.7426165704E+01         5.5587E-01        2.530E-03        119.210
10           -2.7426199927E+01         6.4930E-01        8.531E-04        119.669
11           -2.7426187072E+01         6.6978E-01        6.153E-04        118.967
12           -2.7426164657E+01         6.9738E-01        3.411E-04        119.339
13           -2.7426133564E+01         6.7008E-01        8.006E-04        120.509
14           -2.7426126414E+01         6.7469E-01        7.379E-04        119.442
15           -2.7426108234E+01         6.9684E-01        2.550E-04        118.919
16           -2.7426089459E+01         6.9969E-01        1.491E-04        118.982
17           -2.7426044884E+01         7.0385E-01        6.622E-05        119.687
18           -2.7426027620E+01         7.0201E-01        4.967E-05        119.421
19           -2.7426013067E+01         7.0207E-01        5.262E-05        119.692
20           -2.7425993213E+01         7.0215E-01        4.910E-05        117.739
21           -2.7425983960E+01         7.0181E-01        3.147E-05        118.672
22           -2.7425978604E+01         7.0142E-01        1.138E-05        118.026
23           -2.7425980697E+01         7.0096E-01        9.325E-06        118.432
24           -2.7425979960E+01         7.0085E-01        7.803E-06        118.483
25           -2.7425979232E+01         7.0085E-01        4.918E-06        119.329
26           -2.7425978001E+01         7.0073E-01        3.751E-06        118.494
27           -2.7425977868E+01         7.0063E-01        2.306E-06        118.428
28           -2.7425977857E+01         7.0073E-01        2.347E-06        120.154
29           -2.7425977764E+01         7.0062E-01        1.399E-06        117.800
30           -2.7425977898E+01         7.0079E-01        3.697E-06        119.528
31           -2.7425977643E+01         7.0055E-01        2.153E-06        118.215
32           -2.7425977739E+01         7.0057E-01        1.986E-06        118.391
33           -2.7425977987E+01         7.0059E-01        1.398E-06        119.684
34           -2.7425978017E+01         7.0059E-01        1.456E-06        118.106
35           -2.7425978021E+01         7.0059E-01        1.187E-06        118.086
36           -2.7425978037E+01         7.0060E-01        1.034E-06        118.524
37           -2.7425978040E+01         7.0062E-01        5.470E-07        118.098
Total number of SCF: 37    

k = [-0.250, -0.250, 0.000]
Occupation of state 215 = 0.000000000000000.
Occupation of state 239 = 0.000000000000000.
Exx outer loop error: 1.6752816684e-02 

No.3 Exx outer loop: 
1            -2.7426063439E+01         8.4373E-01        3.581E-03        122.508
2            -2.7426183768E+01         7.4091E-01        1.089E-03        118.750
3            -2.7426227263E+01         7.9581E-01        1.024E-03        118.719
4            -2.7426297127E+01         7.5059E-01        6.614E-04        119.614
5            -2.7426286746E+01         7.7008E-01        3.027E-04        118.794
6            -2.7426238245E+01         7.5850E-01        2.440E-04        119.420
7            -2.7426183155E+01         7.5892E-01        1.374E-04        119.617
8            -2.7426156155E+01         7.5647E-01        1.277E-04        119.621
9            -2.7426117754E+01         7.5547E-01        1.059E-04        120.113
10           -2.7426061163E+01         7.5508E-01        6.647E-05        120.088
11           -2.7426047512E+01         7.5529E-01        4.474E-05        119.772
12           -2.7426041343E+01         7.5633E-01        3.600E-05        119.943
13           -2.7426037328E+01         7.5616E-01        2.857E-05        121.029
14           -2.7426027076E+01         7.5673E-01        2.300E-05        119.685
15           -2.7426016126E+01         7.5590E-01        2.438E-05        118.975
16           -2.7426016134E+01         7.5693E-01        1.250E-05        119.239
17           -2.7426013125E+01         7.5724E-01        1.614E-05        119.914
18           -2.7426014931E+01         7.5721E-01        1.100E-05        120.007
19           -2.7426014660E+01         7.5706E-01        4.688E-06        119.974
20           -2.7426015904E+01         7.5690E-01        5.321E-06        120.003
21           -2.7426014434E+01         7.5694E-01        2.506E-06        119.933
22           -2.7426014336E+01         7.5708E-01        2.725E-06        119.900
23           -2.7426014061E+01         7.5699E-01        1.541E-06        119.323
24           -2.7426013981E+01         7.5700E-01        1.111E-06        120.540
25           -2.7426013991E+01         7.5715E-01        2.604E-06        119.310
26           -2.7426014450E+01         7.5708E-01        1.267E-06        119.265
27           -2.7426014367E+01         7.5696E-01        2.073E-06        119.321
28           -2.7426014542E+01         7.5701E-01        9.963E-07        119.996
Total number of SCF: 28    

k = [-0.250, -0.250, 0.000]
Occupation of state 215 = 0.000000000000000.
Occupation of state 239 = 0.000000000000000.
Exx outer loop error: 6.9518322971e-03 

No.4 Exx outer loop: 
1            -2.7426052792E+01         8.1352E-01        2.199E-03        123.089
2            -2.7426110551E+01         7.6420E-01        7.021E-04        119.165
3            -2.7426295884E+01         7.4285E-01        9.530E-04        119.257
4            -2.7426307753E+01         7.6518E-01        5.714E-04        119.214
5            -2.7426228929E+01         7.5220E-01        6.624E-04        119.466
6            -2.7426181555E+01         7.5000E-01        5.848E-04        120.785
7            -2.7426203306E+01         7.7743E-01        1.126E-04        119.788
8            -2.7426174367E+01         7.7705E-01        1.046E-04        119.795
9            -2.7426141884E+01         7.7662E-01        9.026E-05        119.570
10           -2.7426101980E+01         7.7637E-01        9.797E-05        120.447
11           -2.7426075656E+01         7.7774E-01        1.270E-04        118.685
12           -2.7426069000E+01         7.7491E-01        5.298E-05        118.810
13           -2.7426059772E+01         7.6972E-01        8.557E-05        118.800
14           -2.7426050320E+01         7.7602E-01        6.286E-05        118.507
15           -2.7426045836E+01         7.7473E-01        2.444E-05        118.790
16           -2.7426042193E+01         7.7491E-01        2.479E-05        119.033
17           -2.7426036030E+01         7.7494E-01        2.152E-05        118.567
18           -2.7426031592E+01         7.7495E-01        1.400E-05        119.272
19           -2.7426031053E+01         7.7500E-01        1.120E-05        118.418
20           -2.7426030669E+01         7.7499E-01        5.862E-06        118.746
21           -2.7426030199E+01         7.7466E-01        5.324E-06        122.834
22           -2.7426030237E+01         7.7474E-01        2.661E-06        119.114
23           -2.7426030436E+01         7.7526E-01        8.325E-06        118.571
24           -2.7426030558E+01         7.7537E-01        1.119E-05        118.567
25           -2.7426030221E+01         7.7539E-01        1.067E-05        119.667
26           -2.7426029950E+01         7.7504E-01        2.689E-06        118.405
27           -2.7426030248E+01         7.7492E-01        8.076E-07        118.138
Total number of SCF: 27    

k = [-0.250, -0.250, 0.000]
Occupation of state 215 = 0.000000000000000.
Occupation of state 239 = 0.000000000000000.
Exx outer loop error: 4.4623818604e-03 

No.5 Exx outer loop: 
1            -2.7426051747E+01         8.0316E-01        1.289E-03        125.376
2            -2.7426080195E+01         7.8208E-01        4.639E-04        119.589
3            -2.7426127895E+01         8.2221E-01        1.110E-03        119.585
4            -2.7426185826E+01         8.0192E-01        5.271E-04        119.353
5            -2.7426163193E+01         7.8761E-01        1.467E-04        119.987
6            -2.7426145207E+01         7.8607E-01        1.119E-04        119.382
7            -2.7426107426E+01         7.8676E-01        7.681E-05        119.488
8            -2.7426088911E+01         7.8682E-01        7.158E-05        119.225
9            -2.7426071699E+01         7.8742E-01        4.911E-05        119.796
10           -2.7426061582E+01         7.8695E-01        4.486E-05        119.561
11           -2.7426049640E+01         7.8744E-01        1.587E-05        118.648
12           -2.7426044086E+01         7.8923E-01        5.005E-05        119.701
13           -2.7426042451E+01         7.8731E-01        7.565E-06        119.072
14           -2.7426040936E+01         7.8837E-01        2.678E-05        119.186
15           -2.7426039264E+01         7.8723E-01        3.664E-06        118.726
16           -2.7426038743E+01         7.8744E-01        4.227E-06        121.528
17           -2.7426038608E+01         7.8750E-01        4.759E-06        118.404
18           -2.7426038376E+01         7.8737E-01        2.027E-06        118.983
19           -2.7426038181E+01         7.8734E-01        1.704E-06        118.612
20           -2.7426038105E+01         7.8724E-01        1.682E-06        119.839
21           -2.7426038101E+01         7.8726E-01        6.547E-07        118.710
Total number of SCF: 21    

k = [-0.250, -0.250, 0.000]
Occupation of state 215 = 0.000000000000000.
Occupation of state 239 = 0.000000000000000.
Exx outer loop error: 2.4615786957e-03 

No.6 Exx outer loop: 
1            -2.7426048856E+01         8.0799E-01        7.045E-04        124.612
2            -2.7426071641E+01         7.9921E-01        2.789E-04        118.866
3            -2.7426116588E+01         8.2581E-01        1.021E-03        118.931
4            -2.7426120470E+01         8.0782E-01        3.371E-04        118.581
5            -2.7426130517E+01         8.0128E-01        1.057E-04        120.151
6            -2.7426128686E+01         7.8941E-01        3.746E-04        118.648
7            -2.7426117418E+01         7.9921E-01        9.167E-05        119.930
8            -2.7426102142E+01         7.9926E-01        1.009E-04        119.587
9            -2.7426081460E+01         8.0150E-01        3.205E-05        119.990
10           -2.7426063960E+01         8.0208E-01        4.255E-05        119.698
11           -2.7426055223E+01         8.0286E-01        6.453E-05        119.428
12           -2.7426055412E+01         8.0197E-01        2.590E-05        120.141
13           -2.7426051036E+01         8.0208E-01        2.649E-05        119.656
14           -2.7426049108E+01         8.0203E-01        1.797E-05        119.466
15           -2.7426046774E+01         8.0191E-01        7.964E-06        119.343
16           -2.7426045153E+01         8.0147E-01        1.080E-05        120.836
17           -2.7426045063E+01         8.0186E-01        5.804E-06        119.217
18           -2.7426043966E+01         8.0204E-01        8.363E-06        119.645
19           -2.7426043830E+01         8.0180E-01        1.811E-06        120.206
20           -2.7426043139E+01         8.0177E-01        1.930E-06        119.888
21           -2.7426042767E+01         8.0193E-01        4.376E-06        123.762
22           -2.7426042019E+01         8.0183E-01        1.312E-06        148.310
23           -2.7426041835E+01         8.0180E-01        3.850E-07        164.613
Total number of SCF: 23    

k = [-0.250, -0.250, 0.000]
Occupation of state 215 = 0.000000000000000.
Occupation of state 239 = 0.000000000000000.
Exx outer loop error: 1.3354226864e-03 

No.7 Exx outer loop: 
1            -2.7426046857E+01         8.1865E-01        3.737E-04        122.757
2            -2.7426065292E+01         8.1496E-01        1.675E-04        118.735
3            -2.7426097881E+01         8.0081E-01        4.301E-04        118.682
4            -2.7426122916E+01         8.1716E-01        1.770E-04        118.606
5            -2.7426111830E+01         8.1739E-01        9.307E-05        119.751
6            -2.7426097407E+01         8.2048E-01        1.430E-04        118.731
7            -2.7426073837E+01         8.1740E-01        3.668E-05        118.832
8            -2.7426061122E+01         8.1729E-01        5.509E-05        118.286
9            -2.7426057135E+01         8.1786E-01        2.877E-05        119.105
10           -2.7426054970E+01         8.1891E-01        2.552E-05        118.537
11           -2.7426053049E+01         8.1813E-01        1.101E-05        118.704
12           -2.7426050066E+01         8.1830E-01        6.630E-06        118.667
13           -2.7426048057E+01         8.1789E-01        1.105E-05        123.523
14           -2.7426045920E+01         8.1795E-01        6.589E-06        118.990
15           -2.7426045630E+01         8.1797E-01        2.848E-06        118.928
16           -2.7426045098E+01         8.1792E-01        2.302E-06        125.563
17           -2.7426044487E+01         8.1796E-01        1.080E-06        119.090
18           -2.7426044040E+01         8.1792E-01        9.393E-07        118.054
Total number of SCF: 18    

k = [-0.250, -0.250, 0.000]
Occupation of state 215 = 0.000000000000000.
Occupation of state 239 = 0.000000000000000.
Exx outer loop error: 1.0422101615e-03 

No.8 Exx outer loop: 
1            -2.7426046984E+01         8.3203E-01        2.172E-04        126.080
2            -2.7426060699E+01         8.3009E-01        1.108E-04        119.648
3            -2.7426067781E+01         8.3876E-01        4.075E-04        120.001
4            -2.7426067012E+01         8.2602E-01        2.459E-04        119.807
5            -2.7426071223E+01         8.2827E-01        1.646E-04        120.146
6            -2.7426073981E+01         8.2842E-01        1.808E-04        120.021
7            -2.7426067130E+01         8.3271E-01        3.736E-05        119.778
8            -2.7426054711E+01         8.3258E-01        4.684E-05        119.306
9            -2.7426048168E+01         8.3349E-01        1.418E-05        118.486
10           -2.7426046452E+01         8.3350E-01        1.360E-05        119.240
11           -2.7426045648E+01         8.3356E-01        1.021E-05        119.335
12           -2.7426045309E+01         8.3354E-01        9.714E-06        119.145
13           -2.7426044485E+01         8.3356E-01        6.451E-06        120.110
14           -2.7426044192E+01         8.3361E-01        2.438E-06        118.737
15           -2.7426044296E+01         8.3358E-01        2.834E-06        118.505
16           -2.7426044188E+01         8.3362E-01        6.695E-07        119.683
Total number of SCF: 16    

k = [-0.250, -0.250, 0.000]
Occupation of state 215 = 0.000000000000000.
Occupation of state 239 = 0.000000000000000.
Exx outer loop error: 1.8464928182e-04 

No.9 Exx outer loop: 
1            -2.7426045381E+01         8.4525E-01        1.439E-04        123.305
2            -2.7426056682E+01         8.4419E-01        8.468E-05        118.541
3            -2.7426078543E+01         8.4460E-01        9.292E-05        119.927
4            -2.7426074504E+01         8.4691E-01        3.274E-05        119.178
5            -2.7426062747E+01         8.4718E-01        1.872E-05        118.423
6            -2.7426057506E+01         8.4739E-01        1.217E-05        119.227
7            -2.7426057305E+01         8.4730E-01        8.206E-06        120.370
8            -2.7426054567E+01         8.4743E-01        5.930E-06        119.606
9            -2.7426051108E+01         8.4747E-01        4.092E-06        118.845
10           -2.7426048922E+01         8.4746E-01        3.220E-06        119.064
11           -2.7426046419E+01         8.4747E-01        3.809E-06        118.424
12           -2.7426046613E+01         8.4743E-01        2.034E-06        118.407
13           -2.7426045830E+01         8.4747E-01        3.758E-06        118.571
14           -2.7426045688E+01         8.4744E-01        1.190E-06        119.628
15           -2.7426045382E+01         8.4743E-01        1.036E-06        118.229
16           -2.7426045114E+01         8.4742E-01        1.399E-06        118.238
17           -2.7426044974E+01         8.4746E-01        1.727E-06        118.536
18           -2.7426045015E+01         8.4745E-01        4.817E-07        118.568
Total number of SCF: 18    

k = [-0.250, -0.250, 0.000]
Occupation of state 215 = 0.000000000000000.
Occupation of state 239 = 0.000000000000000.
Exx outer loop error: 1.9034211077e-04 

No.10 Exx outer loop: 
1            -2.7426045730E+01         8.5583E-01        1.152E-04        123.467
2            -2.7426054378E+01         8.5691E-01        9.892E-05        119.586
3            -2.7426074304E+01         8.5665E-01        6.714E-05        119.560
4            -2.7426069231E+01         8.5832E-01        3.282E-05        118.995
5            -2.7426064650E+01         8.5755E-01        5.375E-05        119.174
6            -2.7426068994E+01         8.5780E-01        4.437E-05        119.145
7            -2.7426063190E+01         8.5800E-01        4.748E-05        119.233
8            -2.7426057343E+01         8.5832E-01        2.869E-05        119.019
9            -2.7426048684E+01         8.5855E-01        1.456E-05        119.206
10           -2.7426047991E+01         8.5853E-01        1.080E-05        120.887
11           -2.7426045626E+01         8.5870E-01        1.935E-05        119.131
12           -2.7426044499E+01         8.5851E-01        3.464E-06        119.035
13           -2.7426044294E+01         8.5851E-01        2.403E-06        118.311
14           -2.7426044784E+01         8.5856E-01        2.873E-06        118.607
15           -2.7426044874E+01         8.5852E-01        1.384E-06        118.285
16           -2.7426045281E+01         8.5850E-01        2.523E-06        118.656
17           -2.7426045382E+01         8.5852E-01        2.126E-06        118.236
18           -2.7426045492E+01         8.5847E-01        2.059E-06        118.700
19           -2.7426045592E+01         8.5850E-01        7.455E-07        118.238
Total number of SCF: 19    

k = [-0.250, -0.250, 0.000]
Occupation of state 215 = 0.000000000000000.
Occupation of state 239 = 0.000000000000000.
Exx outer loop error: 5.7163056818e-04 

No.11 Exx outer loop: 
1            -2.7426046452E+01         8.6553E-01        8.848E-05        123.400
2            -2.7426051350E+01         8.6491E-01        5.213E-05        119.176
3            -2.7426063566E+01         8.6636E-01        1.013E-04        119.491
4            -2.7426070558E+01         8.6399E-01        1.006E-04        118.121
5            -2.7426066799E+01         8.6575E-01        3.274E-05        118.378
6            -2.7426064437E+01         8.6623E-01        2.705E-05        118.499
7            -2.7426058556E+01         8.6650E-01        1.529E-05        118.117
8            -2.7426055986E+01         8.6670E-01        1.198E-05        118.290
9            -2.7426053293E+01         8.6682E-01        6.964E-06        119.868
10           -2.7426049017E+01         8.6668E-01        1.138E-05        118.954
11           -2.7426046920E+01         8.6678E-01        4.710E-06        119.137
12           -2.7426045545E+01         8.6675E-01        5.964E-06        119.550
13           -2.7426045459E+01         8.6677E-01        3.701E-06        119.966
14           -2.7426045559E+01         8.6680E-01        1.223E-06        119.125
15           -2.7426045257E+01         8.6677E-01        1.788E-06        119.313
16           -2.7426045482E+01         8.6683E-01        2.477E-06        119.975
17           -2.7426045593E+01         8.6679E-01        5.360E-07        118.728
Total number of SCF: 17    

k = [-0.250, -0.250, 0.000]
Occupation of state 215 = 0.000000000000000.
Occupation of state 239 = 0.000000000000000.
Exx outer loop error: 1.4254066838e-05 
====================================================================
                    Energy and force calculation                    
====================================================================
Free energy per atom               : -2.7426044985E+01 (Ha/atom)
Total free energy                  : -1.4535803842E+03 (Ha)
Band structure energy              : -3.7407534804E+02 (Ha)
Exchange correlation energy        : -1.6602596190E+02 (Ha)
Self and correction energy         : -1.9179750389E+03 (Ha)
Entropy*kb*T                       : -3.0742690291E-03 (Ha)
Fermi level                        : -1.7178928554E-01 (Ha)
RMS force                          :  1.8615525957E-02 (Ha/Bohr)
Maximum force                      :  1.0470502268E-01 (Ha/Bohr)
Time for force calculation         :  1.848 (sec)
***************************************************************************
                               Timing info                                 
***************************************************************************
Total walltime                     :  106885.933 sec
___________________________________________________________________________

***************************************************************************
*             Material Physics & Mechanics Group, Georgia Tech            *
*                       PI: Phanish Suryanarayana                         *
*                Main Developers: Qimen Xu, Abhiraj Sharma                *
*     Collaborators: J.E. Pask (LLNL), A.J. Medford (GT), E. Chow (GT)    *
*  Acknowledgements: U.S. DOE (DE-SC0019410); U.S. NSF (1333500,1553212)  *
***************************************************************************
                                                                           

***************************************************************************
*                       SPARC (version Mar 30, 2022)                      *
*   Copyright (c) 2020 Material Physics & Mechanics Group, Georgia Tech   *
*           Distributed under GNU General Public License 3 (GPL)          *
*                   Start time: Fri Apr  1 08:28:05 2022                  *
***************************************************************************
                           Input parameters                                
***************************************************************************
CELL: 12.4338823950489 11.2657846029438 47.5378507412217 
LATVEC:
1.000000000000000 0.000000000000000 0.000000000000000 
-0.000130020950961 0.999999991547276 0.000000000000000 
0.000000000000000 -0.000000000000000 1.000000000000000 
FD_GRID: 66 60 252
FD_ORDER: 12
BC: P P D
KPOINT_GRID: 4 4 1
KPOINT_SHIFT: 0 0 0
SPIN_TYP: 1
ELEC_TEMP_TYPE: Gaussian
SMEARING: 0.007349864435
CHEB_DEGREE: 37
NSTATES: 239
EXCHANGE_CORRELATION: HSE
CALC_STRESS: 0
CALC_PRES: 0
CHEFSI_BOUND_FLAG: 0
MAXIT_SCF: 100
MINIT_SCF: 3
MAXIT_POISSON: 3000
TOL_SCF: 1.00E-06
POISSON_SOLVER: AAR
TOL_POISSON: 1.00E-08
TOL_LANCZOS: 1.00E-02
TOL_PSEUDOCHARGE: 1.00E-08
MIXING_VARIABLE: density
MIXING_PRECOND: kerker
MIXING_PRECOND_MAG: none
TOL_PRECOND: 3.54E-05
PRECOND_KERKER_KTF: 1
PRECOND_KERKER_THRESH: 0.1
MIXING_PARAMETER: 0.3
MIXING_PARAMETER_MAG: 0.3
MIXING_HISTORY: 7
PULAY_FREQUENCY: 1
PULAY_RESTART: 0
REFERENCE_CUTOFF: 0.5
RHO_TRIGGER: 4
FIX_RAND: 0
VERBOSITY: 1
PRINT_FORCES: 1
PRINT_ATOMS: 1
PRINT_EIGEN: 1
PRINT_DENSITY: 0
PRINT_ENERGY_DENSITY: 0
TOL_FOCK: 5.00E-05
TOL_SCF_INIT: 1.00E-04
MAXIT_FOCK: 20
EXX_METHOD: FOURIER_SPACE
EXX_DIVERGENCE: AUXILIARY
ACE_FLAG: 1
EXX_ACE_MEM: 1
EXX_ACE_VALENCE_STATES: 10000
EXX_DOWNSAMPLING: 1 1 1
EXX_RANGE_FOCK: 0.106000
EXX_RANGE_PBE: 0.106000
OUTPUT_FILE: sprc-calc
***************************************************************************
                                Cell                                       
***************************************************************************
Lattice vectors (Bohr):
12.433882395048860 0.000000000000000 0.000000000000000 
-0.001464788027397 11.265784507717260 0.000000000000000 
0.000000000000000 -0.000000000000000 47.537850741221725 
Volume                  :  6.6589804186E+03 (Bohr^3)
***************************************************************************
                           Parallelization                                 
***************************************************************************
NP_SPIN_PARAL: 2
NP_KPOINT_PARAL: 10
NP_BAND_PARAL: 1
NP_DOMAIN_PARAL: 2 1 8
NP_DOMAIN_PHI_PARAL: 4 4 21
EIG_SERIAL_MAXNS: 1500
***************************************************************************
                             Initialization                                
***************************************************************************
Number of processors               :  336
Mesh spacing in x-direction        :  0.188392 (Bohr)
Mesh spacing in y-direction        :  0.187763 (Bohr)
Mesh spacing in z direction        :  0.188642 (Bohr)
Number of symmetry adapted k-points:  10
Output printed to                  :  sprc-calc.out_01
Final eigenvalues printed to       :  sprc-calc.eigen_01
Total number of atom types         :  5
Total number of atoms              :  53
Total number of electrons          :  391
Atom type 1  (valence electrons)   :  C 4
Pseudopotential                    :  C.psp8
Pseudocharge radii of atom type 1  :  6.78 6.76 6.79 (x, y, z dir)
Number of atoms of type 1          :  1
Atom type 2  (valence electrons)   :  H 1
Pseudopotential                    :  H.psp8
Pseudocharge radii of atom type 2  :  3.77 3.76 3.77 (x, y, z dir)
Number of atoms of type 2          :  4
Atom type 3  (valence electrons)   :  N 5
Pseudopotential                    :  N.psp8
Pseudocharge radii of atom type 3  :  6.78 6.76 6.79 (x, y, z dir)
Number of atoms of type 3          :  1
Atom type 4  (valence electrons)   :  O 6
Pseudopotential                    :  O.psp8
Pseudocharge radii of atom type 4  :  6.78 6.76 6.79 (x, y, z dir)
Number of atoms of type 4          :  31
Atom type 5  (valence electrons)   :  Ti 12
Pseudopotential                    :  Ti.psp8
Pseudocharge radii of atom type 5  :  6.78 6.76 6.79 (x, y, z dir)
Number of atoms of type 5          :  16
Estimated total memory usage       :  448.99 GB
Estimated memory per processor     :  1.34 GB
========================================================================================
                    Self Consistent Field (SCF#1)                     
========================================================================================
Iteration     Free Energy (Ha/atom)    Magnetization     SCF Error        Timing (sec)
1            -2.7532992001E+01        -8.7423E+00        4.460E-01        319.922
2            -2.9132340489E+01         1.1192E+01        4.492E-01        84.837
3            -2.7739901904E+01         4.8070E+00        3.508E-01        78.395
4            -2.7696736293E+01        -6.2488E+00        3.045E-01        84.198
5            -2.7696531492E+01        -8.1162E-01        2.163E-01        78.335
6            -2.7719139679E+01        -6.4885E+00        1.626E-01        78.213
7            -2.7698717643E+01        -4.8224E-01        1.135E-01        103.441
8            -2.7698572775E+01        -1.8246E+00        7.896E-02        78.041
9            -2.7707980623E+01        -3.4610E-01        7.661E-02        97.824
10           -2.7697703289E+01         9.6093E-03        6.106E-02        80.722
11           -2.7676472268E+01        -1.8782E-01        4.981E-02        78.679
12           -2.7673442828E+01         6.3246E-02        4.290E-02        78.211
13           -2.7665805690E+01         1.2739E-01        3.327E-02        79.494
14           -2.7658375133E+01         3.7709E-01        2.557E-02        89.386
15           -2.7647532354E+01         1.7153E-01        1.672E-02        95.513
16           -2.7645175323E+01         3.3277E-01        1.306E-02        84.536
17           -2.7639353015E+01         1.6299E-01        1.256E-02        79.274
18           -2.7634139123E+01         3.0079E-01        8.710E-03        113.613
19           -2.7630861456E+01         2.0999E-01        6.631E-03        80.295
20           -2.7628492185E+01         2.7770E-01        5.961E-03        101.990
21           -2.7625390825E+01         2.6513E-01        4.251E-03        101.028
22           -2.7623442889E+01         2.6413E-01        2.882E-03        78.473
23           -2.7622316444E+01         2.7673E-01        2.337E-03        108.189
24           -2.7620949252E+01         2.3271E-01        3.321E-03        86.382
25           -2.7620563283E+01         2.7326E-01        2.005E-03        78.123
26           -2.7619723158E+01         2.5039E-01        2.000E-03        78.523
27           -2.7619220358E+01         1.6267E-01        3.873E-03        77.671
28           -2.7619192345E+01         1.7033E-01        3.667E-03        78.637
29           -2.7619049710E+01         1.9772E-01        2.571E-03        99.690
30           -2.7618645185E+01         1.7924E-01        2.585E-03        78.065
31           -2.7618461150E+01         2.4613E-01        9.385E-04        77.866
32           -2.7618500818E+01         2.0595E-01        1.301E-03        78.155
33           -2.7618294113E+01         2.2926E-01        5.158E-04        78.526
34           -2.7618262092E+01         2.4200E-01        9.668E-04        78.470
35           -2.7618239825E+01         2.2781E-01        5.559E-04        78.193
36           -2.7618221737E+01         2.2051E-01        3.219E-04        78.315
37           -2.7618133190E+01         2.2357E-01        6.312E-04        78.436
38           -2.7618115458E+01         2.1139E-01        1.372E-04        78.565
39           -2.7618071516E+01         2.1273E-01        1.891E-04        77.601
40           -2.7618047161E+01         2.0932E-01        8.689E-05        79.067
Total number of SCF: 40    

k = [-0.250, -0.250, 0.000]
Occupation of state 215 = 0.000000000004309.
Occupation of state 239 = 0.000000000000000.

No.1 Exx outer loop: 
1            -2.7424367189E+01         5.1516E-01        1.454E-02        121.684
2            -2.7416463274E+01         3.8119E-01        1.352E-02        117.878
3            -2.7418606957E+01         3.4770E-01        9.838E-03        118.187
4            -2.7423144154E+01         4.9836E-01        6.609E-03        117.912
5            -2.7423942211E+01         5.1696E-01        5.997E-03        118.019
6            -2.7425834526E+01         5.8112E-01        5.524E-03        119.519
7            -2.7430742387E+01         8.1405E-01        2.031E-02        118.105
8            -2.7432999097E+01         8.6237E-01        2.876E-02        118.310
9            -2.7427701040E+01         3.2231E-01        4.999E-03        118.431
10           -2.7427082817E+01         4.7967E-01        2.156E-03        118.324
11           -2.7426925348E+01         5.2116E-01        2.420E-03        118.541
12           -2.7426801022E+01         4.9830E-01        1.864E-03        118.429
13           -2.7426433423E+01         5.0315E-01        1.746E-03        118.292
14           -2.7426327816E+01         4.9563E-01        1.550E-03        118.005
15           -2.7426247139E+01         5.0824E-01        1.550E-03        118.335
16           -2.7426246070E+01         5.3439E-01        1.604E-03        118.279
17           -2.7426319454E+01         5.1877E-01        8.902E-04        118.454
18           -2.7426147958E+01         5.1051E-01        4.976E-04        118.701
19           -2.7425970635E+01         5.1688E-01        2.873E-04        118.426
20           -2.7425888013E+01         5.1401E-01        2.165E-04        117.955
21           -2.7425870250E+01         5.1482E-01        1.342E-04        118.124
22           -2.7425820161E+01         5.1336E-01        1.164E-04        118.058
23           -2.7425770695E+01         5.1369E-01        6.701E-05        117.999
24           -2.7425734688E+01         5.1314E-01        5.310E-05        118.075
25           -2.7425724505E+01         5.1262E-01        3.739E-05        118.100
26           -2.7425709090E+01         5.1249E-01        2.797E-05        117.882
27           -2.7425700441E+01         5.1211E-01        2.612E-05        117.988
28           -2.7425691331E+01         5.1220E-01        1.746E-05        117.822
29           -2.7425692502E+01         5.0912E-01        6.649E-05        117.770
30           -2.7425692670E+01         5.0918E-01        6.572E-05        118.101
31           -2.7425691257E+01         5.0933E-01        5.886E-05        117.859
32           -2.7425690374E+01         5.0842E-01        8.643E-05        117.925
33           -2.7425692292E+01         5.0964E-01        5.341E-05        118.970
34           -2.7425690075E+01         5.1184E-01        1.001E-05        117.935
35           -2.7425690004E+01         5.1214E-01        1.049E-05        117.988
36           -2.7425687060E+01         5.1274E-01        2.142E-05        118.198
37           -2.7425687638E+01         5.1280E-01        2.027E-05        119.510
38           -2.7425688002E+01         5.1263E-01        1.148E-05        118.323
39           -2.7425687920E+01         5.1272E-01        7.327E-06        118.185
40           -2.7425687197E+01         5.1247E-01        2.243E-06        118.245
41           -2.7425686502E+01         5.1292E-01        8.101E-06        117.724
42           -2.7425686574E+01         5.1270E-01        2.240E-06        117.821
43           -2.7425686303E+01         5.1269E-01        2.035E-06        117.989
44           -2.7425685647E+01         5.1262E-01        9.780E-07        125.594
Total number of SCF: 44    

k = [-0.250, -0.250, 0.000]
Occupation of state 215 = 0.000000000000000.
Occupation of state 239 = 0.000000000000000.
Exx outer loop error: 6.1644357691e-01 

No.2 Exx outer loop: 
1            -2.7426032089E+01         7.9577E-01        4.809E-03        122.034
2            -2.7425746063E+01         6.7168E-01        2.198E-03        118.023
3            -2.7426925006E+01         9.2420E-01        5.315E-03        117.881
4            -2.7426495475E+01         8.9459E-01        3.934E-03        117.973
5            -2.7426185239E+01         7.5278E-01        1.462E-03        117.773
6            -2.7426436783E+01         7.0675E-01        1.089E-03        117.906
7            -2.7426385572E+01         7.2273E-01        6.034E-04        118.260
8            -2.7426458237E+01         7.2584E-01        5.538E-04        117.990
9            -2.7426416613E+01         7.2223E-01        4.932E-04        118.381
10           -2.7426353233E+01         7.1379E-01        5.690E-04        118.312
11           -2.7426252008E+01         7.1255E-01        4.834E-04        117.956
12           -2.7426103610E+01         6.8688E-01        7.154E-04        117.865
13           -2.7426060501E+01         6.9603E-01        5.047E-04        118.355
14           -2.7426002308E+01         6.6435E-01        8.480E-04        119.543
15           -2.7426023913E+01         6.7678E-01        7.243E-04        118.216
16           -2.7426017111E+01         6.7293E-01        8.010E-04        118.034
17           -2.7426026920E+01         6.6485E-01        9.097E-04        118.387
18           -2.7425990536E+01         6.8090E-01        5.645E-04        118.359
19           -2.7425988793E+01         6.8198E-01        5.748E-04        117.448
20           -2.7425987888E+01         6.8181E-01        5.825E-04        122.525
21           -2.7426003308E+01         6.8859E-01        4.395E-04        118.070
22           -2.7426005959E+01         6.9588E-01        2.278E-04        118.118
23           -2.7425999482E+01         6.9772E-01        1.167E-04        118.247
24           -2.7425990242E+01         6.9919E-01        6.216E-05        117.990
25           -2.7425996603E+01         6.9854E-01        5.901E-05        118.329
26           -2.7425991475E+01         6.9992E-01        3.767E-05        118.318
27           -2.7425974598E+01         6.9962E-01        2.201E-05        117.852
28           -2.7425970170E+01         7.0068E-01        1.446E-05        117.737
29           -2.7425968404E+01         7.0062E-01        9.544E-06        119.905
30           -2.7425966387E+01         7.0054E-01        7.944E-06        118.159
31           -2.7425964454E+01         7.0064E-01        4.333E-06        118.199
32           -2.7425963656E+01         7.0071E-01        3.488E-06        118.235
33           -2.7425963401E+01         7.0071E-01        2.948E-06        120.158
34           -2.7425962986E+01         7.0070E-01        1.891E-06        121.455
35           -2.7425962283E+01         7.0067E-01        1.105E-06        118.388
36           -2.7425962235E+01         7.0094E-01        5.189E-06        117.779
37           -2.7425962252E+01         7.0089E-01        3.890E-06        118.034
38           -2.7425962251E+01         7.0085E-01        2.272E-06        117.985
39           -2.7425962249E+01         7.0078E-01        1.010E-06        117.688
40           -2.7425962154E+01         7.0081E-01        1.852E-06        117.678
41           -2.7425962164E+01         7.0066E-01        1.345E-06        118.124
42           -2.7425962128E+01         7.0071E-01        4.421E-07        117.810
Total number of SCF: 42    

k = [-0.250, -0.250, 0.000]
Occupation of state 215 = 0.000000000000000.
Occupation of state 239 = 0.000000000000000.
Exx outer loop error: 1.6706054154e-02 

No.3 Exx outer loop: 
1            -2.7426046755E+01         8.4177E-01        3.552E-03        124.172
2            -2.7426161918E+01         7.4432E-01        1.065E-03        118.266
3            -2.7426220919E+01         7.5306E-01        6.893E-04        124.466
4            -2.7426249947E+01         7.3199E-01        6.701E-04        118.037
5            -2.7426198315E+01         7.6209E-01        4.085E-04        118.039
6            -2.7426170448E+01         7.6806E-01        3.299E-04        140.606
7            -2.7426144373E+01         7.6110E-01        1.280E-04        117.986
8            -2.7426098315E+01         7.5571E-01        1.762E-04        120.032
9            -2.7426057205E+01         7.6099E-01        8.006E-05        118.867
10           -2.7426026444E+01         7.5746E-01        7.838E-05        118.117
11           -2.7426011448E+01         7.5762E-01        3.834E-05        118.132
12           -2.7426008054E+01         7.5707E-01        2.111E-05        117.892
13           -2.7426006660E+01         7.5688E-01        1.347E-05        161.177
14           -2.7426003502E+01         7.5664E-01        1.264E-05        118.067
15           -2.7425996929E+01         7.5688E-01        6.989E-06        117.763
16           -2.7425995849E+01         7.5700E-01        5.975E-06        117.872
17           -2.7425994753E+01         7.5710E-01        4.039E-06        117.898
18           -2.7425994681E+01         7.5696E-01        3.739E-06        117.813
19           -2.7425993423E+01         7.5702E-01        1.666E-06        118.053
20           -2.7425992933E+01         7.5709E-01        1.195E-06        117.857
21           -2.7425992938E+01         7.5701E-01        1.689E-06        117.659
22           -2.7425992993E+01         7.5702E-01        1.360E-06        117.732
23           -2.7425992895E+01         7.5703E-01        1.435E-06        119.609
24           -2.7425993037E+01         7.5706E-01        7.175E-07        119.014
Total number of SCF: 24    

k = [-0.250, -0.250, 0.000]
Occupation of state 215 = 0.000000000000000.
Occupation of state 239 = 0.000000000000000.
Exx outer loop error: 7.2565723501e-03 

No.4 Exx outer loop: 
1            -2.7426030458E+01         8.1248E-01        2.183E-03        121.796
2            -2.7426084865E+01         7.6512E-01        6.969E-04        118.196
3            -2.7426373743E+01         9.2881E-01        3.850E-03        118.312
4            -2.7426379798E+01         9.1581E-01        3.179E-03        117.970
5            -2.7426400248E+01         9.1667E-01        3.158E-03        117.988
6            -2.7426130318E+01         7.9997E-01        6.956E-04        120.963
7            -2.7426107629E+01         7.9495E-01        4.062E-04        118.405
8            -2.7426070561E+01         7.7557E-01        1.567E-04        118.129
9            -2.7426064183E+01         7.7864E-01        7.543E-05        117.997
10           -2.7426060012E+01         7.7639E-01        7.010E-05        118.089
11           -2.7426051902E+01         7.7509E-01        7.356E-05        117.821
12           -2.7426041160E+01         7.7568E-01        4.259E-05        118.003
13           -2.7426032237E+01         7.7507E-01        3.586E-05        118.130
14           -2.7426021664E+01         7.7498E-01        1.776E-05        118.032
15           -2.7426016467E+01         7.7484E-01        1.426E-05        117.943
16           -2.7426012245E+01         7.7458E-01        1.702E-05        118.049
17           -2.7426011530E+01         7.7448E-01        1.722E-05        117.862
18           -2.7426011073E+01         7.7446E-01        1.581E-05        117.935
19           -2.7426011213E+01         7.7457E-01        1.400E-05        117.880
20           -2.7426010536E+01         7.7404E-01        2.483E-05        118.140
21           -2.7426009186E+01         7.7354E-01        3.416E-05        127.074
22           -2.7426008792E+01         7.7370E-01        2.936E-05        124.485
23           -2.7426008238E+01         7.7382E-01        2.489E-05        118.035
24           -2.7426009091E+01         7.7411E-01        1.909E-05        133.791
25           -2.7426009853E+01         7.7464E-01        7.654E-06        126.066
26           -2.7426007666E+01         7.7486E-01        7.744E-06        128.474
27           -2.7426007343E+01         7.7471E-01        3.838E-06        129.787
28           -2.7426007392E+01         7.7480E-01        4.119E-06        118.766
29           -2.7426006480E+01         7.7463E-01        7.013E-06        123.612
30           -2.7426006153E+01         7.7494E-01        1.950E-06        126.336
31           -2.7426005518E+01         7.7482E-01        3.589E-06        119.239
32           -2.7426004930E+01         7.7490E-01        1.390E-06        142.864
33           -2.7426004696E+01         7.7491E-01        1.152E-06        139.800
34           -2.7426004648E+01         7.7490E-01        1.219E-06        117.576
35           -2.7426004609E+01         7.7492E-01        5.942E-07        133.190
Total number of SCF: 35    

k = [-0.250, -0.250, 0.000]
Occupation of state 215 = 0.000000000000000.
Occupation of state 239 = 0.000000000000000.
Exx outer loop error: 4.4742542625e-03 

No.5 Exx outer loop: 
1            -2.7426025074E+01         8.0296E-01        1.282E-03        123.997
2            -2.7426052742E+01         7.8258E-01        4.663E-04        118.034
3            -2.7426112426E+01         8.4379E-01        1.680E-03        135.209
4            -2.7426236409E+01         7.4920E-01        1.132E-03        117.820
5            -2.7426236785E+01         7.8787E-01        2.204E-04        117.981
6            -2.7426123319E+01         7.8723E-01        1.849E-04        117.932
7            -2.7426057014E+01         7.9085E-01        1.086E-04        118.124
8            -2.7426038072E+01         7.8648E-01        4.426E-05        118.064
9            -2.7426025356E+01         7.8772E-01        5.126E-05        117.930
10           -2.7426022848E+01         7.8697E-01        2.400E-05        117.792
11           -2.7426017239E+01         7.8731E-01        2.639E-05        117.946
12           -2.7426013339E+01         7.8753E-01        1.277E-05        118.093
13           -2.7426012148E+01         7.8733E-01        5.327E-06        117.795
14           -2.7426012021E+01         7.8726E-01        5.272E-06        118.646
15           -2.7426011532E+01         7.8721E-01        4.052E-06        129.167
16           -2.7426010636E+01         7.8726E-01        2.353E-06        126.771
17           -2.7426009570E+01         7.8723E-01        1.339E-06        144.605
18           -2.7426009344E+01         7.8718E-01        1.264E-06        124.073
19           -2.7426009331E+01         7.8723E-01        1.176E-06        117.885
20           -2.7426009391E+01         7.8719E-01        6.223E-07        117.612
Total number of SCF: 20    

k = [-0.250, -0.250, 0.000]
Occupation of state 215 = 0.000000000000000.
Occupation of state 239 = 0.000000000000000.
Exx outer loop error: 2.2285050317e-03 

No.6 Exx outer loop: 
1            -2.7426019764E+01         8.0923E-01        7.299E-04        121.761
2            -2.7426043108E+01         7.9783E-01        2.673E-04        118.149
3            -2.7426062735E+01         8.2551E-01        9.598E-04        118.073
4            -2.7426051248E+01         8.0059E-01        2.667E-04        118.256
5            -2.7426063447E+01         8.0696E-01        2.300E-04        120.993
6            -2.7426042946E+01         8.0052E-01        1.175E-04        119.012
7            -2.7426013824E+01         8.0029E-01        5.828E-05        123.299
8            -2.7426006519E+01         8.0025E-01        4.726E-05        129.581
9            -2.7426010249E+01         8.0104E-01        2.460E-05        117.937
10           -2.7426012473E+01         8.0137E-01        1.447E-05        142.697
11           -2.7426013243E+01         8.0170E-01        6.140E-06        141.984
12           -2.7426012306E+01         8.0173E-01        6.206E-06        117.573
13           -2.7426012160E+01         8.0171E-01        4.999E-06        117.790
14           -2.7426012506E+01         8.0156E-01        3.662E-06        117.707
15           -2.7426012436E+01         8.0178E-01        5.096E-06        117.688
16           -2.7426012455E+01         8.0173E-01        1.592E-06        125.238
17           -2.7426012604E+01         8.0178E-01        1.428E-06        117.824
18           -2.7426012440E+01         8.0177E-01        6.407E-07        117.707
Total number of SCF: 18    

k = [-0.250, -0.250, 0.000]
Occupation of state 215 = 0.000000000000000.
Occupation of state 239 = 0.000000000000000.
Exx outer loop error: 1.6814029148e-03 

No.7 Exx outer loop: 
1            -2.7426018221E+01         8.1980E-01        4.034E-04        122.387
2            -2.7426035687E+01         8.1367E-01        1.545E-04        117.714
3            -2.7426025994E+01         8.1702E-01        9.946E-05        117.768
4            -2.7426025668E+01         8.1652E-01        7.689E-05        117.789
5            -2.7426032726E+01         8.1776E-01        7.355E-05        118.181
6            -2.7426030788E+01         8.1742E-01        9.061E-05        118.018
7            -2.7426025191E+01         8.1799E-01        6.245E-05        119.809
8            -2.7426019711E+01         8.1794E-01        3.487E-05        117.880
9            -2.7426019319E+01         8.1798E-01        2.320E-05        117.868
10           -2.7426018216E+01         8.1804E-01        1.173E-05        120.101
11           -2.7426015653E+01         8.1800E-01        6.775E-06        124.836
12           -2.7426014275E+01         8.1798E-01        4.346E-06        117.688
13           -2.7426013763E+01         8.1798E-01        3.442E-06        117.904
14           -2.7426013352E+01         8.1794E-01        2.458E-06        117.939
15           -2.7426012956E+01         8.1799E-01        2.317E-06        117.766
16           -2.7426012610E+01         8.1802E-01        1.106E-06        117.973
17           -2.7426012600E+01         8.1795E-01        3.257E-06        117.785
18           -2.7426012356E+01         8.1798E-01        1.435E-06        117.708
19           -2.7426012294E+01         8.1799E-01        7.759E-07        117.511
Total number of SCF: 19    

k = [-0.250, -0.250, 0.000]
Occupation of state 215 = 0.000000000000000.
Occupation of state 239 = 0.000000000000000.
Exx outer loop error: 3.7159855186e-04 

No.8 Exx outer loop: 
1            -2.7426014537E+01         8.3198E-01        2.138E-04        122.664
2            -2.7426029123E+01         8.3020E-01        1.110E-04        134.060
3            -2.7426076630E+01         8.3228E-01        2.414E-04        145.614
4            -2.7426069838E+01         8.3035E-01        9.200E-05        117.889
5            -2.7426071270E+01         8.3180E-01        5.990E-05        117.981
6            -2.7426048896E+01         8.3311E-01        3.218E-05        118.072
7            -2.7426045793E+01         8.3327E-01        2.561E-05        117.984
8            -2.7426037570E+01         8.3324E-01        2.290E-05        117.861
9            -2.7426030827E+01         8.3305E-01        2.133E-05        117.827
10           -2.7426029556E+01         8.3279E-01        2.378E-05        117.861
11           -2.7426029379E+01         8.3273E-01        3.097E-05        117.815
12           -2.7426030290E+01         8.3446E-01        5.465E-05        120.148
13           -2.7426027637E+01         8.3336E-01        1.169E-05        117.980
14           -2.7426025885E+01         8.3404E-01        2.956E-05        118.581
15           -2.7426022441E+01         8.3361E-01        5.787E-06        118.090
16           -2.7426020422E+01         8.3371E-01        5.428E-06        123.551
17           -2.7426018805E+01         8.3372E-01        3.967E-06        119.828
18           -2.7426015765E+01         8.3382E-01        6.710E-06        121.627
19           -2.7426014824E+01         8.3382E-01        7.381E-06        143.645
20           -2.7426014039E+01         8.3379E-01        6.393E-06        120.395
21           -2.7426013675E+01         8.3371E-01        2.170E-06        117.990
22           -2.7426013398E+01         8.3367E-01        2.044E-06        137.849
23           -2.7426013209E+01         8.3366E-01        1.570E-06        117.789
24           -2.7426013090E+01         8.3366E-01        1.506E-06        126.059
25           -2.7426013036E+01         8.3369E-01        7.924E-07        117.483
Total number of SCF: 25    

k = [-0.250, -0.250, 0.000]
Occupation of state 215 = 0.000000000000000.
Occupation of state 239 = 0.000000000000000.
Exx outer loop error: 4.6679212758e-04 

No.9 Exx outer loop: 
1            -2.7426014645E+01         8.4465E-01        1.383E-04        122.833
2            -2.7426025907E+01         8.4496E-01        1.057E-04        118.010
3            -2.7426050014E+01         8.4638E-01        7.538E-05        118.492
4            -2.7426029244E+01         8.4703E-01        3.419E-05        117.959
5            -2.7426022117E+01         8.4720E-01        2.678E-05        117.731
6            -2.7426019186E+01         8.4830E-01        5.314E-05        117.718
7            -2.7426016568E+01         8.4717E-01        3.137E-05        117.931
8            -2.7426017096E+01         8.4798E-01        3.236E-05        117.984
9            -2.7426016286E+01         8.4740E-01        9.572E-06        119.202
10           -2.7426015053E+01         8.4706E-01        1.988E-05        117.970
11           -2.7426015490E+01         8.4705E-01        1.653E-05        117.609
12           -2.7426015602E+01         8.4717E-01        1.032E-05        117.552
13           -2.7426015595E+01         8.4720E-01        9.474E-06        117.822
14           -2.7426015015E+01         8.4717E-01        1.347E-05        117.685
15           -2.7426014837E+01         8.4735E-01        6.276E-06        117.656
16           -2.7426014457E+01         8.4735E-01        6.297E-06        117.825
17           -2.7426014325E+01         8.4739E-01        2.803E-06        118.046
18           -2.7426014055E+01         8.4741E-01        1.911E-06        117.908
19           -2.7426013675E+01         8.4744E-01        8.313E-07        117.628
Total number of SCF: 19    

k = [-0.250, -0.250, 0.000]
Occupation of state 215 = 0.000000000000000.
Occupation of state 239 = 0.000000000000000.
Exx outer loop error: 6.8229146200e-04 

No.10 Exx outer loop: 
1            -2.7426015343E+01         8.5672E-01        1.122E-04        125.074
2            -2.7426022419E+01         8.5590E-01        6.716E-05        118.107
3            -2.7426064550E+01         8.6364E-01        7.211E-04        118.528
4            -2.7426048609E+01         8.6216E-01        5.044E-04        118.123
5            -2.7426026495E+01         8.5790E-01        6.835E-05        137.276
6            -2.7426027590E+01         8.5734E-01        4.772E-05        117.971
7            -2.7426034469E+01         8.5892E-01        8.319E-05        117.951
8            -2.7426032526E+01         8.5823E-01        2.071E-05        117.891
9            -2.7426030670E+01         8.5838E-01        1.248E-05        117.874
10           -2.7426028279E+01         8.5838E-01        1.178E-05        117.912
11           -2.7426025739E+01         8.5867E-01        1.757E-05        121.759
12           -2.7426022136E+01         8.5837E-01        1.619E-05        117.776
13           -2.7426020210E+01         8.5845E-01        1.043E-05        117.983
14           -2.7426017506E+01         8.5847E-01        9.280E-06        117.890
15           -2.7426016075E+01         8.5851E-01        4.376E-06        117.981
16           -2.7426014590E+01         8.5850E-01        4.050E-06        118.588
17           -2.7426013977E+01         8.5851E-01        1.982E-06        118.355
18           -2.7426013406E+01         8.5852E-01        2.136E-06        118.217
19           -2.7426013180E+01         8.5854E-01        5.217E-07        118.055
Total number of SCF: 19    

k = [-0.250, -0.250, 0.000]
Occupation of state 215 = 0.000000000000000.
Occupation of state 239 = 0.000000000000000.
Exx outer loop error: 1.2678273045e-04 

No.11 Exx outer loop: 
1            -2.7426013938E+01         8.6519E-01        1.011E-04        121.823
2            -2.7426019832E+01         8.6544E-01        7.350E-05        117.945
3            -2.7426026517E+01         8.6644E-01        6.246E-05        117.951
4            -2.7426020240E+01         8.6632E-01        2.743E-05        117.898
5            -2.7426021359E+01         8.6659E-01        2.414E-05        117.766
6            -2.7426019604E+01         8.6670E-01        1.175E-05        121.660
7            -2.7426019512E+01         8.6679E-01        6.198E-06        118.145
8            -2.7426016765E+01         8.6680E-01        3.902E-06        118.559
9            -2.7426014893E+01         8.6684E-01        4.667E-06        129.813
10           -2.7426013216E+01         8.6686E-01        3.634E-06        125.841
11           -2.7426012691E+01         8.6687E-01        2.922E-06        117.916
12           -2.7426013064E+01         8.6686E-01        2.054E-06        117.796
13           -2.7426012440E+01         8.6678E-01        3.173E-06        137.988
14           -2.7426013395E+01         8.6678E-01        2.128E-06        142.358
15           -2.7426013400E+01         8.6681E-01        1.290E-06        117.963
16           -2.7426012898E+01         8.6686E-01        2.760E-06        117.929
17           -2.7426012855E+01         8.6682E-01        4.311E-07        117.473
Total number of SCF: 17    

k = [-0.250, -0.250, 0.000]
Occupation of state 215 = 0.000000000000000.
Occupation of state 239 = 0.000000000000000.
Exx outer loop error: 7.9825589068e-05 

No.12 Exx outer loop: 
1            -2.7426012948E+01         8.7174E-01        7.514E-05        122.092
2            -2.7426017475E+01         8.7169E-01        4.874E-05        117.836
3            -2.7426024089E+01         8.6916E-01        1.499E-04        120.693
4            -2.7426026268E+01         8.7206E-01        3.262E-05        119.924
5            -2.7426015361E+01         8.7274E-01        2.379E-05        117.861
6            -2.7426013676E+01         8.7252E-01        9.424E-06        118.189
7            -2.7426011883E+01         8.7206E-01        3.981E-05        118.358
8            -2.7426011673E+01         8.7270E-01        6.211E-06        117.715
9            -2.7426012251E+01         8.7268E-01        3.795E-06        117.949
10           -2.7426012308E+01         8.7268E-01        3.148E-06        118.136
11           -2.7426012118E+01         8.7271E-01        1.483E-06        117.765
12           -2.7426012345E+01         8.7264E-01        2.600E-06        117.846
13           -2.7426012236E+01         8.7268E-01        1.254E-06        118.107
14           -2.7426012412E+01         8.7269E-01        8.596E-07        118.016
Total number of SCF: 14    

k = [-0.250, -0.250, 0.000]
Occupation of state 215 = 0.000000000000000.
Occupation of state 239 = 0.000000000000000.
Exx outer loop error: 2.7559371734e-05 
====================================================================
                    Energy and force calculation                    
====================================================================
Free energy per atom               : -2.7426012788E+01 (Ha/atom)
Total free energy                  : -1.4535786778E+03 (Ha)
Band structure energy              : -3.7406173261E+02 (Ha)
Exchange correlation energy        : -2.5871371054E+02 (Ha)
Self and correction energy         : -1.9179750389E+03 (Ha)
Entropy*kb*T                       : -3.0585133851E-03 (Ha)
Fermi level                        : -1.7179998909E-01 (Ha)
RMS force                          :  1.8596269621E-02 (Ha/Bohr)
Maximum force                      :  1.0479899243E-01 (Ha/Bohr)
Time for force calculation         :  1.609 (sec)
***************************************************************************
                               Timing info                                 
***************************************************************************
Total walltime                     :  116677.063 sec
___________________________________________________________________________

***************************************************************************
*             Material Physics & Mechanics Group, Georgia Tech            *
*                       PI: Phanish Suryanarayana                         *
*                Main Developers: Qimen Xu, Abhiraj Sharma                *
*     Collaborators: J.E. Pask (LLNL), A.J. Medford (GT), E. Chow (GT)    *
*  Acknowledgements: U.S. DOE (DE-SC0019410); U.S. NSF (1333500,1553212)  *
***************************************************************************
                                                                           
