                Step[ FC]     Time          Energy          fmax
*Force-consistent energies used in optimization.
BFGSLineSearch:    0[  0] 16:25:19   -39865.390709*       5.8898
BFGSLineSearch:    1[  2] 16:47:43   -39866.188267*       3.4085
BFGSLineSearch:    2[  3] 16:58:08   -39866.727567*       1.5274
BFGSLineSearch:    3[  5] 17:19:32   -39866.782502*       0.3840
BFGSLineSearch:    4[  7] 17:42:11   -39866.798222*       0.6970
BFGSLineSearch:    5[  9] 18:09:01   -39866.817253*       0.4524
BFGSLineSearch:    6[ 11] 18:34:30   -39866.843866*       0.8977
BFGSLineSearch:    7[ 13] 19:00:13   -39866.862398*       0.3042
BFGSLineSearch:    8[ 15] 19:18:12   -39866.877293*       0.2406
BFGSLineSearch:    9[ 17] 19:38:17   -39866.891433*       0.3780
BFGSLineSearch:   10[ 19] 20:01:04   -39866.907646*       0.2783
BFGSLineSearch:   11[ 21] 20:20:53   -39866.917529*       0.1872
BFGSLineSearch:   12[ 22] 20:30:21   -39866.929100*       0.2243
BFGSLineSearch:   13[ 23] 20:39:58   -39866.935133*       0.2840
BFGSLineSearch:   14[ 24] 20:49:28   -39866.940640*       0.1271
BFGSLineSearch:   15[ 26] 21:04:54   -39866.943702*       0.1000
                Step[ FC]     Time          Energy          fmax
*Force-consistent energies used in optimization.
BFGSLineSearch:    0[  0] 22:31:47   -39866.943692*       0.0997
BFGSLineSearch:    1[  2] 22:45:35   -39866.944891*       0.0908
BFGSLineSearch:    2[  3] 22:52:44   -39866.947462*       0.0743
BFGSLineSearch:    3[  5] 23:08:09   -39866.950768*       0.0761
BFGSLineSearch:    4[  7] 23:32:42   -39866.952573*       0.0535
BFGSLineSearch:    5[  8] 23:40:53   -39866.953727*       0.1111
BFGSLineSearch:    6[  9] 23:48:18   -39866.955006*       0.0822
BFGSLineSearch:    7[ 10] 23:53:43   -39866.955788*       0.0717
BFGSLineSearch:    8[ 11] 23:59:47   -39866.956797*       0.0446
