***************************************************************************
*                       SPARC (version Dec 27, 2021)                      *
*   Copyright (c) 2020 Material Physics & Mechanics Group, Georgia Tech   *
*           Distributed under GNU General Public License 3 (GPL)          *
*                   Start time: Sat Jan 15 03:04:35 2022                  *
***************************************************************************
                           Input parameters                                
***************************************************************************
CELL: 12.4338823950489 16.8986769044157 47.5378507412217 
LATVEC:
1.000000000000000 0.000000000000000 0.000000000000000 
-0.000130020950961 0.999999991547276 0.000000000000000 
0.000000000000000 -0.000000000000000 1.000000000000000 
FD_GRID: 66 89 252
FD_ORDER: 12
BC: P P D
KPOINT_GRID: 2 2 1
KPOINT_SHIFT: 0 0 0
SPIN_TYP: 1
ELEC_TEMP_TYPE: Gaussian
SMEARING: 0.007349864435
CHEB_DEGREE: 37
NSTATES: 267
EXCHANGE_CORRELATION: HSE
CALC_STRESS: 0
CALC_PRES: 0
CHEFSI_BOUND_FLAG: 0
MAXIT_SCF: 100
MINIT_SCF: 3
MAXIT_POISSON: 3000
TOL_SCF: 1.00E-06
POISSON_SOLVER: AAR
TOL_POISSON: 1.00E-08
TOL_LANCZOS: 1.00E-02
TOL_PSEUDOCHARGE: 1.00E-08
MIXING_VARIABLE: density
MIXING_PRECOND: kerker
MIXING_PRECOND_MAG: none
TOL_PRECOND: 3.57E-05
PRECOND_KERKER_KTF: 1
PRECOND_KERKER_THRESH: 0.1
MIXING_PARAMETER: 0.3
MIXING_PARAMETER_MAG: 0.3
MIXING_HISTORY: 7
PULAY_FREQUENCY: 1
PULAY_RESTART: 0
REFERENCE_CUTOFF: 0.5
RHO_TRIGGER: 4
FIX_RAND: 0
VERBOSITY: 1
PRINT_FORCES: 1
PRINT_ATOMS: 1
PRINT_EIGEN: 1
PRINT_DENSITY: 0
PRINT_ENERGY_DENSITY: 0
TOL_FOCK: 5.00E-05
TOL_SCF_INIT: 1.00E-04
MAXIT_FOCK: 1000
EXX_METHOD: FOURIER_SPACE
EXX_DIVERGENCE: AUXILIARY
ACE_FLAG: 1
EXX_ACE_MEM: 1
EXX_ACE_VALENCE_STATES: 10000
EXX_DOWNSAMPLING: 1 1 1
EXX_RANGE_FOCK: 0.106000
EXX_RANGE_PBE: 0.106000
OUTPUT_FILE: sprc-calc
***************************************************************************
                                Cell                                       
***************************************************************************
Lattice vectors (Bohr):
12.433882395048860 0.000000000000000 0.000000000000000 
-0.002197182041095 16.898676761575889 0.000000000000000 
0.000000000000000 -0.000000000000000 47.537850741221725 
Volume                  :  9.9884706279E+03 (Bohr^3)
***************************************************************************
                           Parallelization                                 
***************************************************************************
NP_SPIN_PARAL: 2
NP_KPOINT_PARAL: 4
NP_BAND_PARAL: 1
NP_DOMAIN_PARAL: 2 3 7
NP_DOMAIN_PHI_PARAL: 4 6 14
EIG_SERIAL_MAXNS: 1500
***************************************************************************
                             Initialization                                
***************************************************************************
Number of processors               :  336
Mesh spacing in x-direction        :  0.188392 (Bohr)
Mesh spacing in y-direction        :  0.189873 (Bohr)
Mesh spacing in z direction        :  0.188642 (Bohr)
Number of symmetry adapted k-points:  4
Output printed to                  :  sprc-calc.out
Final eigenvalues printed to       :  sprc-calc.eigen
Total number of atom types         :  4
Total number of atoms              :  57
Total number of electrons          :  438
Atom type 1  (valence electrons)   :  H 1
Pseudopotential                    :  H.psp8
Pseudocharge radii of atom type 1  :  3.77 3.80 3.77 (x, y, z dir)
Number of atoms of type 1          :  2
Atom type 2  (valence electrons)   :  N 5
Pseudopotential                    :  N.psp8
Pseudocharge radii of atom type 2  :  6.78 6.65 6.79 (x, y, z dir)
Number of atoms of type 2          :  2
Atom type 3  (valence electrons)   :  O 6
Pseudopotential                    :  O.psp8
Pseudocharge radii of atom type 3  :  6.78 6.84 6.79 (x, y, z dir)
Number of atoms of type 3          :  35
Atom type 4  (valence electrons)   :  Ti 12
Pseudopotential                    :  Ti.psp8
Pseudocharge radii of atom type 4  :  6.78 6.84 6.79 (x, y, z dir)
Number of atoms of type 4          :  18
Estimated total memory usage       :  314.75 GB
Estimated memory per processor     :  959.25 MB
========================================================================================
                    Self Consistent Field (SCF#1)                     
========================================================================================
Iteration     Free Energy (Ha/atom)    Magnetization     SCF Error        Timing (sec)
1            -2.8834949099E+01         1.6811E+00        4.676E-01        202.202
2            -2.9030931309E+01         4.4575E+00        3.484E-01        50.910
3            -2.8992822356E+01        -2.1811E+00        2.864E-01        51.281
4            -2.9071177159E+01        -4.4639E-01        1.507E-01        51.641
5            -2.9077268690E+01        -8.9981E-01        1.097E-01        50.763
6            -2.9079946340E+01        -9.1865E-01        6.918E-02        51.756
7            -2.9076443224E+01         1.4523E+00        5.344E-02        51.165
8            -2.9071264997E+01         2.9417E-01        4.150E-02        50.893
9            -2.9059055676E+01         1.3356E+00        3.349E-02        51.613
10           -2.9044709602E+01         1.3291E+00        2.286E-02        50.883
11           -2.9022433506E+01         2.0688E-01        2.503E-02        51.604
12           -2.9017116901E+01         1.6681E-01        2.058E-02        51.198
13           -2.9002989925E+01         2.3349E-01        1.603E-02        58.608
14           -2.8986461228E+01        -2.0845E-01        1.358E-02        76.394
15           -2.8972401014E+01        -2.5739E-01        8.263E-03        77.428
16           -2.8965611293E+01        -3.5992E-01        6.955E-03        68.841
17           -2.8962118137E+01        -3.4228E-01        6.134E-03        68.481
18           -2.8954375633E+01        -4.4961E-01        5.014E-03        70.869
19           -2.8950524102E+01        -4.9997E-01        3.651E-03        74.308
20           -2.8946699389E+01        -5.6402E-01        2.922E-03        81.955
21           -2.8944234933E+01        -6.2379E-01        2.636E-03        75.175
22           -2.8941919962E+01        -6.7995E-01        2.004E-03        79.865
23           -2.8939980489E+01        -7.6624E-01        1.446E-03        62.464
24           -2.8939279512E+01        -8.1939E-01        1.053E-03        65.892
25           -2.8938944077E+01        -8.7899E-01        8.016E-04        70.869
26           -2.8938588958E+01        -9.0909E-01        7.066E-04        82.450
27           -2.8938213713E+01        -9.8551E-01        5.933E-04        71.109
28           -2.8938029146E+01        -1.0173E+00        4.479E-04        70.714
29           -2.8937965670E+01        -1.0448E+00        3.901E-04        63.573
30           -2.8937920441E+01        -1.1336E+00        6.182E-04        63.265
31           -2.8937896306E+01        -1.1247E+00        2.840E-04        63.685
32           -2.8937901989E+01        -1.1767E+00        2.247E-04        71.295
33           -2.8937869300E+01        -1.1814E+00        1.651E-04        83.449
34           -2.8937820589E+01        -1.2217E+00        1.426E-04        100.546
35           -2.8937824713E+01        -1.2254E+00        1.261E-04        94.239
36           -2.8937783827E+01        -1.2293E+00        9.446E-05        115.444
Total number of SCF: 36    

k = [0.000, 0.000, 0.000]
Occupation of state 240 = 0.000000000000000.
Occupation of state 267 = 0.000000000000000.

No.1 Exx outer loop: 
1            -2.8733783038E+01        -1.6215E+00        1.538E-02        81.663
2            -2.8726531651E+01        -1.8028E+00        1.356E-02        78.757
3            -2.8736422798E+01        -2.2447E+00        1.944E-02        78.512
4            -2.8730892954E+01        -1.8179E+00        9.861E-03        78.800
5            -2.8736559750E+01        -1.7758E+00        6.942E-03        78.394
6            -2.8738088591E+01        -1.9336E+00        6.432E-03        78.909
7            -2.8739203218E+01        -1.8659E+00        3.314E-03        78.575
8            -2.8739392930E+01        -1.8303E+00        2.720E-03        79.248
9            -2.8738380601E+01        -1.8376E+00        2.228E-03        78.558
10           -2.8738654264E+01        -1.8224E+00        1.429E-03        79.227
11           -2.8738109292E+01        -1.8160E+00        1.292E-03        78.531
12           -2.8737674663E+01        -1.8033E+00        8.940E-04        78.575
13           -2.8736952761E+01        -1.7961E+00        7.074E-04        78.485
14           -2.8736456020E+01        -1.7873E+00        5.179E-04        78.791
15           -2.8736144765E+01        -1.7858E+00        3.791E-04        81.809
16           -2.8735946781E+01        -1.7836E+00        2.648E-04        78.680
17           -2.8735782723E+01        -1.7789E+00        1.833E-04        79.425
18           -2.8735770052E+01        -1.7788E+00        1.312E-04        78.710
19           -2.8735708126E+01        -1.7766E+00        9.630E-05        78.548
20           -2.8735697273E+01        -1.7774E+00        7.476E-05        78.445
21           -2.8735656468E+01        -1.7772E+00        4.517E-05        78.439
22           -2.8735638211E+01        -1.7761E+00        5.195E-05        78.494
23           -2.8735649627E+01        -1.7773E+00        2.287E-05        78.652
24           -2.8735645878E+01        -1.7770E+00        2.237E-05        78.347
25           -2.8735648362E+01        -1.7772E+00        1.092E-05        78.764
26           -2.8735645170E+01        -1.7771E+00        7.544E-06        78.479
27           -2.8735640552E+01        -1.7769E+00        5.817E-06        78.226
28           -2.8735639415E+01        -1.7770E+00        3.634E-06        78.163
29           -2.8735639407E+01        -1.7770E+00        2.584E-06        78.498
30           -2.8735639414E+01        -1.7770E+00        1.523E-06        78.523
31           -2.8735639400E+01        -1.7770E+00        1.301E-06        78.685
32           -2.8735639442E+01        -1.7770E+00        1.288E-06        78.218
33           -2.8735639421E+01        -1.7770E+00        8.079E-07        78.491
Total number of SCF: 33    

k = [0.000, 0.000, 0.000]
Occupation of state 240 = 0.000000000000000.
Occupation of state 267 = 0.000000000000000.
Exx outer loop error: 6.3366760629e-01 

No.2 Exx outer loop: 
1            -2.8736049523E+01        -1.8540E+00        2.489E-03        81.403
2            -2.8735549764E+01        -1.8630E+00        2.121E-03        78.632
3            -2.8736609076E+01        -1.9132E+00        2.417E-03        79.078
4            -2.8738658142E+01        -1.9356E+00        3.977E-03        78.609
5            -2.8737348682E+01        -1.8996E+00        2.040E-03        78.579
6            -2.8737379950E+01        -1.9006E+00        1.144E-03        78.531
7            -2.8737137282E+01        -1.8889E+00        7.889E-04        87.004
8            -2.8736596874E+01        -1.8583E+00        7.595E-04        78.553
9            -2.8736551916E+01        -1.8712E+00        3.595E-04        78.624
10           -2.8736414174E+01        -1.8726E+00        2.330E-04        78.637
11           -2.8736356658E+01        -1.8693E+00        2.249E-04        78.487
12           -2.8736334071E+01        -1.8696E+00        2.061E-04        78.635
13           -2.8736289662E+01        -1.8699E+00        1.741E-04        78.487
14           -2.8736202413E+01        -1.8698E+00        1.328E-04        79.008
15           -2.8736134877E+01        -1.8704E+00        1.011E-04        78.436
16           -2.8736130282E+01        -1.8695E+00        8.131E-05        92.447
17           -2.8736044032E+01        -1.8682E+00        5.826E-05        78.292
18           -2.8736040141E+01        -1.8689E+00        3.897E-05        78.427
19           -2.8736027160E+01        -1.8696E+00        5.411E-05        78.247
20           -2.8736028590E+01        -1.8698E+00        4.723E-05        78.224
21           -2.8736026602E+01        -1.8702E+00        4.537E-05        78.625
22           -2.8736030577E+01        -1.8694E+00        2.337E-05        78.459
23           -2.8736034113E+01        -1.8728E+00        1.290E-04        78.341
24           -2.8736034699E+01        -1.8721E+00        1.010E-04        78.297
25           -2.8736025090E+01        -1.8692E+00        1.523E-05        78.836
26           -2.8736019177E+01        -1.8694E+00        1.484E-05        78.329
27           -2.8736018109E+01        -1.8694E+00        1.387E-05        78.252
28           -2.8736013874E+01        -1.8694E+00        1.238E-05        78.348
29           -2.8736011093E+01        -1.8690E+00        7.813E-06        79.091
30           -2.8736011767E+01        -1.8690E+00        4.855E-06        81.586
31           -2.8736007770E+01        -1.8690E+00        4.965E-06        78.344
32           -2.8736006734E+01        -1.8691E+00        2.087E-06        78.372
33           -2.8736005786E+01        -1.8690E+00        2.863E-06        78.173
34           -2.8736005953E+01        -1.8690E+00        2.435E-06        78.601
35           -2.8736005810E+01        -1.8690E+00        1.773E-06        78.749
36           -2.8736005907E+01        -1.8690E+00        1.071E-06        78.233
37           -2.8736005473E+01        -1.8690E+00        8.879E-07        78.020
Total number of SCF: 37    

k = [0.000, 0.000, 0.000]
Occupation of state 240 = 0.000000000000000.
Occupation of state 267 = 0.000000000000000.
Exx outer loop error: 7.5294809442e-03 

No.3 Exx outer loop: 
1            -2.8736074085E+01        -1.9155E+00        1.061E-03        81.275
2            -2.8736110034E+01        -1.9185E+00        8.177E-04        79.055
3            -2.8736333498E+01        -1.9220E+00        5.691E-04        78.627
4            -2.8736480969E+01        -1.9216E+00        2.743E-04        78.633
5            -2.8736378855E+01        -1.9213E+00        2.211E-04        78.656
6            -2.8736211373E+01        -1.9216E+00        1.471E-04        78.559
7            -2.8736140154E+01        -1.9208E+00        1.244E-04        78.787
8            -2.8736119598E+01        -1.9192E+00        2.537E-04        78.329
9            -2.8736127086E+01        -1.9200E+00        1.932E-04        78.639
10           -2.8736122569E+01        -1.9201E+00        2.020E-04        78.508
11           -2.8736112488E+01        -1.9203E+00        1.575E-04        78.948
12           -2.8736110358E+01        -1.9204E+00        1.442E-04        78.349
13           -2.8736081100E+01        -1.9219E+00        4.942E-05        78.376
14           -2.8736074129E+01        -1.9219E+00        3.803E-05        78.628
15           -2.8736064973E+01        -1.9215E+00        8.801E-05        78.461
16           -2.8736047973E+01        -1.9220E+00        2.472E-05        78.385
17           -2.8736044899E+01        -1.9219E+00        2.535E-05        78.388
18           -2.8736034815E+01        -1.9217E+00        3.329E-05        86.860
19           -2.8736027284E+01        -1.9217E+00        1.941E-05        78.437
20           -2.8736026241E+01        -1.9218E+00        8.778E-06        78.417
21           -2.8736029640E+01        -1.9218E+00        6.393E-06        78.603
22           -2.8736035311E+01        -1.9218E+00        3.962E-06        78.884
23           -2.8736036238E+01        -1.9218E+00        2.957E-06        78.881
24           -2.8736036216E+01        -1.9218E+00        2.406E-06        78.450
25           -2.8736035746E+01        -1.9218E+00        1.910E-06        78.673
26           -2.8736035515E+01        -1.9218E+00        1.185E-06        78.375
27           -2.8736035528E+01        -1.9218E+00        8.904E-07        77.932
Total number of SCF: 27    

k = [0.000, 0.000, 0.000]
Occupation of state 240 = 0.000000000000000.
Occupation of state 267 = 0.000000000000000.
Exx outer loop error: 1.1252982635e-03 

No.4 Exx outer loop: 
1            -2.8736059104E+01        -1.9473E+00        6.645E-04        81.572
2            -2.8736102265E+01        -1.9470E+00        4.448E-04        78.735
3            -2.8736304251E+01        -1.9498E+00        5.276E-04        78.901
4            -2.8736365135E+01        -1.9483E+00        3.192E-04        79.440
5            -2.8736202268E+01        -1.9479E+00        1.192E-04        78.723
6            -2.8736137466E+01        -1.9479E+00        5.773E-05        78.703
7            -2.8736120141E+01        -1.9480E+00        4.847E-05        78.661
8            -2.8736106255E+01        -1.9482E+00        7.629E-05        78.514
9            -2.8736087564E+01        -1.9478E+00        3.224E-05        78.391
10           -2.8736087032E+01        -1.9477E+00        2.988E-05        78.522
11           -2.8736083192E+01        -1.9477E+00        2.854E-05        78.348
12           -2.8736080582E+01        -1.9477E+00        2.522E-05        78.516
13           -2.8736079263E+01        -1.9476E+00        5.261E-05        78.344
14           -2.8736084733E+01        -1.9477E+00        8.063E-05        78.532
15           -2.8736073038E+01        -1.9476E+00        3.483E-05        78.552
16           -2.8736070366E+01        -1.9477E+00        8.493E-05        79.157
17           -2.8736060131E+01        -1.9477E+00        4.445E-05        81.273
18           -2.8736047062E+01        -1.9477E+00        1.111E-05        78.416
19           -2.8736046590E+01        -1.9476E+00        1.381E-05        78.658
20           -2.8736042688E+01        -1.9476E+00        8.670E-06        78.297
21           -2.8736042084E+01        -1.9476E+00        4.396E-06        78.618
22           -2.8736042944E+01        -1.9476E+00        4.952E-06        78.578
23           -2.8736043153E+01        -1.9476E+00        2.482E-06        78.916
24           -2.8736043297E+01        -1.9476E+00        1.435E-06        78.415
25           -2.8736042808E+01        -1.9476E+00        1.068E-06        78.325
26           -2.8736042677E+01        -1.9476E+00        9.182E-07        78.158
Total number of SCF: 26    

k = [0.000, 0.000, 0.000]
Occupation of state 240 = 0.000000000000000.
Occupation of state 267 = 0.000000000000000.
Exx outer loop error: 2.9828728008e-04 

No.5 Exx outer loop: 
1            -2.8736052357E+01        -1.9586E+00        4.178E-04        81.395
2            -2.8736071407E+01        -1.9571E+00        2.582E-04        78.533
3            -2.8736088846E+01        -1.9585E+00        2.534E-04        78.567
4            -2.8736142930E+01        -1.9577E+00        1.314E-04        78.603
5            -2.8736091012E+01        -1.9575E+00        7.949E-05        78.537
6            -2.8736068248E+01        -1.9575E+00        2.428E-05        78.527
7            -2.8736060222E+01        -1.9573E+00        1.372E-05        78.588
8            -2.8736053964E+01        -1.9572E+00        8.627E-06        78.377
9            -2.8736052291E+01        -1.9572E+00        9.200E-06        78.455
10           -2.8736052746E+01        -1.9571E+00        5.922E-06        78.333
11           -2.8736052772E+01        -1.9571E+00        4.402E-06        78.652
12           -2.8736050285E+01        -1.9571E+00        3.708E-06        78.347
13           -2.8736049300E+01        -1.9571E+00        3.016E-06        78.476
14           -2.8736049053E+01        -1.9571E+00        1.767E-06        78.444
15           -2.8736048372E+01        -1.9571E+00        1.433E-06        78.705
16           -2.8736047227E+01        -1.9571E+00        9.789E-07        81.122
Total number of SCF: 16    

k = [0.000, 0.000, 0.000]
Occupation of state 240 = 0.000000000000000.
Occupation of state 267 = 0.000000000000000.
Exx outer loop error: 1.9662185628e-04 

No.6 Exx outer loop: 
1            -2.8736053080E+01        -1.9620E+00        2.640E-04        83.187
2            -2.8736059818E+01        -1.9606E+00        1.553E-04        83.319
3            -2.8736063475E+01        -1.9615E+00        1.335E-04        81.066
4            -2.8736071548E+01        -1.9610E+00        5.668E-05        79.369
5            -2.8736061360E+01        -1.9609E+00        2.852E-05        79.627
6            -2.8736056092E+01        -1.9608E+00        1.447E-05        79.115
7            -2.8736050488E+01        -1.9607E+00        6.421E-06        80.106
8            -2.8736048979E+01        -1.9607E+00        3.971E-06        82.726
9            -2.8736048552E+01        -1.9607E+00        5.153E-06        78.480
10           -2.8736048641E+01        -1.9607E+00        2.269E-06        78.356
11           -2.8736048291E+01        -1.9607E+00        1.576E-06        78.302
12           -2.8736047804E+01        -1.9607E+00        1.049E-06        78.182
13           -2.8736047566E+01        -1.9607E+00        1.192E-06        78.147
14           -2.8736047550E+01        -1.9607E+00        8.319E-07        77.990
Total number of SCF: 14    

k = [0.000, 0.000, 0.000]
Occupation of state 240 = 0.000000000000000.
Occupation of state 267 = 0.000000000000000.
Exx outer loop error: 3.2336235701e-04 

No.7 Exx outer loop: 
1            -2.8736051477E+01        -1.9631E+00        1.744E-04        81.148
2            -2.8736052535E+01        -1.9625E+00        8.988E-05        78.523
3            -2.8736082859E+01        -1.9625E+00        1.080E-04        78.478
4            -2.8736083672E+01        -1.9621E+00        9.343E-05        78.677
5            -2.8736065237E+01        -1.9626E+00        5.480E-05        78.939
6            -2.8736067698E+01        -1.9623E+00        1.282E-05        78.941
7            -2.8736066397E+01        -1.9624E+00        1.301E-05        78.426
8            -2.8736065186E+01        -1.9624E+00        8.896E-06        78.341
9            -2.8736063206E+01        -1.9624E+00        6.824E-06        78.465
10           -2.8736059100E+01        -1.9624E+00        6.550E-06        78.459
11           -2.8736057070E+01        -1.9624E+00        4.817E-06        78.423
12           -2.8736054649E+01        -1.9624E+00        3.100E-06        78.317
13           -2.8736053445E+01        -1.9624E+00        2.824E-06        79.604
14           -2.8736052065E+01        -1.9624E+00        2.102E-06        82.047
15           -2.8736051265E+01        -1.9624E+00        2.409E-06        78.494
16           -2.8736050307E+01        -1.9624E+00        1.712E-06        78.579
17           -2.8736049620E+01        -1.9624E+00        1.191E-06        78.469
18           -2.8736049073E+01        -1.9624E+00        1.411E-06        78.479
19           -2.8736048629E+01        -1.9624E+00        8.166E-07        77.984
Total number of SCF: 19    

k = [0.000, 0.000, 0.000]
Occupation of state 240 = 0.000000000000000.
Occupation of state 267 = 0.000000000000000.
Exx outer loop error: 1.3058441327e-04 

No.8 Exx outer loop: 
1            -2.8736051954E+01        -1.9637E+00        1.248E-04        81.947
2            -2.8736051199E+01        -1.9634E+00        5.405E-05        78.675
3            -2.8736102280E+01        -1.9626E+00        1.836E-04        78.698
4            -2.8736082249E+01        -1.9633E+00        7.686E-05        78.446
5            -2.8736067321E+01        -1.9637E+00        2.685E-05        78.264
6            -2.8736070341E+01        -1.9633E+00        5.775E-05        78.457
7            -2.8736060347E+01        -1.9634E+00        1.270E-05        78.324
8            -2.8736058017E+01        -1.9634E+00        8.524E-06        78.389
9            -2.8736054979E+01        -1.9635E+00        7.213E-06        78.399
10           -2.8736053041E+01        -1.9634E+00        5.694E-06        78.321
11           -2.8736052144E+01        -1.9633E+00        6.263E-06        78.389
12           -2.8736050692E+01        -1.9634E+00        3.434E-06        78.397
13           -2.8736050273E+01        -1.9633E+00        6.620E-06        78.493
14           -2.8736049422E+01        -1.9634E+00        2.434E-06        78.289
15           -2.8736048748E+01        -1.9634E+00        1.274E-06        78.476
16           -2.8736049073E+01        -1.9633E+00        6.546E-06        78.331
17           -2.8736049073E+01        -1.9633E+00        4.025E-06        78.206
18           -2.8736048658E+01        -1.9633E+00        3.640E-06        78.110
19           -2.8736048748E+01        -1.9633E+00        4.162E-06        78.690
20           -2.8736048751E+01        -1.9633E+00        3.803E-06        81.314
21           -2.8736048996E+01        -1.9633E+00        3.914E-06        78.102
22           -2.8736048921E+01        -1.9633E+00        3.552E-06        78.254
23           -2.8736048974E+01        -1.9633E+00        2.782E-06        78.366
24           -2.8736048953E+01        -1.9633E+00        2.295E-06        78.378
25           -2.8736049103E+01        -1.9634E+00        9.956E-07        77.903
Total number of SCF: 25    

k = [0.000, 0.000, 0.000]
Occupation of state 240 = 0.000000000000000.
Occupation of state 267 = 0.000000000000000.
Exx outer loop error: 2.2330369789e-04 

No.9 Exx outer loop: 
1            -2.8736050773E+01        -1.9644E+00        9.519E-05        81.593
2            -2.8736052028E+01        -1.9637E+00        4.496E-05        78.685
3            -2.8736065864E+01        -1.9651E+00        1.042E-04        78.578
4            -2.8736070043E+01        -1.9646E+00        5.168E-05        79.028
5            -2.8736067096E+01        -1.9639E+00        1.821E-05        78.577
6            -2.8736064290E+01        -1.9639E+00        1.486E-05        78.521
7            -2.8736063452E+01        -1.9639E+00        1.270E-05        78.599
8            -2.8736061056E+01        -1.9639E+00        7.965E-06        78.890
9            -2.8736056911E+01        -1.9639E+00        4.880E-06        78.445
10           -2.8736052665E+01        -1.9639E+00        3.793E-06        78.414
11           -2.8736051451E+01        -1.9639E+00        3.934E-06        78.808
12           -2.8736051111E+01        -1.9639E+00        2.158E-06        78.384
13           -2.8736050357E+01        -1.9639E+00        1.910E-06        78.690
14           -2.8736050026E+01        -1.9639E+00        1.119E-06        78.378
15           -2.8736049497E+01        -1.9639E+00        8.512E-07        78.577
Total number of SCF: 15    

k = [0.000, 0.000, 0.000]
Occupation of state 240 = 0.000000000000000.
Occupation of state 267 = 0.000000000000000.
Exx outer loop error: 2.4376826591e-04 

No.10 Exx outer loop: 
1            -2.8736050855E+01        -1.9646E+00        7.538E-05        81.215
2            -2.8736050875E+01        -1.9641E+00        2.983E-05        78.697
3            -2.8736057208E+01        -1.9651E+00        7.026E-05        78.518
4            -2.8736061716E+01        -1.9643E+00        9.178E-06        78.426
5            -2.8736057853E+01        -1.9643E+00        5.059E-06        78.446
6            -2.8736055245E+01        -1.9642E+00        3.476E-06        78.403
7            -2.8736053007E+01        -1.9643E+00        2.725E-06        79.673
8            -2.8736051708E+01        -1.9642E+00        2.044E-06        81.532
9            -2.8736050046E+01        -1.9642E+00        1.251E-06        78.326
10           -2.8736049567E+01        -1.9643E+00        2.793E-06        78.599
11           -2.8736049186E+01        -1.9642E+00        7.522E-07        78.389
Total number of SCF: 11    

k = [0.000, 0.000, 0.000]
Occupation of state 240 = 0.000000000000000.
Occupation of state 267 = 0.000000000000000.
Exx outer loop error: 3.6845457723e-04 

No.11 Exx outer loop: 
1            -2.8736050952E+01        -1.9644E+00        6.311E-05        81.285
2            -2.8736049076E+01        -1.9646E+00        2.414E-05        78.382
3            -2.8736053540E+01        -1.9644E+00        2.370E-05        78.649
4            -2.8736056820E+01        -1.9649E+00        3.545E-05        78.456
5            -2.8736060145E+01        -1.9651E+00        5.031E-05        78.762
6            -2.8736051414E+01        -1.9644E+00        5.525E-06        78.465
7            -2.8736050676E+01        -1.9644E+00        2.300E-06        78.378
8            -2.8736050448E+01        -1.9644E+00        1.862E-06        78.245
9            -2.8736050463E+01        -1.9644E+00        7.925E-07        77.994
Total number of SCF: 9     

k = [0.000, 0.000, 0.000]
Occupation of state 240 = 0.000000000000000.
Occupation of state 267 = 0.000000000000000.
Exx outer loop error: 1.8067982196e-04 

No.12 Exx outer loop: 
1            -2.8736053223E+01        -1.9643E+00        5.275E-05        81.936
2            -2.8736050230E+01        -1.9647E+00        2.477E-05        78.079
3            -2.8736050623E+01        -1.9645E+00        3.727E-06        78.159
4            -2.8736050619E+01        -1.9645E+00        1.238E-06        78.075
5            -2.8736050376E+01        -1.9645E+00        1.440E-06        78.119
6            -2.8736050104E+01        -1.9645E+00        8.906E-07        78.079
Total number of SCF: 6     

k = [0.000, 0.000, 0.000]
Occupation of state 240 = 0.000000000000000.
Occupation of state 267 = 0.000000000000000.
Exx outer loop error: 3.3907534211e-05 
====================================================================
                    Energy and force calculation                    
====================================================================
Free energy per atom               : -2.8736048542E+01 (Ha/atom)
Total free energy                  : -1.6379547669E+03 (Ha)
Band structure energy              : -4.1818454020E+02 (Ha)
Exchange correlation energy        : -2.9091841043E+02 (Ha)
Self and correction energy         : -2.1599461471E+03 (Ha)
Entropy*kb*T                       : -3.2402686164E-03 (Ha)
Fermi level                        : -1.6591186364E-01 (Ha)
RMS force                          :  2.7669256837E-02 (Ha/Bohr)
Maximum force                      :  1.0267352989E-01 (Ha/Bohr)
Time for force calculation         :  1.234 (sec)
***************************************************************************
                               Timing info                                 
***************************************************************************
Total walltime                     :  40750.271 sec
___________________________________________________________________________

***************************************************************************
*             Material Physics & Mechanics Group, Georgia Tech            *
*                       PI: Phanish Suryanarayana                         *
*                Main Developers: Qimen Xu, Abhiraj Sharma                *
*     Collaborators: J.E. Pask (LLNL), A.J. Medford (GT), E. Chow (GT)    *
*  Acknowledgements: U.S. DOE (DE-SC0019410); U.S. NSF (1333500,1553212)  *
***************************************************************************
                                                                           

***************************************************************************
*                       SPARC (version Mar 30, 2022)                      *
*   Copyright (c) 2020 Material Physics & Mechanics Group, Georgia Tech   *
*           Distributed under GNU General Public License 3 (GPL)          *
*                   Start time: Wed Apr 13 16:44:52 2022                  *
***************************************************************************
                           Input parameters                                
***************************************************************************
CELL: 12.4338823950489 16.8986769044157 47.5378507412217 
LATVEC:
1.000000000000000 0.000000000000000 0.000000000000000 
-0.000130020950961 0.999999991547276 0.000000000000000 
0.000000000000000 -0.000000000000000 1.000000000000000 
FD_GRID: 66 89 252
FD_ORDER: 12
BC: P P D
KPOINT_GRID: 2 2 1
KPOINT_SHIFT: 0 0 0
SPIN_TYP: 1
ELEC_TEMP_TYPE: Gaussian
SMEARING: 0.007349864435
CHEB_DEGREE: 37
NSTATES: 267
EXCHANGE_CORRELATION: HSE
CALC_STRESS: 0
CALC_PRES: 0
CHEFSI_BOUND_FLAG: 0
MAXIT_SCF: 100
MINIT_SCF: 3
MAXIT_POISSON: 3000
TOL_SCF: 1.00E-06
POISSON_SOLVER: AAR
TOL_POISSON: 1.00E-08
TOL_LANCZOS: 1.00E-02
TOL_PSEUDOCHARGE: 1.00E-08
MIXING_VARIABLE: density
MIXING_PRECOND: kerker
MIXING_PRECOND_MAG: none
TOL_PRECOND: 3.57E-05
PRECOND_KERKER_KTF: 1
PRECOND_KERKER_THRESH: 0.1
MIXING_PARAMETER: 0.3
MIXING_PARAMETER_MAG: 0.3
MIXING_HISTORY: 7
PULAY_FREQUENCY: 1
PULAY_RESTART: 0
REFERENCE_CUTOFF: 0.5
RHO_TRIGGER: 4
FIX_RAND: 0
VERBOSITY: 1
PRINT_FORCES: 1
PRINT_ATOMS: 1
PRINT_EIGEN: 1
PRINT_DENSITY: 0
PRINT_ENERGY_DENSITY: 0
TOL_FOCK: 5.00E-05
TOL_SCF_INIT: 1.00E-04
MAXIT_FOCK: 1000
EXX_METHOD: FOURIER_SPACE
EXX_DIVERGENCE: AUXILIARY
ACE_FLAG: 1
EXX_ACE_MEM: 1
EXX_ACE_VALENCE_STATES: 10000
EXX_DOWNSAMPLING: 1 1 1
EXX_RANGE_FOCK: 0.106000
EXX_RANGE_PBE: 0.106000
OUTPUT_FILE: sprc-calc
***************************************************************************
                                Cell                                       
***************************************************************************
Lattice vectors (Bohr):
12.433882395048860 0.000000000000000 0.000000000000000 
-0.002197182041095 16.898676761575889 0.000000000000000 
0.000000000000000 -0.000000000000000 47.537850741221725 
Volume                  :  9.9884706279E+03 (Bohr^3)
***************************************************************************
                           Parallelization                                 
***************************************************************************
NP_SPIN_PARAL: 2
NP_KPOINT_PARAL: 4
NP_BAND_PARAL: 1
NP_DOMAIN_PARAL: 2 3 7
NP_DOMAIN_PHI_PARAL: 4 6 14
EIG_SERIAL_MAXNS: 1500
***************************************************************************
                             Initialization                                
***************************************************************************
Number of processors               :  336
Mesh spacing in x-direction        :  0.188392 (Bohr)
Mesh spacing in y-direction        :  0.189873 (Bohr)
Mesh spacing in z direction        :  0.188642 (Bohr)
Number of symmetry adapted k-points:  4
Output printed to                  :  sprc-calc.out_01
Final eigenvalues printed to       :  sprc-calc.eigen_01
Total number of atom types         :  4
Total number of atoms              :  57
Total number of electrons          :  438
Atom type 1  (valence electrons)   :  H 1
Pseudopotential                    :  H.psp8
Pseudocharge radii of atom type 1  :  3.77 3.80 3.77 (x, y, z dir)
Number of atoms of type 1          :  2
Atom type 2  (valence electrons)   :  N 5
Pseudopotential                    :  N.psp8
Pseudocharge radii of atom type 2  :  6.78 6.65 6.79 (x, y, z dir)
Number of atoms of type 2          :  2
Atom type 3  (valence electrons)   :  O 6
Pseudopotential                    :  O.psp8
Pseudocharge radii of atom type 3  :  6.78 6.84 6.79 (x, y, z dir)
Number of atoms of type 3          :  35
Atom type 4  (valence electrons)   :  Ti 12
Pseudopotential                    :  Ti.psp8
Pseudocharge radii of atom type 4  :  6.78 6.84 6.79 (x, y, z dir)
Number of atoms of type 4          :  18
Estimated total memory usage       :  314.75 GB
Estimated memory per processor     :  959.25 MB
========================================================================================
                    Self Consistent Field (SCF#1)                     
========================================================================================
Iteration     Free Energy (Ha/atom)    Magnetization     SCF Error        Timing (sec)
1            -2.8834949099E+01         1.6811E+00        4.676E-01        202.092
2            -2.9030931309E+01         4.4575E+00        3.484E-01        51.292
3            -2.8992822356E+01        -2.1811E+00        2.864E-01        51.065
4            -2.9071177159E+01        -4.4639E-01        1.507E-01        51.530
5            -2.9077268690E+01        -8.9981E-01        1.097E-01        50.734
6            -2.9079946340E+01        -9.1865E-01        6.918E-02        50.676
7            -2.9076443224E+01         1.4523E+00        5.344E-02        50.612
8            -2.9071264997E+01         2.9417E-01        4.150E-02        50.920
9            -2.9059055676E+01         1.3356E+00        3.349E-02        50.754
10           -2.9044709602E+01         1.3291E+00        2.286E-02        51.199
11           -2.9022433505E+01         2.0688E-01        2.503E-02        51.487
12           -2.9017116901E+01         1.6681E-01        2.058E-02        50.894
13           -2.9002989925E+01         2.3349E-01        1.603E-02        50.850
14           -2.8986461227E+01        -2.0845E-01        1.358E-02        50.936
15           -2.8972401014E+01        -2.5739E-01        8.263E-03        51.415
16           -2.8965611292E+01        -3.5992E-01        6.955E-03        51.838
17           -2.8962118138E+01        -3.4228E-01        6.134E-03        51.422
18           -2.8954375634E+01        -4.4961E-01        5.014E-03        51.611
19           -2.8950524103E+01        -4.9997E-01        3.651E-03        51.371
20           -2.8946699390E+01        -5.6402E-01        2.922E-03        51.376
21           -2.8944234934E+01        -6.2379E-01        2.636E-03        51.961
22           -2.8941919962E+01        -6.7995E-01        2.004E-03        50.934
23           -2.8939980489E+01        -7.6624E-01        1.446E-03        51.322
24           -2.8939279512E+01        -8.1939E-01        1.053E-03        51.047
25           -2.8938944077E+01        -8.7899E-01        8.016E-04        50.792
26           -2.8938588958E+01        -9.0909E-01        7.066E-04        50.955
27           -2.8938213713E+01        -9.8551E-01        5.933E-04        50.777
28           -2.8938029146E+01        -1.0173E+00        4.479E-04        51.394
29           -2.8937965674E+01        -1.0448E+00        3.901E-04        50.748
30           -2.8937920420E+01        -1.1336E+00        6.181E-04        53.487
31           -2.8937896296E+01        -1.1247E+00        2.840E-04        53.161
32           -2.8937901984E+01        -1.1767E+00        2.247E-04        49.777
33           -2.8937869294E+01        -1.1814E+00        1.651E-04        50.965
34           -2.8937820598E+01        -1.2217E+00        1.427E-04        50.472
35           -2.8937824754E+01        -1.2254E+00        1.261E-04        51.361
36           -2.8937783849E+01        -1.2293E+00        9.449E-05        50.186
Total number of SCF: 36    

k = [0.000, 0.000, 0.000]
Occupation of state 240 = 0.000000000000000.
Occupation of state 267 = 0.000000000000000.

No.1 Exx outer loop: 
1            -2.8733761005E+01        -1.6214E+00        1.538E-02        85.045
2            -2.8726501957E+01        -1.8028E+00        1.356E-02        87.213
3            -2.8736237336E+01        -2.2434E+00        1.943E-02        111.477
4            -2.8730849335E+01        -1.8177E+00        9.859E-03        84.916
5            -2.8736529972E+01        -1.7760E+00        6.923E-03        82.900
6            -2.8737988607E+01        -1.9336E+00        6.422E-03        83.725
7            -2.8739140410E+01        -1.8656E+00        3.304E-03        89.035
8            -2.8739344748E+01        -1.8304E+00        2.717E-03        102.599
9            -2.8738321541E+01        -1.8375E+00        2.227E-03        85.427
10           -2.8738596119E+01        -1.8223E+00        1.427E-03        81.810
11           -2.8738051336E+01        -1.8159E+00        1.293E-03        112.488
12           -2.8737618068E+01        -1.8033E+00        8.937E-04        81.504
13           -2.8736894915E+01        -1.7961E+00        7.061E-04        83.482
14           -2.8736401400E+01        -1.7873E+00        5.176E-04        93.216
15           -2.8736088456E+01        -1.7858E+00        3.784E-04        84.226
16           -2.8735895364E+01        -1.7836E+00        2.641E-04        81.568
17           -2.8735727677E+01        -1.7787E+00        1.835E-04        81.742
18           -2.8735718438E+01        -1.7789E+00        1.329E-04        93.589
19           -2.8735657529E+01        -1.7766E+00        9.721E-05        89.280
20           -2.8735643699E+01        -1.7774E+00        7.346E-05        85.185
21           -2.8735604935E+01        -1.7772E+00        4.567E-05        82.509
22           -2.8735584828E+01        -1.7761E+00        5.189E-05        81.573
23           -2.8735596602E+01        -1.7773E+00        2.273E-05        112.450
24           -2.8735593462E+01        -1.7769E+00        2.277E-05        97.965
25           -2.8735596724E+01        -1.7772E+00        1.043E-05        110.576
26           -2.8735593732E+01        -1.7771E+00        7.362E-06        81.179
27           -2.8735588884E+01        -1.7769E+00        5.661E-06        81.595
28           -2.8735587951E+01        -1.7771E+00        3.747E-06        81.130
29           -2.8735587762E+01        -1.7770E+00        2.464E-06        81.159
30           -2.8735587509E+01        -1.7770E+00        1.525E-06        80.988
31           -2.8735587255E+01        -1.7770E+00        1.191E-06        81.601
32           -2.8735587287E+01        -1.7770E+00        1.099E-06        81.039
33           -2.8735587362E+01        -1.7770E+00        7.515E-07        80.695
Total number of SCF: 33    

k = [0.000, 0.000, 0.000]
Occupation of state 240 = 0.000000000000000.
Occupation of state 267 = 0.000000000000000.
Exx outer loop error: 6.3360852016e-01 

No.2 Exx outer loop: 
1            -2.8735997339E+01        -1.8541E+00        2.489E-03        84.669
2            -2.8735494743E+01        -1.8629E+00        2.121E-03        81.709
3            -2.8736113677E+01        -1.9003E+00        1.740E-03        81.621
4            -2.8737824696E+01        -1.8487E+00        3.489E-03        81.618
5            -2.8737826418E+01        -1.7895E+00        3.992E-03        81.537
6            -2.8737475517E+01        -1.7872E+00        3.629E-03        81.382
7            -2.8736187072E+01        -1.8492E+00        1.167E-03        82.094
8            -2.8736267013E+01        -1.8616E+00        5.327E-04        81.552
9            -2.8736373870E+01        -1.8710E+00        4.310E-04        84.232
10           -2.8736285288E+01        -1.8678E+00        2.292E-04        83.427
11           -2.8736249411E+01        -1.8698E+00        2.130E-04        81.544
12           -2.8736221643E+01        -1.8687E+00        1.503E-04        81.977
13           -2.8736195978E+01        -1.8715E+00        1.719E-04        81.629
14           -2.8736146594E+01        -1.8704E+00        1.170E-04        81.396
15           -2.8736092258E+01        -1.8688E+00        8.284E-05        81.268
16           -2.8736045965E+01        -1.8696E+00        5.730E-05        81.376
17           -2.8736011847E+01        -1.8693E+00        4.266E-05        81.353
18           -2.8735995382E+01        -1.8694E+00        3.379E-05        81.817
19           -2.8735979877E+01        -1.8693E+00        2.068E-05        81.382
20           -2.8735968184E+01        -1.8692E+00        1.667E-05        81.240
21           -2.8735959649E+01        -1.8691E+00        1.274E-05        81.229
22           -2.8735957560E+01        -1.8691E+00        1.096E-05        81.283
23           -2.8735952430E+01        -1.8689E+00        8.192E-06        82.269
24           -2.8735952373E+01        -1.8691E+00        8.637E-06        81.258
25           -2.8735947308E+01        -1.8690E+00        3.799E-06        81.244
26           -2.8735944322E+01        -1.8690E+00        2.591E-06        81.245
27           -2.8735943021E+01        -1.8690E+00        2.783E-06        81.108
28           -2.8735942214E+01        -1.8690E+00        1.667E-06        80.985
29           -2.8735941610E+01        -1.8690E+00        1.018E-06        82.310
30           -2.8735941437E+01        -1.8690E+00        5.835E-07        80.768
Total number of SCF: 30    

k = [0.000, 0.000, 0.000]
Occupation of state 240 = 0.000000000000000.
Occupation of state 267 = 0.000000000000000.
Exx outer loop error: 7.6009993408e-03 

No.3 Exx outer loop: 
1            -2.8736009491E+01        -1.9155E+00        1.063E-03        84.767
2            -2.8736043934E+01        -1.9185E+00        8.166E-04        81.902
3            -2.8736330606E+01        -1.9052E+00        1.547E-03        83.287
4            -2.8736282172E+01        -1.9185E+00        6.573E-04        83.491
5            -2.8736320055E+01        -1.9229E+00        4.362E-04        83.817
6            -2.8736239421E+01        -1.9205E+00        2.651E-04        82.178
7            -2.8736257261E+01        -1.9222E+00        1.633E-04        81.550
8            -2.8736148373E+01        -1.9222E+00        8.818E-05        81.472
9            -2.8736074766E+01        -1.9222E+00        7.643E-05        91.675
10           -2.8736016936E+01        -1.9216E+00        6.693E-05        82.836
11           -2.8736004426E+01        -1.9218E+00        4.099E-05        82.338
12           -2.8735985517E+01        -1.9218E+00        3.147E-05        89.498
13           -2.8735964040E+01        -1.9218E+00        1.493E-05        90.578
14           -2.8735966990E+01        -1.9218E+00        1.119E-05        103.224
15           -2.8735968301E+01        -1.9218E+00        1.149E-05        84.669
16           -2.8735967124E+01        -1.9219E+00        4.623E-06        85.741
17           -2.8735965754E+01        -1.9219E+00        2.314E-06        110.872
18           -2.8735964393E+01        -1.9218E+00        2.108E-06        139.435
19           -2.8735964192E+01        -1.9218E+00        9.511E-07        93.709
Total number of SCF: 19    

k = [0.000, 0.000, 0.000]
Occupation of state 240 = 0.000000000000000.
Occupation of state 267 = 0.000000000000000.
Exx outer loop error: 2.9982171150e-04 

No.4 Exx outer loop: 
1            -2.8735986651E+01        -1.9474E+00        6.590E-04        84.148
2            -2.8736031890E+01        -1.9470E+00        4.475E-04        81.524
3            -2.8736152629E+01        -1.9475E+00        3.627E-04        82.078
4            -2.8736099357E+01        -1.9484E+00        3.601E-04        81.381
5            -2.8736064149E+01        -1.9484E+00        6.754E-05        81.729
6            -2.8736054843E+01        -1.9479E+00        8.889E-05        82.147
7            -2.8736044795E+01        -1.9478E+00        7.012E-05        97.701
8            -2.8736028195E+01        -1.9478E+00        6.029E-05        83.737
9            -2.8736015851E+01        -1.9478E+00        3.769E-05        81.742
10           -2.8736002882E+01        -1.9478E+00        1.990E-05        82.743
11           -2.8735994522E+01        -1.9478E+00        1.428E-05        93.632
12           -2.8735989846E+01        -1.9478E+00        1.030E-05        99.455
13           -2.8735985446E+01        -1.9477E+00        9.769E-06        81.247
14           -2.8735984177E+01        -1.9478E+00        2.373E-05        81.985
15           -2.8735977601E+01        -1.9477E+00        6.604E-06        81.255
16           -2.8735976253E+01        -1.9477E+00        5.246E-06        81.777
17           -2.8735975882E+01        -1.9477E+00        9.741E-06        81.303
18           -2.8735973964E+01        -1.9477E+00        7.245E-06        81.280
19           -2.8735971457E+01        -1.9476E+00        1.593E-06        81.303
20           -2.8735970669E+01        -1.9476E+00        1.443E-06        82.066
21           -2.8735970354E+01        -1.9476E+00        1.382E-06        81.146
22           -2.8735969811E+01        -1.9476E+00        7.711E-07        80.768
Total number of SCF: 22    

k = [0.000, 0.000, 0.000]
Occupation of state 240 = 0.000000000000000.
Occupation of state 267 = 0.000000000000000.
Exx outer loop error: 1.2783907429e-04 

No.5 Exx outer loop: 
1            -2.8735979674E+01        -1.9585E+00        4.165E-04        85.208
2            -2.8735999702E+01        -1.9571E+00        2.601E-04        87.181
3            -2.8736195266E+01        -1.9603E+00        2.883E-04        81.573
4            -2.8736124899E+01        -1.9603E+00        5.486E-04        85.710
5            -2.8736061257E+01        -1.9587E+00        1.190E-04        81.286
6            -2.8736049744E+01        -1.9572E+00        1.065E-04        90.034
7            -2.8736050855E+01        -1.9573E+00        8.135E-05        99.626
8            -2.8736044283E+01        -1.9572E+00        6.148E-05        83.253
9            -2.8736033627E+01        -1.9572E+00        3.457E-05        97.476
10           -2.8736020633E+01        -1.9573E+00        2.402E-05        81.321
11           -2.8736005222E+01        -1.9572E+00        1.923E-05        81.954
12           -2.8735997778E+01        -1.9572E+00        1.403E-05        81.575
13           -2.8735985504E+01        -1.9571E+00        9.823E-06        81.393
14           -2.8735980396E+01        -1.9571E+00        5.923E-06        81.342
15           -2.8735977426E+01        -1.9571E+00        3.997E-06        81.293
16           -2.8735975675E+01        -1.9571E+00        2.830E-06        81.564
17           -2.8735973117E+01        -1.9571E+00        2.228E-06        81.415
18           -2.8735971605E+01        -1.9571E+00        1.670E-06        81.190
19           -2.8735971582E+01        -1.9571E+00        1.441E-06        81.205
20           -2.8735971292E+01        -1.9571E+00        1.088E-06        81.181
21           -2.8735971291E+01        -1.9571E+00        9.160E-07        80.735
Total number of SCF: 21    

k = [0.000, 0.000, 0.000]
Occupation of state 240 = 0.000000000000000.
Occupation of state 267 = 0.000000000000000.
Exx outer loop error: 1.5750707697e-04 

No.6 Exx outer loop: 
1            -2.8735977000E+01        -1.9619E+00        2.622E-04        84.011
2            -2.8735983386E+01        -1.9607E+00        1.522E-04        81.653
3            -2.8736088257E+01        -1.9655E+00        5.388E-04        82.453
4            -2.8736112804E+01        -1.9652E+00        3.788E-04        81.763
5            -2.8736136797E+01        -1.9657E+00        4.280E-04        81.613
6            -2.8736058665E+01        -1.9642E+00        2.937E-04        81.215
7            -2.8736007478E+01        -1.9619E+00        1.144E-04        81.395
8            -2.8735984621E+01        -1.9607E+00        2.921E-05        81.445
9            -2.8735985899E+01        -1.9606E+00        2.044E-05        81.457
10           -2.8735980649E+01        -1.9607E+00        9.784E-06        81.699
11           -2.8735977854E+01        -1.9607E+00        7.875E-06        81.156
12           -2.8735975878E+01        -1.9607E+00        5.221E-06        84.019
13           -2.8735975252E+01        -1.9607E+00        3.930E-06        83.288
14           -2.8735974877E+01        -1.9607E+00        2.312E-06        81.583
15           -2.8735973897E+01        -1.9607E+00        1.689E-06        81.859
16           -2.8735973315E+01        -1.9607E+00        1.279E-06        81.319
17           -2.8735972677E+01        -1.9607E+00        8.015E-07        80.769
Total number of SCF: 17    

k = [0.000, 0.000, 0.000]
Occupation of state 240 = 0.000000000000000.
Occupation of state 267 = 0.000000000000000.
Exx outer loop error: 1.5136194748e-04 

No.7 Exx outer loop: 
1            -2.8735976851E+01        -1.9631E+00        1.734E-04        84.011
2            -2.8735978728E+01        -1.9623E+00        9.304E-05        81.332
3            -2.8736003180E+01        -1.9648E+00        2.090E-04        81.289
4            -2.8735997909E+01        -1.9638E+00        1.070E-04        81.273
5            -2.8735991346E+01        -1.9630E+00        2.867E-05        81.179
6            -2.8735987516E+01        -1.9629E+00        2.647E-05        81.442
7            -2.8735986745E+01        -1.9625E+00        1.589E-05        83.409
8            -2.8735986389E+01        -1.9625E+00        1.294E-05        81.181
9            -2.8735983062E+01        -1.9624E+00        1.010E-05        84.626
10           -2.8735980382E+01        -1.9624E+00        7.336E-06        81.987
11           -2.8735977464E+01        -1.9624E+00        3.553E-06        81.900
12           -2.8735974846E+01        -1.9624E+00        1.886E-06        81.196
13           -2.8735974851E+01        -1.9624E+00        1.542E-06        81.132
14           -2.8735974369E+01        -1.9624E+00        1.192E-06        81.086
15           -2.8735974023E+01        -1.9624E+00        1.191E-06        81.150
16           -2.8735972563E+01        -1.9624E+00        6.545E-07        80.839
Total number of SCF: 16    

k = [0.000, 0.000, 0.000]
Occupation of state 240 = 0.000000000000000.
Occupation of state 267 = 0.000000000000000.
Exx outer loop error: 2.3345035432e-04 

No.8 Exx outer loop: 
1            -2.8735974883E+01        -1.9638E+00        1.248E-04        97.191
2            -2.8735975855E+01        -1.9633E+00        5.469E-05        88.382
3            -2.8735991840E+01        -1.9654E+00        1.734E-04        83.122
4            -2.8736010773E+01        -1.9665E+00        2.557E-04        111.738
5            -2.8735990141E+01        -1.9638E+00        3.742E-05        112.017
6            -2.8735992400E+01        -1.9635E+00        1.574E-05        113.442
7            -2.8735986941E+01        -1.9634E+00        1.300E-05        84.143
8            -2.8735980330E+01        -1.9634E+00        6.169E-06        81.299
9            -2.8735976155E+01        -1.9634E+00        4.278E-06        81.301
10           -2.8735973791E+01        -1.9634E+00        3.210E-06        85.210
11           -2.8735973199E+01        -1.9634E+00        1.783E-06        81.136
12           -2.8735972738E+01        -1.9634E+00        1.164E-06        81.113
13           -2.8735972733E+01        -1.9634E+00        7.350E-07        80.831
Total number of SCF: 13    

k = [0.000, 0.000, 0.000]
Occupation of state 240 = 0.000000000000000.
Occupation of state 267 = 0.000000000000000.
Exx outer loop error: 1.0607616723e-05 
====================================================================
                    Energy and force calculation                    
====================================================================
Free energy per atom               : -2.8735970171E+01 (Ha/atom)
Total free energy                  : -1.6379502997E+03 (Ha)
Band structure energy              : -4.1819372446E+02 (Ha)
Exchange correlation energy        : -2.9091333157E+02 (Ha)
Self and correction energy         : -2.1599461471E+03 (Ha)
Entropy*kb*T                       : -3.2674745993E-03 (Ha)
Fermi level                        : -1.6584842635E-01 (Ha)
RMS force                          :  2.7635938547E-02 (Ha/Bohr)
Maximum force                      :  1.0267768738E-01 (Ha/Bohr)
Time for force calculation         :  1.452 (sec)
***************************************************************************
                               Timing info                                 
***************************************************************************
Total walltime                     :  29472.776 sec
___________________________________________________________________________

***************************************************************************
*             Material Physics & Mechanics Group, Georgia Tech            *
*                       PI: Phanish Suryanarayana                         *
*                Main Developers: Qimen Xu, Abhiraj Sharma                *
*     Collaborators: J.E. Pask (LLNL), A.J. Medford (GT), E. Chow (GT)    *
*  Acknowledgements: U.S. DOE (DE-SC0019410); U.S. NSF (1333500,1553212)  *
***************************************************************************
                                                                           
