***************************************************************************
*                       SPARC (version Nov 19, 2021)                      *
*   Copyright (c) 2020 Material Physics & Mechanics Group, Georgia Tech   *
*           Distributed under GNU General Public License 3 (GPL)          *
*                   Start time: Tue Dec 14 17:59:04 2021                  *
***************************************************************************
                           Input parameters                                
***************************************************************************
CELL: 12.4338823950489 11.2657846029438 47.5378507412217 
LATVEC:
1.000000000000000 0.000000000000000 0.000000000000000 
-0.000130020950961 0.999999991547276 0.000000000000000 
0.000000000000000 -0.000000000000000 1.000000000000000 
FD_GRID: 66 60 252
FD_ORDER: 12
BC: P P D
KPOINT_GRID: 4 4 1
KPOINT_SHIFT: 0 0 0
SPIN_TYP: 1
ELEC_TEMP_TYPE: Gaussian
SMEARING: 0.007349864435
CHEB_DEGREE: 37
NSTATES: 239
EXCHANGE_CORRELATION: HSE
CALC_STRESS: 0
CALC_PRES: 0
CHEFSI_BOUND_FLAG: 0
MAXIT_SCF: 100
MINIT_SCF: 3
MAXIT_POISSON: 3000
TOL_SCF: 1.00E-06
POISSON_SOLVER: AAR
TOL_POISSON: 1.00E-08
TOL_LANCZOS: 1.00E-02
TOL_PSEUDOCHARGE: 1.00E-08
MIXING_VARIABLE: density
MIXING_PRECOND: kerker
MIXING_PRECOND_MAG: none
TOL_PRECOND: 3.54E-05
PRECOND_KERKER_KTF: 1
PRECOND_KERKER_THRESH: 0.1
MIXING_PARAMETER: 0.3
MIXING_PARAMETER_MAG: 0.3
MIXING_HISTORY: 7
PULAY_FREQUENCY: 1
PULAY_RESTART: 0
REFERENCE_CUTOFF: 0.5
RHO_TRIGGER: 4
FIX_RAND: 0
VERBOSITY: 1
PRINT_FORCES: 1
PRINT_ATOMS: 1
PRINT_EIGEN: 1
PRINT_DENSITY: 0
PRINT_ENERGY_DENSITY: 0
TOL_FOCK: 5.00E-05
TOL_SCF_INIT: 1.00E-04
MAXIT_FOCK: 1000
EXX_METHOD: FOURIER_SPACE
EXX_DIVERGENCE: AUXILIARY
ACE_FLAG: 1
EXX_ACE_MEM: 1
EXX_ACE_VALENCE_STATES: 10000
EXX_DOWNSAMPLING: 1 1 1
EXX_RANGE_FOCK: 0.106000
EXX_RANGE_PBE: 0.106000
OUTPUT_FILE: sprc-calc
***************************************************************************
                                Cell                                       
***************************************************************************
Lattice vectors (Bohr):
12.433882395048860 0.000000000000000 0.000000000000000 
-0.001464788027397 11.265784507717260 0.000000000000000 
0.000000000000000 -0.000000000000000 47.537850741221725 
Volume                  :  6.6589804186E+03 (Bohr^3)
***************************************************************************
                           Parallelization                                 
***************************************************************************
NP_SPIN_PARAL: 2
NP_KPOINT_PARAL: 10
NP_BAND_PARAL: 1
NP_DOMAIN_PARAL: 2 1 8
NP_DOMAIN_PHI_PARAL: 4 4 21
EIG_SERIAL_MAXNS: 1500
***************************************************************************
                             Initialization                                
***************************************************************************
Number of processors               :  336
Mesh spacing in x-direction        :  0.188392 (Bohr)
Mesh spacing in y-direction        :  0.187763 (Bohr)
Mesh spacing in z direction        :  0.188642 (Bohr)
Number of symmetry adapted k-points:  10
Output printed to                  :  sprc-calc.out
Final eigenvalues printed to       :  sprc-calc.eigen
Total number of atom types         :  4
Total number of atoms              :  52
Total number of electrons          :  391
Atom type 1  (valence electrons)   :  C 4
Pseudopotential                    :  C.psp8
Pseudocharge radii of atom type 1  :  6.78 6.76 6.79 (x, y, z dir)
Number of atoms of type 1          :  1
Atom type 2  (valence electrons)   :  H 1
Pseudopotential                    :  H.psp8
Pseudocharge radii of atom type 2  :  3.77 3.76 3.77 (x, y, z dir)
Number of atoms of type 2          :  3
Atom type 3  (valence electrons)   :  O 6
Pseudopotential                    :  O.psp8
Pseudocharge radii of atom type 3  :  6.78 6.76 6.79 (x, y, z dir)
Number of atoms of type 3          :  32
Atom type 4  (valence electrons)   :  Ti 12
Pseudopotential                    :  Ti.psp8
Pseudocharge radii of atom type 4  :  6.78 6.76 6.79 (x, y, z dir)
Number of atoms of type 4          :  16
Estimated total memory usage       :  448.99 GB
Estimated memory per processor     :  1.34 GB
========================================================================================
                    Self Consistent Field (SCF#1)                     
========================================================================================
Iteration     Free Energy (Ha/atom)    Magnetization     SCF Error        Timing (sec)
1            -2.8164192650E+01        -1.4587E-01        4.504E-01        361.284
2            -2.9446175133E+01         4.1964E+00        4.253E-01        82.929
3            -2.8473360134E+01         9.9737E+00        3.359E-01        82.752
4            -2.8357655738E+01        -3.3119E+00        3.088E-01        82.799
5            -2.8469969029E+01        -6.6523E-01        2.031E-01        82.871
6            -2.8486650884E+01         1.4493E-03        1.574E-01        82.615
7            -2.8490636319E+01        -1.6122E+00        1.729E-01        83.185
8            -2.8478938790E+01         7.5980E-01        1.130E-01        83.362
9            -2.8478910592E+01        -1.2385E-01        9.251E-02        82.639
10           -2.8459979499E+01         1.0087E+00        8.089E-02        83.565
11           -2.8438065207E+01        -2.6856E+00        6.486E-02        82.350
12           -2.8423842856E+01         1.2550E-01        6.210E-02        82.523
13           -2.8415311207E+01        -6.5768E-01        5.160E-02        82.971
14           -2.8404463706E+01        -1.7870E+00        4.551E-02        82.766
15           -2.8375885510E+01        -8.4636E-01        3.730E-02        82.619
16           -2.8344861808E+01        -3.0417E-02        3.093E-02        82.369
17           -2.8343579250E+01        -7.6872E-02        2.841E-02        83.761
18           -2.8321247756E+01        -3.7438E-02        2.288E-02        88.345
19           -2.8313146380E+01        -5.0760E-02        2.057E-02        84.863
20           -2.8289898358E+01        -3.1355E-01        1.522E-02        83.438
21           -2.8289039826E+01        -3.2792E-01        1.396E-02        82.463
22           -2.8279848804E+01        -3.4137E-01        1.028E-02        92.547
23           -2.8271827308E+01        -3.3972E-01        7.576E-03        105.022
24           -2.8270415740E+01        -3.4996E-01        5.945E-03        84.298
25           -2.8266972492E+01        -3.4601E-01        4.386E-03        83.947
26           -2.8264352621E+01        -2.2438E-01        4.603E-03        109.992
27           -2.8262977855E+01        -2.8056E-01        3.196E-03        85.658
28           -2.8261215459E+01        -1.7253E-01        4.087E-03        83.232
29           -2.8259172297E+01        -1.2921E-01        3.266E-03        84.556
30           -2.8257840556E+01        -3.3705E-02        4.421E-03        88.264
31           -2.8257813478E+01        -5.3497E-02        3.649E-03        83.493
32           -2.8257443297E+01        -8.2678E-02        2.203E-03        102.047
33           -2.8256619392E+01        -1.0379E-01        3.967E-03        82.944
34           -2.8256578741E+01        -8.8743E-02        2.998E-03        101.183
35           -2.8256424806E+01        -7.1177E-02        1.906E-03        83.044
36           -2.8256062837E+01        -4.2953E-02        2.469E-03        84.764
37           -2.8256025022E+01        -2.7004E-02        1.414E-03        83.242
38           -2.8255921849E+01        -2.5051E-02        2.007E-03        83.930
39           -2.8255875473E+01        -3.3657E-02        1.068E-03        86.441
40           -2.8255754353E+01        -2.9180E-02        7.003E-04        82.564
41           -2.8255656766E+01        -2.8281E-02        5.269E-04        95.896
42           -2.8255519312E+01        -2.5504E-02        5.067E-04        82.527
43           -2.8255282683E+01        -2.0001E-02        2.840E-04        82.807
44           -2.8255158185E+01        -1.5971E-02        2.657E-04        100.203
45           -2.8255018148E+01        -1.2563E-02        2.751E-04        82.981
46           -2.8255024863E+01        -1.3914E-02        1.728E-04        83.235
47           -2.8254971450E+01        -1.2535E-02        7.325E-05        82.064
Total number of SCF: 47    

k = [-0.250, -0.250, 0.000]
Occupation of state 215 = 0.000000000001492.
Occupation of state 239 = 0.000000000000000.

No.1 Exx outer loop: 
1            -2.8056733502E+01        -2.3358E-02        1.396E-02        132.138
2            -2.8048296755E+01        -3.1923E-02        1.349E-02        127.139
3            -2.8051136991E+01        -4.9431E-02        1.094E-02        127.262
4            -2.8057034910E+01        -5.5647E-02        9.278E-03        127.377
5            -2.8058875428E+01        -1.2338E-01        5.533E-03        127.144
6            -2.8060734701E+01        -1.0577E-01        5.062E-03        127.941
7            -2.8060882803E+01        -9.5647E-02        4.025E-03        128.384
8            -2.8059287674E+01        -4.9363E-02        3.028E-03        141.127
9            -2.8058531929E+01        -4.1509E-02        1.877E-03        127.707
10           -2.8058716688E+01        -1.9580E-02        3.581E-03        127.424
11           -2.8058663581E+01        -1.6705E-02        4.712E-03        128.063
12           -2.8058632767E+01        -2.5715E-02        1.911E-03        127.584
13           -2.8058617037E+01        -2.7422E-02        1.854E-03        131.544
14           -2.8059216809E+01        -4.4963E-02        3.328E-03        127.056
15           -2.8059126132E+01        -4.3486E-02        2.935E-03        128.275
16           -2.8059104255E+01        -4.5637E-02        2.840E-03        127.407
17           -2.8059031167E+01        -4.4045E-02        2.447E-03        127.005
18           -2.8058522396E+01        -3.2458E-02        1.228E-03        127.484
19           -2.8058431473E+01        -3.3987E-02        9.267E-04        126.918
20           -2.8058589275E+01        -4.0870E-02        8.240E-04        127.698
21           -2.8058460087E+01        -3.3947E-02        1.439E-03        127.144
22           -2.8058481472E+01        -3.8681E-02        6.133E-04        127.457
23           -2.8058413606E+01        -4.4524E-02        3.502E-04        127.576
24           -2.8058327786E+01        -4.2957E-02        6.531E-04        128.092
25           -2.8058269249E+01        -4.4950E-02        3.849E-04        127.664
26           -2.8058194318E+01        -4.6679E-02        1.961E-04        127.432
27           -2.8058149475E+01        -4.7879E-02        6.887E-05        128.751
28           -2.8058123620E+01        -4.8214E-02        5.744E-05        127.824
29           -2.8058103814E+01        -4.8070E-02        4.164E-05        127.026
30           -2.8058093864E+01        -4.8000E-02        4.680E-05        127.225
31           -2.8058088765E+01        -4.7969E-02        5.062E-05        127.252
32           -2.8058080494E+01        -4.8198E-02        2.220E-05        127.125
33           -2.8058074888E+01        -4.8297E-02        1.091E-05        127.134
34           -2.8058069493E+01        -4.8316E-02        7.662E-06        127.578
35           -2.8058069292E+01        -4.8245E-02        8.591E-06        127.964
36           -2.8058067923E+01        -4.8243E-02        6.063E-06        126.836
37           -2.8058067951E+01        -4.8319E-02        1.178E-05        126.680
38           -2.8058069658E+01        -4.8244E-02        3.856E-06        126.742
39           -2.8058069413E+01        -4.8253E-02        4.572E-06        126.766
40           -2.8058068944E+01        -4.8256E-02        2.473E-06        126.811
41           -2.8058068554E+01        -4.8286E-02        6.566E-06        129.142
42           -2.8058068921E+01        -4.8269E-02        1.351E-06        126.645
43           -2.8058068907E+01        -4.8259E-02        2.622E-06        127.445
44           -2.8058068844E+01        -4.8292E-02        1.435E-06        126.786
45           -2.8058068549E+01        -4.8304E-02        2.099E-06        126.702
46           -2.8058068311E+01        -4.8311E-02        2.679E-06        129.866
47           -2.8058068329E+01        -4.8310E-02        2.030E-06        126.605
48           -2.8058068325E+01        -4.8311E-02        2.082E-06        138.045
49           -2.8058068391E+01        -4.8306E-02        9.068E-07        140.861
Total number of SCF: 49    

k = [-0.250, -0.250, 0.000]
Occupation of state 215 = 0.000000000000001.
Occupation of state 239 = 0.000000000000000.
Exx outer loop error: 6.1993548237e-01 

No.2 Exx outer loop: 
1            -2.8058365609E+01        -1.0272E-01        1.591E-03        132.066
2            -2.8057728381E+01        -1.1572E-01        1.683E-03        127.252
3            -2.8057973048E+01        -5.9449E-02        3.494E-03        127.321
4            -2.8059185770E+01        -1.3207E-01        4.014E-03        127.796
5            -2.8059211578E+01        -1.2014E-01        3.455E-03        126.977
6            -2.8059470210E+01        -4.8725E-02        4.289E-03        126.969
7            -2.8059452640E+01        -7.9478E-02        3.111E-03        139.730
8            -2.8059345000E+01        -8.3698E-02        3.278E-03        127.295
9            -2.8058335739E+01        -9.2758E-02        1.472E-03        127.763
10           -2.8058627566E+01        -1.3451E-01        2.144E-03        127.508
11           -2.8058262035E+01        -1.3904E-01        8.193E-04        127.645
12           -2.8058558627E+01        -2.1202E-01        3.745E-03        131.207
13           -2.8058479287E+01        -2.0803E-01        3.031E-03        128.151
14           -2.8058404308E+01        -1.9041E-01        1.467E-03        127.650
15           -2.8058530936E+01        -1.2952E-01        2.430E-03        127.355
16           -2.8058492326E+01        -1.3263E-01        2.066E-03        127.323
17           -2.8058469436E+01        -1.4577E-01        1.383E-03        127.501
18           -2.8058444956E+01        -1.6636E-01        3.674E-04        129.268
19           -2.8058481905E+01        -1.6925E-01        3.185E-04        129.056
20           -2.8058504048E+01        -1.6770E-01        4.378E-04        128.156
21           -2.8058479948E+01        -1.7649E-01        2.327E-04        127.645
22           -2.8058476021E+01        -1.7388E-01        5.056E-04        127.676
23           -2.8058406528E+01        -1.7985E-01        3.080E-04        128.447
24           -2.8058358754E+01        -1.8420E-01        7.313E-05        128.276
25           -2.8058342280E+01        -1.8660E-01        8.474E-05        127.914
26           -2.8058342885E+01        -1.8339E-01        5.068E-05        129.892
27           -2.8058336138E+01        -1.8910E-01        2.615E-04        127.738
28           -2.8058327643E+01        -1.8448E-01        4.530E-05        127.831
29           -2.8058324741E+01        -1.8553E-01        8.690E-05        127.515
30           -2.8058321974E+01        -1.8383E-01        1.069E-05        127.622
31           -2.8058320838E+01        -1.8389E-01        1.527E-05        128.272
32           -2.8058319256E+01        -1.8381E-01        8.169E-06        128.307
33           -2.8058318682E+01        -1.8379E-01        8.956E-06        127.437
34           -2.8058318003E+01        -1.8386E-01        1.020E-05        127.787
35           -2.8058317859E+01        -1.8382E-01        4.508E-06        127.288
36           -2.8058318064E+01        -1.8385E-01        4.305E-06        127.612
37           -2.8058318329E+01        -1.8384E-01        1.827E-06        127.672
38           -2.8058318532E+01        -1.8384E-01        1.160E-06        127.550
39           -2.8058318661E+01        -1.8381E-01        2.784E-07        127.955
Total number of SCF: 39    

k = [-0.250, -0.250, 0.000]
Occupation of state 215 = 0.000000000000000.
Occupation of state 239 = 0.000000000000000.
Exx outer loop error: 9.6745066319e-03 

No.3 Exx outer loop: 
1            -2.8058366036E+01        -3.7219E-01        2.319E-03        141.052
2            -2.8058610340E+01        -3.8845E-01        1.871E-03        127.865
3            -2.8058696410E+01        -5.1131E-01        3.254E-03        128.771
4            -2.8058928170E+01        -5.2727E-01        2.049E-03        127.831
5            -2.8058873161E+01        -5.3168E-01        2.444E-03        130.052
6            -2.8058853661E+01        -5.0630E-01        1.263E-03        128.112
7            -2.8058693554E+01        -4.6152E-01        5.868E-04        127.903
8            -2.8058557084E+01        -4.3343E-01        2.269E-04        128.384
9            -2.8058527458E+01        -4.1486E-01        3.470E-04        128.444
10           -2.8058530129E+01        -4.1916E-01        1.693E-04        129.254
11           -2.8058513863E+01        -4.1708E-01        1.765E-04        128.292
12           -2.8058495336E+01        -4.1780E-01        1.140E-04        128.460
13           -2.8058450145E+01        -4.1828E-01        6.755E-05        127.806
14           -2.8058412718E+01        -4.1810E-01        5.397E-05        132.884
15           -2.8058381098E+01        -4.1893E-01        4.476E-05        127.605
16           -2.8058377437E+01        -4.1844E-01        3.311E-05        127.485
17           -2.8058356862E+01        -4.1918E-01        3.293E-05        128.130
18           -2.8058353903E+01        -4.1837E-01        2.049E-05        127.887
19           -2.8058346751E+01        -4.1854E-01        1.109E-05        129.725
20           -2.8058344631E+01        -4.1830E-01        9.211E-06        127.288
21           -2.8058343139E+01        -4.1812E-01        6.943E-06        127.595
22           -2.8058342835E+01        -4.1868E-01        1.163E-05        128.009
23           -2.8058345068E+01        -4.1883E-01        7.807E-06        127.757
24           -2.8058344291E+01        -4.1860E-01        2.079E-06        127.899
25           -2.8058344397E+01        -4.1867E-01        1.667E-06        127.429
26           -2.8058343456E+01        -4.1884E-01        3.288E-06        127.792
27           -2.8058343278E+01        -4.1867E-01        1.545E-06        127.833
28           -2.8058343576E+01        -4.1854E-01        3.991E-06        127.806
29           -2.8058343664E+01        -4.1861E-01        2.366E-06        129.047
30           -2.8058343699E+01        -4.1870E-01        3.635E-07        127.343
Total number of SCF: 30    

k = [-0.250, -0.250, 0.000]
Occupation of state 215 = 0.000000000000000.
Occupation of state 239 = 0.000000000000000.
Exx outer loop error: 3.8218289690e-03 

No.4 Exx outer loop: 
1            -2.8058408401E+01        -6.6839E-01        4.206E-03        132.744
2            -2.8058811727E+01        -5.6921E-01        1.520E-03        127.318
3            -2.8058793388E+01        -5.7604E-01        8.910E-04        127.874
4            -2.8058652027E+01        -5.0036E-01        1.827E-03        127.465
5            -2.8058544139E+01        -5.3484E-01        7.407E-04        128.636
6            -2.8058598812E+01        -5.6933E-01        4.040E-04        130.652
7            -2.8058692794E+01        -5.5958E-01        5.124E-04        128.477
8            -2.8058678255E+01        -5.6261E-01        4.299E-04        133.280
9            -2.8058660882E+01        -5.6541E-01        3.603E-04        132.998
10           -2.8058623733E+01        -5.6254E-01        3.680E-04        133.524
11           -2.8058577377E+01        -5.6589E-01        2.816E-04        141.928
12           -2.8058537738E+01        -5.8762E-01        2.102E-04        134.778
13           -2.8058498702E+01        -5.6436E-01        2.777E-04        130.094
14           -2.8058450891E+01        -5.6569E-01        1.834E-04        127.484
15           -2.8058410306E+01        -5.7761E-01        1.357E-04        128.185
16           -2.8058399902E+01        -5.7407E-01        6.375E-05        141.078
17           -2.8058400835E+01        -5.8172E-01        1.773E-04        129.529
18           -2.8058399673E+01        -5.7773E-01        9.846E-05        127.929
19           -2.8058396588E+01        -5.7932E-01        1.327E-04        127.509
20           -2.8058391870E+01        -5.7396E-01        3.653E-05        128.892
21           -2.8058388571E+01        -5.7865E-01        1.366E-04        127.535
22           -2.8058384512E+01        -5.7166E-01        8.136E-06        128.440
23           -2.8058383407E+01        -5.7190E-01        1.311E-05        130.226
24           -2.8058381965E+01        -5.7229E-01        1.963E-05        128.033
25           -2.8058381867E+01        -5.7225E-01        1.968E-05        127.101
26           -2.8058381891E+01        -5.7237E-01        2.036E-05        130.182
27           -2.8058381577E+01        -5.7236E-01        2.133E-05        127.476
28           -2.8058381508E+01        -5.7223E-01        1.844E-05        127.644
29           -2.8058381636E+01        -5.7123E-01        1.022E-05        128.177
30           -2.8058379979E+01        -5.7141E-01        3.054E-06        127.569
31           -2.8058378893E+01        -5.7184E-01        6.035E-06        128.219
32           -2.8058378528E+01        -5.7182E-01        2.637E-06        142.313
33           -2.8058378074E+01        -5.7158E-01        3.020E-06        127.769
34           -2.8058377711E+01        -5.7175E-01        1.463E-06        136.701
35           -2.8058377429E+01        -5.7164E-01        1.811E-06        128.190
36           -2.8058377078E+01        -5.7159E-01        2.728E-06        128.121
37           -2.8058377015E+01        -5.7171E-01        2.726E-07        128.524
Total number of SCF: 37    

k = [-0.250, -0.250, 0.000]
Occupation of state 215 = 0.000000000000000.
Occupation of state 239 = 0.000000000000000.
Exx outer loop error: 5.9038858378e-03 

No.5 Exx outer loop: 
1            -2.8058434140E+01        -7.3843E-01        3.485E-03        133.034
2            -2.8058684392E+01        -6.4855E-01        1.037E-03        128.409
3            -2.8058744213E+01        -6.6169E-01        9.449E-04        128.272
4            -2.8058716690E+01        -7.7042E-01        3.067E-03        129.668
5            -2.8058760423E+01        -6.4794E-01        9.426E-04        130.472
6            -2.8059097848E+01        -8.0638E-01        3.084E-03        128.596
7            -2.8058897153E+01        -7.2521E-01        1.729E-03        127.586
8            -2.8058843016E+01        -7.9676E-01        3.042E-03        127.697
9            -2.8058703298E+01        -6.6976E-01        3.322E-04        128.050
10           -2.8058579002E+01        -6.2276E-01        8.875E-04        129.117
11           -2.8058530014E+01        -6.4535E-01        3.565E-04        127.744
12           -2.8058464236E+01        -6.6519E-01        2.210E-04        127.483
13           -2.8058431410E+01        -6.5070E-01        1.531E-04        127.816
14           -2.8058420486E+01        -6.5672E-01        7.905E-05        127.749
15           -2.8058406122E+01        -6.4913E-01        6.868E-05        127.278
16           -2.8058402650E+01        -6.4600E-01        9.234E-05        127.733
17           -2.8058401381E+01        -6.4742E-01        2.997E-05        127.611
18           -2.8058400536E+01        -6.4531E-01        4.752E-05        128.824
19           -2.8058402088E+01        -6.4733E-01        1.135E-05        131.615
20           -2.8058401885E+01        -6.4761E-01        9.957E-06        128.033
21           -2.8058400465E+01        -6.4721E-01        1.215E-05        127.565
22           -2.8058400511E+01        -6.4763E-01        5.213E-06        128.430
23           -2.8058400116E+01        -6.4773E-01        2.992E-06        128.110
24           -2.8058400455E+01        -6.4777E-01        2.517E-06        127.651
25           -2.8058400712E+01        -6.4788E-01        1.202E-06        127.900
26           -2.8058400622E+01        -6.4787E-01        1.168E-06        128.410
27           -2.8058400693E+01        -6.4796E-01        8.223E-07        127.135
Total number of SCF: 27    

k = [-0.250, -0.250, 0.000]
Occupation of state 215 = 0.000000000000000.
Occupation of state 239 = 0.000000000000000.
Exx outer loop error: 5.3543298157e-03 

No.6 Exx outer loop: 
1            -2.8058432804E+01        -7.3818E-01        2.130E-03        133.332
2            -2.8058557029E+01        -6.8208E-01        6.227E-04        128.360
3            -2.8058503826E+01        -6.7936E-01        3.034E-04        128.820
4            -2.8058509146E+01        -6.8828E-01        1.987E-04        128.182
5            -2.8058483487E+01        -6.8739E-01        8.717E-05        128.064
6            -2.8058470883E+01        -6.8795E-01        5.289E-05        127.230
7            -2.8058457829E+01        -6.8778E-01        3.471E-05        127.563
8            -2.8058449877E+01        -6.8780E-01        2.756E-05        127.912
9            -2.8058444809E+01        -6.8787E-01        2.724E-05        127.924
10           -2.8058445344E+01        -6.8794E-01        2.703E-05        128.747
11           -2.8058442446E+01        -6.8803E-01        2.527E-05        129.026
12           -2.8058429460E+01        -6.8781E-01        2.254E-05        130.548
13           -2.8058426469E+01        -6.8796E-01        1.484E-05        127.539
14           -2.8058421726E+01        -6.8781E-01        1.178E-05        127.355
15           -2.8058419832E+01        -6.8745E-01        1.146E-05        127.507
16           -2.8058413038E+01        -6.8726E-01        8.753E-06        127.538
17           -2.8058413400E+01        -6.8652E-01        1.660E-05        127.080
18           -2.8058413169E+01        -6.8654E-01        1.693E-05        134.508
19           -2.8058413154E+01        -6.8693E-01        7.600E-06        128.004
20           -2.8058413128E+01        -6.8672E-01        1.047E-05        127.710
21           -2.8058414109E+01        -6.8746E-01        6.525E-06        127.363
22           -2.8058413796E+01        -6.8743E-01        4.226E-06        127.478
23           -2.8058413159E+01        -6.8767E-01        8.417E-06        127.520
24           -2.8058412762E+01        -6.8772E-01        8.791E-06        128.412
25           -2.8058412380E+01        -6.8744E-01        2.467E-06        128.899
26           -2.8058412015E+01        -6.8718E-01        6.940E-06        129.897
27           -2.8058412183E+01        -6.8745E-01        2.182E-06        127.622
28           -2.8058411885E+01        -6.8751E-01        5.995E-07        127.021
Total number of SCF: 28    

k = [-0.250, -0.250, 0.000]
Occupation of state 215 = 0.000000000000000.
Occupation of state 239 = 0.000000000000000.
Exx outer loop error: 2.7459222083e-03 

No.7 Exx outer loop: 
1            -2.8058429042E+01        -7.4155E-01        1.245E-03        134.572
2            -2.8058499251E+01        -7.0838E-01        3.874E-04        130.569
3            -2.8058682707E+01        -7.7541E-01        1.635E-03        145.087
4            -2.8058525157E+01        -7.0268E-01        5.688E-04        131.642
5            -2.8058515658E+01        -7.0246E-01        3.871E-04        138.388
6            -2.8058513395E+01        -7.1859E-01        1.630E-04        127.817
7            -2.8058498934E+01        -7.1521E-01        6.955E-05        127.455
8            -2.8058484464E+01        -7.1393E-01        6.160E-05        136.872
9            -2.8058469033E+01        -7.1404E-01        6.129E-05        127.758
10           -2.8058458429E+01        -7.1483E-01        5.020E-05        127.842
11           -2.8058451168E+01        -7.1539E-01        4.032E-05        128.268

***************************************************************************
*                       SPARC (version Nov 19, 2021)                      *
*   Copyright (c) 2020 Material Physics & Mechanics Group, Georgia Tech   *
*           Distributed under GNU General Public License 3 (GPL)          *
*                   Start time: Fri Dec 17 09:26:55 2021                  *
***************************************************************************
                           Input parameters                                
***************************************************************************
CELL: 12.4338823950489 11.2657846029438 47.5378507412217 
LATVEC:
1.000000000000000 0.000000000000000 0.000000000000000 
-0.000130020950961 0.999999991547276 0.000000000000000 
0.000000000000000 -0.000000000000000 1.000000000000000 
FD_GRID: 66 60 252
FD_ORDER: 12
BC: P P D
KPOINT_GRID: 4 4 1
KPOINT_SHIFT: 0 0 0
SPIN_TYP: 1
ELEC_TEMP_TYPE: Gaussian
SMEARING: 0.007349864435
CHEB_DEGREE: 37
NSTATES: 239
EXCHANGE_CORRELATION: HSE
CALC_STRESS: 0
CALC_PRES: 0
CHEFSI_BOUND_FLAG: 0
MAXIT_SCF: 100
MINIT_SCF: 3
MAXIT_POISSON: 3000
TOL_SCF: 1.00E-06
POISSON_SOLVER: AAR
TOL_POISSON: 1.00E-08
TOL_LANCZOS: 1.00E-02
TOL_PSEUDOCHARGE: 1.00E-08
MIXING_VARIABLE: density
MIXING_PRECOND: kerker
MIXING_PRECOND_MAG: none
TOL_PRECOND: 3.54E-05
PRECOND_KERKER_KTF: 1
PRECOND_KERKER_THRESH: 0.1
MIXING_PARAMETER: 0.3
MIXING_PARAMETER_MAG: 0.3
MIXING_HISTORY: 7
PULAY_FREQUENCY: 1
PULAY_RESTART: 0
REFERENCE_CUTOFF: 0.5
RHO_TRIGGER: 4
FIX_RAND: 0
VERBOSITY: 1
PRINT_FORCES: 1
PRINT_ATOMS: 1
PRINT_EIGEN: 1
PRINT_DENSITY: 0
PRINT_ENERGY_DENSITY: 0
TOL_FOCK: 5.00E-05
TOL_SCF_INIT: 1.00E-04
MAXIT_FOCK: 1000
EXX_METHOD: FOURIER_SPACE
EXX_DIVERGENCE: AUXILIARY
ACE_FLAG: 1
EXX_ACE_MEM: 1
EXX_ACE_VALENCE_STATES: 10000
EXX_DOWNSAMPLING: 1 1 1
EXX_RANGE_FOCK: 0.106000
EXX_RANGE_PBE: 0.106000
OUTPUT_FILE: sprc-calc
***************************************************************************
                                Cell                                       
***************************************************************************
Lattice vectors (Bohr):
12.433882395048860 0.000000000000000 0.000000000000000 
-0.001464788027397 11.265784507717260 0.000000000000000 
0.000000000000000 -0.000000000000000 47.537850741221725 
Volume                  :  6.6589804186E+03 (Bohr^3)
***************************************************************************
                           Parallelization                                 
***************************************************************************
NP_SPIN_PARAL: 2
NP_KPOINT_PARAL: 10
NP_BAND_PARAL: 1
NP_DOMAIN_PARAL: 2 1 8
NP_DOMAIN_PHI_PARAL: 4 4 21
EIG_SERIAL_MAXNS: 1500
***************************************************************************
                             Initialization                                
***************************************************************************
Number of processors               :  336
Mesh spacing in x-direction        :  0.188392 (Bohr)
Mesh spacing in y-direction        :  0.187763 (Bohr)
Mesh spacing in z direction        :  0.188642 (Bohr)
Number of symmetry adapted k-points:  10
Output printed to                  :  sprc-calc.out_01
Final eigenvalues printed to       :  sprc-calc.eigen_01
Total number of atom types         :  4
Total number of atoms              :  52
Total number of electrons          :  391
Atom type 1  (valence electrons)   :  C 4
Pseudopotential                    :  C.psp8
Pseudocharge radii of atom type 1  :  6.78 6.76 6.79 (x, y, z dir)
Number of atoms of type 1          :  1
Atom type 2  (valence electrons)   :  H 1
Pseudopotential                    :  H.psp8
Pseudocharge radii of atom type 2  :  3.77 3.76 3.77 (x, y, z dir)
Number of atoms of type 2          :  3
Atom type 3  (valence electrons)   :  O 6
Pseudopotential                    :  O.psp8
Pseudocharge radii of atom type 3  :  6.78 6.76 6.79 (x, y, z dir)
Number of atoms of type 3          :  32
Atom type 4  (valence electrons)   :  Ti 12
Pseudopotential                    :  Ti.psp8
Pseudocharge radii of atom type 4  :  6.78 6.76 6.79 (x, y, z dir)
Number of atoms of type 4          :  16
Estimated total memory usage       :  448.99 GB
Estimated memory per processor     :  1.34 GB
========================================================================================
                    Self Consistent Field (SCF#1)                     
========================================================================================
Iteration     Free Energy (Ha/atom)    Magnetization     SCF Error        Timing (sec)
1            -2.8164192650E+01        -1.4587E-01        4.504E-01        301.631
2            -2.9446175134E+01         4.1964E+00        4.253E-01        76.630
3            -2.8473360134E+01         9.9737E+00        3.359E-01        75.926
4            -2.8357655738E+01        -3.3119E+00        3.088E-01        76.883
5            -2.8469969028E+01        -6.6523E-01        2.031E-01        75.963
6            -2.8486650885E+01         1.4492E-03        1.574E-01        75.673
7            -2.8490636322E+01        -1.6122E+00        1.729E-01        75.836
8            -2.8478938790E+01         7.5980E-01        1.130E-01        75.304
9            -2.8478910593E+01        -1.2385E-01        9.251E-02        76.879
10           -2.8459979500E+01         1.0087E+00        8.089E-02        76.128
11           -2.8438065205E+01        -2.6856E+00        6.486E-02        75.767
12           -2.8423842855E+01         1.2550E-01        6.210E-02        76.323
13           -2.8415311209E+01        -6.5768E-01        5.160E-02        77.184
14           -2.8404463707E+01        -1.7870E+00        4.551E-02        75.593
15           -2.8375885513E+01        -8.4636E-01        3.730E-02        75.665
16           -2.8344861817E+01        -3.0417E-02        3.093E-02        76.091
17           -2.8343579257E+01        -7.6872E-02        2.841E-02        75.666
18           -2.8321247749E+01        -3.7438E-02        2.288E-02        75.770
19           -2.8313146387E+01        -5.0760E-02        2.057E-02        78.623
20           -2.8289898341E+01        -3.1356E-01        1.522E-02        78.149
21           -2.8289039813E+01        -3.2792E-01        1.396E-02        76.483
22           -2.8279848810E+01        -3.4137E-01        1.028E-02        75.852
23           -2.8271827216E+01        -3.3972E-01        7.576E-03        75.657
24           -2.8270415714E+01        -3.4996E-01        5.945E-03        76.616
25           -2.8266972438E+01        -3.4601E-01        4.386E-03        75.725
26           -2.8264352533E+01        -2.2439E-01        4.603E-03        75.779
27           -2.8262977816E+01        -2.8056E-01        3.196E-03        76.768
28           -2.8261215470E+01        -1.7253E-01        4.087E-03        75.728
29           -2.8259172358E+01        -1.2921E-01        3.266E-03        75.747
30           -2.8257840548E+01        -3.3700E-02        4.421E-03        75.951
31           -2.8257813445E+01        -5.3501E-02        3.649E-03        75.951
32           -2.8257443024E+01        -8.2701E-02        2.202E-03        75.702
33           -2.8256619229E+01        -1.0377E-01        3.967E-03        76.815
34           -2.8256578690E+01        -8.8743E-02        2.997E-03        75.567
35           -2.8256424750E+01        -7.1177E-02        1.906E-03        76.168
36           -2.8256062886E+01        -4.2964E-02        2.468E-03        75.654
37           -2.8256025003E+01        -2.7008E-02        1.414E-03        75.597
38           -2.8255921685E+01        -2.5056E-02        2.006E-03        75.656
39           -2.8255874917E+01        -3.3636E-02        1.068E-03        76.531
40           -2.8255754058E+01        -2.9172E-02        6.995E-04        75.413
41           -2.8255656482E+01        -2.8285E-02        5.269E-04        75.998
42           -2.8255519136E+01        -2.5523E-02        5.070E-04        76.881
43           -2.8255282649E+01        -2.0041E-02        2.840E-04        76.402
44           -2.8255158422E+01        -1.6030E-02        2.643E-04        78.144
45           -2.8255018043E+01        -1.2609E-02        2.791E-04        76.296
46           -2.8255025519E+01        -1.3941E-02        1.820E-04        76.093
47           -2.8254971965E+01        -1.2564E-02        7.354E-05        75.099
Total number of SCF: 47    

k = [-0.250, -0.250, 0.000]
Occupation of state 215 = 0.000000000001493.
Occupation of state 239 = 0.000000000000000.

No.1 Exx outer loop: 
1            -2.8056733063E+01        -2.3677E-02        1.396E-02        122.684
2            -2.8048295800E+01        -3.1718E-02        1.347E-02        118.051
3            -2.8051087145E+01        -5.0137E-02        1.088E-02        119.743
4            -2.8057070621E+01        -5.2336E-02        9.262E-03        117.680
5            -2.8058802736E+01        -1.1991E-01        5.568E-03        117.919
6            -2.8060633015E+01        -1.0174E-01        5.158E-03        118.190
7            -2.8060778441E+01        -9.4937E-02        4.033E-03        118.006
8            -2.8059400315E+01        -4.7159E-02        3.343E-03        118.316
9            -2.8058468587E+01        -4.3001E-02        1.954E-03        119.185
10           -2.8058671388E+01        -1.9873E-02        3.363E-03        119.810
11           -2.8058610577E+01        -1.8428E-02        3.940E-03        118.208
12           -2.8058642326E+01        -2.7700E-02        1.619E-03        118.149
13           -2.8058674504E+01        -2.7114E-02        2.089E-03        117.918
14           -2.8058963435E+01        -4.0637E-02        2.310E-03        118.052
15           -2.8058640571E+01        -2.9199E-02        1.784E-03        117.877
16           -2.8058787250E+01        -4.2877E-02        1.720E-03        118.155
17           -2.8058606531E+01        -3.4732E-02        7.833E-04        118.150
18           -2.8058478819E+01        -3.3188E-02        1.420E-03        125.077
19           -2.8058645642E+01        -5.0758E-02        2.276E-03        119.131
20           -2.8058467485E+01        -4.3923E-02        3.903E-04        119.200
21           -2.8058409828E+01        -4.0438E-02        7.418E-04        118.485
22           -2.8058394176E+01        -4.7264E-02        3.894E-04        118.615
23           -2.8058269082E+01        -4.6885E-02        1.868E-04        118.215
24           -2.8058227070E+01        -4.7051E-02        2.054E-04        118.579
25           -2.8058165135E+01        -4.7786E-02        2.130E-04        118.504
26           -2.8058142517E+01        -4.8511E-02        1.370E-04        118.415
27           -2.8058125342E+01        -4.8680E-02        1.089E-04        117.985
28           -2.8058107716E+01        -4.8773E-02        6.325E-05        118.104
29           -2.8058092101E+01        -4.8991E-02        3.746E-05        118.082
30           -2.8058082992E+01        -4.8905E-02        1.861E-05        118.041
31           -2.8058075245E+01        -4.8552E-02        1.361E-05        118.051
32           -2.8058072817E+01        -4.8478E-02        1.034E-05        118.143
33           -2.8058071952E+01        -4.8327E-02        1.325E-05        118.990
34           -2.8058072324E+01        -4.8312E-02        1.885E-05        119.461
35           -2.8058072609E+01        -4.8430E-02        9.026E-06        117.987
36           -2.8058072287E+01        -4.8339E-02        4.251E-06        117.672
37           -2.8058072179E+01        -4.8312E-02        3.951E-06        117.843
38           -2.8058070748E+01        -4.8347E-02        1.029E-05        117.878
39           -2.8058070729E+01        -4.8317E-02        2.794E-06        117.902
40           -2.8058069752E+01        -4.8364E-02        5.528E-06        117.834
41           -2.8058069427E+01        -4.8395E-02        2.050E-06        118.269
42           -2.8058068910E+01        -4.8394E-02        2.247E-06        118.343
43           -2.8058068538E+01        -4.8426E-02        1.939E-06        118.162
44           -2.8058068476E+01        -4.8412E-02        1.458E-06        118.531
45           -2.8058068262E+01        -4.8419E-02        1.066E-06        118.461
46           -2.8058068079E+01        -4.8425E-02        2.332E-07        118.039
Total number of SCF: 46    

k = [-0.250, -0.250, 0.000]
Occupation of state 215 = 0.000000000000001.
Occupation of state 239 = 0.000000000000000.
Exx outer loop error: 6.1974544520e-01 

No.2 Exx outer loop: 
1            -2.8058364995E+01        -1.0330E-01        1.596E-03        122.595
2            -2.8057728534E+01        -1.1525E-01        1.668E-03        117.609
3            -2.8058294945E+01        -1.3640E-01        2.664E-03        118.495
4            -2.8058287711E+01        -1.2307E-01        1.301E-03        118.662
5            -2.8058700541E+01        -1.2708E-01        1.018E-03        119.078
6            -2.8058822329E+01        -1.2765E-01        7.428E-04        118.173
7            -2.8058688700E+01        -1.3996E-01        9.733E-04        119.294
8            -2.8058590988E+01        -1.8036E-01        1.675E-03        118.327
9            -2.8058547611E+01        -1.5119E-01        6.219E-04        121.953
10           -2.8058662073E+01        -2.1537E-01        3.799E-03        117.977
11           -2.8058586400E+01        -2.1230E-01        3.256E-03        118.396
12           -2.8058608417E+01        -2.2318E-01        3.204E-03        117.835
13           -2.8058525193E+01        -2.2457E-01        3.103E-03        118.326
14           -2.8058548486E+01        -2.1959E-01        2.817E-03        118.239
15           -2.8058525375E+01        -1.5620E-01        9.946E-04        118.640
16           -2.8058504339E+01        -1.5860E-01        9.690E-04        118.154
17           -2.8058567085E+01        -2.0920E-01        1.924E-03        118.687
18           -2.8058478314E+01        -1.7012E-01        5.097E-04        118.908
19           -2.8058497870E+01        -1.7491E-01        2.686E-04        118.778
20           -2.8058482379E+01        -1.7517E-01        3.227E-04        117.923
21           -2.8058428284E+01        -1.7932E-01        2.865E-04        117.671
22           -2.8058391001E+01        -1.8296E-01        1.619E-04        118.106
23           -2.8058365163E+01        -1.8427E-01        5.422E-05        118.907
24           -2.8058341082E+01        -1.8556E-01        3.336E-05        120.102
25           -2.8058329567E+01        -1.8552E-01        2.551E-05        118.379
26           -2.8058325090E+01        -1.8479E-01        1.149E-05        118.088
27           -2.8058325756E+01        -1.8438E-01        9.776E-06        118.382
28           -2.8058321999E+01        -1.8417E-01        4.632E-06        117.976
29           -2.8058319670E+01        -1.8422E-01        4.577E-06        117.536
30           -2.8058319448E+01        -1.8417E-01        4.575E-06        117.979
31           -2.8058319378E+01        -1.8408E-01        1.841E-06        119.953
32           -2.8058318933E+01        -1.8408E-01        2.251E-06        118.476
33           -2.8058318729E+01        -1.8414E-01        2.348E-06        117.550
34           -2.8058318851E+01        -1.8413E-01        2.820E-06        117.916
35           -2.8058318731E+01        -1.8415E-01        2.973E-06        118.295
36           -2.8058318694E+01        -1.8410E-01        1.620E-06        117.994
37           -2.8058318849E+01        -1.8419E-01        2.803E-06        117.974
38           -2.8058318921E+01        -1.8419E-01        1.984E-06        117.834
39           -2.8058318968E+01        -1.8419E-01        1.500E-06        119.010
40           -2.8058318974E+01        -1.8419E-01        1.705E-06        117.838
41           -2.8058318985E+01        -1.8419E-01        1.514E-06        117.415
42           -2.8058318996E+01        -1.8417E-01        5.543E-07        117.587
Total number of SCF: 42    

k = [-0.250, -0.250, 0.000]
Occupation of state 215 = 0.000000000000000.
Occupation of state 239 = 0.000000000000000.
Exx outer loop error: 9.8324617583e-03 

No.3 Exx outer loop: 
1            -2.8058366405E+01        -3.7129E-01        2.295E-03        123.108
2            -2.8058608338E+01        -3.9160E-01        1.922E-03        118.101
3            -2.8059076090E+01        -2.9878E-01        3.066E-03        122.700
4            -2.8058862408E+01        -3.2872E-01        1.675E-03        121.073
5            -2.8058840674E+01        -3.4009E-01        1.384E-03        118.483
6            -2.8058812132E+01        -3.7064E-01        8.134E-04        118.507
7            -2.8058798092E+01        -4.0297E-01        4.536E-04        117.729
8            -2.8058738285E+01        -4.2573E-01        2.521E-04        118.544
9            -2.8058655320E+01        -4.3239E-01        1.928E-04        118.204
10           -2.8058559707E+01        -4.2536E-01        2.335E-04        127.233
11           -2.8058487428E+01        -4.3452E-01        1.441E-04        121.600
12           -2.8058440767E+01        -4.1636E-01        2.424E-04        122.680
13           -2.8058379911E+01        -4.1695E-01        1.433E-04        144.046
14           -2.8058356892E+01        -4.2514E-01        1.008E-04        118.529
15           -2.8058350325E+01        -4.1989E-01        2.424E-05        118.702
16           -2.8058346937E+01        -4.1917E-01        2.857E-05        118.138
17           -2.8058348208E+01        -4.1911E-01        2.398E-05        118.498
18           -2.8058347136E+01        -4.1975E-01        4.783E-06        119.578
19           -2.8058345543E+01        -4.1891E-01        1.166E-05        119.254
20           -2.8058344432E+01        -4.1919E-01        2.964E-06        118.201
21           -2.8058343432E+01        -4.1900E-01        3.349E-06        117.746
22           -2.8058343482E+01        -4.1901E-01        2.779E-06        117.624
23           -2.8058343542E+01        -4.1908E-01        9.793E-07        117.549
Total number of SCF: 23    

k = [-0.250, -0.250, 0.000]
Occupation of state 215 = 0.000000000000000.
Occupation of state 239 = 0.000000000000000.
Exx outer loop error: 3.6022643349e-03 

No.4 Exx outer loop: 
1            -2.8058407916E+01        -6.6667E-01        4.175E-03        123.187
2            -2.8058808534E+01        -5.7307E-01        1.529E-03        118.680
3            -2.8058942450E+01        -7.1573E-01        3.810E-03        117.957
4            -2.8058971861E+01        -6.3720E-01        1.436E-03        118.129
5            -2.8058966109E+01        -5.4268E-01        1.060E-03        117.755
6            -2.8058780952E+01        -5.5252E-01        5.469E-04        117.849
7            -2.8058739442E+01        -5.6954E-01        3.497E-04        117.929
8            -2.8058717206E+01        -5.8500E-01        2.254E-04        118.181
9            -2.8058628943E+01        -5.7010E-01        3.441E-04        118.466
10           -2.8058502157E+01        -5.9391E-01        2.580E-04        117.854
11           -2.8058446583E+01        -5.7419E-01        1.168E-04        118.321
12           -2.8058418622E+01        -5.7379E-01        5.188E-05        117.664
13           -2.8058396022E+01        -5.7753E-01        9.778E-05        117.876
14           -2.8058391974E+01        -5.6905E-01        5.877E-05        117.847
15           -2.8058391290E+01        -5.7337E-01        4.627E-05        117.436
16           -2.8058387293E+01        -5.7212E-01        2.375E-05        118.447
17           -2.8058382169E+01        -5.7219E-01        1.987E-05        118.836
18           -2.8058381447E+01        -5.7239E-01        1.960E-05        117.751
19           -2.8058380431E+01        -5.7183E-01        3.930E-06        118.159
20           -2.8058378322E+01        -5.7180E-01        2.635E-06        117.618
21           -2.8058376981E+01        -5.7187E-01        2.395E-06        117.256
22           -2.8058376541E+01        -5.7183E-01        1.519E-06        117.366
23           -2.8058376555E+01        -5.7195E-01        2.254E-06        117.860
24           -2.8058376967E+01        -5.7165E-01        4.702E-06        118.101
25           -2.8058376992E+01        -5.7190E-01        9.909E-07        117.469
Total number of SCF: 25    

k = [-0.250, -0.250, 0.000]
Occupation of state 215 = 0.000000000000000.
Occupation of state 239 = 0.000000000000000.
Exx outer loop error: 6.0502653596e-03 

No.5 Exx outer loop: 
1            -2.8058434093E+01        -7.3870E-01        3.487E-03        121.673
2            -2.8058684054E+01        -6.4762E-01        1.038E-03        117.948
3            -2.8058898094E+01        -7.5001E-01        2.535E-03        118.038
4            -2.8058979026E+01        -6.5980E-01        4.180E-04        118.294
5            -2.8058881976E+01        -6.3277E-01        6.389E-04        118.269
6            -2.8058704844E+01        -6.4131E-01        3.357E-04        119.138
7            -2.8058540059E+01        -6.5748E-01        2.218E-04        121.989
8            -2.8058495243E+01        -6.4237E-01        1.464E-04        118.675
9            -2.8058468354E+01        -6.4859E-01        6.068E-05        117.762
10           -2.8058450175E+01        -6.4860E-01        5.028E-05        118.162
11           -2.8058437260E+01        -6.4649E-01        4.818E-05        118.202
12           -2.8058430827E+01        -6.4662E-01        4.489E-05        123.290
13           -2.8058411115E+01        -6.4737E-01        1.781E-05        121.299
14           -2.8058402776E+01        -6.4771E-01        1.484E-05        123.177
15           -2.8058399912E+01        -6.4807E-01        2.190E-05        118.007
16           -2.8058401889E+01        -6.4839E-01        1.897E-05        117.579
17           -2.8058402846E+01        -6.4820E-01        7.146E-06        117.646
18           -2.8058403444E+01        -6.4811E-01        3.459E-06        117.014
19           -2.8058402433E+01        -6.4813E-01        3.229E-06        117.972
20           -2.8058402601E+01        -6.4791E-01        4.788E-06        117.265
21           -2.8058401987E+01        -6.4799E-01        1.764E-06        118.545
22           -2.8058401557E+01        -6.4809E-01        3.096E-06        117.964
23           -2.8058401630E+01        -6.4822E-01        4.197E-06        118.056
24           -2.8058401781E+01        -6.4803E-01        1.772E-06        117.406
25           -2.8058401500E+01        -6.4813E-01        1.858E-06        117.316
26           -2.8058400934E+01        -6.4808E-01        1.121E-06        117.310
27           -2.8058400585E+01        -6.4791E-01        2.484E-06        118.197
28           -2.8058400484E+01        -6.4806E-01        1.142E-06        121.542
29           -2.8058400380E+01        -6.4805E-01        6.758E-07        118.410
Total number of SCF: 29    

k = [-0.250, -0.250, 0.000]
Occupation of state 215 = 0.000000000000000.
Occupation of state 239 = 0.000000000000000.
Exx outer loop error: 4.8855336647e-03 

No.6 Exx outer loop: 
1            -2.8058432598E+01        -7.3877E-01        2.139E-03        122.489
2            -2.8058558867E+01        -6.8207E-01        6.278E-04        118.278
3            -2.8058608782E+01        -7.4284E-01        1.501E-03        117.904
4            -2.8058587621E+01        -7.2206E-01        7.315E-04        117.399
5            -2.8058520850E+01        -7.0993E-01        3.674E-04        119.411
6            -2.8058492490E+01        -7.0526E-01        2.114E-04        120.417
7            -2.8058460080E+01        -6.8589E-01        2.896E-04        117.983
8            -2.8058466404E+01        -6.8690E-01        2.290E-04        118.317
9            -2.8058455453E+01        -6.8841E-01        1.082E-04        117.514
10           -2.8058447239E+01        -6.8813E-01        7.068E-05        117.964
11           -2.8058435088E+01        -6.8786E-01        4.172E-05        118.009
12           -2.8058423720E+01        -6.8790E-01        1.144E-05        117.748
13           -2.8058419039E+01        -6.8771E-01        8.041E-06        119.393
14           -2.8058416305E+01        -6.8772E-01        5.192E-06        117.631
15           -2.8058416367E+01        -6.8763E-01        6.123E-06        118.236
16           -2.8058415127E+01        -6.8754E-01        3.219E-06        133.162
17           -2.8058414315E+01        -6.8771E-01        4.557E-06        150.102
18           -2.8058413690E+01        -6.8762E-01        2.201E-06        155.516
19           -2.8058412196E+01        -6.8754E-01        1.763E-06        159.692
20           -2.8058412148E+01        -6.8759E-01        1.061E-06        154.123
21           -2.8058411644E+01        -6.8751E-01        1.909E-06        134.112
22           -2.8058411658E+01        -6.8756E-01        6.040E-07        131.409
Total number of SCF: 22    

k = [-0.250, -0.250, 0.000]
Occupation of state 215 = 0.000000000000000.
Occupation of state 239 = 0.000000000000000.
Exx outer loop error: 3.1454168899e-03 

No.7 Exx outer loop: 
1            -2.8058428637E+01        -7.4171E-01        1.246E-03        122.376
2            -2.8058498760E+01        -7.0808E-01        3.892E-04        117.911
3            -2.8058495064E+01        -7.4558E-01        9.460E-04        118.364
4            -2.8058490607E+01        -7.4059E-01        6.661E-04        118.241
5            -2.8058550965E+01        -7.1125E-01        2.848E-04        117.325
6            -2.8058547479E+01        -7.2149E-01        1.282E-04        117.957
7            -2.8058492866E+01        -7.1889E-01        8.240E-05        117.747
8            -2.8058448805E+01        -7.2106E-01        1.337E-04        117.792
9            -2.8058426898E+01        -7.1559E-01        2.877E-05        117.927
10           -2.8058422482E+01        -7.1637E-01        1.478E-05        117.939
11           -2.8058421014E+01        -7.1592E-01        8.083E-06        117.771
12           -2.8058418154E+01        -7.1627E-01        5.775E-06        127.455
13           -2.8058417044E+01        -7.1626E-01        3.689E-06        121.589
14           -2.8058415470E+01        -7.1627E-01        2.397E-06        117.467
15           -2.8058415426E+01        -7.1635E-01        3.750E-06        117.155
16           -2.8058415993E+01        -7.1619E-01        1.982E-06        117.596
17           -2.8058416123E+01        -7.1622E-01        9.632E-07        117.401
Total number of SCF: 17    

k = [-0.250, -0.250, 0.000]
Occupation of state 215 = 0.000000000000000.
Occupation of state 239 = 0.000000000000000.
Exx outer loop error: 1.2801686549e-03 

No.8 Exx outer loop: 
1            -2.8058424669E+01        -7.5228E-01        6.993E-04        122.001
2            -2.8058471051E+01        -7.3687E-01        2.287E-04        117.466
3            -2.8058481212E+01        -7.6052E-01        7.050E-04        117.707
4            -2.8058472989E+01        -7.4579E-01        2.125E-04        117.659
5            -2.8058438973E+01        -7.4185E-01        5.679E-05        117.394
6            -2.8058440034E+01        -7.3947E-01        9.067E-05        117.978
7            -2.8058442951E+01        -7.4096E-01        4.141E-05        117.736
8            -2.8058438826E+01        -7.4266E-01        4.717E-05        119.371
9            -2.8058442122E+01        -7.4640E-01        1.306E-04        118.993
10           -2.8058443300E+01        -7.4248E-01        2.379E-05        117.682
11           -2.8058437084E+01        -7.4366E-01        2.876E-05        117.686
12           -2.8058430419E+01        -7.4414E-01        3.286E-05        117.630
13           -2.8058426118E+01        -7.4285E-01        1.190E-05        117.864
14           -2.8058423678E+01        -7.4338E-01        7.989E-06        117.798
15           -2.8058422155E+01        -7.4305E-01        3.461E-06        117.771
16           -2.8058421440E+01        -7.4347E-01        9.093E-06        117.682
17           -2.8058421095E+01        -7.4333E-01        4.150E-06        117.662
18           -2.8058420392E+01        -7.4302E-01        5.479E-06        117.364
19           -2.8058420419E+01        -7.4308E-01        3.302E-06        117.684
20           -2.8058419890E+01        -7.4316E-01        1.465E-06        117.771
21           -2.8058419536E+01        -7.4308E-01        2.447E-06        117.577
22           -2.8058419279E+01        -7.4309E-01        1.654E-06        118.184
23           -2.8058419051E+01        -7.4309E-01        1.394E-06        119.947
24           -2.8058418923E+01        -7.4309E-01        1.289E-06        119.955
25           -2.8058418836E+01        -7.4312E-01        3.054E-07        117.052
Total number of SCF: 25    

k = [-0.250, -0.250, 0.000]
Occupation of state 215 = 0.000000000000000.
Occupation of state 239 = 0.000000000000000.
Exx outer loop error: 9.2936134859e-04 

No.9 Exx outer loop: 
1            -2.8058423370E+01        -7.6988E-01        3.860E-04        121.832
2            -2.8058458292E+01        -7.6610E-01        1.732E-04        118.060
3            -2.8058476719E+01        -7.6924E-01        1.619E-04        117.858
4            -2.8058463951E+01        -7.8784E-01        6.245E-04        118.010
5            -2.8058431830E+01        -7.7815E-01        2.757E-04        119.294
6            -2.8058427868E+01        -7.7078E-01        2.655E-05        117.823
7            -2.8058427327E+01        -7.7040E-01        3.142E-05        117.933
8            -2.8058422437E+01        -7.6980E-01        4.409E-05        117.909
9            -2.8058420105E+01        -7.7015E-01        2.640E-05        118.000
10           -2.8058419459E+01        -7.7055E-01        7.168E-06        117.999
11           -2.8058418043E+01        -7.7006E-01        1.612E-05        117.494
12           -2.8058418163E+01        -7.7053E-01        7.157E-06        117.716
13           -2.8058417856E+01        -7.7044E-01        5.425E-06        117.927
14           -2.8058418279E+01        -7.7044E-01        6.753E-06        117.433
15           -2.8058418225E+01        -7.7045E-01        6.596E-06        117.734
16           -2.8058418433E+01        -7.7028E-01        2.955E-06        117.350
17           -2.8058419381E+01        -7.7041E-01        2.445E-06        118.387
18           -2.8058419718E+01        -7.7034E-01        6.235E-07        127.730
Total number of SCF: 18    

k = [-0.250, -0.250, 0.000]
Occupation of state 215 = 0.000000000000000.
Occupation of state 239 = 0.000000000000000.
Exx outer loop error: 3.9608457916e-04 

No.10 Exx outer loop: 
1            -2.8058421772E+01        -7.9289E-01        2.456E-04        121.630
2            -2.8058452162E+01        -7.9381E-01        1.759E-04        117.725
3            -2.8058499253E+01        -8.0440E-01        3.459E-04        117.674
4            -2.8058477750E+01        -7.9556E-01        4.817E-05        117.730
5            -2.8058470144E+01        -7.9338E-01        1.618E-04        117.247
6            -2.8058468695E+01        -7.9552E-01        8.409E-05        117.845
7            -2.8058456184E+01        -7.9588E-01        8.533E-05        117.658
8            -2.8058453313E+01        -7.9589E-01        7.771E-05        118.228
9            -2.8058450984E+01        -7.9632E-01        5.682E-05        119.487
10           -2.8058445730E+01        -7.9674E-01        3.642E-05        117.593
11           -2.8058438552E+01        -7.9688E-01        2.991E-05        117.209
12           -2.8058433059E+01        -7.9703E-01        1.995E-05        118.110
13           -2.8058425070E+01        -7.9704E-01        1.737E-05        117.259
14           -2.8058422569E+01        -7.9802E-01        2.646E-05        117.310
15           -2.8058422485E+01        -7.9722E-01        1.191E-05        117.928
16           -2.8058421897E+01        -7.9716E-01        1.174E-05        117.363
17           -2.8058422177E+01        -7.9724E-01        7.353E-06        117.379
18           -2.8058421324E+01        -7.9755E-01        8.662E-06        117.468
19           -2.8058421013E+01        -7.9724E-01        3.768E-06        117.269
20           -2.8058420583E+01        -7.9724E-01        2.237E-06        117.647
21           -2.8058420500E+01        -7.9726E-01        8.384E-07        117.184
Total number of SCF: 21    

k = [-0.250, -0.250, 0.000]
Occupation of state 215 = 0.000000000000000.
Occupation of state 239 = 0.000000000000000.
Exx outer loop error: 5.0621929314e-04 

No.11 Exx outer loop: 
1            -2.8058421938E+01        -8.1695E-01        1.918E-04        123.235
2            -2.8058448087E+01        -8.1875E-01        1.646E-04        117.337
3            -2.8058534758E+01        -8.0028E-01        7.415E-04        117.213
4            -2.8058516789E+01        -7.9625E-01        9.222E-04        117.609
5            -2.8058537172E+01        -7.9805E-01        8.511E-04        117.688
6            -2.8058532139E+01        -8.0778E-01        4.750E-04        117.480
7            -2.8058506597E+01        -8.1718E-01        1.262E-04        117.753
8            -2.8058478389E+01        -8.2211E-01        8.984E-05        117.456
9            -2.8058450695E+01        -8.2064E-01        5.260E-05        119.206
10           -2.8058439672E+01        -8.2131E-01        2.191E-05        119.928
11           -2.8058433988E+01        -8.2165E-01        1.434E-05        118.077
12           -2.8058428423E+01        -8.2198E-01        8.660E-06        117.449
13           -2.8058425017E+01        -8.2199E-01        6.887E-06        117.796
14           -2.8058423913E+01        -8.2204E-01        5.355E-06        117.711
15           -2.8058423944E+01        -8.2205E-01        4.131E-06        117.542
16           -2.8058423460E+01        -8.2203E-01        1.666E-06        118.120
17           -2.8058422613E+01        -8.2206E-01        1.131E-06        117.800
18           -2.8058422175E+01        -8.2200E-01        3.476E-06        117.421
19           -2.8058421999E+01        -8.2207E-01        7.717E-07        116.914
Total number of SCF: 19    

k = [-0.250, -0.250, 0.000]
Occupation of state 215 = 0.000000000000000.
Occupation of state 239 = 0.000000000000000.
Exx outer loop error: 7.4508601448e-04 

No.12 Exx outer loop: 
1            -2.8058422827E+01        -8.3761E-01        1.773E-04        121.745
2            -2.8058443229E+01        -8.4141E-01        2.055E-04        118.186
3            -2.8058468688E+01        -8.4377E-01        3.192E-04        117.622
4            -2.8058513714E+01        -8.5239E-01        8.960E-04        117.518
5            -2.8058470687E+01        -8.4748E-01        4.098E-04        118.344
6            -2.8058446417E+01        -8.4059E-01        4.542E-05        117.701
7            -2.8058446296E+01        -8.4295E-01        6.640E-05        117.215
8            -2.8058443957E+01        -8.4316E-01        6.972E-05        117.218
9            -2.8058437779E+01        -8.4327E-01        6.578E-05        117.719
10           -2.8058434439E+01        -8.4345E-01        7.198E-05        116.384
11           -2.8058435713E+01        -8.4350E-01        7.409E-05        118.102
12           -2.8058436512E+01        -8.4348E-01        7.205E-05        117.954
13           -2.8058436459E+01        -8.4368E-01        7.861E-05        119.034
14           -2.8058436376E+01        -8.4371E-01        7.974E-05        117.948
15           -2.8058435681E+01        -8.4367E-01        7.741E-05        118.355
16           -2.8058437591E+01        -8.4447E-01        1.170E-04        116.650
17           -2.8058437776E+01        -8.4374E-01        8.112E-05        117.511
18           -2.8058437530E+01        -8.4378E-01        8.296E-05        117.737
19           -2.8058437039E+01        -8.4323E-01        5.414E-05        118.796
20           -2.8058433491E+01        -8.4329E-01        6.034E-05        116.767
21           -2.8058436585E+01        -8.4347E-01        6.269E-05        120.623
22           -2.8058436515E+01        -8.4365E-01        7.009E-05        117.067
23           -2.8058437663E+01        -8.4354E-01        6.834E-05        117.321
24           -2.8058437270E+01        -8.4294E-01        3.999E-05        117.258
25           -2.8058433086E+01        -8.4312E-01        4.187E-05        117.350
26           -2.8058441883E+01        -8.4266E-01        3.351E-05        118.608
27           -2.8058442113E+01        -8.4245E-01        2.645E-05        119.655
28           -2.8058442076E+01        -8.4243E-01        2.411E-05        122.597
29           -2.8058442759E+01        -8.4247E-01        2.509E-05        117.433
30           -2.8058439342E+01        -8.4246E-01        2.599E-05        117.830
31           -2.8058438678E+01        -8.4213E-01        1.893E-05        118.255
32           -2.8058434299E+01        -8.4272E-01        2.313E-05        117.146
33           -2.8058431304E+01        -8.4294E-01        1.989E-05        117.263
34           -2.8058430755E+01        -8.4348E-01        4.184E-05        117.921
35           -2.8058430221E+01        -8.4360E-01        4.691E-05        118.504
36           -2.8058430728E+01        -8.4325E-01        2.546E-05        117.670
37           -2.8058430652E+01        -8.4314E-01        1.985E-05        117.470
38           -2.8058428981E+01        -8.4255E-01        1.575E-05        117.844
39           -2.8058426116E+01        -8.4285E-01        3.349E-06        117.665
40           -2.8058423730E+01        -8.4286E-01        2.697E-06        118.152
41           -2.8058423018E+01        -8.4296E-01        3.636E-06        117.132
42           -2.8058421975E+01        -8.4288E-01        8.750E-07        117.867
Total number of SCF: 42    

k = [-0.250, -0.250, 0.000]
Occupation of state 215 = 0.000000000000000.
Occupation of state 239 = 0.000000000000000.
Exx outer loop error: 2.6802841033e-04 

No.13 Exx outer loop: 
1            -2.8058422220E+01        -8.5597E-01        1.381E-04        124.030
2            -2.8058438147E+01        -8.5669E-01        1.087E-04        117.681
3            -2.8058465858E+01        -8.6054E-01        3.190E-04        117.582
4            -2.8058461722E+01        -8.5421E-01        1.620E-04        117.594
5            -2.8058456116E+01        -8.5805E-01        2.974E-05        117.696
6            -2.8058454034E+01        -8.5786E-01        5.059E-05        117.762
7            -2.8058452676E+01        -8.5817E-01        4.746E-05        119.733
8            -2.8058441996E+01        -8.5821E-01        4.123E-05        120.154
9            -2.8058432126E+01        -8.5893E-01        1.048E-05        118.534
10           -2.8058427165E+01        -8.5860E-01        3.287E-05        117.996
11           -2.8058427082E+01        -8.5830E-01        4.731E-05        117.830
12           -2.8058426745E+01        -8.5839E-01        4.152E-05        117.840
13           -2.8058425964E+01        -8.5868E-01        2.630E-05        118.162
14           -2.8058427327E+01        -8.5880E-01        1.845E-05        118.844
15           -2.8058427131E+01        -8.5872E-01        1.391E-05        117.700
16           -2.8058427069E+01        -8.5870E-01        2.138E-05        117.783
17           -2.8058426346E+01        -8.5859E-01        2.566E-05        117.740
18           -2.8058428046E+01        -8.5858E-01        3.003E-05        117.636
19           -2.8058428286E+01        -8.5861E-01        2.728E-05        117.318
20           -2.8058428207E+01        -8.5876E-01        1.704E-05        117.126
21           -2.8058426685E+01        -8.5883E-01        1.269E-05        118.205
22           -2.8058425348E+01        -8.5861E-01        1.907E-05        119.344
23           -2.8058426563E+01        -8.5900E-01        5.698E-06        119.758
24           -2.8058425588E+01        -8.5865E-01        1.765E-05        117.459
25           -2.8058425545E+01        -8.5874E-01        9.320E-06        116.836
26           -2.8058424977E+01        -8.5884E-01        5.247E-06        117.278
27           -2.8058423584E+01        -8.5895E-01        2.461E-06        118.010
28           -2.8058423098E+01        -8.5892E-01        3.112E-06        117.218
29           -2.8058423040E+01        -8.5902E-01        1.792E-06        117.309
30           -2.8058423002E+01        -8.5896E-01        1.980E-06        117.308
31           -2.8058422930E+01        -8.5898E-01        6.492E-07        117.397
Total number of SCF: 31    

k = [-0.250, -0.250, 0.000]
Occupation of state 215 = 0.000000000000000.
Occupation of state 239 = 0.000000000000000.
Exx outer loop error: 3.8698283698e-04 

No.14 Exx outer loop: 
1            -2.8058423336E+01        -8.6804E-01        1.385E-04        121.894
2            -2.8058434463E+01        -8.7006E-01        1.573E-04        117.668
3            -2.8058458152E+01        -8.6792E-01        1.037E-04        117.648
4            -2.8058448716E+01        -8.6809E-01        1.792E-04        117.320
5            -2.8058440579E+01        -8.6879E-01        1.455E-04        117.627
6            -2.8058436749E+01        -8.7126E-01        5.502E-05        117.289
7            -2.8058432556E+01        -8.7051E-01        1.436E-05        117.551
8            -2.8058429982E+01        -8.7003E-01        3.619E-05        117.852
9            -2.8058429438E+01        -8.7041E-01        9.118E-06        117.226
10           -2.8058429019E+01        -8.7041E-01        7.493E-06        117.123
11           -2.8058428807E+01        -8.7040E-01        9.067E-06        117.244
12           -2.8058428679E+01        -8.7042E-01        7.777E-06        118.248
13           -2.8058427855E+01        -8.7047E-01        4.197E-06        119.168
14           -2.8058427417E+01        -8.7079E-01        2.268E-05        118.662
15           -2.8058426932E+01        -8.7062E-01        6.512E-06        117.405
16           -2.8058427001E+01        -8.7063E-01        9.501E-06        117.468
17           -2.8058426250E+01        -8.7047E-01        5.473E-06        117.528
18           -2.8058425138E+01        -8.7071E-01        1.015E-05        117.849
19           -2.8058424574E+01        -8.7060E-01        2.174E-06        117.172
20           -2.8058424105E+01        -8.7056E-01        1.969E-06        117.757
21           -2.8058423830E+01        -8.7059E-01        1.449E-06        118.296
22           -2.8058423122E+01        -8.7060E-01        1.070E-06        118.005
23           -2.8058422920E+01        -8.7057E-01        9.966E-07        116.902
Total number of SCF: 23    

k = [-0.250, -0.250, 0.000]
Occupation of state 215 = 0.000000000000000.
Occupation of state 239 = 0.000000000000000.
Exx outer loop error: 1.7873274462e-04 

No.15 Exx outer loop: 
1            -2.8058423201E+01        -8.7747E-01        8.684E-05        132.038
2            -2.8058430619E+01        -8.7750E-01        6.044E-05        120.472
3            -2.8058431352E+01        -8.7910E-01        1.634E-04        120.703
4            -2.8058429428E+01        -8.7639E-01        1.326E-04        130.204
5            -2.8058438997E+01        -8.7969E-01        1.869E-04        130.271
6            -2.8058438001E+01        -8.7749E-01        2.952E-05        118.123
7            -2.8058443231E+01        -8.7842E-01        4.971E-05        117.514
8            -2.8058439512E+01        -8.7890E-01        8.223E-05        116.917
9            -2.8058433509E+01        -8.7812E-01        3.272E-05        117.505
10           -2.8058427755E+01        -8.7835E-01        2.114E-05        117.407
11           -2.8058426463E+01        -8.7867E-01        9.784E-06        118.625
12           -2.8058424313E+01        -8.7850E-01        1.078E-05        119.541
13           -2.8058424830E+01        -8.7851E-01        6.433E-06        117.722
14           -2.8058424091E+01        -8.7853E-01        5.090E-06        117.330
15           -2.8058423730E+01        -8.7858E-01        1.836E-06        117.134
16           -2.8058423079E+01        -8.7861E-01        7.746E-07        116.745
Total number of SCF: 16    

k = [-0.250, -0.250, 0.000]
Occupation of state 215 = 0.000000000000000.
Occupation of state 239 = 0.000000000000000.
Exx outer loop error: 2.1333401130e-04 

No.16 Exx outer loop: 
1            -2.8058423328E+01        -8.8332E-01        6.924E-05        122.902
2            -2.8058427684E+01        -8.8330E-01        4.584E-05        119.591
3            -2.8058439774E+01        -8.8576E-01        3.159E-04        117.551
4            -2.8058434587E+01        -8.8425E-01        1.299E-04        118.043
5            -2.8058429042E+01        -8.8367E-01        3.192E-05        117.656
6            -2.8058426926E+01        -8.8380E-01        1.405E-05        117.448
7            -2.8058425938E+01        -8.8354E-01        3.546E-05        117.364
8            -2.8058424462E+01        -8.8376E-01        1.946E-05        117.873
9            -2.8058423752E+01        -8.8397E-01        2.859E-06        117.622
10           -2.8058423825E+01        -8.8389E-01        9.096E-06        117.742
11           -2.8058423614E+01        -8.8398E-01        1.073E-06        117.683
12           -2.8058423386E+01        -8.8398E-01        1.361E-06        117.933
13           -2.8058423350E+01        -8.8400E-01        6.618E-07        117.051
Total number of SCF: 13    

k = [-0.250, -0.250, 0.000]
Occupation of state 215 = 0.000000000000000.
Occupation of state 239 = 0.000000000000000.
Exx outer loop error: 1.2717017181e-04 

No.17 Exx outer loop: 
1            -2.8058423869E+01        -8.8729E-01        5.528E-05        122.586
2            -2.8058426525E+01        -8.8711E-01        3.452E-05        117.149
3            -2.8058429430E+01        -8.8752E-01        2.317E-05        117.489
4            -2.8058426872E+01        -8.8757E-01        3.368E-06        118.033
5            -2.8058426038E+01        -8.8756E-01        2.927E-06        117.903
6            -2.8058425280E+01        -8.8759E-01        1.953E-06        116.893
7            -2.8058425044E+01        -8.8756E-01        2.972E-06        116.852
8            -2.8058424889E+01        -8.8764E-01        5.064E-06        117.562
9            -2.8058424547E+01        -8.8761E-01        1.084E-06        118.335
10           -2.8058424449E+01        -8.8759E-01        1.784E-06        120.101
11           -2.8058424084E+01        -8.8756E-01        3.408E-06        118.333
12           -2.8058423857E+01        -8.8759E-01        1.762E-06        117.387
13           -2.8058423595E+01        -8.8765E-01        2.789E-06        117.409
14           -2.8058423473E+01        -8.8764E-01        1.827E-06        117.355
15           -2.8058423303E+01        -8.8760E-01        1.997E-06        117.838
16           -2.8058423228E+01        -8.8761E-01        7.518E-07        116.976
Total number of SCF: 16    

k = [-0.250, -0.250, 0.000]
Occupation of state 215 = 0.000000000000000.
Occupation of state 239 = 0.000000000000000.
Exx outer loop error: 7.2233647378e-05 

No.18 Exx outer loop: 
1            -2.8058423564E+01        -8.9015E-01        4.167E-05        122.770
2            -2.8058424923E+01        -8.8921E-01        5.479E-05        117.500
3            -2.8058424613E+01        -8.8952E-01        3.200E-05        116.954
4            -2.8058426301E+01        -8.8968E-01        2.800E-05        116.731
5            -2.8058426173E+01        -8.8967E-01        3.056E-05        118.184
6            -2.8058426041E+01        -8.8985E-01        1.096E-05        117.253
7            -2.8058425134E+01        -8.9001E-01        3.300E-06        117.208
8            -2.8058424587E+01        -8.9004E-01        3.477E-06        117.324
9            -2.8058424750E+01        -8.9014E-01        1.681E-05        117.965
10           -2.8058424309E+01        -8.9007E-01        4.948E-06        116.998
11           -2.8058424115E+01        -8.9005E-01        2.096E-06        117.009
12           -2.8058424043E+01        -8.9005E-01        1.540E-06        116.998
13           -2.8058423904E+01        -8.9004E-01        9.116E-07        117.421
Total number of SCF: 13    

k = [-0.250, -0.250, 0.000]
Occupation of state 215 = 0.000000000000000.
Occupation of state 239 = 0.000000000000000.
Exx outer loop error: 1.5613800167e-04 

No.19 Exx outer loop: 
1            -2.8058424009E+01        -8.9132E-01        5.643E-05        121.507
2            -2.8058425803E+01        -8.9205E-01        7.686E-05        117.180
3            -2.8058430731E+01        -8.9274E-01        1.847E-04        117.473
4            -2.8058425241E+01        -8.9139E-01        1.644E-05        117.319
5            -2.8058424614E+01        -8.9167E-01        9.268E-06        117.021
6            -2.8058424876E+01        -8.9158E-01        7.575E-06        117.123
7            -2.8058425112E+01        -8.9156E-01        6.106E-06        117.268
8            -2.8058424756E+01        -8.9160E-01        4.930E-06        118.478
9            -2.8058424542E+01        -8.9160E-01        3.958E-06        118.189
10           -2.8058424146E+01        -8.9165E-01        7.147E-07        117.973
Total number of SCF: 10    

k = [-0.250, -0.250, 0.000]
Occupation of state 215 = 0.000000000000000.
Occupation of state 239 = 0.000000000000000.
Exx outer loop error: 3.3007200961e-04 

No.20 Exx outer loop: 
1            -2.8058425202E+01        -8.9299E-01        2.957E-05        121.327
2            -2.8058424417E+01        -8.9240E-01        2.203E-05        116.962
3            -2.8058425618E+01        -8.9288E-01        2.252E-05        117.302
4            -2.8058425008E+01        -8.9285E-01        1.040E-05        117.618
5            -2.8058424597E+01        -8.9282E-01        2.591E-06        118.358
6            -2.8058424439E+01        -8.9280E-01        1.186E-06        119.217
7            -2.8058424181E+01        -8.9276E-01        2.171E-06        117.240
8            -2.8058424116E+01        -8.9275E-01        2.447E-06        117.087
9            -2.8058424114E+01        -8.9276E-01        2.120E-06        117.490
10           -2.8058424093E+01        -8.9279E-01        9.042E-07        116.975
Total number of SCF: 10    

k = [-0.250, -0.250, 0.000]
Occupation of state 215 = 0.000000000000000.
Occupation of state 239 = 0.000000000000000.
Exx outer loop error: 8.6479880858e-05 

No.21 Exx outer loop: 
1            -2.8058424341E+01        -8.9335E-01        5.337E-05        121.583
2            -2.8058424859E+01        -8.9407E-01        7.744E-05        117.823
3            -2.8058422192E+01        -8.9376E-01        1.949E-05        119.114
4            -2.8058422414E+01        -8.9358E-01        1.982E-06        117.388
5            -2.8058422969E+01        -8.9356E-01        3.404E-06        117.410
6            -2.8058423207E+01        -8.9359E-01        1.348E-06        117.521
7            -2.8058423122E+01        -8.9360E-01        2.844E-06        116.791
8            -2.8058423044E+01        -8.9359E-01        1.144E-06        117.306
9            -2.8058423052E+01        -8.9358E-01        5.981E-07        117.423
Total number of SCF: 9     

k = [-0.250, -0.250, 0.000]
Occupation of state 215 = 0.000000000000000.
Occupation of state 239 = 0.000000000000000.
Exx outer loop error: 4.8606252384e-04 

No.22 Exx outer loop: 
1            -2.8058422862E+01        -8.9407E-01        2.143E-05        120.918
2            -2.8058423416E+01        -8.9426E-01        1.651E-05        117.482
3            -2.8058422720E+01        -8.9414E-01        4.220E-06        117.332
4            -2.8058422855E+01        -8.9418E-01        1.943E-06        117.494
5            -2.8058422844E+01        -8.9413E-01        3.452E-06        117.569
6            -2.8058423040E+01        -8.9416E-01        9.665E-07        117.427
Total number of SCF: 6     

k = [-0.250, -0.250, 0.000]
Occupation of state 215 = 0.000000000000000.
Occupation of state 239 = 0.000000000000000.
Exx outer loop error: 2.7547413738e-05 
====================================================================
                    Energy and force calculation                    
====================================================================
Free energy per atom               : -2.8058423226E+01 (Ha/atom)
Total free energy                  : -1.4590380078E+03 (Ha)
Band structure energy              : -3.7010153189E+02 (Ha)
Exchange correlation energy        : -1.6643315593E+02 (Ha)
Self and correction energy         : -1.9239664965E+03 (Ha)
Entropy*kb*T                       : -3.4339695478E-03 (Ha)
Fermi level                        : -1.5923104331E-01 (Ha)
RMS force                          :  1.9184240916E-02 (Ha/Bohr)
Maximum force                      :  1.0449912617E-01 (Ha/Bohr)
Time for force calculation         :  1.651 (sec)
***************************************************************************
                               Timing info                                 
***************************************************************************
Total walltime                     :  202629.318 sec
___________________________________________________________________________

***************************************************************************
*             Material Physics & Mechanics Group, Georgia Tech            *
*                       PI: Phanish Suryanarayana                         *
*                Main Developers: Qimen Xu, Abhiraj Sharma                *
*     Collaborators: J.E. Pask (LLNL), A.J. Medford (GT), E. Chow (GT)    *
*  Acknowledgements: U.S. DOE (DE-SC0019410); U.S. NSF (1333500,1553212)  *
***************************************************************************
                                                                           
