***************************************************************************
*                       SPARC (version Dec 27, 2021)                      *
*   Copyright (c) 2020 Material Physics & Mechanics Group, Georgia Tech   *
*           Distributed under GNU General Public License 3 (GPL)          *
*                   Start time: Sun Jan  9 15:25:03 2022                  *
***************************************************************************
                           Input parameters                                
***************************************************************************
CELL: 8.79136991088308 8.79137929688585 5.63289230147191 
LATVEC:
0.999999995703129 -0.000080530486002 0.000045919314253 
-0.000080530414749 0.999999995700261 -0.000045981853723 
0.000045960508113 -0.000046023116519 0.999999997884752 
FD_GRID: 47 47 30
FD_ORDER: 12
BC: P P D
KPOINT_GRID: 4 4 1
KPOINT_SHIFT: 0 0 0
SPIN_TYP: 0
ELEC_TEMP_TYPE: Gaussian
SMEARING: 0.007349864435
CHEB_DEGREE: 37
NSTATES: 33
EXCHANGE_CORRELATION: HSE
CALC_STRESS: 0
CALC_PRES: 0
CHEFSI_BOUND_FLAG: 0
MAXIT_SCF: 100
MINIT_SCF: 3
MAXIT_POISSON: 3000
TOL_SCF: 1.00E-06
POISSON_SOLVER: AAR
TOL_POISSON: 1.00E-08
TOL_LANCZOS: 1.00E-02
TOL_PSEUDOCHARGE: 1.00E-08
MIXING_VARIABLE: density
MIXING_PRECOND: kerker
TOL_PRECOND: 3.51E-05
PRECOND_KERKER_KTF: 1
PRECOND_KERKER_THRESH: 0.1
MIXING_PARAMETER: 0.3
MIXING_HISTORY: 7
PULAY_FREQUENCY: 1
PULAY_RESTART: 0
REFERENCE_CUTOFF: 0.5
RHO_TRIGGER: 4
FIX_RAND: 0
VERBOSITY: 1
PRINT_FORCES: 1
PRINT_ATOMS: 1
PRINT_EIGEN: 1
PRINT_DENSITY: 0
PRINT_ENERGY_DENSITY: 0
TOL_FOCK: 5.00E-05
TOL_SCF_INIT: 1.00E-04
MAXIT_FOCK: 1000
EXX_METHOD: FOURIER_SPACE
EXX_DIVERGENCE: AUXILIARY
ACE_FLAG: 1
EXX_ACE_MEM: 1
EXX_ACE_VALENCE_STATES: 10000
EXX_DOWNSAMPLING: 1 1 1
EXX_RANGE_FOCK: 0.106000
EXX_RANGE_PBE: 0.106000
OUTPUT_FILE: sprc-calc
***************************************************************************
                                Cell                                       
***************************************************************************
Lattice vectors (Bohr):
8.791369873107692 -0.000707973291547 0.000403693677652 
-0.000707973420994 8.791379259085213 -0.000404243916853 
0.000258890592321 -0.000259243258730 5.632892289556951 
Volume                  :  4.3535647725E+02 (Bohr^3)
***************************************************************************
                           Parallelization                                 
***************************************************************************
NP_SPIN_PARAL: 1
NP_KPOINT_PARAL: 10
NP_BAND_PARAL: 1
NP_DOMAIN_PARAL: 4 4 2
NP_DOMAIN_PHI_PARAL: 7 7 5
EIG_SERIAL_MAXNS: 1500
***************************************************************************
                             Initialization                                
***************************************************************************
Number of processors               :  336
Mesh spacing in x-direction        :  0.18705 (Bohr)
Mesh spacing in y-direction        :  0.187051 (Bohr)
Mesh spacing in z direction        :  0.187763 (Bohr)
Number of symmetry adapted k-points:  10
Output printed to                  :  sprc-calc.out
Final eigenvalues printed to       :  sprc-calc.eigen
Total number of atom types         :  2
Total number of atoms              :  6
Total number of electrons          :  48
Atom type 1  (valence electrons)   :  O 6
Pseudopotential                    :  O.psp8
Pseudocharge radii of atom type 1  :  6.73 6.73 6.76 (x, y, z dir)
Number of atoms of type 1          :  4
Atom type 2  (valence electrons)   :  Ti 12
Pseudopotential                    :  Ti.psp8
Pseudocharge radii of atom type 2  :  6.73 6.73 6.76 (x, y, z dir)
Number of atoms of type 2          :  2
Estimated total memory usage       :  3.41 GB
Estimated memory per processor     :  10.39 MB
===================================================================
                    Self Consistent Field (SCF#1)                     
===================================================================
Iteration     Free Energy (Ha/atom)   SCF Error        Timing (sec)
1            -2.8126164248E+01        5.158E-01        3.308
2            -2.7445012502E+01        4.070E-01        0.725
3            -2.7446888076E+01        2.861E-01        0.706
4            -2.7617954767E+01        1.343E-01        0.695
5            -2.7648772788E+01        7.174E-02        0.695
6            -2.7715304841E+01        3.981E-02        0.709
7            -2.7707542929E+01        2.247E-02        0.695
8            -2.7699733094E+01        9.911E-03        0.694
9            -2.7700551419E+01        8.925E-03        0.700
10           -2.7703115637E+01        9.368E-04        0.754
11           -2.7703310087E+01        4.942E-04        0.687
12           -2.7703271618E+01        1.356E-04        0.677
13           -2.7703269026E+01        6.227E-05        0.700
Total number of SCF: 13    

k = [-0.250, -0.250, 0.000]
Occupation of state 30 = 0.000000000000000.
Occupation of state 33 = 0.000000000000000.

No.1 Exx outer loop: 
1            -2.7535037372E+01        2.313E-02        1.251
2            -2.7526657980E+01        1.532E-02        0.776
3            -2.7535360543E+01        7.259E-03        0.771
4            -2.7534137926E+01        4.425E-03        1.229
5            -2.7531118301E+01        6.152E-04        0.821
6            -2.7531240701E+01        2.928E-04        0.753
7            -2.7531289731E+01        9.445E-05        1.018
8            -2.7531337637E+01        5.171E-05        0.979
9            -2.7531332240E+01        2.448E-05        0.749
10           -2.7531337607E+01        6.222E-06        0.747
11           -2.7531338026E+01        2.618E-06        0.780
12           -2.7531337548E+01        1.111E-06        0.755
13           -2.7531337371E+01        5.454E-07        0.723
Total number of SCF: 13    

k = [-0.250, -0.250, 0.000]
Occupation of state 30 = 0.000000000000000.
Occupation of state 33 = 0.000000000000000.
Exx outer loop error: 3.9356592855e-01 

No.2 Exx outer loop: 
1            -2.7533749060E+01        4.813E-03        0.801
2            -2.7532731306E+01        3.091E-03        1.048
3            -2.7532971848E+01        1.377E-03        0.799
4            -2.7532663162E+01        3.262E-04        0.795
5            -2.7532617103E+01        2.076E-04        1.222
6            -2.7532656509E+01        5.216E-05        0.761
7            -2.7532664314E+01        2.591E-05        0.749
8            -2.7532661534E+01        1.221E-05        0.763
9            -2.7532661180E+01        4.419E-06        0.741
10           -2.7532660686E+01        2.050E-06        1.028
11           -2.7532660286E+01        1.049E-06        1.076
12           -2.7532660495E+01        3.136E-07        0.783
Total number of SCF: 12    

k = [-0.250, -0.250, 0.000]
Occupation of state 30 = 0.000000000000000.
Occupation of state 33 = 0.000000000000000.
Exx outer loop error: 2.4202412231e-03 

No.3 Exx outer loop: 
1            -2.7535837762E+01        1.099E-02        1.089
2            -2.7534130987E+01        4.051E-03        0.807
3            -2.7533452111E+01        1.215E-03        0.781
4            -2.7533391696E+01        7.330E-04        1.226
5            -2.7533389535E+01        1.721E-04        0.770
6            -2.7533421699E+01        8.068E-05        0.761
7            -2.7533418934E+01        4.540E-05        0.772
8            -2.7533414089E+01        1.661E-05        0.753
9            -2.7533415995E+01        8.563E-06        0.796
10           -2.7533418345E+01        3.149E-06        0.764
11           -2.7533418846E+01        1.805E-06        0.758
12           -2.7533418748E+01        3.778E-07        0.737
Total number of SCF: 12    

k = [-0.250, -0.250, 0.000]
Occupation of state 30 = 0.000000000000000.
Occupation of state 33 = 0.000000000000000.
Exx outer loop error: 5.5131905414e-03 

No.4 Exx outer loop: 
1            -2.7534306872E+01        6.830E-03        0.796
2            -2.7534750082E+01        3.116E-03        0.766
3            -2.7534879884E+01        1.467E-03        0.758
4            -2.7534976791E+01        3.982E-04        0.794
5            -2.7534828274E+01        1.217E-04        0.788
6            -2.7534802400E+01        6.854E-05        0.758
7            -2.7534794666E+01        3.264E-05        0.750
8            -2.7534806316E+01        8.124E-06        0.773
9            -2.7534805627E+01        3.658E-06        0.757
10           -2.7534805227E+01        1.729E-06        0.749
11           -2.7534804683E+01        5.136E-07        0.720
Total number of SCF: 11    

k = [-0.250, -0.250, 0.000]
Occupation of state 30 = 0.000000000000000.
Occupation of state 33 = 0.000000000000000.
Exx outer loop error: 4.5126085358e-03 

No.5 Exx outer loop: 
1            -2.7534794138E+01        7.113E-03        0.811
2            -2.7534671065E+01        3.394E-03        1.226
3            -2.7534381983E+01        4.286E-04        0.814
4            -2.7534368721E+01        1.997E-04        0.758
5            -2.7534374592E+01        1.310E-04        0.768
6            -2.7534364421E+01        3.959E-05        1.205
7            -2.7534361139E+01        2.126E-05        0.750
8            -2.7534356122E+01        7.827E-06        0.749
9            -2.7534352731E+01        3.389E-06        0.769
10           -2.7534352681E+01        1.765E-06        0.787
11           -2.7534353087E+01        4.841E-07        0.717
Total number of SCF: 11    

k = [-0.250, -0.250, 0.000]
Occupation of state 30 = 0.000000000000000.
Occupation of state 33 = 0.000000000000000.
Exx outer loop error: 6.9107671801e-03 

No.6 Exx outer loop: 
1            -2.7535746026E+01        6.221E-03        0.808
2            -2.7535630427E+01        2.915E-03        1.038
3            -2.7536059127E+01        9.092E-04        0.762
4            -2.7535821070E+01        2.241E-04        0.787
5            -2.7535781627E+01        1.398E-04        1.239
6            -2.7535744345E+01        5.194E-05        0.757
7            -2.7535742634E+01        2.563E-05        0.757
8            -2.7535744886E+01        1.492E-05        0.766
9            -2.7535748349E+01        2.472E-06        0.748
10           -2.7535748090E+01        1.595E-06        1.123
11           -2.7535747685E+01        3.643E-07        1.143
Total number of SCF: 11    

k = [-0.250, -0.250, 0.000]
Occupation of state 30 = 0.000000000000000.
Occupation of state 33 = 0.000000000000000.
Exx outer loop error: 5.8146523612e-03 

No.7 Exx outer loop: 
1            -2.7534636111E+01        5.900E-03        1.254
2            -2.7535066327E+01        3.139E-03        0.769
3            -2.7535221813E+01        8.475E-04        0.788
4            -2.7534959697E+01        3.521E-04        0.949
5            -2.7534952675E+01        1.579E-04        1.013
6            -2.7534990550E+01        6.352E-05        0.772
7            -2.7534984861E+01        2.280E-05        0.773
8            -2.7534980353E+01        1.041E-05        0.748
9            -2.7534978853E+01        4.239E-06        0.794
10           -2.7534979617E+01        1.445E-06        0.777
11           -2.7534980079E+01        7.085E-07        0.728
Total number of SCF: 11    

k = [-0.250, -0.250, 0.000]
Occupation of state 30 = 0.000000000000000.
Occupation of state 33 = 0.000000000000000.
Exx outer loop error: 6.8109220493e-03 

No.8 Exx outer loop: 
1            -2.7536111862E+01        5.635E-03        0.836
2            -2.7535921079E+01        2.542E-03        0.760
3            -2.7536068948E+01        4.911E-04        0.754
4            -2.7536065373E+01        2.642E-04        0.761
5            -2.7536061263E+01        5.917E-05        0.758
6            -2.7536061782E+01        3.492E-05        0.756
7            -2.7536051557E+01        1.119E-05        0.747
8            -2.7536048261E+01        5.033E-06        0.760
9            -2.7536048201E+01        1.815E-06        0.741
10           -2.7536048514E+01        8.925E-07        0.721
Total number of SCF: 10    

k = [-0.250, -0.250, 0.000]
Occupation of state 30 = 0.000000000000000.
Occupation of state 33 = 0.000000000000000.
Exx outer loop error: 6.5955986475e-03 

No.9 Exx outer loop: 
1            -2.7534776424E+01        5.438E-03        1.359
2            -2.7535170183E+01        2.801E-03        0.780
3            -2.7535059458E+01        3.229E-04        0.759
4            -2.7535102989E+01        1.909E-04        1.204
5            -2.7535126746E+01        8.618E-05        0.755
6            -2.7535112965E+01        3.138E-05        0.812
