                Step[ FC]     Time          Energy          fmax
*Force-consistent energies used in optimization.
BFGSLineSearch:    0[  0] 22:12:35   -40020.337553*       1.7292
BFGSLineSearch:    1[  2] 22:37:55   -40020.432990*       0.8795
BFGSLineSearch:    2[  4] 23:00:29   -40020.506747*       1.0133
BFGSLineSearch:    3[  6] 23:23:47   -40020.583243*       1.0681
BFGSLineSearch:    4[  8] 23:51:09   -40020.636564*       0.9849
BFGSLineSearch:    5[ 10] 00:20:17   -40020.682233*       0.8863
BFGSLineSearch:    6[ 12] 00:48:11   -40020.715739*       1.2008
BFGSLineSearch:    7[ 14] 01:15:29   -40020.753098*       1.2660
BFGSLineSearch:    8[ 16] 01:41:48   -40020.788261*       0.9398
BFGSLineSearch:    9[ 18] 02:03:00   -40020.827622*       0.6613
BFGSLineSearch:   10[ 20] 02:29:45   -40020.866629*       0.7085
                Step[ FC]     Time          Energy          fmax
*Force-consistent energies used in optimization.
BFGSLineSearch:    0[  0] 11:49:47   -40020.866636*       0.7130
BFGSLineSearch:    1[  2] 12:15:51   -40020.888724*       0.3530
BFGSLineSearch:    2[  3] 12:27:44   -40020.940011*       0.8380
BFGSLineSearch:    3[  5] 13:03:52   -40020.958714*       0.7364
BFGSLineSearch:    4[  7] 13:29:34   -40020.974179*       0.6588
BFGSLineSearch:    5[  9] 14:04:09   -40020.987855*       0.3615
BFGSLineSearch:    6[ 10] 14:14:54   -40020.996210*       0.3851
BFGSLineSearch:    7[ 12] 14:35:47   -40021.002051*       0.2392
BFGSLineSearch:    8[ 14] 14:53:49   -40021.006104*       0.3021
BFGSLineSearch:    9[ 15] 15:04:06   -40021.010022*       0.0920
BFGSLineSearch:   10[ 16] 15:15:20   -40021.011718*       0.1888
BFGSLineSearch:   11[ 17] 15:26:24   -40021.016213*       0.1733
BFGSLineSearch:   12[ 18] 15:35:07   -40021.019718*       0.1744
BFGSLineSearch:   13[ 19] 15:46:13   -40021.023425*       0.3047
BFGSLineSearch:   14[ 20] 15:57:17   -40021.028040*       0.2981
BFGSLineSearch:   15[ 21] 16:07:58   -40021.033020*       0.3109
BFGSLineSearch:   16[ 24] 16:42:36   -40021.043618*       0.2880
                Step[ FC]     Time          Energy          fmax
*Force-consistent energies used in optimization.
BFGSLineSearch:    0[  0] 20:28:16   -40021.043619*       0.2878
BFGSLineSearch:    1[  2] 20:58:11   -40021.049271*       0.1883
BFGSLineSearch:    2[  3] 21:08:05   -40021.055461*       0.3370
BFGSLineSearch:    3[  4] 21:18:29   -40021.065760*       0.4074
BFGSLineSearch:    4[  5] 21:30:44   -40021.075750*       0.4336
BFGSLineSearch:    5[  6] 21:42:58   -40021.083781*       0.3945
BFGSLineSearch:    6[  7] 21:53:11   -40021.092302*       0.2459
BFGSLineSearch:    7[  8] 22:04:12   -40021.100902*       0.3328
BFGSLineSearch:    8[  9] 22:25:27   -40021.113297*       0.4109
BFGSLineSearch:    9[ 10] 22:36:02   -40021.125956*       0.5058
BFGSLineSearch:   10[ 11] 22:47:19   -40021.138139*       0.1660
BFGSLineSearch:   11[ 12] 22:59:53   -40021.148957*       0.1715
BFGSLineSearch:   12[ 13] 23:11:56   -40021.159515*       0.3457
BFGSLineSearch:   13[ 14] 23:22:04   -40021.170534*       0.2811
BFGSLineSearch:   14[ 15] 23:33:07   -40021.179256*       0.2346
BFGSLineSearch:   15[ 17] 23:51:22   -40021.183501*       0.1553
BFGSLineSearch:   16[ 19] 00:15:02   -40021.188320*       0.1649
BFGSLineSearch:   17[ 20] 00:25:54   -40021.193885*       0.2136
BFGSLineSearch:   18[ 21] 00:35:08   -40021.199943*       0.1797
BFGSLineSearch:   19[ 22] 00:45:39   -40021.209063*       0.1532
BFGSLineSearch:   20[ 23] 00:56:53   -40021.215392*       0.3125
                Step[ FC]     Time          Energy          fmax
*Force-consistent energies used in optimization.
BFGSLineSearch:    0[  0] 09:58:12   -40021.215340*       0.3094
BFGSLineSearch:    1[  2] 10:18:50   -40021.218459*       0.1922
BFGSLineSearch:    2[  3] 10:28:25   -40021.222506*       0.1974
BFGSLineSearch:    3[  4] 10:36:43   -40021.232177*       0.1546
BFGSLineSearch:    4[  5] 10:45:31   -40021.237617*       0.3891
BFGSLineSearch:    5[  6] 10:52:40   -40021.242806*       0.1923
BFGSLineSearch:    6[  7] 11:01:46   -40021.247118*       0.1856
BFGSLineSearch:    7[  8] 11:09:30   -40021.252792*       0.1385
BFGSLineSearch:    8[ 10] 11:25:33   -40021.255916*       0.1884
BFGSLineSearch:    9[ 11] 11:34:25   -40021.260323*       0.1775
BFGSLineSearch:   10[ 12] 11:41:49   -40021.263808*       0.1319
BFGSLineSearch:   11[ 13] 11:50:03   -40021.268159*       0.1219
BFGSLineSearch:   12[ 14] 11:58:30   -40021.272022*       0.1261
BFGSLineSearch:   13[ 15] 12:06:27   -40021.275428*       0.1196
BFGSLineSearch:   14[ 16] 12:13:36   -40021.278704*       0.1559
BFGSLineSearch:   15[ 17] 12:21:47   -40021.281250*       0.1739
BFGSLineSearch:   16[ 18] 12:29:06   -40021.284288*       0.1100
BFGSLineSearch:   17[ 19] 12:37:39   -40021.286267*       0.1152
BFGSLineSearch:   18[ 20] 12:44:23   -40021.287430*       0.0900
BFGSLineSearch:   19[ 21] 12:50:38   -40021.288363*       0.0643
BFGSLineSearch:   20[ 22] 12:58:43   -40021.289064*       0.0806
BFGSLineSearch:   21[ 23] 13:07:44   -40021.289701*       0.0853
BFGSLineSearch:   22[ 24] 13:15:13   -40021.290172*       0.0609
BFGSLineSearch:   23[ 25] 13:23:29   -40021.290563*       0.0388
