                Step[ FC]     Time          Energy          fmax
*Force-consistent energies used in optimization.
BFGSLineSearch:    0[  0] 13:43:01   -39732.586936*       2.8640
BFGSLineSearch:    1[  2] 14:05:42   -39733.037742*       2.0326
BFGSLineSearch:    2[  4] 14:22:44   -39733.452069*       1.5910
BFGSLineSearch:    3[  6] 14:39:36   -39733.612222*       1.8113
BFGSLineSearch:    4[  8] 14:54:46   -39733.729803*       1.2483
BFGSLineSearch:    5[ 10] 15:12:06   -39733.825146*       0.8020
BFGSLineSearch:    6[ 12] 15:27:14   -39733.861731*       0.7550
BFGSLineSearch:    7[ 14] 15:43:23   -39733.891050*       0.5424
BFGSLineSearch:    8[ 16] 15:58:26   -39733.924476*       0.4553
BFGSLineSearch:    9[ 18] 16:14:41   -39733.948916*       0.4397
BFGSLineSearch:   10[ 20] 16:29:36   -39733.979888*       0.5895
BFGSLineSearch:   11[ 22] 16:45:42   -39734.006702*       0.7584
BFGSLineSearch:   12[ 24] 16:59:15   -39734.048228*       0.3242
BFGSLineSearch:   13[ 25] 17:07:02   -39734.077989*       0.8488
BFGSLineSearch:   14[ 27] 17:23:27   -39734.140447*       0.5183
BFGSLineSearch:   15[ 29] 17:38:39   -39734.185573*       0.4666
BFGSLineSearch:   16[ 31] 17:53:46   -39734.217182*       0.7068
BFGSLineSearch:   17[ 33] 18:08:29   -39734.244081*       0.3241
BFGSLineSearch:   18[ 34] 18:15:31   -39734.263649*       0.4202
BFGSLineSearch:   19[ 36] 18:30:35   -39734.278407*       0.2725
BFGSLineSearch:   20[ 38] 18:44:34   -39734.290627*       0.1658
BFGSLineSearch:   21[ 39] 18:50:39   -39734.301449*       0.2177
BFGSLineSearch:   22[ 41] 19:03:05   -39734.307104*       0.2025
                Step[ FC]     Time          Energy          fmax
*Force-consistent energies used in optimization.
BFGSLineSearch:    0[  0] 07:25:07   -39734.307095*       0.2031
BFGSLineSearch:    1[  2] 07:37:42   -39734.309705*       0.1274
BFGSLineSearch:    2[  3] 07:43:44   -39734.315003*       0.0943
BFGSLineSearch:    3[  4] 07:49:30   -39734.319535*       0.1272
BFGSLineSearch:    4[  5] 07:56:37   -39734.323289*       0.1148
BFGSLineSearch:    5[  6] 08:02:47   -39734.325170*       0.1250
BFGSLineSearch:    6[  7] 08:08:28   -39734.328109*       0.0813
BFGSLineSearch:    7[  8] 08:13:52   -39734.329740*       0.0934
BFGSLineSearch:    8[  9] 08:18:35   -39734.331485*       0.0963
BFGSLineSearch:    9[ 10] 08:22:47   -39734.333610*       0.0738
BFGSLineSearch:   10[ 11] 08:28:22   -39734.335249*       0.0974
BFGSLineSearch:   11[ 12] 08:33:45   -39734.337079*       0.0352
                Step[ FC]     Time          Energy          fmax
*Force-consistent energies used in optimization.
BFGSLineSearch:    0[  0] 16:32:13   -39734.344638*       0.0349
                Step[ FC]     Time          Energy          fmax
*Force-consistent energies used in optimization.
BFGSLineSearch:    0[  0] 15:48:59   -39734.344600*       0.0351
                Step[ FC]     Time          Energy          fmax
*Force-consistent energies used in optimization.
BFGSLineSearch:    0[  0] 12:41:16   -39734.344638*       0.0349
