***************************************************************************
*                       SPARC (version Nov 19, 2021)                      *
*   Copyright (c) 2020 Material Physics & Mechanics Group, Georgia Tech   *
*           Distributed under GNU General Public License 3 (GPL)          *
*                   Start time: Wed Dec 15 02:34:52 2021                  *
***************************************************************************
                           Input parameters                                
***************************************************************************
CELL: 12.4338823950489 11.2657846029438 47.5378507412217 
LATVEC:
1.000000000000000 0.000000000000000 0.000000000000000 
-0.000130020950961 0.999999991547276 0.000000000000000 
0.000000000000000 -0.000000000000000 1.000000000000000 
FD_GRID: 66 60 252
FD_ORDER: 12
BC: P P D
KPOINT_GRID: 4 4 1
KPOINT_SHIFT: 0 0 0
SPIN_TYP: 1
ELEC_TEMP_TYPE: Gaussian
SMEARING: 0.007349864435
CHEB_DEGREE: 37
NSTATES: 241
EXCHANGE_CORRELATION: HSE
CALC_STRESS: 0
CALC_PRES: 0
CHEFSI_BOUND_FLAG: 0
MAXIT_SCF: 100
MINIT_SCF: 3
MAXIT_POISSON: 3000
TOL_SCF: 1.00E-06
POISSON_SOLVER: AAR
TOL_POISSON: 1.00E-08
TOL_LANCZOS: 1.00E-02
TOL_PSEUDOCHARGE: 1.00E-08
MIXING_VARIABLE: density
MIXING_PRECOND: kerker
MIXING_PRECOND_MAG: none
TOL_PRECOND: 3.54E-05
PRECOND_KERKER_KTF: 1
PRECOND_KERKER_THRESH: 0.1
MIXING_PARAMETER: 0.3
MIXING_PARAMETER_MAG: 0.3
MIXING_HISTORY: 7
PULAY_FREQUENCY: 1
PULAY_RESTART: 0
REFERENCE_CUTOFF: 0.5
RHO_TRIGGER: 4
FIX_RAND: 0
VERBOSITY: 1
PRINT_FORCES: 1
PRINT_ATOMS: 1
PRINT_EIGEN: 1
PRINT_DENSITY: 0
PRINT_ENERGY_DENSITY: 0
TOL_FOCK: 5.00E-05
TOL_SCF_INIT: 1.00E-04
MAXIT_FOCK: 1000
EXX_METHOD: FOURIER_SPACE
EXX_DIVERGENCE: AUXILIARY
ACE_FLAG: 1
EXX_ACE_MEM: 1
EXX_ACE_VALENCE_STATES: 10000
EXX_DOWNSAMPLING: 1 1 1
EXX_RANGE_FOCK: 0.106000
EXX_RANGE_PBE: 0.106000
OUTPUT_FILE: sprc-calc
***************************************************************************
                                Cell                                       
***************************************************************************
Lattice vectors (Bohr):
12.433882395048860 0.000000000000000 0.000000000000000 
-0.001464788027397 11.265784507717260 0.000000000000000 
0.000000000000000 -0.000000000000000 47.537850741221725 
Volume                  :  6.6589804186E+03 (Bohr^3)
***************************************************************************
                           Parallelization                                 
***************************************************************************
NP_SPIN_PARAL: 2
NP_KPOINT_PARAL: 10
NP_BAND_PARAL: 1
NP_DOMAIN_PARAL: 2 1 8
NP_DOMAIN_PHI_PARAL: 4 4 21
EIG_SERIAL_MAXNS: 1500
***************************************************************************
                             Initialization                                
***************************************************************************
Number of processors               :  336
Mesh spacing in x-direction        :  0.188392 (Bohr)
Mesh spacing in y-direction        :  0.187763 (Bohr)
Mesh spacing in z direction        :  0.188642 (Bohr)
Number of symmetry adapted k-points:  10
Output printed to                  :  sprc-calc.out
Final eigenvalues printed to       :  sprc-calc.eigen
Total number of atom types         :  5
Total number of atoms              :  53
Total number of electrons          :  395
Atom type 1  (valence electrons)   :  C 4
Pseudopotential                    :  C.psp8
Pseudocharge radii of atom type 1  :  6.78 6.76 6.79 (x, y, z dir)
Number of atoms of type 1          :  1
Atom type 2  (valence electrons)   :  H 1
Pseudopotential                    :  H.psp8
Pseudocharge radii of atom type 2  :  3.77 3.76 3.77 (x, y, z dir)
Number of atoms of type 2          :  3
Atom type 3  (valence electrons)   :  N 5
Pseudopotential                    :  N.psp8
Pseudocharge radii of atom type 3  :  6.78 6.76 6.79 (x, y, z dir)
Number of atoms of type 3          :  2
Atom type 4  (valence electrons)   :  O 6
Pseudopotential                    :  O.psp8
Pseudocharge radii of atom type 4  :  6.78 6.76 6.79 (x, y, z dir)
Number of atoms of type 4          :  31
Atom type 5  (valence electrons)   :  Ti 12
Pseudopotential                    :  Ti.psp8
Pseudocharge radii of atom type 5  :  6.78 6.76 6.79 (x, y, z dir)
Number of atoms of type 5          :  16
Estimated total memory usage       :  452.57 GB
Estimated memory per processor     :  1.35 GB
========================================================================================
                    Self Consistent Field (SCF#1)                     
========================================================================================
Iteration     Free Energy (Ha/atom)    Magnetization     SCF Error        Timing (sec)
1            -2.7717710760E+01        -6.6947E+00        4.521E-01        334.528
2            -2.9027755041E+01         1.3598E+01        4.255E-01        78.192
3            -2.7881053059E+01        -5.4930E+00        3.377E-01        78.638
4            -2.7939132320E+01         3.2949E+00        2.585E-01        78.595
5            -2.7981345565E+01        -9.8573E+00        2.292E-01        79.531
6            -2.7963050980E+01        -1.5149E+00        1.528E-01        79.691
7            -2.7949199519E+01        -1.2639E-01        1.231E-01        78.541
8            -2.7946783114E+01        -1.3402E+00        9.311E-02        78.115
9            -2.7936904682E+01        -7.3928E-01        7.476E-02        79.063
10           -2.7917882609E+01         6.0676E-01        6.180E-02        77.729
11           -2.7905639854E+01        -1.5841E-01        4.871E-02        77.790
12           -2.7898636556E+01        -1.9495E-02        4.791E-02        78.193
13           -2.7888526345E+01        -5.8679E-01        4.189E-02        78.545
14           -2.7879372594E+01        -4.2814E-01        3.945E-02        78.472
15           -2.7874502808E+01        -1.1716E+00        3.387E-02        78.403
16           -2.7849645501E+01        -2.1792E-01        2.596E-02        78.924
17           -2.7841474337E+01        -1.6201E-01        2.212E-02        78.768
18           -2.7820662446E+01        -9.5809E-02        1.635E-02        77.975
19           -2.7819257509E+01        -1.7863E-01        1.005E-02        80.902
20           -2.7815891646E+01        -2.6798E-01        1.365E-02        79.212
21           -2.7812837646E+01        -7.5387E-02        6.075E-03        79.874
22           -2.7809898232E+01        -1.7188E-02        5.019E-03        83.945
23           -2.7806606204E+01         3.6328E-02        5.005E-03        79.783
24           -2.7805722592E+01         5.0677E-02        4.462E-03        79.624
25           -2.7804160436E+01         7.6060E-02        3.987E-03        79.659
26           -2.7802609085E+01         9.7101E-02        3.618E-03        85.205
27           -2.7802143164E+01         9.2447E-02        3.264E-03        90.916
28           -2.7801838061E+01         7.3662E-02        3.380E-03        79.421
29           -2.7801891030E+01         8.2862E-02        2.638E-03        79.159
30           -2.7801780713E+01         8.4371E-02        2.325E-03        93.491
31           -2.7801638448E+01         7.9677E-02        2.286E-03        98.315
32           -2.7801551881E+01         5.8874E-02        1.358E-03        109.837
33           -2.7801507644E+01         4.9900E-02        2.126E-03        93.035
34           -2.7801436612E+01         4.3672E-02        1.744E-03        98.065
35           -2.7801387529E+01         4.0378E-02        1.692E-03        98.412
36           -2.7801375976E+01         4.0171E-02        1.461E-03        107.104
37           -2.7801318728E+01         3.8930E-02        8.700E-04        105.758
38           -2.7801267287E+01         3.9930E-02        2.970E-04        108.825
39           -2.7801233212E+01         4.0830E-02        2.345E-04        100.761
40           -2.7801163719E+01         4.0775E-02        1.416E-04        91.320
41           -2.7801118762E+01         4.1398E-02        1.230E-04        92.937
42           -2.7801084635E+01         4.1670E-02        7.567E-05        94.886
Total number of SCF: 42    

k = [-0.250, -0.250, 0.000]
Occupation of state 217 = 0.000000000001825.
Occupation of state 241 = 0.000000000000000.

No.1 Exx outer loop: 
1            -2.7604853975E+01         8.7688E-02        1.383E-02        123.081
2            -2.7596636785E+01         9.7436E-02        1.348E-02        116.606
3            -2.7598091282E+01         1.0947E-01        1.013E-02        117.393
4            -2.7601865073E+01         1.0115E-01        5.397E-03        116.225
5            -2.7606156282E+01         2.7551E-02        6.621E-03        117.270
6            -2.7606012163E+01         5.1654E-02        4.725E-03        117.080
7            -2.7604991762E+01         1.1177E-01        2.448E-03        119.043
8            -2.7606177014E+01         1.4774E-01        2.890E-03        120.093
9            -2.7606545099E+01         1.3841E-01        1.253E-03        131.448
10           -2.7606279227E+01         1.3306E-01        5.666E-04        122.031
11           -2.7606308894E+01         1.4273E-01        3.279E-04        117.862
12           -2.7606332965E+01         1.4470E-01        2.156E-04        117.983
13           -2.7606365606E+01         1.5058E-01        2.434E-04        116.938
14           -2.7606433472E+01         1.6394E-01        6.430E-04        117.511
15           -2.7606428402E+01         1.6299E-01        6.091E-04        119.048
16           -2.7606432443E+01         1.6325E-01        6.611E-04        117.620
17           -2.7606399016E+01         1.6031E-01        4.469E-04        116.900
18           -2.7606397311E+01         1.6522E-01        5.358E-04        116.610
19           -2.7606366257E+01         1.6236E-01        2.959E-04        118.539
20           -2.7606373525E+01         1.6484E-01        1.535E-04        117.266
21           -2.7606361565E+01         1.6515E-01        8.070E-05        116.729
22           -2.7606367497E+01         1.6611E-01        4.881E-05        119.671
23           -2.7606362830E+01         1.6656E-01        3.518E-05        117.852
24           -2.7606353531E+01         1.6749E-01        3.999E-05        118.503
25           -2.7606346209E+01         1.6738E-01        2.944E-05        117.458
26           -2.7606338587E+01         1.6713E-01        1.828E-05        118.079
27           -2.7606325178E+01         1.6699E-01        1.095E-05        117.642
28           -2.7606321324E+01         1.6695E-01        7.067E-06        117.255
29           -2.7606318740E+01         1.6687E-01        3.198E-06        116.026
30           -2.7606317962E+01         1.6681E-01        2.698E-06        116.888
31           -2.7606317208E+01         1.6676E-01        1.719E-06        120.953
32           -2.7606317107E+01         1.6680E-01        1.801E-06        118.360
33           -2.7606317206E+01         1.6682E-01        1.161E-06        117.275
34           -2.7606317191E+01         1.6683E-01        8.609E-07        119.186
Total number of SCF: 34    

k = [-0.250, -0.250, 0.000]
Occupation of state 217 = 0.000000000000000.
Occupation of state 241 = 0.000000000000000.
Exx outer loop error: 6.2510751945e-01 

No.2 Exx outer loop: 
1            -2.7606604913E+01         3.4736E-01        2.363E-03        120.817
2            -2.7606182949E+01         3.4841E-01        2.003E-03        127.451
3            -2.7606589239E+01         4.2347E-01        1.177E-03        119.924
4            -2.7606751909E+01         4.5724E-01        7.591E-04        118.185
5            -2.7606755572E+01         4.4682E-01        6.052E-04        140.729
6            -2.7606555862E+01         4.6581E-01        4.999E-04        117.528
7            -2.7606709428E+01         4.7133E-01        2.603E-04        117.369
8            -2.7606690640E+01         4.6082E-01        1.407E-04        122.572
9            -2.7606697073E+01         4.6320E-01        1.010E-04        117.377
10           -2.7606662309E+01         4.6202E-01        7.977E-05        117.191
11           -2.7606635940E+01         4.6287E-01        6.415E-05        133.488
12           -2.7606587235E+01         4.6261E-01        3.428E-05        118.099
13           -2.7606575214E+01         4.6116E-01        4.381E-05        126.884
14           -2.7606574684E+01         4.6259E-01        2.241E-05        118.956
15           -2.7606574550E+01         4.6219E-01        1.364E-05        118.349
16           -2.7606581178E+01         4.6216E-01        9.317E-06        142.111
17           -2.7606580019E+01         4.6222E-01        7.661E-06        136.429
18           -2.7606580516E+01         4.6274E-01        1.149E-05        117.579
19           -2.7606579410E+01         4.6264E-01        5.016E-06        120.241
20           -2.7606578796E+01         4.6251E-01        3.728E-06        127.040
21           -2.7606579044E+01         4.6288E-01        6.458E-06        116.846
22           -2.7606579101E+01         4.6291E-01        5.575E-06        117.834
23           -2.7606579288E+01         4.6307E-01        1.048E-05        117.214
24           -2.7606579285E+01         4.6300E-01        6.848E-06        117.198
25           -2.7606579311E+01         4.6286E-01        2.036E-06        116.600
26           -2.7606579378E+01         4.6285E-01        1.229E-06        116.818
27           -2.7606579352E+01         4.6285E-01        9.718E-07        116.875
Total number of SCF: 27    

k = [-0.250, -0.250, 0.000]
Occupation of state 217 = 0.000000000000000.
Occupation of state 241 = 0.000000000000000.
Exx outer loop error: 1.0381120309e-02 

No.3 Exx outer loop: 
1            -2.7606655518E+01         7.5055E-01        3.903E-03        124.897
2            -2.7607035582E+01         6.5354E-01        1.701E-03        118.124
3            -2.7607094734E+01         7.0160E-01        1.286E-03        117.451
4            -2.7607115729E+01         6.9163E-01        5.413E-04        116.313
5            -2.7607076055E+01         7.3131E-01        6.368E-04        118.364
6            -2.7606994695E+01         7.5734E-01        8.331E-04        118.822
7            -2.7606905285E+01         7.4717E-01        3.808E-04        117.727
8            -2.7606852425E+01         7.5832E-01        6.290E-04        116.705
9            -2.7606853078E+01         7.5768E-01        5.996E-04        117.813
10           -2.7606822015E+01         7.4374E-01        1.849E-04        118.765
11           -2.7606790800E+01         7.2628E-01        2.958E-04        117.097
12           -2.7606735171E+01         7.2852E-01        1.704E-04        117.223
13           -2.7606704909E+01         7.2431E-01        1.977E-04        117.554
14           -2.7606694143E+01         7.2655E-01        5.628E-05        125.288
15           -2.7606674804E+01         7.2742E-01        4.887E-05        116.952
16           -2.7606657178E+01         7.2535E-01        2.231E-05        117.515
17           -2.7606644579E+01         7.2514E-01        1.841E-05        130.354
18           -2.7606635910E+01         7.2519E-01        1.357E-05        122.101
19           -2.7606631688E+01         7.2506E-01        1.060E-05        124.678
20           -2.7606628269E+01         7.2461E-01        1.143E-05        118.178
21           -2.7606626395E+01         7.2471E-01        4.753E-06        140.973
22           -2.7606625536E+01         7.2488E-01        7.946E-06        132.062
23           -2.7606625106E+01         7.2437E-01        9.987E-06        116.529
24           -2.7606625093E+01         7.2474E-01        1.700E-06        116.375
25           -2.7606624746E+01         7.2468E-01        2.876E-06        119.213
26           -2.7606624529E+01         7.2486E-01        1.796E-06        117.453
27           -2.7606624301E+01         7.2475E-01        1.205E-06        117.483
28           -2.7606624349E+01         7.2484E-01        8.582E-07        117.889
Total number of SCF: 28    

k = [-0.250, -0.250, 0.000]
Occupation of state 217 = 0.000000000000000.
Occupation of state 241 = 0.000000000000000.
Exx outer loop error: 4.8374220315e-03 

No.4 Exx outer loop: 
1            -2.7606682166E+01         9.0067E-01        3.395E-03        122.181
2            -2.7606925166E+01         8.0409E-01        1.252E-03        119.010
3            -2.7606875262E+01         9.3868E-01        3.104E-03        117.599
4            -2.7606881586E+01         9.3818E-01        2.783E-03        118.349
5            -2.7606898749E+01         9.0189E-01        1.516E-03        117.428
6            -2.7606890419E+01         8.2628E-01        7.865E-04        117.345
7            -2.7606810990E+01         8.4702E-01        2.225E-04        118.487
8            -2.7606736744E+01         8.2427E-01        4.514E-04        117.143
9            -2.7606734408E+01         8.3355E-01        1.834E-04        116.562
10           -2.7606689176E+01         8.3120E-01        1.060E-04        117.252
11           -2.7606677941E+01         8.3078E-01        7.075E-05        116.755
12           -2.7606663853E+01         8.3179E-01        3.435E-05        117.220
13           -2.7606656016E+01         8.3094E-01        2.317E-05        116.999
14           -2.7606656553E+01         8.3004E-01        2.953E-05        117.943
15           -2.7606655493E+01         8.3115E-01        1.292E-05        117.597
16           -2.7606656584E+01         8.3122E-01        7.723E-06        117.161
17           -2.7606657540E+01         8.3194E-01        1.400E-05        119.023
18           -2.7606658546E+01         8.3194E-01        9.871E-06        117.749
19           -2.7606658488E+01         8.3188E-01        8.302E-06        117.975
20           -2.7606658585E+01         8.3194E-01        8.336E-06        117.456
21           -2.7606658506E+01         8.3191E-01        7.133E-06        117.583
22           -2.7606658236E+01         8.3180E-01        4.337E-06        117.642
23           -2.7606657352E+01         8.3190E-01        4.754E-06        116.914
24           -2.7606657429E+01         8.3166E-01        3.089E-06        117.458
25           -2.7606657388E+01         8.3180E-01        1.248E-06        117.350
26           -2.7606657019E+01         8.3177E-01        8.621E-07        117.360
Total number of SCF: 26    

k = [-0.250, -0.250, 0.000]
Occupation of state 217 = 0.000000000000000.
Occupation of state 241 = 0.000000000000000.
Exx outer loop error: 4.6314320563e-03 

No.5 Exx outer loop: 
1            -2.7606686771E+01         8.9908E-01        2.184E-03        120.994
2            -2.7606766923E+01         8.4076E-01        7.703E-04        117.491
3            -2.7606992562E+01         6.2090E-01        4.777E-03        117.581
4            -2.7606885279E+01         8.5338E-01        5.974E-04        127.648
5            -2.7606864348E+01         8.5563E-01        4.850E-04        118.858
6            -2.7606816255E+01         8.3013E-01        5.558E-04        118.206
7            -2.7606777095E+01         8.5472E-01        1.153E-04        141.567
8            -2.7606758650E+01         8.5842E-01        1.115E-04        116.712
9            -2.7606737428E+01         8.6316E-01        1.464E-04        120.807
10           -2.7606728559E+01         8.6880E-01        2.226E-04        117.124
11           -2.7606727674E+01         8.6850E-01        2.176E-04        116.558
12           -2.7606729237E+01         8.6472E-01        1.322E-04        120.270
13           -2.7606721871E+01         8.6470E-01        1.277E-04        128.994
14           -2.7606710589E+01         8.5937E-01        3.544E-05        117.694
15           -2.7606696675E+01         8.6108E-01        2.843E-05        124.610
16           -2.7606687910E+01         8.6080E-01        1.559E-05        126.868
17           -2.7606682597E+01         8.6054E-01        1.378E-05        118.415
18           -2.7606679365E+01         8.6038E-01        1.341E-05        124.626
19           -2.7606678230E+01         8.6058E-01        1.100E-05        139.408
20           -2.7606677182E+01         8.6027E-01        8.440E-06        116.599
21           -2.7606672463E+01         8.6036E-01        7.894E-06        132.791
22           -2.7606669902E+01         8.6003E-01        1.846E-06        116.434
23           -2.7606669805E+01         8.5996E-01        1.328E-06        116.277
24           -2.7606669783E+01         8.6000E-01        1.539E-06        116.404
25           -2.7606669685E+01         8.5992E-01        7.654E-07        116.040
Total number of SCF: 25    

k = [-0.250, -0.250, 0.000]
Occupation of state 217 = 0.000000000000000.
Occupation of state 241 = 0.000000000000000.
Exx outer loop error: 3.1147128091e-03 

No.6 Exx outer loop: 
1            -2.7606687351E+01         8.8400E-01        1.480E-03        121.660
2            -2.7606710371E+01         8.6032E-01        5.136E-04        117.316
3            -2.7606762523E+01         8.2723E-01        9.425E-04        117.694
4            -2.7606886506E+01         8.8728E-01        7.353E-04        116.877
5            -2.7606840451E+01         8.7748E-01        2.666E-04        118.202
6            -2.7606789379E+01         8.7060E-01        8.610E-05        117.929
7            -2.7606727520E+01         8.7026E-01        4.619E-05        121.248
8            -2.7606710357E+01         8.6966E-01        3.306E-05        117.913
9            -2.7606695315E+01         8.7016E-01        2.539E-05        117.575
10           -2.7606688218E+01         8.7036E-01        2.147E-05        116.630
11           -2.7606682050E+01         8.6978E-01        9.741E-06        116.588
12           -2.7606680997E+01         8.7027E-01        1.439E-05        117.872
13           -2.7606676971E+01         8.7034E-01        1.068E-05        117.885
14           -2.7606675884E+01         8.7021E-01        4.832E-06        117.551
15           -2.7606675705E+01         8.7043E-01        4.244E-06        116.525
16           -2.7606676509E+01         8.7043E-01        2.902E-06        116.667
17           -2.7606676806E+01         8.7051E-01        2.025E-06        117.182
18           -2.7606676664E+01         8.7045E-01        2.062E-06        124.371
19           -2.7606676500E+01         8.7048E-01        1.009E-06        117.272
20           -2.7606676713E+01         8.7049E-01        6.177E-07        116.412
Total number of SCF: 20    

k = [-0.250, -0.250, 0.000]
Occupation of state 217 = 0.000000000000000.
Occupation of state 241 = 0.000000000000000.
Exx outer loop error: 2.4274266532e-03 

No.7 Exx outer loop: 
1            -2.7606690073E+01         8.7910E-01        1.097E-03        121.684
2            -2.7606694709E+01         8.6870E-01        4.213E-04        117.361
3            -2.7606755087E+01         8.9440E-01        4.737E-04        118.352
4            -2.7606785143E+01         8.5161E-01        7.585E-04        117.244
5            -2.7606760010E+01         8.6819E-01        2.470E-04        117.394
6            -2.7606742758E+01         8.7439E-01        9.735E-05        117.740
7            -2.7606746722E+01         8.7627E-01        5.116E-05        116.794
8            -2.7606745158E+01         8.7506E-01        5.710E-05        117.850
9            -2.7606737440E+01         8.7542E-01        4.674E-05        116.495
10           -2.7606717171E+01         8.7514E-01        5.393E-05        117.813
11           -2.7606696457E+01         8.7466E-01        6.070E-05        118.089
12           -2.7606690603E+01         8.7471E-01        3.414E-05        118.356
13           -2.7606685134E+01         8.7496E-01        1.707E-05        117.486
14           -2.7606685005E+01         8.7466E-01        1.866E-05        118.279
15           -2.7606681204E+01         8.7460E-01        8.117E-06        116.847
16           -2.7606680731E+01         8.7452E-01        4.379E-06        116.716
17           -2.7606680834E+01         8.7453E-01        3.142E-06        116.709
18           -2.7606681797E+01         8.7434E-01        6.354E-06        117.894
19           -2.7606681516E+01         8.7436E-01        4.410E-06        117.178
20           -2.7606682071E+01         8.7459E-01        2.860E-06        117.634
21           -2.7606682309E+01         8.7447E-01        2.479E-06        116.932
22           -2.7606682273E+01         8.7459E-01        1.575E-06        117.608
23           -2.7606682417E+01         8.7459E-01        9.689E-07        117.538
Total number of SCF: 23    

k = [-0.250, -0.250, 0.000]
Occupation of state 217 = 0.000000000000000.
Occupation of state 241 = 0.000000000000000.
Exx outer loop error: 2.3569827055e-03 

No.8 Exx outer loop: 
1            -2.7606692746E+01         8.7728E-01        8.036E-04        122.124
2            -2.7606691901E+01         8.7275E-01        3.438E-04        116.765
3            -2.7606740483E+01         8.7316E-01        2.175E-04        117.076
4            -2.7606796484E+01         8.7625E-01        1.067E-04        121.046
5            -2.7606777673E+01         8.7821E-01        8.070E-05        120.214
6            -2.7606727820E+01         8.7944E-01        1.595E-04        117.987
7            -2.7606704075E+01         8.7733E-01        8.897E-05        117.621
8            -2.7606700950E+01         8.7668E-01        3.730E-05        117.292
9            -2.7606699475E+01         8.7655E-01        1.918E-05        116.655
10           -2.7606695206E+01         8.7669E-01        1.045E-05        116.633
11           -2.7606691922E+01         8.7630E-01        1.282E-05        116.995
12           -2.7606690342E+01         8.7623E-01        6.006E-06        116.772
13           -2.7606688671E+01         8.7615E-01        3.704E-06        123.334
14           -2.7606688055E+01         8.7601E-01        2.877E-06        118.044
15           -2.7606687430E+01         8.7598E-01        2.401E-06        116.911
16           -2.7606686285E+01         8.7605E-01        2.518E-06        137.290
17           -2.7606685904E+01         8.7595E-01        1.520E-06        117.592
18           -2.7606685507E+01         8.7595E-01        6.633E-07        116.275
Total number of SCF: 18    

k = [-0.250, -0.250, 0.000]
Occupation of state 217 = 0.000000000000000.
Occupation of state 241 = 0.000000000000000.
Exx outer loop error: 1.2628045272e-03 

No.9 Exx outer loop: 
1            -2.7606692938E+01         8.7805E-01        5.699E-04        120.845
2            -2.7606691948E+01         8.7434E-01        2.631E-04        117.910
3            -2.7606756471E+01         8.7239E-01        3.279E-04        117.437
4            -2.7606780476E+01         8.7888E-01        1.978E-04        118.396
5            -2.7606762792E+01         8.7841E-01        7.407E-05        119.097
6            -2.7606745790E+01         8.7839E-01        5.670E-05        117.166
7            -2.7606726503E+01         8.7799E-01        3.210E-05        117.692
8            -2.7606721145E+01         8.7776E-01        2.619E-05        118.535
9            -2.7606710831E+01         8.7719E-01        2.107E-05        117.285
10           -2.7606703245E+01         8.7694E-01        1.405E-05        117.779
11           -2.7606694544E+01         8.7713E-01        1.007E-05        117.044
12           -2.7606693393E+01         8.7673E-01        1.878E-05        116.691
13           -2.7606692840E+01         8.7668E-01        1.256E-05        117.257
14           -2.7606690555E+01         8.7667E-01        3.975E-06        128.580
15           -2.7606689227E+01         8.7617E-01        1.675E-05        141.926
16           -2.7606689090E+01         8.7646E-01        3.514E-06        153.356
17           -2.7606688882E+01         8.7657E-01        2.105E-06        146.075
18           -2.7606688738E+01         8.7660E-01        1.625E-06        151.419
19           -2.7606688269E+01         8.7656E-01        1.507E-06        150.839
20           -2.7606687969E+01         8.7658E-01        8.996E-07        150.521
Total number of SCF: 20    

k = [-0.250, -0.250, 0.000]
Occupation of state 217 = 0.000000000000000.
Occupation of state 241 = 0.000000000000000.
Exx outer loop error: 9.6284213179e-04 

No.10 Exx outer loop: 
1            -2.7606693135E+01         8.7911E-01        3.858E-04        121.805
2            -2.7606692937E+01         8.7589E-01        1.864E-04        118.103
3            -2.7606802793E+01         9.0074E-01        6.103E-04        117.332
4            -2.7606841432E+01         8.9668E-01        4.583E-04        117.010
5            -2.7606835570E+01         8.9389E-01        3.938E-04        117.484
6            -2.7606800429E+01         8.8168E-01        2.891E-04        122.179
7            -2.7606760833E+01         8.8407E-01        1.733E-04        118.909
8            -2.7606743590E+01         8.7948E-01        8.762E-05        120.264
9            -2.7606715517E+01         8.7817E-01        6.631E-05        117.392
10           -2.7606710947E+01         8.7747E-01        3.569E-05        117.814
11           -2.7606705753E+01         8.7764E-01        3.296E-05        135.089
12           -2.7606705483E+01         8.7808E-01        2.060E-05        123.813
13           -2.7606702548E+01         8.7783E-01        9.623E-06        124.595
14           -2.7606699426E+01         8.7794E-01        8.311E-06        126.113
15           -2.7606697525E+01         8.7784E-01        9.184E-06        132.633
16           -2.7606696090E+01         8.7779E-01        7.175E-06        119.809
17           -2.7606693917E+01         8.7783E-01        3.877E-06        117.383
18           -2.7606692083E+01         8.7768E-01        5.150E-06        117.308
19           -2.7606690894E+01         8.7762E-01        2.538E-06        117.263
20           -2.7606690630E+01         8.7759E-01        2.189E-06        129.269
21           -2.7606690085E+01         8.7756E-01        1.513E-06        120.194
22           -2.7606689877E+01         8.7756E-01        1.280E-06        116.398
23           -2.7606689899E+01         8.7758E-01        8.871E-07        132.751
Total number of SCF: 23    

k = [-0.250, -0.250, 0.000]
Occupation of state 217 = 0.000000000000000.
Occupation of state 241 = 0.000000000000000.
Exx outer loop error: 8.3659691859e-04 

No.11 Exx outer loop: 
1            -2.7606693345E+01         8.7981E-01        2.422E-04        121.287
2            -2.7606693516E+01         8.7847E-01        1.250E-04        117.277
3            -2.7606685956E+01         8.8063E-01        1.395E-04        119.918
4            -2.7606706642E+01         8.7977E-01        6.073E-05        116.715
5            -2.7606690036E+01         8.7910E-01        4.830E-05        117.552
6            -2.7606681682E+01         8.7886E-01        3.441E-05        116.923
7            -2.7606681360E+01         8.7871E-01        2.676E-05        116.685
8            -2.7606694291E+01         8.7932E-01        1.561E-05        117.171
9            -2.7606697991E+01         8.7930E-01        1.065E-05        117.295
10           -2.7606696295E+01         8.7920E-01        8.064E-06        117.012
11           -2.7606693848E+01         8.7916E-01        4.065E-06        116.724
12           -2.7606692961E+01         8.7912E-01        3.362E-06        117.095
13           -2.7606692216E+01         8.7915E-01        2.916E-06        117.341
14           -2.7606691574E+01         8.7919E-01        1.787E-06        120.480
15           -2.7606691620E+01         8.7923E-01        1.561E-06        122.905
16           -2.7606690944E+01         8.7922E-01        1.595E-06        118.207
17           -2.7606690659E+01         8.7924E-01        9.062E-07        117.950
Total number of SCF: 17    

k = [-0.250, -0.250, 0.000]
Occupation of state 217 = 0.000000000000000.
Occupation of state 241 = 0.000000000000000.
Exx outer loop error: 9.6733538837e-05 

No.12 Exx outer loop: 
1            -2.7606692872E+01         8.8114E-01        1.459E-04        126.890
2            -2.7606693462E+01         8.8132E-01        8.753E-05        117.357
3            -2.7606713827E+01         8.8483E-01        1.012E-04        117.524
4            -2.7606731523E+01         8.8258E-01        6.267E-05        129.212
5            -2.7606727155E+01         8.8217E-01        4.068E-05        117.051
6            -2.7606715819E+01         8.8182E-01        3.099E-05        118.765
7            -2.7606707721E+01         8.8161E-01        1.979E-05        116.855
8            -2.7606701450E+01         8.8148E-01        1.039E-05        116.953
9            -2.7606696724E+01         8.8140E-01        6.237E-06        117.373
10           -2.7606698159E+01         8.8288E-01        4.243E-05        117.264
11           -2.7606696470E+01         8.8223E-01        1.942E-05        117.358
12           -2.7606695945E+01         8.8216E-01        1.505E-05        124.295
13           -2.7606695294E+01         8.8200E-01        1.110E-05        118.034
14           -2.7606693346E+01         8.8185E-01        1.140E-05        117.829
15           -2.7606691193E+01         8.8144E-01        1.639E-06        137.970
16           -2.7606690559E+01         8.8141E-01        1.242E-06        117.096
17           -2.7606690214E+01         8.8138E-01        1.010E-06        117.182
18           -2.7606690276E+01         8.8139E-01        3.937E-07        116.747
Total number of SCF: 18    

k = [-0.250, -0.250, 0.000]
Occupation of state 217 = 0.000000000000000.
Occupation of state 241 = 0.000000000000000.
Exx outer loop error: 2.5050345808e-04 

No.13 Exx outer loop: 
1            -2.7606691189E+01         8.8342E-01        9.330E-05        122.171
2            -2.7606692974E+01         8.8362E-01        5.915E-05        117.014
3            -2.7606715096E+01         8.8874E-01        1.283E-04        117.309
4            -2.7606703162E+01         8.8445E-01        2.574E-05        117.418
5            -2.7606699580E+01         8.8420E-01        2.698E-05        117.477
6            -2.7606693240E+01         8.8389E-01        7.992E-06        117.510
7            -2.7606691829E+01         8.8384E-01        4.995E-06        118.355
8            -2.7606691058E+01         8.8381E-01        2.972E-06        117.063
9            -2.7606691065E+01         8.8381E-01        2.568E-06        117.849
10           -2.7606690713E+01         8.8379E-01        1.290E-06        116.748
11           -2.7606690723E+01         8.8380E-01        8.303E-07        117.627
Total number of SCF: 11    

k = [-0.250, -0.250, 0.000]
Occupation of state 217 = 0.000000000000000.
Occupation of state 241 = 0.000000000000000.
Exx outer loop error: 1.2401967743e-04 

No.14 Exx outer loop: 

***************************************************************************
*                       SPARC (version Nov 19, 2021)                      *
*   Copyright (c) 2020 Material Physics & Mechanics Group, Georgia Tech   *
*           Distributed under GNU General Public License 3 (GPL)          *
*                   Start time: Fri Dec 17 09:27:09 2021                  *
***************************************************************************
                           Input parameters                                
***************************************************************************
CELL: 12.4338823950489 11.2657846029438 47.5378507412217 
LATVEC:
1.000000000000000 0.000000000000000 0.000000000000000 
-0.000130020950961 0.999999991547276 0.000000000000000 
0.000000000000000 -0.000000000000000 1.000000000000000 
FD_GRID: 66 60 252
FD_ORDER: 12
BC: P P D
KPOINT_GRID: 4 4 1
KPOINT_SHIFT: 0 0 0
SPIN_TYP: 1
ELEC_TEMP_TYPE: Gaussian
SMEARING: 0.007349864435
CHEB_DEGREE: 37
NSTATES: 241
EXCHANGE_CORRELATION: HSE
CALC_STRESS: 0
CALC_PRES: 0
CHEFSI_BOUND_FLAG: 0
MAXIT_SCF: 100
MINIT_SCF: 3
MAXIT_POISSON: 3000
TOL_SCF: 1.00E-06
POISSON_SOLVER: AAR
TOL_POISSON: 1.00E-08
TOL_LANCZOS: 1.00E-02
TOL_PSEUDOCHARGE: 1.00E-08
MIXING_VARIABLE: density
MIXING_PRECOND: kerker
MIXING_PRECOND_MAG: none
TOL_PRECOND: 3.54E-05
PRECOND_KERKER_KTF: 1
PRECOND_KERKER_THRESH: 0.1
MIXING_PARAMETER: 0.3
MIXING_PARAMETER_MAG: 0.3
MIXING_HISTORY: 7
PULAY_FREQUENCY: 1
PULAY_RESTART: 0
REFERENCE_CUTOFF: 0.5
RHO_TRIGGER: 4
FIX_RAND: 0
VERBOSITY: 1
PRINT_FORCES: 1
PRINT_ATOMS: 1
PRINT_EIGEN: 1
PRINT_DENSITY: 0
PRINT_ENERGY_DENSITY: 0
TOL_FOCK: 5.00E-05
TOL_SCF_INIT: 1.00E-04
MAXIT_FOCK: 1000
EXX_METHOD: FOURIER_SPACE
EXX_DIVERGENCE: AUXILIARY
ACE_FLAG: 1
EXX_ACE_MEM: 1
EXX_ACE_VALENCE_STATES: 10000
EXX_DOWNSAMPLING: 1 1 1
EXX_RANGE_FOCK: 0.106000
EXX_RANGE_PBE: 0.106000
OUTPUT_FILE: sprc-calc
***************************************************************************
                                Cell                                       
***************************************************************************
Lattice vectors (Bohr):
12.433882395048860 0.000000000000000 0.000000000000000 
-0.001464788027397 11.265784507717260 0.000000000000000 
0.000000000000000 -0.000000000000000 47.537850741221725 
Volume                  :  6.6589804186E+03 (Bohr^3)
***************************************************************************
                           Parallelization                                 
***************************************************************************
NP_SPIN_PARAL: 2
NP_KPOINT_PARAL: 10
NP_BAND_PARAL: 1
NP_DOMAIN_PARAL: 2 1 8
NP_DOMAIN_PHI_PARAL: 4 4 21
EIG_SERIAL_MAXNS: 1500
***************************************************************************
                             Initialization                                
***************************************************************************
Number of processors               :  336
Mesh spacing in x-direction        :  0.188392 (Bohr)
Mesh spacing in y-direction        :  0.187763 (Bohr)
Mesh spacing in z direction        :  0.188642 (Bohr)
Number of symmetry adapted k-points:  10
Output printed to                  :  sprc-calc.out_01
Final eigenvalues printed to       :  sprc-calc.eigen_01
Total number of atom types         :  5
Total number of atoms              :  53
Total number of electrons          :  395
Atom type 1  (valence electrons)   :  C 4
Pseudopotential                    :  C.psp8
Pseudocharge radii of atom type 1  :  6.78 6.76 6.79 (x, y, z dir)
Number of atoms of type 1          :  1
Atom type 2  (valence electrons)   :  H 1
Pseudopotential                    :  H.psp8
Pseudocharge radii of atom type 2  :  3.77 3.76 3.77 (x, y, z dir)
Number of atoms of type 2          :  3
Atom type 3  (valence electrons)   :  N 5
Pseudopotential                    :  N.psp8
Pseudocharge radii of atom type 3  :  6.78 6.76 6.79 (x, y, z dir)
Number of atoms of type 3          :  2
Atom type 4  (valence electrons)   :  O 6
Pseudopotential                    :  O.psp8
Pseudocharge radii of atom type 4  :  6.78 6.76 6.79 (x, y, z dir)
Number of atoms of type 4          :  31
Atom type 5  (valence electrons)   :  Ti 12
Pseudopotential                    :  Ti.psp8
Pseudocharge radii of atom type 5  :  6.78 6.76 6.79 (x, y, z dir)
Number of atoms of type 5          :  16
Estimated total memory usage       :  452.57 GB
Estimated memory per processor     :  1.35 GB
========================================================================================
                    Self Consistent Field (SCF#1)                     
========================================================================================
Iteration     Free Energy (Ha/atom)    Magnetization     SCF Error        Timing (sec)
1            -2.7717710760E+01        -6.6947E+00        4.521E-01        300.154
2            -2.9027755040E+01         1.3598E+01        4.255E-01        75.266
3            -2.7881053059E+01        -5.4930E+00        3.377E-01        75.211
4            -2.7939132320E+01         3.2949E+00        2.585E-01        75.579
5            -2.7981345565E+01        -9.8573E+00        2.292E-01        76.038
6            -2.7963050980E+01        -1.5149E+00        1.528E-01        75.316
7            -2.7949199519E+01        -1.2639E-01        1.231E-01        75.262
8            -2.7946783114E+01        -1.3402E+00        9.311E-02        75.763
9            -2.7936904682E+01        -7.3928E-01        7.476E-02        75.755
10           -2.7917882609E+01         6.0676E-01        6.180E-02        75.331
11           -2.7905639854E+01        -1.5841E-01        4.871E-02        75.648
12           -2.7898636556E+01        -1.9495E-02        4.791E-02        75.512
13           -2.7888526348E+01        -5.8679E-01        4.189E-02        76.154
14           -2.7879372588E+01        -4.2814E-01        3.945E-02        75.048
15           -2.7874502794E+01        -1.1716E+00        3.387E-02        75.211
16           -2.7849645506E+01        -2.1792E-01        2.596E-02        75.322
17           -2.7841474329E+01        -1.6201E-01        2.212E-02        76.075
18           -2.7820662444E+01        -9.5808E-02        1.635E-02        75.893
19           -2.7819257502E+01        -1.7863E-01        1.005E-02        75.500
20           -2.7815891647E+01        -2.6798E-01        1.365E-02        77.513
21           -2.7812837648E+01        -7.5388E-02        6.075E-03        76.284
22           -2.7809898234E+01        -1.7189E-02        5.019E-03        75.451
23           -2.7806606210E+01         3.6328E-02        5.005E-03        75.051
24           -2.7805722594E+01         5.0677E-02        4.462E-03        75.651
25           -2.7804160442E+01         7.6059E-02        3.987E-03        115.732
26           -2.7802609086E+01         9.7101E-02        3.618E-03        75.788
27           -2.7802143164E+01         9.2447E-02        3.264E-03        101.939
28           -2.7801838062E+01         7.3662E-02        3.380E-03        98.998
29           -2.7801891033E+01         8.2861E-02        2.638E-03        75.123
30           -2.7801780728E+01         8.4371E-02        2.325E-03        75.595
31           -2.7801638444E+01         7.9677E-02        2.286E-03        75.631
32           -2.7801551882E+01         5.8873E-02        1.358E-03        74.975
33           -2.7801507622E+01         4.9902E-02        2.126E-03        74.655
34           -2.7801436613E+01         4.3672E-02        1.745E-03        75.075
35           -2.7801387536E+01         4.0377E-02        1.692E-03        75.431
36           -2.7801375986E+01         4.0170E-02        1.461E-03        75.138
37           -2.7801318743E+01         3.8926E-02        8.699E-04        74.408
38           -2.7801267287E+01         3.9925E-02        2.970E-04        111.823
39           -2.7801233204E+01         4.0826E-02        2.345E-04        143.616
40           -2.7801163710E+01         4.0771E-02        1.416E-04        75.484
41           -2.7801118784E+01         4.1395E-02        1.231E-04        76.058
42           -2.7801084656E+01         4.1666E-02        7.572E-05        76.046
Total number of SCF: 42    

k = [-0.250, -0.250, 0.000]
Occupation of state 217 = 0.000000000001825.
Occupation of state 241 = 0.000000000000000.

No.1 Exx outer loop: 
1            -2.7604853984E+01         8.7666E-02        1.383E-02        125.431
2            -2.7596636753E+01         9.7435E-02        1.348E-02        119.954
3            -2.7598091603E+01         1.0950E-01        1.013E-02        164.190
4            -2.7601861640E+01         1.0113E-01        5.399E-03        166.879
5            -2.7606158831E+01         2.7498E-02        6.627E-03        157.489
6            -2.7606016981E+01         5.1967E-02        4.718E-03        121.392
7            -2.7604990855E+01         1.1169E-01        2.447E-03        203.854
8            -2.7606171727E+01         1.4766E-01        2.889E-03        119.868
9            -2.7606540655E+01         1.3835E-01        1.254E-03        119.822
10           -2.7606277068E+01         1.3288E-01        5.707E-04        120.058
11           -2.7606307524E+01         1.4266E-01        3.292E-04        119.987
12           -2.7606331622E+01         1.4461E-01        2.158E-04        120.013
13           -2.7606364925E+01         1.5055E-01        2.444E-04        119.839
14           -2.7606435060E+01         1.6427E-01        6.662E-04        119.692
15           -2.7606429619E+01         1.6320E-01        6.276E-04        119.543
16           -2.7606432032E+01         1.6304E-01        6.542E-04        119.579
17           -2.7606401147E+01         1.6045E-01        4.724E-04        120.149
18           -2.7606392118E+01         1.6370E-01        5.032E-04        119.800
19           -2.7606356716E+01         1.6085E-01        2.555E-04        118.607
20           -2.7606377333E+01         1.6558E-01        2.580E-04        120.005
21           -2.7606352383E+01         1.6460E-01        8.111E-05        119.628
22           -2.7606364668E+01         1.6575E-01        5.383E-05        119.787
23           -2.7606363138E+01         1.6606E-01        5.132E-05        119.496
24           -2.7606360488E+01         1.6679E-01        4.809E-05        119.619
25           -2.7606354622E+01         1.6698E-01        4.031E-05        119.425
26           -2.7606345616E+01         1.6689E-01        2.219E-05        118.683
27           -2.7606332191E+01         1.6726E-01        1.432E-05        119.470
28           -2.7606324398E+01         1.6744E-01        1.084E-05        119.605
29           -2.7606320021E+01         1.6721E-01        6.000E-06        117.991
30           -2.7606317578E+01         1.6707E-01        3.154E-06        119.455
31           -2.7606317846E+01         1.6699E-01        2.331E-06        119.632
32           -2.7606317367E+01         1.6698E-01        3.279E-06        119.854
33           -2.7606317464E+01         1.6696E-01        7.962E-07        118.543
Total number of SCF: 33    

k = [-0.250, -0.250, 0.000]
Occupation of state 217 = 0.000000000000000.
Occupation of state 241 = 0.000000000000000.
Exx outer loop error: 6.2513978690e-01 

No.2 Exx outer loop: 
1            -2.7606605714E+01         3.4435E-01        2.308E-03        124.161
2            -2.7606177028E+01         3.5497E-01        2.025E-03        119.150
3            -2.7606408285E+01         5.0039E-01        4.236E-03        119.785
4            -2.7606424515E+01         4.7284E-01        1.483E-03        121.020
5            -2.7606582295E+01         4.1944E-01        9.272E-04        119.323
6            -2.7606390703E+01         4.5730E-01        8.388E-04        118.865
7            -2.7606546308E+01         4.5148E-01        6.685E-04        119.870
8            -2.7606660266E+01         4.5752E-01        6.690E-04        119.064
9            -2.7606660121E+01         4.5111E-01        4.738E-04        118.901
10           -2.7606627393E+01         4.5153E-01        3.092E-04        119.168
11           -2.7606597055E+01         4.6001E-01        2.843E-04        119.225
12           -2.7606626922E+01         4.6341E-01        1.688E-04        119.208
13           -2.7606656175E+01         4.6020E-01        1.053E-04        118.372
14           -2.7606658318E+01         4.4354E-01        3.988E-04        119.196
15           -2.7606642122E+01         4.5448E-01        1.122E-04        119.469
16           -2.7606619391E+01         4.5706E-01        6.949E-05        120.224
17           -2.7606606463E+01         4.6145E-01        4.768E-05        119.721
18           -2.7606597470E+01         4.6310E-01        6.966E-05        119.221
19           -2.7606592976E+01         4.6296E-01        6.818E-05        119.696
20           -2.7606587209E+01         4.6361E-01        7.417E-05        120.803
21           -2.7606587336E+01         4.6319E-01        5.950E-05        121.040
22           -2.7606586726E+01         4.6400E-01        6.549E-05        119.559
23           -2.7606587189E+01         4.6350E-01        4.881E-05        118.637
24           -2.7606583858E+01         4.6300E-01        2.388E-05        119.337
25           -2.7606582851E+01         4.6344E-01        2.947E-05        119.391
26           -2.7606581389E+01         4.6330E-01        2.051E-05        119.296
27           -2.7606582229E+01         4.6317E-01        1.415E-05        119.616
28           -2.7606582942E+01         4.6292E-01        5.938E-06        119.629
29           -2.7606581607E+01         4.6334E-01        9.858E-06        119.197
30           -2.7606580607E+01         4.6294E-01        6.437E-06        119.612
31           -2.7606579800E+01         4.6294E-01        4.672E-06        119.377
32           -2.7606579467E+01         4.6300E-01        1.324E-06        119.392
33           -2.7606579316E+01         4.6300E-01        8.819E-07        119.328
Total number of SCF: 33    

k = [-0.250, -0.250, 0.000]
Occupation of state 217 = 0.000000000000000.
Occupation of state 241 = 0.000000000000000.
Exx outer loop error: 1.0556652299e-02 

No.3 Exx outer loop: 
1            -2.7606655284E+01         7.5174E-01        3.923E-03        124.760
2            -2.7607035773E+01         6.5199E-01        1.714E-03        119.915
3            -2.7607208676E+01         7.5720E-01        2.284E-03        120.037
4            -2.7607557713E+01         6.3360E-01        1.925E-03        119.872
5            -2.7607224011E+01         7.0686E-01        4.938E-04        119.456
6            -2.7607015614E+01         7.1080E-01        3.639E-04        119.392
7            -2.7606907221E+01         7.3037E-01        2.999E-04        121.686
8            -2.7606870992E+01         7.3571E-01        2.524E-04        119.669
9            -2.7606823728E+01         7.3441E-01        1.386E-04        120.303
10           -2.7606748009E+01         7.3353E-01        1.190E-04        119.747
11           -2.7606679197E+01         7.3081E-01        1.236E-04        119.742
12           -2.7606650406E+01         7.2892E-01        7.606E-05        119.774
13           -2.7606633207E+01         7.2639E-01        6.834E-05        118.324
14           -2.7606627499E+01         7.2601E-01        2.971E-05        119.227
15           -2.7606626799E+01         7.2500E-01        2.224E-05        119.453
16           -2.7606626514E+01         7.2486E-01        1.129E-05        117.705
17           -2.7606627482E+01         7.2532E-01        1.020E-05        119.537
18           -2.7606625875E+01         7.2494E-01        4.732E-06        119.583
19           -2.7606625145E+01         7.2497E-01        3.445E-06        119.936
20           -2.7606624614E+01         7.2491E-01        3.048E-06        119.930
21           -2.7606624717E+01         7.2493E-01        1.440E-06        119.924
22           -2.7606624810E+01         7.2495E-01        1.042E-06        122.244
23           -2.7606624711E+01         7.2492E-01        9.780E-07        118.776
Total number of SCF: 23    

k = [-0.250, -0.250, 0.000]
Occupation of state 217 = 0.000000000000000.
Occupation of state 241 = 0.000000000000000.
Exx outer loop error: 5.0013632047e-03 

No.4 Exx outer loop: 
1            -2.7606682410E+01         9.0091E-01        3.395E-03        123.132
2            -2.7606924438E+01         8.0363E-01        1.254E-03        118.629
3            -2.7607232049E+01         5.8000E-01        5.376E-03        119.923
4            -2.7607066196E+01         8.0890E-01        5.368E-04        120.527
5            -2.7606955462E+01         8.2933E-01        5.634E-04        119.030
6            -2.7606881314E+01         8.3482E-01        3.999E-04        119.078
7            -2.7606831995E+01         8.4409E-01        5.240E-04        119.137
8            -2.7606807951E+01         8.3536E-01        2.300E-04        118.941
9            -2.7606767686E+01         8.3512E-01        2.076E-04        119.146
10           -2.7606745763E+01         8.3425E-01        1.604E-04        119.740
11           -2.7606721028E+01         8.3371E-01        1.120E-04        119.906
12           -2.7606705354E+01         8.3285E-01        6.753E-05        119.920
13           -2.7606684696E+01         8.3269E-01        3.431E-05        120.355
14           -2.7606671928E+01         8.3236E-01        2.068E-05        119.950
15           -2.7606664629E+01         8.3232E-01        1.536E-05        119.734
16           -2.7606657263E+01         8.3291E-01        1.449E-05        119.437
17           -2.7606657536E+01         8.3371E-01        2.554E-05        118.992
18           -2.7606657102E+01         8.3248E-01        9.631E-06        119.309
19           -2.7606656087E+01         8.3263E-01        1.029E-05        120.826
20           -2.7606656444E+01         8.3208E-01        5.887E-06        119.299
21           -2.7606655615E+01         8.3213E-01        5.066E-06        118.436
22           -2.7606655430E+01         8.3216E-01        5.130E-06        118.961
23           -2.7606655510E+01         8.3197E-01        2.808E-06        118.387
24           -2.7606655609E+01         8.3181E-01        2.134E-06        118.389
25           -2.7606656060E+01         8.3192E-01        2.132E-06        118.610
26           -2.7606656020E+01         8.3174E-01        2.655E-06        118.628
27           -2.7606656125E+01         8.3182E-01        1.265E-06        119.252
28           -2.7606656330E+01         8.3185E-01        1.166E-06        118.784
29           -2.7606656125E+01         8.3181E-01        5.938E-07        119.266
Total number of SCF: 29    

k = [-0.250, -0.250, 0.000]
Occupation of state 217 = 0.000000000000000.
Occupation of state 241 = 0.000000000000000.
Exx outer loop error: 3.9378342917e-03 

No.5 Exx outer loop: 
1            -2.7606684979E+01         8.9822E-01        2.165E-03        123.505
2            -2.7606765503E+01         8.4219E-01        7.462E-04        118.685
3            -2.7606754805E+01         8.7999E-01        7.762E-04        119.275
4            -2.7606753041E+01         8.8945E-01        7.833E-04        119.776
5            -2.7606746118E+01         8.7536E-01        3.510E-04        119.868
6            -2.7606722600E+01         8.6027E-01        6.581E-05        119.988
7            -2.7606712999E+01         8.6091E-01        5.002E-05        118.732
8            -2.7606698084E+01         8.5382E-01        2.022E-04        118.554
9            -2.7606701318E+01         8.5399E-01        1.932E-04        118.513
10           -2.7606699597E+01         8.5358E-01        2.140E-04        118.649
11           -2.7606697097E+01         8.5726E-01        1.228E-04        121.356
12           -2.7606695113E+01         8.5636E-01        1.382E-04        119.093
13           -2.7606690742E+01         8.5950E-01        5.929E-05        119.097
14           -2.7606688007E+01         8.5881E-01        6.380E-05        118.973
15           -2.7606684597E+01         8.5950E-01        3.367E-05        120.721
16           -2.7606680463E+01         8.5916E-01        3.404E-05        118.858
17           -2.7606676263E+01         8.5940E-01        1.392E-05        119.553
18           -2.7606676408E+01         8.5962E-01        8.176E-06        120.417
19           -2.7606675511E+01         8.5972E-01        8.537E-06        120.688
20           -2.7606674867E+01         8.5960E-01        4.950E-06        118.987
21           -2.7606673844E+01         8.5987E-01        8.314E-06        119.958
22           -2.7606673409E+01         8.5998E-01        7.176E-06        119.941
23           -2.7606672990E+01         8.5989E-01        3.696E-06        118.585
24           -2.7606670879E+01         8.6002E-01        3.021E-06        119.069
25           -2.7606670666E+01         8.5995E-01        1.469E-06        119.841
26           -2.7606669967E+01         8.5988E-01        1.451E-06        124.365
27           -2.7606669772E+01         8.5997E-01        1.297E-06        119.183
28           -2.7606669876E+01         8.5986E-01        1.674E-06        119.267
29           -2.7606669931E+01         8.5995E-01        9.815E-07        118.674
Total number of SCF: 29    

k = [-0.250, -0.250, 0.000]
Occupation of state 217 = 0.000000000000000.
Occupation of state 241 = 0.000000000000000.
Exx outer loop error: 3.4790655388e-03 

No.6 Exx outer loop: 
1            -2.7606687950E+01         8.8340E-01        1.470E-03        122.452
2            -2.7606709740E+01         8.6106E-01        5.059E-04        122.770
3            -2.7606883217E+01         9.2298E-01        1.369E-03        119.203
4            -2.7606792350E+01         8.8466E-01        2.983E-04        119.086
5            -2.7606791638E+01         8.7430E-01        2.114E-04        119.636
6            -2.7606766166E+01         8.8208E-01        1.168E-04        119.257
7            -2.7606729078E+01         8.7316E-01        1.694E-04        119.388
8            -2.7606704827E+01         8.7761E-01        7.799E-05        119.170
9            -2.7606693886E+01         8.7346E-01        4.223E-05        118.501
10           -2.7606689892E+01         8.7171E-01        2.709E-05        118.920
11           -2.7606686421E+01         8.7102E-01        1.674E-05        119.278
12           -2.7606683276E+01         8.7105E-01        1.127E-05        118.597
13           -2.7606679913E+01         8.7083E-01        8.041E-06        119.085
14           -2.7606677212E+01         8.7090E-01        6.370E-06        118.592
15           -2.7606677100E+01         8.7082E-01        4.814E-06        119.072
16           -2.7606676851E+01         8.7065E-01        3.129E-06        119.052
17           -2.7606677339E+01         8.7067E-01        2.301E-06        121.545
18           -2.7606676567E+01         8.7047E-01        3.391E-06        118.314
19           -2.7606676634E+01         8.7051E-01        9.711E-07        118.286
Total number of SCF: 19    

k = [-0.250, -0.250, 0.000]
Occupation of state 217 = 0.000000000000000.
Occupation of state 241 = 0.000000000000000.
Exx outer loop error: 2.3135799261e-03 

No.7 Exx outer loop: 
1            -2.7606689772E+01         8.7861E-01        1.091E-03        123.175
2            -2.7606694345E+01         8.6912E-01        4.195E-04        120.253
3            -2.7606772234E+01         8.8236E-01        2.676E-04        122.958
4            -2.7606753658E+01         8.7867E-01        1.649E-04        118.748
5            -2.7606709051E+01         8.8138E-01        1.394E-04        118.836
6            -2.7606688610E+01         8.7948E-01        1.041E-04        119.478
7            -2.7606680473E+01         8.7293E-01        5.100E-05        119.607
8            -2.7606684168E+01         8.7485E-01        5.118E-05        118.771
9            -2.7606688562E+01         8.7431E-01        4.428E-05        119.658
10           -2.7606688222E+01         8.7268E-01        2.503E-05        119.056
11           -2.7606686960E+01         8.7372E-01        4.295E-05        119.018
12           -2.7606687596E+01         8.7325E-01        2.971E-05        119.530
13           -2.7606686899E+01         8.7447E-01        4.210E-05        119.872
14           -2.7606686403E+01         8.7355E-01        1.584E-05        119.620
15           -2.7606687846E+01         8.7471E-01        2.243E-05        118.906
16           -2.7606687207E+01         8.7491E-01        1.908E-05        118.505
17           -2.7606685718E+01         8.7478E-01        1.178E-05        118.944
18           -2.7606684290E+01         8.7468E-01        4.329E-06        120.270
19           -2.7606683359E+01         8.7464E-01        2.113E-06        118.494
20           -2.7606683147E+01         8.7460E-01        1.463E-06        118.298
21           -2.7606683058E+01         8.7461E-01        1.328E-06        118.930
22           -2.7606682383E+01         8.7452E-01        1.480E-06        118.740
23           -2.7606682336E+01         8.7454E-01        9.680E-07        118.149
Total number of SCF: 23    

k = [-0.250, -0.250, 0.000]
Occupation of state 217 = 0.000000000000000.
Occupation of state 241 = 0.000000000000000.
Exx outer loop error: 2.4273879278e-03 

No.8 Exx outer loop: 
1            -2.7606692843E+01         8.7797E-01        8.114E-04        123.703
2            -2.7606692016E+01         8.7203E-01        3.448E-04        119.550
3            -2.7606795380E+01         8.5125E-01        9.484E-04        118.940
4            -2.7606778756E+01         8.8184E-01        1.813E-04        118.572
5            -2.7606824101E+01         8.6607E-01        6.332E-04        118.661
6            -2.7606799943E+01         8.6509E-01        5.677E-04        118.842
7            -2.7606776274E+01         8.8093E-01        1.312E-04        118.457
8            -2.7606770292E+01         8.7708E-01        6.663E-05        118.771
9            -2.7606762816E+01         8.7118E-01        2.074E-04        119.870
10           -2.7606735369E+01         8.7789E-01        5.103E-05        119.280
11           -2.7606721547E+01         8.7721E-01        2.206E-05        118.671
12           -2.7606709733E+01         8.7613E-01        2.416E-05        118.498
13           -2.7606701711E+01         8.7586E-01        1.912E-05        118.494
14           -2.7606696492E+01         8.7608E-01        7.933E-06        118.575
15           -2.7606691490E+01         8.7609E-01        4.621E-06        121.940
16           -2.7606689614E+01         8.7605E-01        3.377E-06        120.624
17           -2.7606688168E+01         8.7589E-01        4.300E-06        118.641
18           -2.7606687770E+01         8.7600E-01        2.252E-06        119.221
19           -2.7606686521E+01         8.7598E-01        1.331E-06        119.258
20           -2.7606685774E+01         8.7596E-01        1.019E-06        118.528
21           -2.7606685495E+01         8.7595E-01        8.055E-07        118.455
Total number of SCF: 21    

k = [-0.250, -0.250, 0.000]
Occupation of state 217 = 0.000000000000000.
Occupation of state 241 = 0.000000000000000.
Exx outer loop error: 1.3333469534e-03 

No.9 Exx outer loop: 
1            -2.7606692805E+01         8.7774E-01        5.653E-04        122.676
2            -2.7606691900E+01         8.7473E-01        2.634E-04        119.851
3            -2.7606739410E+01         8.7303E-01        1.420E-04        118.990
4            -2.7606722537E+01         8.7777E-01        1.102E-04        118.308
5            -2.7606730256E+01         8.7865E-01        5.527E-05        118.866
6            -2.7606729576E+01         8.7811E-01        4.120E-05        118.074
7            -2.7606705591E+01         8.7765E-01        2.741E-05        119.421
8            -2.7606688207E+01         8.7730E-01        1.960E-05        118.171
9            -2.7606687036E+01         8.7721E-01        1.727E-05        118.363
10           -2.7606692036E+01         8.7715E-01        1.487E-05        118.857
11           -2.7606690489E+01         8.7722E-01        1.082E-05        118.326
12           -2.7606691063E+01         8.7712E-01        8.274E-06        118.449
13           -2.7606689813E+01         8.7684E-01        9.044E-06        118.548
14           -2.7606690107E+01         8.7682E-01        4.809E-06        119.058
15           -2.7606687887E+01         8.7662E-01        5.456E-06        120.310
16           -2.7606687067E+01         8.7664E-01        2.458E-06        117.907
17           -2.7606686537E+01         8.7664E-01        1.722E-06        118.098
18           -2.7606687286E+01         8.7662E-01        1.139E-06        118.567
19           -2.7606687619E+01         8.7662E-01        7.659E-07        117.015
Total number of SCF: 19    

k = [-0.250, -0.250, 0.000]
Occupation of state 217 = 0.000000000000000.
Occupation of state 241 = 0.000000000000000.
Exx outer loop error: 4.9947583591e-04 

No.10 Exx outer loop: 
1            -2.7606692609E+01         8.7820E-01        3.755E-04        125.333
2            -2.7606692863E+01         8.7691E-01        1.864E-04        120.641
3            -2.7606740465E+01         8.7237E-01        2.997E-04        119.150
4            -2.7606777518E+01         8.7802E-01        1.181E-04        119.887
5            -2.7606734591E+01         8.7949E-01        1.161E-04        118.184
6            -2.7606716968E+01         8.7674E-01        6.511E-05        118.910
7            -2.7606711495E+01         8.7804E-01        2.584E-05        118.752
8            -2.7606701379E+01         8.7687E-01        3.761E-05        119.360
9            -2.7606699526E+01         8.7749E-01        1.487E-05        119.353
10           -2.7606693041E+01         8.7739E-01        1.192E-05        118.176
11           -2.7606690571E+01         8.7743E-01        9.988E-06        119.128
12           -2.7606689357E+01         8.7746E-01        4.581E-06        118.757
13           -2.7606688890E+01         8.7754E-01        3.222E-06        118.565
14           -2.7606689484E+01         8.7747E-01        5.814E-06        119.036
15           -2.7606690025E+01         8.7759E-01        1.703E-06        118.491
16           -2.7606689853E+01         8.7756E-01        1.203E-06        119.579
17           -2.7606689797E+01         8.7757E-01        1.121E-06        119.711
18           -2.7606689765E+01         8.7758E-01        8.438E-07        118.225
Total number of SCF: 18    

k = [-0.250, -0.250, 0.000]
Occupation of state 217 = 0.000000000000000.
Occupation of state 241 = 0.000000000000000.
Exx outer loop error: 1.1297796000e-03 

No.11 Exx outer loop: 
1            -2.7606693152E+01         8.7982E-01        2.431E-04        121.981
2            -2.7606693404E+01         8.7844E-01        1.250E-04        118.552
3            -2.7606703329E+01         8.7810E-01        8.176E-05        118.965
4            -2.7606702666E+01         8.7915E-01        2.623E-05        119.678
5            -2.7606700802E+01         8.7962E-01        1.144E-05        118.567
6            -2.7606698900E+01         8.7945E-01        8.603E-06        119.070
7            -2.7606696657E+01         8.7927E-01        6.840E-06        118.101
8            -2.7606695241E+01         8.7924E-01        5.150E-06        118.985
9            -2.7606693001E+01         8.7921E-01        3.307E-06        118.097
10           -2.7606691364E+01         8.7919E-01        1.931E-06        118.913
11           -2.7606690697E+01         8.7922E-01        1.796E-06        118.710
12           -2.7606690229E+01         8.7921E-01        1.048E-06        118.499
13           -2.7606690089E+01         8.7920E-01        7.819E-07        117.840
Total number of SCF: 13    

k = [-0.250, -0.250, 0.000]
Occupation of state 217 = 0.000000000000000.
Occupation of state 241 = 0.000000000000000.
Exx outer loop error: 1.2508664780e-04 

No.12 Exx outer loop: 
1            -2.7606692039E+01         8.8175E-01        1.533E-04        123.009
2            -2.7606692724E+01         8.8072E-01        8.342E-05        118.002
3            -2.7606698982E+01         8.8180E-01        5.701E-05        119.564
4            -2.7606691410E+01         8.8159E-01        1.340E-05        118.469
5            -2.7606693120E+01         8.8198E-01        1.091E-05        118.321
6            -2.7606691468E+01         8.8167E-01        1.237E-05        119.375
7            -2.7606690804E+01         8.8166E-01        7.371E-06        118.348
8            -2.7606689589E+01         8.8158E-01        4.629E-06        118.272
9            -2.7606690028E+01         8.8149E-01        4.695E-06        119.077
10           -2.7606690380E+01         8.8144E-01        2.428E-06        118.353
11           -2.7606691071E+01         8.8141E-01        1.424E-06        120.076
12           -2.7606691073E+01         8.8140E-01        1.075E-06        121.269
13           -2.7606690742E+01         8.8135E-01        1.788E-06        118.237
14           -2.7606690822E+01         8.8139E-01        7.913E-07        119.005
Total number of SCF: 14    

k = [-0.250, -0.250, 0.000]
Occupation of state 217 = 0.000000000000000.
Occupation of state 241 = 0.000000000000000.
Exx outer loop error: 1.6562105396e-04 

No.13 Exx outer loop: 
1            -2.7606691976E+01         8.8347E-01        9.342E-05        122.331
2            -2.7606693085E+01         8.8358E-01        5.924E-05        118.984
3            -2.7606696719E+01         8.8352E-01        3.857E-05        120.469
4            -2.7606696456E+01         8.8392E-01        1.196E-05        117.767
5            -2.7606695512E+01         8.8382E-01        1.818E-05        119.536
6            -2.7606696828E+01         8.8381E-01        9.644E-06        117.066
7            -2.7606696227E+01         8.8397E-01        4.932E-06        118.211
8            -2.7606693676E+01         8.8394E-01        4.324E-06        118.758
9            -2.7606692224E+01         8.8386E-01        3.080E-06        118.977
10           -2.7606691594E+01         8.8383E-01        1.146E-06        118.967
11           -2.7606691259E+01         8.8380E-01        7.644E-07        118.561
Total number of SCF: 11    

k = [-0.250, -0.250, 0.000]
Occupation of state 217 = 0.000000000000000.
Occupation of state 241 = 0.000000000000000.
Exx outer loop error: 1.7934765112e-04 

No.14 Exx outer loop: 
1            -2.7606691772E+01         8.8532E-01        6.230E-05        122.452
2            -2.7606692983E+01         8.8630E-01        4.994E-05        118.353
3            -2.7606690891E+01         8.8616E-01        9.688E-06        118.828
4            -2.7606691007E+01         8.8601E-01        6.255E-06        118.292
5            -2.7606690605E+01         8.8609E-01        2.998E-06        118.282
6            -2.7606690848E+01         8.8610E-01        1.953E-06        118.366
7            -2.7606691253E+01         8.8614E-01        9.217E-07        118.405
Total number of SCF: 7     

k = [-0.250, -0.250, 0.000]
Occupation of state 217 = 0.000000000000000.
Occupation of state 241 = 0.000000000000000.
Exx outer loop error: 1.4363801254e-04 

No.15 Exx outer loop: 
1            -2.7606692113E+01         8.8857E-01        5.313E-05        123.111
2            -2.7606692464E+01         8.8763E-01        3.933E-05        118.965
3            -2.7606693681E+01         8.8843E-01        6.726E-06        118.613
4            -2.7606692916E+01         8.8849E-01        3.966E-06        118.583
5            -2.7606692974E+01         8.8851E-01        3.019E-06        118.564
6            -2.7606692524E+01         8.8850E-01        2.991E-06        118.702
7            -2.7606691739E+01         8.8847E-01        2.162E-06        118.001
8            -2.7606691037E+01         8.8844E-01        1.857E-06        118.568
9            -2.7606690883E+01         8.8847E-01        7.790E-07        118.443
Total number of SCF: 9     

k = [-0.250, -0.250, 0.000]
Occupation of state 217 = 0.000000000000000.
Occupation of state 241 = 0.000000000000000.
Exx outer loop error: 1.7852364837e-04 

No.16 Exx outer loop: 
1            -2.7606690608E+01         8.8924E-01        4.847E-05        123.282
2            -2.7606692282E+01         8.9087E-01        4.842E-05        118.839
3            -2.7606690959E+01         8.9128E-01        3.107E-05        119.256
4            -2.7606692271E+01         8.9090E-01        6.560E-06        118.250
5            -2.7606690990E+01         8.9052E-01        6.216E-06        118.692
6            -2.7606691186E+01         8.9048E-01        4.599E-06        118.619
7            -2.7606690902E+01         8.9045E-01        3.402E-06        119.485
8            -2.7606691021E+01         8.9044E-01        2.546E-06        118.584
9            -2.7606690977E+01         8.9045E-01        1.469E-06        118.935
10           -2.7606691088E+01         8.9045E-01        4.043E-07        118.112
Total number of SCF: 10    

k = [-0.250, -0.250, 0.000]
Occupation of state 217 = 0.000000000000000.
Occupation of state 241 = 0.000000000000000.
Exx outer loop error: 2.8313006603e-05 
====================================================================
                    Energy and force calculation                    
====================================================================
Free energy per atom               : -2.7606690934E+01 (Ha/atom)
Total free energy                  : -1.4631546195E+03 (Ha)
Band structure energy              : -3.7473961917E+02 (Ha)
Exchange correlation energy        : -1.6772228941E+02 (Ha)
Self and correction energy         : -1.9330896822E+03 (Ha)
Entropy*kb*T                       : -2.6485416792E-03 (Ha)
Fermi level                        : -1.6617726053E-01 (Ha)
RMS force                          :  1.9052644130E-02 (Ha/Bohr)
Maximum force                      :  1.0482648798E-01 (Ha/Bohr)
Time for force calculation         :  1.683 (sec)
***************************************************************************
                               Timing info                                 
***************************************************************************
Total walltime                     :  146345.885 sec
___________________________________________________________________________

***************************************************************************
*             Material Physics & Mechanics Group, Georgia Tech            *
*                       PI: Phanish Suryanarayana                         *
*                Main Developers: Qimen Xu, Abhiraj Sharma                *
*     Collaborators: J.E. Pask (LLNL), A.J. Medford (GT), E. Chow (GT)    *
*  Acknowledgements: U.S. DOE (DE-SC0019410); U.S. NSF (1333500,1553212)  *
***************************************************************************
                                                                           
