                Step[ FC]     Time          Energy          fmax
*Force-consistent energies used in optimization.
BFGSLineSearch:    0[  0] 14:50:50   -40438.141083*       4.2989
BFGSLineSearch:    1[  2] 15:07:23   -40438.859713*       7.9711
BFGSLineSearch:    2[  3] 15:15:14   -40441.055391*       9.1613
BFGSLineSearch:    3[  4] 15:21:21   -40441.870124*       8.3246
BFGSLineSearch:    4[  5] 15:27:38   -40443.668350*       6.6051
BFGSLineSearch:    5[  7] 15:41:27   -40444.202008*       4.8878
BFGSLineSearch:    6[  9] 15:58:56   -40445.046989*       1.5582
BFGSLineSearch:    7[ 11] 16:13:56   -40445.282156*       2.2530
BFGSLineSearch:    8[ 13] 16:30:36   -40445.657906*       3.1784
BFGSLineSearch:    9[ 15] 16:45:57   -40445.795812*       3.7605
BFGSLineSearch:   10[ 17] 17:01:17   -40445.977904*       3.3172
BFGSLineSearch:   11[ 19] 17:14:47   -40446.111488*       1.5545
BFGSLineSearch:   12[ 21] 17:28:41   -40446.190173*       0.6329
BFGSLineSearch:   13[ 23] 17:41:56   -40446.256065*       0.7408
BFGSLineSearch:   14[ 25] 17:55:21   -40446.314688*       1.8459
BFGSLineSearch:   15[ 27] 18:08:08   -40446.357292*       0.7161
BFGSLineSearch:   16[ 28] 18:14:39   -40446.392945*       0.7173
BFGSLineSearch:   17[ 30] 18:26:34   -40446.434383*       1.4595
BFGSLineSearch:   18[ 32] 18:38:49   -40446.475709*       0.7397
BFGSLineSearch:   19[ 34] 18:52:54   -40446.504554*       0.4872
                Step[ FC]     Time          Energy          fmax
*Force-consistent energies used in optimization.
BFGSLineSearch:    0[  0] 19:19:38   -40446.504563*       0.4863
BFGSLineSearch:    1[  2] 19:30:59   -40446.520952*       0.3891
BFGSLineSearch:    2[  4] 19:43:52   -40446.583948*       0.6023
BFGSLineSearch:    3[  6] 19:56:47   -40446.611136*       1.1229
BFGSLineSearch:    4[  8] 20:09:43   -40446.642482*       1.0191
BFGSLineSearch:    5[ 10] 20:22:40   -40446.670570*       1.1180
BFGSLineSearch:    6[ 11] 20:30:24   -40446.702060*       0.4527
BFGSLineSearch:    7[ 13] 20:41:23   -40446.720990*       0.5884
BFGSLineSearch:    8[ 14] 20:47:15   -40446.735301*       0.4766
BFGSLineSearch:    9[ 15] 20:53:08   -40446.749718*       0.5269
BFGSLineSearch:   10[ 16] 20:59:34   -40446.755561*       0.4418
BFGSLineSearch:   11[ 18] 21:09:08   -40446.760011*       0.2802
BFGSLineSearch:   12[ 19] 21:14:07   -40446.762525*       0.1559
BFGSLineSearch:   13[ 20] 21:18:54   -40446.764740*       0.2762
BFGSLineSearch:   14[ 21] 21:23:09   -40446.767311*       0.1248
BFGSLineSearch:   15[ 22] 21:27:31   -40446.768959*       0.2622
BFGSLineSearch:   16[ 23] 21:31:43   -40446.770645*       0.2161
BFGSLineSearch:   17[ 24] 21:36:35   -40446.772317*       0.0924
BFGSLineSearch:   18[ 25] 21:41:16   -40446.774888*       0.1312
BFGSLineSearch:   19[ 26] 21:48:20   -40446.777610*       0.2156
BFGSLineSearch:   20[ 27] 21:53:39   -40446.782019*       0.2087
BFGSLineSearch:   21[ 28] 21:59:29   -40446.786651*       0.1474
BFGSLineSearch:   22[ 30] 22:15:18   -40446.789131*       0.4135
BFGSLineSearch:   23[ 32] 22:25:48   -40446.791538*       0.0904
BFGSLineSearch:   24[ 33] 22:30:18   -40446.794603*       0.1676
BFGSLineSearch:   25[ 34] 22:35:29   -40446.796801*       0.3248
BFGSLineSearch:   26[ 36] 22:46:01   -40446.798619*       0.5363
BFGSLineSearch:   27[ 37] 22:51:28   -40446.802076*       0.0636
BFGSLineSearch:   28[ 40] 23:10:44   -40446.805212*       0.2758
BFGSLineSearch:   29[ 41] 23:17:59   -40446.810530*       0.1883
                Step[ FC]     Time          Energy          fmax
*Force-consistent energies used in optimization.
BFGSLineSearch:    0[  0] 23:51:03   -40446.810543*       0.1886
BFGSLineSearch:    1[  1] 00:00:43   -40446.812395*       0.2713
BFGSLineSearch:    2[  3] 00:18:03   -40446.814591*       0.4970
BFGSLineSearch:    3[  5] 00:35:58   -40446.817607*       0.0972
BFGSLineSearch:    4[  6] 00:45:06   -40446.820390*       0.2094
BFGSLineSearch:    5[  8] 01:09:29   -40446.824162*       0.2609
BFGSLineSearch:    6[ 11] 01:41:05   -40446.831081*       0.4867
BFGSLineSearch:    7[ 12] 01:52:21   -40446.839379*       0.5334
BFGSLineSearch:    8[ 13] 02:01:37   -40446.847183*       0.2515
BFGSLineSearch:    9[ 14] 02:16:40   -40446.856068*       0.4143
BFGSLineSearch:   10[ 15] 02:26:09   -40446.870334*       0.1939
BFGSLineSearch:   11[ 16] 02:36:44   -40446.891037*       0.4353
BFGSLineSearch:   12[ 17] 02:47:14   -40446.914064*       0.3503
BFGSLineSearch:   13[ 18] 02:59:20   -40446.934645*       0.8137
BFGSLineSearch:   14[ 20] 03:19:28   -40446.963327*       0.4219
BFGSLineSearch:   15[ 21] 03:31:10   -40446.991725*       0.3838
BFGSLineSearch:   16[ 22] 03:44:47   -40447.015613*       0.6118
BFGSLineSearch:   17[ 23] 03:55:16   -40447.040649*       0.4663
BFGSLineSearch:   18[ 24] 04:06:30   -40447.059823*       0.4726
BFGSLineSearch:   19[ 26] 04:28:28   -40447.078522*       0.3968
                Step[ FC]     Time          Energy          fmax
*Force-consistent energies used in optimization.
BFGSLineSearch:    0[  0] 09:16:31   -40447.078528*       0.3964
BFGSLineSearch:    1[  2] 09:36:33   -40447.088086*       0.2827
BFGSLineSearch:    2[  3] 09:47:05   -40447.107072*       0.5203
BFGSLineSearch:    3[  5] 10:10:17   -40447.127586*       0.3514
BFGSLineSearch:    4[  6] 10:21:22   -40447.144906*       0.7728
BFGSLineSearch:    5[  7] 10:33:57   -40447.161258*       0.2934
BFGSLineSearch:    6[  8] 10:43:55   -40447.175123*       0.2543
BFGSLineSearch:    7[  9] 10:56:16   -40447.188441*       0.2137
BFGSLineSearch:    8[ 10] 11:05:53   -40447.195173*       0.1902
BFGSLineSearch:    9[ 11] 11:14:29   -40447.201021*       0.1662
BFGSLineSearch:   10[ 12] 11:23:49   -40447.204696*       0.2385
BFGSLineSearch:   11[ 13] 11:32:59   -40447.210043*       0.1251
BFGSLineSearch:   12[ 14] 11:41:30   -40447.215433*       0.1470
BFGSLineSearch:   13[ 17] 12:10:11   -40447.220221*       0.1295
BFGSLineSearch:   14[ 18] 12:19:20   -40447.224847*       0.2970
BFGSLineSearch:   15[ 20] 12:37:55   -40447.226953*       0.4733
BFGSLineSearch:   16[ 21] 12:47:31   -40447.232608*       0.2408
BFGSLineSearch:   17[ 24] 13:26:24   -40447.243068*       0.4607
BFGSLineSearch:   18[ 25] 13:38:15   -40447.249172*       0.4011
BFGSLineSearch:   19[ 26] 13:50:06   -40447.257604*       0.3879
BFGSLineSearch:   20[ 27] 14:03:18   -40447.264850*       0.3645
                Step[ FC]     Time          Energy          fmax
*Force-consistent energies used in optimization.
BFGSLineSearch:    0[  0] 10:17:46   -40447.264850*       0.3630
BFGSLineSearch:    1[  2] 10:46:21   -40447.272337*       0.2404
BFGSLineSearch:    2[  5] 11:18:30   -40447.283155*       0.1941
BFGSLineSearch:    3[  6] 11:28:40   -40447.289781*       0.2905
BFGSLineSearch:    4[  8] 11:52:35   -40447.292118*       0.3309
BFGSLineSearch:    5[  9] 12:03:57   -40447.296944*       0.1839
BFGSLineSearch:    6[ 12] 12:37:06   -40447.301681*       0.2692
BFGSLineSearch:    7[ 13] 12:46:18   -40447.306098*       0.2246
BFGSLineSearch:    8[ 15] 13:06:24   -40447.309063*       0.1920
BFGSLineSearch:    9[ 16] 13:17:02   -40447.312927*       0.1525
BFGSLineSearch:   10[ 17] 13:26:59   -40447.316899*       0.1065
BFGSLineSearch:   11[ 19] 13:46:20   -40447.320245*       0.0970
BFGSLineSearch:   12[ 21] 14:05:26   -40447.325335*       0.2430
BFGSLineSearch:   13[ 22] 14:15:41   -40447.329320*       0.1544
BFGSLineSearch:   14[ 23] 14:26:50   -40447.332719*       0.1068
BFGSLineSearch:   15[ 24] 14:37:05   -40447.336614*       0.1742
BFGSLineSearch:   16[ 25] 14:48:19   -40447.341287*       0.1899
BFGSLineSearch:   17[ 27] 15:10:58   -40447.344844*       0.1851
BFGSLineSearch:   18[ 28] 15:19:48   -40447.345989*       0.1139
BFGSLineSearch:   19[ 29] 15:28:52   -40447.346815*       0.1706
                Step[ FC]     Time          Energy          fmax
*Force-consistent energies used in optimization.
BFGSLineSearch:    0[  0] 17:09:47   -40447.346808*       0.1705
BFGSLineSearch:    1[  1] 17:17:29   -40447.348012*       0.1276
BFGSLineSearch:    2[  3] 17:39:31   -40447.349111*       0.2456
BFGSLineSearch:    3[  5] 17:57:37   -40447.352963*       0.1221
BFGSLineSearch:    4[  8] 18:29:34   -40447.356418*       0.4701
BFGSLineSearch:    5[  9] 18:38:30   -40447.360586*       0.5240
BFGSLineSearch:    6[ 10] 18:48:40   -40447.369276*       0.3078
BFGSLineSearch:    7[ 11] 18:59:17   -40447.374514*       0.6567
BFGSLineSearch:    8[ 12] 19:07:33   -40447.389071*       0.8136
BFGSLineSearch:    9[ 13] 19:17:55   -40447.407110*       1.2689
BFGSLineSearch:   10[ 15] 19:40:21   -40447.418678*       0.3822
BFGSLineSearch:   11[ 16] 19:51:35   -40447.436705*       0.3524
BFGSLineSearch:   12[ 17] 20:03:11   -40447.450020*       0.2871
BFGSLineSearch:   13[ 18] 20:17:12   -40447.455693*       0.8406
BFGSLineSearch:   14[ 19] 20:27:41   -40447.461401*       0.5051
BFGSLineSearch:   15[ 20] 20:37:34   -40447.469251*       0.3872
BFGSLineSearch:   16[ 21] 20:48:13   -40447.474287*       0.1535
BFGSLineSearch:   17[ 22] 20:57:51   -40447.478965*       0.2845
BFGSLineSearch:   18[ 24] 21:20:05   -40447.480865*       0.4780
BFGSLineSearch:   19[ 25] 21:29:13   -40447.485424*       0.1506
                Step[ FC]     Time          Energy          fmax
*Force-consistent energies used in optimization.
BFGSLineSearch:    0[  0] 09:44:34   -40447.485416*       0.1505
BFGSLineSearch:    1[  3] 10:16:15   -40447.489428*       0.3512
BFGSLineSearch:    2[  6] 10:53:33   -40447.493564*       0.1435
BFGSLineSearch:    3[  7] 11:02:45   -40447.495589*       0.1240
BFGSLineSearch:    4[  8] 11:13:12   -40447.498763*       0.1939
BFGSLineSearch:    5[ 10] 11:32:42   -40447.500168*       0.1989
BFGSLineSearch:    6[ 11] 11:41:31   -40447.506427*       0.2901
BFGSLineSearch:    7[ 12] 11:50:52   -40447.510429*       0.1728
BFGSLineSearch:    8[ 13] 12:00:26   -40447.513722*       0.2623
BFGSLineSearch:    9[ 14] 12:10:05   -40447.517372*       0.1816
BFGSLineSearch:   10[ 15] 12:20:57   -40447.519284*       0.1327
BFGSLineSearch:   11[ 16] 12:30:07   -40447.520865*       0.0778
BFGSLineSearch:   12[ 19] 12:54:46   -40447.521082*       0.0712
BFGSLineSearch:   13[ 20] 13:04:00   -40447.521830*       0.0670
BFGSLineSearch:   14[ 21] 13:13:06   -40447.522393*       0.0908
BFGSLineSearch:   15[ 22] 13:22:14   -40447.522938*       0.0788
BFGSLineSearch:   16[ 33] 14:15:57   -40447.522942*       0.0928
