                Step[ FC]     Time          Energy          fmax
*Force-consistent energies used in optimization.
BFGSLineSearch:    0[  0] 14:50:16   -40436.659908*      11.6464
BFGSLineSearch:    1[  1] 14:59:58   -40440.315822*       7.7192
BFGSLineSearch:    2[  3] 15:13:24   -40441.710768*       3.4882
BFGSLineSearch:    3[  4] 15:19:30   -40442.980506*       5.8183
BFGSLineSearch:    4[  5] 15:26:34   -40443.431266*       3.7673
BFGSLineSearch:    5[  7] 15:41:21   -40443.778371*       4.0188
BFGSLineSearch:    6[  9] 15:56:02   -40444.161345*       5.6929
BFGSLineSearch:    7[ 10] 16:02:21   -40444.684638*       4.8916
BFGSLineSearch:    8[ 11] 16:10:57   -40445.118677*       3.0330
BFGSLineSearch:    9[ 13] 16:26:20   -40445.523614*       2.3956
BFGSLineSearch:   10[ 15] 16:42:54   -40445.762765*       1.5942
BFGSLineSearch:   11[ 16] 16:50:43   -40446.080890*       1.0491
BFGSLineSearch:   12[ 17] 16:57:39   -40446.323133*       1.1851
BFGSLineSearch:   13[ 18] 17:05:42   -40446.525443*       1.3354
BFGSLineSearch:   14[ 19] 17:12:20   -40446.659620*       1.7814
BFGSLineSearch:   15[ 20] 17:18:50   -40446.790125*       0.9934
BFGSLineSearch:   16[ 21] 17:24:58   -40446.888719*       0.5751
BFGSLineSearch:   17[ 23] 17:38:25   -40446.935733*       0.4806
BFGSLineSearch:   18[ 24] 17:46:21   -40446.982119*       0.5718
BFGSLineSearch:   19[ 25] 17:54:35   -40447.027364*       0.2997
BFGSLineSearch:   20[ 26] 18:03:05   -40447.049171*       0.4678
BFGSLineSearch:   21[ 27] 18:09:30   -40447.072837*       0.3733
BFGSLineSearch:   22[ 29] 18:25:33   -40447.084791*       0.2759
BFGSLineSearch:   23[ 30] 18:32:29   -40447.095639*       0.3651
BFGSLineSearch:   24[ 31] 18:38:47   -40447.103497*       0.5856
                Step[ FC]     Time          Energy          fmax
*Force-consistent energies used in optimization.
BFGSLineSearch:    0[  0] 21:16:01   -40447.103547*       0.5819
BFGSLineSearch:    1[  2] 21:28:43   -40447.107932*       0.2394
BFGSLineSearch:    2[  3] 21:37:28   -40447.110863*       0.3020
BFGSLineSearch:    3[  4] 21:44:24   -40447.117538*       0.1104
BFGSLineSearch:    4[  5] 21:52:14   -40447.121140*       0.1076
BFGSLineSearch:    5[  6] 21:58:35   -40447.125145*       0.1156
BFGSLineSearch:    6[  7] 22:04:42   -40447.129427*       0.2423
BFGSLineSearch:    7[  8] 22:11:19   -40447.133907*       0.2287
BFGSLineSearch:    8[  9] 22:19:00   -40447.138496*       0.1445
BFGSLineSearch:    9[ 10] 22:26:38   -40447.143878*       0.1399
BFGSLineSearch:   10[ 11] 22:34:18   -40447.149534*       0.1345
BFGSLineSearch:   11[ 12] 22:42:08   -40447.154796*       0.2549
BFGSLineSearch:   12[ 13] 22:48:18   -40447.161494*       0.2088
BFGSLineSearch:   13[ 15] 23:02:54   -40447.167449*       0.1146
BFGSLineSearch:   14[ 16] 23:12:38   -40447.170248*       0.1744
BFGSLineSearch:   15[ 17] 23:19:48   -40447.173230*       0.1445
BFGSLineSearch:   16[ 18] 23:26:57   -40447.176672*       0.2806
BFGSLineSearch:   17[ 20] 23:41:47   -40447.179611*       0.2633
BFGSLineSearch:   18[ 21] 23:48:51   -40447.183177*       0.1848
BFGSLineSearch:   19[ 22] 23:55:24   -40447.188360*       0.3216
BFGSLineSearch:   20[ 23] 00:01:53   -40447.198587*       0.2833
BFGSLineSearch:   21[ 24] 00:09:29   -40447.209694*       0.6268
BFGSLineSearch:   22[ 25] 00:18:00   -40447.221553*       0.4061
BFGSLineSearch:   23[ 26] 00:26:35   -40447.231093*       0.3000
BFGSLineSearch:   24[ 28] 00:41:34   -40447.240506*       0.3498
BFGSLineSearch:   25[ 30] 00:55:19   -40447.248597*       0.3587
BFGSLineSearch:   26[ 31] 01:06:28   -40447.262824*       0.4182
BFGSLineSearch:   27[ 32] 01:15:28   -40447.278214*       0.4180
BFGSLineSearch:   28[ 33] 01:22:09   -40447.290494*       0.2362
BFGSLineSearch:   29[ 34] 01:30:07   -40447.298378*       0.5909
BFGSLineSearch:   30[ 35] 01:36:49   -40447.307624*       0.2452
                Step[ FC]     Time          Energy          fmax
*Force-consistent energies used in optimization.
BFGSLineSearch:    0[  0] 09:20:08   -40447.307579*       0.2410
BFGSLineSearch:    1[  2] 09:43:45   -40447.311557*       0.4403
BFGSLineSearch:    2[  3] 09:54:49   -40447.316569*       0.2288
BFGSLineSearch:    3[  6] 10:31:52   -40447.327622*       0.4729
BFGSLineSearch:    4[  7] 10:44:31   -40447.335240*       0.5823
BFGSLineSearch:    5[  8] 10:56:48   -40447.348607*       0.4673
BFGSLineSearch:    6[  9] 11:09:22   -40447.363008*       0.3689
BFGSLineSearch:    7[ 10] 11:21:39   -40447.372560*       1.1009
BFGSLineSearch:    8[ 11] 11:34:31   -40447.387250*       0.2815
BFGSLineSearch:    9[ 12] 11:44:55   -40447.398224*       0.3094
BFGSLineSearch:   10[ 13] 11:56:33   -40447.408143*       0.3112
BFGSLineSearch:   11[ 15] 12:23:57   -40447.414783*       0.4836
BFGSLineSearch:   12[ 16] 12:39:00   -40447.426783*       0.4079
BFGSLineSearch:   13[ 17] 12:51:56   -40447.437817*       0.4754
BFGSLineSearch:   14[ 18] 13:02:45   -40447.451244*       0.3214
BFGSLineSearch:   15[ 19] 13:15:07   -40447.461483*       0.3510
BFGSLineSearch:   16[ 20] 13:27:04   -40447.471561*       0.3111
BFGSLineSearch:   17[ 21] 13:37:55   -40447.481412*       0.7442
BFGSLineSearch:   18[ 22] 13:50:36   -40447.491135*       0.1600
BFGSLineSearch:   19[ 23] 14:03:10   -40447.497427*       0.1359
BFGSLineSearch:   20[ 24] 14:21:33   -40447.501638*       0.1159
                Step[ FC]     Time          Energy          fmax
*Force-consistent energies used in optimization.
BFGSLineSearch:    0[  0] 10:18:23   -40447.501635*       0.1157
BFGSLineSearch:    1[  1] 10:28:25   -40447.503628*       0.1333
BFGSLineSearch:    2[  2] 10:37:05   -40447.505816*       0.1132
BFGSLineSearch:    3[  4] 10:54:28   -40447.507256*       0.1577
BFGSLineSearch:    4[  5] 11:05:25   -40447.509129*       0.2218
BFGSLineSearch:    5[  6] 11:13:54   -40447.510471*       0.1541
BFGSLineSearch:    6[  7] 11:22:24   -40447.511951*       0.0895
BFGSLineSearch:    7[ 21] 12:20:37   -40447.512080*       0.0828
BFGSLineSearch:    8[ 22] 12:28:38   -40447.513876*       0.1666
BFGSLineSearch:    9[ 23] 12:38:42   -40447.515666*       0.2769
BFGSLineSearch:   10[ 24] 12:48:27   -40447.518141*       0.1639
BFGSLineSearch:   11[ 25] 13:01:08   -40447.520399*       0.2790
BFGSLineSearch:   12[ 26] 13:11:02   -40447.524236*       0.0946
BFGSLineSearch:   13[ 27] 13:21:13   -40447.525553*       0.1378
BFGSLineSearch:   14[ 28] 13:29:12   -40447.526847*       0.1181
BFGSLineSearch:   15[ 29] 13:39:18   -40447.528346*       0.2400
BFGSLineSearch:   16[ 30] 13:48:34   -40447.529434*       0.2647
BFGSLineSearch:   17[ 31] 13:58:42   -40447.531035*       0.1348
BFGSLineSearch:   18[ 32] 14:06:18   -40447.532319*       0.0667
BFGSLineSearch:   19[ 33] 14:13:50   -40447.534280*       0.1221
BFGSLineSearch:   20[ 34] 14:23:40   -40447.536700*       0.1509
BFGSLineSearch:   21[ 35] 14:33:58   -40447.539703*       0.2107
BFGSLineSearch:   22[ 36] 14:43:21   -40447.542935*       0.0762
                Step[ FC]     Time          Energy          fmax
*Force-consistent energies used in optimization.
BFGSLineSearch:    0[  0] 17:05:44   -40447.542932*       0.0793
BFGSLineSearch:    1[  1] 17:14:06   -40447.544708*       0.1672
BFGSLineSearch:    2[  2] 17:22:54   -40447.547405*       0.1003
BFGSLineSearch:    3[  3] 17:32:30   -40447.548867*       0.1618
BFGSLineSearch:    4[  5] 17:48:46   -40447.549967*       0.0773
BFGSLineSearch:    5[  6] 17:56:36   -40447.550840*       0.1939
BFGSLineSearch:    6[  9] 18:23:15   -40447.551789*       0.1241
BFGSLineSearch:    7[ 10] 18:32:47   -40447.552384*       0.1311
BFGSLineSearch:    8[ 11] 18:41:49   -40447.552842*       0.1143
BFGSLineSearch:    9[ 12] 18:50:17   -40447.553142*       0.1230
BFGSLineSearch:   10[ 29] 20:02:01   -40447.553340*       0.1530
BFGSLineSearch:   11[ 30] 20:08:59   -40447.553634*       0.0975
BFGSLineSearch:   12[ 33] 20:35:03   -40447.553717*       0.0785
BFGSLineSearch:   13[ 34] 20:43:25   -40447.554001*       0.0559
BFGSLineSearch:   14[ 36] 20:56:36   -40447.554379*       0.1348
BFGSLineSearch:   15[ 39] 21:19:59   -40447.554830*       0.1193
BFGSLineSearch:   16[ 41] 21:34:14   -40447.554950*       0.0580
BFGSLineSearch:   17[ 42] 21:40:29   -40447.555203*       0.0342
