***************************************************************************
*                       SPARC (version Nov 19, 2021)                      *
*   Copyright (c) 2020 Material Physics & Mechanics Group, Georgia Tech   *
*           Distributed under GNU General Public License 3 (GPL)          *
*                   Start time: Tue Dec 14 14:44:54 2021                  *
***************************************************************************
                           Input parameters                                
***************************************************************************
CELL: 12.4338823950489 11.2657846029438 47.5378507412217 
LATVEC:
1.000000000000000 0.000000000000000 0.000000000000000 
-0.000130020950961 0.999999991547276 0.000000000000000 
0.000000000000000 -0.000000000000000 1.000000000000000 
FD_GRID: 66 60 252
FD_ORDER: 12
BC: P P D
KPOINT_GRID: 4 4 1
KPOINT_SHIFT: 0 0 0
SPIN_TYP: 1
ELEC_TEMP_TYPE: Gaussian
SMEARING: 0.007349864435
CHEB_DEGREE: 37
NSTATES: 242
EXCHANGE_CORRELATION: HSE
CALC_STRESS: 0
CALC_PRES: 0
CHEFSI_BOUND_FLAG: 0
MAXIT_SCF: 100
MINIT_SCF: 3
MAXIT_POISSON: 3000
TOL_SCF: 1.00E-06
POISSON_SOLVER: AAR
TOL_POISSON: 1.00E-08
TOL_LANCZOS: 1.00E-02
TOL_PSEUDOCHARGE: 1.00E-08
MIXING_VARIABLE: density
MIXING_PRECOND: kerker
MIXING_PRECOND_MAG: none
TOL_PRECOND: 3.54E-05
PRECOND_KERKER_KTF: 1
PRECOND_KERKER_THRESH: 0.1
MIXING_PARAMETER: 0.3
MIXING_PARAMETER_MAG: 0.3
MIXING_HISTORY: 7
PULAY_FREQUENCY: 1
PULAY_RESTART: 0
REFERENCE_CUTOFF: 0.5
RHO_TRIGGER: 4
FIX_RAND: 0
VERBOSITY: 1
PRINT_FORCES: 1
PRINT_ATOMS: 1
PRINT_EIGEN: 1
PRINT_DENSITY: 0
PRINT_ENERGY_DENSITY: 0
TOL_FOCK: 5.00E-05
TOL_SCF_INIT: 1.00E-04
MAXIT_FOCK: 1000
EXX_METHOD: FOURIER_SPACE
EXX_DIVERGENCE: AUXILIARY
ACE_FLAG: 1
EXX_ACE_MEM: 1
EXX_ACE_VALENCE_STATES: 10000
EXX_DOWNSAMPLING: 1 1 1
EXX_RANGE_FOCK: 0.106000
EXX_RANGE_PBE: 0.106000
OUTPUT_FILE: sprc-calc
***************************************************************************
                                Cell                                       
***************************************************************************
Lattice vectors (Bohr):
12.433882395048860 0.000000000000000 0.000000000000000 
-0.001464788027397 11.265784507717260 0.000000000000000 
0.000000000000000 -0.000000000000000 47.537850741221725 
Volume                  :  6.6589804186E+03 (Bohr^3)
***************************************************************************
                           Parallelization                                 
***************************************************************************
NP_SPIN_PARAL: 2
NP_KPOINT_PARAL: 10
NP_BAND_PARAL: 1
NP_DOMAIN_PARAL: 2 1 8
NP_DOMAIN_PHI_PARAL: 4 4 21
EIG_SERIAL_MAXNS: 1500
***************************************************************************
                             Initialization                                
***************************************************************************
Number of processors               :  336
Mesh spacing in x-direction        :  0.188392 (Bohr)
Mesh spacing in y-direction        :  0.187763 (Bohr)
Mesh spacing in z direction        :  0.188642 (Bohr)
Number of symmetry adapted k-points:  10
Output printed to                  :  sprc-calc.out
Final eigenvalues printed to       :  sprc-calc.eigen
Total number of atom types         :  5
Total number of atoms              :  54
Total number of electrons          :  396
Atom type 1  (valence electrons)   :  C 4
Pseudopotential                    :  C.psp8
Pseudocharge radii of atom type 1  :  6.78 6.76 6.79 (x, y, z dir)
Number of atoms of type 1          :  1
Atom type 2  (valence electrons)   :  H 1
Pseudopotential                    :  H.psp8
Pseudocharge radii of atom type 2  :  3.77 3.76 3.77 (x, y, z dir)
Number of atoms of type 2          :  4
Atom type 3  (valence electrons)   :  N 5
Pseudopotential                    :  N.psp8
Pseudocharge radii of atom type 3  :  6.78 6.76 6.79 (x, y, z dir)
Number of atoms of type 3          :  2
Atom type 4  (valence electrons)   :  O 6
Pseudopotential                    :  O.psp8
Pseudocharge radii of atom type 4  :  6.78 6.76 6.79 (x, y, z dir)
Number of atoms of type 4          :  31
Atom type 5  (valence electrons)   :  Ti 12
Pseudopotential                    :  Ti.psp8
Pseudocharge radii of atom type 5  :  6.78 6.76 6.79 (x, y, z dir)
Number of atoms of type 5          :  16
Estimated total memory usage       :  454.37 GB
Estimated memory per processor     :  1.35 GB
========================================================================================
                    Self Consistent Field (SCF#1)                     
========================================================================================
Iteration     Free Energy (Ha/atom)    Magnetization     SCF Error        Timing (sec)
1            -2.7201776152E+01        -3.9470E+00        4.502E-01        328.647
2            -2.8477314852E+01         1.0211E+01        4.202E-01        83.032
3            -2.7329560953E+01         1.4483E+00        3.594E-01        82.410
4            -2.7525136773E+01        -9.6693E+00        3.162E-01        82.802
5            -2.7382298304E+01         4.6496E+00        1.941E-01        82.905
6            -2.7371878866E+01        -9.3983E-01        1.514E-01        82.570
7            -2.7369702851E+01         3.4011E+00        1.259E-01        82.894
8            -2.7354140305E+01         1.4778E+00        1.045E-01        85.687
9            -2.7350441265E+01         2.7550E+00        8.451E-02        84.149
10           -2.7345081121E+01         1.4041E+00        7.212E-02        83.341
11           -2.7327109279E+01         5.4092E-01        4.787E-02        82.828
12           -2.7325226472E+01         1.2043E+00        4.376E-02        82.582
13           -2.7320512261E+01        -6.5642E-01        4.111E-02        98.883
14           -2.7320156829E+01        -7.6240E-01        3.524E-02        82.768
15           -2.7319855985E+01        -9.9707E-01        3.751E-02        83.158
16           -2.7318576960E+01        -9.8205E-01        3.148E-02        82.554
17           -2.7313595737E+01        -6.2348E-01        2.361E-02        82.723
18           -2.7309618675E+01         7.4846E-02        1.953E-02        87.386
19           -2.7309421229E+01        -5.3514E-01        1.419E-02        82.940
20           -2.7307694553E+01        -5.8245E-01        9.408E-03        82.992
21           -2.7306995521E+01        -3.1621E-01        7.884E-03        83.568
22           -2.7305515961E+01        -5.2046E-01        6.222E-03        82.893
23           -2.7303753989E+01         6.6160E-02        9.432E-03        83.217
24           -2.7302295526E+01        -4.0151E-01        4.818E-03        83.133
25           -2.7301035425E+01        -3.9179E-01        4.042E-03        83.618
26           -2.7299514279E+01        -1.3626E-01        2.710E-03        83.137
27           -2.7298850186E+01        -3.2737E-01        3.280E-03        83.550
28           -2.7298205236E+01        -1.8560E-01        1.251E-03        82.972
29           -2.7298008063E+01        -2.8460E-01        2.167E-03        83.046
30           -2.7297850255E+01        -2.6686E-01        1.579E-03        83.586
31           -2.7297586081E+01        -2.5201E-01        9.384E-04        83.096
32           -2.7297441300E+01        -3.1338E-01        1.458E-03        82.824
33           -2.7297370203E+01        -2.9238E-01        1.002E-03        82.929
34           -2.7297360324E+01        -2.1016E-01        8.221E-04        83.001
35           -2.7297289458E+01        -1.9740E-01        9.593E-04        83.487
36           -2.7297280672E+01        -1.6823E-01        1.296E-03        82.940
37           -2.7297303905E+01        -1.7744E-01        9.520E-04        82.411
38           -2.7297293245E+01        -1.8093E-01        7.686E-04        83.050
39           -2.7297281262E+01        -1.7909E-01        6.171E-04        83.374
40           -2.7297260225E+01        -1.7178E-01        4.747E-04        83.145
41           -2.7297240497E+01        -1.7058E-01        2.060E-04        82.910
42           -2.7297216962E+01        -1.2942E-01        3.773E-04        82.554
43           -2.7297196908E+01        -1.1727E-01        2.668E-04        83.065
44           -2.7297181625E+01        -1.0491E-01        2.501E-04        82.807
45           -2.7297174158E+01        -9.3561E-02        2.064E-04        82.716
46           -2.7297174057E+01        -9.2153E-02        2.039E-04        82.369
47           -2.7297174109E+01        -9.8343E-02        2.200E-04        82.357
48           -2.7297174858E+01        -7.8591E-02        1.652E-04        82.675
49           -2.7297165909E+01        -5.3274E-02        1.416E-04        82.261
50           -2.7297165719E+01        -4.1957E-02        1.400E-04        82.616
51           -2.7297162559E+01        -1.8310E-02        1.383E-04        82.905
52           -2.7297159722E+01         1.2543E-02        1.189E-04        83.177
53           -2.7297153872E+01         1.2494E-01        8.601E-05        82.389
Total number of SCF: 53    

k = [-0.250, -0.250, 0.000]
Occupation of state 218 = 0.000000000060341.
Occupation of state 242 = 0.000000000000000.

No.1 Exx outer loop: 
1            -2.7104200950E+01         3.7602E-01        1.458E-02        136.417
2            -2.7096660192E+01         5.0638E-01        1.359E-02        132.318
3            -2.7098707595E+01         1.6291E+00        1.288E-02        132.620
4            -2.7101710786E+01         1.9587E+00        2.144E-02        132.339
5            -2.7101808689E+01         1.9774E+00        4.304E-02        132.964
6            -2.7101779207E+01         1.9923E+00        4.255E-02        132.265
7            -2.7104457933E+01         1.8591E+00        5.863E-02        132.324
8            -2.7101204379E+01         1.6355E+00        1.825E-02        132.565
9            -2.7105960438E+01         1.5464E+00        1.055E-02        133.698
10           -2.7106696393E+01         1.0361E+00        1.195E-02        131.561
11           -2.7106833203E+01         1.0043E+00        8.484E-03        132.069
12           -2.7106811038E+01         4.4688E-01        8.210E-03        131.819
13           -2.7106295450E+01         6.6418E-02        9.645E-03        132.033
14           -2.7106289379E+01         1.2830E-01        9.227E-03        131.845
15           -2.7106419720E+01        -2.1373E-01        1.280E-02        131.682
16           -2.7106390164E+01        -1.4233E-01        1.209E-02        132.486
17           -2.7106187167E+01        -6.5178E-02        9.384E-03        131.921
18           -2.7106565506E+01        -6.9076E-02        8.357E-03        132.045
19           -2.7106772133E+01        -2.0024E-01        9.022E-03        131.356
20           -2.7106790228E+01        -1.4882E-01        7.395E-03        131.525
21           -2.7106272790E+01         3.1959E-01        2.139E-03        132.282
22           -2.7106386059E+01         4.2429E-01        1.357E-03        133.291
23           -2.7106436585E+01         3.8357E-01        1.107E-03        132.031
24           -2.7106385427E+01         4.1643E-01        1.170E-03        131.874
25           -2.7106348628E+01         4.2209E-01        1.066E-03        133.221
26           -2.7106275763E+01         3.9386E-01        7.197E-04        132.452
27           -2.7106111604E+01         4.0250E-01        5.279E-04        131.830
28           -2.7105963341E+01         4.5198E-01        7.122E-04        132.044
29           -2.7105920104E+01         3.3150E-01        8.057E-04        133.045
30           -2.7105915223E+01         3.4964E-01        3.483E-04        132.874
31           -2.7105805906E+01         3.5624E-01        1.385E-04        132.170
32           -2.7105809791E+01         3.5699E-01        7.635E-05        131.959
33           -2.7105788512E+01         3.5913E-01        7.793E-05        133.186
34           -2.7105781299E+01         3.5868E-01        6.373E-05        131.852
35           -2.7105778705E+01         3.5598E-01        2.293E-05        132.008
36           -2.7105772266E+01         3.5457E-01        1.923E-05        140.730
37           -2.7105770198E+01         3.5527E-01        1.134E-05        132.088
38           -2.7105765088E+01         3.5378E-01        2.004E-05        132.189
39           -2.7105762408E+01         3.5431E-01        6.130E-06        131.636
40           -2.7105761031E+01         3.5449E-01        5.209E-06        131.682
41           -2.7105759554E+01         3.5356E-01        7.402E-06        131.312
42           -2.7105759749E+01         3.5429E-01        5.658E-06        131.376
43           -2.7105759460E+01         3.5355E-01        4.611E-06        132.271
44           -2.7105759948E+01         3.5395E-01        1.983E-06        131.648
45           -2.7105759807E+01         3.5409E-01        2.528E-06        132.555
46           -2.7105759475E+01         3.5422E-01        2.273E-06        132.260
47           -2.7105759026E+01         3.5421E-01        1.381E-06        132.160
48           -2.7105758839E+01         3.5412E-01        8.197E-07        131.609
Total number of SCF: 48    

k = [-0.250, -0.250, 0.000]
Occupation of state 218 = 0.000000000000001.
Occupation of state 242 = 0.000000000000000.
Exx outer loop error: 6.1969592191e-01 

No.2 Exx outer loop: 
1            -2.7106179547E+01         4.1443E-01        4.901E-03        135.713
2            -2.7105550469E+01         4.1048E-01        2.326E-03        130.773
3            -2.7105834225E+01         3.4919E-01        1.791E-03        130.684
4            -2.7106004978E+01         6.2785E-01        1.940E-03        130.961
5            -2.7106101564E+01         4.0616E-01        8.807E-04        132.424
6            -2.7106260034E+01         2.0329E-01        2.229E-03        131.178
7            -2.7106253345E+01         3.5600E-01        3.768E-04        131.032
8            -2.7106253105E+01         3.9342E-01        2.580E-04        131.096
9            -2.7106188814E+01         3.6414E-01        1.992E-04        131.179
10           -2.7106161278E+01         3.8495E-01        8.585E-05        131.880
11           -2.7106139896E+01         3.8819E-01        6.632E-05        130.857
12           -2.7106116808E+01         3.9073E-01        4.981E-05        131.297
13           -2.7106101138E+01         3.9141E-01        3.577E-05        131.220
14           -2.7106090316E+01         3.9196E-01        2.173E-05        130.852
15           -2.7106086896E+01         3.9215E-01        1.421E-05        130.522
16           -2.7106086131E+01         3.9226E-01        8.264E-06        130.880
17           -2.7106085812E+01         3.9155E-01        1.032E-05        130.817
18           -2.7106085193E+01         3.9171E-01        7.136E-06        130.885
19           -2.7106084430E+01         3.9190E-01        2.944E-06        133.202
20           -2.7106084502E+01         3.9149E-01        5.132E-06        130.810
21           -2.7106084760E+01         3.9166E-01        1.877E-06        130.330
22           -2.7106084802E+01         3.9192E-01        1.657E-06        130.437
23           -2.7106084843E+01         3.9174E-01        9.357E-07        130.238
Total number of SCF: 23    

k = [-0.250, -0.250, 0.000]
Occupation of state 218 = 0.000000000000000.
Occupation of state 242 = 0.000000000000000.
Exx outer loop error: 1.2171419442e-02 

No.3 Exx outer loop: 
1            -2.7106179064E+01         3.2097E-01        2.992E-03        137.541
2            -2.7106176372E+01         5.4127E-01        1.864E-03        132.370
3            -2.7106401364E+01         4.9490E-01        1.518E-03        132.660
4            -2.7106320248E+01         4.5637E-01        8.478E-04        132.854
5            -2.7106265976E+01         4.2983E-01        4.859E-04        132.282
6            -2.7106216539E+01         3.7904E-01        2.056E-04        131.670
7            -2.7106220355E+01         3.1679E-01        7.272E-04        120.498
8            -2.7106191460E+01         3.8877E-01        1.918E-04        120.758
9            -2.7106173601E+01         3.9200E-01        1.586E-04        120.727
10           -2.7106166234E+01         3.9280E-01        1.526E-04        121.257
11           -2.7106161165E+01         3.9186E-01        1.639E-04        121.541
12           -2.7106153609E+01         3.9078E-01        1.986E-04        120.574
13           -2.7106159344E+01         3.9296E-01        1.600E-04        120.985
14           -2.7106161823E+01         3.9468E-01        1.281E-04        121.652
15           -2.7106160049E+01         3.9609E-01        9.909E-05        122.357
16           -2.7106165621E+01         4.0155E-01        4.071E-05        120.114
17           -2.7106133510E+01         3.8996E-01        1.069E-04        119.844
18           -2.7106136709E+01         3.9578E-01        2.762E-05        119.991
19           -2.7106135315E+01         3.9295E-01        6.188E-05        119.955
20           -2.7106135093E+01         3.9615E-01        2.382E-05        120.818
21           -2.7106129243E+01         3.9049E-01        9.046E-05        120.660
22           -2.7106130943E+01         4.0030E-01        1.952E-05        121.453
23           -2.7106126883E+01         3.9882E-01        3.165E-06        120.499
24           -2.7106126218E+01         3.9958E-01        9.064E-06        120.996
25           -2.7106124694E+01         3.9892E-01        1.985E-06        120.936
26           -2.7106124373E+01         3.9919E-01        3.794E-06        119.971
27           -2.7106124145E+01         3.9860E-01        4.875E-06        119.966
28           -2.7106124172E+01         3.9881E-01        2.498E-06        119.943
29           -2.7106124090E+01         3.9880E-01        2.299E-06        120.724
30           -2.7106124038E+01         3.9898E-01        4.273E-07        121.789
Total number of SCF: 30    

k = [-0.250, -0.250, 0.000]
Occupation of state 218 = 0.000000000000000.
Occupation of state 242 = 0.000000000000000.
Exx outer loop error: 2.8408534486e-03 

No.4 Exx outer loop: 
1            -2.7106164527E+01         3.0865E-01        2.079E-03        124.201
2            -2.7106251445E+01         5.8287E-01        2.074E-03        120.200
3            -2.7106568643E+01         1.1850E+00        8.156E-03        120.320
4            -2.7106338288E+01         4.5790E-01        8.949E-04        120.946
5            -2.7106396575E+01         4.9738E-01        8.125E-04        121.558
6            -2.7106389642E+01         3.5394E-01        1.994E-03        165.768
7            -2.7106401908E+01         3.2397E-01        2.260E-03        155.114
8            -2.7106406574E+01         3.2080E-01        1.582E-03        141.005
9            -2.7106388022E+01         3.8847E-01        6.284E-04        154.823
10           -2.7106338480E+01         3.9542E-01        3.402E-04        150.493
11           -2.7106241884E+01         4.0260E-01        1.120E-04        146.505
12           -2.7106199803E+01         4.0441E-01        5.343E-05        164.528
13           -2.7106183978E+01         4.0249E-01        4.779E-05        151.015
14           -2.7106159274E+01         3.9976E-01        4.867E-05        132.788
15           -2.7106154974E+01         4.0358E-01        2.299E-05        131.047
16           -2.7106147641E+01         4.0289E-01        1.460E-05        137.121
17           -2.7106141245E+01         4.0216E-01        1.114E-05        171.228
18           -2.7106140441E+01         4.0236E-01        8.501E-06        153.147
19           -2.7106139261E+01         4.0344E-01        6.708E-06        152.607
20           -2.7106138042E+01         4.0308E-01        5.180E-06        120.198
21           -2.7106138576E+01         4.0315E-01        5.614E-06        120.086
22           -2.7106138133E+01         4.0343E-01        2.734E-06        120.082
23           -2.7106138841E+01         4.0356E-01        1.552E-06        119.849
24           -2.7106138901E+01         4.0401E-01        5.719E-06        120.953
25           -2.7106138987E+01         4.0385E-01        4.320E-06        121.158
26           -2.7106138776E+01         4.0378E-01        3.155E-06        119.554
27           -2.7106138866E+01         4.0392E-01        4.557E-06        120.207
28           -2.7106138842E+01         4.0398E-01        5.130E-06        119.313
29           -2.7106138899E+01         4.0443E-01        9.622E-06        119.631
30           -2.7106139006E+01         4.0471E-01        1.237E-05        119.228
31           -2.7106138976E+01         4.0473E-01        1.253E-05        120.094
32           -2.7106138977E+01         4.0469E-01        1.204E-05        122.858
33           -2.7106139030E+01         4.0473E-01        1.275E-05        120.002
34           -2.7106139001E+01         4.0481E-01        1.373E-05        119.911
35           -2.7106139041E+01         4.0463E-01        1.156E-05        120.617
36           -2.7106139060E+01         4.0445E-01        8.687E-06        119.939
37           -2.7106139051E+01         4.0448E-01        8.924E-06        119.608
38           -2.7106139431E+01         4.0480E-01        1.118E-05        120.013
39           -2.7106138931E+01         4.0430E-01        7.407E-06        120.049
40           -2.7106138697E+01         4.0403E-01        4.730E-06        119.800
41           -2.7106138677E+01         4.0400E-01        4.377E-06        119.852
42           -2.7106138638E+01         4.0382E-01        2.363E-06        119.986
43           -2.7106138915E+01         4.0391E-01        2.339E-06        120.073
44           -2.7106138937E+01         4.0375E-01        6.223E-07        119.729
Total number of SCF: 44    

k = [-0.250, -0.250, 0.000]
Occupation of state 218 = 0.000000000000000.
Occupation of state 242 = 0.000000000000000.
Exx outer loop error: 7.7244935965e-04 

No.5 Exx outer loop: 
1            -2.7106161254E+01         3.2301E-01        1.504E-03        124.383
2            -2.7106243400E+01         5.5789E-01        1.758E-03        119.893
3            -2.7106179926E+01         4.9430E-01        1.218E-03        119.797
4            -2.7106219351E+01         3.5321E-01        7.897E-04        119.828
5            -2.7106254864E+01         3.4279E-01        6.244E-04        118.713
6            -2.7106296530E+01         4.1211E-01        1.812E-04        119.838
7            -2.7106237633E+01         3.8357E-01        2.860E-04        120.196
8            -2.7106220083E+01         3.9233E-01        1.557E-04        123.590
9            -2.7106197001E+01         3.9768E-01        7.258E-05        119.996
10           -2.7106186021E+01         3.9949E-01        5.192E-05        120.114
11           -2.7106173522E+01         4.0121E-01        5.378E-05        120.164
12           -2.7106156549E+01         4.0695E-01        1.068E-04        121.796
13           -2.7106156045E+01         4.0613E-01        8.635E-05        120.198
14           -2.7106146423E+01         4.0600E-01        5.293E-05        120.655
15           -2.7106146901E+01         4.0477E-01        1.948E-05        120.568
16           -2.7106145811E+01         4.0483E-01        1.034E-05        120.009
17           -2.7106146710E+01         4.0525E-01        5.210E-06        120.070
18           -2.7106146927E+01         4.0459E-01        1.049E-05        120.106
19           -2.7106146549E+01         4.0532E-01        5.170E-06        120.200
20           -2.7106145785E+01         4.0546E-01        5.623E-06        119.794
21           -2.7106145971E+01         4.0520E-01        2.019E-06        119.930
22           -2.7106145845E+01         4.0482E-01        3.829E-06        120.079
23           -2.7106145671E+01         4.0525E-01        2.742E-06        124.186
24           -2.7106145712E+01         4.0485E-01        2.890E-06        119.587
25           -2.7106145541E+01         4.0508E-01        1.235E-06        119.920
26           -2.7106145484E+01         4.0514E-01        1.589E-06        120.045
27           -2.7106145526E+01         4.0491E-01        1.281E-06        119.811
28           -2.7106145525E+01         4.0501E-01        3.980E-07        119.137
Total number of SCF: 28    

k = [-0.250, -0.250, 0.000]
Occupation of state 218 = 0.000000000000000.
Occupation of state 242 = 0.000000000000000.
Exx outer loop error: 4.6732492854e-04 

No.6 Exx outer loop: 
1            -2.7106159019E+01         3.4086E-01        1.084E-03        127.039
2            -2.7106223136E+01         5.1632E-01        1.312E-03        120.144
3            -2.7106311012E+01         3.1835E-01        1.407E-03        119.779
4            -2.7106339709E+01         4.0385E-01        1.916E-04        125.878
5            -2.7106263440E+01         4.7653E-01        9.770E-04        149.402
6            -2.7106250043E+01         4.0190E-01        1.120E-04        119.961
7            -2.7106285923E+01         6.0608E-01        2.282E-03        119.911
8            -2.7106275103E+01         5.0731E-01        1.160E-03        120.573
9            -2.7106243062E+01         4.4418E-01        5.396E-04        119.918
10           -2.7106228916E+01         4.2215E-01        2.930E-04        119.974
11           -2.7106232008E+01         5.0401E-01        1.082E-03        194.646
12           -2.7106215408E+01         4.5374E-01        5.291E-04        121.282
13           -2.7106188420E+01         4.0217E-01        8.639E-05        120.152
14           -2.7106180411E+01         3.9832E-01        1.336E-04        120.755
15           -2.7106174957E+01         4.0125E-01        9.328E-05        121.776
16           -2.7106167537E+01         4.0124E-01        8.214E-05        120.039
17           -2.7106162120E+01         3.9972E-01        7.711E-05        119.917
18           -2.7106159700E+01         4.0003E-01        5.373E-05        122.268
19           -2.7106157843E+01         4.0301E-01        8.672E-06        120.363
20           -2.7106156105E+01         4.0226E-01        1.067E-05        121.253
21           -2.7106154014E+01         4.0292E-01        6.326E-06        120.509
22           -2.7106153000E+01         4.0294E-01        4.691E-06        120.696
23           -2.7106152269E+01         4.0242E-01        6.160E-06        119.656
24           -2.7106150164E+01         4.0279E-01        4.865E-06        121.869
25           -2.7106150293E+01         4.0244E-01        2.141E-06        119.593
26           -2.7106149751E+01         4.0261E-01        1.268E-06        119.973
27           -2.7106149732E+01         4.0251E-01        1.693E-06        119.283
28           -2.7106149660E+01         4.0246E-01        1.450E-06        120.574
29           -2.7106149440E+01         4.0246E-01        6.311E-07        120.378
Total number of SCF: 29    

k = [-0.250, -0.250, 0.000]
Occupation of state 218 = 0.000000000000000.
Occupation of state 242 = 0.000000000000000.
Exx outer loop error: 2.9032258771e-04 

No.7 Exx outer loop: 
1            -2.7106157845E+01         3.5637E-01        7.565E-04        123.885
2            -2.7106200923E+01         4.7033E-01        8.431E-04        119.479
3            -2.7106211541E+01         3.6965E-01        5.761E-04        119.393
4            -2.7106225303E+01         3.5003E-01        5.514E-04        120.442
5            -2.7106237973E+01         3.5844E-01        4.144E-04        119.593
6            -2.7106235551E+01         3.4727E-01        5.624E-04        121.202
7            -2.7106194005E+01         4.1221E-01        2.308E-04        121.722
8            -2.7106177891E+01         3.9485E-01        8.037E-05        120.453
9            -2.7106168176E+01         3.9459E-01        9.066E-05        121.268
10           -2.7106162636E+01         3.9191E-01        1.009E-04        120.810
11           -2.7106161945E+01         3.9357E-01        7.746E-05        120.444
12           -2.7106159278E+01         3.9646E-01        2.799E-05        119.861
13           -2.7106156782E+01         3.9725E-01        1.180E-05        120.571
14           -2.7106155158E+01         3.9752E-01        7.826E-06        119.980
15           -2.7106153657E+01         3.9798E-01        3.607E-06        120.384
16           -2.7106153254E+01         3.9768E-01        4.561E-06        120.411
17           -2.7106152413E+01         3.9773E-01        1.890E-06        119.812
18           -2.7106152128E+01         3.9796E-01        3.131E-06        119.911
19           -2.7106152175E+01         3.9773E-01        1.025E-06        120.090
20           -2.7106151896E+01         3.9781E-01        9.064E-07        119.144
Total number of SCF: 20    

k = [-0.250, -0.250, 0.000]
Occupation of state 218 = 0.000000000000000.
Occupation of state 242 = 0.000000000000000.
Exx outer loop error: 3.2959754337e-04 

No.8 Exx outer loop: 
1            -2.7106158002E+01         3.5882E-01        5.905E-04        124.148
2            -2.7106192827E+01         4.5655E-01        7.519E-04        121.002
3            -2.7106255451E+01         3.3790E-01        9.505E-04        121.203
4            -2.7106247159E+01         3.6229E-01        6.227E-04        121.226
5            -2.7106236099E+01         4.0517E-01        1.072E-04        119.658
6            -2.7106231873E+01         3.8699E-01        1.549E-04        119.563
7            -2.7106207925E+01         3.8905E-01        6.273E-05        122.023
8            -2.7106194307E+01         4.1765E-01        3.258E-04        119.728
9            -2.7106187572E+01         3.9125E-01        4.025E-05        119.501
10           -2.7106172388E+01         3.9324E-01        3.683E-05        120.257
11           -2.7106163814E+01         3.9151E-01        1.827E-05        119.344
12           -2.7106159001E+01         3.9168E-01        1.327E-05        119.664
13           -2.7106157137E+01         3.9185E-01        8.232E-06        119.622
14           -2.7106155680E+01         3.9093E-01        1.176E-05        120.078
15           -2.7106155574E+01         3.9188E-01        4.973E-06        119.623
16           -2.7106154069E+01         3.9153E-01        3.904E-06        119.179
17           -2.7106154476E+01         3.9184E-01        2.880E-06        120.347
18           -2.7106153963E+01         3.9217E-01        4.581E-06        119.143
19           -2.7106154159E+01         3.9235E-01        5.034E-06        119.714
20           -2.7106153401E+01         3.9215E-01        2.156E-06        119.907
21           -2.7106152986E+01         3.9216E-01        1.788E-06        120.270
22           -2.7106152935E+01         3.9224E-01        1.512E-06        120.940
23           -2.7106153057E+01         3.9207E-01        1.222E-06        119.267
24           -2.7106153144E+01         3.9224E-01        1.020E-06        119.438
25           -2.7106153006E+01         3.9220E-01        2.903E-07        119.858
Total number of SCF: 25    

k = [-0.250, -0.250, 0.000]
Occupation of state 218 = 0.000000000000000.
Occupation of state 242 = 0.000000000000000.
Exx outer loop error: 4.3667631622e-04 

No.9 Exx outer loop: 
1            -2.7106157071E+01         3.6309E-01        4.404E-04        123.559
2            -2.7106182214E+01         4.3325E-01        5.463E-04        120.931
3            -2.7106217330E+01         3.7054E-01        1.865E-04        122.218
4            -2.7106194199E+01         3.9242E-01        1.022E-04        119.664
5            -2.7106158076E+01         3.9292E-01        6.213E-05        119.182
6            -2.7106157914E+01         3.8612E-01        1.748E-05        119.891
7            -2.7106154895E+01         3.8752E-01        1.075E-05        119.425
8            -2.7106155055E+01         3.8719E-01        1.053E-05        119.564
9            -2.7106155752E+01         3.8682E-01        1.052E-05        119.088
10           -2.7106154615E+01         3.8643E-01        1.171E-05        120.364
11           -2.7106155741E+01         3.8671E-01        5.923E-06        119.304
12           -2.7106155125E+01         3.8630E-01        9.426E-06        119.002
13           -2.7106155206E+01         3.8655E-01        5.333E-06        119.271
14           -2.7106154322E+01         3.8609E-01        9.624E-06        118.903
15           -2.7106154320E+01         3.8610E-01        9.482E-06        119.278
16           -2.7106154317E+01         3.8609E-01        9.528E-06        119.222
17           -2.7106154149E+01         3.8604E-01        9.948E-06        120.056
18           -2.7106154001E+01         3.8596E-01        1.019E-05        122.513
19           -2.7106154167E+01         3.8592E-01        8.901E-06        118.907
20           -2.7106154131E+01         3.8574E-01        1.164E-05        119.715
21           -2.7106154371E+01         3.8601E-01        8.647E-06        119.552
22           -2.7106154426E+01         3.8602E-01        7.967E-06        119.797
23           -2.7106154938E+01         3.8645E-01        3.896E-06        119.349
24           -2.7106154315E+01         3.8567E-01        1.229E-05        119.193
25           -2.7106154497E+01         3.8584E-01        1.067E-05        120.577
26           -2.7106154738E+01         3.8622E-01        7.057E-06        119.275
27           -2.7106154864E+01         3.8629E-01        5.695E-06        118.971
28           -2.7106155062E+01         3.8629E-01        6.380E-06        119.122
29           -2.7106154668E+01         3.8629E-01        5.281E-06        119.453
30           -2.7106154685E+01         3.8646E-01        2.761E-06        119.025
31           -2.7106154779E+01         3.8651E-01        1.988E-06        119.749
32           -2.7106154140E+01         3.8650E-01        2.409E-06        119.986
33           -2.7106153947E+01         3.8655E-01        2.712E-06        121.703
34           -2.7106153815E+01         3.8643E-01        4.303E-06        118.940
35           -2.7106153710E+01         3.8642E-01        4.041E-06        119.261
36           -2.7106153753E+01         3.8633E-01        5.251E-06        119.126
37           -2.7106153816E+01         3.8640E-01        4.256E-06        119.585
38           -2.7106153807E+01         3.8640E-01        4.231E-06        118.945
39           -2.7106153910E+01         3.8637E-01        4.430E-06        118.980
40           -2.7106153824E+01         3.8639E-01        4.390E-06        120.851
41           -2.7106153824E+01         3.8641E-01        4.118E-06        119.038
42           -2.7106153704E+01         3.8617E-01        6.241E-06        119.374
43           -2.7106153678E+01         3.8599E-01        8.634E-06        119.298
44           -2.7106153587E+01         3.8624E-01        5.117E-06        119.296
45           -2.7106153408E+01         3.8637E-01        3.407E-06        119.246
46           -2.7106153361E+01         3.8686E-01        2.175E-06        119.231
47           -2.7106153351E+01         3.8667E-01        5.853E-07        119.257
Total number of SCF: 47    

k = [-0.250, -0.250, 0.000]
Occupation of state 218 = 0.000000000000000.
Occupation of state 242 = 0.000000000000000.
Exx outer loop error: 4.7475484337e-04 

No.10 Exx outer loop: 
1            -2.7106156090E+01         3.6564E-01        3.323E-04        123.527
2            -2.7106173799E+01         4.1378E-01        3.787E-04        119.088
3            -2.7106174624E+01         3.5751E-01        3.322E-04        119.542
4            -2.7106173796E+01         3.8228E-01        1.286E-04        119.479
5            -2.7106169056E+01         3.8879E-01        6.013E-05        119.419
6            -2.7106165714E+01         3.9405E-01        3.337E-05        120.438
7            -2.7106168126E+01         3.7560E-01        1.817E-04        119.380
8            -2.7106166535E+01         3.7590E-01        1.132E-04        119.578
9            -2.7106164116E+01         3.8076E-01        3.635E-05        119.637
10           -2.7106159987E+01         3.8161E-01        1.317E-05        119.525
11           -2.7106157132E+01         3.8154E-01        9.298E-06        119.391
12           -2.7106155716E+01         3.8190E-01        2.867E-06        119.355
13           -2.7106155175E+01         3.8192E-01        2.397E-06        120.274
14           -2.7106154539E+01         3.8150E-01        4.184E-06        119.668
15           -2.7106154426E+01         3.8185E-01        1.676E-06        119.021
16           -2.7106154198E+01         3.8182E-01        8.501E-07        118.652
Total number of SCF: 16    

k = [-0.250, -0.250, 0.000]
Occupation of state 218 = 0.000000000000000.
Occupation of state 242 = 0.000000000000000.
Exx outer loop error: 1.7668958197e-05 
====================================================================
                    Energy and force calculation                    
====================================================================
Free energy per atom               : -2.7106153250E+01 (Ha/atom)
Total free energy                  : -1.4637322755E+03 (Ha)
Band structure energy              : -3.6790584169E+02 (Ha)
Exchange correlation energy        : -1.6794541303E+02 (Ha)
Self and correction energy         : -1.9345435623E+03 (Ha)
Entropy*kb*T                       : -3.7185417082E-03 (Ha)
Fermi level                        : -1.4847014844E-01 (Ha)
RMS force                          :  2.0893782740E-02 (Ha/Bohr)
Maximum force                      :  1.0167786955E-01 (Ha/Bohr)
Time for force calculation         :  1.666 (sec)
***************************************************************************
                               Timing info                                 
***************************************************************************
Total walltime                     :  109260.538 sec
___________________________________________________________________________

***************************************************************************
*             Material Physics & Mechanics Group, Georgia Tech            *
*                       PI: Phanish Suryanarayana                         *
*                Main Developers: Qimen Xu, Abhiraj Sharma                *
*     Collaborators: J.E. Pask (LLNL), A.J. Medford (GT), E. Chow (GT)    *
*  Acknowledgements: U.S. DOE (DE-SC0019410); U.S. NSF (1333500,1553212)  *
***************************************************************************
                                                                           

***************************************************************************
*                       SPARC (version Mar 30, 2022)                      *
*   Copyright (c) 2020 Material Physics & Mechanics Group, Georgia Tech   *
*           Distributed under GNU General Public License 3 (GPL)          *
*                   Start time: Wed Mar 30 16:23:12 2022                  *
***************************************************************************
                           Input parameters                                
***************************************************************************
CELL: 12.4338823950489 11.2657846029438 47.5378507412217 
LATVEC:
1.000000000000000 0.000000000000000 0.000000000000000 
-0.000130020950961 0.999999991547276 0.000000000000000 
0.000000000000000 -0.000000000000000 1.000000000000000 
FD_GRID: 66 60 252
FD_ORDER: 12
BC: P P D
KPOINT_GRID: 4 4 1
KPOINT_SHIFT: 0 0 0
SPIN_TYP: 1
ELEC_TEMP_TYPE: Gaussian
SMEARING: 0.007349864435
CHEB_DEGREE: 37
NSTATES: 242
EXCHANGE_CORRELATION: HSE
CALC_STRESS: 0
CALC_PRES: 0
CHEFSI_BOUND_FLAG: 0
MAXIT_SCF: 100
MINIT_SCF: 3
MAXIT_POISSON: 3000
TOL_SCF: 1.00E-06
POISSON_SOLVER: AAR
TOL_POISSON: 1.00E-08
TOL_LANCZOS: 1.00E-02
TOL_PSEUDOCHARGE: 1.00E-08
MIXING_VARIABLE: density
MIXING_PRECOND: kerker
MIXING_PRECOND_MAG: none
TOL_PRECOND: 3.54E-05
PRECOND_KERKER_KTF: 1
PRECOND_KERKER_THRESH: 0.1
MIXING_PARAMETER: 0.3
MIXING_PARAMETER_MAG: 0.3
MIXING_HISTORY: 7
PULAY_FREQUENCY: 1
PULAY_RESTART: 0
REFERENCE_CUTOFF: 0.5
RHO_TRIGGER: 4
FIX_RAND: 0
VERBOSITY: 1
PRINT_FORCES: 1
PRINT_ATOMS: 1
PRINT_EIGEN: 1
PRINT_DENSITY: 0
PRINT_ENERGY_DENSITY: 0
TOL_FOCK: 5.00E-05
TOL_SCF_INIT: 1.00E-04
MAXIT_FOCK: 20
EXX_METHOD: FOURIER_SPACE
EXX_DIVERGENCE: AUXILIARY
ACE_FLAG: 1
EXX_ACE_MEM: 1
EXX_ACE_VALENCE_STATES: 10000
EXX_DOWNSAMPLING: 1 1 1
EXX_RANGE_FOCK: 0.106000
EXX_RANGE_PBE: 0.106000
OUTPUT_FILE: sprc-calc
***************************************************************************
                                Cell                                       
***************************************************************************
Lattice vectors (Bohr):
12.433882395048860 0.000000000000000 0.000000000000000 
-0.001464788027397 11.265784507717260 0.000000000000000 
0.000000000000000 -0.000000000000000 47.537850741221725 
Volume                  :  6.6589804186E+03 (Bohr^3)
***************************************************************************
                           Parallelization                                 
***************************************************************************
NP_SPIN_PARAL: 2
NP_KPOINT_PARAL: 10
NP_BAND_PARAL: 1
NP_DOMAIN_PARAL: 2 1 8
NP_DOMAIN_PHI_PARAL: 4 4 21
EIG_SERIAL_MAXNS: 1500
***************************************************************************
                             Initialization                                
***************************************************************************
Number of processors               :  336
Mesh spacing in x-direction        :  0.188392 (Bohr)
Mesh spacing in y-direction        :  0.187763 (Bohr)
Mesh spacing in z direction        :  0.188642 (Bohr)
Number of symmetry adapted k-points:  10
Output printed to                  :  sprc-calc.out_01
Final eigenvalues printed to       :  sprc-calc.eigen_01
Total number of atom types         :  5
Total number of atoms              :  54
Total number of electrons          :  396
Atom type 1  (valence electrons)   :  C 4
Pseudopotential                    :  C.psp8
Pseudocharge radii of atom type 1  :  6.78 6.76 6.79 (x, y, z dir)
Number of atoms of type 1          :  1
Atom type 2  (valence electrons)   :  H 1
Pseudopotential                    :  H.psp8
Pseudocharge radii of atom type 2  :  3.77 3.76 3.77 (x, y, z dir)
Number of atoms of type 2          :  4
Atom type 3  (valence electrons)   :  N 5
Pseudopotential                    :  N.psp8
Pseudocharge radii of atom type 3  :  6.78 6.76 6.79 (x, y, z dir)
Number of atoms of type 3          :  2
Atom type 4  (valence electrons)   :  O 6
Pseudopotential                    :  O.psp8
Pseudocharge radii of atom type 4  :  6.78 6.76 6.79 (x, y, z dir)
Number of atoms of type 4          :  31
Atom type 5  (valence electrons)   :  Ti 12
Pseudopotential                    :  Ti.psp8
Pseudocharge radii of atom type 5  :  6.78 6.76 6.79 (x, y, z dir)
Number of atoms of type 5          :  16
Estimated total memory usage       :  454.37 GB
Estimated memory per processor     :  1.35 GB
========================================================================================
                    Self Consistent Field (SCF#1)                     
========================================================================================
Iteration     Free Energy (Ha/atom)    Magnetization     SCF Error        Timing (sec)
1            -2.7201776152E+01        -3.9470E+00        4.502E-01        352.551
2            -2.8477314854E+01         1.0211E+01        4.202E-01        86.597
3            -2.7329560953E+01         1.4483E+00        3.594E-01        82.813
4            -2.7525136767E+01        -9.6693E+00        3.162E-01        82.305
5            -2.7382298303E+01         4.6496E+00        1.941E-01        82.142
6            -2.7371878866E+01        -9.3983E-01        1.514E-01        82.935
7            -2.7369702848E+01         3.4011E+00        1.259E-01        82.171
8            -2.7354140305E+01         1.4778E+00        1.045E-01        83.431
9            -2.7350441265E+01         2.7550E+00        8.451E-02        82.404
10           -2.7345081121E+01         1.4041E+00        7.212E-02        82.534
11           -2.7327109279E+01         5.4092E-01        4.787E-02        82.408
12           -2.7325226472E+01         1.2043E+00        4.376E-02        82.456
13           -2.7320512262E+01        -6.5642E-01        4.111E-02        102.562
14           -2.7320156829E+01        -7.6240E-01        3.524E-02        82.586
15           -2.7319855985E+01        -9.9707E-01        3.751E-02        82.994
16           -2.7318576959E+01        -9.8205E-01        3.148E-02        82.443
17           -2.7313595735E+01        -6.2348E-01        2.361E-02        82.732
18           -2.7309618673E+01         7.4843E-02        1.953E-02        106.774
19           -2.7309421225E+01        -5.3514E-01        1.419E-02        82.424
20           -2.7307694550E+01        -5.8245E-01        9.408E-03        82.395
21           -2.7306995518E+01        -3.1621E-01        7.884E-03        82.393
22           -2.7305515955E+01        -5.2046E-01        6.222E-03        82.284
23           -2.7303753982E+01         6.6160E-02        9.432E-03        82.348
24           -2.7302295516E+01        -4.0151E-01        4.818E-03        82.391
25           -2.7301035418E+01        -3.9179E-01        4.042E-03        82.444
26           -2.7299514276E+01        -1.3626E-01        2.710E-03        82.401
27           -2.7298850183E+01        -3.2737E-01        3.280E-03        82.384
28           -2.7298205236E+01        -1.8560E-01        1.251E-03        82.381
29           -2.7298008063E+01        -2.8460E-01        2.167E-03        82.221
30           -2.7297850255E+01        -2.6686E-01        1.579E-03        82.488
31           -2.7297586080E+01        -2.5201E-01        9.384E-04        82.222
32           -2.7297441299E+01        -3.1338E-01        1.458E-03        82.230
33           -2.7297370203E+01        -2.9238E-01        1.002E-03        82.170
34           -2.7297360324E+01        -2.1016E-01        8.221E-04        82.215
35           -2.7297289458E+01        -1.9740E-01        9.593E-04        82.183
36           -2.7297280672E+01        -1.6823E-01        1.296E-03        82.170
37           -2.7297303904E+01        -1.7744E-01        9.520E-04        82.034
38           -2.7297293245E+01        -1.8093E-01        7.686E-04        82.064
39           -2.7297281262E+01        -1.7909E-01        6.171E-04        82.041
40           -2.7297260227E+01        -1.7178E-01        4.747E-04        84.023
41           -2.7297240496E+01        -1.7059E-01        2.060E-04        82.176
42           -2.7297216975E+01        -1.2942E-01        3.774E-04        82.067
43           -2.7297196924E+01        -1.1728E-01        2.669E-04        82.014
44           -2.7297181639E+01        -1.0492E-01        2.501E-04        81.797
45           -2.7297174164E+01        -9.3563E-02        2.064E-04        82.147
46           -2.7297174056E+01        -9.2144E-02        2.040E-04        81.950
47           -2.7297174113E+01        -9.8392E-02        2.207E-04        82.020
48           -2.7297174960E+01        -7.8439E-02        1.655E-04        82.024
49           -2.7297166007E+01        -5.3006E-02        1.428E-04        81.969
50           -2.7297165740E+01        -4.1788E-02        1.406E-04        81.931
51           -2.7297161575E+01        -1.0130E-02        1.385E-04        82.291
52           -2.7297157366E+01         3.7306E-02        1.188E-04        82.089
53           -2.7297155988E+01         1.1562E-01        9.611E-05        81.630
Total number of SCF: 53    

k = [-0.250, -0.250, 0.000]
Occupation of state 218 = 0.000000000058435.
Occupation of state 242 = 0.000000000000000.

No.1 Exx outer loop: 
1            -2.7104110284E+01         1.7246E-01        1.472E-02        126.558
2            -2.7096365478E+01         6.5190E-01        1.402E-02        122.648
3            -2.7098916894E+01         1.7526E+00        1.402E-02        122.752
4            -2.7101483323E+01         1.9616E+00        2.139E-02        122.663
5            -2.7101014622E+01         1.9913E+00        4.233E-02        122.664
6            -2.7100930516E+01         1.9969E+00        4.661E-02        122.648
7            -2.7104394224E+01         1.4853E+00        4.163E-02        122.704
8            -2.7103525838E+01         1.4163E+00        1.297E-02        122.584
9            -2.7105886473E+01         1.3698E+00        8.456E-03        128.382
10           -2.7106925159E+01         4.4448E-01        1.336E-02        123.500
11           -2.7106294901E+01         4.2212E-01        1.025E-02        124.656
12           -2.7105969749E+01         8.4170E-01        6.767E-03        140.120
13           -2.7106215071E+01         1.2934E-01        9.833E-03        142.043
14           -2.7106435752E+01        -5.8595E-01        1.359E-02        141.404
15           -2.7106503268E+01        -6.7451E-01        1.477E-02        125.014
16           -2.7106616327E+01        -5.9539E-01        1.397E-02        123.835
17           -2.7106569012E+01        -6.0255E-01        1.391E-02        147.626
18           -2.7106606112E+01        -5.9639E-01        1.387E-02        142.599
19           -2.7107009400E+01        -5.4005E-01        1.407E-02        122.864
20           -2.7106650402E+01         2.8713E-01        6.334E-03        122.684
21           -2.7105986599E+01         1.2005E-01        5.648E-03        122.718
22           -2.7105721416E+01         3.3737E-02        5.175E-03        124.129
23           -2.7105801254E+01         2.1367E-01        2.639E-03        124.588
24           -2.7105526419E+01         4.1059E-01        1.519E-03        122.764
25           -2.7105789031E+01         4.7730E-01        1.582E-03        140.735
26           -2.7105701489E+01         3.0983E-01        6.268E-04        122.638
27           -2.7105748124E+01         4.0234E-01        9.058E-04        122.711
28           -2.7105750518E+01         3.7198E-01        3.978E-04        122.567
29           -2.7105831687E+01         3.4534E-01        3.274E-04        122.518
30           -2.7105796177E+01         3.6290E-01        1.318E-04        122.599
31           -2.7105768906E+01         3.4844E-01        1.394E-04        122.473
32           -2.7105746059E+01         3.5032E-01        6.966E-05        122.498
33           -2.7105733995E+01         3.5142E-01        3.574E-05        122.490
34           -2.7105724537E+01         3.4777E-01        3.034E-05        122.383
35           -2.7105725585E+01         3.4839E-01        1.572E-05        122.792
36           -2.7105724363E+01         3.4689E-01        9.573E-06        122.487
37           -2.7105724451E+01         3.4670E-01        5.820E-06        122.745
38           -2.7105724006E+01         3.4702E-01        4.748E-06        124.869
39           -2.7105724895E+01         3.4747E-01        5.322E-06        135.842
40           -2.7105724747E+01         3.4667E-01        6.893E-06        122.251
41           -2.7105725731E+01         3.4749E-01        2.392E-06        122.476
42           -2.7105725758E+01         3.4729E-01        1.775E-06        143.534
43           -2.7105725851E+01         3.4759E-01        1.936E-06        122.330
44           -2.7105726008E+01         3.4743E-01        1.015E-06        122.186
45           -2.7105725973E+01         3.4764E-01        1.591E-06        122.268
46           -2.7105725982E+01         3.4745E-01        1.020E-06        122.731
47           -2.7105725963E+01         3.4748E-01        5.311E-07        122.136
Total number of SCF: 47    

k = [-0.250, -0.250, 0.000]
Occupation of state 218 = 0.000000000000001.
Occupation of state 242 = 0.000000000000000.
Exx outer loop error: 6.1841607446e-01 

No.2 Exx outer loop: 
1            -2.7106146775E+01         4.1091E-01        4.923E-03        126.691
2            -2.7105518436E+01         4.1049E-01        2.346E-03        122.547
3            -2.7105793419E+01         4.2334E-01        1.626E-03        122.935
4            -2.7106093523E+01         6.0281E-01        1.391E-03        123.314
5            -2.7106309174E+01         4.2811E-01        1.087E-03        123.123
6            -2.7106350815E+01         3.6856E-01        1.176E-03        122.831
7            -2.7106314093E+01         3.3673E-01        1.242E-03        122.388
8            -2.7106316915E+01         3.7169E-01        6.071E-04        122.438
9            -2.7106275754E+01         4.0249E-01        2.790E-04        122.371
10           -2.7106200789E+01         4.2055E-01        1.875E-04        125.591
11           -2.7106164159E+01         3.9622E-01        1.127E-04        122.595
12           -2.7106117155E+01         3.9265E-01        8.282E-05        122.313
13           -2.7106085474E+01         3.8869E-01        5.933E-05        122.336
14           -2.7106065920E+01         3.8386E-01        3.500E-05        123.008
15           -2.7106051969E+01         3.8511E-01        3.547E-05        122.974
16           -2.7106047924E+01         3.8564E-01        3.984E-05        123.129
17           -2.7106046261E+01         3.8495E-01        3.078E-05        123.028
18           -2.7106047830E+01         3.8425E-01        1.765E-05        122.397
19           -2.7106043684E+01         3.8413E-01        1.239E-05        122.494
20           -2.7106040003E+01         3.8486E-01        8.014E-06        122.575
21           -2.7106040329E+01         3.8554E-01        6.121E-06        122.368
22           -2.7106041961E+01         3.8509E-01        7.953E-06        122.417
23           -2.7106041030E+01         3.8617E-01        6.636E-06        123.054
24           -2.7106040891E+01         3.8617E-01        5.233E-06        122.381
25           -2.7106040356E+01         3.8585E-01        1.675E-06        124.688
26           -2.7106040169E+01         3.8613E-01        3.597E-06        122.762
27           -2.7106040257E+01         3.8578E-01        1.052E-06        123.089
28           -2.7106040221E+01         3.8625E-01        3.953E-06        129.925
29           -2.7106040228E+01         3.8596E-01        1.185E-06        123.011
30           -2.7106040275E+01         3.8566E-01        2.263E-06        125.640
31           -2.7106040185E+01         3.8567E-01        1.757E-06        134.899
32           -2.7106040113E+01         3.8567E-01        1.272E-06        145.126
33           -2.7106040094E+01         3.8580E-01        5.946E-07        140.853
Total number of SCF: 33    

k = [-0.250, -0.250, 0.000]
Occupation of state 218 = 0.000000000000000.
Occupation of state 242 = 0.000000000000000.
Exx outer loop error: 1.2299736641e-02 

No.3 Exx outer loop: 
1            -2.7106134018E+01         3.1213E-01        3.023E-03        126.119
2            -2.7106134012E+01         5.5214E-01        2.023E-03        122.071
3            -2.7106080609E+01         3.0523E-01        1.322E-03        122.166
4            -2.7106088852E+01         2.3946E-01        1.859E-03        122.063
5            -2.7106244521E+01         3.3967E-01        1.895E-03        122.180
6            -2.7106308754E+01         2.2684E-01        2.526E-03        122.137
7            -2.7106161532E+01         1.7213E-01        1.854E-03        122.089
8            -2.7106114985E+01         4.1439E-01        1.382E-03        122.805
9            -2.7106042108E+01         3.9796E-01        3.682E-04        122.297
10           -2.7106045378E+01         3.6973E-01        3.194E-04        122.149
11           -2.7106053022E+01         3.7244E-01        3.090E-04        132.639
12           -2.7106052408E+01         3.6934E-01        3.275E-04        121.968
13           -2.7106049381E+01         3.6864E-01        3.302E-04        122.059
14           -2.7106045557E+01         3.7801E-01        2.312E-04        122.018
15           -2.7106042269E+01         3.8293E-01        1.675E-04        122.002
16           -2.7106081677E+01         4.9387E-01        9.584E-04        121.882
17           -2.7106074622E+01         4.7627E-01        7.900E-04        122.049
18           -2.7106075972E+01         4.7951E-01        8.220E-04        121.849
19           -2.7106073805E+01         4.7432E-01        7.768E-04        121.934
20           -2.7106070383E+01         4.6602E-01        6.985E-04        121.924
21           -2.7106065783E+01         4.5303E-01        5.737E-04        121.926
22           -2.7106071030E+01         4.7256E-01        7.706E-04        122.186
23           -2.7106045851E+01         3.8147E-01        1.258E-04        122.128
24           -2.7106044615E+01         3.8519E-01        8.600E-05        121.967
25           -2.7106045248E+01         3.8709E-01        7.420E-05        122.262
26           -2.7106075224E+01         4.9698E-01        1.112E-03        124.673
27           -2.7106056680E+01         4.3986E-01        5.425E-04        121.997
28           -2.7106048962E+01         3.9831E-01        1.149E-04        122.142
29           -2.7106063056E+01         3.9224E-01        3.406E-05        122.007
30           -2.7106069379E+01         4.0776E-01        1.650E-04        122.122
31           -2.7106067724E+01         3.9234E-01        1.995E-05        121.971
32           -2.7106069346E+01         3.9016E-01        2.664E-05        121.911
33           -2.7106071299E+01         3.8992E-01        2.847E-05        121.961
34           -2.7106073942E+01         3.9105E-01        1.789E-05        122.119
35           -2.7106073543E+01         3.9042E-01        2.116E-05        121.917
36           -2.7106074233E+01         3.9165E-01        6.867E-06        121.882
37           -2.7106073433E+01         3.9156E-01        7.704E-06        122.210
38           -2.7106073020E+01         3.9173E-01        6.623E-06        124.034
39           -2.7106073098E+01         3.9201E-01        3.245E-06        139.092
40           -2.7106072909E+01         3.9213E-01        1.537E-06        157.048
41           -2.7106072860E+01         3.9247E-01        2.902E-06        164.254
42           -2.7106072817E+01         3.9227E-01        1.092E-06        144.361
43           -2.7106072629E+01         3.9228E-01        8.138E-07        168.954
Total number of SCF: 43    

k = [-0.250, -0.250, 0.000]
Occupation of state 218 = 0.000000000000000.
Occupation of state 242 = 0.000000000000000.
Exx outer loop error: 3.2904416093e-03 

No.4 Exx outer loop: 
1            -2.7106113066E+01         3.0357E-01        2.083E-03        130.176
2            -2.7106195414E+01         5.7464E-01        2.061E-03        124.784
3            -2.7106354162E+01         7.8593E-01        3.724E-03        122.114
4            -2.7106400865E+01         5.5908E-01        1.255E-03        122.042
5            -2.7106400003E+01         5.7207E-01        1.461E-03        122.246
6            -2.7106384705E+01         7.8159E-01        3.310E-03        122.151
7            -2.7106492906E+01         9.9735E-01        5.589E-03        122.126
8            -2.7106329309E+01         4.6376E-01        4.591E-04        122.284
9            -2.7106271732E+01         3.4608E-01        8.103E-04        122.495
10           -2.7106161401E+01         4.3949E-01        3.749E-04        122.181
11           -2.7106124904E+01         4.0212E-01        7.902E-05        122.197
12           -2.7106108494E+01         3.9742E-01        4.680E-05        122.082
13           -2.7106105443E+01         3.9764E-01        4.055E-05        122.227
14           -2.7106105792E+01         3.9713E-01        4.179E-05        122.065
15           -2.7106101300E+01         3.9562E-01        5.599E-05        122.084
16           -2.7106097667E+01         3.9641E-01        5.065E-05        123.554
17           -2.7106094927E+01         3.9796E-01        3.572E-05        121.930
18           -2.7106095888E+01         3.9962E-01        2.296E-05        121.950
19           -2.7106096256E+01         4.0337E-01        2.149E-05        122.148
20           -2.7106095423E+01         3.9600E-01        5.645E-05        122.128
21           -2.7106091477E+01         3.9538E-01        5.633E-05        122.234
22           -2.7106091733E+01         3.9545E-01        5.501E-05        122.755
23           -2.7106090148E+01         3.9441E-01        6.149E-05        122.106
24           -2.7106088339E+01         3.9477E-01        4.802E-05        122.253
25           -2.7106087375E+01         3.9535E-01        3.450E-05        122.127
26           -2.7106086741E+01         3.9606E-01        2.204E-05        122.077
27           -2.7106085417E+01         3.9658E-01        1.138E-05        122.066
28           -2.7106083605E+01         3.9724E-01        1.933E-06        121.990
29           -2.7106082947E+01         3.9712E-01        2.972E-06        122.000
30           -2.7106082528E+01         3.9717E-01        1.894E-06        121.823
31           -2.7106082483E+01         3.9737E-01        6.774E-07        121.632
Total number of SCF: 31    

k = [-0.250, -0.250, 0.000]
Occupation of state 218 = 0.000000000000000.
Occupation of state 242 = 0.000000000000000.
Exx outer loop error: 4.4914164120e-04 

No.5 Exx outer loop: 
1            -2.7106104794E+01         3.1730E-01        1.514E-03        126.285
2            -2.7106185616E+01         5.5349E-01        1.776E-03        122.680
3            -2.7106292672E+01         3.5409E-01        6.315E-04        122.212
4            -2.7106219275E+01         4.4017E-01        8.399E-04        122.780
5            -2.7106212938E+01         3.7896E-01        2.793E-04        122.276
6            -2.7106150549E+01         3.8915E-01        2.106E-04        122.691
7            -2.7106115143E+01         4.4070E-01        4.284E-04        122.251
8            -2.7106111761E+01         3.9517E-01        1.195E-04        133.427
9            -2.7106099423E+01         3.9938E-01        2.224E-05        122.183
10           -2.7106092102E+01         4.0476E-01        6.184E-05        122.027
11           -2.7106089431E+01         3.9914E-01        9.458E-06        122.023
12           -2.7106086048E+01         4.0183E-01        3.554E-05        121.944
13           -2.7106085960E+01         4.0037E-01        1.354E-05        121.967
14           -2.7106086003E+01         4.0173E-01        2.452E-05        122.057
15           -2.7106087278E+01         3.9955E-01        3.366E-06        121.940
16           -2.7106087411E+01         3.9936E-01        5.279E-06        121.849
17           -2.7106087056E+01         3.9941E-01        4.084E-06        121.850
18           -2.7106086791E+01         3.9970E-01        6.783E-07        121.586
Total number of SCF: 18    

k = [-0.250, -0.250, 0.000]
Occupation of state 218 = 0.000000000000000.
Occupation of state 242 = 0.000000000000000.
Exx outer loop error: 2.7417266702e-04 

No.6 Exx outer loop: 
1            -2.7106100561E+01         3.3416E-01        1.109E-03        126.377
2            -2.7106165192E+01         5.1763E-01        1.383E-03        122.219
3            -2.7106214897E+01         3.7732E-01        6.082E-04        121.976
4            -2.7106193212E+01         3.7795E-01        5.125E-04        122.302
5            -2.7106151029E+01         3.9039E-01        2.625E-04        122.130
6            -2.7106128513E+01         4.1181E-01        5.729E-05        122.106
7            -2.7106115361E+01         3.9102E-01        1.536E-04        127.926
8            -2.7106107348E+01         3.9318E-01        9.508E-05        126.749
9            -2.7106095099E+01         3.9666E-01        2.308E-05        122.043
10           -2.7106091685E+01         3.9745E-01        1.033E-05        122.111
11           -2.7106089891E+01         3.9814E-01        4.472E-06        121.994
12           -2.7106089757E+01         3.9792E-01        4.559E-06        122.782
13           -2.7106088839E+01         3.9840E-01        3.714E-06        122.076
14           -2.7106088544E+01         3.9821E-01        1.241E-06        121.908
15           -2.7106088418E+01         3.9876E-01        6.557E-06        122.731
16           -2.7106088709E+01         3.9876E-01        5.556E-06        122.663
17           -2.7106088703E+01         3.9870E-01        4.439E-06        121.925
18           -2.7106088801E+01         3.9820E-01        2.102E-06        121.778
19           -2.7106088763E+01         3.9829E-01        1.483E-06        121.808
20           -2.7106088802E+01         3.9823E-01        1.850E-06        122.315
21           -2.7106088783E+01         3.9832E-01        6.118E-07        121.728
Total number of SCF: 21    

k = [-0.250, -0.250, 0.000]
Occupation of state 218 = 0.000000000000000.
Occupation of state 242 = 0.000000000000000.
Exx outer loop error: 5.7476968223e-04 

No.7 Exx outer loop: 
1            -2.7106097388E+01         3.5326E-01        7.560E-04        126.928
2            -2.7106139368E+01         4.6716E-01        8.445E-04        122.714
3            -2.7106159698E+01         4.6786E-01        6.693E-04        122.397
4            -2.7106205686E+01         4.0681E-01        2.183E-04        122.170
5            -2.7106196005E+01         3.8188E-01        4.278E-04        122.142
6            -2.7106140648E+01         3.7893E-01        2.820E-04        122.899
7            -2.7106119946E+01         3.9537E-01        4.863E-05        122.335
8            -2.7106100318E+01         3.9439E-01        1.653E-05        122.383
9            -2.7106094766E+01         3.9460E-01        1.618E-05        121.901
10           -2.7106094388E+01         3.9496E-01        9.970E-06        122.033
11           -2.7106094246E+01         3.9442E-01        6.003E-06        122.231
12           -2.7106091330E+01         3.9556E-01        1.293E-05        121.924
13           -2.7106091915E+01         3.9488E-01        2.737E-06        121.926
14           -2.7106091781E+01         3.9442E-01        5.705E-06        122.153
15           -2.7106091359E+01         3.9456E-01        2.884E-06        122.029
16           -2.7106090473E+01         3.9489E-01        3.588E-06        121.830
17           -2.7106090447E+01         3.9462E-01        8.995E-07        121.676
Total number of SCF: 17    

k = [-0.250, -0.250, 0.000]
Occupation of state 218 = 0.000000000000000.
Occupation of state 242 = 0.000000000000000.
Exx outer loop error: 1.1441921152e-04 

No.8 Exx outer loop: 
1            -2.7106096144E+01         3.5931E-01        5.642E-04        126.117
2            -2.7106126484E+01         4.4264E-01        6.223E-04        122.143
3            -2.7106154006E+01         4.4903E-01        5.719E-04        125.443
4            -2.7106167507E+01         3.7947E-01        3.655E-04        122.439
5            -2.7106116149E+01         3.9731E-01        7.223E-05        122.967
6            -2.7106091702E+01         3.8957E-01        2.003E-05        125.106
7            -2.7106091260E+01         3.8947E-01        1.405E-05        122.838
8            -2.7106093116E+01         3.8951E-01        8.078E-06        125.702
9            -2.7106094005E+01         3.8964E-01        5.587E-06        142.258
10           -2.7106092365E+01         3.8948E-01        4.155E-06        134.762
11           -2.7106092734E+01         3.8953E-01        4.365E-06        140.258
12           -2.7106092076E+01         3.8968E-01        2.240E-06        125.977
13           -2.7106091570E+01         3.8957E-01        2.203E-06        137.573
14           -2.7106090991E+01         3.8966E-01        1.375E-06        142.980
15           -2.7106090830E+01         3.8996E-01        3.059E-06        144.484
16           -2.7106091156E+01         3.8976E-01        1.740E-06        122.012
17           -2.7106090863E+01         3.8961E-01        1.908E-06        122.139
18           -2.7106090813E+01         3.8985E-01        9.717E-07        138.426
Total number of SCF: 18    

k = [-0.250, -0.250, 0.000]
Occupation of state 218 = 0.000000000000000.
Occupation of state 242 = 0.000000000000000.
Exx outer loop error: 5.7904589177e-04 

No.9 Exx outer loop: 
1            -2.7106094728E+01         3.6322E-01        4.221E-04        131.802
2            -2.7106116936E+01         4.2499E-01        4.727E-04        123.302
3            -2.7106129506E+01         5.0349E-01        1.383E-03        148.363
4            -2.7106127734E+01         4.4915E-01        7.708E-04        140.311
5            -2.7106125231E+01         4.1362E-01        4.325E-04        122.393
6            -2.7106105965E+01         3.9007E-01        2.116E-04        122.332
7            -2.7106099467E+01         3.9079E-01        1.638E-04        123.333
8            -2.7106097369E+01         3.8786E-01        1.127E-04        145.201
9            -2.7106098539E+01         3.8653E-01        7.116E-05        125.265
10           -2.7106101487E+01         3.8642E-01        3.343E-05        122.166
11           -2.7106101907E+01         3.8442E-01        1.839E-05        125.151
12           -2.7106100157E+01         3.8412E-01        2.132E-05        152.782
13           -2.7106095974E+01         3.8492E-01        7.079E-06        122.378
14           -2.7106093473E+01         3.8405E-01        1.337E-05        140.781
15           -2.7106092442E+01         3.8468E-01        3.559E-06        122.039
16           -2.7106091738E+01         3.8434E-01        5.908E-06        121.931
17           -2.7106091413E+01         3.8498E-01        4.354E-06        122.170
18           -2.7106091323E+01         3.8505E-01        2.492E-06        122.075
19           -2.7106091348E+01         3.8495E-01        8.366E-07        121.751
Total number of SCF: 19    

k = [-0.250, -0.250, 0.000]
Occupation of state 218 = 0.000000000000000.
Occupation of state 242 = 0.000000000000000.
Exx outer loop error: 3.1109850802e-04 

No.10 Exx outer loop: 
1            -2.7106094671E+01         3.6642E-01        3.121E-04        137.852
2            -2.7106108539E+01         4.0561E-01        2.994E-04        122.117
3            -2.7106122303E+01         4.2304E-01        3.889E-04        122.086
4            -2.7106139831E+01         3.8481E-01        1.562E-04        122.251
5            -2.7106125564E+01         3.7662E-01        1.900E-04        122.167
6            -2.7106116995E+01         3.7808E-01        1.110E-04        122.633
7            -2.7106107436E+01         3.8281E-01        3.138E-05        122.126
8            -2.7106103631E+01         3.8776E-01        4.846E-05        121.978
9            -2.7106101666E+01         3.8157E-01        1.711E-05        122.186
10           -2.7106100066E+01         3.7962E-01        2.693E-05        122.017
11           -2.7106094698E+01         3.8086E-01        5.234E-06        121.880
12           -2.7106094457E+01         3.8033E-01        3.657E-06        122.102
13           -2.7106092091E+01         3.8031E-01        2.002E-06        122.162
14           -2.7106091519E+01         3.8063E-01        5.088E-06        122.401
15           -2.7106091319E+01         3.8071E-01        5.349E-06        122.079
16           -2.7106091350E+01         3.8052E-01        2.587E-06        121.914
17           -2.7106091292E+01         3.8049E-01        2.208E-06        122.128
18           -2.7106091454E+01         3.8043E-01        5.696E-07        121.666
Total number of SCF: 18    

k = [-0.250, -0.250, 0.000]
Occupation of state 218 = 0.000000000000000.
Occupation of state 242 = 0.000000000000000.
Exx outer loop error: 3.1964764988e-04 

No.11 Exx outer loop: 
1            -2.7106093769E+01         3.6618E-01        2.525E-04        142.901
2            -2.7106104091E+01         3.9628E-01        2.376E-04        122.143
3            -2.7106126129E+01         3.7343E-01        1.307E-04        122.347
4            -2.7106107674E+01         3.9643E-01        2.194E-04        122.197
5            -2.7106111583E+01         3.7902E-01        2.237E-05        122.492
6            -2.7106101713E+01         3.8380E-01        6.435E-05        122.381
7            -2.7106097464E+01         3.7810E-01        7.013E-06        122.017
8            -2.7106095426E+01         3.7572E-01        2.094E-05        122.254
9            -2.7106093589E+01         3.7612E-01        9.597E-06        121.971
10           -2.7106092361E+01         3.7708E-01        5.208E-06        126.033
11           -2.7106091927E+01         3.7650E-01        1.711E-06        121.863
12           -2.7106091588E+01         3.7640E-01        1.666E-06        121.947
13           -2.7106091380E+01         3.7638E-01        1.207E-06        136.632
14           -2.7106091342E+01         3.7658E-01        1.676E-06        125.884
15           -2.7106091205E+01         3.7645E-01        5.125E-07        121.836
Total number of SCF: 15    

k = [-0.250, -0.250, 0.000]
Occupation of state 218 = 0.000000000000000.
Occupation of state 242 = 0.000000000000000.
Exx outer loop error: 1.3111793749e-04 

No.12 Exx outer loop: 
1            -2.7106092646E+01         3.6634E-01        2.047E-04        126.155
2            -2.7106099511E+01         3.8630E-01        1.629E-04        121.822
3            -2.7106102070E+01         3.8324E-01        1.072E-04        122.055
4            -2.7106098458E+01         3.8142E-01        8.971E-05        123.949
5            -2.7106101212E+01         3.7475E-01        2.357E-05        122.319
6            -2.7106103134E+01         3.7087E-01        4.457E-05        128.025
7            -2.7106096381E+01         3.7592E-01        3.118E-05        141.266
8            -2.7106096266E+01         3.7257E-01        2.094E-05        125.141
9            -2.7106093937E+01         3.7259E-01        1.684E-05        122.100
10           -2.7106092735E+01         3.7361E-01        2.742E-06        121.893
11           -2.7106092063E+01         3.7309E-01        4.892E-06        121.951
12           -2.7106091689E+01         3.7316E-01        2.561E-06        122.095
13           -2.7106091464E+01         3.7324E-01        9.987E-07        121.909
Total number of SCF: 13    

k = [-0.250, -0.250, 0.000]
Occupation of state 218 = 0.000000000000000.
Occupation of state 242 = 0.000000000000000.
Exx outer loop error: 1.6600692262e-04 

No.13 Exx outer loop: 
1            -2.7106093205E+01         3.6014E-01        2.108E-04        217.719
2            -2.7106103165E+01         3.9464E-01        2.926E-04        199.263
3            -2.7106117800E+01         3.6876E-01        7.161E-05        180.624
4            -2.7106117389E+01         3.6890E-01        5.707E-05        133.633
5            -2.7106111915E+01         3.6927E-01        4.426E-05        128.062
6            -2.7106107067E+01         3.6877E-01        4.184E-05        220.281
7            -2.7106101486E+01         3.6884E-01        2.753E-05        122.099
8            -2.7106095097E+01         3.7177E-01        2.251E-05        121.893
9            -2.7106094270E+01         3.7027E-01        5.121E-06        122.282
10           -2.7106092841E+01         3.6964E-01        6.675E-06        121.880
11           -2.7106091885E+01         3.7057E-01        9.253E-06        122.022
12           -2.7106091563E+01         3.7043E-01        5.861E-06        121.824
13           -2.7106091715E+01         3.7034E-01        3.328E-06        122.105
14           -2.7106091761E+01         3.7037E-01        2.591E-06        122.309
15           -2.7106091772E+01         3.7030E-01        7.654E-07        121.619
Total number of SCF: 15    

k = [-0.250, -0.250, 0.000]
Occupation of state 218 = 0.000000000000000.
Occupation of state 242 = 0.000000000000000.
Exx outer loop error: 2.3538733002e-04 

No.14 Exx outer loop: 
1            -2.7106092836E+01         3.6527E-01        1.488E-04        126.099
2            -2.7106094836E+01         3.7282E-01        7.326E-05        125.314
3            -2.7106105600E+01         3.6438E-01        8.046E-05        128.602
4            -2.7106098959E+01         3.6851E-01        1.767E-05        123.225
5            -2.7106098401E+01         3.6828E-01        1.117E-05        122.492
6            -2.7106095241E+01         3.6783E-01        5.419E-06        121.950
7            -2.7106093286E+01         3.6843E-01        4.469E-06        122.076
8            -2.7106092792E+01         3.6819E-01        2.056E-06        122.155
9            -2.7106092295E+01         3.6794E-01        2.837E-06        121.970
10           -2.7106092089E+01         3.6821E-01        2.615E-06        121.775
11           -2.7106092077E+01         3.6795E-01        1.304E-06        121.798
12           -2.7106091774E+01         3.6810E-01        1.293E-06        121.745
13           -2.7106091814E+01         3.6797E-01        6.945E-07        121.638
Total number of SCF: 13    

k = [-0.250, -0.250, 0.000]
Occupation of state 218 = 0.000000000000000.
Occupation of state 242 = 0.000000000000000.
Exx outer loop error: 1.5049600950e-04 

No.15 Exx outer loop: 
1            -2.7106092775E+01         3.6339E-01        1.362E-04        126.234
2            -2.7106094819E+01         3.7192E-01        8.035E-05        121.933
3            -2.7106102034E+01         3.6787E-01        3.732E-05        123.658
4            -2.7106107261E+01         3.6722E-01        1.045E-05        122.095
5            -2.7106100887E+01         3.6550E-01        1.875E-05        122.295
6            -2.7106096763E+01         3.6639E-01        7.415E-06        122.664
7            -2.7106094653E+01         3.6615E-01        4.203E-06        122.009
8            -2.7106093673E+01         3.6623E-01        4.279E-06        122.160
9            -2.7106092534E+01         3.6573E-01        6.172E-06        122.292
10           -2.7106092220E+01         3.6608E-01        1.102E-06        122.002
11           -2.7106092285E+01         3.6612E-01        1.013E-06        122.077
12           -2.7106091811E+01         3.6588E-01        2.563E-06        122.059
13           -2.7106091566E+01         3.6608E-01        7.597E-07        125.499
Total number of SCF: 13    

k = [-0.250, -0.250, 0.000]
Occupation of state 218 = 0.000000000000000.
Occupation of state 242 = 0.000000000000000.
Exx outer loop error: 1.5122965821e-04 

No.16 Exx outer loop: 
1            -2.7106092202E+01         3.6207E-01        1.248E-04        126.057
2            -2.7106093946E+01         3.6987E-01        7.525E-05        123.968
3            -2.7106102847E+01         3.9717E-01        3.285E-04        122.200
4            -2.7106102683E+01         3.8689E-01        2.043E-04        122.095
5            -2.7106105698E+01         3.9025E-01        2.489E-04        122.124
6            -2.7106106062E+01         3.8575E-01        2.006E-04        122.300
7            -2.7106104583E+01         3.6652E-01        5.208E-05        122.084
8            -2.7106100323E+01         3.6203E-01        8.993E-05        122.052
9            -2.7106098488E+01         3.6195E-01        8.351E-05        121.948
10           -2.7106100377E+01         3.6009E-01        9.418E-05        121.827
11           -2.7106100850E+01         3.6193E-01        6.788E-05        122.046
12           -2.7106100569E+01         3.6087E-01        7.000E-05        122.162
13           -2.7106097753E+01         3.6380E-01        2.404E-05        123.517
14           -2.7106094356E+01         3.6443E-01        8.568E-06        122.154
15           -2.7106093153E+01         3.6429E-01        8.323E-06        132.640
16           -2.7106092312E+01         3.6438E-01        4.269E-06        123.047
17           -2.7106091688E+01         3.6470E-01        2.317E-06        122.169
18           -2.7106092022E+01         3.6454E-01        1.461E-06        122.000
19           -2.7106091736E+01         3.6421E-01        3.918E-06        122.121
20           -2.7106091580E+01         3.6446E-01        5.944E-07        122.478
Total number of SCF: 20    

k = [-0.250, -0.250, 0.000]
Occupation of state 218 = 0.000000000000000.
Occupation of state 242 = 0.000000000000000.
Exx outer loop error: 1.4862602009e-04 

No.17 Exx outer loop: 
1            -2.7106092305E+01         3.6446E-01        1.083E-04        127.811
2            -2.7106091630E+01         3.5990E-01        6.742E-05        125.068
3            -2.7106100140E+01         3.8137E-01        1.819E-04        123.363
4            -2.7106105546E+01         3.5425E-01        1.927E-04        134.154
5            -2.7106097924E+01         3.6511E-01        2.131E-05        122.336
6            -2.7106096149E+01         3.6132E-01        4.779E-05        123.121
7            -2.7106095063E+01         3.6305E-01        1.323E-05        142.495
8            -2.7106095005E+01         3.6320E-01        6.939E-06        123.497
9            -2.7106095100E+01         3.6314E-01        6.785E-06        122.472
10           -2.7106094102E+01         3.6318E-01        3.298E-06        151.670
11           -2.7106093157E+01         3.6324E-01        2.265E-06        141.349
12           -2.7106092464E+01         3.6320E-01        1.333E-06        121.971
13           -2.7106091948E+01         3.6320E-01        9.350E-07        121.816
Total number of SCF: 13    

k = [-0.250, -0.250, 0.000]
Occupation of state 218 = 0.000000000000000.
Occupation of state 242 = 0.000000000000000.
Exx outer loop error: 1.5955737702e-04 

No.18 Exx outer loop: 
1            -2.7106092940E+01         3.6350E-01        1.010E-04        126.114
2            -2.7106091967E+01         3.5891E-01        6.531E-05        122.191
3            -2.7106099079E+01         3.6503E-01        4.638E-05        121.944
4            -2.7106098466E+01         3.6549E-01        3.645E-05        122.075
5            -2.7106101313E+01         3.6194E-01        1.738E-05        122.233
6            -2.7106097082E+01         3.6280E-01        6.772E-06        122.260
7            -2.7106093312E+01         3.6409E-01        1.907E-05        121.987
8            -2.7106093200E+01         3.6295E-01        4.078E-06        121.881
9            -2.7106091943E+01         3.6231E-01        2.841E-06        123.898
10           -2.7106091556E+01         3.6243E-01        1.290E-06        121.816
11           -2.7106091473E+01         3.6269E-01        4.388E-06        121.855
12           -2.7106091673E+01         3.6243E-01        9.816E-07        121.637
Total number of SCF: 12    

k = [-0.250, -0.250, 0.000]
Occupation of state 218 = 0.000000000000000.
Occupation of state 242 = 0.000000000000000.
Exx outer loop error: 2.0467009288e-04 

No.19 Exx outer loop: 
