***************************************************************************
*                       SPARC (version Nov 19, 2021)                      *
*   Copyright (c) 2020 Material Physics & Mechanics Group, Georgia Tech   *
*           Distributed under GNU General Public License 3 (GPL)          *
*                   Start time: Tue Dec 14 14:44:55 2021                  *
***************************************************************************
                           Input parameters                                
***************************************************************************
CELL: 12.4338823950489 11.2657846029438 47.5378507412217 
LATVEC:
1.000000000000000 0.000000000000000 0.000000000000000 
-0.000130020950961 0.999999991547276 0.000000000000000 
0.000000000000000 -0.000000000000000 1.000000000000000 
FD_GRID: 66 60 252
FD_ORDER: 12
BC: P P D
KPOINT_GRID: 4 4 1
KPOINT_SHIFT: 0 0 0
SPIN_TYP: 1
ELEC_TEMP_TYPE: Gaussian
SMEARING: 0.007349864435
CHEB_DEGREE: 37
NSTATES: 240
EXCHANGE_CORRELATION: HSE
CALC_STRESS: 0
CALC_PRES: 0
CHEFSI_BOUND_FLAG: 0
MAXIT_SCF: 100
MINIT_SCF: 3
MAXIT_POISSON: 3000
TOL_SCF: 1.00E-06
POISSON_SOLVER: AAR
TOL_POISSON: 1.00E-08
TOL_LANCZOS: 1.00E-02
TOL_PSEUDOCHARGE: 1.00E-08
MIXING_VARIABLE: density
MIXING_PRECOND: kerker
MIXING_PRECOND_MAG: none
TOL_PRECOND: 3.54E-05
PRECOND_KERKER_KTF: 1
PRECOND_KERKER_THRESH: 0.1
MIXING_PARAMETER: 0.3
MIXING_PARAMETER_MAG: 0.3
MIXING_HISTORY: 7
PULAY_FREQUENCY: 1
PULAY_RESTART: 0
REFERENCE_CUTOFF: 0.5
RHO_TRIGGER: 4
FIX_RAND: 0
VERBOSITY: 1
PRINT_FORCES: 1
PRINT_ATOMS: 1
PRINT_EIGEN: 1
PRINT_DENSITY: 0
PRINT_ENERGY_DENSITY: 0
TOL_FOCK: 5.00E-05
TOL_SCF_INIT: 1.00E-04
MAXIT_FOCK: 1000
EXX_METHOD: FOURIER_SPACE
EXX_DIVERGENCE: AUXILIARY
ACE_FLAG: 1
EXX_ACE_MEM: 1
EXX_ACE_VALENCE_STATES: 10000
EXX_DOWNSAMPLING: 1 1 1
EXX_RANGE_FOCK: 0.106000
EXX_RANGE_PBE: 0.106000
OUTPUT_FILE: sprc-calc
***************************************************************************
                                Cell                                       
***************************************************************************
Lattice vectors (Bohr):
12.433882395048860 0.000000000000000 0.000000000000000 
-0.001464788027397 11.265784507717260 0.000000000000000 
0.000000000000000 -0.000000000000000 47.537850741221725 
Volume                  :  6.6589804186E+03 (Bohr^3)
***************************************************************************
                           Parallelization                                 
***************************************************************************
NP_SPIN_PARAL: 2
NP_KPOINT_PARAL: 10
NP_BAND_PARAL: 1
NP_DOMAIN_PARAL: 2 1 8
NP_DOMAIN_PHI_PARAL: 4 4 21
EIG_SERIAL_MAXNS: 1500
***************************************************************************
                             Initialization                                
***************************************************************************
Number of processors               :  336
Mesh spacing in x-direction        :  0.188392 (Bohr)
Mesh spacing in y-direction        :  0.187763 (Bohr)
Mesh spacing in z direction        :  0.188642 (Bohr)
Number of symmetry adapted k-points:  10
Output printed to                  :  sprc-calc.out
Final eigenvalues printed to       :  sprc-calc.eigen
Total number of atom types         :  5
Total number of atoms              :  51
Total number of electrons          :  393
Atom type 1  (valence electrons)   :  C 4
Pseudopotential                    :  C.psp8
Pseudocharge radii of atom type 1  :  6.78 6.76 6.79 (x, y, z dir)
Number of atoms of type 1          :  1
Atom type 2  (valence electrons)   :  H 1
Pseudopotential                    :  H.psp8
Pseudocharge radii of atom type 2  :  3.77 3.76 3.77 (x, y, z dir)
Number of atoms of type 2          :  1
Atom type 3  (valence electrons)   :  N 5
Pseudopotential                    :  N.psp8
Pseudocharge radii of atom type 3  :  6.78 6.76 6.79 (x, y, z dir)
Number of atoms of type 3          :  2
Atom type 4  (valence electrons)   :  O 6
Pseudopotential                    :  O.psp8
Pseudocharge radii of atom type 4  :  6.78 6.76 6.79 (x, y, z dir)
Number of atoms of type 4          :  31
Atom type 5  (valence electrons)   :  Ti 12
Pseudopotential                    :  Ti.psp8
Pseudocharge radii of atom type 5  :  6.78 6.76 6.79 (x, y, z dir)
Number of atoms of type 5          :  16
Estimated total memory usage       :  450.78 GB
Estimated memory per processor     :  1.34 GB
========================================================================================
                    Self Consistent Field (SCF#1)                     
========================================================================================
Iteration     Free Energy (Ha/atom)    Magnetization     SCF Error        Timing (sec)
1            -2.8767290364E+01         3.0019E+00        4.586E-01        338.136
2            -3.0481314060E+01         4.2201E+00        4.242E-01        80.835
3            -2.9489881013E+01        -2.7142E-01        3.658E-01        81.385
4            -2.9152445229E+01         6.4990E+00        2.942E-01        81.926
5            -2.9342803278E+01         5.6924E+00        2.668E-01        82.493
6            -2.9286859776E+01         3.7704E+00        2.006E-01        83.192
7            -2.9383425471E+01         1.9274E+00        2.100E-01        82.139
8            -2.9372665076E+01         1.1638E+00        1.465E-01        81.301
9            -2.9348673990E+01         1.4273E+00        1.245E-01        82.549
10           -2.9292122521E+01         4.6346E+00        1.097E-01        82.497
11           -2.9244804972E+01         1.8948E+00        1.015E-01        93.290
12           -2.9210230296E+01         6.0050E-01        8.696E-02        82.219
13           -2.9190914714E+01         6.2777E-01        6.578E-02        82.715
14           -2.9151263394E+01         2.1076E-01        7.390E-02        82.432
15           -2.9115722580E+01         4.6897E-01        6.118E-02        82.893
16           -2.9051115061E+01        -1.5050E+00        4.162E-02        82.143

***************************************************************************
*                       SPARC (version Nov 19, 2021)                      *
*   Copyright (c) 2020 Material Physics & Mechanics Group, Georgia Tech   *
*           Distributed under GNU General Public License 3 (GPL)          *
*                   Start time: Fri Dec 17 09:27:08 2021                  *
***************************************************************************
                           Input parameters                                
***************************************************************************
CELL: 12.4338823950489 11.2657846029438 47.5378507412217 
LATVEC:
1.000000000000000 0.000000000000000 0.000000000000000 
-0.000130020950961 0.999999991547276 0.000000000000000 
0.000000000000000 -0.000000000000000 1.000000000000000 
FD_GRID: 66 60 252
FD_ORDER: 12
BC: P P D
KPOINT_GRID: 4 4 1
KPOINT_SHIFT: 0 0 0
SPIN_TYP: 1
ELEC_TEMP_TYPE: Gaussian
SMEARING: 0.007349864435
CHEB_DEGREE: 37
NSTATES: 240
EXCHANGE_CORRELATION: HSE
CALC_STRESS: 0
CALC_PRES: 0
CHEFSI_BOUND_FLAG: 0
MAXIT_SCF: 100
MINIT_SCF: 3
MAXIT_POISSON: 3000
TOL_SCF: 1.00E-06
POISSON_SOLVER: AAR
TOL_POISSON: 1.00E-08
TOL_LANCZOS: 1.00E-02
TOL_PSEUDOCHARGE: 1.00E-08
MIXING_VARIABLE: density
MIXING_PRECOND: kerker
MIXING_PRECOND_MAG: none
TOL_PRECOND: 3.54E-05
PRECOND_KERKER_KTF: 1
PRECOND_KERKER_THRESH: 0.1
MIXING_PARAMETER: 0.3
MIXING_PARAMETER_MAG: 0.3
MIXING_HISTORY: 7
PULAY_FREQUENCY: 1
PULAY_RESTART: 0
REFERENCE_CUTOFF: 0.5
RHO_TRIGGER: 4
FIX_RAND: 0
VERBOSITY: 1
PRINT_FORCES: 1
PRINT_ATOMS: 1
PRINT_EIGEN: 1
PRINT_DENSITY: 0
PRINT_ENERGY_DENSITY: 0
TOL_FOCK: 5.00E-05
TOL_SCF_INIT: 1.00E-04
MAXIT_FOCK: 1000
EXX_METHOD: FOURIER_SPACE
EXX_DIVERGENCE: AUXILIARY
ACE_FLAG: 1
EXX_ACE_MEM: 1
EXX_ACE_VALENCE_STATES: 10000
EXX_DOWNSAMPLING: 1 1 1
EXX_RANGE_FOCK: 0.106000
EXX_RANGE_PBE: 0.106000
OUTPUT_FILE: sprc-calc
***************************************************************************
                                Cell                                       
***************************************************************************
Lattice vectors (Bohr):
12.433882395048860 0.000000000000000 0.000000000000000 
-0.001464788027397 11.265784507717260 0.000000000000000 
0.000000000000000 -0.000000000000000 47.537850741221725 
Volume                  :  6.6589804186E+03 (Bohr^3)
***************************************************************************
                           Parallelization                                 
***************************************************************************
NP_SPIN_PARAL: 2
NP_KPOINT_PARAL: 10
NP_BAND_PARAL: 1
NP_DOMAIN_PARAL: 2 1 8
NP_DOMAIN_PHI_PARAL: 4 4 21
EIG_SERIAL_MAXNS: 1500
***************************************************************************
                             Initialization                                
***************************************************************************
Number of processors               :  336
Mesh spacing in x-direction        :  0.188392 (Bohr)
Mesh spacing in y-direction        :  0.187763 (Bohr)
Mesh spacing in z direction        :  0.188642 (Bohr)
Number of symmetry adapted k-points:  10
Output printed to                  :  sprc-calc.out_01
Final eigenvalues printed to       :  sprc-calc.eigen_01
Total number of atom types         :  5
Total number of atoms              :  51
Total number of electrons          :  393
Atom type 1  (valence electrons)   :  C 4
Pseudopotential                    :  C.psp8
Pseudocharge radii of atom type 1  :  6.78 6.76 6.79 (x, y, z dir)
Number of atoms of type 1          :  1
Atom type 2  (valence electrons)   :  H 1
Pseudopotential                    :  H.psp8
Pseudocharge radii of atom type 2  :  3.77 3.76 3.77 (x, y, z dir)
Number of atoms of type 2          :  1
Atom type 3  (valence electrons)   :  N 5
Pseudopotential                    :  N.psp8
Pseudocharge radii of atom type 3  :  6.78 6.76 6.79 (x, y, z dir)
Number of atoms of type 3          :  2
Atom type 4  (valence electrons)   :  O 6
Pseudopotential                    :  O.psp8
Pseudocharge radii of atom type 4  :  6.78 6.76 6.79 (x, y, z dir)
Number of atoms of type 4          :  31
Atom type 5  (valence electrons)   :  Ti 12
Pseudopotential                    :  Ti.psp8
Pseudocharge radii of atom type 5  :  6.78 6.76 6.79 (x, y, z dir)
Number of atoms of type 5          :  16
Estimated total memory usage       :  450.78 GB
Estimated memory per processor     :  1.34 GB
========================================================================================
                    Self Consistent Field (SCF#1)                     
========================================================================================
Iteration     Free Energy (Ha/atom)    Magnetization     SCF Error        Timing (sec)
1            -2.8767290364E+01         3.0019E+00        4.586E-01        321.246
2            -3.0481314062E+01         4.2201E+00        4.242E-01        80.073
3            -2.9489881012E+01        -2.7142E-01        3.658E-01        80.066
4            -2.9152445228E+01         6.4990E+00        2.942E-01        80.716
5            -2.9342803277E+01         5.6924E+00        2.668E-01        79.995
6            -2.9286859776E+01         3.7704E+00        2.006E-01        80.986
7            -2.9383425469E+01         1.9274E+00        2.100E-01        80.494
8            -2.9372665076E+01         1.1638E+00        1.465E-01        80.153
9            -2.9348673990E+01         1.4273E+00        1.245E-01        80.212
10           -2.9292122521E+01         4.6346E+00        1.097E-01        80.031
11           -2.9244804972E+01         1.8948E+00        1.015E-01        80.965
12           -2.9210230296E+01         6.0050E-01        8.696E-02        81.470
13           -2.9190914717E+01         6.2777E-01        6.578E-02        80.039
14           -2.9151263402E+01         2.1076E-01        7.390E-02        80.604
15           -2.9115722591E+01         4.6897E-01        6.118E-02        80.596
16           -2.9051115034E+01        -1.5052E+00        4.162E-02        79.930
17           -2.9046063385E+01         1.0865E+00        4.521E-02        79.848
18           -2.9030066155E+01         6.1109E-01        4.467E-02        81.693
19           -2.8990965886E+01         4.2329E-01        3.574E-02        80.205
20           -2.8965031029E+01         4.6413E-01        2.751E-02        80.206
21           -2.8942348481E+01         1.6937E-01        4.709E-02        80.398
22           -2.8937223651E+01         1.8457E-01        2.619E-02        80.546
23           -2.8935922816E+01         4.0864E-02        2.649E-02        80.132
24           -2.8931827858E+01         7.5693E-02        2.461E-02        80.717
25           -2.8922515807E+01        -1.5083E-01        1.559E-02        79.950
26           -2.8918665483E+01         4.6143E-01        2.075E-02        80.181
27           -2.8908788635E+01         8.4617E-02        1.667E-02        80.650
28           -2.8902103110E+01         2.1079E-01        1.928E-02        80.428
29           -2.8898780443E+01         1.0119E-01        1.458E-02        80.312
30           -2.8884091269E+01         8.2774E-02        1.049E-02        80.715
31           -2.8883693913E+01         8.1139E-02        9.687E-03        80.723
32           -2.8881210016E+01         5.2579E-02        1.018E-02        80.282
33           -2.8877030996E+01         7.0249E-02        5.735E-03        81.244
34           -2.8874782178E+01         6.1494E-02        4.746E-03        80.298
35           -2.8872023736E+01         6.1753E-04        4.714E-03        80.586
36           -2.8871656984E+01         7.5723E-03        3.232E-03        80.412
37           -2.8870468732E+01        -1.1163E-01        5.997E-03        79.889
38           -2.8870499990E+01        -6.2276E-02        3.734E-03        79.947
39           -2.8870250982E+01        -3.3509E-02        2.438E-03        80.364
40           -2.8869711743E+01         3.1758E-02        3.922E-03        79.890
41           -2.8869522312E+01         2.2206E-02        2.735E-03        81.723
42           -2.8868974707E+01         8.8909E-03        1.722E-03        80.774
43           -2.8868707706E+01         1.4107E-02        1.700E-03        80.085
44           -2.8868409824E+01         1.4977E-02        1.620E-03        80.724
45           -2.8868153222E+01         1.9404E-02        1.246E-03        80.313
46           -2.8868111360E+01         1.7120E-02        6.952E-04        80.356
47           -2.8867976985E+01         2.1042E-02        3.945E-04        80.058
48           -2.8867906850E+01         2.1053E-02        3.047E-04        83.479
49           -2.8867736919E+01         2.3483E-02        2.030E-04        80.584
50           -2.8867679860E+01         2.4896E-02        4.704E-04        81.171
51           -2.8867641929E+01         2.4741E-02        1.155E-04        80.068
52           -2.8867601353E+01         2.5579E-02        1.163E-04        80.286
53           -2.8867585475E+01         2.5831E-02        5.585E-05        82.952
Total number of SCF: 53    

k = [-0.250, -0.250, 0.000]
Occupation of state 216 = 0.000000000002046.
Occupation of state 240 = 0.000000000000000.

No.1 Exx outer loop: 
1            -2.8663483569E+01         5.5806E-02        1.387E-02        127.448
2            -2.8654716932E+01         6.3051E-02        1.350E-02        120.370
3            -2.8657995670E+01         8.6464E-02        1.063E-02        136.088
4            -2.8667342675E+01         1.4058E-01        2.254E-02        122.007
5            -2.8664263586E+01         1.1084E-01        7.381E-03        122.063
6            -2.8668127911E+01         1.1404E-01        4.627E-03        120.814
7            -2.8668361195E+01         7.8223E-02        6.144E-03        120.489
8            -2.8668009797E+01         8.3087E-02        5.184E-03        134.315
9            -2.8667583629E+01         9.1467E-02        3.832E-03        120.327
10           -2.8667321397E+01         1.0135E-01        2.188E-03        120.094
11           -2.8666454129E+01         2.4166E-02        6.884E-03        122.507
12           -2.8666891937E+01         8.6955E-02        2.415E-03        120.105
13           -2.8666639322E+01         4.9767E-02        3.777E-03        119.984
14           -2.8666877775E+01         1.0553E-01        2.259E-03        120.347
15           -2.8666867128E+01         1.0351E-01        1.876E-03        120.157
16           -2.8666711992E+01         8.1667E-02        1.559E-03        120.078
17           -2.8666759750E+01         1.0110E-01        1.276E-03        120.099
18           -2.8666493813E+01         1.0141E-01        1.043E-03        120.220
19           -2.8666128286E+01         1.0541E-01        8.329E-04        120.327
20           -2.8665632451E+01         1.1557E-01        9.089E-04        120.240
21           -2.8665460111E+01         1.0951E-01        4.175E-04        120.723
22           -2.8665243600E+01         1.1413E-01        3.426E-04        120.711
23           -2.8665115310E+01         1.1600E-01        2.408E-04        120.418
24           -2.8664974307E+01         1.1838E-01        2.142E-04        120.221
25           -2.8665010886E+01         1.1869E-01        1.474E-04        119.978
26           -2.8664977513E+01         1.1878E-01        1.837E-04        120.901
27           -2.8664970519E+01         1.1928E-01        1.450E-04        120.189
28           -2.8664959082E+01         1.1810E-01        1.959E-04        121.087
29           -2.8664964664E+01         1.1780E-01        2.999E-04        120.631
30           -2.8664978948E+01         1.1848E-01        1.599E-04        120.095
31           -2.8664952732E+01         1.1565E-01        2.726E-04        119.954
32           -2.8664939102E+01         1.1759E-01        6.178E-05        120.055
33           -2.8664940870E+01         1.1774E-01        8.888E-05        120.243
34           -2.8664933947E+01         1.1763E-01        3.339E-05        119.775
35           -2.8664942528E+01         1.1722E-01        4.058E-05        120.002
36           -2.8664938921E+01         1.1680E-01        3.178E-05        120.900
37           -2.8664941577E+01         1.1652E-01        1.371E-05        119.827
38           -2.8664943862E+01         1.1645E-01        5.458E-06        119.820
39           -2.8664947040E+01         1.1639E-01        4.009E-06        120.954
40           -2.8664947313E+01         1.1640E-01        3.656E-06        120.024
41           -2.8664946069E+01         1.1650E-01        5.721E-06        121.624
42           -2.8664945416E+01         1.1652E-01        4.065E-06        119.865
43           -2.8664945125E+01         1.1656E-01        3.078E-06        119.713
44           -2.8664944989E+01         1.1661E-01        2.808E-06        120.377
45           -2.8664944601E+01         1.1670E-01        2.862E-06        119.991
46           -2.8664944955E+01         1.1672E-01        1.734E-06        119.794
47           -2.8664944889E+01         1.1672E-01        5.668E-07        119.607
Total number of SCF: 47    

k = [-0.250, -0.250, 0.000]
Occupation of state 216 = 0.000000000000001.
Occupation of state 240 = 0.000000000000000.
Exx outer loop error: 6.4556821216e-01 

No.2 Exx outer loop: 
1            -2.8665244297E+01         2.5908E-01        2.118E-03        125.066
2            -2.8664700522E+01         2.7776E-01        2.011E-03        120.880
3            -2.8666248013E+01         4.5663E-01        5.541E-03        120.141
4            -2.8666128886E+01         4.3660E-01        5.423E-03        120.163
5            -2.8666095035E+01         4.3014E-01        5.525E-03        119.952
6            -2.8665652502E+01         4.2786E-01        3.484E-03        120.453
7            -2.8665108784E+01         3.7789E-01        2.216E-03        120.466
8            -2.8665109666E+01         3.2559E-01        1.560E-03        120.193
9            -2.8665373992E+01         2.8942E-01        1.910E-03        120.526
10           -2.8665457346E+01         2.9214E-01        2.118E-03        121.676
11           -2.8665492083E+01         2.9308E-01        1.407E-03        120.084
12           -2.8665401341E+01         3.3948E-01        1.519E-03        120.117
13           -2.8665470514E+01         3.8276E-01        1.819E-03        119.993
14           -2.8665469842E+01         3.9740E-01        8.295E-04        132.612
15           -2.8665353285E+01         3.8654E-01        2.459E-04        121.494
16           -2.8665301431E+01         3.9028E-01        2.014E-04        121.302
17           -2.8665313726E+01         3.9226E-01        2.124E-04        141.708
18           -2.8665288677E+01         3.9134E-01        7.119E-05        120.434
19           -2.8665255700E+01         3.9006E-01        7.520E-05        120.286
20           -2.8665243886E+01         3.9012E-01        4.050E-05        120.218
21           -2.8665230706E+01         3.8980E-01        3.481E-05        125.718
22           -2.8665227854E+01         3.8910E-01        2.413E-05        120.046
23           -2.8665225474E+01         3.8874E-01        1.508E-05        120.008
24           -2.8665218097E+01         3.8853E-01        8.767E-06        140.880
25           -2.8665215498E+01         3.8845E-01        6.568E-06        123.591
26           -2.8665213042E+01         3.8842E-01        4.088E-06        123.713
27           -2.8665213150E+01         3.8839E-01        2.950E-06        120.149
28           -2.8665212577E+01         3.8836E-01        2.351E-06        121.564
29           -2.8665212023E+01         3.8819E-01        3.947E-06        135.251
30           -2.8665212136E+01         3.8842E-01        5.136E-06        126.875
31           -2.8665211835E+01         3.8829E-01        1.718E-06        127.461
32           -2.8665211814E+01         3.8850E-01        4.489E-06        127.429
33           -2.8665211518E+01         3.8838E-01        1.184E-06        122.316
34           -2.8665211450E+01         3.8846E-01        1.569E-06        120.525
35           -2.8665211421E+01         3.8842E-01        1.494E-06        121.294
36           -2.8665211566E+01         3.8843E-01        5.558E-07        120.531
Total number of SCF: 36    

k = [-0.250, -0.250, 0.000]
Occupation of state 216 = 0.000000000000002.
Occupation of state 240 = 0.000000000000000.
Exx outer loop error: 9.3771742030e-03 

No.3 Exx outer loop: 
1            -2.8665289925E+01         6.8441E-01        4.106E-03        125.838
2            -2.8665688840E+01         6.0432E-01        1.828E-03        122.024
3            -2.8665954439E+01         5.8390E-01        1.494E-03        121.160
4            -2.8666083209E+01         6.1140E-01        1.007E-03        121.958
5            -2.8666107666E+01         6.3322E-01        7.404E-04        138.331
6            -2.8665969138E+01         6.5561E-01        6.999E-04        125.304
7            -2.8665795125E+01         6.9236E-01        1.071E-03        127.393
8            -2.8665756479E+01         7.2419E-01        1.374E-03        145.244
9            -2.8665882666E+01         6.5778E-01        3.608E-04        140.218
10           -2.8665701099E+01         6.5363E-01        3.923E-04        142.095
11           -2.8665457945E+01         6.5329E-01        2.402E-04        142.144
12           -2.8665439353E+01         7.0532E-01        9.138E-04        123.682
13           -2.8665358671E+01         6.4384E-01        3.240E-04        121.396
14           -2.8665351298E+01         6.3690E-01        3.806E-04        136.923
15           -2.8665351769E+01         6.4782E-01        9.771E-05        121.126
16           -2.8665327888E+01         6.3601E-01        2.664E-04        120.991
17           -2.8665328535E+01         6.4431E-01        9.833E-05        132.910
18           -2.8665313480E+01         6.2633E-01        4.688E-04        121.278
19           -2.8665306870E+01         6.2959E-01        3.691E-04        120.739
20           -2.8665309063E+01         6.4171E-01        1.302E-04        121.283
21           -2.8665298519E+01         6.4504E-01        6.277E-05        121.154
22           -2.8665294177E+01         6.4566E-01        6.043E-05        125.543
23           -2.8665289600E+01         6.5813E-01        2.366E-04        120.915
24           -2.8665272688E+01         6.4645E-01        1.893E-05        122.370
25           -2.8665269171E+01         6.4648E-01        1.380E-05        121.120
26           -2.8665264406E+01         6.4674E-01        7.582E-06        121.897
27           -2.8665262081E+01         6.4651E-01        4.136E-06        122.449
28           -2.8665261207E+01         6.4646E-01        3.359E-06        120.661
29           -2.8665259936E+01         6.4637E-01        2.099E-06        121.160
30           -2.8665259666E+01         6.4641E-01        2.260E-06        120.554
31           -2.8665259294E+01         6.4650E-01        3.544E-06        120.987
32           -2.8665259614E+01         6.4645E-01        1.298E-06        120.484
33           -2.8665259558E+01         6.4645E-01        8.907E-07        120.443
Total number of SCF: 33    

k = [-0.250, -0.250, 0.000]
Occupation of state 216 = 0.000000000000001.
Occupation of state 240 = 0.000000000000000.
Exx outer loop error: 5.6494143018e-03 

No.4 Exx outer loop: 
1            -2.8665331173E+01         8.4795E-01        3.958E-03        124.720
2            -2.8665620046E+01         7.5270E-01        1.290E-03        121.049
3            -2.8665445288E+01         7.6521E-01        7.774E-04        121.257
4            -2.8665563854E+01         6.9360E-01        1.432E-03        121.081
5            -2.8665414648E+01         7.5023E-01        3.177E-04        120.933
6            -2.8665400350E+01         7.6223E-01        3.002E-04        120.810
7            -2.8665434965E+01         7.6321E-01        2.158E-04        120.616
8            -2.8665455532E+01         7.5664E-01        1.189E-04        120.994
9            -2.8665412558E+01         7.5699E-01        1.003E-04        121.314
10           -2.8665353172E+01         7.5845E-01        4.972E-05        120.778
11           -2.8665328264E+01         7.5932E-01        3.079E-05        120.720
12           -2.8665309068E+01         7.6428E-01        9.334E-05        120.981
13           -2.8665311172E+01         7.6030E-01        2.335E-05        120.929
14           -2.8665305769E+01         7.6324E-01        7.519E-05        120.872
15           -2.8665304757E+01         7.6105E-01        3.566E-05        123.303
16           -2.8665302384E+01         7.5804E-01        2.280E-05        121.177
17           -2.8665303173E+01         7.5829E-01        1.556E-05        121.098
18           -2.8665302485E+01         7.5790E-01        1.945E-05        124.773
19           -2.8665301841E+01         7.5838E-01        8.828E-06        139.524
20           -2.8665300751E+01         7.5864E-01        3.101E-06        129.014
21           -2.8665299894E+01         7.5847E-01        3.589E-06        120.616
22           -2.8665299744E+01         7.5873E-01        5.137E-06        121.365
23           -2.8665299425E+01         7.5819E-01        4.793E-06        120.747
24           -2.8665298952E+01         7.5808E-01        5.147E-06        134.603
25           -2.8665298751E+01         7.5825E-01        1.321E-06        127.506
26           -2.8665298482E+01         7.5831E-01        4.506E-07        122.029
Total number of SCF: 26    

k = [-0.250, -0.250, 0.000]
Occupation of state 216 = 0.000000000000000.
Occupation of state 240 = 0.000000000000000.
Exx outer loop error: 6.2567759039e-03 

No.5 Exx outer loop: 
1            -2.8665339030E+01         8.3601E-01        2.481E-03        124.865
2            -2.8665438457E+01         7.7937E-01        7.401E-04        120.353
3            -2.8665544736E+01         8.5458E-01        1.491E-03        120.828
4            -2.8665560818E+01         8.6127E-01        1.555E-03        121.083
5            -2.8665509065E+01         7.7957E-01        4.270E-04        120.733
6            -2.8665508153E+01         7.8524E-01        3.283E-04        120.604
7            -2.8665495248E+01         7.8959E-01        2.120E-04        120.657
8            -2.8665432582E+01         7.8078E-01        2.575E-04        120.693
9            -2.8665397449E+01         7.8471E-01        8.664E-05        122.450
10           -2.8665382239E+01         7.8385E-01        8.634E-05        120.597
11           -2.8665373627E+01         7.8467E-01        5.006E-05        121.305
12           -2.8665359198E+01         7.8346E-01        5.486E-05        120.715
13           -2.8665347629E+01         7.8363E-01        3.922E-05        120.607
14           -2.8665331480E+01         7.8440E-01        1.971E-05        120.454
15           -2.8665325941E+01         7.8468E-01        1.488E-05        120.683
16           -2.8665320109E+01         7.8487E-01        9.439E-06        120.675
17           -2.8665317755E+01         7.8507E-01        6.078E-06        120.720
18           -2.8665317309E+01         7.8518E-01        4.627E-06        120.414
19           -2.8665318068E+01         7.8497E-01        6.330E-06        120.873
20           -2.8665316249E+01         7.8497E-01        3.603E-06        120.375
21           -2.8665315835E+01         7.8509E-01        1.765E-06        120.462
22           -2.8665316403E+01         7.8491E-01        2.937E-06        120.380
23           -2.8665316146E+01         7.8492E-01        2.591E-06        120.175
24           -2.8665316060E+01         7.8500E-01        8.235E-07        120.903
Total number of SCF: 24    

k = [-0.250, -0.250, 0.000]
Occupation of state 216 = 0.000000000000000.
Occupation of state 240 = 0.000000000000000.
Exx outer loop error: 3.9306428435e-03 

No.6 Exx outer loop: 
1            -2.8665339326E+01         8.1200E-01        1.522E-03        124.931
2            -2.8665369566E+01         7.8821E-01        5.410E-04        138.241
3            -2.8665412075E+01         8.2112E-01        5.416E-04        162.040
4            -2.8665505173E+01         7.9386E-01        4.225E-04        205.843
5            -2.8665400214E+01         8.0213E-01        1.059E-04        153.808
6            -2.8665381131E+01         8.0070E-01        8.824E-05        161.691
7            -2.8665381824E+01         7.9152E-01        1.317E-04        160.276
8            -2.8665356894E+01         7.9209E-01        5.393E-05        145.223
9            -2.8665347506E+01         7.9083E-01        5.426E-05        145.040
10           -2.8665340206E+01         7.9166E-01        2.597E-05        155.402
11           -2.8665333876E+01         7.9175E-01        1.673E-05        153.989
12           -2.8665328908E+01         7.9261E-01        1.247E-05        141.726
13           -2.8665329196E+01         7.9209E-01        4.942E-06        138.440
14           -2.8665328581E+01         7.9216E-01        3.545E-06        120.704
15           -2.8665327272E+01         7.9223E-01        2.265E-06        120.466
16           -2.8665326329E+01         7.9210E-01        2.079E-06        120.406
17           -2.8665325951E+01         7.9214E-01        7.781E-07        122.123
Total number of SCF: 17    

k = [-0.250, -0.250, 0.000]
Occupation of state 216 = 0.000000000000000.
Occupation of state 240 = 0.000000000000000.
Exx outer loop error: 3.1615165776e-03 

No.7 Exx outer loop: 
1            -2.8665340422E+01         8.0659E-01        9.481E-04        125.234
2            -2.8665354851E+01         7.9269E-01        3.730E-04        126.572
3            -2.8665533015E+01         8.6990E-01        1.807E-03        121.435
4            -2.8665416144E+01         8.0631E-01        2.558E-04        120.530
5            -2.8665413048E+01         7.9825E-01        1.352E-04        120.687
6            -2.8665389542E+01         7.9841E-01        9.119E-05        122.421
7            -2.8665367086E+01         7.9769E-01        7.151E-05        121.616
8            -2.8665349392E+01         8.0413E-01        1.455E-04        120.912
9            -2.8665343107E+01         7.9536E-01        7.827E-05        120.600
10           -2.8665338931E+01         7.9779E-01        1.626E-05        120.352
11           -2.8665338023E+01         7.9818E-01        2.897E-05        120.578
12           -2.8665335801E+01         7.9633E-01        9.827E-06        120.744
13           -2.8665335785E+01         7.9628E-01        5.926E-06        120.520
14           -2.8665334785E+01         7.9603E-01        4.508E-06        120.657
15           -2.8665333758E+01         7.9601E-01        3.374E-06        120.362
16           -2.8665332746E+01         7.9612E-01        4.406E-06        121.210
17           -2.8665332344E+01         7.9609E-01        2.650E-06        120.659
18           -2.8665332051E+01         7.9597E-01        2.097E-06        120.249
19           -2.8665332028E+01         7.9604E-01        7.503E-07        120.369
Total number of SCF: 19    

k = [-0.250, -0.250, 0.000]
Occupation of state 216 = 0.000000000000000.
Occupation of state 240 = 0.000000000000000.
Exx outer loop error: 2.1034918124e-03 

No.8 Exx outer loop: 
1            -2.8665340309E+01         8.0642E-01        5.397E-04        125.275
2            -2.8665350599E+01         8.0004E-01        2.278E-04        122.267
3            -2.8665351984E+01         8.0144E-01        1.795E-04        121.828
4            -2.8665342046E+01         8.0067E-01        7.224E-05        121.981
5            -2.8665348605E+01         8.0081E-01        3.582E-05        121.639
6            -2.8665346378E+01         8.0102E-01        3.152E-05        122.363
7            -2.8665344717E+01         8.0122E-01        2.203E-05        121.797
8            -2.8665342338E+01         8.0114E-01        1.321E-05        123.254
9            -2.8665341067E+01         8.0128E-01        9.061E-06        121.324
10           -2.8665339203E+01         8.0125E-01        7.903E-06        122.528
11           -2.8665337481E+01         8.0080E-01        1.269E-05        122.242
12           -2.8665337089E+01         8.0103E-01        6.080E-06        121.452
13           -2.8665336456E+01         8.0120E-01        4.305E-06        121.466
14           -2.8665336544E+01         8.0117E-01        7.026E-06        121.575
15           -2.8665335666E+01         8.0130E-01        2.449E-06        121.765
16           -2.8665335355E+01         8.0126E-01        2.856E-06        121.327
17           -2.8665334920E+01         8.0131E-01        1.395E-06        122.159
18           -2.8665334597E+01         8.0129E-01        1.692E-06        121.161
19           -2.8665334508E+01         8.0132E-01        1.076E-06        121.565
20           -2.8665334527E+01         8.0132E-01        9.659E-07        121.170
Total number of SCF: 20    

k = [-0.250, -0.250, 0.000]
Occupation of state 216 = 0.000000000000000.
Occupation of state 240 = 0.000000000000000.
Exx outer loop error: 8.4581542295e-04 

No.9 Exx outer loop: 
1            -2.8665338715E+01         8.1020E-01        2.965E-04        126.067
2            -2.8665347838E+01         8.0705E-01        1.312E-04        121.451
3            -2.8665387662E+01         7.9751E-01        3.281E-04        122.094
4            -2.8665371493E+01         8.0810E-01        8.127E-05        121.839
5            -2.8665378622E+01         8.0816E-01        3.924E-05        121.385
6            -2.8665362610E+01         8.0764E-01        4.375E-05        130.832
7            -2.8665354477E+01         8.0788E-01        2.059E-05        197.341
8            -2.8665351225E+01         8.0869E-01        3.783E-05        140.217
9            -2.8665351361E+01         8.0809E-01        1.394E-05        137.195
10           -2.8665348205E+01         8.0835E-01        1.083E-05        121.352
11           -2.8665346883E+01         8.0884E-01        2.427E-05        122.364
12           -2.8665344726E+01         8.0844E-01        7.490E-06        135.703
13           -2.8665342025E+01         8.0837E-01        4.900E-06        122.552
14           -2.8665340345E+01         8.0845E-01        3.604E-06        125.510
15           -2.8665340559E+01         8.0837E-01        3.133E-06        128.137
16           -2.8665339332E+01         8.0824E-01        5.698E-06        129.958
17           -2.8665338883E+01         8.0832E-01        1.724E-06        131.136
18           -2.8665337389E+01         8.0836E-01        2.611E-06        141.862
19           -2.8665336753E+01         8.0834E-01        1.483E-06        129.650
20           -2.8665336306E+01         8.0833E-01        6.388E-07        129.662
Total number of SCF: 20    

k = [-0.250, -0.250, 0.000]
Occupation of state 216 = 0.000000000000000.
Occupation of state 240 = 0.000000000000000.
Exx outer loop error: 8.0694243314e-04 

No.10 Exx outer loop: 
1            -2.8665338676E+01         8.1543E-01        1.567E-04        126.450
2            -2.8665345588E+01         8.1510E-01        9.112E-05        122.733
3            -2.8665391834E+01         8.3068E-01        6.029E-04        121.221
4            -2.8665405124E+01         8.3310E-01        7.295E-04        121.755
5            -2.8665392731E+01         8.3198E-01        6.562E-04        121.851
6            -2.8665360160E+01         8.2255E-01        2.210E-04        121.649
7            -2.8665346592E+01         8.1551E-01        6.547E-05        121.397
8            -2.8665351568E+01         8.1682E-01        2.846E-05        123.803
9            -2.8665350373E+01         8.1599E-01        1.920E-05        121.803
10           -2.8665348891E+01         8.1590E-01        1.787E-05        122.472
11           -2.8665345897E+01         8.1602E-01        1.273E-05        121.659
12           -2.8665342057E+01         8.1613E-01        4.330E-06        121.664
13           -2.8665341107E+01         8.1601E-01        6.040E-06        121.739
14           -2.8665340451E+01         8.1602E-01        5.100E-06        121.805
15           -2.8665339287E+01         8.1599E-01        4.105E-06        121.584
16           -2.8665338399E+01         8.1602E-01        1.477E-06        121.802
17           -2.8665337866E+01         8.1602E-01        1.162E-06        121.924
18           -2.8665337456E+01         8.1601E-01        8.261E-07        121.216
Total number of SCF: 18    

k = [-0.250, -0.250, 0.000]
Occupation of state 216 = 0.000000000000000.
Occupation of state 240 = 0.000000000000000.
Exx outer loop error: 6.2304043601e-04 

No.11 Exx outer loop: 
1            -2.8665339235E+01         8.2285E-01        1.063E-04        126.101
2            -2.8665344193E+01         8.2174E-01        5.578E-05        121.827
3            -2.8665342707E+01         8.2830E-01        2.716E-04        121.930
4            -2.8665335818E+01         8.2322E-01        4.613E-05        121.739
5            -2.8665326283E+01         8.2391E-01        2.097E-05        122.321
6            -2.8665327592E+01         8.2335E-01        3.213E-05        127.236
7            -2.8665329182E+01         8.2353E-01        2.314E-05        122.051
8            -2.8665330936E+01         8.2347E-01        1.882E-05        121.419
9            -2.8665331711E+01         8.2356E-01        8.302E-06        121.686
10           -2.8665330916E+01         8.2375E-01        5.361E-06        122.482
11           -2.8665332009E+01         8.2381E-01        5.266E-06        121.722
12           -2.8665334404E+01         8.2380E-01        4.036E-06        122.196
13           -2.8665335321E+01         8.2374E-01        1.510E-06        121.400
14           -2.8665336128E+01         8.2377E-01        1.629E-06        121.451
15           -2.8665336434E+01         8.2374E-01        9.143E-07        121.216
Total number of SCF: 15    

k = [-0.250, -0.250, 0.000]
Occupation of state 216 = 0.000000000000000.
Occupation of state 240 = 0.000000000000000.
Exx outer loop error: 6.4481910177e-04 

No.12 Exx outer loop: 
1            -2.8665337016E+01         8.2965E-01        7.218E-05        127.583
2            -2.8665343035E+01         8.2932E-01        4.587E-05        121.669
3            -2.8665351222E+01         8.3309E-01        1.468E-04        122.431
4            -2.8665352020E+01         8.3075E-01        1.695E-05        121.734
5            -2.8665342201E+01         8.3076E-01        1.344E-05        121.272
6            -2.8665341273E+01         8.3085E-01        1.025E-05        122.463
7            -2.8665338269E+01         8.3094E-01        5.604E-06        121.645
8            -2.8665338391E+01         8.3106E-01        2.396E-06        121.462
9            -2.8665337424E+01         8.3100E-01        3.400E-06        121.265
10           -2.8665337762E+01         8.3107E-01        1.322E-06        122.448
11           -2.8665337419E+01         8.3101E-01        1.797E-06        125.808
12           -2.8665337277E+01         8.3103E-01        6.135E-07        121.280
Total number of SCF: 12    

k = [-0.250, -0.250, 0.000]
Occupation of state 216 = 0.000000000000000.
Occupation of state 240 = 0.000000000000000.
Exx outer loop error: 4.9323287407e-04 

No.13 Exx outer loop: 
1            -2.8665338141E+01         8.3638E-01        6.010E-05        127.071
2            -2.8665342569E+01         8.3595E-01        3.987E-05        123.659
3            -2.8665330352E+01         8.3730E-01        2.365E-05        130.511
4            -2.8665337713E+01         8.3746E-01        1.642E-05        131.953
5            -2.8665340406E+01         8.3783E-01        9.046E-06        122.983
6            -2.8665340950E+01         8.3757E-01        8.019E-06        133.531
7            -2.8665340828E+01         8.3756E-01        5.875E-06        142.989
8            -2.8665338484E+01         8.3769E-01        2.738E-06        133.888
9            -2.8665337753E+01         8.3766E-01        1.334E-06        136.265
10           -2.8665337543E+01         8.3762E-01        1.659E-06        121.808
11           -2.8665337464E+01         8.3762E-01        1.020E-06        121.927
12           -2.8665337287E+01         8.3762E-01        6.040E-07        121.081
Total number of SCF: 12    

k = [-0.250, -0.250, 0.000]
Occupation of state 216 = 0.000000000000000.
Occupation of state 240 = 0.000000000000000.
Exx outer loop error: 1.7803491747e-04 

No.14 Exx outer loop: 
1            -2.8665337604E+01         8.4181E-01        5.080E-05        129.321
2            -2.8665340921E+01         8.4219E-01        3.600E-05        140.600
3            -2.8665354351E+01         8.4228E-01        3.332E-05        137.670
4            -2.8665343268E+01         8.4337E-01        6.577E-06        136.410
5            -2.8665343501E+01         8.4322E-01        6.975E-06        121.706
6            -2.8665340735E+01         8.4327E-01        3.736E-06        121.524
7            -2.8665339397E+01         8.4331E-01        2.415E-06        121.681
8            -2.8665338792E+01         8.4330E-01        1.643E-06        121.114
9            -2.8665338474E+01         8.4330E-01        1.341E-06        121.554
10           -2.8665338141E+01         8.4328E-01        9.442E-07        121.140
Total number of SCF: 10    

k = [-0.250, -0.250, 0.000]
Occupation of state 216 = 0.000000000000000.
Occupation of state 240 = 0.000000000000000.
Exx outer loop error: 5.3840665468e-04 

No.15 Exx outer loop: 
1            -2.8665339209E+01         8.4735E-01        4.432E-05        126.123
2            -2.8665340133E+01         8.4646E-01        4.250E-05        122.089
3            -2.8665332662E+01         8.4781E-01        9.874E-06        122.292
4            -2.8665336886E+01         8.4802E-01        5.043E-06        121.733
5            -2.8665337773E+01         8.4806E-01        4.741E-06        121.606
6            -2.8665338137E+01         8.4809E-01        3.554E-06        121.775
7            -2.8665337974E+01         8.4800E-01        2.908E-06        125.426
8            -2.8665337564E+01         8.4804E-01        1.327E-06        192.654
9            -2.8665337364E+01         8.4806E-01        8.850E-07        121.462
Total number of SCF: 9     

k = [-0.250, -0.250, 0.000]
Occupation of state 216 = 0.000000000000000.
Occupation of state 240 = 0.000000000000000.
Exx outer loop error: 2.6129430453e-04 

No.16 Exx outer loop: 
1            -2.8665337542E+01         8.5101E-01        3.569E-05        125.702
2            -2.8665338759E+01         8.5102E-01        2.389E-05        121.376
3            -2.8665337346E+01         8.5191E-01        3.881E-06        122.255
4            -2.8665336688E+01         8.5191E-01        2.261E-06        121.448
5            -2.8665336663E+01         8.5189E-01        1.984E-06        121.723
6            -2.8665336796E+01         8.5190E-01        9.851E-07        121.505
Total number of SCF: 6     

k = [-0.250, -0.250, 0.000]
Occupation of state 216 = 0.000000000000000.
Occupation of state 240 = 0.000000000000000.
Exx outer loop error: 1.5121295430e-04 

No.17 Exx outer loop: 
1            -2.8665336298E+01         8.5410E-01        2.743E-05        125.581
2            -2.8665337867E+01         8.5434E-01        2.066E-05        122.081
3            -2.8665336332E+01         8.5495E-01        1.877E-06        121.215
4            -2.8665336804E+01         8.5495E-01        1.040E-06        121.500
5            -2.8665336958E+01         8.5492E-01        1.088E-06        121.248
6            -2.8665337250E+01         8.5490E-01        1.190E-06        121.287
7            -2.8665337213E+01         8.5490E-01        8.219E-07        121.407
Total number of SCF: 7     

k = [-0.250, -0.250, 0.000]
Occupation of state 216 = 0.000000000000000.
Occupation of state 240 = 0.000000000000000.
Exx outer loop error: 3.9394925115e-05 
====================================================================
                    Energy and force calculation                    
====================================================================
Free energy per atom               : -2.8665337265E+01 (Ha/atom)
Total free energy                  : -1.4619322005E+03 (Ha)
Band structure energy              : -3.8255784683E+02 (Ha)
Exchange correlation energy        : -1.6719542980E+02 (Ha)
Self and correction energy         : -1.9301814597E+03 (Ha)
Entropy*kb*T                       : -2.9917777466E-03 (Ha)
Fermi level                        : -1.8788692631E-01 (Ha)
RMS force                          :  2.0633465164E-02 (Ha/Bohr)
Maximum force                      :  1.0493491800E-01 (Ha/Bohr)
Time for force calculation         :  1.644 (sec)
***************************************************************************
                               Timing info                                 
***************************************************************************
Total walltime                     :  156718.641 sec
___________________________________________________________________________

***************************************************************************
*             Material Physics & Mechanics Group, Georgia Tech            *
*                       PI: Phanish Suryanarayana                         *
*                Main Developers: Qimen Xu, Abhiraj Sharma                *
*     Collaborators: J.E. Pask (LLNL), A.J. Medford (GT), E. Chow (GT)    *
*  Acknowledgements: U.S. DOE (DE-SC0019410); U.S. NSF (1333500,1553212)  *
***************************************************************************
                                                                           

***************************************************************************
*                       SPARC (version Mar 30, 2022)                      *
*   Copyright (c) 2020 Material Physics & Mechanics Group, Georgia Tech   *
*           Distributed under GNU General Public License 3 (GPL)          *
*                   Start time: Wed Mar 30 16:23:11 2022                  *
***************************************************************************
                           Input parameters                                
***************************************************************************
CELL: 12.4338823950489 11.2657846029438 47.5378507412217 
LATVEC:
1.000000000000000 0.000000000000000 0.000000000000000 
-0.000130020950961 0.999999991547276 0.000000000000000 
0.000000000000000 -0.000000000000000 1.000000000000000 
FD_GRID: 66 60 252
FD_ORDER: 12
BC: P P D
KPOINT_GRID: 4 4 1
KPOINT_SHIFT: 0 0 0
SPIN_TYP: 1
ELEC_TEMP_TYPE: Gaussian
SMEARING: 0.007349864435
CHEB_DEGREE: 37
NSTATES: 240
EXCHANGE_CORRELATION: HSE
CALC_STRESS: 0
CALC_PRES: 0
CHEFSI_BOUND_FLAG: 0
MAXIT_SCF: 100
MINIT_SCF: 3
MAXIT_POISSON: 3000
TOL_SCF: 1.00E-06
POISSON_SOLVER: AAR
TOL_POISSON: 1.00E-08
TOL_LANCZOS: 1.00E-02
TOL_PSEUDOCHARGE: 1.00E-08
MIXING_VARIABLE: density
MIXING_PRECOND: kerker
MIXING_PRECOND_MAG: none
TOL_PRECOND: 3.54E-05
PRECOND_KERKER_KTF: 1
PRECOND_KERKER_THRESH: 0.1
MIXING_PARAMETER: 0.3
MIXING_PARAMETER_MAG: 0.3
MIXING_HISTORY: 7
PULAY_FREQUENCY: 1
PULAY_RESTART: 0
REFERENCE_CUTOFF: 0.5
RHO_TRIGGER: 4
FIX_RAND: 0
VERBOSITY: 1
PRINT_FORCES: 1
PRINT_ATOMS: 1
PRINT_EIGEN: 1
PRINT_DENSITY: 0
PRINT_ENERGY_DENSITY: 0
TOL_FOCK: 5.00E-05
TOL_SCF_INIT: 1.00E-04
MAXIT_FOCK: 20
EXX_METHOD: FOURIER_SPACE
EXX_DIVERGENCE: AUXILIARY
ACE_FLAG: 1
EXX_ACE_MEM: 1
EXX_ACE_VALENCE_STATES: 10000
EXX_DOWNSAMPLING: 1 1 1
EXX_RANGE_FOCK: 0.106000
EXX_RANGE_PBE: 0.106000
OUTPUT_FILE: sprc-calc
***************************************************************************
                                Cell                                       
***************************************************************************
Lattice vectors (Bohr):
12.433882395048860 0.000000000000000 0.000000000000000 
-0.001464788027397 11.265784507717260 0.000000000000000 
0.000000000000000 -0.000000000000000 47.537850741221725 
Volume                  :  6.6589804186E+03 (Bohr^3)
***************************************************************************
                           Parallelization                                 
***************************************************************************
NP_SPIN_PARAL: 2
NP_KPOINT_PARAL: 10
NP_BAND_PARAL: 1
NP_DOMAIN_PARAL: 2 1 8
NP_DOMAIN_PHI_PARAL: 4 4 21
EIG_SERIAL_MAXNS: 1500
***************************************************************************
                             Initialization                                
***************************************************************************
Number of processors               :  336
Mesh spacing in x-direction        :  0.188392 (Bohr)
Mesh spacing in y-direction        :  0.187763 (Bohr)
Mesh spacing in z direction        :  0.188642 (Bohr)
Number of symmetry adapted k-points:  10
Output printed to                  :  sprc-calc.out_01
Final eigenvalues printed to       :  sprc-calc.eigen_01
Total number of atom types         :  5
Total number of atoms              :  51
Total number of electrons          :  393
Atom type 1  (valence electrons)   :  C 4
Pseudopotential                    :  C.psp8
Pseudocharge radii of atom type 1  :  6.78 6.76 6.79 (x, y, z dir)
Number of atoms of type 1          :  1
Atom type 2  (valence electrons)   :  H 1
Pseudopotential                    :  H.psp8
Pseudocharge radii of atom type 2  :  3.77 3.76 3.77 (x, y, z dir)
Number of atoms of type 2          :  1
Atom type 3  (valence electrons)   :  N 5
Pseudopotential                    :  N.psp8
Pseudocharge radii of atom type 3  :  6.78 6.76 6.79 (x, y, z dir)
Number of atoms of type 3          :  2
Atom type 4  (valence electrons)   :  O 6
Pseudopotential                    :  O.psp8
Pseudocharge radii of atom type 4  :  6.78 6.76 6.79 (x, y, z dir)
Number of atoms of type 4          :  31
Atom type 5  (valence electrons)   :  Ti 12
Pseudopotential                    :  Ti.psp8
Pseudocharge radii of atom type 5  :  6.78 6.76 6.79 (x, y, z dir)
Number of atoms of type 5          :  16
Estimated total memory usage       :  450.78 GB
Estimated memory per processor     :  1.34 GB
========================================================================================
                    Self Consistent Field (SCF#1)                     
========================================================================================
Iteration     Free Energy (Ha/atom)    Magnetization     SCF Error        Timing (sec)
1            -2.8767290364E+01         3.0019E+00        4.586E-01        296.208
2            -3.0481314062E+01         4.2201E+00        4.242E-01        74.522
3            -2.9489881016E+01        -2.7142E-01        3.658E-01        80.890
4            -2.9152445230E+01         6.4990E+00        2.942E-01        76.484
5            -2.9342803280E+01         5.6924E+00        2.668E-01        75.514
6            -2.9286859776E+01         3.7704E+00        2.006E-01        75.513
7            -2.9383425535E+01         1.9275E+00        2.100E-01        75.180
8            -2.9372665073E+01         1.1638E+00        1.465E-01        76.975
9            -2.9348673998E+01         1.4273E+00        1.245E-01        90.307
10           -2.9292122513E+01         4.6345E+00        1.097E-01        74.340
11           -2.9244804946E+01         1.8948E+00        1.015E-01        78.752
12           -2.9210230282E+01         6.0050E-01        8.696E-02        75.765
13           -2.9190914642E+01         6.2776E-01        6.578E-02        75.267
14           -2.9151263447E+01         2.1077E-01        7.390E-02        74.969
15           -2.9115722545E+01         4.6897E-01        6.118E-02        74.676
16           -2.9051114871E+01        -1.5048E+00        4.162E-02        74.400
17           -2.9046062864E+01         1.0866E+00        4.521E-02        97.304
18           -2.9030065658E+01         6.1110E-01        4.467E-02        75.573
19           -2.8990964388E+01         4.2333E-01        3.574E-02        76.475
20           -2.8965029180E+01         4.6406E-01        2.751E-02        76.542
21           -2.8942348517E+01         1.6959E-01        4.708E-02        79.047
22           -2.8937224413E+01         1.8459E-01        2.619E-02        74.406
23           -2.8935921178E+01         4.1382E-02        2.648E-02        74.477
24           -2.8931840831E+01         7.2036E-02        2.465E-02        74.788
25           -2.8922559607E+01        -1.5039E-01        1.557E-02        75.129
26           -2.8918666866E+01         4.6153E-01        2.075E-02        75.213
27           -2.8908791435E+01         8.4833E-02        1.667E-02        75.290
28           -2.8902087662E+01         2.1177E-01        1.926E-02        74.950
29           -2.8898738079E+01         1.0070E-01        1.458E-02        82.677
30           -2.8884040506E+01         8.2297E-02        1.047E-02        74.543
31           -2.8883644453E+01         8.0494E-02        9.662E-03        74.792
32           -2.8881233815E+01         5.2170E-02        1.020E-02        74.491
33           -2.8877079286E+01         6.9160E-02        5.755E-03        74.452
34           -2.8874817215E+01         6.0769E-02        4.765E-03        74.641
35           -2.8871986120E+01        -3.2259E-03        4.771E-03        74.519
36           -2.8871643054E+01         4.7402E-03        3.272E-03        80.699
37           -2.8870458029E+01        -1.1237E-01        5.828E-03        77.392
38           -2.8870448163E+01        -5.4417E-02        3.440E-03        74.423
39           -2.8870033856E+01         2.8288E-03        2.397E-03        74.546
40           -2.8869730456E+01         2.0956E-02        3.015E-03        74.766
41           -2.8869237930E+01         7.8796E-03        1.995E-03        74.352
42           -2.8868854268E+01         1.1546E-02        2.027E-03        74.253
43           -2.8868584655E+01         1.1665E-02        1.542E-03        75.358
44           -2.8868214122E+01         2.0935E-02        1.730E-03        76.130
45           -2.8868172619E+01         1.4932E-02        7.390E-04        74.221
46           -2.8868008682E+01         1.7634E-02        6.259E-04        74.331
47           -2.8867944184E+01         1.8556E-02        3.728E-04        79.570
48           -2.8867798057E+01         2.0136E-02        2.332E-04        80.008
49           -2.8867714660E+01         2.1551E-02        2.314E-04        74.694
50           -2.8867669028E+01         2.2053E-02        1.791E-04        75.437
51           -2.8867609690E+01         2.2827E-02        7.253E-05        77.379
Total number of SCF: 51    

k = [-0.250, -0.250, 0.000]
Occupation of state 216 = 0.000000000002036.
Occupation of state 240 = 0.000000000000000.

No.1 Exx outer loop: 
1            -2.8663495259E+01         4.1573E-02        1.395E-02        122.053
2            -2.8654678944E+01         6.1762E-02        1.374E-02        116.980
3            -2.8656457172E+01         6.2874E-02        1.053E-02        116.589
4            -2.8660787706E+01         7.1488E-02        5.096E-03        117.007
5            -2.8664569506E+01         3.0062E-02        6.807E-03        117.026
6            -2.8664638129E+01         8.8224E-02        2.969E-03        116.715
7            -2.8665890489E+01         8.0903E-02        1.295E-03        116.744
8            -2.8665869349E+01         7.8311E-02        1.148E-03        116.753
9            -2.8665666783E+01         8.4465E-02        9.441E-04        116.459
10           -2.8665657605E+01         8.4764E-02        1.104E-03        116.564
11           -2.8665501012E+01         9.3628E-02        5.597E-04        117.349
12           -2.8665446405E+01         9.1545E-02        1.025E-03        117.031
13           -2.8665338631E+01         9.6032E-02        6.105E-04        116.670
14           -2.8665241220E+01         9.5932E-02        7.733E-04        116.927
15           -2.8665098549E+01         9.9558E-02        5.059E-04        116.653
16           -2.8665010434E+01         9.9467E-02        5.384E-04        116.561
17           -2.8664974177E+01         1.0179E-01        2.111E-04        125.777
18           -2.8664951174E+01         1.0438E-01        1.802E-04        123.305
19           -2.8664987318E+01         1.0255E-01        5.478E-05        116.858
20           -2.8664972764E+01         1.0281E-01        4.539E-05        135.371
21           -2.8664962835E+01         1.0241E-01        2.931E-05        141.689
22           -2.8664960248E+01         1.0207E-01        2.055E-05        124.373
23           -2.8664954749E+01         1.0182E-01        1.284E-05        119.015
24           -2.8664952512E+01         1.0179E-01        9.944E-06        145.612
25           -2.8664948246E+01         1.0182E-01        7.646E-06        131.722
26           -2.8664947125E+01         1.0183E-01        4.431E-06        126.819
27           -2.8664946490E+01         1.0187E-01        3.112E-06        124.166
28           -2.8664946080E+01         1.0188E-01        2.193E-06        116.445
29           -2.8664945655E+01         1.0186E-01        4.895E-06        116.611
30           -2.8664944704E+01         1.0191E-01        1.385E-06        119.556
31           -2.8664944228E+01         1.0195E-01        8.571E-07        117.901
Total number of SCF: 31    

k = [-0.250, -0.250, 0.000]
Occupation of state 216 = 0.000000000000001.
Occupation of state 240 = 0.000000000000000.
Exx outer loop error: 6.3790679324e-01 

No.2 Exx outer loop: 
1            -2.8665240996E+01         2.2652E-01        1.974E-03        120.600
2            -2.8664665810E+01         2.4662E-01        1.944E-03        116.855
3            -2.8664795085E+01         2.7983E-01        1.934E-03        116.819
4            -2.8665101292E+01         3.2479E-01        2.064E-03        116.377
5            -2.8666102621E+01         4.3534E-01        3.961E-03        116.287
6            -2.8666234421E+01         4.5567E-01        5.268E-03        118.383
7            -2.8665417816E+01         3.3501E-01        1.557E-03        116.922
8            -2.8665374174E+01         2.1173E-01        3.900E-03        116.756
9            -2.8665367821E+01         3.0743E-01        9.794E-04        116.284
10           -2.8665403983E+01         2.9746E-01        1.262E-03        116.257
11           -2.8665385091E+01         3.0156E-01        1.385E-03        116.600
12           -2.8665390924E+01         3.4555E-01        4.116E-04        116.490
13           -2.8665352303E+01         3.3668E-01        9.328E-04        116.474
14           -2.8665332720E+01         3.5551E-01        3.567E-04        116.441
15           -2.8665291615E+01         3.5372E-01        3.521E-04        116.379
16           -2.8665262936E+01         3.5772E-01        1.767E-04        116.515
17           -2.8665245340E+01         3.6187E-01        5.043E-05        116.431
18           -2.8665241060E+01         3.6028E-01        5.704E-05        116.240
19           -2.8665238726E+01         3.5925E-01        4.292E-05        116.390
20           -2.8665231211E+01         3.5934E-01        3.635E-05        116.255
21           -2.8665225314E+01         3.5945E-01        3.748E-05        119.770
22           -2.8665221394E+01         3.5944E-01        3.166E-05        116.541
23           -2.8665214980E+01         3.5951E-01        1.463E-05        116.493
24           -2.8665208207E+01         3.6048E-01        2.172E-05        116.350
25           -2.8665211010E+01         3.5972E-01        1.181E-05        116.393
26           -2.8665207603E+01         3.5968E-01        1.002E-05        116.520
27           -2.8665207566E+01         3.5973E-01        7.837E-06        116.740
28           -2.8665205666E+01         3.5980E-01        3.216E-06        116.815
29           -2.8665204665E+01         3.5984E-01        1.793E-06        116.447
30           -2.8665204523E+01         3.5983E-01        2.130E-06        116.263
31           -2.8665204852E+01         3.5989E-01        2.975E-06        116.755
32           -2.8665205228E+01         3.5984E-01        6.572E-07        115.922
Total number of SCF: 32    

k = [-0.250, -0.250, 0.000]
Occupation of state 216 = 0.000000000000002.
Occupation of state 240 = 0.000000000000000.
Exx outer loop error: 9.1857537657e-03 

No.3 Exx outer loop: 
1            -2.8665278513E+01         6.5354E-01        3.939E-03        138.949
2            -2.8665671752E+01         5.8295E-01        1.840E-03        134.305
3            -2.8665978302E+01         6.2619E-01        1.495E-03        116.516
4            -2.8666446461E+01         5.9806E-01        1.310E-03        116.524
5            -2.8665954679E+01         7.8489E-01        4.046E-03        116.426
6            -2.8665827466E+01         6.9573E-01        1.387E-03        116.607
7            -2.8665854793E+01         6.6769E-01        7.421E-04        116.286
8            -2.8665778708E+01         6.8970E-01        8.315E-04        116.377
9            -2.8665650797E+01         6.5562E-01        3.111E-04        116.300
10           -2.8665489454E+01         6.3098E-01        5.427E-04        116.231
11           -2.8665402189E+01         7.0965E-01        1.368E-03        117.726
12           -2.8665347745E+01         6.3872E-01        2.035E-04        116.942
13           -2.8665415449E+01         7.1358E-01        1.505E-03        116.375
14           -2.8665341324E+01         6.4249E-01        9.469E-05        116.415
15           -2.8665321835E+01         6.3598E-01        9.975E-05        116.411
16           -2.8665300344E+01         6.4302E-01        1.196E-04        116.028
17           -2.8665290583E+01         6.2833E-01        2.069E-04        116.053
18           -2.8665281247E+01         6.3809E-01        7.393E-05        115.867
19           -2.8665278547E+01         6.2994E-01        1.354E-04        115.813
20           -2.8665277192E+01         6.2888E-01        1.575E-04        116.055
21           -2.8665281009E+01         6.2730E-01        1.821E-04        116.106
22           -2.8665280069E+01         6.2708E-01        1.879E-04        116.212
23           -2.8665275873E+01         6.2357E-01        2.345E-04        116.175
24           -2.8665272106E+01         6.2866E-01        1.106E-04        116.160
25           -2.8665263971E+01         6.3061E-01        4.748E-05        116.000
26           -2.8665263366E+01         6.3709E-01        1.181E-04        118.189
27           -2.8665258650E+01         6.2938E-01        3.466E-05        116.010
28           -2.8665254122E+01         6.3184E-01        4.159E-05        116.023
29           -2.8665248864E+01         6.2999E-01        8.459E-06        123.583
30           -2.8665247366E+01         6.3001E-01        8.610E-06        116.336
31           -2.8665245928E+01         6.2996E-01        7.224E-06        116.177
32           -2.8665245353E+01         6.2990E-01        4.948E-06        123.099
33           -2.8665245266E+01         6.2963E-01        2.045E-06        129.746
34           -2.8665244861E+01         6.2993E-01        4.575E-06        115.963
35           -2.8665244332E+01         6.2991E-01        3.551E-06        115.600
36           -2.8665244120E+01         6.2976E-01        1.106E-06        115.843
37           -2.8665243806E+01         6.2975E-01        1.124E-06        115.891
38           -2.8665243618E+01         6.2970E-01        5.242E-07        115.524
Total number of SCF: 38    

k = [-0.250, -0.250, 0.000]
Occupation of state 216 = 0.000000000000001.
Occupation of state 240 = 0.000000000000000.
Exx outer loop error: 5.7970194561e-03 

No.4 Exx outer loop: 
1            -2.8665316453E+01         8.4333E-01        4.064E-03        120.873
2            -2.8665621205E+01         7.4792E-01        1.353E-03        116.355
3            -2.8665813259E+01         6.9250E-01        1.562E-03        116.209
4            -2.8665722457E+01         7.6584E-01        5.481E-04        116.033
5            -2.8665667565E+01         7.3013E-01        7.421E-04        116.157
6            -2.8665476119E+01         7.6090E-01        2.423E-04        115.871
7            -2.8665434789E+01         7.5446E-01        1.381E-04        118.525
8            -2.8665381902E+01         7.5688E-01        1.655E-04        117.530
9            -2.8665378095E+01         7.5347E-01        7.748E-05        115.884
10           -2.8665331525E+01         7.5225E-01        7.605E-05        118.892
11           -2.8665310810E+01         7.5196E-01        7.129E-05        120.898
12           -2.8665282505E+01         7.4859E-01        9.417E-05        115.808
13           -2.8665283446E+01         7.5116E-01        4.755E-05        115.735
14           -2.8665277996E+01         7.4936E-01        6.541E-05        115.780
15           -2.8665280971E+01         7.5393E-01        3.675E-05        115.733
16           -2.8665280853E+01         7.5388E-01        2.650E-05        115.950
17           -2.8665278601E+01         7.5425E-01        3.062E-05        115.640
18           -2.8665278010E+01         7.5397E-01        1.588E-05        118.308
19           -2.8665275785E+01         7.5416E-01        1.713E-05        115.613
20           -2.8665274912E+01         7.5332E-01        1.122E-05        115.524
21           -2.8665275199E+01         7.5384E-01        2.814E-06        115.882
22           -2.8665274972E+01         7.5377E-01        3.298E-06        116.031
23           -2.8665275415E+01         7.5394E-01        1.596E-06        116.049
24           -2.8665275027E+01         7.5380E-01        1.766E-06        117.784
25           -2.8665275235E+01         7.5388E-01        8.373E-07        115.396
Total number of SCF: 25    

k = [-0.250, -0.250, 0.000]
Occupation of state 216 = 0.000000000000000.
Occupation of state 240 = 0.000000000000000.
Exx outer loop error: 5.7166121392e-03 

No.5 Exx outer loop: 
1            -2.8665317580E+01         8.4106E-01        2.618E-03        119.927
2            -2.8665428786E+01         7.7732E-01        7.773E-04        115.824
3            -2.8665456293E+01         7.8024E-01        5.760E-04        115.911
4            -2.8665437846E+01         7.7493E-01        2.252E-04        115.738
5            -2.8665415581E+01         7.8371E-01        1.142E-04        116.707
6            -2.8665397953E+01         7.8563E-01        9.253E-05        115.758
7            -2.8665364849E+01         7.8582E-01        8.729E-05        115.843
8            -2.8665316498E+01         7.8572E-01        5.860E-05        116.254
9            -2.8665303837E+01         7.8362E-01        1.591E-05        116.027
10           -2.8665301388E+01         7.8476E-01        1.796E-05        115.813
11           -2.8665301099E+01         7.8632E-01        3.247E-05        115.756
12           -2.8665300080E+01         7.8687E-01        4.672E-05        115.762
13           -2.8665298718E+01         7.8561E-01        1.831E-05        115.724
14           -2.8665297104E+01         7.8585E-01        2.274E-05        115.683
15           -2.8665294059E+01         7.8437E-01        7.890E-06        115.819
16           -2.8665293378E+01         7.8437E-01        4.994E-06        115.679
17           -2.8665292530E+01         7.8431E-01        4.459E-06        115.576
18           -2.8665291678E+01         7.8440E-01        1.619E-06        115.428
19           -2.8665291660E+01         7.8442E-01        1.090E-06        115.424
20           -2.8665290959E+01         7.8424E-01        3.793E-06        116.990
21           -2.8665290691E+01         7.8427E-01        2.400E-06        117.749
22           -2.8665290539E+01         7.8434E-01        6.968E-07        115.483
Total number of SCF: 22    

k = [-0.250, -0.250, 0.000]
Occupation of state 216 = 0.000000000000000.
Occupation of state 240 = 0.000000000000000.
Exx outer loop error: 4.6929791264e-03 

No.6 Exx outer loop: 
1            -2.8665314948E+01         8.1615E-01        1.619E-03        119.760
2            -2.8665348308E+01         7.8515E-01        5.590E-04        115.924
3            -2.8665468249E+01         7.7151E-01        6.862E-04        115.844
4            -2.8665425812E+01         7.8882E-01        1.994E-04        115.527
5            -2.8665367898E+01         8.0181E-01        2.560E-04        117.455
6            -2.8665306340E+01         8.0145E-01        2.652E-04        115.573
7            -2.8665300247E+01         7.9711E-01        1.162E-04        115.768
8            -2.8665299119E+01         7.9086E-01        5.233E-05        115.809
9            -2.8665297062E+01         7.9089E-01        4.316E-05        115.751
10           -2.8665303988E+01         7.9152E-01        2.608E-05        115.826
11           -2.8665304342E+01         7.9161E-01        2.373E-05        115.820
12           -2.8665302938E+01         7.9205E-01        1.193E-05        115.848
13           -2.8665297573E+01         7.9213E-01        8.894E-06        116.068
14           -2.8665296513E+01         7.9181E-01        7.808E-06        115.722
15           -2.8665296538E+01         7.9242E-01        1.357E-05        115.772
16           -2.8665298293E+01         7.9246E-01        1.062E-05        116.435
17           -2.8665298393E+01         7.9254E-01        1.018E-05        115.838
18           -2.8665298980E+01         7.9252E-01        6.679E-06        115.839
19           -2.8665298262E+01         7.9244E-01        3.811E-06        115.755
20           -2.8665298281E+01         7.9257E-01        4.874E-06        116.060
21           -2.8665297805E+01         7.9247E-01        1.513E-06        116.834
22           -2.8665297654E+01         7.9241E-01        1.170E-06        115.874
23           -2.8665297445E+01         7.9241E-01        8.647E-07        115.597
Total number of SCF: 23    

k = [-0.250, -0.250, 0.000]
Occupation of state 216 = 0.000000000000000.
Occupation of state 240 = 0.000000000000000.
Exx outer loop error: 3.0314282740e-03 

No.7 Exx outer loop: 
1            -2.8665312689E+01         8.0763E-01        9.938E-04        122.052
2            -2.8665326505E+01         7.9305E-01        3.896E-04        141.020
3            -2.8665324791E+01         7.4010E-01        1.283E-03        143.919
4            -2.8665358467E+01         7.9562E-01        3.671E-04        130.218
5            -2.8665359820E+01         7.9379E-01        1.960E-04        119.577
6            -2.8665330750E+01         7.9738E-01        1.222E-04        123.958
7            -2.8665310419E+01         7.9606E-01        7.084E-05        122.873
8            -2.8665300845E+01         7.9544E-01        4.470E-05        128.980
9            -2.8665303455E+01         7.9573E-01        4.042E-05        120.753
10           -2.8665305150E+01         7.9623E-01        2.290E-05        141.422
11           -2.8665304968E+01         7.9634E-01        1.235E-05        115.391
12           -2.8665303927E+01         7.9645E-01        6.482E-06        115.467
13           -2.8665302523E+01         7.9640E-01        4.827E-06        125.447
14           -2.8665302231E+01         7.9639E-01        2.975E-06        119.001
15           -2.8665302022E+01         7.9642E-01        2.915E-06        123.684
16           -2.8665301324E+01         7.9634E-01        2.429E-06        124.083
17           -2.8665301152E+01         7.9640E-01        9.548E-07        136.574
Total number of SCF: 17    

k = [-0.250, -0.250, 0.000]
Occupation of state 216 = 0.000000000000000.
Occupation of state 240 = 0.000000000000000.
Exx outer loop error: 2.0326295720e-03 

No.8 Exx outer loop: 
1            -2.8665309797E+01         8.0695E-01        5.695E-04        119.828
2            -2.8665319602E+01         8.0047E-01        2.409E-04        115.519
3            -2.8665500580E+01         8.4439E-01        1.371E-03        115.888
4            -2.8665401952E+01         8.1795E-01        4.918E-04        115.461
5            -2.8665393480E+01         8.1418E-01        2.688E-04        115.542
6            -2.8665366496E+01         8.0735E-01        9.300E-05        118.232
7            -2.8665355820E+01         8.0570E-01        6.520E-05        115.624
8            -2.8665341711E+01         8.0079E-01        1.224E-04        116.936
9            -2.8665342893E+01         8.0140E-01        8.623E-05        115.239
10           -2.8665340627E+01         8.0133E-01        6.590E-05        115.590
11           -2.8665337394E+01         8.0138E-01        4.300E-05        115.767
12           -2.8665327269E+01         8.0107E-01        2.374E-05        115.581
13           -2.8665322670E+01         8.0157E-01        1.804E-05        115.315
14           -2.8665318653E+01         8.0159E-01        1.194E-05        115.408
15           -2.8665313622E+01         8.0154E-01        1.244E-05        115.636
16           -2.8665310523E+01         8.0155E-01        6.394E-06        115.340
17           -2.8665308773E+01         8.0157E-01        4.342E-06        115.440
18           -2.8665306516E+01         8.0153E-01        3.032E-06        115.470
19           -2.8665304963E+01         8.0156E-01        2.487E-06        115.379
20           -2.8665304452E+01         8.0158E-01        1.780E-06        115.640
21           -2.8665303790E+01         8.0151E-01        2.539E-06        115.605
22           -2.8665303151E+01         8.0155E-01        1.143E-06        121.708
23           -2.8665302830E+01         8.0156E-01        1.093E-06        117.268
24           -2.8665302530E+01         8.0152E-01        8.344E-07        114.976
Total number of SCF: 24    

k = [-0.250, -0.250, 0.000]
Occupation of state 216 = 0.000000000000000.
Occupation of state 240 = 0.000000000000000.
Exx outer loop error: 1.0228920091e-03 

No.9 Exx outer loop: 
1            -2.8665307126E+01         8.1097E-01        3.235E-04        119.558
2            -2.8665315881E+01         8.0666E-01        1.332E-04        115.824
3            -2.8665310696E+01         8.1300E-01        1.657E-04        115.897
4            -2.8665325996E+01         8.0948E-01        9.004E-05        115.658
5            -2.8665303097E+01         8.0802E-01        7.544E-05        126.009
6            -2.8665295488E+01         8.0737E-01        4.447E-05        115.356
7            -2.8665294676E+01         8.0834E-01        1.806E-05        143.101
8            -2.8665301535E+01         8.0847E-01        8.712E-06        116.304
9            -2.8665304202E+01         8.0845E-01        7.126E-06        117.988
10           -2.8665305576E+01         8.0845E-01        5.295E-06        115.818
11           -2.8665305640E+01         8.0843E-01        4.329E-06        131.869
12           -2.8665305427E+01         8.0845E-01        4.603E-06        115.923
13           -2.8665304249E+01         8.0841E-01        3.483E-06        115.168
14           -2.8665303614E+01         8.0834E-01        3.616E-06        115.194
15           -2.8665303217E+01         8.0828E-01        4.040E-06        115.370
16           -2.8665302961E+01         8.0846E-01        1.696E-06        115.609
17           -2.8665303115E+01         8.0843E-01        1.351E-06        115.852
18           -2.8665302820E+01         8.0841E-01        1.191E-06        115.412
19           -2.8665302782E+01         8.0844E-01        8.406E-07        117.238
Total number of SCF: 19    

k = [-0.250, -0.250, 0.000]
Occupation of state 216 = 0.000000000000000.
Occupation of state 240 = 0.000000000000000.
Exx outer loop error: 4.1292617572e-04 

No.10 Exx outer loop: 
1            -2.8665305067E+01         8.1630E-01        1.783E-04        120.656
2            -2.8665312760E+01         8.1441E-01        8.181E-05        115.506
3            -2.8665326622E+01         8.1412E-01        7.229E-05        115.623
4            -2.8665312406E+01         8.1811E-01        1.321E-04        115.563
5            -2.8665317575E+01         8.1706E-01        6.190E-05        115.667
6            -2.8665320613E+01         8.1564E-01        2.060E-05        115.671
7            -2.8665313281E+01         8.1592E-01        9.874E-06        115.697
8            -2.8665308467E+01         8.1612E-01        1.059E-05        116.373
9            -2.8665307020E+01         8.1617E-01        9.588E-06        115.236
10           -2.8665307088E+01         8.1616E-01        5.484E-06        115.080
11           -2.8665306759E+01         8.1617E-01        2.395E-06        115.406
12           -2.8665305902E+01         8.1613E-01        2.403E-06        115.399
13           -2.8665304915E+01         8.1616E-01        1.179E-06        115.216
14           -2.8665303891E+01         8.1614E-01        8.859E-07        115.617
Total number of SCF: 14    

k = [-0.250, -0.250, 0.000]
Occupation of state 216 = 0.000000000000000.
Occupation of state 240 = 0.000000000000000.
Exx outer loop error: 6.7193912222e-04 

No.11 Exx outer loop: 
1            -2.8665305453E+01         8.2254E-01        1.015E-04        120.282
2            -2.8665311095E+01         8.2254E-01        6.459E-05        115.216
3            -2.8665305945E+01         8.2053E-01        7.570E-05        116.208
4            -2.8665303149E+01         8.2401E-01        9.366E-05        116.040
5            -2.8665314227E+01         8.2098E-01        8.333E-05        115.433
6            -2.8665314997E+01         8.2297E-01        1.618E-05        115.422
7            -2.8665310301E+01         8.2299E-01        1.802E-05        115.573
8            -2.8665307113E+01         8.2389E-01        1.580E-05        115.937
9            -2.8665304923E+01         8.2384E-01        9.930E-06        115.116
10           -2.8665304659E+01         8.2390E-01        4.017E-06        115.349
11           -2.8665304441E+01         8.2384E-01        1.629E-06        115.228
12           -2.8665303920E+01         8.2390E-01        1.770E-06        115.253
13           -2.8665303734E+01         8.2387E-01        8.509E-07        114.712
Total number of SCF: 13    

k = [-0.250, -0.250, 0.000]
Occupation of state 216 = 0.000000000000000.
Occupation of state 240 = 0.000000000000000.
Exx outer loop error: 3.4525278354e-05 
====================================================================
                    Energy and force calculation                    
====================================================================
Free energy per atom               : -2.8665301923E+01 (Ha/atom)
Total free energy                  : -1.4619303981E+03 (Ha)
Band structure energy              : -3.8253547781E+02 (Ha)
Exchange correlation energy        : -2.6036221433E+02 (Ha)
Self and correction energy         : -1.9301814597E+03 (Ha)
Entropy*kb*T                       : -3.0554847235E-03 (Ha)
Fermi level                        : -1.8766192045E-01 (Ha)
RMS force                          :  2.0678782259E-02 (Ha/Bohr)
Maximum force                      :  1.0489130641E-01 (Ha/Bohr)
Time for force calculation         :  1.551 (sec)
***************************************************************************
                               Timing info                                 
***************************************************************************
Total walltime                     :  106135.291 sec
___________________________________________________________________________

***************************************************************************
*             Material Physics & Mechanics Group, Georgia Tech            *
*                       PI: Phanish Suryanarayana                         *
*                Main Developers: Qimen Xu, Abhiraj Sharma                *
*     Collaborators: J.E. Pask (LLNL), A.J. Medford (GT), E. Chow (GT)    *
*  Acknowledgements: U.S. DOE (DE-SC0019410); U.S. NSF (1333500,1553212)  *
***************************************************************************
                                                                           
