***************************************************************************
*                       SPARC (version Dec 27, 2021)                      *
*   Copyright (c) 2020 Material Physics & Mechanics Group, Georgia Tech   *
*           Distributed under GNU General Public License 3 (GPL)          *
*                   Start time: Thu Feb 24 15:06:01 2022                  *
***************************************************************************
                           Input parameters                                
***************************************************************************
CELL: 20.4351789610853 20.6730954803281 19.1173935650419 
LATVEC:
1.000000000000000 0.000000000000000 0.000000000000000 
0.000000000000000 1.000000000000000 0.000000000000000 
0.000000000000000 0.000000000000000 1.000000000000000 
FD_GRID: 108 109 101
FD_ORDER: 12
BC: D D D
SPIN_TYP: 0
ELEC_TEMP_TYPE: Gaussian
SMEARING: 0.007349864435
CHEB_DEGREE: 36
NSTATES: 9
EXCHANGE_CORRELATION: HSE
CALC_STRESS: 0
CALC_PRES: 0
CHEFSI_BOUND_FLAG: 0
MAXIT_SCF: 100
MINIT_SCF: 3
MAXIT_POISSON: 3000
TOL_SCF: 1.00E-06
POISSON_SOLVER: AAR
TOL_POISSON: 1.00E-08
TOL_LANCZOS: 1.00E-02
TOL_PSEUDOCHARGE: 1.00E-08
MIXING_VARIABLE: density
MIXING_PRECOND: kerker
TOL_PRECOND: 3.59E-05
PRECOND_KERKER_KTF: 1
PRECOND_KERKER_THRESH: 0.1
MIXING_PARAMETER: 0.3
MIXING_HISTORY: 7
PULAY_FREQUENCY: 1
PULAY_RESTART: 0
REFERENCE_CUTOFF: 0.5
RHO_TRIGGER: 4
FIX_RAND: 0
VERBOSITY: 1
PRINT_FORCES: 1
PRINT_ATOMS: 1
PRINT_EIGEN: 1
PRINT_DENSITY: 0
PRINT_ENERGY_DENSITY: 0
TOL_FOCK: 5.00E-05
TOL_SCF_INIT: 1.00E-04
MAXIT_FOCK: 1000
EXX_METHOD: FOURIER_SPACE
EXX_DIVERGENCE: AUXILIARY
ACE_FLAG: 1
EXX_ACE_MEM: 1
EXX_ACE_VALENCE_STATES: 10000
EXX_DOWNSAMPLING: 1 1 1
EXX_RANGE_FOCK: 0.106000
EXX_RANGE_PBE: 0.106000
OUTPUT_FILE: sprc-calc
***************************************************************************
                                Cell                                       
***************************************************************************
Lattice vectors (Bohr):
20.435178961085278 0.000000000000000 0.000000000000000 
0.000000000000000 20.673095480328147 0.000000000000000 
0.000000000000000 0.000000000000000 19.117393565041901 
Volume                  :  8.0763036089E+03 (Bohr^3)
***************************************************************************
                           Parallelization                                 
***************************************************************************
NP_SPIN_PARAL: 1
NP_KPOINT_PARAL: 1
NP_BAND_PARAL: 1
NP_DOMAIN_PARAL: 7 8 6
NP_DOMAIN_PHI_PARAL: 7 8 6
EIG_SERIAL_MAXNS: 1500
***************************************************************************
                             Initialization                                
***************************************************************************
Number of processors               :  336
Mesh spacing in x-direction        :  0.189215 (Bohr)
Mesh spacing in y-direction        :  0.189661 (Bohr)
Mesh spacing in z direction        :  0.189281 (Bohr)
Output printed to                  :  sprc-calc.out
Final eigenvalues printed to       :  sprc-calc.eigen
Total number of atom types         :  2
Total number of atoms              :  4
Total number of electrons          :  8
Atom type 1  (valence electrons)   :  H 1
Pseudopotential                    :  H.psp8
Pseudocharge radii of atom type 1  :  3.97 3.98 3.97 (x, y, z dir)
Number of atoms of type 1          :  3
Atom type 2  (valence electrons)   :  N 5
Pseudopotential                    :  N.psp8
Pseudocharge radii of atom type 2  :  7.00 7.02 7.00 (x, y, z dir)
Number of atoms of type 2          :  1
Estimated total memory usage       :  13.00 GB
Estimated memory per processor     :  39.63 MB
===================================================================
                    Self Consistent Field (SCF#1)                     
===================================================================
Iteration     Free Energy (Ha/atom)   SCF Error        Timing (sec)
1            -3.0990220299E+00        1.677E-01        0.399
2            -3.0827832413E+00        1.151E-01        0.170
3            -3.0464465204E+00        5.759E-02        0.128
4            -3.0518245946E+00        2.998E-02        0.162
5            -3.0429662591E+00        7.609E-03        0.158
6            -3.0390733504E+00        5.333E-03        0.128
7            -3.0397586162E+00        2.286E-03        0.131
8            -3.0392399885E+00        1.098E-03        0.121
9            -3.0388107651E+00        7.022E-04        0.121
10           -3.0386167173E+00        2.841E-04        0.111
11           -3.0384769835E+00        2.977E-04        0.127
12           -3.0385799189E+00        1.209E-04        0.121
13           -3.0385341851E+00        8.138E-05        0.039
Total number of SCF: 13    

k = [0.000, 0.000, 0.000]
Occupation of state 8 = 0.000000000000000.
Occupation of state 9 = 0.000000000000000.

No.1 Exx outer loop: 
1            -3.0107880566E+00        5.352E-03        0.130
2            -3.0100768825E+00        1.099E-02        0.132
3            -3.0090097741E+00        2.060E-02        0.129
4            -3.0106136639E+00        2.661E-03        0.113
5            -3.0104982226E+00        1.851E-03        0.129
6            -3.0106728499E+00        3.603E-04        0.115
7            -3.0106570333E+00        3.914E-04        0.122
8            -3.0106345061E+00        3.996E-04        0.132
9            -3.0105815001E+00        2.130E-04        0.129
10           -3.0105537279E+00        3.572E-05        0.112
11           -3.0105654986E+00        2.788E-05        0.111
12           -3.0105553591E+00        1.487E-05        0.105
13           -3.0105595394E+00        1.701E-05        0.103
14           -3.0105528037E+00        4.167E-06        0.109
15           -3.0105526120E+00        2.216E-06        0.114
16           -3.0105526599E+00        1.133E-06        0.081
17           -3.0105526025E+00        9.289E-07        0.044
Total number of SCF: 17    

k = [0.000, 0.000, 0.000]
Occupation of state 8 = 0.000000000000000.
Occupation of state 9 = 0.000000000000000.
Exx outer loop error: 1.1062984313e-01 

No.2 Exx outer loop: 
1            -3.0106023505E+00        3.178E-04        0.128
2            -3.0105516700E+00        8.042E-04        0.117
3            -3.0105730399E+00        5.469E-04        0.112
4            -3.0105570437E+00        1.019E-03        0.155
5            -3.0105803194E+00        3.635E-04        0.107
6            -3.0105488237E+00        1.354E-04        0.111
7            -3.0105853575E+00        5.869E-05        0.109
8            -3.0105937008E+00        6.345E-05        0.104
9            -3.0105824375E+00        3.336E-05        0.107
10           -3.0105705909E+00        1.186E-05        0.123
11           -3.0105695036E+00        7.376E-06        0.130
12           -3.0105671472E+00        6.147E-06        0.097
13           -3.0105674173E+00        4.955E-06        0.100
14           -3.0105672151E+00        3.726E-06        0.104
15           -3.0105678147E+00        2.393E-06        0.100
16           -3.0105679438E+00        1.436E-06        0.090
17           -3.0105679779E+00        1.019E-06        0.091
18           -3.0105685248E+00        7.079E-07        0.043
Total number of SCF: 18    

k = [0.000, 0.000, 0.000]
Occupation of state 8 = 0.000000000000000.
Occupation of state 9 = 0.000000000000000.
Exx outer loop error: 6.8177975960e-05 

No.3 Exx outer loop: 
1            -3.0105723976E+00        2.688E-05        0.104
2            -3.0105686890E+00        7.807E-05        0.105
3            -3.0105662111E+00        9.221E-05        0.103
4            -3.0105646330E+00        8.138E-05        0.104
5            -3.0105684307E+00        7.273E-05        0.110
6            -3.0105679140E+00        8.123E-05        0.100
7            -3.0105664431E+00        7.282E-05        0.101
8            -3.0105658995E+00        7.793E-05        0.103
9            -3.0105678354E+00        4.767E-05        0.141
10           -3.0105703431E+00        5.109E-06        0.102
11           -3.0105694663E+00        3.064E-06        0.100
12           -3.0105693667E+00        1.826E-06        0.093
13           -3.0105683489E+00        1.934E-06        0.099
14           -3.0105685186E+00        1.061E-06        0.097
15           -3.0105688615E+00        6.817E-07        0.042
Total number of SCF: 15    

k = [0.000, 0.000, 0.000]
Occupation of state 8 = 0.000000000000000.
Occupation of state 9 = 0.000000000000000.
Exx outer loop error: 6.0960141099e-06 
====================================================================
                    Energy and force calculation                    
====================================================================
Free energy per atom               : -3.0105650274E+00 (Ha/atom)
Total free energy                  : -1.2042260110E+01 (Ha)
Band structure energy              : -4.1180350263E+00 (Ha)
Exchange correlation energy        : -4.0095771560E+00 (Ha)
Self and correction energy         : -2.0931851428E+01 (Ha)
Entropy*kb*T                       : -2.4264509870E-11 (Ha)
Fermi level                        : -2.3692447043E-01 (Ha)
RMS force                          :  3.0492035585E-03 (Ha/Bohr)
Maximum force                      :  4.6300820418E-03 (Ha/Bohr)
Time for force calculation         :  0.013 (sec)
***************************************************************************
                               Timing info                                 
***************************************************************************
Total walltime                     :  10.997 sec
___________________________________________________________________________

***************************************************************************
*             Material Physics & Mechanics Group, Georgia Tech            *
*                       PI: Phanish Suryanarayana                         *
*                Main Developers: Qimen Xu, Abhiraj Sharma                *
*     Collaborators: J.E. Pask (LLNL), A.J. Medford (GT), E. Chow (GT)    *
*  Acknowledgements: U.S. DOE (DE-SC0019410); U.S. NSF (1333500,1553212)  *
***************************************************************************
                                                                           
