***************************************************************************
*                       SPARC (version Dec 27, 2021)                      *
*   Copyright (c) 2020 Material Physics & Mechanics Group, Georgia Tech   *
*           Distributed under GNU General Public License 3 (GPL)          *
*                   Start time: Sun Jan 16 03:14:56 2022                  *
***************************************************************************
                           Input parameters                                
***************************************************************************
CELL: 12.4338823950489 16.8986769044157 47.5378507412217 
LATVEC:
1.000000000000000 0.000000000000000 0.000000000000000 
-0.000130020950961 0.999999991547276 0.000000000000000 
0.000000000000000 -0.000000000000000 1.000000000000000 
FD_GRID: 66 89 252
FD_ORDER: 12
BC: P P D
KPOINT_GRID: 2 2 1
KPOINT_SHIFT: 0 0 0
SPIN_TYP: 1
ELEC_TEMP_TYPE: Gaussian
SMEARING: 0.007349864435
CHEB_DEGREE: 37
NSTATES: 267
EXCHANGE_CORRELATION: HSE
CALC_STRESS: 0
CALC_PRES: 0
CHEFSI_BOUND_FLAG: 0
MAXIT_SCF: 100
MINIT_SCF: 3
MAXIT_POISSON: 3000
TOL_SCF: 1.00E-06
POISSON_SOLVER: AAR
TOL_POISSON: 1.00E-08
TOL_LANCZOS: 1.00E-02
TOL_PSEUDOCHARGE: 1.00E-08
MIXING_VARIABLE: density
MIXING_PRECOND: kerker
MIXING_PRECOND_MAG: none
TOL_PRECOND: 3.57E-05
PRECOND_KERKER_KTF: 1
PRECOND_KERKER_THRESH: 0.1
MIXING_PARAMETER: 0.3
MIXING_PARAMETER_MAG: 0.3
MIXING_HISTORY: 7
PULAY_FREQUENCY: 1
PULAY_RESTART: 0
REFERENCE_CUTOFF: 0.5
RHO_TRIGGER: 4
FIX_RAND: 0
VERBOSITY: 1
PRINT_FORCES: 1
PRINT_ATOMS: 1
PRINT_EIGEN: 1
PRINT_DENSITY: 0
PRINT_ENERGY_DENSITY: 0
TOL_FOCK: 5.00E-05
TOL_SCF_INIT: 1.00E-04
MAXIT_FOCK: 1000
EXX_METHOD: FOURIER_SPACE
EXX_DIVERGENCE: AUXILIARY
ACE_FLAG: 1
EXX_ACE_MEM: 1
EXX_ACE_VALENCE_STATES: 10000
EXX_DOWNSAMPLING: 1 1 1
EXX_RANGE_FOCK: 0.106000
EXX_RANGE_PBE: 0.106000
OUTPUT_FILE: sprc-calc
***************************************************************************
                                Cell                                       
***************************************************************************
Lattice vectors (Bohr):
12.433882395048860 0.000000000000000 0.000000000000000 
-0.002197182041095 16.898676761575889 0.000000000000000 
0.000000000000000 -0.000000000000000 47.537850741221725 
Volume                  :  9.9884706279E+03 (Bohr^3)
***************************************************************************
                           Parallelization                                 
***************************************************************************
NP_SPIN_PARAL: 2
NP_KPOINT_PARAL: 4
NP_BAND_PARAL: 1
NP_DOMAIN_PARAL: 2 3 7
NP_DOMAIN_PHI_PARAL: 4 6 14
EIG_SERIAL_MAXNS: 1500
***************************************************************************
                             Initialization                                
***************************************************************************
Number of processors               :  336
Mesh spacing in x-direction        :  0.188392 (Bohr)
Mesh spacing in y-direction        :  0.189873 (Bohr)
Mesh spacing in z direction        :  0.188642 (Bohr)
Number of symmetry adapted k-points:  4
Output printed to                  :  sprc-calc.out
Final eigenvalues printed to       :  sprc-calc.eigen
Total number of atom types         :  4
Total number of atoms              :  57
Total number of electrons          :  438
Atom type 1  (valence electrons)   :  H 1
Pseudopotential                    :  H.psp8
Pseudocharge radii of atom type 1  :  3.77 3.80 3.77 (x, y, z dir)
Number of atoms of type 1          :  2
Atom type 2  (valence electrons)   :  N 5
Pseudopotential                    :  N.psp8
Pseudocharge radii of atom type 2  :  6.78 6.65 6.79 (x, y, z dir)
Number of atoms of type 2          :  2
Atom type 3  (valence electrons)   :  O 6
Pseudopotential                    :  O.psp8
Pseudocharge radii of atom type 3  :  6.78 6.84 6.79 (x, y, z dir)
Number of atoms of type 3          :  35
Atom type 4  (valence electrons)   :  Ti 12
Pseudopotential                    :  Ti.psp8
Pseudocharge radii of atom type 4  :  6.78 6.84 6.79 (x, y, z dir)
Number of atoms of type 4          :  18
Estimated total memory usage       :  314.75 GB
Estimated memory per processor     :  959.25 MB
========================================================================================
                    Self Consistent Field (SCF#1)                     
========================================================================================
Iteration     Free Energy (Ha/atom)    Magnetization     SCF Error        Timing (sec)
1            -2.8835301339E+01         1.3342E+00        4.671E-01        372.660
2            -2.9030126165E+01         3.6108E+00        3.495E-01        59.578
3            -2.8995667342E+01        -2.1747E+00        2.868E-01        60.571
4            -2.9076807556E+01        -1.0565E+00        1.556E-01        59.530
5            -2.9084487425E+01        -1.4725E+00        1.125E-01        56.762
6            -2.9088665147E+01        -1.8611E+00        7.361E-02        55.996
7            -2.9084288739E+01        -4.4297E-01        5.332E-02        69.056
8            -2.9076147738E+01         1.5686E-01        3.764E-02        85.222
9            -2.9061654410E+01        -4.2492E-01        3.028E-02        79.852
10           -2.9043009026E+01         1.1291E-01        2.126E-02        101.312
11           -2.9021423897E+01        -9.4129E-02        1.662E-02        87.680
12           -2.9010522594E+01         1.5927E-02        1.409E-02        86.527
13           -2.8990826334E+01         3.3251E-02        1.382E-02        78.745
14           -2.8977376390E+01         3.3996E-02        9.069E-03        72.497
15           -2.8970974259E+01         1.8169E-01        7.450E-03        68.460
16           -2.8962601828E+01         3.0188E-01        6.168E-03        65.836
17           -2.8955363376E+01         5.6873E-01        5.210E-03        67.352
18           -2.8952393442E+01         7.0144E-01        5.051E-03        64.950
19           -2.8947821970E+01         8.0134E-01        3.542E-03        64.608
20           -2.8943291440E+01         8.4843E-01        2.229E-03        60.978
21           -2.8942888620E+01         8.4702E-01        1.970E-03        65.888
22           -2.8941810460E+01         8.4697E-01        1.806E-03        68.420
23           -2.8940155804E+01         8.3227E-01        1.519E-03        70.325
24           -2.8938860346E+01         7.8938E-01        1.079E-03        66.536
25           -2.8938217628E+01         8.0871E-01        8.752E-04        72.525
26           -2.8938058585E+01         8.0325E-01        6.397E-04        50.759
27           -2.8938004410E+01         8.0364E-01        5.597E-04        50.564
28           -2.8937993817E+01         7.8805E-01        2.961E-04        50.756
29           -2.8937883133E+01         7.8450E-01        1.773E-04        50.572
30           -2.8937884034E+01         7.8582E-01        1.547E-04        50.809
31           -2.8937887015E+01         7.8787E-01        1.481E-04        50.620
32           -2.8937900087E+01         7.8166E-01        8.503E-05        49.998
Total number of SCF: 32    

k = [0.000, 0.000, 0.000]
Occupation of state 240 = 0.000000000000000.
Occupation of state 267 = 0.000000000000000.

No.1 Exx outer loop: 
1            -2.8733984813E+01         4.8194E-01        1.490E-02        84.844
2            -2.8726359217E+01         7.3356E-01        1.325E-02        82.371
3            -2.8728879493E+01         7.5599E-01        9.905E-03        82.469
4            -2.8734725783E+01         7.4091E-01        4.655E-03        82.571
5            -2.8737520921E+01         7.0905E-01        2.266E-03        82.432
6            -2.8738310381E+01         6.8158E-01        1.358E-03        83.232
7            -2.8737061570E+01         6.5820E-01        8.458E-04        82.896
8            -2.8736966836E+01         6.4538E-01        6.743E-04        82.482
9            -2.8736289924E+01         6.1312E-01        4.152E-04        82.491
10           -2.8736217176E+01         6.0400E-01        2.808E-04        82.522
11           -2.8736066222E+01         5.9720E-01        2.009E-04        82.264
12           -2.8735981135E+01         5.9655E-01        1.175E-04        82.155
13           -2.8735937466E+01         6.0176E-01        1.118E-04        81.990
14           -2.8735931106E+01         6.0126E-01        8.865E-05        82.080
15           -2.8735926846E+01         6.0372E-01        5.178E-05        88.239
16           -2.8735926140E+01         6.0407E-01        3.249E-05        87.538
17           -2.8735919720E+01         6.0363E-01        2.840E-05        82.885
18           -2.8735915482E+01         6.0348E-01        1.949E-05        82.564
19           -2.8735911685E+01         6.0277E-01        1.409E-05        82.813
20           -2.8735910144E+01         6.0232E-01        1.156E-05        106.253
21           -2.8735909294E+01         6.0207E-01        1.039E-05        81.677
22           -2.8735908235E+01         6.0210E-01        8.276E-06        81.894
23           -2.8735907722E+01         6.0224E-01        6.808E-06        81.956
24           -2.8735906813E+01         6.0239E-01        4.635E-06        81.721
25           -2.8735906555E+01         6.0240E-01        3.519E-06        81.789
26           -2.8735905326E+01         6.0257E-01        2.268E-06        81.825
27           -2.8735904873E+01         6.0266E-01        2.060E-06        82.525
28           -2.8735904438E+01         6.0268E-01        9.285E-07        82.410
Total number of SCF: 28    

k = [0.000, 0.000, 0.000]
Occupation of state 240 = 0.000000000000000.
Occupation of state 267 = 0.000000000000000.
Exx outer loop error: 6.2876762326e-01 

No.2 Exx outer loop: 
1            -2.8736220073E+01         3.2204E-01        3.155E-03        84.840
2            -2.8736126437E+01         2.8053E-01        2.714E-03        82.876
3            -2.8738163802E+01         9.3939E-02        4.314E-03        82.691
4            -2.8737128317E+01         1.4296E-01        2.002E-03        82.533
5            -2.8737700673E+01         8.6075E-02        1.326E-03        82.464
6            -2.8737561406E+01         1.1450E-01        1.222E-03        82.334
7            -2.8737799410E+01         9.0195E-02        9.819E-04        82.462
8            -2.8737555551E+01         1.0468E-01        7.583E-04        82.426
9            -2.8737316757E+01         1.0851E-01        6.844E-04        83.096
10           -2.8737064132E+01         1.1798E-01        4.800E-04        82.348
11           -2.8736941131E+01         1.3174E-01        4.414E-04        82.334
12           -2.8736849658E+01         1.4443E-01        4.002E-04        87.104
13           -2.8736774768E+01         1.4551E-01        3.120E-04        97.403
14           -2.8736680270E+01         1.4406E-01        2.821E-04        82.706
15           -2.8736646156E+01         1.4880E-01        2.250E-04        82.267
16           -2.8736610345E+01         1.4745E-01        1.950E-04        82.485
17           -2.8736456846E+01         1.5099E-01        1.559E-04        82.305
18           -2.8736403613E+01         1.4834E-01        1.413E-04        82.181
19           -2.8736373106E+01         1.4711E-01        1.534E-04        82.251
20           -2.8736347073E+01         1.5146E-01        7.124E-05        82.138
21           -2.8736309254E+01         1.5142E-01        6.472E-05        82.005
22           -2.8736272938E+01         1.4880E-01        1.025E-04        81.822
23           -2.8736274588E+01         1.4873E-01        1.034E-04        82.747
24           -2.8736267641E+01         1.5175E-01        5.165E-05        82.661
25           -2.8736276723E+01         1.4589E-01        1.661E-04        82.304
26           -2.8736259889E+01         1.4936E-01        8.502E-05        82.099
27           -2.8736245897E+01         1.5060E-01        5.499E-05        81.967
28           -2.8736229404E+01         1.5108E-01        3.446E-05        82.569
29           -2.8736228080E+01         1.5149E-01        2.161E-05        82.307
30           -2.8736234342E+01         1.5113E-01        1.664E-05        82.070
31           -2.8736224612E+01         1.5099E-01        1.144E-05        82.158
32           -2.8736222593E+01         1.5082E-01        8.751E-06        82.175
33           -2.8736221548E+01         1.5073E-01        6.425E-06        82.138
34           -2.8736220757E+01         1.5073E-01        4.981E-06        86.124
35           -2.8736218628E+01         1.5080E-01        3.840E-06        82.328
36           -2.8736215729E+01         1.5094E-01        2.402E-06        82.301
37           -2.8736214920E+01         1.5102E-01        1.623E-06        82.082
38           -2.8736213102E+01         1.5108E-01        1.147E-06        82.173
39           -2.8736212696E+01         1.5110E-01        9.646E-07        81.748
Total number of SCF: 39    

k = [0.000, 0.000, 0.000]
Occupation of state 240 = 0.000000000000000.
Occupation of state 267 = 0.000000000000000.
Exx outer loop error: 9.5838263369e-03 

No.3 Exx outer loop: 
1            -2.8736321124E+01         7.7811E-04        1.944E-03        85.272
2            -2.8736567069E+01         7.8442E-04        1.459E-03        82.543
3            -2.8738160083E+01         6.8562E-02        3.682E-03        82.400
4            -2.8737713172E+01         2.7079E-02        2.235E-03        82.547
5            -2.8737230695E+01         1.7673E-03        8.120E-04        82.614
6            -2.8736801109E+01         1.0682E-03        6.129E-04        82.566
7            -2.8736898081E+01         1.4097E-03        3.737E-04        82.402
8            -2.8736827728E+01         1.5568E-03        2.720E-04        82.247
9            -2.8736720855E+01         2.0527E-03        2.010E-04        83.094
10           -2.8736535982E+01         2.6054E-03        1.467E-04        82.424
11           -2.8736463965E+01         2.2879E-03        1.135E-04        82.399
12           -2.8736416006E+01         1.9339E-03        1.229E-04        82.120
13           -2.8736400338E+01         2.0307E-03        7.289E-05        82.158
14           -2.8736346484E+01         1.8367E-03        4.983E-05        82.414
15           -2.8736327578E+01         1.7770E-03        3.189E-05        82.365
16           -2.8736305481E+01         1.6471E-03        1.920E-05        82.028
17           -2.8736302539E+01         1.6030E-03        1.270E-05        82.185
18           -2.8736298756E+01         1.5718E-03        8.727E-06        82.477
19           -2.8736297122E+01         1.5592E-03        6.253E-06        85.243
20           -2.8736294909E+01         1.5545E-03        5.261E-06        84.820
21           -2.8736292020E+01         1.5506E-03        3.728E-06        82.304
22           -2.8736290721E+01         1.5537E-03        2.957E-06        82.747
23           -2.8736288617E+01         1.5569E-03        2.125E-06        82.007
24           -2.8736287624E+01         1.5570E-03        1.703E-06        82.018
25           -2.8736286685E+01         1.5578E-03        1.720E-06        81.811
26           -2.8736286706E+01         1.5572E-03        1.425E-06        82.110
27           -2.8736286667E+01         1.5609E-03        1.443E-06        81.948
28           -2.8736286682E+01         1.5607E-03        1.114E-06        81.915
29           -2.8736286712E+01         1.5607E-03        9.145E-07        81.650
Total number of SCF: 29    

k = [0.000, 0.000, 0.000]
Occupation of state 240 = 0.000000000000000.
Occupation of state 267 = 0.000000000000000.
Exx outer loop error: 1.3576244512e-03 

No.4 Exx outer loop: 
1            -2.8736308094E+01         4.7721E-05        6.863E-04        84.889
2            -2.8736308876E+01         5.9327E-05        4.025E-04        82.699
3            -2.8736850133E+01         5.8269E-05        9.940E-04        82.402
4            -2.8736519312E+01         8.4190E-05        4.199E-04        83.423
5            -2.8736413939E+01         9.7085E-05        1.720E-04        82.586
6            -2.8736419481E+01         7.8326E-05        9.075E-05        82.666
7            -2.8736394886E+01         6.9766E-05        6.067E-05        82.744
8            -2.8736365907E+01         6.8103E-05        5.393E-05        82.402
9            -2.8736346622E+01         6.5753E-05        3.733E-05        82.456
10           -2.8736321227E+01         6.3120E-05        2.331E-05        82.550
11           -2.8736310926E+01         6.2244E-05        1.556E-05        82.307
12           -2.8736308242E+01         6.2712E-05        1.273E-05        82.343
13           -2.8736304445E+01         6.3058E-05        8.735E-06        82.316
14           -2.8736302222E+01         6.2465E-05        6.532E-06        82.243
15           -2.8736300869E+01         6.1316E-05        4.754E-06        86.211
16           -2.8736301114E+01         6.0808E-05        4.214E-06        82.311
17           -2.8736301775E+01         6.0078E-05        3.565E-06        82.496
18           -2.8736302307E+01         5.9804E-05        2.562E-06        81.883
19           -2.8736302312E+01         5.9732E-05        2.037E-06        82.089
20           -2.8736301773E+01         5.9654E-05        1.669E-06        82.250
21           -2.8736301267E+01         5.9608E-05        1.449E-06        82.238
22           -2.8736300088E+01         5.9472E-05        8.861E-07        81.886
Total number of SCF: 22    

k = [0.000, 0.000, 0.000]
Occupation of state 240 = 0.000000000000000.
Occupation of state 267 = 0.000000000000000.
Exx outer loop error: 1.8445218296e-05 
====================================================================
                    Energy and force calculation                    
====================================================================
Free energy per atom               : -2.8736272590E+01 (Ha/atom)
Total free energy                  : -1.6379675377E+03 (Ha)
Band structure energy              : -4.1513046475E+02 (Ha)
Exchange correlation energy        : -2.9094528869E+02 (Ha)
Self and correction energy         : -2.1599466100E+03 (Ha)
Entropy*kb*T                       : -1.9800089857E-03 (Ha)
Fermi level                        : -1.7588136269E-01 (Ha)
RMS force                          :  2.6130676163E-02 (Ha/Bohr)
Maximum force                      :  9.5217477883E-02 (Ha/Bohr)
Time for force calculation         :  1.009 (sec)
***************************************************************************
                               Timing info                                 
***************************************************************************
Total walltime                     :  18594.558 sec
___________________________________________________________________________

***************************************************************************
*             Material Physics & Mechanics Group, Georgia Tech            *
*                       PI: Phanish Suryanarayana                         *
*                Main Developers: Qimen Xu, Abhiraj Sharma                *
*     Collaborators: J.E. Pask (LLNL), A.J. Medford (GT), E. Chow (GT)    *
*  Acknowledgements: U.S. DOE (DE-SC0019410); U.S. NSF (1333500,1553212)  *
***************************************************************************
                                                                           
