                Step[ FC]     Time          Energy          fmax
*Force-consistent energies used in optimization.
BFGSLineSearch:    0[  0] 14:50:12   -40350.940419*     547.0816
BFGSLineSearch:    1[  1] 15:01:15   -40424.410932*      44.4327
BFGSLineSearch:    2[  2] 15:07:22   -40430.020497*      38.0039
BFGSLineSearch:    3[  3] 15:14:20   -40433.359162*      29.3313
BFGSLineSearch:    4[  4] 15:25:43   -40435.926175*      19.5065
BFGSLineSearch:    5[  5] 15:37:20   -40437.347035*       5.7103
BFGSLineSearch:    6[  6] 15:46:22   -40438.678131*       5.1468
BFGSLineSearch:    7[  8] 15:59:26   -40439.670347*       2.7465
BFGSLineSearch:    8[ 10] 16:13:55   -40439.947296*       1.9624
BFGSLineSearch:    9[ 12] 16:26:43   -40440.186660*       1.6870
BFGSLineSearch:   10[ 14] 16:39:25   -40440.256661*       2.0315
BFGSLineSearch:   11[ 16] 16:52:29   -40440.384205*       1.3425
BFGSLineSearch:   12[ 18] 17:03:39   -40440.527538*       1.5642
BFGSLineSearch:   13[ 20] 17:17:00   -40441.199601*       5.6949
BFGSLineSearch:   14[ 22] 17:31:30   -40441.429569*       4.3599
BFGSLineSearch:   15[ 23] 17:39:22   -40442.828127*       4.1895
BFGSLineSearch:   16[ 24] 17:48:55   -40443.687198*       3.5037
BFGSLineSearch:   17[ 26] 18:02:28   -40444.157420*       6.1775
BFGSLineSearch:   18[ 28] 18:18:07   -40444.353112*       1.7016
BFGSLineSearch:   19[ 30] 18:33:23   -40444.525469*       1.5828
BFGSLineSearch:   20[ 32] 18:45:31   -40444.680682*       1.8836
BFGSLineSearch:   21[ 33] 18:52:18   -40444.866766*       1.7934
BFGSLineSearch:   22[ 34] 19:00:25   -40445.064663*       2.0474
                Step[ FC]     Time          Energy          fmax
*Force-consistent energies used in optimization.
BFGSLineSearch:    0[  0] 21:06:07   -40445.064705*       2.0471
BFGSLineSearch:    1[  2] 21:23:12   -40445.153003*       0.9805
BFGSLineSearch:    2[  3] 21:31:16   -40445.279810*       1.2721
BFGSLineSearch:    3[  4] 21:38:50   -40445.440803*       1.5270
BFGSLineSearch:    4[  6] 21:54:32   -40445.680651*       1.2990
BFGSLineSearch:    5[  7] 22:01:50   -40445.791392*       2.2848
BFGSLineSearch:    6[  8] 22:11:38   -40445.996009*       1.2975
BFGSLineSearch:    7[ 10] 22:30:23   -40446.247204*       3.6465
BFGSLineSearch:    8[ 12] 22:50:55   -40446.363675*       1.0769
BFGSLineSearch:    9[ 14] 23:08:19   -40446.460697*       1.4075
BFGSLineSearch:   10[ 16] 23:25:11   -40446.547526*       1.3503
BFGSLineSearch:   11[ 18] 23:41:23   -40446.600459*       0.6679
BFGSLineSearch:   12[ 19] 23:49:51   -40446.655008*       0.7792
BFGSLineSearch:   13[ 20] 23:57:04   -40446.694687*       0.7352
BFGSLineSearch:   14[ 21] 00:03:42   -40446.720397*       0.9517
BFGSLineSearch:   15[ 22] 00:11:40   -40446.751430*       1.0741
BFGSLineSearch:   16[ 23] 00:19:45   -40446.780968*       0.6028
BFGSLineSearch:   17[ 24] 00:26:40   -40446.805291*       0.3513
BFGSLineSearch:   18[ 25] 00:34:47   -40446.829061*       0.3830
BFGSLineSearch:   19[ 26] 00:43:22   -40446.852241*       0.4224
BFGSLineSearch:   20[ 27] 00:50:29   -40446.873634*       0.4415
BFGSLineSearch:   21[ 28] 00:57:22   -40446.885009*       0.9763
BFGSLineSearch:   22[ 30] 01:09:11   -40446.896205*       0.1692
BFGSLineSearch:   23[ 32] 01:22:42   -40446.904749*       0.3498
BFGSLineSearch:   24[ 33] 01:29:29   -40446.912529*       0.2009
BFGSLineSearch:   25[ 34] 01:38:33   -40446.922904*       0.2498
BFGSLineSearch:   26[ 35] 01:46:19   -40446.934032*       0.2382
BFGSLineSearch:   27[ 36] 01:53:16   -40446.950898*       0.3709
                Step[ FC]     Time          Energy          fmax
*Force-consistent energies used in optimization.
BFGSLineSearch:    0[  0] 09:14:06   -40446.950933*       0.3758
BFGSLineSearch:    1[  1] 09:23:45   -40446.959112*       0.2410
BFGSLineSearch:    2[  2] 09:35:29   -40446.975765*       0.3652
BFGSLineSearch:    3[  3] 09:48:11   -40447.000618*       0.3171
BFGSLineSearch:    4[  4] 09:59:14   -40447.017835*       0.2636
BFGSLineSearch:    5[  5] 10:11:16   -40447.035829*       0.5166
BFGSLineSearch:    6[  7] 10:32:40   -40447.048685*       0.4123
BFGSLineSearch:    7[  9] 10:51:41   -40447.062994*       0.3297
BFGSLineSearch:    8[ 10] 11:03:09   -40447.073569*       0.3303
BFGSLineSearch:    9[ 11] 11:13:13   -40447.081711*       0.1998
BFGSLineSearch:   10[ 12] 11:23:06   -40447.089067*       0.1660
BFGSLineSearch:   11[ 13] 11:36:20   -40447.098206*       0.2252
BFGSLineSearch:   12[ 14] 11:50:22   -40447.108162*       0.3471
BFGSLineSearch:   13[ 15] 12:01:04   -40447.117197*       0.2788
BFGSLineSearch:   14[ 16] 12:12:12   -40447.125120*       0.1639
BFGSLineSearch:   15[ 17] 12:24:12   -40447.129501*       0.3882
BFGSLineSearch:   16[ 18] 12:33:16   -40447.132904*       0.1175
BFGSLineSearch:   17[ 19] 12:43:48   -40447.135004*       0.0977
BFGSLineSearch:   18[ 20] 12:54:27   -40447.136738*       0.1221
BFGSLineSearch:   19[ 21] 13:03:17   -40447.138312*       0.2442
BFGSLineSearch:   20[ 22] 13:13:57   -40447.140584*       0.1434
BFGSLineSearch:   21[ 25] 13:45:57   -40447.146245*       0.1688
                Step[ FC]     Time          Energy          fmax
*Force-consistent energies used in optimization.
BFGSLineSearch:    0[  0] 10:15:03   -40447.146215*       0.1700
BFGSLineSearch:    1[  1] 10:24:58   -40447.149275*       0.2487
BFGSLineSearch:    2[  4] 10:56:16   -40447.153425*       0.4718
BFGSLineSearch:    3[  5] 11:06:43   -40447.159486*       0.3173
BFGSLineSearch:    4[  6] 11:19:55   -40447.167731*       0.4340
BFGSLineSearch:    5[  7] 11:31:05   -40447.174276*       0.3819
BFGSLineSearch:    6[  8] 11:42:11   -40447.184098*       0.3573
BFGSLineSearch:    7[  9] 11:52:57   -40447.196521*       0.4643
BFGSLineSearch:    8[ 10] 12:04:54   -40447.205160*       0.2583
BFGSLineSearch:    9[ 12] 12:24:48   -40447.215890*       0.3667
BFGSLineSearch:   10[ 13] 12:35:26   -40447.223925*       0.4934
BFGSLineSearch:   11[ 14] 12:48:46   -40447.231800*       0.8538
BFGSLineSearch:   12[ 15] 13:01:28   -40447.238037*       0.5582
BFGSLineSearch:   13[ 16] 13:11:11   -40447.242736*       0.3732
BFGSLineSearch:   14[ 17] 13:21:19   -40447.246427*       0.2781
BFGSLineSearch:   15[ 18] 13:32:16   -40447.249296*       0.3132
BFGSLineSearch:   16[ 19] 13:43:10   -40447.254298*       0.1872
BFGSLineSearch:   17[ 20] 13:56:45   -40447.258899*       0.2912
BFGSLineSearch:   18[ 21] 14:07:23   -40447.264248*       0.4139
BFGSLineSearch:   19[ 22] 14:16:30   -40447.268077*       0.1730
BFGSLineSearch:   20[ 23] 14:26:16   -40447.271571*       0.2135
BFGSLineSearch:   21[ 24] 14:35:26   -40447.274443*       0.2324
BFGSLineSearch:   22[ 25] 14:44:39   -40447.276428*       0.2212
BFGSLineSearch:   23[ 26] 14:54:09   -40447.278153*       0.1981
BFGSLineSearch:   24[ 28] 15:15:16   -40447.278934*       0.1745
                Step[ FC]     Time          Energy          fmax
*Force-consistent energies used in optimization.
BFGSLineSearch:    0[  0] 17:41:24   -40447.278924*       0.1685
BFGSLineSearch:    1[  2] 18:14:09   -40447.279825*       0.2246
BFGSLineSearch:    2[  5] 18:43:28   -40447.283479*       0.1386
BFGSLineSearch:    3[  6] 18:54:03   -40447.286136*       0.1352
BFGSLineSearch:    4[  8] 19:15:00   -40447.292434*       0.1939
BFGSLineSearch:    5[ 11] 19:49:41   -40447.302565*       0.5547
BFGSLineSearch:    6[ 12] 20:02:02   -40447.314417*       0.8877
BFGSLineSearch:    7[ 13] 20:21:48   -40447.330768*       0.2617
BFGSLineSearch:    8[ 15] 20:50:12   -40447.348318*       0.2620
BFGSLineSearch:    9[ 17] 21:12:18   -40447.357565*       0.5775
BFGSLineSearch:   10[ 18] 21:23:45   -40447.366955*       0.2587
BFGSLineSearch:   11[ 19] 21:34:43   -40447.373305*       0.2840
BFGSLineSearch:   12[ 20] 21:47:48   -40447.378078*       0.4059
BFGSLineSearch:   13[ 21] 22:00:43   -40447.384873*       0.1912
BFGSLineSearch:   14[ 22] 22:11:49   -40447.391572*       0.2831
BFGSLineSearch:   15[ 23] 22:40:43   -40447.400003*       0.2720
BFGSLineSearch:   16[ 25] 00:01:13   -40447.406356*       0.2197
BFGSLineSearch:   17[ 26] 00:27:09   -40447.411135*       0.2314
                Step[ FC]     Time          Energy          fmax
*Force-consistent energies used in optimization.
BFGSLineSearch:    0[  0] 09:41:58   -40447.411122*       0.2307
BFGSLineSearch:    1[  3] 10:13:47   -40447.414467*       0.1763
BFGSLineSearch:    2[  4] 10:23:58   -40447.421258*       0.1813
BFGSLineSearch:    3[  5] 10:32:56   -40447.425768*       0.2346
BFGSLineSearch:    4[  6] 10:41:48   -40447.430329*       0.3398
BFGSLineSearch:    5[  8] 10:58:53   -40447.438768*       0.3016
BFGSLineSearch:    6[  9] 11:09:35   -40447.442977*       0.5590
BFGSLineSearch:    7[ 10] 11:19:01   -40447.449686*       0.1410
BFGSLineSearch:    8[ 11] 11:29:34   -40447.456355*       0.1506
BFGSLineSearch:    9[ 13] 11:48:24   -40447.459870*       0.2390
BFGSLineSearch:   10[ 14] 11:59:11   -40447.463327*       0.2315
BFGSLineSearch:   11[ 15] 12:07:28   -40447.464985*       0.2741
BFGSLineSearch:   12[ 16] 12:16:12   -40447.467685*       0.1075
BFGSLineSearch:   13[ 17] 12:24:59   -40447.469781*       0.1113
BFGSLineSearch:   14[ 18] 12:34:42   -40447.471634*       0.1573
BFGSLineSearch:   15[ 19] 12:43:36   -40447.473378*       0.0918
BFGSLineSearch:   16[ 20] 12:52:24   -40447.474285*       0.1141
BFGSLineSearch:   17[ 22] 13:08:56   -40447.475111*       0.1434
BFGSLineSearch:   18[ 25] 13:42:35   -40447.475472*       0.1087
BFGSLineSearch:   19[ 26] 13:51:48   -40447.476014*       0.1509
BFGSLineSearch:   20[ 27] 14:01:34   -40447.476828*       0.1649
