***************************************************************************
*                       SPARC (version Nov 19, 2021)                      *
*   Copyright (c) 2020 Material Physics & Mechanics Group, Georgia Tech   *
*           Distributed under GNU General Public License 3 (GPL)          *
*                   Start time: Tue Nov 23 10:35:06 2021                  *
***************************************************************************
                           Input parameters                                
***************************************************************************
CELL: 12.4338823950489 11.2657846029438 47.5378507412217 
LATVEC:
1.000000000000000 0.000000000000000 0.000000000000000 
-0.000130020950961 0.999999991547276 0.000000000000000 
0.000000000000000 -0.000000000000000 1.000000000000000 
FD_GRID: 66 60 252
FD_ORDER: 12
BC: P P D
KPOINT_GRID: 1 1 1
KPOINT_SHIFT: 0 0 0
SPIN_TYP: 0
ELEC_TEMP_TYPE: Gaussian
SMEARING: 0.007349864435
CHEB_DEGREE: 37
NSTATES: 231
EXCHANGE_CORRELATION: HSE
CALC_STRESS: 0
CALC_PRES: 0
CHEFSI_BOUND_FLAG: 0
MAXIT_SCF: 100
MINIT_SCF: 3
MAXIT_POISSON: 3000
TOL_SCF: 1.00E-06
POISSON_SOLVER: AAR
TOL_POISSON: 1.00E-08
TOL_LANCZOS: 1.00E-02
TOL_PSEUDOCHARGE: 1.00E-08
MIXING_VARIABLE: density
MIXING_PRECOND: kerker
TOL_PRECOND: 3.54E-05
PRECOND_KERKER_KTF: 1
PRECOND_KERKER_THRESH: 0.1
MIXING_PARAMETER: 0.3
MIXING_HISTORY: 7
PULAY_FREQUENCY: 1
PULAY_RESTART: 0
REFERENCE_CUTOFF: 0.5
RHO_TRIGGER: 4
FIX_RAND: 0
VERBOSITY: 1
PRINT_FORCES: 1
PRINT_ATOMS: 1
PRINT_EIGEN: 1
PRINT_DENSITY: 0
PRINT_ENERGY_DENSITY: 0
TOL_FOCK: 5.00E-05
TOL_SCF_INIT: 1.00E-04
MAXIT_FOCK: 1000
EXX_METHOD: FOURIER_SPACE
EXX_DIVERGENCE: AUXILIARY
ACE_FLAG: 1
EXX_ACE_MEM: 1
EXX_ACE_VALENCE_STATES: 10000
EXX_DOWNSAMPLING: 1 1 1
EXX_RANGE_FOCK: 0.106000
EXX_RANGE_PBE: 0.106000
OUTPUT_FILE: sprc-calc
***************************************************************************
                                Cell                                       
***************************************************************************
Lattice vectors (Bohr):
12.433882395048860 0.000000000000000 0.000000000000000 
-0.001464788027397 11.265784507717260 0.000000000000000 
0.000000000000000 -0.000000000000000 47.537850741221725 
Volume                  :  6.6589804186E+03 (Bohr^3)
***************************************************************************
                           Parallelization                                 
***************************************************************************
NP_SPIN_PARAL: 1
NP_KPOINT_PARAL: 1
NP_BAND_PARAL: 1
NP_DOMAIN_PARAL: 4 4 21
NP_DOMAIN_PHI_PARAL: 4 4 21
EIG_SERIAL_MAXNS: 1500
***************************************************************************
                             Initialization                                
***************************************************************************
Number of processors               :  336
Mesh spacing in x-direction        :  0.188392 (Bohr)
Mesh spacing in y-direction        :  0.187763 (Bohr)
Mesh spacing in z direction        :  0.188642 (Bohr)
Number of symmetry adapted k-points:  1
Output printed to                  :  sprc-calc.out
Final eigenvalues printed to       :  sprc-calc.eigen
Total number of atom types         :  2
Total number of atoms              :  47
Total number of electrons          :  378
Atom type 1  (valence electrons)   :  O 6
Pseudopotential                    :  O.psp8
Pseudocharge radii of atom type 1  :  6.78 6.76 6.79 (x, y, z dir)
Number of atoms of type 1          :  31
Atom type 2  (valence electrons)   :  Ti 12
Pseudopotential                    :  Ti.psp8
Pseudocharge radii of atom type 2  :  6.78 6.76 6.79 (x, y, z dir)
Number of atoms of type 2          :  16
Estimated total memory usage       :  20.94 GB
Estimated memory per processor     :  63.82 MB
===================================================================
                    Self Consistent Field (SCF#1)                     
===================================================================
Iteration     Free Energy (Ha/atom)   SCF Error        Timing (sec)
1            -3.0888787626E+01        1.425E-01        13.543
2            -3.0766711643E+01        5.610E-02        3.896
3            -3.0734728682E+01        3.872E-02        3.763
4            -3.0746249803E+01        2.559E-02        3.626
5            -3.0752116989E+01        2.035E-02        3.639
6            -3.0752315010E+01        1.582E-02        3.702
7            -3.0747738112E+01        8.863E-03        3.704
8            -3.0744510070E+01        1.131E-02        3.735
9            -3.0743161238E+01        5.848E-03        3.562
10           -3.0743316336E+01        2.977E-03        3.693
11           -3.0742030969E+01        1.293E-03        3.785
12           -3.0741246080E+01        1.246E-03        3.889
13           -3.0741103825E+01        9.811E-04        3.630
14           -3.0740803874E+01        6.178E-04        3.657
15           -3.0740685567E+01        4.128E-04        3.555
16           -3.0740649134E+01        2.785E-04        3.614
17           -3.0740581990E+01        2.107E-04        3.873
18           -3.0740429164E+01        1.409E-04        3.664
19           -3.0740375489E+01        9.259E-05        3.183
Total number of SCF: 19    

k = [0.000, 0.000, 0.000]
Occupation of state 208 = 0.000000000000043.
Occupation of state 231 = 0.000000000000000.

No.1 Exx outer loop: 
1            -3.0526633616E+01        1.368E-02        4.574
2            -3.0518280016E+01        1.522E-02        4.570
3            -3.0519122515E+01        1.247E-02        5.096
4            -3.0521448203E+01        1.049E-02        4.527
5            -3.0525624140E+01        5.298E-03        4.361
6            -3.0527649255E+01        4.547E-03        4.392
7            -3.0528037365E+01        3.626E-03        4.576
8            -3.0528213177E+01        1.589E-03        4.352
9            -3.0528656134E+01        8.255E-04        4.244
10           -3.0528736742E+01        7.030E-04        4.548
11           -3.0528801768E+01        3.394E-04        4.610
12           -3.0528860761E+01        1.982E-04        4.371
13           -3.0528793080E+01        2.160E-04        4.407
14           -3.0528806179E+01        1.396E-04        4.323
15           -3.0528736761E+01        1.512E-04        4.298
16           -3.0528724505E+01        9.718E-05        4.333
17           -3.0528674279E+01        6.534E-05        4.499
18           -3.0528657412E+01        5.510E-05        4.245
19           -3.0528651703E+01        3.150E-05        4.382
20           -3.0528645982E+01        5.071E-05        4.429
21           -3.0528645030E+01        3.959E-05        4.227
22           -3.0528644850E+01        4.814E-05        4.289
23           -3.0528640664E+01        3.823E-05        4.090
24           -3.0528642502E+01        5.404E-05        4.225
25           -3.0528636366E+01        3.800E-05        4.211
26           -3.0528635195E+01        2.281E-05        4.379
27           -3.0528633866E+01        4.319E-05        4.180
28           -3.0528634808E+01        8.416E-06        4.191
29           -3.0528633074E+01        5.297E-06        4.160
30           -3.0528633046E+01        9.464E-06        4.194
31           -3.0528632534E+01        2.239E-05        4.706
32           -3.0528632500E+01        4.214E-06        4.345
33           -3.0528631888E+01        1.075E-05        4.070
34           -3.0528631923E+01        3.341E-06        4.169
35           -3.0528631780E+01        1.538E-06        4.130
36           -3.0528631685E+01        1.192E-06        4.016
37           -3.0528631792E+01        3.219E-06        3.910
38           -3.0528631853E+01        1.156E-06        3.961
39           -3.0528631958E+01        1.682E-06        4.003
40           -3.0528632008E+01        1.515E-06        3.869
41           -3.0528632052E+01        1.848E-06        4.214
42           -3.0528632121E+01        4.507E-07        3.834
Total number of SCF: 42    

k = [0.000, 0.000, 0.000]
Occupation of state 208 = 0.000000000000000.
Occupation of state 231 = 0.000000000000000.
Exx outer loop error: 6.5273498560e-01 

No.2 Exx outer loop: 
1            -3.0528944568E+01        3.479E-03        4.527
2            -3.0528276439E+01        6.322E-03        4.464
3            -3.0528752023E+01        7.495E-03        4.265
4            -3.0528861356E+01        8.119E-03        4.286
5            -3.0528944587E+01        5.774E-03        4.407
6            -3.0528971378E+01        5.753E-03        4.253
7            -3.0528700081E+01        4.765E-03        4.338
8            -3.0528647485E+01        4.481E-03        4.227
9            -3.0528567925E+01        3.521E-03        4.206
10           -3.0528582727E+01        1.400E-03        4.480
11           -3.0528694104E+01        1.164E-03        4.337
12           -3.0529072181E+01        2.831E-03        4.305
13           -3.0529088588E+01        1.169E-03        4.229
14           -3.0529121584E+01        1.300E-03        4.312
15           -3.0529101439E+01        1.896E-03        4.215
16           -3.0529108990E+01        1.425E-03        4.288
17           -3.0529149180E+01        2.271E-03        4.384
18           -3.0529150539E+01        9.589E-04        4.212
19           -3.0529147767E+01        1.141E-03        4.299
20           -3.0529125454E+01        1.153E-03        4.280
21           -3.0529088388E+01        1.046E-03        4.351
22           -3.0529077874E+01        8.830E-04        4.338
23           -3.0529060394E+01        6.848E-04        4.447
24           -3.0529054831E+01        6.962E-04        4.339
25           -3.0529011742E+01        4.589E-04        4.306
26           -3.0528979616E+01        1.530E-04        4.901
27           -3.0528969261E+01        1.098E-04        4.755
28           -3.0528962489E+01        8.935E-05        4.825
29           -3.0528956970E+01        6.848E-05        4.473
30           -3.0528940713E+01        3.534E-05        4.130
31           -3.0528938452E+01        2.448E-05        4.074
32           -3.0528936629E+01        2.599E-05        4.053
33           -3.0528938218E+01        5.906E-06        4.184
34           -3.0528935378E+01        7.795E-06        3.957
35           -3.0528936064E+01        3.265E-06        4.198
36           -3.0528935288E+01        5.524E-06        4.588
37           -3.0528934417E+01        3.536E-06        3.989
38           -3.0528933898E+01        2.604E-06        4.678
39           -3.0528933311E+01        1.096E-06        4.825
40           -3.0528933028E+01        1.665E-06        3.999
41           -3.0528933021E+01        1.260E-06        3.858
42           -3.0528933069E+01        6.342E-07        3.876
Total number of SCF: 42    

k = [0.000, 0.000, 0.000]
Occupation of state 208 = 0.000000000000000.
Occupation of state 231 = 0.000000000000000.
Exx outer loop error: 1.5543374249e-02 

No.3 Exx outer loop: 
1            -3.0528961174E+01        2.345E-03        4.468
2            -3.0528961527E+01        6.162E-03        4.433
3            -3.0529012357E+01        3.779E-03        4.350
4            -3.0528890421E+01        8.901E-04        4.202
5            -3.0528898063E+01        2.593E-03        4.242
6            -3.0528905978E+01        1.421E-03        4.369
7            -3.0528952179E+01        2.665E-03        4.251
8            -3.0528943567E+01        2.429E-03        4.276
9            -3.0528916405E+01        8.714E-05        4.366
10           -3.0528936528E+01        1.304E-04        4.227
11           -3.0528941681E+01        1.847E-04        4.215
12           -3.0528944046E+01        1.665E-04        4.105
13           -3.0528941525E+01        3.356E-04        4.162
14           -3.0528953133E+01        8.613E-04        4.185
15           -3.0528942428E+01        3.986E-04        3.999
16           -3.0528940987E+01        1.826E-04        4.283
17           -3.0528942303E+01        1.244E-04        4.167
18           -3.0528944100E+01        7.097E-05        4.202
19           -3.0528947018E+01        2.221E-05        4.719
20           -3.0528949245E+01        4.126E-05        4.104
21           -3.0528949690E+01        8.815E-06        3.861
22           -3.0528950396E+01        5.157E-06        3.979
23           -3.0528950666E+01        7.046E-06        3.992
24           -3.0528950829E+01        4.431E-06        4.030
25           -3.0528950846E+01        4.441E-06        4.001
26           -3.0528951077E+01        6.351E-06        3.891
27           -3.0528951064E+01        1.105E-06        3.983
28           -3.0528951108E+01        2.374E-06        3.872
29           -3.0528951082E+01        2.023E-06        3.860
30           -3.0528951163E+01        2.170E-06        3.777
31           -3.0528951204E+01        1.226E-06        3.882
32           -3.0528951317E+01        5.456E-07        3.907
Total number of SCF: 32    

k = [0.000, 0.000, 0.000]
Occupation of state 208 = 0.000000000000000.
Occupation of state 231 = 0.000000000000000.
Exx outer loop error: 3.6088474732e-03 

No.4 Exx outer loop: 
1            -3.0528949879E+01        1.062E-03        4.660
2            -3.0528969765E+01        2.448E-03        4.333
3            -3.0529033689E+01        1.570E-03        4.129
4            -3.0528999708E+01        2.470E-04        4.374
5            -3.0528974266E+01        8.112E-04        4.237
6            -3.0528951356E+01        9.774E-05        4.207
7            -3.0528944033E+01        1.142E-04        4.518
8            -3.0528945112E+01        1.920E-04        4.297
9            -3.0528942496E+01        6.476E-05        4.340
10           -3.0528947943E+01        3.306E-05        4.162
11           -3.0528949342E+01        3.158E-05        4.762
12           -3.0528950293E+01        2.161E-05        4.143
13           -3.0528950127E+01        2.057E-05        4.136
14           -3.0528950954E+01        1.627E-05        4.194
15           -3.0528952229E+01        4.940E-06        4.225
16           -3.0528952900E+01        8.167E-06        4.212
17           -3.0528952676E+01        2.860E-06        4.077
18           -3.0528953508E+01        6.598E-06        3.923
19           -3.0528953386E+01        3.035E-06        4.102
20           -3.0528953803E+01        6.970E-06        4.626
21           -3.0528953608E+01        8.513E-07        3.935
Total number of SCF: 21    

k = [0.000, 0.000, 0.000]
Occupation of state 208 = 0.000000000000000.
Occupation of state 231 = 0.000000000000000.
Exx outer loop error: 1.0023154195e-03 

No.5 Exx outer loop: 
1            -3.0528948744E+01        6.013E-04        4.917
2            -3.0528963015E+01        1.402E-03        4.638
3            -3.0529019807E+01        1.627E-03        4.522
4            -3.0528960751E+01        1.289E-04        4.264
5            -3.0528963812E+01        1.538E-04        4.189
6            -3.0528959655E+01        3.858E-04        4.439
7            -3.0528966839E+01        3.475E-04        4.145
8            -3.0528971818E+01        1.463E-04        4.501
9            -3.0529051625E+01        2.197E-03        4.321
10           -3.0528979605E+01        2.866E-04        4.067
11           -3.0528971528E+01        6.048E-05        4.144
12           -3.0528968494E+01        8.113E-05        4.108
13           -3.0528969609E+01        8.081E-05        4.110
14           -3.0528969687E+01        8.150E-05        4.117
15           -3.0528969654E+01        7.737E-05        4.251
16           -3.0528969055E+01        7.947E-05        4.104
17           -3.0528969672E+01        7.410E-05        4.162
18           -3.0528969703E+01        7.965E-05        4.198
19           -3.0528969898E+01        4.398E-05        4.034
20           -3.0528969912E+01        3.319E-05        3.941
21           -3.0528970699E+01        3.963E-05        4.258
22           -3.0528969742E+01        1.027E-04        4.003
23           -3.0528969247E+01        8.264E-05        4.264
24           -3.0528969033E+01        8.908E-05        4.041
25           -3.0528968867E+01        4.958E-05        4.137
26           -3.0528970135E+01        2.768E-05        4.343
27           -3.0528968957E+01        4.812E-05        4.107
28           -3.0528970141E+01        4.122E-05        4.127
29           -3.0528970324E+01        4.471E-05        4.226
30           -3.0528967463E+01        4.982E-05        4.124
31           -3.0528966527E+01        5.048E-05        4.136
32           -3.0528965170E+01        4.170E-05        4.193
33           -3.0528965920E+01        3.531E-05        4.062
34           -3.0528967204E+01        4.782E-05        4.191
35           -3.0528969228E+01        6.329E-05        4.148
36           -3.0528965323E+01        4.059E-05        4.201
37           -3.0528964033E+01        3.011E-05        4.149
38           -3.0528963008E+01        2.181E-05        4.253
39           -3.0528958069E+01        1.199E-05        4.015
40           -3.0528955991E+01        1.310E-05        5.082
41           -3.0528956850E+01        9.176E-06        4.534
42           -3.0528956020E+01        8.191E-06        4.183
43           -3.0528955678E+01        3.279E-06        4.116
44           -3.0528955349E+01        4.942E-06        4.158
45           -3.0528955372E+01        1.709E-06        4.389
46           -3.0528955088E+01        1.598E-06        4.081
47           -3.0528954959E+01        2.947E-06        4.090
48           -3.0528954703E+01        1.588E-06        3.930
49           -3.0528954630E+01        2.029E-06        4.021
50           -3.0528954573E+01        1.788E-06        3.988
51           -3.0528954593E+01        4.417E-06        3.868
52           -3.0528954590E+01        4.160E-06        3.848
53           -3.0528954578E+01        3.500E-06        4.041
54           -3.0528954570E+01        2.266E-06        4.013
55           -3.0528954569E+01        6.301E-07        3.791
Total number of SCF: 55    

k = [0.000, 0.000, 0.000]
Occupation of state 208 = 0.000000000000000.
Occupation of state 231 = 0.000000000000000.
Exx outer loop error: 3.0521577744e-04 

No.6 Exx outer loop: 
1            -3.0528951460E+01        3.084E-04        4.426
2            -3.0528957641E+01        4.850E-04        4.239
3            -3.0528976783E+01        9.853E-04        4.301
4            -3.0528985212E+01        3.883E-04        4.347
5            -3.0528990123E+01        4.904E-04        4.268
6            -3.0528989289E+01        4.268E-04        4.394
7            -3.0528999579E+01        1.887E-04        4.456
8            -3.0529008128E+01        9.543E-04        4.388
9            -3.0529003713E+01        4.836E-04        4.149
10           -3.0529000383E+01        2.791E-04        4.335
11           -3.0528976778E+01        3.837E-05        4.210
12           -3.0528967136E+01        4.638E-05        4.211
13           -3.0528963817E+01        4.156E-05        4.171
14           -3.0528962462E+01        3.545E-05        4.197
15           -3.0528960655E+01        2.278E-05        4.115
16           -3.0528959603E+01        2.166E-05        4.083
17           -3.0528956630E+01        1.460E-05        4.133
18           -3.0528955983E+01        1.304E-05        4.206
19           -3.0528955380E+01        1.730E-05        4.149
20           -3.0528955553E+01        7.401E-06        4.096
21           -3.0528955277E+01        1.083E-05        4.205
22           -3.0528955080E+01        7.845E-06        4.115
23           -3.0528954887E+01        1.262E-06        4.024
24           -3.0528954792E+01        4.949E-07        4.396
Total number of SCF: 24    

k = [0.000, 0.000, 0.000]
Occupation of state 208 = 0.000000000000000.
Occupation of state 231 = 0.000000000000000.
Exx outer loop error: 2.3284372551e-04 

No.7 Exx outer loop: 
1            -3.0528953126E+01        1.801E-04        4.277
2            -3.0528955907E+01        2.412E-04        4.278
3            -3.0528974271E+01        4.402E-04        4.319
4            -3.0528978071E+01        4.548E-04        4.180
5            -3.0528974369E+01        2.923E-04        4.224
6            -3.0528971540E+01        1.353E-04        4.192
7            -3.0528967589E+01        5.278E-05        4.284
8            -3.0528961090E+01        8.379E-06        4.145
9            -3.0528959671E+01        2.724E-05        4.317
10           -3.0528955509E+01        1.289E-05        4.750
11           -3.0528954258E+01        7.206E-06        4.240
12           -3.0528953408E+01        3.718E-06        4.205
13           -3.0528953911E+01        5.032E-06        4.225
14           -3.0528953883E+01        2.565E-05        4.144
15           -3.0528954587E+01        1.791E-05        4.006
16           -3.0528954427E+01        6.480E-06        4.056
17           -3.0528954587E+01        1.008E-06        4.449
18           -3.0528954642E+01        3.523E-06        4.036
19           -3.0528954666E+01        1.984E-06        4.141
20           -3.0528954667E+01        4.041E-06        4.011
21           -3.0528954751E+01        7.980E-07        3.934
Total number of SCF: 21    

k = [0.000, 0.000, 0.000]
Occupation of state 208 = 0.000000000000000.
Occupation of state 231 = 0.000000000000000.
Exx outer loop error: 1.9275851615e-04 

No.8 Exx outer loop: 
1            -3.0528953523E+01        9.349E-05        4.392
2            -3.0528954549E+01        1.107E-04        4.284
3            -3.0528964049E+01        1.565E-04        4.162
4            -3.0528964249E+01        7.774E-05        4.246
5            -3.0528960730E+01        5.598E-05        4.180
6            -3.0528959255E+01        3.632E-05        4.167
7            -3.0528960497E+01        4.061E-05        4.131
8            -3.0528960501E+01        3.491E-05        4.330
9            -3.0528957158E+01        8.014E-06        4.213
10           -3.0528955587E+01        3.147E-06        3.984
11           -3.0528955540E+01        3.388E-06        4.853
12           -3.0528955357E+01        1.838E-06        4.663
13           -3.0528955939E+01        7.551E-06        4.768
14           -3.0528955215E+01        1.019E-05        4.172
15           -3.0528955439E+01        1.765E-06        4.095
16           -3.0528955217E+01        2.309E-06        4.062
17           -3.0528954873E+01        1.401E-06        4.052
18           -3.0528954743E+01        6.064E-07        3.840
Total number of SCF: 18    

k = [0.000, 0.000, 0.000]
Occupation of state 208 = 0.000000000000000.
Occupation of state 231 = 0.000000000000000.
Exx outer loop error: 9.1045057171e-05 

No.9 Exx outer loop: 
1            -3.0528953706E+01        1.087E-04        4.216
2            -3.0528955833E+01        3.642E-04        4.155
3            -3.0528954152E+01        1.615E-04        4.088
4            -3.0528960252E+01        1.151E-04        4.148
5            -3.0528964355E+01        1.745E-04        4.208
6            -3.0528962455E+01        5.100E-05        4.278
7            -3.0528966017E+01        2.351E-04        4.102
8            -3.0528963493E+01        4.869E-05        4.105
9            -3.0528958926E+01        1.049E-04        4.214
10           -3.0528955194E+01        1.022E-05        3.871
11           -3.0528954638E+01        7.886E-06        4.131
12           -3.0528954083E+01        7.708E-06        4.172
13           -3.0528954529E+01        2.794E-06        3.981
14           -3.0528954624E+01        9.087E-06        3.983
15           -3.0528954536E+01        5.436E-06        3.971
16           -3.0528954457E+01        4.058E-07        3.862
Total number of SCF: 16    

k = [0.000, 0.000, 0.000]
Occupation of state 208 = 0.000000000000000.
Occupation of state 231 = 0.000000000000000.
Exx outer loop error: 2.9880895846e-04 

No.10 Exx outer loop: 
1            -3.0528953667E+01        4.518E-05        4.187
2            -3.0528954686E+01        1.117E-04        4.213
3            -3.0528956098E+01        1.402E-05        4.084
4            -3.0528955524E+01        3.258E-05        4.106
5            -3.0528954624E+01        5.835E-06        4.101
6            -3.0528954648E+01        3.114E-06        4.087
7            -3.0528954455E+01        1.530E-06        4.095
8            -3.0528954493E+01        1.289E-06        4.635
9            -3.0528954441E+01        1.732E-06        4.028
10           -3.0528954441E+01        3.714E-07        4.006
Total number of SCF: 10    

k = [0.000, 0.000, 0.000]
Occupation of state 208 = 0.000000000000000.
Occupation of state 231 = 0.000000000000000.
Exx outer loop error: 1.2017225138e-04 

No.11 Exx outer loop: 
1            -3.0528953888E+01        3.405E-05        4.185
2            -3.0528954633E+01        1.111E-04        4.075
3            -3.0528954517E+01        1.466E-05        4.179
4            -3.0528954342E+01        5.621E-06        4.013
5            -3.0528954191E+01        7.990E-07        3.843
Total number of SCF: 5     

k = [0.000, 0.000, 0.000]
Occupation of state 208 = 0.000000000000000.
Occupation of state 231 = 0.000000000000000.
Exx outer loop error: 1.3038819102e-04 

No.12 Exx outer loop: 
1            -3.0528953808E+01        1.906E-05        4.403
2            -3.0528954139E+01        5.294E-05        4.032
3            -3.0528954395E+01        1.390E-05        3.992
4            -3.0528954502E+01        1.391E-05        4.046
5            -3.0528954642E+01        3.331E-06        4.027
6            -3.0528954956E+01        3.765E-06        4.025
7            -3.0528955125E+01        3.861E-06        4.008
8            -3.0528955215E+01        8.011E-07        3.814
Total number of SCF: 8     

k = [0.000, 0.000, 0.000]
Occupation of state 208 = 0.000000000000000.
Occupation of state 231 = 0.000000000000000.
Exx outer loop error: 3.0783888838e-04 

No.13 Exx outer loop: 
1            -3.0528955921E+01        9.159E-05        4.437
2            -3.0528954313E+01        3.845E-04        4.324
3            -3.0528956070E+01        1.073E-04        4.156
4            -3.0528955189E+01        3.124E-05        4.094
5            -3.0528955638E+01        1.091E-05        4.188
6            -3.0528955113E+01        6.941E-07        3.936
Total number of SCF: 6     

k = [0.000, 0.000, 0.000]
Occupation of state 208 = 0.000000000000000.
Occupation of state 231 = 0.000000000000000.
Exx outer loop error: 1.2826787080e-04 

No.14 Exx outer loop: 
1            -3.0528955720E+01        8.800E-05        4.820
2            -3.0528954360E+01        3.646E-04        4.287
3            -3.0528955900E+01        3.752E-05        4.545
4            -3.0528955658E+01        1.019E-05        4.053
5            -3.0528955834E+01        4.827E-06        8.344
6            -3.0528955937E+01        2.975E-06        16.522
7            -3.0528955620E+01        2.361E-06        8.048
8            -3.0528955738E+01        1.048E-06        4.129
9            -3.0528955504E+01        6.947E-06        4.059
10           -3.0528955202E+01        4.175E-06        4.060
11           -3.0528955107E+01        1.177E-06        4.131
12           -3.0528954873E+01        3.164E-07        4.176
Total number of SCF: 12    

k = [0.000, 0.000, 0.000]
Occupation of state 208 = 0.000000000000000.
Occupation of state 231 = 0.000000000000000.
Exx outer loop error: 3.3534510201e-05 
====================================================================
                    Energy and force calculation                    
====================================================================
Free energy per atom               : -3.0528954701E+01 (Ha/atom)
Total free energy                  : -1.4348608710E+03 (Ha)
Band structure energy              : -3.6915548541E+02 (Ha)
Exchange correlation energy        : -1.6185760199E+02 (Ha)
Self and correction energy         : -1.8852390063E+03 (Ha)
Entropy*kb*T                       : -9.6879133884E-03 (Ha)
Fermi level                        : -1.7674686929E-01 (Ha)
RMS force                          :  2.3314414727E-02 (Ha/Bohr)
Maximum force                      :  1.1426847942E-01 (Ha/Bohr)
Time for force calculation         :  0.141 (sec)
***************************************************************************
                               Timing info                                 
***************************************************************************
Total walltime                     :  1749.567 sec
___________________________________________________________________________

***************************************************************************
*             Material Physics & Mechanics Group, Georgia Tech            *
*                       PI: Phanish Suryanarayana                         *
*                Main Developers: Qimen Xu, Abhiraj Sharma                *
*     Collaborators: J.E. Pask (LLNL), A.J. Medford (GT), E. Chow (GT)    *
*  Acknowledgements: U.S. DOE (DE-SC0019410); U.S. NSF (1333500,1553212)  *
***************************************************************************
                                                                           

***************************************************************************
*                       SPARC (version Nov 19, 2021)                      *
*   Copyright (c) 2020 Material Physics & Mechanics Group, Georgia Tech   *
*           Distributed under GNU General Public License 3 (GPL)          *
*                   Start time: Wed Nov 24 10:27:43 2021                  *
***************************************************************************
                           Input parameters                                
***************************************************************************
CELL: 12.4338823950489 11.2657846029438 47.5378507412217 
LATVEC:
1.000000000000000 0.000000000000000 0.000000000000000 
-0.000130020950961 0.999999991547276 0.000000000000000 
0.000000000000000 -0.000000000000000 1.000000000000000 
FD_GRID: 66 60 252
FD_ORDER: 12
BC: P P D
KPOINT_GRID: 1 1 1
KPOINT_SHIFT: 0 0 0
SPIN_TYP: 0
ELEC_TEMP_TYPE: Gaussian
SMEARING: 0.007349864435
CHEB_DEGREE: 37
NSTATES: 231
EXCHANGE_CORRELATION: HSE
CALC_STRESS: 0
CALC_PRES: 0
CHEFSI_BOUND_FLAG: 0
MAXIT_SCF: 100
MINIT_SCF: 3
MAXIT_POISSON: 3000
TOL_SCF: 1.00E-06
POISSON_SOLVER: AAR
TOL_POISSON: 1.00E-08
TOL_LANCZOS: 1.00E-02
TOL_PSEUDOCHARGE: 1.00E-08
MIXING_VARIABLE: density
MIXING_PRECOND: kerker
TOL_PRECOND: 3.54E-05
PRECOND_KERKER_KTF: 1
PRECOND_KERKER_THRESH: 0.1
MIXING_PARAMETER: 0.3
MIXING_HISTORY: 7
PULAY_FREQUENCY: 1
PULAY_RESTART: 0
REFERENCE_CUTOFF: 0.5
RHO_TRIGGER: 4
FIX_RAND: 0
VERBOSITY: 1
PRINT_FORCES: 1
PRINT_ATOMS: 1
PRINT_EIGEN: 1
PRINT_DENSITY: 0
PRINT_ENERGY_DENSITY: 0
TOL_FOCK: 5.00E-05
TOL_SCF_INIT: 1.00E-04
MAXIT_FOCK: 1000
EXX_METHOD: FOURIER_SPACE
EXX_DIVERGENCE: AUXILIARY
ACE_FLAG: 1
EXX_ACE_MEM: 1
EXX_ACE_VALENCE_STATES: 10000
EXX_DOWNSAMPLING: 1 1 1
EXX_RANGE_FOCK: 0.106000
EXX_RANGE_PBE: 0.106000
OUTPUT_FILE: sprc-calc
***************************************************************************
                                Cell                                       
***************************************************************************
Lattice vectors (Bohr):
12.433882395048860 0.000000000000000 0.000000000000000 
-0.001464788027397 11.265784507717260 0.000000000000000 
0.000000000000000 -0.000000000000000 47.537850741221725 
Volume                  :  6.6589804186E+03 (Bohr^3)
***************************************************************************
                           Parallelization                                 
***************************************************************************
NP_SPIN_PARAL: 1
NP_KPOINT_PARAL: 1
NP_BAND_PARAL: 1
NP_DOMAIN_PARAL: 4 4 21
NP_DOMAIN_PHI_PARAL: 4 4 21
EIG_SERIAL_MAXNS: 1500
***************************************************************************
                             Initialization                                
***************************************************************************
Number of processors               :  336
Mesh spacing in x-direction        :  0.188392 (Bohr)
Mesh spacing in y-direction        :  0.187763 (Bohr)
Mesh spacing in z direction        :  0.188642 (Bohr)
Number of symmetry adapted k-points:  1
Output printed to                  :  sprc-calc.out_01
Final eigenvalues printed to       :  sprc-calc.eigen_01
Total number of atom types         :  2
Total number of atoms              :  47
Total number of electrons          :  378
Atom type 1  (valence electrons)   :  O 6
Pseudopotential                    :  O.psp8
Pseudocharge radii of atom type 1  :  6.78 6.76 6.79 (x, y, z dir)
Number of atoms of type 1          :  31
Atom type 2  (valence electrons)   :  Ti 12
Pseudopotential                    :  Ti.psp8
Pseudocharge radii of atom type 2  :  6.78 6.76 6.79 (x, y, z dir)
Number of atoms of type 2          :  16
Estimated total memory usage       :  20.94 GB
Estimated memory per processor     :  63.82 MB
===================================================================
                    Self Consistent Field (SCF#1)                     
===================================================================
Iteration     Free Energy (Ha/atom)   SCF Error        Timing (sec)
1            -3.0888790241E+01        1.425E-01        13.918
2            -3.0766713136E+01        5.609E-02        3.956
3            -3.0734728898E+01        3.872E-02        3.840
4            -3.0746247965E+01        2.559E-02        3.634
5            -3.0752114725E+01        2.035E-02        4.406
6            -3.0752316674E+01        1.583E-02        3.692
7            -3.0747738006E+01        8.866E-03        3.849
8            -3.0744510477E+01        1.131E-02        3.840
9            -3.0743161911E+01        5.845E-03        3.838
10           -3.0743315380E+01        2.975E-03        3.856
11           -3.0742030449E+01        1.294E-03        4.264
12           -3.0741245729E+01        1.247E-03        3.687
13           -3.0741103613E+01        9.796E-04        3.739
14           -3.0740804073E+01        6.171E-04        3.674
15           -3.0740685509E+01        4.125E-04        3.679
16           -3.0740649032E+01        2.784E-04        3.624
17           -3.0740581826E+01        2.107E-04        3.756
18           -3.0740428907E+01        1.408E-04        3.689
19           -3.0740375384E+01        9.259E-05        3.159
Total number of SCF: 19    

k = [0.000, 0.000, 0.000]
Occupation of state 208 = 0.000000000000044.
Occupation of state 231 = 0.000000000000000.

No.1 Exx outer loop: 
1            -3.0526633972E+01        1.368E-02        4.986
2            -3.0518280985E+01        1.523E-02        4.360
3            -3.0519120530E+01        1.248E-02        4.436
4            -3.0521447815E+01        1.047E-02        4.518
5            -3.0525624345E+01        5.297E-03        4.360
6            -3.0527639290E+01        4.538E-03        4.285
7            -3.0528032166E+01        3.640E-03        4.583
8            -3.0528202055E+01        1.616E-03        4.364
9            -3.0528644807E+01        8.284E-04        4.337
10           -3.0528730782E+01        7.013E-04        4.353
11           -3.0528797383E+01        3.427E-04        4.896
12           -3.0528858608E+01        1.985E-04        4.324
13           -3.0528792906E+01        2.168E-04        4.454
14           -3.0528805965E+01        1.359E-04        4.263
15           -3.0528736041E+01        1.493E-04        4.247
16           -3.0528726774E+01        9.533E-05        4.350
17           -3.0528676370E+01        6.597E-05        4.140
18           -3.0528658978E+01        5.351E-05        4.384
19           -3.0528652270E+01        3.179E-05        4.243
20           -3.0528646030E+01        5.031E-05        4.126
21           -3.0528645432E+01        4.216E-05        4.113
22           -3.0528645045E+01        3.417E-05        4.184
23           -3.0528641651E+01        5.557E-05        4.081
24           -3.0528643107E+01        4.729E-05        4.143
25           -3.0528636925E+01        1.462E-05        4.225
26           -3.0528634637E+01        5.328E-05        4.149
27           -3.0528633423E+01        1.162E-05        4.221
28           -3.0528633073E+01        1.571E-05        4.114
29           -3.0528636258E+01        1.141E-05        4.137
30           -3.0528635489E+01        8.888E-06        4.064
31           -3.0528634909E+01        1.245E-05        3.994
32           -3.0528633859E+01        5.384E-06        4.017
33           -3.0528633239E+01        1.243E-05        4.132
34           -3.0528633562E+01        2.236E-06        3.994
35           -3.0528633361E+01        7.655E-06        4.054
36           -3.0528632791E+01        5.038E-06        3.895
37           -3.0528632688E+01        1.669E-06        3.948
38           -3.0528632446E+01        1.978E-06        4.006
39           -3.0528632397E+01        9.706E-07        3.697
Total number of SCF: 39    

k = [0.000, 0.000, 0.000]
Occupation of state 208 = 0.000000000000000.
Occupation of state 231 = 0.000000000000000.
Exx outer loop error: 6.5269787098e-01 

No.2 Exx outer loop: 
1            -3.0528944483E+01        3.495E-03        4.607
2            -3.0528278380E+01        6.420E-03        4.394
3            -3.0528190920E+01        1.684E-03        4.298
4            -3.0528296033E+01        1.091E-03        4.365
5            -3.0528670181E+01        7.876E-04        4.457
6            -3.0529096780E+01        6.107E-04        4.329
7            -3.0529025487E+01        2.805E-04        4.298
8            -3.0529073712E+01        2.121E-04        4.704
9            -3.0529052994E+01        1.872E-04        4.399
10           -3.0528989311E+01        1.104E-04        4.446
11           -3.0528972747E+01        7.832E-05        4.395
12           -3.0528959299E+01        6.569E-05        4.406
13           -3.0528955890E+01        5.767E-05        4.308
14           -3.0528950742E+01        2.140E-04        4.295
15           -3.0528943375E+01        2.222E-04        4.343
16           -3.0528956093E+01        5.366E-05        4.228
17           -3.0528944477E+01        4.480E-05        4.978
18           -3.0528938220E+01        4.312E-05        4.194
19           -3.0528937967E+01        1.862E-05        4.124
20           -3.0528938495E+01        3.615E-05        4.101
21           -3.0528937132E+01        1.566E-05        4.225
22           -3.0528935549E+01        7.970E-06        4.121
23           -3.0528935310E+01        3.729E-06        4.213
24           -3.0528934791E+01        5.403E-06        4.276
25           -3.0528934671E+01        3.040E-06        4.178
26           -3.0528934333E+01        1.047E-05        4.085
27           -3.0528934456E+01        5.096E-06        4.629
28           -3.0528934457E+01        1.288E-06        4.009
29           -3.0528934339E+01        1.477E-06        4.093
30           -3.0528934335E+01        1.492E-06        4.158
31           -3.0528934248E+01        4.989E-06        4.078
32           -3.0528934149E+01        1.740E-06        4.066
33           -3.0528934039E+01        2.634E-06        4.075
34           -3.0528933993E+01        1.586E-06        4.081
35           -3.0528933946E+01        9.952E-07        3.846
Total number of SCF: 35    

k = [0.000, 0.000, 0.000]
Occupation of state 208 = 0.000000000000000.
Occupation of state 231 = 0.000000000000000.
Exx outer loop error: 1.5569759096e-02 

No.3 Exx outer loop: 
1            -3.0528962357E+01        2.346E-03        4.526
2            -3.0528962599E+01        6.187E-03        4.312
3            -3.0528925484E+01        6.517E-04        4.265
4            -3.0528890984E+01        1.687E-03        4.492
5            -3.0529063229E+01        1.016E-03        4.269
6            -3.0529081200E+01        1.596E-03        4.384
7            -3.0529072184E+01        2.192E-03        4.198
8            -3.0529056583E+01        2.348E-03        4.325
9            -3.0529040958E+01        2.388E-03        4.261
10           -3.0529004637E+01        3.816E-04        4.249
11           -3.0528996089E+01        1.528E-04        4.345
12           -3.0528988764E+01        1.830E-04        4.387
13           -3.0528982545E+01        2.095E-04        4.244
14           -3.0528979715E+01        2.228E-04        4.265
15           -3.0528977915E+01        1.783E-04        4.094
16           -3.0528975220E+01        1.671E-04        4.269
17           -3.0528969720E+01        1.208E-04        4.818
18           -3.0528952761E+01        1.195E-04        4.412
19           -3.0528958760E+01        3.616E-05        4.231
20           -3.0528953701E+01        1.964E-05        4.240
21           -3.0528954236E+01        1.186E-04        4.276
22           -3.0528960317E+01        4.981E-05        4.225
23           -3.0528955508E+01        4.364E-05        4.186
24           -3.0528955105E+01        3.406E-05        4.091
25           -3.0528953881E+01        1.737E-05        4.243
26           -3.0528953449E+01        3.009E-06        4.108
27           -3.0528953289E+01        3.878E-06        4.267
28           -3.0528952617E+01        4.939E-06        4.258
29           -3.0528952282E+01        2.742E-06        4.068
30           -3.0528952244E+01        8.671E-07        3.868
Total number of SCF: 30    

k = [0.000, 0.000, 0.000]
Occupation of state 208 = 0.000000000000000.
Occupation of state 231 = 0.000000000000000.
Exx outer loop error: 3.8421846061e-03 

No.4 Exx outer loop: 
1            -3.0528950849E+01        1.081E-03        4.348
2            -3.0528971389E+01        2.555E-03        4.391
3            -3.0528992189E+01        5.918E-04        4.174
4            -3.0528975445E+01        8.941E-05        4.839
5            -3.0528982285E+01        1.454E-04        4.349
6            -3.0528963697E+01        1.878E-04        4.941
7            -3.0528956903E+01        1.156E-04        4.234
8            -3.0528959003E+01        1.218E-05        4.105
9            -3.0528957781E+01        1.267E-05        4.325
10           -3.0528957649E+01        1.478E-05        4.235
11           -3.0528956150E+01        6.530E-06        4.200
12           -3.0528956201E+01        1.461E-05        4.147
13           -3.0528956372E+01        1.166E-05        4.101
14           -3.0528956119E+01        1.812E-06        4.148
15           -3.0528955860E+01        3.503E-06        4.149
16           -3.0528955115E+01        8.303E-06        4.056
17           -3.0528955025E+01        1.572E-06        4.180
18           -3.0528954543E+01        6.355E-06        4.007
19           -3.0528954630E+01        2.190E-06        4.588
20           -3.0528954520E+01        1.195E-06        4.004
21           -3.0528954606E+01        1.942E-06        4.067
22           -3.0528954575E+01        3.979E-06        3.899
23           -3.0528954555E+01        1.926E-06        3.843
24           -3.0528954559E+01        1.835E-06        3.916
25           -3.0528954580E+01        1.101E-06        4.030
26           -3.0528954517E+01        2.110E-06        4.018
27           -3.0528954494E+01        1.378E-06        4.012
28           -3.0528954472E+01        1.004E-06        4.309
29           -3.0528954464E+01        7.793E-07        3.865
Total number of SCF: 29    

k = [0.000, 0.000, 0.000]
Occupation of state 208 = 0.000000000000000.
Occupation of state 231 = 0.000000000000000.
Exx outer loop error: 7.2030377120e-04 

No.5 Exx outer loop: 
1            -3.0528950406E+01        5.119E-04        4.659
2            -3.0528960881E+01        8.038E-04        4.386
3            -3.0528982091E+01        2.543E-04        4.239
4            -3.0528983886E+01        2.726E-04        4.233
5            -3.0528969315E+01        3.630E-04        4.322
6            -3.0528972134E+01        7.653E-04        4.256
7            -3.0528978756E+01        6.504E-05        4.251
8            -3.0528979262E+01        1.061E-04        4.254
9            -3.0528981717E+01        8.068E-05        4.115
10           -3.0528980808E+01        6.352E-05        4.333
11           -3.0528966184E+01        2.335E-05        4.276
12           -3.0528960765E+01        3.741E-05        4.308
13           -3.0528963803E+01        3.584E-05        4.218
14           -3.0528964210E+01        2.879E-05        4.377
15           -3.0528961472E+01        1.299E-04        4.099
16           -3.0528960232E+01        6.123E-05        4.152
17           -3.0528960874E+01        1.195E-05        4.058
18           -3.0528958486E+01        6.055E-06        4.136
19           -3.0528957286E+01        1.195E-05        4.130
20           -3.0528956597E+01        5.019E-06        4.017
21           -3.0528956567E+01        5.183E-06        4.198
22           -3.0528955956E+01        2.196E-06        4.070
23           -3.0528955678E+01        3.777E-06        3.972
24           -3.0528955436E+01        1.511E-06        4.135
25           -3.0528955236E+01        1.201E-06        4.143
26           -3.0528955047E+01        4.417E-06        3.897
27           -3.0528955079E+01        4.129E-06        3.951
28           -3.0528955107E+01        4.172E-06        4.526
29           -3.0528955172E+01        3.786E-06        4.102
30           -3.0528955223E+01        3.027E-06        3.858
31           -3.0528955189E+01        3.679E-06        3.868
32           -3.0528955205E+01        3.619E-06        4.068
33           -3.0528955224E+01        9.418E-07        4.094
Total number of SCF: 33    

k = [0.000, 0.000, 0.000]
Occupation of state 208 = 0.000000000000000.
Occupation of state 231 = 0.000000000000000.
Exx outer loop error: 5.8373138447e-04 

No.6 Exx outer loop: 
1            -3.0528951928E+01        2.816E-04        4.981
2            -3.0528957513E+01        3.641E-04        4.294
3            -3.0528967863E+01        1.704E-04        4.336
4            -3.0528987704E+01        7.365E-04        4.401
5            -3.0528970386E+01        3.975E-04        4.365
6            -3.0528951836E+01        1.897E-05        4.708
7            -3.0528955800E+01        1.104E-04        4.242
8            -3.0528959587E+01        1.038E-04        4.082
9            -3.0528959276E+01        8.042E-05        4.200
10           -3.0528958687E+01        5.064E-05        4.169
11           -3.0528959349E+01        5.891E-05        4.079
12           -3.0528959537E+01        5.000E-05        4.081
13           -3.0528959247E+01        4.077E-05        4.031
14           -3.0528959221E+01        4.051E-05        4.061
15           -3.0528959420E+01        4.393E-05        4.165
16           -3.0528958324E+01        5.690E-05        3.957
17           -3.0528958635E+01        4.645E-05        4.070
18           -3.0528958652E+01        4.671E-05        4.681
19           -3.0528958830E+01        7.299E-05        4.167
20           -3.0528959008E+01        5.766E-05        4.584
21           -3.0528958976E+01        5.487E-05        4.003
22           -3.0528958944E+01        4.354E-05        4.145
23           -3.0528959132E+01        4.120E-05        4.158
24           -3.0528959499E+01        3.313E-05        4.132
25           -3.0528959871E+01        3.162E-05        4.104
26           -3.0528959430E+01        2.782E-05        4.130
27           -3.0528960009E+01        4.523E-05        4.128
28           -3.0528959600E+01        5.658E-05        4.321
29           -3.0528959671E+01        3.470E-05        4.408
30           -3.0528959860E+01        3.285E-05        4.340
31           -3.0528960217E+01        7.501E-05        4.863
32           -3.0528959440E+01        7.944E-05        4.078
33           -3.0528959546E+01        4.004E-05        4.226
34           -3.0528959702E+01        3.561E-05        3.984
35           -3.0528959427E+01        2.201E-05        4.085
36           -3.0528958576E+01        4.331E-05        4.389
37           -3.0528957727E+01        1.854E-05        4.006
38           -3.0528956399E+01        4.241E-06        4.085
39           -3.0528956033E+01        5.324E-06        4.070
40           -3.0528956192E+01        5.986E-06        4.090
41           -3.0528955931E+01        3.960E-06        4.001
42           -3.0528955678E+01        1.965E-06        4.039
43           -3.0528955390E+01        5.153E-07        3.828
Total number of SCF: 43    

k = [0.000, 0.000, 0.000]
Occupation of state 208 = 0.000000000000000.
Occupation of state 231 = 0.000000000000000.
Exx outer loop error: 1.2639869887e-04 

No.7 Exx outer loop: 
1            -3.0528953467E+01        1.708E-04        4.236
2            -3.0528956262E+01        1.922E-04        4.174
3            -3.0528959093E+01        7.970E-05        4.098
4            -3.0528953491E+01        6.751E-05        4.286
5            -3.0528952115E+01        9.253E-05        4.164
6            -3.0528953034E+01        1.802E-05        4.144
7            -3.0528953212E+01        1.972E-05        4.103
8            -3.0528955144E+01        7.380E-06        4.051
9            -3.0528957090E+01        1.142E-05        4.150
10           -3.0528958795E+01        1.126E-05        4.116
11           -3.0528958261E+01        7.842E-06        4.181
12           -3.0528957908E+01        3.975E-06        4.286
13           -3.0528956796E+01        6.039E-06        4.085
14           -3.0528956325E+01        8.825E-06        4.128
15           -3.0528956126E+01        1.964E-06        4.115
16           -3.0528955567E+01        6.134E-06        3.920
17           -3.0528955531E+01        6.024E-06        3.933
18           -3.0528955437E+01        1.320E-06        3.931
19           -3.0528955479E+01        1.482E-06        3.902
20           -3.0528955420E+01        8.113E-07        3.815
Total number of SCF: 20    

k = [0.000, 0.000, 0.000]
Occupation of state 208 = 0.000000000000000.
Occupation of state 231 = 0.000000000000000.
Exx outer loop error: 5.6632603137e-05 

No.8 Exx outer loop: 
1            -3.0528954306E+01        1.046E-04        4.402
2            -3.0528955722E+01        1.096E-04        4.429
3            -3.0528962729E+01        4.687E-04        4.278
4            -3.0528959853E+01        2.005E-04        4.109
5            -3.0528960358E+01        1.016E-04        4.125
6            -3.0528960977E+01        8.943E-05        4.085
7            -3.0528958945E+01        7.705E-05        4.093
8            -3.0528957587E+01        7.261E-06        4.080
9            -3.0528957143E+01        5.231E-06        4.105
10           -3.0528956443E+01        1.950E-06        4.030
11           -3.0528956329E+01        6.128E-06        3.978
12           -3.0528956132E+01        5.187E-06        3.911
13           -3.0528956099E+01        2.483E-06        4.076
14           -3.0528955923E+01        3.925E-06        3.999
15           -3.0528955791E+01        6.232E-07        3.816
Total number of SCF: 15    

k = [0.000, 0.000, 0.000]
Occupation of state 208 = 0.000000000000000.
Occupation of state 231 = 0.000000000000000.
Exx outer loop error: 1.6094534723e-04 

No.9 Exx outer loop: 
1            -3.0528955548E+01        7.200E-05        4.346
2            -3.0528956120E+01        1.209E-04        4.111
3            -3.0528963058E+01        1.862E-04        4.007
4            -3.0528962797E+01        1.661E-04        4.418
5            -3.0528958136E+01        6.773E-06        4.108
6            -3.0528956728E+01        2.938E-06        4.057
7            -3.0528955936E+01        3.790E-06        4.154
8            -3.0528955664E+01        3.319E-06        4.053
9            -3.0528955563E+01        3.173E-06        4.331
10           -3.0528955380E+01        1.265E-06        4.018
11           -3.0528955501E+01        2.134E-06        4.042
12           -3.0528955489E+01        6.180E-07        3.782
Total number of SCF: 12    

k = [0.000, 0.000, 0.000]
Occupation of state 208 = 0.000000000000000.
Occupation of state 231 = 0.000000000000000.
Exx outer loop error: 1.2671162239e-04 

No.10 Exx outer loop: 
1            -3.0528955116E+01        6.091E-05        4.354
2            -3.0528955049E+01        2.053E-04        4.135
3            -3.0528952000E+01        3.865E-05        4.120
4            -3.0528954333E+01        1.421E-05        4.172
5            -3.0528955701E+01        1.372E-05        4.107
6            -3.0528956233E+01        4.347E-06        4.226
7            -3.0528955914E+01        1.611E-06        4.136
8            -3.0528955917E+01        1.897E-06        4.305
9            -3.0528955814E+01        1.723E-06        4.084
10           -3.0528955663E+01        2.280E-06        3.941
11           -3.0528955731E+01        1.899E-06        3.986
12           -3.0528955747E+01        2.082E-06        4.496
13           -3.0528955713E+01        3.684E-06        4.059
14           -3.0528955581E+01        3.070E-06        4.027
15           -3.0528955566E+01        2.509E-06        4.063
16           -3.0528955487E+01        1.097E-06        4.011
17           -3.0528955480E+01        1.848E-06        4.030
18           -3.0528955414E+01        8.553E-07        3.793
Total number of SCF: 18    

k = [0.000, 0.000, 0.000]
Occupation of state 208 = 0.000000000000000.
Occupation of state 231 = 0.000000000000000.
Exx outer loop error: 1.4535740880e-04 

No.11 Exx outer loop: 
1            -3.0528955348E+01        7.587E-05        4.380
2            -3.0528954712E+01        3.105E-04        4.216
3            -3.0528959967E+01        7.169E-05        4.075
4            -3.0528959836E+01        2.120E-05        4.548
5            -3.0528958989E+01        4.071E-06        4.157
6            -3.0528957948E+01        2.224E-05        4.117
7            -3.0528957630E+01        1.003E-05        4.112
8            -3.0528957391E+01        1.822E-05        4.068
9            -3.0528957003E+01        2.781E-06        4.156
10           -3.0528956686E+01        1.252E-06        4.004
11           -3.0528956315E+01        1.651E-06        4.013
12           -3.0528955970E+01        8.981E-07        4.400
Total number of SCF: 12    

k = [0.000, 0.000, 0.000]
Occupation of state 208 = 0.000000000000000.
Occupation of state 231 = 0.000000000000000.
Exx outer loop error: 2.2180724818e-04 

No.12 Exx outer loop: 
1            -3.0528956431E+01        4.993E-05        4.376
2            -3.0528955405E+01        2.054E-04        4.191
3            -3.0528956960E+01        1.198E-04        4.278
4            -3.0528956231E+01        6.874E-06        4.170
5            -3.0528956533E+01        2.599E-05        4.149
6            -3.0528956271E+01        1.110E-06        4.202
7            -3.0528955957E+01        2.230E-06        4.004
8            -3.0528956039E+01        5.284E-06        4.183
9            -3.0528956058E+01        6.200E-06        4.721
10           -3.0528955982E+01        3.923E-06        4.353
11           -3.0528955769E+01        2.276E-06        4.142
12           -3.0528955683E+01        2.226E-06        4.033
13           -3.0528955567E+01        2.808E-06        4.071
14           -3.0528955503E+01        1.548E-06        4.704
15           -3.0528955464E+01        5.684E-07        3.908
Total number of SCF: 15    

k = [0.000, 0.000, 0.000]
Occupation of state 208 = 0.000000000000000.
Occupation of state 231 = 0.000000000000000.
Exx outer loop error: 5.8668443984e-05 

No.13 Exx outer loop: 
1            -3.0528955474E+01        5.144E-05        4.264
2            -3.0528954888E+01        2.139E-04        4.717
3            -3.0528957271E+01        1.709E-04        4.216
4            -3.0528956647E+01        1.089E-04        4.819
5            -3.0528957291E+01        1.528E-05        9.159
6            -3.0528957375E+01        1.340E-05        4.114
7            -3.0528956877E+01        8.945E-06        6.655
8            -3.0528956261E+01        2.141E-05        4.140
9            -3.0528956585E+01        7.484E-05        4.063
10           -3.0528956311E+01        4.123E-05        4.114
11           -3.0528956488E+01        5.136E-05        4.022
12           -3.0528956704E+01        5.829E-05        4.111
13           -3.0528956155E+01        2.017E-05        4.012
14           -3.0528956017E+01        9.254E-06        4.150
15           -3.0528955752E+01        5.284E-06        6.119
16           -3.0528955613E+01        2.910E-06        4.151
17           -3.0528955541E+01        8.026E-07        3.801
Total number of SCF: 17    

k = [0.000, 0.000, 0.000]
Occupation of state 208 = 0.000000000000000.
Occupation of state 231 = 0.000000000000000.
Exx outer loop error: 1.7543887831e-04 

No.14 Exx outer loop: 
1            -3.0528955770E+01        2.198E-05        6.263
2            -3.0528955229E+01        8.783E-05        4.164
3            -3.0528956083E+01        2.308E-05        4.131
4            -3.0528955779E+01        1.911E-05        4.181
5            -3.0528956105E+01        1.368E-05        4.207
6            -3.0528956285E+01        2.067E-05        6.174
7            -3.0528956116E+01        1.227E-05        7.484
8            -3.0528956179E+01        1.662E-05        4.027
9            -3.0528956096E+01        1.867E-05        4.086
10           -3.0528956251E+01        2.479E-05        4.077
11           -3.0528956586E+01        4.191E-06        4.137
12           -3.0528956657E+01        1.871E-06        3.974
13           -3.0528956167E+01        1.781E-05        4.064
14           -3.0528956125E+01        5.071E-06        4.102
15           -3.0528955856E+01        2.373E-06        4.096
16           -3.0528955694E+01        4.813E-07        3.863
Total number of SCF: 16    

k = [0.000, 0.000, 0.000]
Occupation of state 208 = 0.000000000000000.
Occupation of state 231 = 0.000000000000000.
Exx outer loop error: 1.4085879629e-04 

No.15 Exx outer loop: 
1            -3.0528956169E+01        1.929E-05        4.173
2            -3.0528955460E+01        7.922E-05        4.012
3            -3.0528955241E+01        2.030E-05        3.990
4            -3.0528955323E+01        3.055E-06        4.050
5            -3.0528955513E+01        8.571E-06        3.915
6            -3.0528955519E+01        6.673E-07        3.802
Total number of SCF: 6     

k = [0.000, 0.000, 0.000]
Occupation of state 208 = 0.000000000000000.
Occupation of state 231 = 0.000000000000000.
Exx outer loop error: 9.1287394325e-05 

No.16 Exx outer loop: 
1            -3.0528955614E+01        4.972E-05        4.863
2            -3.0528955105E+01        2.078E-04        4.311
3            -3.0528955391E+01        2.561E-05        4.567
4            -3.0528955415E+01        1.703E-05        3.983
5            -3.0528955518E+01        4.547E-06        4.109
6            -3.0528955504E+01        2.809E-06        3.941
7            -3.0528955486E+01        7.104E-07        3.938
Total number of SCF: 7     

k = [0.000, 0.000, 0.000]
Occupation of state 208 = 0.000000000000000.
Occupation of state 231 = 0.000000000000000.
Exx outer loop error: 5.6599947919e-05 

No.17 Exx outer loop: 
1            -3.0528955417E+01        2.979E-05        4.354
2            -3.0528955872E+01        1.290E-04        4.805
3            -3.0528955330E+01        2.722E-05        4.175
4            -3.0528955472E+01        1.793E-05        4.093
5            -3.0528955501E+01        5.071E-06        4.033
6            -3.0528955503E+01        3.811E-06        4.028
7            -3.0528955522E+01        1.255E-06        4.041
8            -3.0528955426E+01        1.001E-06        3.948
9            -3.0528955430E+01        4.020E-07        3.947
Total number of SCF: 9     

k = [0.000, 0.000, 0.000]
Occupation of state 208 = 0.000000000000000.
Occupation of state 231 = 0.000000000000000.
Exx outer loop error: 2.8589656798e-05 
====================================================================
                    Energy and force calculation                    
====================================================================
Free energy per atom               : -3.0528955267E+01 (Ha/atom)
Total free energy                  : -1.4348608975E+03 (Ha)
Band structure energy              : -3.6914859567E+02 (Ha)
Exchange correlation energy        : -1.6185759708E+02 (Ha)
Self and correction energy         : -1.8852390062E+03 (Ha)
Entropy*kb*T                       : -9.6868286225E-03 (Ha)
Fermi level                        : -1.7672481487E-01 (Ha)
RMS force                          :  2.3316602347E-02 (Ha/Bohr)
Maximum force                      :  1.1424903889E-01 (Ha/Bohr)
Time for force calculation         :  0.129 (sec)
***************************************************************************
                               Timing info                                 
***************************************************************************
Total walltime                     :  1990.657 sec
___________________________________________________________________________

***************************************************************************
*             Material Physics & Mechanics Group, Georgia Tech            *
*                       PI: Phanish Suryanarayana                         *
*                Main Developers: Qimen Xu, Abhiraj Sharma                *
*     Collaborators: J.E. Pask (LLNL), A.J. Medford (GT), E. Chow (GT)    *
*  Acknowledgements: U.S. DOE (DE-SC0019410); U.S. NSF (1333500,1553212)  *
***************************************************************************
                                                                           
