***************************************************************************
*                       SPARC (version Nov 19, 2021)                      *
*   Copyright (c) 2020 Material Physics & Mechanics Group, Georgia Tech   *
*           Distributed under GNU General Public License 3 (GPL)          *
*                   Start time: Wed Nov 24 09:31:53 2021                  *
***************************************************************************
                           Input parameters                                
***************************************************************************
CELL: 12.4338823950489 11.2657846029438 47.5378507412217 
LATVEC:
1.000000000000000 0.000000000000000 0.000000000000000 
-0.000130020950961 0.999999991547276 0.000000000000000 
0.000000000000000 -0.000000000000000 1.000000000000000 
FD_GRID: 66 60 252
FD_ORDER: 12
BC: P P D
KPOINT_GRID: 4 4 1
KPOINT_SHIFT: 0 0 0
SPIN_TYP: 0
ELEC_TEMP_TYPE: Gaussian
SMEARING: 0.007349864435
CHEB_DEGREE: 37
NSTATES: 237
EXCHANGE_CORRELATION: HSE
CALC_STRESS: 0
CALC_PRES: 0
CHEFSI_BOUND_FLAG: 0
MAXIT_SCF: 100
MINIT_SCF: 3
MAXIT_POISSON: 3000
TOL_SCF: 1.00E-06
POISSON_SOLVER: AAR
TOL_POISSON: 1.00E-08
TOL_LANCZOS: 1.00E-02
TOL_PSEUDOCHARGE: 1.00E-08
MIXING_VARIABLE: density
MIXING_PRECOND: kerker
TOL_PRECOND: 3.54E-05
PRECOND_KERKER_KTF: 1
PRECOND_KERKER_THRESH: 0.1
MIXING_PARAMETER: 0.3
MIXING_HISTORY: 7
PULAY_FREQUENCY: 1
PULAY_RESTART: 0
REFERENCE_CUTOFF: 0.5
RHO_TRIGGER: 4
FIX_RAND: 0
VERBOSITY: 1
PRINT_FORCES: 1
PRINT_ATOMS: 1
PRINT_EIGEN: 1
PRINT_DENSITY: 0
PRINT_ENERGY_DENSITY: 0
TOL_FOCK: 5.00E-05
TOL_SCF_INIT: 1.00E-04
MAXIT_FOCK: 1000
EXX_METHOD: FOURIER_SPACE
EXX_DIVERGENCE: AUXILIARY
ACE_FLAG: 1
EXX_ACE_MEM: 1
EXX_ACE_VALENCE_STATES: 10000
EXX_DOWNSAMPLING: 1 1 1
EXX_RANGE_FOCK: 0.106000
EXX_RANGE_PBE: 0.106000
OUTPUT_FILE: sprc-calc
***************************************************************************
                                Cell                                       
***************************************************************************
Lattice vectors (Bohr):
12.433882395048860 0.000000000000000 0.000000000000000 
-0.001464788027397 11.265784507717260 0.000000000000000 
0.000000000000000 -0.000000000000000 47.537850741221725 
Volume                  :  6.6589804186E+03 (Bohr^3)
***************************************************************************
                           Parallelization                                 
***************************************************************************
NP_SPIN_PARAL: 1
NP_KPOINT_PARAL: 10
NP_BAND_PARAL: 1
NP_DOMAIN_PARAL: 3 1 11
NP_DOMAIN_PHI_PARAL: 4 4 21
EIG_SERIAL_MAXNS: 1500
***************************************************************************
                             Initialization                                
***************************************************************************
Number of processors               :  336
Mesh spacing in x-direction        :  0.188392 (Bohr)
Mesh spacing in y-direction        :  0.187763 (Bohr)
Mesh spacing in z direction        :  0.188642 (Bohr)
Number of symmetry adapted k-points:  10
Output printed to                  :  sprc-calc.out
Final eigenvalues printed to       :  sprc-calc.eigen
Total number of atom types         :  3
Total number of atoms              :  49
Total number of electrons          :  388
Atom type 1  (valence electrons)   :  N 5
Pseudopotential                    :  N.psp8
Pseudocharge radii of atom type 1  :  6.78 6.76 6.79 (x, y, z dir)
Number of atoms of type 1          :  2
Atom type 2  (valence electrons)   :  O 6
Pseudopotential                    :  O.psp8
Pseudocharge radii of atom type 2  :  6.78 6.76 6.79 (x, y, z dir)
Number of atoms of type 2          :  31
Atom type 3  (valence electrons)   :  Ti 12
Pseudopotential                    :  Ti.psp8
Pseudocharge radii of atom type 3  :  6.78 6.76 6.79 (x, y, z dir)
Number of atoms of type 3          :  16
Estimated total memory usage       :  232.93 GB
Estimated memory per processor     :  709.88 MB
===================================================================
                    Self Consistent Field (SCF#1)                     
===================================================================
Iteration     Free Energy (Ha/atom)   SCF Error        Timing (sec)
1            -3.0055301501E+01        1.410E-01        169.385
2            -2.9937450777E+01        5.431E-02        42.206
3            -2.9907714411E+01        3.651E-02        42.351
4            -2.9920738970E+01        2.429E-02        42.141
5            -2.9928401440E+01        2.076E-02        42.267
6            -2.9922093543E+01        9.871E-03        42.335
7            -2.9915949646E+01        6.967E-03        42.211
8            -2.9915059373E+01        4.465E-03        42.862
9            -2.9914644216E+01        3.114E-03        42.233
10           -2.9913633124E+01        1.898E-03        42.879
11           -2.9912935404E+01        1.528E-03        42.143
12           -2.9912633549E+01        7.484E-04        42.410
13           -2.9912467135E+01        6.001E-04        42.134
14           -2.9912371740E+01        3.979E-04        42.151
15           -2.9912318363E+01        2.481E-04        42.167
16           -2.9912195044E+01        1.807E-04        42.278
17           -2.9912107044E+01        1.376E-04        42.153
18           -2.9912036931E+01        1.094E-04        42.285
19           -2.9912018711E+01        7.885E-05        41.712
Total number of SCF: 19    

k = [-0.250, -0.250, 0.000]
Occupation of state 213 = 0.000000001286179.
Occupation of state 237 = 0.000000000000000.

No.1 Exx outer loop: 
1            -2.9700909819E+01        1.336E-02        64.162
2            -2.9692280474E+01        1.350E-02        62.828
3            -2.9697309971E+01        1.307E-02        62.183
4            -2.9700860373E+01        1.032E-02        62.264
5            -2.9699678935E+01        8.630E-03        62.224
6            -2.9700524967E+01        7.448E-03        62.330
7            -2.9703275824E+01        5.022E-03        62.410
8            -2.9704727887E+01        5.860E-03        62.340
9            -2.9703816776E+01        5.242E-03        62.203
10           -2.9704107910E+01        2.520E-03        62.314
11           -2.9704113678E+01        5.437E-03        64.531
12           -2.9704268822E+01        2.276E-03        67.395
13           -2.9704384712E+01        4.042E-03        65.184
14           -2.9704142882E+01        3.528E-03        62.196
15           -2.9703752071E+01        2.757E-03        62.235
16           -2.9703374520E+01        7.199E-04        62.913
17           -2.9703151385E+01        7.332E-04        62.482
18           -2.9702908980E+01        4.204E-04        62.369
19           -2.9702835467E+01        3.686E-04        62.013
20           -2.9702788052E+01        2.400E-04        62.270
21           -2.9702771068E+01        2.668E-04        62.162
22           -2.9702698505E+01        1.351E-04        62.388
23           -2.9702658847E+01        1.122E-04        62.309
24           -2.9702646203E+01        7.952E-05        62.156
25           -2.9702607543E+01        6.733E-05        62.088
26           -2.9702597450E+01        4.928E-05        62.288
27           -2.9702594478E+01        3.836E-05        62.545
28           -2.9702589264E+01        3.183E-05        62.045
29           -2.9702586510E+01        5.981E-05        61.868
30           -2.9702590059E+01        5.015E-05        62.365
31           -2.9702586372E+01        3.750E-05        62.111
32           -2.9702586642E+01        4.631E-05        62.429
33           -2.9702584450E+01        3.540E-05        62.340
34           -2.9702583127E+01        2.409E-05        62.723
35           -2.9702581569E+01        1.650E-05        62.417
36           -2.9702579292E+01        2.457E-05        62.080
37           -2.9702578849E+01        2.251E-05        61.821
38           -2.9702580069E+01        3.165E-05        61.899
39           -2.9702579821E+01        5.527E-06        61.761
40           -2.9702580929E+01        3.440E-06        64.176
41           -2.9702582194E+01        4.827E-06        63.310
42           -2.9702581789E+01        5.046E-06        63.736
43           -2.9702582203E+01        2.831E-06        61.901
44           -2.9702581729E+01        1.693E-06        62.021
45           -2.9702581282E+01        1.178E-06        62.152
46           -2.9702581056E+01        1.233E-06        61.801
47           -2.9702580828E+01        6.106E-07        61.865
Total number of SCF: 47    

k = [-0.250, -0.250, 0.000]
Occupation of state 213 = 0.000000000001821.
Occupation of state 237 = 0.000000000000000.
Exx outer loop error: 6.4991983669e-01 

No.2 Exx outer loop: 
1            -2.9702871295E+01        1.946E-03        64.107
2            -2.9702158631E+01        1.699E-03        62.496
3            -2.9702335404E+01        1.741E-03        62.970
4            -2.9703023204E+01        8.839E-03        62.964
5            -2.9703016469E+01        6.975E-03        62.380
6            -2.9702902269E+01        3.424E-03        62.405
7            -2.9702940326E+01        3.830E-03        62.990
8            -2.9702887414E+01        1.485E-03        62.500
9            -2.9703062075E+01        4.612E-03        62.382
10           -2.9703082713E+01        1.402E-03        62.375
11           -2.9703195565E+01        2.239E-03        62.513
12           -2.9703164793E+01        1.500E-03        62.749
13           -2.9703152501E+01        1.279E-03        62.342
14           -2.9703137994E+01        2.218E-04        62.360
15           -2.9703064522E+01        9.158E-04        62.412
16           -2.9703006965E+01        8.374E-04        62.486
17           -2.9702985561E+01        7.629E-04        62.340
18           -2.9702957791E+01        5.050E-04        62.619
19           -2.9702943944E+01        3.858E-04        62.810
20           -2.9702920040E+01        3.011E-04        62.375
21           -2.9702890500E+01        1.008E-04        64.794
22           -2.9702869615E+01        1.055E-04        65.856
23           -2.9702875926E+01        6.432E-05        64.252
24           -2.9702855360E+01        7.485E-05        62.284
25           -2.9702850284E+01        1.299E-04        62.191
26           -2.9702852289E+01        7.390E-05        63.102
27           -2.9702853499E+01        8.067E-06        62.606
28           -2.9702849689E+01        2.953E-05        62.363
29           -2.9702848045E+01        3.739E-05        62.399
30           -2.9702848617E+01        7.625E-06        62.864
31           -2.9702847174E+01        6.689E-06        62.285
32           -2.9702846233E+01        5.762E-06        62.491
33           -2.9702845863E+01        2.854E-06        62.424
34           -2.9702845825E+01        4.402E-06        62.113
35           -2.9702846127E+01        2.680E-06        62.091
36           -2.9702846371E+01        1.672E-06        62.733
37           -2.9702846540E+01        1.436E-06        62.727
38           -2.9702846510E+01        1.405E-06        62.170
39           -2.9702846641E+01        2.744E-06        62.373
40           -2.9702846554E+01        8.192E-07        62.399
Total number of SCF: 40    

k = [-0.250, -0.250, 0.000]
Occupation of state 213 = 0.000000000000811.
Occupation of state 237 = 0.000000000000000.
Exx outer loop error: 1.0107681006e-02 

No.3 Exx outer loop: 
1            -2.9702880845E+01        9.282E-04        64.300
2            -2.9702808710E+01        4.813E-04        62.547
3            -2.9702978964E+01        2.364E-03        62.400
4            -2.9702927013E+01        1.325E-03        62.827
5            -2.9702898917E+01        8.746E-04        62.378
6            -2.9702940261E+01        3.576E-04        62.825
7            -2.9702926895E+01        4.876E-04        62.440
8            -2.9702928720E+01        2.972E-04        62.397
9            -2.9702924407E+01        1.520E-04        64.306
10           -2.9702918437E+01        8.416E-05        64.756
11           -2.9702908280E+01        7.468E-05        64.107
12           -2.9702885890E+01        5.500E-05        62.346
13           -2.9702870287E+01        1.588E-05        62.274
14           -2.9702867367E+01        5.589E-05        62.665
15           -2.9702861581E+01        2.522E-05        62.179
16           -2.9702861365E+01        1.731E-05        62.275
17           -2.9702859063E+01        1.299E-05        62.175
18           -2.9702859063E+01        6.979E-06        62.188
19           -2.9702857363E+01        6.517E-06        62.210
20           -2.9702857686E+01        2.954E-06        62.214
21           -2.9702857766E+01        9.901E-06        62.323
22           -2.9702857602E+01        5.832E-06        62.168
23           -2.9702857437E+01        6.171E-06        62.554
24           -2.9702858209E+01        2.648E-06        62.270
25           -2.9702857830E+01        1.419E-06        62.142
26           -2.9702857699E+01        2.530E-06        62.094
27           -2.9702857750E+01        9.871E-07        62.055
Total number of SCF: 27    

k = [-0.250, -0.250, 0.000]
Occupation of state 213 = 0.000000000000507.
Occupation of state 237 = 0.000000000000000.
Exx outer loop error: 1.2025125365e-03 

No.4 Exx outer loop: 
1            -2.9702868407E+01        6.633E-04        64.127
2            -2.9702855774E+01        3.093E-04        62.369
3            -2.9702888284E+01        8.256E-04        62.483
4            -2.9703043107E+01        6.939E-04        62.431
5            -2.9703009189E+01        6.286E-04        62.856
6            -2.9702980628E+01        3.894E-04        62.499
7            -2.9702922363E+01        3.399E-04        62.371
8            -2.9702879718E+01        6.128E-05        62.731
9            -2.9702883458E+01        5.562E-04        62.164
10           -2.9702878872E+01        1.078E-04        65.052
11           -2.9702871465E+01        5.642E-05        64.561
12           -2.9702864634E+01        1.732E-05        64.006
13           -2.9702862410E+01        4.021E-05        62.656
14           -2.9702862600E+01        3.081E-05        62.477
15           -2.9702861267E+01        1.036E-05        62.706
16           -2.9702861410E+01        1.303E-05        62.339
17           -2.9702861814E+01        3.546E-05        61.985
18           -2.9702861800E+01        1.119E-05        61.930
19           -2.9702860928E+01        4.268E-06        62.103
20           -2.9702860754E+01        5.274E-06        62.285
21           -2.9702859903E+01        7.637E-07        61.970
Total number of SCF: 21    

k = [-0.250, -0.250, 0.000]
Occupation of state 213 = 0.000000000000384.
Occupation of state 237 = 0.000000000000000.
Exx outer loop error: 4.9101702430e-05 
====================================================================
                    Energy and force calculation                    
====================================================================
Free energy per atom               : -2.9702852795E+01 (Ha/atom)
Total free energy                  : -1.4554397870E+03 (Ha)
Band structure energy              : -3.7296672509E+02 (Ha)
Exchange correlation energy        : -1.6560183685E+02 (Ha)
Self and correction energy         : -1.9183770606E+03 (Ha)
Entropy*kb*T                       : -1.0212596189E-02 (Ha)
Fermi level                        : -1.6107061037E-01 (Ha)
RMS force                          :  2.0883797596E-02 (Ha/Bohr)
Maximum force                      :  1.0110346555E-01 (Ha/Bohr)
Time for force calculation         :  1.135 (sec)
***************************************************************************
                               Timing info                                 
***************************************************************************
Total walltime                     :  24036.437 sec
___________________________________________________________________________

***************************************************************************
*             Material Physics & Mechanics Group, Georgia Tech            *
*                       PI: Phanish Suryanarayana                         *
*                Main Developers: Qimen Xu, Abhiraj Sharma                *
*     Collaborators: J.E. Pask (LLNL), A.J. Medford (GT), E. Chow (GT)    *
*  Acknowledgements: U.S. DOE (DE-SC0019410); U.S. NSF (1333500,1553212)  *
***************************************************************************
                                                                           

***************************************************************************
*                       SPARC (version Nov 19, 2021)                      *
*   Copyright (c) 2020 Material Physics & Mechanics Group, Georgia Tech   *
*           Distributed under GNU General Public License 3 (GPL)          *
*                   Start time: Wed Dec 15 02:34:18 2021                  *
***************************************************************************
                           Input parameters                                
***************************************************************************
CELL: 12.4338823950489 11.2657846029438 47.5378507412217 
LATVEC:
1.000000000000000 0.000000000000000 0.000000000000000 
-0.000130020950961 0.999999991547276 0.000000000000000 
0.000000000000000 -0.000000000000000 1.000000000000000 
FD_GRID: 66 60 252
FD_ORDER: 12
BC: P P D
KPOINT_GRID: 4 4 1
KPOINT_SHIFT: 0 0 0
SPIN_TYP: 1
ELEC_TEMP_TYPE: Gaussian
SMEARING: 0.007349864435
CHEB_DEGREE: 37
NSTATES: 237
EXCHANGE_CORRELATION: HSE
CALC_STRESS: 0
CALC_PRES: 0
CHEFSI_BOUND_FLAG: 0
MAXIT_SCF: 100
MINIT_SCF: 3
MAXIT_POISSON: 3000
TOL_SCF: 1.00E-06
POISSON_SOLVER: AAR
TOL_POISSON: 1.00E-08
TOL_LANCZOS: 1.00E-02
TOL_PSEUDOCHARGE: 1.00E-08
MIXING_VARIABLE: density
MIXING_PRECOND: kerker
MIXING_PRECOND_MAG: none
TOL_PRECOND: 3.54E-05
PRECOND_KERKER_KTF: 1
PRECOND_KERKER_THRESH: 0.1
MIXING_PARAMETER: 0.3
MIXING_PARAMETER_MAG: 0.3
MIXING_HISTORY: 7
PULAY_FREQUENCY: 1
PULAY_RESTART: 0
REFERENCE_CUTOFF: 0.5
RHO_TRIGGER: 4
FIX_RAND: 0
VERBOSITY: 1
PRINT_FORCES: 1
PRINT_ATOMS: 1
PRINT_EIGEN: 1
PRINT_DENSITY: 0
PRINT_ENERGY_DENSITY: 0
TOL_FOCK: 5.00E-05
TOL_SCF_INIT: 1.00E-04
MAXIT_FOCK: 1000
EXX_METHOD: FOURIER_SPACE
EXX_DIVERGENCE: AUXILIARY
ACE_FLAG: 1
EXX_ACE_MEM: 1
EXX_ACE_VALENCE_STATES: 10000
EXX_DOWNSAMPLING: 1 1 1
EXX_RANGE_FOCK: 0.106000
EXX_RANGE_PBE: 0.106000
OUTPUT_FILE: sprc-calc
***************************************************************************
                                Cell                                       
***************************************************************************
Lattice vectors (Bohr):
12.433882395048860 0.000000000000000 0.000000000000000 
-0.001464788027397 11.265784507717260 0.000000000000000 
0.000000000000000 -0.000000000000000 47.537850741221725 
Volume                  :  6.6589804186E+03 (Bohr^3)
***************************************************************************
                           Parallelization                                 
***************************************************************************
NP_SPIN_PARAL: 2
NP_KPOINT_PARAL: 10
NP_BAND_PARAL: 1
NP_DOMAIN_PARAL: 2 1 8
NP_DOMAIN_PHI_PARAL: 4 4 21
EIG_SERIAL_MAXNS: 1500
***************************************************************************
                             Initialization                                
***************************************************************************
Number of processors               :  336
Mesh spacing in x-direction        :  0.188392 (Bohr)
Mesh spacing in y-direction        :  0.187763 (Bohr)
Mesh spacing in z direction        :  0.188642 (Bohr)
Number of symmetry adapted k-points:  10
Output printed to                  :  sprc-calc.out_01
Final eigenvalues printed to       :  sprc-calc.eigen_01
Total number of atom types         :  3
Total number of atoms              :  49
Total number of electrons          :  388
Atom type 1  (valence electrons)   :  N 5
Pseudopotential                    :  N.psp8
Pseudocharge radii of atom type 1  :  6.78 6.76 6.79 (x, y, z dir)
Number of atoms of type 1          :  2
Atom type 2  (valence electrons)   :  O 6
Pseudopotential                    :  O.psp8
Pseudocharge radii of atom type 2  :  6.78 6.76 6.79 (x, y, z dir)
Number of atoms of type 2          :  31
Atom type 3  (valence electrons)   :  Ti 12
Pseudopotential                    :  Ti.psp8
Pseudocharge radii of atom type 3  :  6.78 6.76 6.79 (x, y, z dir)
Number of atoms of type 3          :  16
Estimated total memory usage       :  445.40 GB
Estimated memory per processor     :  1.33 GB
========================================================================================
                    Self Consistent Field (SCF#1)                     
========================================================================================
Iteration     Free Energy (Ha/atom)    Magnetization     SCF Error        Timing (sec)
1            -2.9835727551E+01         5.0810E+00        4.322E-01        310.453
2            -3.0726894378E+01         1.1180E+00        4.149E-01        74.997
3            -3.0260435874E+01         9.0250E+00        3.330E-01        75.833
4            -3.0046859974E+01         1.3143E+00        3.078E-01        74.966
5            -3.0193416272E+01        -1.8962E+00        2.176E-01        75.386
6            -3.0173724853E+01         9.4913E-01        1.619E-01        74.651
7            -3.0208908124E+01         2.3008E+00        1.893E-01        74.366
8            -3.0184516713E+01         3.1961E+00        1.550E-01        74.389
9            -3.0179369515E+01         3.0075E+00        1.439E-01        74.800
10           -3.0162440742E+01         5.4503E+00        1.042E-01        75.237
11           -3.0125545086E+01         4.9582E-01        1.174E-01        74.564
12           -3.0110443999E+01        -7.6507E-01        8.411E-02        74.604
13           -3.0086561814E+01        -1.3167E+00        8.223E-02        74.679
14           -3.0081670714E+01        -4.5870E-01        8.860E-02        75.055
15           -3.0075070760E+01         4.0513E-02        9.043E-02        75.052
16           -3.0068639281E+01         1.8320E-02        8.550E-02        74.692
17           -3.0063119699E+01         1.8469E+00        8.409E-02        74.724
18           -3.0070787837E+01        -1.4393E+00        7.751E-02        74.601
19           -3.0062811593E+01        -1.2679E+00        7.261E-02        74.434
20           -3.0049035416E+01        -9.9302E-01        6.944E-02        76.428
21           -3.0031798407E+01        -2.2933E-01        6.319E-02        75.667
22           -3.0020878399E+01        -1.2004E+00        5.641E-02        75.739
23           -2.9996544188E+01        -4.5764E-01        5.177E-02        74.954
24           -2.9976723210E+01        -1.7428E+00        5.174E-02        74.353
25           -2.9954298246E+01         6.0000E-02        4.197E-02        74.316
26           -2.9936904702E+01         6.0614E-01        3.570E-02        74.768
27           -2.9952841544E+01        -1.7382E-01        3.731E-02        75.310
28           -2.9948007536E+01        -2.3848E-01        3.138E-02        74.729
29           -2.9938907498E+01        -6.9769E-03        3.105E-02        74.785
30           -2.9940862793E+01        -2.2723E-01        2.735E-02        102.937
31           -2.9930577795E+01        -2.7283E-01        1.900E-02        125.531
32           -2.9924576675E+01        -1.7854E-01        1.272E-02        89.863
33           -2.9920786929E+01        -5.6580E-01        1.170E-02        92.015
34           -2.9920336600E+01         2.3351E-01        1.251E-02        104.431
35           -2.9920009586E+01        -2.3762E-02        7.266E-03        102.871
36           -2.9918663635E+01        -1.0419E-02        6.576E-03        97.962
37           -2.9917631965E+01        -5.9288E-02        5.201E-03        95.541
38           -2.9916579247E+01        -1.5461E-01        2.939E-03        107.967
39           -2.9915622242E+01        -1.1705E-01        3.304E-03        98.923
40           -2.9915129962E+01        -1.9597E-01        2.043E-03        93.822
41           -2.9914172167E+01        -2.2088E-01        1.727E-03        105.797
42           -2.9913418683E+01        -2.4710E-01        1.607E-03        107.814
43           -2.9912825403E+01        -1.7224E-01        1.916E-03        109.220
44           -2.9912752760E+01        -1.0221E-01        3.155E-03        101.180
45           -2.9912828774E+01        -1.0950E-03        5.389E-03        93.985
46           -2.9912710073E+01        -1.1788E-01        3.115E-03        112.597
47           -2.9912675414E+01        -8.0110E-02        3.592E-03        101.869
48           -2.9912477651E+01        -2.4286E-01        9.542E-04        92.973
49           -2.9912459096E+01        -2.1741E-01        7.580E-04        88.986
50           -2.9912320094E+01        -2.7557E-01        6.195E-04        83.803
51           -2.9912224149E+01        -2.8332E-01        4.311E-04        81.301
52           -2.9912173875E+01        -3.1384E-01        7.842E-04        74.604
53           -2.9912120548E+01        -2.9566E-01        3.212E-04        74.476
54           -2.9912088705E+01        -3.0980E-01        3.151E-04        74.941
55           -2.9912052445E+01        -3.2654E-01        2.956E-04        75.721
56           -2.9912035248E+01        -3.3835E-01        2.611E-04        78.831
57           -2.9912017701E+01        -3.4803E-01        2.077E-04        95.724
58           -2.9911998957E+01        -3.6678E-01        1.493E-04        79.811
59           -2.9911995124E+01        -3.7708E-01        1.179E-04        74.428
60           -2.9911986796E+01        -3.9670E-01        1.203E-04        75.734
61           -2.9911992406E+01        -3.9756E-01        6.890E-05        75.103
Total number of SCF: 61    

k = [-0.250, -0.250, 0.000]
Occupation of state 213 = 0.000000000336411.
Occupation of state 237 = 0.000000000000000.

No.1 Exx outer loop: 
1            -2.9701089286E+01        -7.4036E-01        1.430E-02        122.401
2            -2.9693013460E+01        -8.6714E-01        1.372E-02        117.995
3            -2.9697991382E+01        -1.1648E+00        2.253E-02        117.473
4            -2.9695790797E+01        -5.6489E-01        1.206E-02        118.838
5            -2.9702082839E+01        -3.6000E-01        9.321E-03        119.083
6            -2.9705608099E+01        -5.1334E-01        4.733E-03        117.950
7            -2.9706241688E+01        -4.3868E-01        4.896E-03        119.292
8            -2.9705312168E+01        -5.9175E-01        3.770E-03        117.850
9            -2.9705457179E+01        -4.5553E-01        2.987E-03        117.680
10           -2.9705245837E+01        -5.3269E-01        2.250E-03        118.285
11           -2.9704378583E+01        -6.0929E-01        1.193E-03        119.139
12           -2.9703915187E+01        -5.9796E-01        9.501E-04        119.394
13           -2.9703248432E+01        -6.3766E-01        5.135E-04        117.912
14           -2.9703109166E+01        -6.1458E-01        5.453E-04        117.829
15           -2.9703072480E+01        -6.2824E-01        3.609E-04        117.549
16           -2.9702960189E+01        -6.0616E-01        2.860E-04        117.763
17           -2.9702843884E+01        -6.1974E-01        1.895E-04        118.486
18           -2.9702760907E+01        -5.9408E-01        2.066E-04        128.185
19           -2.9702732388E+01        -5.9334E-01        1.504E-04        130.156
20           -2.9702704191E+01        -5.8390E-01        1.955E-04        128.327
21           -2.9702718580E+01        -6.0272E-01        9.050E-05        119.325
22           -2.9702732056E+01        -6.0692E-01        9.978E-05        117.626
23           -2.9702728540E+01        -6.0240E-01        5.027E-05        118.371
24           -2.9702721296E+01        -6.0912E-01        9.098E-05        117.477
25           -2.9702710317E+01        -6.0948E-01        6.187E-05        118.678
26           -2.9702703632E+01        -6.0867E-01        4.159E-05        117.190
27           -2.9702704575E+01        -6.0682E-01        1.610E-05        118.002
28           -2.9702706037E+01        -6.0770E-01        1.592E-05        118.143
29           -2.9702709669E+01        -6.0668E-01        7.937E-06        118.791
30           -2.9702709682E+01        -6.0687E-01        4.891E-06        118.283
31           -2.9702709990E+01        -6.0719E-01        4.419E-06        118.043
32           -2.9702709581E+01        -6.0744E-01        6.593E-06        117.872
33           -2.9702709222E+01        -6.0711E-01        3.258E-06        117.786
34           -2.9702707982E+01        -6.0765E-01        8.094E-06        117.978
35           -2.9702707616E+01        -6.0725E-01        2.096E-06        118.544
36           -2.9702707467E+01        -6.0659E-01        4.478E-06        118.554
37           -2.9702707311E+01        -6.0704E-01        1.064E-06        117.292
38           -2.9702707343E+01        -6.0731E-01        2.770E-06        117.021
39           -2.9702707628E+01        -6.0690E-01        1.572E-06        118.065
40           -2.9702707663E+01        -6.0689E-01        1.210E-06        118.003
41           -2.9702707728E+01        -6.0697E-01        6.498E-07        117.190
Total number of SCF: 41    

k = [-0.250, -0.250, 0.000]
Occupation of state 213 = 0.000000000000001.
Occupation of state 237 = 0.000000000000000.
Exx outer loop error: 6.8155323405e-01 

No.2 Exx outer loop: 
1            -2.9703133992E+01        -6.0366E-01        4.494E-03        142.913
2            -2.9702401774E+01        -6.2757E-01        2.398E-03        120.884
3            -2.9702814379E+01        -4.1975E-01        4.162E-03        128.969
4            -2.9703506572E+01        -1.5055E+00        7.107E-03        124.090
5            -2.9703297644E+01        -9.2269E-01        1.431E-03        134.151
6            -2.9703636282E+01        -7.0495E-01        1.396E-03        130.059
7            -2.9703566371E+01        -6.6184E-01        1.434E-03        134.062
8            -2.9703492731E+01        -6.5598E-01        9.616E-04        117.828
9            -2.9703330545E+01        -6.6220E-01        6.015E-04        118.221
10           -2.9703162404E+01        -7.2316E-01        3.706E-04        117.672
11           -2.9703107160E+01        -7.0791E-01        2.739E-04        117.229
12           -2.9703110117E+01        -6.7472E-01        1.169E-04        117.476
13           -2.9703091841E+01        -6.8928E-01        7.764E-05        117.381
14           -2.9703107363E+01        -6.7478E-01        1.125E-04        117.664
15           -2.9703081226E+01        -6.7506E-01        7.402E-05        118.206
16           -2.9703072945E+01        -6.7529E-01        5.438E-05        119.125
17           -2.9703067177E+01        -6.7574E-01        3.490E-05        121.732
18           -2.9703065465E+01        -6.7589E-01        2.093E-05        118.202
19           -2.9703064240E+01        -6.7647E-01        1.006E-05        117.031
20           -2.9703063720E+01        -6.7658E-01        5.318E-06        117.304
21           -2.9703063109E+01        -6.7671E-01        1.774E-06        117.200
22           -2.9703063088E+01        -6.7703E-01        3.376E-06        117.298
23           -2.9703064030E+01        -6.7710E-01        2.409E-06        118.060
24           -2.9703063886E+01        -6.7706E-01        1.279E-06        117.326
25           -2.9703064192E+01        -6.7671E-01        2.873E-06        117.769
26           -2.9703063883E+01        -6.7691E-01        8.440E-07        117.392
Total number of SCF: 26    

k = [-0.250, -0.250, 0.000]
Occupation of state 213 = 0.000000000000000.
Occupation of state 237 = 0.000000000000000.
Exx outer loop error: 1.3258940887e-02 

No.3 Exx outer loop: 
1            -2.9703145870E+01        -5.7659E-01        2.320E-03        130.055
2            -2.9703217171E+01        -9.3966E-01        2.424E-03        119.046
3            -2.9703226804E+01        -7.3452E-01        8.852E-04        126.508
4            -2.9703359143E+01        -7.9700E-01        7.165E-04        136.407
5            -2.9703365138E+01        -7.0721E-01        5.094E-04        117.238
6            -2.9703361469E+01        -7.0195E-01        4.874E-04        141.151
7            -2.9703342263E+01        -7.0397E-01        4.137E-04        118.866
8            -2.9703302974E+01        -7.1151E-01        2.540E-04        117.783
9            -2.9703216972E+01        -7.2554E-01        1.096E-04        118.963
10           -2.9703208004E+01        -7.1084E-01        1.327E-04        120.431
11           -2.9703133123E+01        -7.1648E-01        8.695E-05        129.208
12           -2.9703120034E+01        -7.1037E-01        3.325E-05        118.473
13           -2.9703116812E+01        -7.0931E-01        2.201E-05        117.583
14           -2.9703111905E+01        -7.0952E-01        1.806E-05        119.751
15           -2.9703111538E+01        -7.0777E-01        1.887E-05        118.102
16           -2.9703106797E+01        -7.0786E-01        1.089E-05        117.592
17           -2.9703104079E+01        -7.0830E-01        4.232E-06        127.227
18           -2.9703103732E+01        -7.0870E-01        5.959E-06        119.576
19           -2.9703104698E+01        -7.0837E-01        2.164E-06        119.391
20           -2.9703104975E+01        -7.0807E-01        4.253E-06        117.721
21           -2.9703104392E+01        -7.0833E-01        1.985E-06        130.800
22           -2.9703104712E+01        -7.0834E-01        1.285E-06        117.798
23           -2.9703104540E+01        -7.0814E-01        1.477E-06        117.730
24           -2.9703104362E+01        -7.0838E-01        1.595E-06        117.531
25           -2.9703104427E+01        -7.0835E-01        1.281E-06        119.532
26           -2.9703104175E+01        -7.0843E-01        1.594E-06        119.362
27           -2.9703104178E+01        -7.0833E-01        5.276E-07        118.261
Total number of SCF: 27    

k = [-0.250, -0.250, 0.000]
Occupation of state 213 = 0.000000000000000.
Occupation of state 237 = 0.000000000000000.
Exx outer loop error: 1.6018547460e-03 

No.4 Exx outer loop: 
1            -2.9703131653E+01        -6.1149E-01        1.418E-03        123.398
2            -2.9703261527E+01        -9.4487E-01        2.328E-03        118.141
3            -2.9703513083E+01        -1.3283E+00        5.982E-03        118.440
4            -2.9703465376E+01        -1.0879E+00        3.472E-03        118.830
5            -2.9703546221E+01        -1.1410E+00        3.965E-03        118.832
6            -2.9703470810E+01        -7.4964E-01        4.565E-04        119.258
7            -2.9703420411E+01        -8.3321E-01        1.049E-03        120.034
8            -2.9703327107E+01        -6.8921E-01        4.313E-04        120.248
9            -2.9703311000E+01        -7.0291E-01        2.084E-04        117.077
10           -2.9703224125E+01        -7.5093E-01        5.456E-04        117.757
11           -2.9703175954E+01        -7.9312E-01        9.319E-04        120.673
12           -2.9703164680E+01        -7.8744E-01        8.379E-04        118.116
13           -2.9703147781E+01        -7.1478E-01        9.311E-05        117.430
14           -2.9703139633E+01        -7.3304E-01        2.788E-04        117.977
15           -2.9703133724E+01        -7.2855E-01        2.305E-04        118.100
16           -2.9703128852E+01        -7.1286E-01        6.814E-05        117.730
17           -2.9703122050E+01        -7.1376E-01        6.121E-05        118.038
18           -2.9703126665E+01        -7.0930E-01        1.421E-05        117.746
19           -2.9703122923E+01        -7.0709E-01        3.328E-05        117.943
20           -2.9703124412E+01        -7.0824E-01        1.477E-05        117.378
21           -2.9703120088E+01        -7.0794E-01        2.016E-05        117.611
22           -2.9703119148E+01        -7.0856E-01        9.460E-06        117.478
23           -2.9703117289E+01        -7.0872E-01        6.391E-06        119.596
24           -2.9703116561E+01        -7.0866E-01        6.645E-06        117.781
25           -2.9703116078E+01        -7.0886E-01        3.526E-06        117.897
26           -2.9703116655E+01        -7.0898E-01        1.851E-06        117.355
27           -2.9703116265E+01        -7.1001E-01        9.792E-06        116.349
28           -2.9703116325E+01        -7.0849E-01        8.051E-06        118.037
29           -2.9703116133E+01        -7.0874E-01        5.358E-06        117.575
30           -2.9703116064E+01        -7.0884E-01        3.314E-06        117.302
31           -2.9703115993E+01        -7.0905E-01        1.331E-06        117.260
32           -2.9703115918E+01        -7.0924E-01        2.152E-06        118.143
33           -2.9703115954E+01        -7.0884E-01        2.536E-06        117.498
34           -2.9703115958E+01        -7.0875E-01        3.844E-06        118.271
35           -2.9703115900E+01        -7.0899E-01        2.157E-06        118.166
36           -2.9703115910E+01        -7.0901E-01        1.162E-06        117.483
37           -2.9703115940E+01        -7.0901E-01        2.729E-07        116.961
Total number of SCF: 37    

k = [-0.250, -0.250, 0.000]
Occupation of state 213 = 0.000000000000000.
Occupation of state 237 = 0.000000000000000.
Exx outer loop error: 2.6167886515e-05 
====================================================================
                    Energy and force calculation                    
====================================================================
Free energy per atom               : -2.9703102156E+01 (Ha/atom)
Total free energy                  : -1.4554520057E+03 (Ha)
Band structure energy              : -3.7324781573E+02 (Ha)
Exchange correlation energy        : -1.6560179268E+02 (Ha)
Self and correction energy         : -1.9183770606E+03 (Ha)
Entropy*kb*T                       : -4.6236817321E-03 (Ha)
Fermi level                        : -1.7142264239E-01 (Ha)
RMS force                          :  2.2790162194E-02 (Ha/Bohr)
Maximum force                      :  1.0235585095E-01 (Ha/Bohr)
Time for force calculation         :  1.928 (sec)
***************************************************************************
                               Timing info                                 
***************************************************************************
Total walltime                     :  46730.632 sec
___________________________________________________________________________

***************************************************************************
*             Material Physics & Mechanics Group, Georgia Tech            *
*                       PI: Phanish Suryanarayana                         *
*                Main Developers: Qimen Xu, Abhiraj Sharma                *
*     Collaborators: J.E. Pask (LLNL), A.J. Medford (GT), E. Chow (GT)    *
*  Acknowledgements: U.S. DOE (DE-SC0019410); U.S. NSF (1333500,1553212)  *
***************************************************************************
                                                                           
