***************************************************************************
*                       SPARC (version Nov 19, 2021)                      *
*   Copyright (c) 2020 Material Physics & Mechanics Group, Georgia Tech   *
*           Distributed under GNU General Public License 3 (GPL)          *
*                   Start time: Wed Dec 15 05:57:17 2021                  *
***************************************************************************
                           Input parameters                                
***************************************************************************
CELL: 12.4338823950489 11.2657846029438 47.5378507412217 
LATVEC:
1.000000000000000 0.000000000000000 0.000000000000000 
-0.000130020950961 0.999999991547276 0.000000000000000 
0.000000000000000 -0.000000000000000 1.000000000000000 
FD_GRID: 66 60 252
FD_ORDER: 12
BC: P P D
KPOINT_GRID: 4 4 1
KPOINT_SHIFT: 0 0 0
SPIN_TYP: 1
ELEC_TEMP_TYPE: Gaussian
SMEARING: 0.007349864435
CHEB_DEGREE: 37
NSTATES: 237
EXCHANGE_CORRELATION: HSE
CALC_STRESS: 0
CALC_PRES: 0
CHEFSI_BOUND_FLAG: 0
MAXIT_SCF: 100
MINIT_SCF: 3
MAXIT_POISSON: 3000
TOL_SCF: 1.00E-06
POISSON_SOLVER: AAR
TOL_POISSON: 1.00E-08
TOL_LANCZOS: 1.00E-02
TOL_PSEUDOCHARGE: 1.00E-08
MIXING_VARIABLE: density
MIXING_PRECOND: kerker
MIXING_PRECOND_MAG: none
TOL_PRECOND: 3.54E-05
PRECOND_KERKER_KTF: 1
PRECOND_KERKER_THRESH: 0.1
MIXING_PARAMETER: 0.3
MIXING_PARAMETER_MAG: 0.3
MIXING_HISTORY: 7
PULAY_FREQUENCY: 1
PULAY_RESTART: 0
REFERENCE_CUTOFF: 0.5
RHO_TRIGGER: 4
FIX_RAND: 0
VERBOSITY: 1
PRINT_FORCES: 1
PRINT_ATOMS: 1
PRINT_EIGEN: 1
PRINT_DENSITY: 0
PRINT_ENERGY_DENSITY: 0
TOL_FOCK: 5.00E-05
TOL_SCF_INIT: 1.00E-04
MAXIT_FOCK: 1000
EXX_METHOD: FOURIER_SPACE
EXX_DIVERGENCE: AUXILIARY
ACE_FLAG: 1
EXX_ACE_MEM: 1
EXX_ACE_VALENCE_STATES: 10000
EXX_DOWNSAMPLING: 1 1 1
EXX_RANGE_FOCK: 0.106000
EXX_RANGE_PBE: 0.106000
OUTPUT_FILE: sprc-calc
***************************************************************************
                                Cell                                       
***************************************************************************
Lattice vectors (Bohr):
12.433882395048860 0.000000000000000 0.000000000000000 
-0.001464788027397 11.265784507717260 0.000000000000000 
0.000000000000000 -0.000000000000000 47.537850741221725 
Volume                  :  6.6589804186E+03 (Bohr^3)
***************************************************************************
                           Parallelization                                 
***************************************************************************
NP_SPIN_PARAL: 2
NP_KPOINT_PARAL: 10
NP_BAND_PARAL: 1
NP_DOMAIN_PARAL: 2 1 8
NP_DOMAIN_PHI_PARAL: 4 4 21
EIG_SERIAL_MAXNS: 1500
***************************************************************************
                             Initialization                                
***************************************************************************
Number of processors               :  336
Mesh spacing in x-direction        :  0.188392 (Bohr)
Mesh spacing in y-direction        :  0.187763 (Bohr)
Mesh spacing in z direction        :  0.188642 (Bohr)
Number of symmetry adapted k-points:  10
Output printed to                  :  sprc-calc.out
Final eigenvalues printed to       :  sprc-calc.eigen
Total number of atom types         :  5
Total number of atoms              :  51
Total number of electrons          :  389
Atom type 1  (valence electrons)   :  C 4
Pseudopotential                    :  C.psp8
Pseudocharge radii of atom type 1  :  6.78 6.76 6.79 (x, y, z dir)
Number of atoms of type 1          :  1
Atom type 2  (valence electrons)   :  H 1
Pseudopotential                    :  H.psp8
Pseudocharge radii of atom type 2  :  3.77 3.76 3.77 (x, y, z dir)
Number of atoms of type 2          :  2
Atom type 3  (valence electrons)   :  N 5
Pseudopotential                    :  N.psp8
Pseudocharge radii of atom type 3  :  6.78 6.76 6.79 (x, y, z dir)
Number of atoms of type 3          :  1
Atom type 4  (valence electrons)   :  O 6
Pseudopotential                    :  O.psp8
Pseudocharge radii of atom type 4  :  6.78 6.76 6.79 (x, y, z dir)
Number of atoms of type 4          :  31
Atom type 5  (valence electrons)   :  Ti 12
Pseudopotential                    :  Ti.psp8
Pseudocharge radii of atom type 5  :  6.78 6.76 6.79 (x, y, z dir)
Number of atoms of type 5          :  16
Estimated total memory usage       :  445.40 GB
Estimated memory per processor     :  1.33 GB
========================================================================================
                    Self Consistent Field (SCF#1)                     
========================================================================================
Iteration     Free Energy (Ha/atom)    Magnetization     SCF Error        Timing (sec)
1            -2.8584166165E+01         3.8922E+00        4.515E-01        295.482
2            -3.0178658657E+01        -9.1948E-01        4.293E-01        73.803
3            -2.9334327357E+01         1.0287E+01        3.436E-01        74.393
4            -2.8829644962E+01         8.1773E+00        3.126E-01        74.177
5            -2.9041088968E+01         1.3488E+01        2.139E-01        73.877
6            -2.9094416067E+01         1.1788E+01        1.833E-01        74.468
7            -2.9096311769E+01         9.5760E+00        1.476E-01        74.555
8            -2.9112373447E+01         7.5721E+00        1.222E-01        73.639
9            -2.9088025455E+01         3.0503E+00        1.030E-01        74.179
10           -2.9081593570E+01         8.2755E+00        9.767E-02        73.974
11           -2.9029352849E+01         8.5256E-01        8.515E-02        75.151
12           -2.8993749480E+01         2.4681E+00        6.376E-02        73.788
13           -2.8967740597E+01         1.2602E-01        7.503E-02        74.549
14           -2.8969587154E+01        -1.4362E-01        7.744E-02        73.647
15           -2.8967349362E+01        -1.9113E-01        7.978E-02        74.378
16           -2.8956210758E+01        -1.2866E-01        7.679E-02        74.538
17           -2.8918985796E+01        -2.3425E-01        7.292E-02        74.151
18           -2.8911527732E+01         7.3578E-01        7.405E-02        74.732
19           -2.8902972156E+01         1.3699E+00        7.183E-02        74.104
20           -2.8905798254E+01         9.8959E-01        7.692E-02        76.168
21           -2.8879920646E+01         1.0142E+00        6.919E-02        75.252
22           -2.8848925994E+01         3.9915E+00        6.166E-02        74.791
23           -2.8836291396E+01         9.8178E-01        5.745E-02        74.307
24           -2.8818834860E+01        -1.2931E-01        4.668E-02        73.838
25           -2.8808065118E+01         4.9484E-01        3.591E-02        74.051
26           -2.8786256870E+01         5.7279E-01        2.922E-02        74.087
27           -2.8770428619E+01         8.8606E-01        2.744E-02        73.971
28           -2.8750737487E+01         2.5908E-01        2.535E-02        73.669
29           -2.8746605649E+01        -4.5291E-01        2.246E-02        73.679
30           -2.8735172142E+01         1.3524E-01        2.421E-02        74.624
31           -2.8721107941E+01         1.9090E-01        1.817E-02        74.242
32           -2.8715367296E+01         6.7287E-03        1.969E-02        74.552
33           -2.8709278742E+01        -8.8305E-02        1.658E-02        74.093
34           -2.8701712030E+01        -2.5151E-01        1.474E-02        73.880
35           -2.8694857207E+01        -3.4011E-01        1.160E-02        73.886
36           -2.8688348782E+01        -2.7544E-01        8.728E-03        74.326
37           -2.8687317290E+01        -3.3093E-01        7.686E-03        74.353
38           -2.8681070972E+01        -1.9087E-01        6.380E-03        73.502
39           -2.8681607901E+01        -1.5938E-01        5.262E-03        73.762
40           -2.8681578118E+01        -1.4891E-01        4.479E-03        73.600
41           -2.8681669047E+01        -1.6145E-01        3.704E-03        74.019
42           -2.8680574137E+01        -1.5409E-01        2.985E-03        74.174
43           -2.8679432236E+01        -1.3712E-01        1.770E-03        73.706
44           -2.8679077361E+01        -1.2347E-01        1.456E-03        74.011
45           -2.8678229724E+01        -1.0258E-01        1.076E-03        76.524
46           -2.8677986174E+01        -8.3802E-02        1.784E-03        75.193
47           -2.8677783300E+01        -8.5862E-02        6.731E-04        73.919
48           -2.8677575754E+01        -8.2427E-02        4.001E-04        74.177
49           -2.8677408300E+01        -8.2952E-02        4.129E-04        74.048
50           -2.8677397016E+01        -8.2720E-02        2.695E-04        74.025
51           -2.8677360352E+01        -8.4590E-02        2.278E-04        74.412
52           -2.8677281332E+01        -8.7816E-02        8.873E-05        73.022
Total number of SCF: 52    

k = [-0.250, -0.250, 0.000]
Occupation of state 213 = 0.000000000005629.
Occupation of state 237 = 0.000000000000000.

No.1 Exx outer loop: 
1            -2.8475736491E+01        -1.9624E-01        1.372E-02        121.391
2            -2.8467396005E+01        -2.0492E-01        1.352E-02        119.675
3            -2.8469389464E+01        -2.5508E-01        1.100E-02        117.064
4            -2.8474307065E+01        -3.1371E-01        5.834E-03        116.448
5            -2.8478267646E+01        -3.2812E-01        2.599E-03        117.068
6            -2.8479135214E+01        -3.3450E-01        1.677E-03        116.769
7            -2.8478498474E+01        -3.1785E-01        1.401E-03        116.905
8            -2.8478554516E+01        -3.2446E-01        9.350E-04        117.695
9            -2.8478164658E+01        -2.9849E-01        1.307E-03        117.727
10           -2.8478135319E+01        -3.1293E-01        7.392E-04        117.604
11           -2.8477667939E+01        -2.8414E-01        1.543E-03        117.906
12           -2.8477646094E+01        -3.0469E-01        5.204E-04        117.123
13           -2.8477426201E+01        -3.1931E-01        3.330E-04        117.031
14           -2.8477263515E+01        -3.2250E-01        2.904E-04        116.839
15           -2.8477234972E+01        -3.3168E-01        4.193E-04        138.162
16           -2.8477232336E+01        -3.2730E-01        2.476E-04        116.787
17           -2.8477240651E+01        -3.2262E-01        6.608E-05        118.750
18           -2.8477239795E+01        -3.2466E-01        8.659E-05        116.541
19           -2.8477243974E+01        -3.1967E-01        1.108E-04        117.063
20           -2.8477232566E+01        -3.1899E-01        9.699E-05        116.561
21           -2.8477228132E+01        -3.1806E-01        9.914E-05        116.623
22           -2.8477221262E+01        -3.1773E-01        5.765E-05        159.146
23           -2.8477218961E+01        -3.1747E-01        1.332E-05        124.717
24           -2.8477217919E+01        -3.1773E-01        1.442E-05        116.837
25           -2.8477214536E+01        -3.1778E-01        1.344E-05        117.362
26           -2.8477212212E+01        -3.1779E-01        5.857E-06        116.387
27           -2.8477210941E+01        -3.1774E-01        3.154E-06        116.036
28           -2.8477211229E+01        -3.1763E-01        2.740E-06        116.474
29           -2.8477210701E+01        -3.1772E-01        3.690E-06        116.370
30           -2.8477211352E+01        -3.1779E-01        2.681E-06        116.794
31           -2.8477211361E+01        -3.1776E-01        1.388E-06        117.418
32           -2.8477211644E+01        -3.1775E-01        1.983E-06        117.943
33           -2.8477211620E+01        -3.1775E-01        2.005E-06        117.671
34           -2.8477211648E+01        -3.1776E-01        1.504E-06        116.886
35           -2.8477211589E+01        -3.1774E-01        1.572E-06        116.446
36           -2.8477211523E+01        -3.1774E-01        7.395E-07        116.247
Total number of SCF: 36    

k = [-0.250, -0.250, 0.000]
Occupation of state 213 = 0.000000000000002.
Occupation of state 237 = 0.000000000000000.
Exx outer loop error: 6.2117907126e-01 

No.2 Exx outer loop: 
1            -2.8477542498E+01        -6.0557E-01        3.881E-03        120.413
2            -2.8477302924E+01        -5.5136E-01        2.347E-03        117.334
3            -2.8477539436E+01        -5.1380E-01        1.815E-03        117.788
4            -2.8477577104E+01        -6.2407E-01        2.235E-03        118.641
5            -2.8477771641E+01        -6.1546E-01        1.382E-03        116.112
6            -2.8478150635E+01        -5.8491E-01        9.993E-04        116.735
7            -2.8477924128E+01        -6.0517E-01        3.688E-04        116.131
8            -2.8477821552E+01        -6.0283E-01        2.624E-04        116.467
9            -2.8477719678E+01        -6.1277E-01        2.254E-04        116.618
10           -2.8477670430E+01        -6.1213E-01        1.307E-04        117.348
11           -2.8477623019E+01        -6.0859E-01        1.670E-04        117.071
12           -2.8477575342E+01        -6.0870E-01        6.478E-05        116.754
13           -2.8477558058E+01        -6.0743E-01        5.178E-05        118.852
14           -2.8477531388E+01        -6.0657E-01        4.214E-05        115.787
15           -2.8477521940E+01        -6.0619E-01        2.799E-05        116.082
16           -2.8477504296E+01        -6.0586E-01        2.339E-05        116.516
17           -2.8477500825E+01        -6.0590E-01        1.229E-05        116.413
18           -2.8477498966E+01        -6.0550E-01        1.298E-05        116.003
19           -2.8477499347E+01        -6.0631E-01        1.675E-05        117.944
20           -2.8477499013E+01        -6.0645E-01        1.525E-05        116.296
21           -2.8477499663E+01        -6.0634E-01        7.402E-06        116.240
22           -2.8477499299E+01        -6.0644E-01        7.099E-06        116.452
23           -2.8477498878E+01        -6.0634E-01        2.919E-06        115.861
24           -2.8477498000E+01        -6.0633E-01        1.578E-06        116.650
25           -2.8477498018E+01        -6.0641E-01        1.141E-06        116.104
26           -2.8477498476E+01        -6.0644E-01        8.772E-07        115.440
Total number of SCF: 26    

k = [-0.250, -0.250, 0.000]
Occupation of state 213 = 0.000000000000001.
Occupation of state 237 = 0.000000000000000.
Exx outer loop error: 1.3863472405e-02 

No.3 Exx outer loop: 
1            -2.8477596362E+01        -8.3890E-01        4.205E-03        121.952
2            -2.8477897014E+01        -7.4410E-01        1.474E-03        116.400
3            -2.8478002652E+01        -4.1458E-01        5.621E-03        115.935
4            -2.8478073919E+01        -8.5111E-01        3.494E-03        117.480
5            -2.8477989445E+01        -7.9925E-01        2.461E-03        116.209
6            -2.8477933577E+01        -7.8432E-01        1.951E-03        116.595
7            -2.8477814537E+01        -7.5489E-01        9.031E-04        116.408
8            -2.8477790354E+01        -7.5629E-01        5.564E-04        116.514
9            -2.8477770682E+01        -7.6144E-01        4.922E-04        117.091
10           -2.8477715984E+01        -7.5143E-01        1.462E-04        116.364
11           -2.8477676734E+01        -7.5005E-01        1.024E-04        116.794
12           -2.8477617743E+01        -7.4679E-01        1.796E-04        116.453
13           -2.8477625133E+01        -7.4846E-01        6.535E-05        116.762
14           -2.8477591561E+01        -7.4794E-01        5.922E-05        116.342
15           -2.8477585570E+01        -7.4841E-01        3.449E-05        121.710
16           -2.8477568766E+01        -7.4748E-01        3.743E-05        117.290
17           -2.8477567581E+01        -7.4868E-01        2.573E-05        116.458
18           -2.8477556927E+01        -7.4719E-01        2.626E-05        116.729
19           -2.8477554391E+01        -7.4869E-01        1.592E-05        116.493
20           -2.8477550919E+01        -7.4829E-01        4.038E-06        117.512
21           -2.8477548632E+01        -7.4836E-01        2.703E-06        116.491
22           -2.8477548854E+01        -7.4831E-01        2.150E-06        116.558
23           -2.8477548767E+01        -7.4836E-01        1.767E-06        116.823
24           -2.8477548336E+01        -7.4831E-01        1.357E-06        116.714
25           -2.8477548175E+01        -7.4838E-01        1.177E-06        116.652
26           -2.8477548136E+01        -7.4834E-01        7.478E-07        115.775
Total number of SCF: 26    

k = [-0.250, -0.250, 0.000]
Occupation of state 213 = 0.000000000000000.
Occupation of state 237 = 0.000000000000000.
Exx outer loop error: 7.6639275814e-03 

No.4 Exx outer loop: 
1            -2.8477599168E+01        -8.4788E-01        2.842E-03        118.957
2            -2.8477731749E+01        -7.7715E-01        8.503E-04        116.697
3            -2.8477741644E+01        -7.9517E-01        5.796E-04        117.056
4            -2.8477772880E+01        -7.9064E-01        2.802E-04        117.604
5            -2.8477737757E+01        -7.8580E-01        1.518E-04        116.665
6            -2.8477731156E+01        -7.8606E-01        1.220E-04        116.250
7            -2.8477687036E+01        -7.8445E-01        8.514E-05        116.116
8            -2.8477647034E+01        -7.8683E-01        8.556E-05        115.940
9            -2.8477625082E+01        -7.8522E-01        4.763E-05        115.788
10           -2.8477601792E+01        -7.8555E-01        3.342E-05        116.123
11           -2.8477600016E+01        -7.8494E-01        3.153E-05        116.122
12           -2.8477579033E+01        -7.8435E-01        1.818E-05        117.079
13           -2.8477576711E+01        -7.8413E-01        1.193E-05        116.387
14           -2.8477574113E+01        -7.8414E-01        7.048E-06        116.388
15           -2.8477573589E+01        -7.8402E-01        4.573E-06        116.840
16           -2.8477572085E+01        -7.8406E-01        3.535E-06        115.811
17           -2.8477572515E+01        -7.8395E-01        2.541E-06        115.889
18           -2.8477571110E+01        -7.8392E-01        2.204E-06        116.129
19           -2.8477571327E+01        -7.8398E-01        1.687E-06        116.468
20           -2.8477571229E+01        -7.8392E-01        1.805E-06        116.002
21           -2.8477571390E+01        -7.8399E-01        8.304E-07        115.455
Total number of SCF: 21    

k = [-0.250, -0.250, 0.000]
Occupation of state 213 = 0.000000000000000.
Occupation of state 237 = 0.000000000000000.
Exx outer loop error: 5.1568251280e-03 

No.5 Exx outer loop: 
1            -2.8477598561E+01        -8.1973E-01        1.775E-03        118.954
2            -2.8477640049E+01        -7.8436E-01        6.042E-04        117.021
3            -2.8477688550E+01        -8.1188E-01        6.718E-04        116.392
4            -2.8477722593E+01        -8.1733E-01        6.355E-04        115.902
5            -2.8477706539E+01        -8.2388E-01        5.097E-04        115.903
6            -2.8477764674E+01        -8.4509E-01        8.460E-04        116.419
7            -2.8477652231E+01        -8.2123E-01        4.829E-04        116.445
8            -2.8477590248E+01        -7.9949E-01        1.353E-04        115.883
9            -2.8477579551E+01        -7.9764E-01        1.040E-04        116.348
10           -2.8477578709E+01        -7.9633E-01        8.711E-05        116.422
11           -2.8477583119E+01        -7.9810E-01        1.204E-04        116.194
12           -2.8477573234E+01        -7.9554E-01        8.344E-05        115.948
13           -2.8477563266E+01        -7.9383E-01        5.933E-05        119.000
14           -2.8477558371E+01        -7.9308E-01        5.534E-05        117.485
15           -2.8477555686E+01        -7.9252E-01        5.074E-05        116.504
16           -2.8477556856E+01        -7.9259E-01        5.125E-05        115.435
17           -2.8477558109E+01        -7.9322E-01        6.458E-05        117.052
18           -2.8477564892E+01        -7.9600E-01        1.097E-04        115.623
19           -2.8477572084E+01        -7.9453E-01        7.700E-05        115.940
20           -2.8477570376E+01        -7.9432E-01        7.255E-05        116.036
21           -2.8477574603E+01        -7.9728E-01        1.249E-04        115.911
22           -2.8477576264E+01        -7.9757E-01        1.309E-04        116.674
23           -2.8477570733E+01        -7.9451E-01        6.609E-05        116.111
24           -2.8477568999E+01        -7.9398E-01        5.518E-05        115.778
25           -2.8477569258E+01        -7.9429E-01        6.165E-05        115.746
26           -2.8477569138E+01        -7.9382E-01        5.203E-05        115.623
27           -2.8477570488E+01        -7.9461E-01        6.438E-05        116.104
28           -2.8477570678E+01        -7.9455E-01        6.622E-05        115.754
29           -2.8477573050E+01        -7.9563E-01        8.544E-05        115.754
30           -2.8477571375E+01        -7.9567E-01        9.425E-05        116.663
31           -2.8477570782E+01        -7.9558E-01        9.304E-05        115.944
32           -2.8477572944E+01        -7.9574E-01        9.608E-05        114.959
33           -2.8477573331E+01        -7.9524E-01        8.527E-05        115.808
34           -2.8477573451E+01        -7.9395E-01        5.328E-05        115.222
35           -2.8477573040E+01        -7.9355E-01        4.455E-05        115.674
36           -2.8477573429E+01        -7.9393E-01        4.682E-05        115.573
37           -2.8477574756E+01        -7.9446E-01        5.558E-05        116.234
38           -2.8477574587E+01        -7.9492E-01        6.052E-05        116.237
39           -2.8477574791E+01        -7.9485E-01        5.915E-05        115.045
40           -2.8477574575E+01        -7.9484E-01        5.884E-05        115.777
41           -2.8477577737E+01        -7.9549E-01        6.785E-05        115.687
42           -2.8477574882E+01        -7.9465E-01        5.753E-05        115.967
43           -2.8477576933E+01        -7.9490E-01        5.809E-05        116.160
44           -2.8477574752E+01        -7.9376E-01        4.784E-05        116.141
45           -2.8477567692E+01        -7.9372E-01        5.886E-05        117.718
46           -2.8477572170E+01        -7.9412E-01        5.051E-05        117.136
47           -2.8477575184E+01        -7.9359E-01        3.255E-05        115.646
48           -2.8477574782E+01        -7.9342E-01        3.005E-05        116.118
49           -2.8477576373E+01        -7.9293E-01        2.262E-05        115.728
50           -2.8477581462E+01        -7.9294E-01        1.595E-05        116.689
51           -2.8477583191E+01        -7.9284E-01        1.039E-05        116.449
52           -2.8477583526E+01        -7.9289E-01        8.184E-06        116.515
53           -2.8477583893E+01        -7.9276E-01        4.801E-06        115.821
54           -2.8477583810E+01        -7.9258E-01        3.061E-06        116.030
55           -2.8477584290E+01        -7.9260E-01        3.186E-06        116.094
56           -2.8477584479E+01        -7.9256E-01        2.179E-06        115.971
57           -2.8477584028E+01        -7.9259E-01        2.502E-06        116.065
58           -2.8477583967E+01        -7.9260E-01        2.324E-06        115.747
59           -2.8477583954E+01        -7.9258E-01        1.958E-06        116.084
60           -2.8477583796E+01        -7.9262E-01        2.414E-06        116.508
61           -2.8477583664E+01        -7.9260E-01        2.191E-06        116.949
62           -2.8477583925E+01        -7.9260E-01        1.889E-06        115.581
63           -2.8477583883E+01        -7.9265E-01        3.003E-06        115.662
64           -2.8477583492E+01        -7.9259E-01        1.703E-06        115.815
65           -2.8477583243E+01        -7.9256E-01        8.626E-07        115.901
Total number of SCF: 65    

k = [-0.250, -0.250, 0.000]
Occupation of state 213 = 0.000000000000000.
Occupation of state 237 = 0.000000000000000.
Exx outer loop error: 3.3441647001e-03 

No.6 Exx outer loop: 
1            -2.8477599990E+01        -8.0588E-01        1.076E-03        119.988
2            -2.8477613253E+01        -7.9321E-01        4.313E-04        118.355
3            -2.8477644510E+01        -7.8922E-01        3.184E-04        117.152
4            -2.8477643443E+01        -7.7980E-01        4.101E-04        117.262
5            -2.8477630673E+01        -7.8662E-01        2.073E-04        115.735
6            -2.8477608495E+01        -7.9069E-01        8.416E-05        116.716
7            -2.8477607940E+01        -7.9038E-01        7.825E-05        116.143
8            -2.8477602513E+01        -7.9405E-01        2.462E-05        115.595
9            -2.8477600344E+01        -7.9465E-01        2.900E-05        116.287
10           -2.8477599206E+01        -7.9462E-01        1.592E-05        116.161
11           -2.8477596609E+01        -7.9452E-01        7.697E-06        116.278
12           -2.8477594834E+01        -7.9408E-01        1.127E-05        115.749
13           -2.8477594210E+01        -7.9456E-01        6.020E-06        115.868
14           -2.8477592514E+01        -7.9429E-01        8.855E-06        115.613
15           -2.8477591689E+01        -7.9466E-01        3.546E-06        115.739
16           -2.8477590466E+01        -7.9464E-01        2.976E-06        116.314
17           -2.8477590044E+01        -7.9464E-01        2.929E-06        115.532
18           -2.8477589440E+01        -7.9465E-01        2.876E-06        116.541
19           -2.8477589478E+01        -7.9468E-01        1.296E-06        117.113
20           -2.8477589426E+01        -7.9462E-01        2.206E-06        115.885
21           -2.8477589515E+01        -7.9471E-01        7.227E-07        114.942
Total number of SCF: 21    

k = [-0.250, -0.250, 0.000]
Occupation of state 213 = 0.000000000000000.
Occupation of state 237 = 0.000000000000000.
Exx outer loop error: 2.0958151676e-03 

No.7 Exx outer loop: 
1            -2.8477598773E+01        -8.0401E-01        6.313E-04        120.111
2            -2.8477608097E+01        -7.9588E-01        2.635E-04        116.077
3            -2.8477682238E+01        -6.8923E-01        2.638E-03        116.337
4            -2.8477654033E+01        -7.9709E-01        2.854E-04        118.598
5            -2.8477640815E+01        -8.0061E-01        2.481E-04        117.894
6            -2.8477634518E+01        -8.0294E-01        2.642E-04        115.234
7            -2.8477617309E+01        -7.9809E-01        6.135E-05        116.507
8            -2.8477608050E+01        -7.9812E-01        3.814E-05        115.601
9            -2.8477600538E+01        -7.9746E-01        1.435E-05        116.341
10           -2.8477597153E+01        -7.9682E-01        2.653E-05        117.011
11           -2.8477595373E+01        -7.9664E-01        3.140E-05        116.453
12           -2.8477594828E+01        -7.9700E-01        1.506E-05        116.363
13           -2.8477594071E+01        -7.9757E-01        8.554E-06        117.304
14           -2.8477594563E+01        -7.9699E-01        1.269E-05        116.485
15           -2.8477595110E+01        -7.9720E-01        6.730E-06        116.053
16           -2.8477595324E+01        -7.9700E-01        5.084E-06        114.999
17           -2.8477595517E+01        -7.9715E-01        8.603E-06        116.583
18           -2.8477594955E+01        -7.9683E-01        3.375E-06        116.636
19           -2.8477594841E+01        -7.9686E-01        1.788E-06        116.156
20           -2.8477594116E+01        -7.9684E-01        1.560E-06        115.914
21           -2.8477593748E+01        -7.9675E-01        2.633E-06        116.828
22           -2.8477593502E+01        -7.9682E-01        8.582E-07        115.843
Total number of SCF: 22    

k = [-0.250, -0.250, 0.000]
Occupation of state 213 = 0.000000000000000.
Occupation of state 237 = 0.000000000000000.
Exx outer loop error: 1.1434656827e-03 

No.8 Exx outer loop: 
1            -2.8477598756E+01        -8.0301E-01        3.323E-04        120.695
2            -2.8477605792E+01        -8.0069E-01        1.607E-04        115.783
3            -2.8477667090E+01        -8.1327E-01        4.528E-04        116.309
4            -2.8477627909E+01        -7.9444E-01        2.376E-04        116.430
5            -2.8477621843E+01        -7.9794E-01        9.052E-05        119.086
6            -2.8477613109E+01        -7.9857E-01        4.722E-05        116.838
7            -2.8477606592E+01        -7.9996E-01        1.740E-05        116.176
8            -2.8477602870E+01        -7.9935E-01        1.862E-05        115.832
9            -2.8477602198E+01        -7.9981E-01        9.426E-06        115.819
10           -2.8477601574E+01        -7.9979E-01        7.644E-06        116.120
11           -2.8477601375E+01        -7.9982E-01        4.568E-06        115.810
12           -2.8477599699E+01        -7.9984E-01        4.277E-06        115.813
13           -2.8477598413E+01        -7.9988E-01        3.739E-06        116.160
14           -2.8477597011E+01        -7.9984E-01        2.173E-06        115.662
15           -2.8477596132E+01        -7.9987E-01        1.840E-06        115.719
16           -2.8477595451E+01        -7.9986E-01        1.254E-06        115.675
17           -2.8477594836E+01        -7.9986E-01        9.137E-07        115.173
Total number of SCF: 17    

k = [-0.250, -0.250, 0.000]
Occupation of state 213 = 0.000000000000000.
Occupation of state 237 = 0.000000000000000.
Exx outer loop error: 8.0865298275e-04 

No.9 Exx outer loop: 
1            -2.8477597607E+01        -8.0507E-01        1.870E-04        120.337
2            -2.8477601653E+01        -8.0285E-01        8.107E-05        116.137
3            -2.8477625977E+01        -8.0805E-01        1.892E-04        117.225
4            -2.8477611765E+01        -8.0278E-01        3.131E-05        116.635
5            -2.8477617789E+01        -8.0294E-01        1.926E-05        116.268
6            -2.8477608270E+01        -8.0311E-01        1.127E-05        116.846
7            -2.8477604473E+01        -8.0327E-01        8.852E-06        116.440
8            -2.8477598979E+01        -8.0339E-01        4.055E-06        115.937
9            -2.8477598159E+01        -8.0329E-01        4.443E-06        116.179
10           -2.8477597627E+01        -8.0324E-01        4.480E-06        117.719
11           -2.8477596957E+01        -8.0328E-01        2.028E-06        117.452
12           -2.8477596684E+01        -8.0323E-01        2.388E-06        116.803
13           -2.8477596307E+01        -8.0324E-01        1.021E-06        116.215
14           -2.8477595699E+01        -8.0326E-01        9.247E-07        115.658
Total number of SCF: 14    

k = [-0.250, -0.250, 0.000]
Occupation of state 213 = 0.000000000000000.
Occupation of state 237 = 0.000000000000000.
Exx outer loop error: 1.2536899835e-04 

No.10 Exx outer loop: 
1            -2.8477597070E+01        -8.0581E-01        8.086E-05        121.145
2            -2.8477600163E+01        -8.0710E-01        7.558E-05        116.090
3            -2.8477612863E+01        -8.0428E-01        9.708E-05        117.165
4            -2.8477604904E+01        -8.0740E-01        8.127E-05        118.193
5            -2.8477614201E+01        -8.0664E-01        4.075E-05        115.955
6            -2.8477612915E+01        -8.0626E-01        2.496E-05        116.319
7            -2.8477609256E+01        -8.0624E-01        1.816E-05        115.789
8            -2.8477604310E+01        -8.0541E-01        2.523E-05        115.260
9            -2.8477599341E+01        -8.0535E-01        2.218E-05        115.803
10           -2.8477596218E+01        -8.0627E-01        1.487E-05        115.763
11           -2.8477597902E+01        -8.0631E-01        7.228E-06        115.754
12           -2.8477597930E+01        -8.0630E-01        4.654E-06        117.425
13           -2.8477597070E+01        -8.0626E-01        2.078E-06        116.383
14           -2.8477596242E+01        -8.0634E-01        2.774E-06        115.292
15           -2.8477595536E+01        -8.0630E-01        1.190E-06        115.948
16           -2.8477595528E+01        -8.0633E-01        9.671E-07        114.410
Total number of SCF: 16    

k = [-0.250, -0.250, 0.000]
Occupation of state 213 = 0.000000000000000.
Occupation of state 237 = 0.000000000000000.
Exx outer loop error: 1.7847880832e-04 

No.11 Exx outer loop: 
1            -2.8477596672E+01        -8.0975E-01        7.110E-05        120.066
2            -2.8477598289E+01        -8.0795E-01        3.384E-05        115.353
3            -2.8477607150E+01        -8.1229E-01        1.087E-04        116.851
4            -2.8477603011E+01        -8.0916E-01        2.298E-05        115.834
5            -2.8477605581E+01        -8.0940E-01        1.992E-05        116.176
6            -2.8477604052E+01        -8.0924E-01        1.376E-05        115.787
7            -2.8477601947E+01        -8.0922E-01        8.619E-06        115.739
8            -2.8477599022E+01        -8.0921E-01        4.146E-06        115.078
9            -2.8477597716E+01        -8.0926E-01        2.528E-06        115.839
10           -2.8477597187E+01        -8.0926E-01        2.309E-06        115.484
11           -2.8477596987E+01        -8.0926E-01        3.414E-06        117.226
12           -2.8477596793E+01        -8.0918E-01        1.425E-06        116.194
13           -2.8477596288E+01        -8.0917E-01        7.770E-07        115.428
Total number of SCF: 13    

k = [-0.250, -0.250, 0.000]
Occupation of state 213 = 0.000000000000000.
Occupation of state 237 = 0.000000000000000.
Exx outer loop error: 1.8684431022e-06 
====================================================================
                    Energy and force calculation                    
====================================================================
Free energy per atom               : -2.8477595121E+01 (Ha/atom)
Total free energy                  : -1.4523573511E+03 (Ha)
Band structure energy              : -3.7110875275E+02 (Ha)
Exchange correlation energy        : -1.6553994809E+02 (Ha)
Self and correction energy         : -1.9150663400E+03 (Ha)
Entropy*kb*T                       : -3.0754983743E-03 (Ha)
Fermi level                        : -1.6614461720E-01 (Ha)
RMS force                          :  1.9431669077E-02 (Ha/Bohr)
Maximum force                      :  1.0485110799E-01 (Ha/Bohr)
Time for force calculation         :  1.654 (sec)
***************************************************************************
                               Timing info                                 
***************************************************************************
Total walltime                     :  106646.414 sec
___________________________________________________________________________

***************************************************************************
*             Material Physics & Mechanics Group, Georgia Tech            *
*                       PI: Phanish Suryanarayana                         *
*                Main Developers: Qimen Xu, Abhiraj Sharma                *
*     Collaborators: J.E. Pask (LLNL), A.J. Medford (GT), E. Chow (GT)    *
*  Acknowledgements: U.S. DOE (DE-SC0019410); U.S. NSF (1333500,1553212)  *
***************************************************************************
                                                                           

***************************************************************************
*                       SPARC (version Mar 30, 2022)                      *
*   Copyright (c) 2020 Material Physics & Mechanics Group, Georgia Tech   *
*           Distributed under GNU General Public License 3 (GPL)          *
*                   Start time: Thu Mar 31 14:43:32 2022                  *
***************************************************************************
                           Input parameters                                
***************************************************************************
CELL: 12.4338823950489 11.2657846029438 47.5378507412217 
LATVEC:
1.000000000000000 0.000000000000000 0.000000000000000 
-0.000130020950961 0.999999991547276 0.000000000000000 
0.000000000000000 -0.000000000000000 1.000000000000000 
FD_GRID: 66 60 252
FD_ORDER: 12
BC: P P D
KPOINT_GRID: 4 4 1
KPOINT_SHIFT: 0 0 0
SPIN_TYP: 1
ELEC_TEMP_TYPE: Gaussian
SMEARING: 0.007349864435
CHEB_DEGREE: 37
NSTATES: 237
EXCHANGE_CORRELATION: HSE
CALC_STRESS: 0
CALC_PRES: 0
CHEFSI_BOUND_FLAG: 0
MAXIT_SCF: 100
MINIT_SCF: 3
MAXIT_POISSON: 3000
TOL_SCF: 1.00E-06
POISSON_SOLVER: AAR
TOL_POISSON: 1.00E-08
TOL_LANCZOS: 1.00E-02
TOL_PSEUDOCHARGE: 1.00E-08
MIXING_VARIABLE: density
MIXING_PRECOND: kerker
MIXING_PRECOND_MAG: none
TOL_PRECOND: 3.54E-05
PRECOND_KERKER_KTF: 1
PRECOND_KERKER_THRESH: 0.1
MIXING_PARAMETER: 0.3
MIXING_PARAMETER_MAG: 0.3
MIXING_HISTORY: 7
PULAY_FREQUENCY: 1
PULAY_RESTART: 0
REFERENCE_CUTOFF: 0.5
RHO_TRIGGER: 4
FIX_RAND: 0
VERBOSITY: 1
PRINT_FORCES: 1
PRINT_ATOMS: 1
PRINT_EIGEN: 1
PRINT_DENSITY: 0
PRINT_ENERGY_DENSITY: 0
TOL_FOCK: 5.00E-05
TOL_SCF_INIT: 1.00E-04
MAXIT_FOCK: 20
EXX_METHOD: FOURIER_SPACE
EXX_DIVERGENCE: AUXILIARY
ACE_FLAG: 1
EXX_ACE_MEM: 1
EXX_ACE_VALENCE_STATES: 10000
EXX_DOWNSAMPLING: 1 1 1
EXX_RANGE_FOCK: 0.106000
EXX_RANGE_PBE: 0.106000
OUTPUT_FILE: sprc-calc
***************************************************************************
                                Cell                                       
***************************************************************************
Lattice vectors (Bohr):
12.433882395048860 0.000000000000000 0.000000000000000 
-0.001464788027397 11.265784507717260 0.000000000000000 
0.000000000000000 -0.000000000000000 47.537850741221725 
Volume                  :  6.6589804186E+03 (Bohr^3)
***************************************************************************
                           Parallelization                                 
***************************************************************************
NP_SPIN_PARAL: 2
NP_KPOINT_PARAL: 10
NP_BAND_PARAL: 1
NP_DOMAIN_PARAL: 2 1 8
NP_DOMAIN_PHI_PARAL: 4 4 21
EIG_SERIAL_MAXNS: 1500
***************************************************************************
                             Initialization                                
***************************************************************************
Number of processors               :  336
Mesh spacing in x-direction        :  0.188392 (Bohr)
Mesh spacing in y-direction        :  0.187763 (Bohr)
Mesh spacing in z direction        :  0.188642 (Bohr)
Number of symmetry adapted k-points:  10
Output printed to                  :  sprc-calc.out_01
Final eigenvalues printed to       :  sprc-calc.eigen_01
Total number of atom types         :  5
Total number of atoms              :  51
Total number of electrons          :  389
Atom type 1  (valence electrons)   :  C 4
Pseudopotential                    :  C.psp8
Pseudocharge radii of atom type 1  :  6.78 6.76 6.79 (x, y, z dir)
Number of atoms of type 1          :  1
Atom type 2  (valence electrons)   :  H 1
Pseudopotential                    :  H.psp8
Pseudocharge radii of atom type 2  :  3.77 3.76 3.77 (x, y, z dir)
Number of atoms of type 2          :  2
Atom type 3  (valence electrons)   :  N 5
Pseudopotential                    :  N.psp8
Pseudocharge radii of atom type 3  :  6.78 6.76 6.79 (x, y, z dir)
Number of atoms of type 3          :  1
Atom type 4  (valence electrons)   :  O 6
Pseudopotential                    :  O.psp8
Pseudocharge radii of atom type 4  :  6.78 6.76 6.79 (x, y, z dir)
Number of atoms of type 4          :  31
Atom type 5  (valence electrons)   :  Ti 12
Pseudopotential                    :  Ti.psp8
Pseudocharge radii of atom type 5  :  6.78 6.76 6.79 (x, y, z dir)
Number of atoms of type 5          :  16
Estimated total memory usage       :  445.40 GB
Estimated memory per processor     :  1.33 GB
========================================================================================
                    Self Consistent Field (SCF#1)                     
========================================================================================
Iteration     Free Energy (Ha/atom)    Magnetization     SCF Error        Timing (sec)
1            -2.8584166165E+01         3.8922E+00        4.515E-01        290.852
2            -3.0178658657E+01        -9.1948E-01        4.293E-01        72.935
3            -2.9334327356E+01         1.0287E+01        3.436E-01        73.365
4            -2.8829644962E+01         8.1773E+00        3.126E-01        73.681
5            -2.9041088935E+01         1.3488E+01        2.139E-01        73.824
6            -2.9094416108E+01         1.1788E+01        1.833E-01        73.738
7            -2.9096311736E+01         9.5760E+00        1.476E-01        73.208
8            -2.9112373423E+01         7.5721E+00        1.222E-01        73.093
9            -2.9088025406E+01         3.0503E+00        1.030E-01        73.012
10           -2.9081593561E+01         8.2755E+00        9.767E-02        72.964
11           -2.9029352617E+01         8.5253E-01        8.515E-02        73.202
12           -2.8993749426E+01         2.4680E+00        6.376E-02        73.100
13           -2.8967740605E+01         1.2604E-01        7.503E-02        73.245
14           -2.8969587198E+01        -1.4362E-01        7.744E-02        73.167
15           -2.8967349453E+01        -1.9113E-01        7.978E-02        73.284
16           -2.8956210807E+01        -1.2867E-01        7.679E-02        79.093
17           -2.8918985652E+01        -2.3426E-01        7.292E-02        73.333
18           -2.8911527852E+01         7.3578E-01        7.405E-02        73.230
19           -2.8902971837E+01         1.3699E+00        7.183E-02        73.181
20           -2.8905798166E+01         9.8959E-01        7.692E-02        74.529
21           -2.8879920876E+01         1.0142E+00        6.919E-02        79.765
22           -2.8848926106E+01         3.9902E+00        6.166E-02        77.788
23           -2.8836286876E+01         9.8175E-01        5.745E-02        73.531
24           -2.8818831547E+01        -1.2940E-01        4.668E-02        73.334
25           -2.8808062013E+01         4.9535E-01        3.590E-02        73.390
26           -2.8786255926E+01         5.7312E-01        2.922E-02        73.512
27           -2.8770425228E+01         8.8597E-01        2.744E-02        73.782
28           -2.8750724203E+01         2.6121E-01        2.537E-02        73.447
29           -2.8746629430E+01        -4.5557E-01        2.251E-02        73.547
30           -2.8735203756E+01         1.3335E-01        2.420E-02        74.962
31           -2.8721183385E+01         2.0845E-01        1.806E-02        73.640
32           -2.8715357109E+01         8.0553E-03        1.973E-02        73.490
33           -2.8709313786E+01        -8.7037E-02        1.664E-02        73.466
34           -2.8701737603E+01        -2.5034E-01        1.479E-02        73.412
35           -2.8694868723E+01        -3.4006E-01        1.164E-02        73.614
36           -2.8688279342E+01        -2.7304E-01        8.752E-03        73.499
37           -2.8687376811E+01        -3.3074E-01        7.759E-03        73.280
38           -2.8681073786E+01        -1.9165E-01        6.368E-03        73.142
39           -2.8681616991E+01        -1.5810E-01        5.276E-03        73.097
40           -2.8681610500E+01        -1.4847E-01        4.495E-03        73.197
41           -2.8681666683E+01        -1.6043E-01        3.766E-03        73.300
42           -2.8680544451E+01        -1.5443E-01        2.975E-03        73.470
43           -2.8679405676E+01        -1.3748E-01        1.769E-03        73.160
44           -2.8678966281E+01        -1.2357E-01        1.393E-03        73.390
45           -2.8678205934E+01        -1.0282E-01        1.049E-03        75.745
46           -2.8677928677E+01        -8.5182E-02        1.415E-03        81.854
47           -2.8677794828E+01        -8.8547E-02        6.173E-04        81.144
48           -2.8677518019E+01        -8.6642E-02        8.798E-04        85.327
49           -2.8677450422E+01        -7.9981E-02        2.997E-04        85.315
50           -2.8677415484E+01        -8.2314E-02        2.416E-04        121.630
51           -2.8677309396E+01        -8.5515E-02        1.321E-04        89.132
52           -2.8677276437E+01        -8.7090E-02        1.355E-04        106.567
53           -2.8677257608E+01        -9.1841E-02        1.934E-04        108.433
54           -2.8677254826E+01        -9.3515E-02        5.338E-05        89.275
Total number of SCF: 54    

k = [-0.250, -0.250, 0.000]
Occupation of state 213 = 0.000000000005648.
Occupation of state 237 = 0.000000000000000.

No.1 Exx outer loop: 
1            -2.8475761015E+01        -2.3449E-01        1.386E-02        117.423
2            -2.8467481994E+01        -1.8918E-01        1.364E-02        122.044
3            -2.8469707353E+01        -2.1871E-01        1.068E-02        120.171
4            -2.8473660033E+01        -1.9940E-01        7.683E-03        122.152
5            -2.8476744175E+01        -1.8240E-01        6.065E-03        134.944
6            -2.8478234242E+01        -1.8220E-01        4.715E-03        136.243
7            -2.8478034538E+01        -2.0709E-01        2.603E-03        136.025
8            -2.8477680134E+01        -2.5507E-01        1.299E-03        120.955
9            -2.8477874607E+01        -2.6835E-01        9.148E-04        113.606
10           -2.8477781239E+01        -2.7283E-01        6.384E-04        113.606
11           -2.8477790497E+01        -3.7069E-01        2.914E-03        115.683
12           -2.8477645576E+01        -3.4373E-01        1.711E-03        133.991
13           -2.8477594046E+01        -3.4116E-01        1.267E-03        113.503
14           -2.8477533850E+01        -3.5799E-01        6.654E-04        113.430
15           -2.8477495301E+01        -3.0536E-01        1.559E-03        115.021
16           -2.8477410248E+01        -3.1515E-01        1.026E-03        113.420
17           -2.8477402898E+01        -3.3116E-01        3.385E-04        113.501
18           -2.8477386979E+01        -3.2959E-01        5.529E-04        114.171
19           -2.8477362285E+01        -3.2897E-01        4.709E-04        124.284
20           -2.8477346135E+01        -3.2811E-01        4.096E-04        119.364
21           -2.8477308364E+01        -3.2885E-01        2.775E-04        121.163
22           -2.8477267904E+01        -3.2831E-01        1.501E-04        135.826
23           -2.8477227929E+01        -3.2724E-01        3.730E-05        123.938
24           -2.8477220711E+01        -3.2709E-01        2.832E-05        129.693
25           -2.8477218326E+01        -3.2730E-01        1.868E-05        121.829
26           -2.8477212138E+01        -3.2741E-01        1.125E-05        113.254
27           -2.8477211746E+01        -3.2754E-01        8.858E-06        113.338
28           -2.8477211698E+01        -3.2768E-01        5.577E-06        113.416
29           -2.8477211593E+01        -3.2771E-01        3.944E-06        113.434
30           -2.8477209803E+01        -3.2771E-01        2.770E-06        114.669
31           -2.8477209692E+01        -3.2777E-01        1.827E-06        113.502
32           -2.8477209432E+01        -3.2783E-01        1.282E-06        113.467
33           -2.8477209580E+01        -3.2784E-01        1.664E-06        113.627
34           -2.8477209221E+01        -3.2785E-01        6.946E-07        113.581
Total number of SCF: 34    

k = [-0.250, -0.250, 0.000]
Occupation of state 213 = 0.000000000000002.
Occupation of state 237 = 0.000000000000000.
Exx outer loop error: 6.4449185552e-01 

No.2 Exx outer loop: 
1            -2.8477542296E+01        -6.1704E-01        3.934E-03        117.410
2            -2.8477303769E+01        -5.6019E-01        2.347E-03        114.295
3            -2.8477626857E+01        -7.4727E-01        4.547E-03        114.445
4            -2.8478144678E+01        -6.7786E-01        1.983E-03        114.854
5            -2.8477922625E+01        -5.9455E-01        1.252E-03        113.774
6            -2.8478069545E+01        -6.1107E-01        7.317E-04        113.864
7            -2.8477943563E+01        -5.9598E-01        7.510E-04        114.022
8            -2.8477827771E+01        -6.1998E-01        3.912E-04        113.329
9            -2.8477696697E+01        -6.1675E-01        2.261E-04        113.285
10           -2.8477622388E+01        -6.0991E-01        1.587E-04        113.452
11           -2.8477605807E+01        -6.2173E-01        1.945E-04        118.472
12           -2.8477581377E+01        -6.1376E-01        8.279E-05        113.889
13           -2.8477546291E+01        -6.1365E-01        7.235E-05        113.353
14           -2.8477528629E+01        -6.1354E-01        5.856E-05        113.780
15           -2.8477509182E+01        -6.1463E-01        2.267E-05        130.701
16           -2.8477507729E+01        -6.1420E-01        1.896E-05        113.499
17           -2.8477496093E+01        -6.1408E-01        1.088E-05        113.327
18           -2.8477492121E+01        -6.1416E-01        7.940E-06        113.304
19           -2.8477489699E+01        -6.1376E-01        9.805E-06        115.358
20           -2.8477487508E+01        -6.1385E-01        5.497E-06        113.085
21           -2.8477488070E+01        -6.1359E-01        8.695E-06        113.208
22           -2.8477488603E+01        -6.1343E-01        9.121E-06        113.176
23           -2.8477487573E+01        -6.1361E-01        5.159E-06        113.384
24           -2.8477486855E+01        -6.1359E-01        5.252E-06        113.251
25           -2.8477487559E+01        -6.1342E-01        8.303E-06        113.224
26           -2.8477487753E+01        -6.1350E-01        8.318E-06        113.145
27           -2.8477487796E+01        -6.1377E-01        4.088E-06        124.346
28           -2.8477487814E+01        -6.1380E-01        3.081E-06        116.388
29           -2.8477488324E+01        -6.1348E-01        8.459E-06        115.483
30           -2.8477488842E+01        -6.1358E-01        6.493E-06        115.666
31           -2.8477489162E+01        -6.1375E-01        3.287E-06        141.277
32           -2.8477489110E+01        -6.1382E-01        1.706E-06        113.180
33           -2.8477488856E+01        -6.1383E-01        1.782E-06        113.416
34           -2.8477488629E+01        -6.1384E-01        8.870E-07        112.793
Total number of SCF: 34    

k = [-0.250, -0.250, 0.000]
Occupation of state 213 = 0.000000000000000.
Occupation of state 237 = 0.000000000000000.
Exx outer loop error: 1.3533536439e-02 

No.3 Exx outer loop: 
1            -2.8477587678E+01        -8.4422E-01        4.217E-03        117.377
2            -2.8477878355E+01        -7.4469E-01        1.466E-03        113.149
3            -2.8478925238E+01        -9.5664E-01        6.954E-03        113.173
4            -2.8478816312E+01        -9.5273E-01        6.675E-03        113.243
5            -2.8479254747E+01        -9.6196E-01        7.668E-03        113.256
6            -2.8477958095E+01        -7.7889E-01        1.523E-03        113.363
7            -2.8478152843E+01        -8.4109E-01        1.993E-03        113.375
8            -2.8478213704E+01        -7.9986E-01        9.612E-04        114.625
9            -2.8478138910E+01        -7.7356E-01        4.938E-04        113.519
10           -2.8477976901E+01        -7.7581E-01        4.390E-04        113.315
11           -2.8477938503E+01        -7.6052E-01        2.559E-04        113.528
12           -2.8477770009E+01        -7.5064E-01        1.997E-04        113.430
13           -2.8477687638E+01        -7.4482E-01        1.964E-04        113.484
14           -2.8477636819E+01        -7.6050E-01        4.253E-04        113.287
15           -2.8477605378E+01        -7.5440E-01        3.102E-04        113.350
16           -2.8477602788E+01        -7.5412E-01        2.583E-04        113.520
17           -2.8477581059E+01        -7.6053E-01        2.778E-04        113.246
18           -2.8477582254E+01        -7.6424E-01        3.086E-04        113.331
19           -2.8477584089E+01        -7.6734E-01        3.707E-04        121.660
20           -2.8477557189E+01        -7.5093E-01        4.295E-05        119.414
21           -2.8477546238E+01        -7.5215E-01        2.379E-05        115.048
22           -2.8477536030E+01        -7.4634E-01        1.398E-04        115.141
23           -2.8477544323E+01        -7.5246E-01        2.142E-05        139.668
24           -2.8477538634E+01        -7.5179E-01        2.101E-05        124.735
25           -2.8477537160E+01        -7.5162E-01        2.523E-05        122.129
26           -2.8477535352E+01        -7.5150E-01        2.746E-05        118.707
27           -2.8477533968E+01        -7.5172E-01        1.588E-05        127.921
28           -2.8477532698E+01        -7.5190E-01        7.836E-06        125.463
29           -2.8477531419E+01        -7.5199E-01        3.750E-06        124.113
30           -2.8477531334E+01        -7.5206E-01        2.761E-06        145.487
31           -2.8477530697E+01        -7.5208E-01        1.653E-06        138.721
32           -2.8477530296E+01        -7.5209E-01        7.945E-07        130.585
Total number of SCF: 32    

k = [-0.250, -0.250, 0.000]
Occupation of state 213 = 0.000000000000000.
Occupation of state 237 = 0.000000000000000.
Exx outer loop error: 7.4281395982e-03 

No.4 Exx outer loop: 
1            -2.8477581111E+01        -8.4809E-01        2.806E-03        117.358
2            -2.8477704345E+01        -7.7978E-01        8.376E-04        113.197
3            -2.8477680235E+01        -8.1399E-01        6.923E-04        113.170
4            -2.8477775822E+01        -8.6343E-01        9.527E-04        113.166
5            -2.8477720125E+01        -7.7389E-01        8.978E-04        113.228
6            -2.8477754783E+01        -8.3693E-01        7.616E-04        113.323
7            -2.8477686872E+01        -7.8175E-01        3.035E-04        113.202
8            -2.8477731412E+01        -8.4424E-01        9.894E-04        113.243
9            -2.8477657919E+01        -8.0775E-01        3.112E-04        113.096
10           -2.8477640652E+01        -7.9086E-01        1.074E-04        113.004
11           -2.8477630844E+01        -7.9442E-01        6.935E-05        113.037
12           -2.8477609269E+01        -7.8949E-01        1.064E-04        113.079
13           -2.8477583358E+01        -7.8638E-01        1.344E-04        113.431
14           -2.8477570879E+01        -7.8648E-01        8.465E-05        114.861
15           -2.8477564206E+01        -7.8616E-01        3.616E-05        112.925
16           -2.8477558952E+01        -7.8659E-01        1.197E-05        113.132
17           -2.8477554157E+01        -7.8649E-01        7.625E-06        113.006
18           -2.8477552737E+01        -7.8659E-01        6.709E-06        112.974
19           -2.8477551010E+01        -7.8646E-01        4.254E-06        112.941
20           -2.8477550330E+01        -7.8634E-01        4.073E-06        112.926
21           -2.8477548772E+01        -7.8629E-01        2.222E-06        112.786
22           -2.8477548411E+01        -7.8633E-01        2.587E-06        113.030
23           -2.8477548291E+01        -7.8633E-01        2.208E-06        112.972
24           -2.8477548132E+01        -7.8628E-01        1.235E-06        113.082
25           -2.8477547866E+01        -7.8629E-01        8.701E-07        112.683
Total number of SCF: 25    

k = [-0.250, -0.250, 0.000]
Occupation of state 213 = 0.000000000000000.
Occupation of state 237 = 0.000000000000000.
Exx outer loop error: 4.9876235792e-03 

No.5 Exx outer loop: 
1            -2.8477575531E+01        -8.2146E-01        1.768E-03        116.554
2            -2.8477613089E+01        -7.8560E-01        6.033E-04        128.285
3            -2.8477627897E+01        -8.0346E-01        5.411E-04        112.316
4            -2.8477653627E+01        -7.9397E-01        1.926E-04        112.336
5            -2.8477572631E+01        -7.9289E-01        7.796E-05        112.152
6            -2.8477576002E+01        -7.9216E-01        5.120E-05        112.092
7            -2.8477567754E+01        -7.9327E-01        3.192E-05        112.155
8            -2.8477566426E+01        -7.9367E-01        1.583E-05        112.162
9            -2.8477563624E+01        -7.9370E-01        1.361E-05        112.064
10           -2.8477560452E+01        -7.9380E-01        1.191E-05        113.060
11           -2.8477557275E+01        -7.9437E-01        1.441E-05        113.155
12           -2.8477557560E+01        -7.9414E-01        7.521E-06        114.626
13           -2.8477555753E+01        -7.9422E-01        5.435E-06        112.608
14           -2.8477554907E+01        -7.9441E-01        3.910E-06        112.029
15           -2.8477554501E+01        -7.9436E-01        2.016E-06        111.976
16           -2.8477554697E+01        -7.9443E-01        2.135E-06        111.894
17           -2.8477554717E+01        -7.9431E-01        1.917E-06        112.001
18           -2.8477554721E+01        -7.9447E-01        2.805E-06        122.882
19           -2.8477554909E+01        -7.9445E-01        1.918E-06        118.011
20           -2.8477554815E+01        -7.9430E-01        2.343E-06        113.361
21           -2.8477554951E+01        -7.9433E-01        1.205E-06        134.110
22           -2.8477554938E+01        -7.9437E-01        4.317E-07        127.825
Total number of SCF: 22    

k = [-0.250, -0.250, 0.000]
Occupation of state 213 = 0.000000000000000.
Occupation of state 237 = 0.000000000000000.
Exx outer loop error: 2.8221345688e-03 

No.6 Exx outer loop: 
1            -2.8477571176E+01        -8.0902E-01        1.084E-03        116.441
2            -2.8477585816E+01        -7.9369E-01        4.238E-04        112.303
3            -2.8477659134E+01        -7.6766E-01        7.535E-04        112.141
4            -2.8477685192E+01        -7.8720E-01        2.212E-04        112.240
5            -2.8477687475E+01        -7.9934E-01        1.423E-04        112.198
6            -2.8477645019E+01        -8.0049E-01        1.383E-04        112.274
7            -2.8477638280E+01        -8.0845E-01        2.392E-04        112.159
8            -2.8477619186E+01        -7.9850E-01        5.717E-05        112.055
9            -2.8477607836E+01        -7.9612E-01        1.185E-04        112.101
10           -2.8477601543E+01        -7.9682E-01        8.230E-05        112.139
11           -2.8477595907E+01        -7.9714E-01        5.685E-05        112.281
12           -2.8477595303E+01        -7.9958E-01        3.794E-05        113.316
13           -2.8477583452E+01        -7.9829E-01        2.807E-05        114.174
14           -2.8477570715E+01        -7.9762E-01        1.212E-05        112.577
15           -2.8477566507E+01        -7.9722E-01        7.480E-06        112.600
16           -2.8477562449E+01        -7.9662E-01        8.216E-06        112.262
17           -2.8477562206E+01        -7.9653E-01        5.140E-06        112.049
18           -2.8477561491E+01        -7.9630E-01        7.066E-06        112.117
19           -2.8477561814E+01        -7.9640E-01        1.984E-06        112.294
20           -2.8477560642E+01        -7.9638E-01        1.669E-06        111.949
21           -2.8477560281E+01        -7.9638E-01        1.760E-06        114.297
22           -2.8477559819E+01        -7.9636E-01        1.388E-06        112.696
23           -2.8477559500E+01        -7.9633E-01        7.209E-07        112.409
Total number of SCF: 23    

k = [-0.250, -0.250, 0.000]
Occupation of state 213 = 0.000000000000000.
Occupation of state 237 = 0.000000000000000.
Exx outer loop error: 2.5002771157e-03 

No.7 Exx outer loop: 
1            -2.8477569127E+01        -8.0681E-01        6.465E-04        119.847
2            -2.8477578309E+01        -7.9636E-01        2.561E-04        114.144
3            -2.8477656866E+01        -8.3052E-01        7.129E-04        133.852
4            -2.8477649805E+01        -7.8989E-01        6.154E-04        115.267
5            -2.8477665216E+01        -8.0071E-01        2.696E-04        112.564
6            -2.8477693515E+01        -7.9936E-01        2.479E-04        114.750
7            -2.8477708973E+01        -8.0051E-01        3.520E-04        113.010
8            -2.8477654661E+01        -8.1858E-01        4.236E-04        112.185
9            -2.8477601586E+01        -7.9891E-01        9.900E-05        113.000
10           -2.8477596227E+01        -7.9989E-01        7.902E-05        112.133
11           -2.8477594181E+01        -7.9958E-01        6.413E-05        112.423
12           -2.8477588897E+01        -7.9958E-01        4.187E-05        112.156
13           -2.8477584368E+01        -8.0011E-01        3.329E-05        114.349
14           -2.8477577948E+01        -7.9871E-01        1.676E-05        114.325
15           -2.8477575036E+01        -7.9873E-01        1.214E-05        112.397
16           -2.8477571753E+01        -7.9846E-01        6.590E-06        112.231
17           -2.8477568381E+01        -7.9841E-01        5.026E-06        112.422
18           -2.8477564680E+01        -7.9841E-01        4.065E-06        112.252
19           -2.8477563059E+01        -7.9833E-01        4.457E-06        112.053
20           -2.8477562776E+01        -7.9837E-01        1.532E-06        112.011
21           -2.8477562274E+01        -7.9835E-01        1.400E-06        112.098
22           -2.8477562034E+01        -7.9834E-01        1.052E-06        112.270
23           -2.8477561474E+01        -7.9833E-01        7.196E-07        111.889
Total number of SCF: 23    

k = [-0.250, -0.250, 0.000]
Occupation of state 213 = 0.000000000000000.
Occupation of state 237 = 0.000000000000000.
Exx outer loop error: 1.2743280064e-03 

No.8 Exx outer loop: 
1            -2.8477566760E+01        -8.0624E-01        3.616E-04        116.749
2            -2.8477573278E+01        -8.0007E-01        1.397E-04        119.462
3            -2.8477588552E+01        -8.0355E-01        1.331E-04        112.410
4            -2.8477594199E+01        -8.0203E-01        5.355E-05        112.229
5            -2.8477592318E+01        -8.0146E-01        2.183E-05        112.241
6            -2.8477581645E+01        -8.0145E-01        1.651E-05        112.818
7            -2.8477570391E+01        -8.0077E-01        1.971E-05        119.504
8            -2.8477566606E+01        -8.0096E-01        5.898E-06        112.366
9            -2.8477564545E+01        -8.0098E-01        5.129E-06        112.004
10           -2.8477564679E+01        -8.0127E-01        7.703E-06        112.213
11           -2.8477563070E+01        -8.0121E-01        2.400E-06        112.116
12           -2.8477562536E+01        -8.0139E-01        3.487E-06        118.482
13           -2.8477562242E+01        -8.0135E-01        1.105E-06        115.731
14           -2.8477561881E+01        -8.0130E-01        1.437E-06        121.584
15           -2.8477561737E+01        -8.0133E-01        5.916E-07        122.899
Total number of SCF: 15    

k = [-0.250, -0.250, 0.000]
Occupation of state 213 = 0.000000000000000.
Occupation of state 237 = 0.000000000000000.
Exx outer loop error: 3.6012535239e-04 

No.9 Exx outer loop: 
1            -2.8477564417E+01        -8.0721E-01        2.034E-04        116.486
2            -2.8477569353E+01        -8.0367E-01        7.599E-05        112.283
3            -2.8477579002E+01        -8.0521E-01        5.115E-05        120.442
4            -2.8477569919E+01        -8.0598E-01        5.448E-05        112.195
5            -2.8477574121E+01        -8.0466E-01        1.103E-05        112.413
6            -2.8477565512E+01        -8.0427E-01        1.315E-05        112.271
7            -2.8477561863E+01        -8.0463E-01        5.194E-06        113.354
8            -2.8477562125E+01        -8.0462E-01        2.539E-06        112.501
9            -2.8477562422E+01        -8.0451E-01        4.666E-06        112.191
10           -2.8477562482E+01        -8.0465E-01        2.611E-06        112.281
11           -2.8477562463E+01        -8.0455E-01        1.243E-06        112.248
12           -2.8477562324E+01        -8.0461E-01        2.159E-06        112.390
13           -2.8477562257E+01        -8.0459E-01        7.230E-07        118.494
Total number of SCF: 13    

k = [-0.250, -0.250, 0.000]
Occupation of state 213 = 0.000000000000000.
Occupation of state 237 = 0.000000000000000.
Exx outer loop error: 4.9639037845e-04 

No.10 Exx outer loop: 
1            -2.8477563730E+01        -8.0846E-01        1.066E-04        117.414
2            -2.8477566368E+01        -8.0694E-01        4.404E-05        113.381
3            -2.8477566803E+01        -8.0286E-01        1.053E-04        112.481
4            -2.8477570882E+01        -8.0590E-01        3.916E-05        123.440
5            -2.8477574647E+01        -8.0449E-01        8.485E-05        117.839
6            -2.8477572774E+01        -8.0687E-01        2.672E-05        124.486
7            -2.8477577565E+01        -8.0672E-01        3.313E-05        132.647
8            -2.8477574476E+01        -8.0765E-01        1.687E-05        128.689
9            -2.8477567170E+01        -8.0756E-01        1.943E-05        141.302
10           -2.8477565265E+01        -8.0757E-01        1.281E-05        139.469
11           -2.8477564120E+01        -8.0758E-01        4.508E-06        112.421
12           -2.8477563495E+01        -8.0767E-01        3.313E-06        121.881
13           -2.8477563605E+01        -8.0760E-01        1.353E-06        116.108
14           -2.8477563048E+01        -8.0764E-01        1.548E-06        120.859
15           -2.8477562877E+01        -8.0765E-01        1.494E-06        115.791
16           -2.8477562851E+01        -8.0760E-01        1.205E-06        145.303
17           -2.8477562719E+01        -8.0759E-01        1.421E-06        129.183
18           -2.8477562480E+01        -8.0763E-01        9.078E-07        132.855
Total number of SCF: 18    

k = [-0.250, -0.250, 0.000]
Occupation of state 213 = 0.000000000000000.
Occupation of state 237 = 0.000000000000000.
Exx outer loop error: 8.3967397742e-05 

No.11 Exx outer loop: 
1            -2.8477563418E+01        -8.1003E-01        5.100E-05        116.612
2            -2.8477565346E+01        -8.1023E-01        3.563E-05        112.852
3            -2.8477573580E+01        -8.1230E-01        8.475E-05        112.533
4            -2.8477577950E+01        -8.1089E-01        2.171E-05        112.383
5            -2.8477575912E+01        -8.1019E-01        1.248E-05        114.131
6            -2.8477572820E+01        -8.1007E-01        1.969E-05        114.913
7            -2.8477569634E+01        -8.1032E-01        9.671E-06        115.303
8            -2.8477566426E+01        -8.1036E-01        3.500E-06        117.920
9            -2.8477564608E+01        -8.1032E-01        2.590E-06        114.461
10           -2.8477564058E+01        -8.1033E-01        1.701E-06        116.261
11           -2.8477563565E+01        -8.1033E-01        1.557E-06        112.055
12           -2.8477562889E+01        -8.1035E-01        9.767E-07        112.400
Total number of SCF: 12    

k = [-0.250, -0.250, 0.000]
Occupation of state 213 = 0.000000000000000.
Occupation of state 237 = 0.000000000000000.
Exx outer loop error: 5.8211140391e-04 

No.12 Exx outer loop: 
1            -2.8477563343E+01        -8.1163E-01        2.634E-05        127.223
2            -2.8477564018E+01        -8.1292E-01        3.884E-05        117.736
3            -2.8477564598E+01        -8.1241E-01        1.347E-05        123.444
4            -2.8477565079E+01        -8.1246E-01        9.407E-06        139.942
5            -2.8477565703E+01        -8.1265E-01        6.506E-06        129.685
6            -2.8477564879E+01        -8.1268E-01        3.367E-06        141.177
7            -2.8477564637E+01        -8.1272E-01        2.273E-06        112.414
8            -2.8477563683E+01        -8.1272E-01        2.133E-06        136.261
9            -2.8477563016E+01        -8.1268E-01        2.167E-06        112.091
10           -2.8477562670E+01        -8.1269E-01        1.301E-06        112.054
11           -2.8477562614E+01        -8.1264E-01        2.296E-06        112.166
12           -2.8477562656E+01        -8.1265E-01        1.439E-06        111.946
13           -2.8477562716E+01        -8.1269E-01        7.512E-07        111.761
Total number of SCF: 13    

k = [-0.250, -0.250, 0.000]
Occupation of state 213 = 0.000000000000000.
Occupation of state 237 = 0.000000000000000.
Exx outer loop error: 2.5284974092e-04 

No.13 Exx outer loop: 
1            -2.8477563842E+01        -8.1516E-01        3.866E-05        116.704
2            -2.8477563822E+01        -8.1362E-01        3.360E-05        112.615
3            -2.8477565377E+01        -8.1469E-01        1.318E-05        112.588
4            -2.8477565307E+01        -8.1499E-01        1.324E-05        112.567
5            -2.8477565450E+01        -8.1511E-01        4.175E-06        112.595
6            -2.8477564701E+01        -8.1486E-01        7.032E-06        112.841
7            -2.8477564540E+01        -8.1484E-01        6.112E-06        112.800
8            -2.8477563651E+01        -8.1494E-01        2.487E-06        112.551
9            -2.8477563644E+01        -8.1499E-01        4.044E-06        114.149
10           -2.8477563741E+01        -8.1496E-01        2.891E-06        129.411
11           -2.8477563826E+01        -8.1492E-01        1.819E-06        112.856
12           -2.8477563748E+01        -8.1491E-01        1.596E-06        129.522
13           -2.8477563152E+01        -8.1479E-01        3.826E-06        128.172
14           -2.8477562703E+01        -8.1481E-01        2.746E-06        112.115
15           -2.8477562721E+01        -8.1482E-01        2.835E-06        112.243
16           -2.8477562740E+01        -8.1486E-01        2.022E-06        112.359
17           -2.8477562633E+01        -8.1488E-01        1.306E-06        112.432
18           -2.8477562586E+01        -8.1486E-01        1.459E-06        115.806
19           -2.8477562601E+01        -8.1484E-01        1.847E-06        128.231
20           -2.8477562639E+01        -8.1486E-01        1.348E-06        112.221
21           -2.8477562379E+01        -8.1486E-01        7.713E-07        111.931
Total number of SCF: 21    

k = [-0.250, -0.250, 0.000]
Occupation of state 213 = 0.000000000000000.
Occupation of state 237 = 0.000000000000000.
Exx outer loop error: 6.7380029205e-05 

No.14 Exx outer loop: 
1            -2.8477562722E+01        -8.1647E-01        1.756E-05        117.208
2            -2.8477562944E+01        -8.1621E-01        1.338E-05        119.153
3            -2.8477577970E+01        -8.2096E-01        1.671E-04        124.835
4            -2.8477579908E+01        -8.2137E-01        1.829E-04        124.129
5            -2.8477569665E+01        -8.1852E-01        7.861E-05        130.266
6            -2.8477563127E+01        -8.1645E-01        7.629E-06        146.300
7            -2.8477563814E+01        -8.1673E-01        6.627E-06        142.660
8            -2.8477563508E+01        -8.1676E-01        3.300E-06        112.366
9            -2.8477563158E+01        -8.1674E-01        1.323E-06        112.075
10           -2.8477562919E+01        -8.1676E-01        1.400E-06        112.492
11           -2.8477562691E+01        -8.1678E-01        8.538E-07        112.048
Total number of SCF: 11    

k = [-0.250, -0.250, 0.000]
Occupation of state 213 = 0.000000000000000.
Occupation of state 237 = 0.000000000000000.
Exx outer loop error: 2.5095377707e-04 

No.15 Exx outer loop: 
1            -2.8477563004E+01        -8.1787E-01        1.273E-05        116.885
2            -2.8477563023E+01        -8.1814E-01        1.056E-05        112.142
3            -2.8477564303E+01        -8.1863E-01        1.016E-05        112.815
4            -2.8477563570E+01        -8.1843E-01        2.789E-06        112.079
5            -2.8477563387E+01        -8.1846E-01        1.906E-06        112.137
6            -2.8477563123E+01        -8.1844E-01        2.062E-06        112.574
7            -2.8477563053E+01        -8.1846E-01        8.381E-07        113.475
Total number of SCF: 7     

k = [-0.250, -0.250, 0.000]
Occupation of state 213 = 0.000000000000000.
Occupation of state 237 = 0.000000000000000.
Exx outer loop error: 1.1931180570e-04 

No.16 Exx outer loop: 
1            -2.8477563465E+01        -8.1915E-01        1.881E-05        117.930
2            -2.8477563366E+01        -8.1991E-01        1.869E-05        121.221
3            -2.8477563371E+01        -8.2009E-01        6.711E-06        120.360
4            -2.8477563175E+01        -8.1993E-01        1.324E-06        123.680
5            -2.8477563142E+01        -8.1990E-01        1.746E-06        129.348
6            -2.8477563047E+01        -8.1989E-01        1.797E-06        137.563
7            -2.8477562971E+01        -8.1994E-01        8.962E-07        138.360
Total number of SCF: 7     

k = [-0.250, -0.250, 0.000]
Occupation of state 213 = 0.000000000000000.
Occupation of state 237 = 0.000000000000000.
Exx outer loop error: 1.1960919939e-04 

No.17 Exx outer loop: 
1            -2.8477563168E+01        -8.2010E-01        2.796E-05        116.865
2            -2.8477563455E+01        -8.2163E-01        3.550E-05        111.919
3            -2.8477563385E+01        -8.2161E-01        1.642E-05        112.009
4            -2.8477562949E+01        -8.2137E-01        6.369E-06        112.033
5            -2.8477562605E+01        -8.2123E-01        6.785E-07        111.789
Total number of SCF: 5     

k = [-0.250, -0.250, 0.000]
Occupation of state 213 = 0.000000000000000.
Occupation of state 237 = 0.000000000000000.
Exx outer loop error: 3.0237993761e-04 

No.18 Exx outer loop: 
1            -2.8477562930E+01        -8.2085E-01        4.173E-05        116.687
2            -2.8477563569E+01        -8.2318E-01        5.484E-05        112.074
3            -2.8477563314E+01        -8.2272E-01        1.566E-05        112.106
4            -2.8477562948E+01        -8.2251E-01        7.490E-06        112.052
5            -2.8477562588E+01        -8.2234E-01        1.220E-06        111.903
6            -2.8477562406E+01        -8.2229E-01        8.538E-07        111.901
Total number of SCF: 6     

k = [-0.250, -0.250, 0.000]
Occupation of state 213 = 0.000000000000000.
Occupation of state 237 = 0.000000000000000.
Exx outer loop error: 1.1667334033e-04 

No.19 Exx outer loop: 
1            -2.8477562795E+01        -8.2239E-01        2.387E-05        116.679
2            -2.8477562745E+01        -8.2352E-01        2.556E-05        112.162
3            -2.8477563102E+01        -8.2357E-01        1.246E-05        112.649
4            -2.8477562440E+01        -8.2330E-01        1.906E-06        112.611
5            -2.8477562222E+01        -8.2319E-01        2.553E-06        111.904
6            -2.8477562263E+01        -8.2319E-01        2.228E-06        111.934
7            -2.8477562374E+01        -8.2325E-01        4.677E-07        111.724
Total number of SCF: 7     

k = [-0.250, -0.250, 0.000]
Occupation of state 213 = 0.000000000000000.
Occupation of state 237 = 0.000000000000000.
Exx outer loop error: 5.2427642637e-06 
====================================================================
                    Energy and force calculation                    
====================================================================
Free energy per atom               : -2.8477562033E+01 (Ha/atom)
Total free energy                  : -1.4523556637E+03 (Ha)
Band structure energy              : -3.7111231777E+02 (Ha)
Exchange correlation energy        : -2.5790435615E+02 (Ha)
Self and correction energy         : -1.9150663400E+03 (Ha)
Entropy*kb*T                       : -3.0524684534E-03 (Ha)
Fermi level                        : -1.6621539479E-01 (Ha)
RMS force                          :  1.9429408617E-02 (Ha/Bohr)
Maximum force                      :  1.0493644755E-01 (Ha/Bohr)
Time for force calculation         :  1.650 (sec)
***************************************************************************
                               Timing info                                 
***************************************************************************
Total walltime                     :  163483.658 sec
___________________________________________________________________________

***************************************************************************
*             Material Physics & Mechanics Group, Georgia Tech            *
*                       PI: Phanish Suryanarayana                         *
*                Main Developers: Qimen Xu, Abhiraj Sharma                *
*     Collaborators: J.E. Pask (LLNL), A.J. Medford (GT), E. Chow (GT)    *
*  Acknowledgements: U.S. DOE (DE-SC0019410); U.S. NSF (1333500,1553212)  *
***************************************************************************
                                                                           
