***************************************************************************
*                       SPARC (version Dec 27, 2021)                      *
*   Copyright (c) 2020 Material Physics & Mechanics Group, Georgia Tech   *
*           Distributed under GNU General Public License 3 (GPL)          *
*                   Start time: Wed Jan 12 12:49:27 2022                  *
***************************************************************************
                           Input parameters                                
***************************************************************************
CELL: 12.4338823950489 11.2657846029438 47.5378507412217 
LATVEC:
1.000000000000000 0.000000000000000 0.000000000000000 
-0.000130020950961 0.999999991547276 0.000000000000000 
0.000000000000000 -0.000000000000000 1.000000000000000 
FD_GRID: 66 60 252
FD_ORDER: 12
BC: P P D
KPOINT_GRID: 4 4 1
KPOINT_SHIFT: 0 0 0
SPIN_TYP: 1
ELEC_TEMP_TYPE: Gaussian
SMEARING: 0.007349864435
CHEB_DEGREE: 37
NSTATES: 237
EXCHANGE_CORRELATION: HSE
CALC_STRESS: 0
CALC_PRES: 0
CHEFSI_BOUND_FLAG: 0
MAXIT_SCF: 100
MINIT_SCF: 3
MAXIT_POISSON: 3000
TOL_SCF: 1.00E-06
POISSON_SOLVER: AAR
TOL_POISSON: 1.00E-08
TOL_LANCZOS: 1.00E-02
TOL_PSEUDOCHARGE: 1.00E-08
MIXING_VARIABLE: density
MIXING_PRECOND: kerker
MIXING_PRECOND_MAG: none
TOL_PRECOND: 3.54E-05
PRECOND_KERKER_KTF: 1
PRECOND_KERKER_THRESH: 0.1
MIXING_PARAMETER: 0.3
MIXING_PARAMETER_MAG: 0.3
MIXING_HISTORY: 7
PULAY_FREQUENCY: 1
PULAY_RESTART: 0
REFERENCE_CUTOFF: 0.5
RHO_TRIGGER: 4
FIX_RAND: 0
VERBOSITY: 1
PRINT_FORCES: 1
PRINT_ATOMS: 1
PRINT_EIGEN: 1
PRINT_DENSITY: 0
PRINT_ENERGY_DENSITY: 0
TOL_FOCK: 5.00E-05
TOL_SCF_INIT: 1.00E-04
MAXIT_FOCK: 1000
EXX_METHOD: FOURIER_SPACE
EXX_DIVERGENCE: AUXILIARY
ACE_FLAG: 1
EXX_ACE_MEM: 1
EXX_ACE_VALENCE_STATES: 10000
EXX_DOWNSAMPLING: 1 1 1
EXX_RANGE_FOCK: 0.106000
EXX_RANGE_PBE: 0.106000
OUTPUT_FILE: sprc-calc
***************************************************************************
                                Cell                                       
***************************************************************************
Lattice vectors (Bohr):
12.433882395048860 0.000000000000000 0.000000000000000 
-0.001464788027397 11.265784507717260 0.000000000000000 
0.000000000000000 -0.000000000000000 47.537850741221717 
Volume                  :  6.6589804186E+03 (Bohr^3)
***************************************************************************
                           Parallelization                                 
***************************************************************************
NP_SPIN_PARAL: 2
NP_KPOINT_PARAL: 10
NP_BAND_PARAL: 1
NP_DOMAIN_PARAL: 2 1 8
NP_DOMAIN_PHI_PARAL: 4 4 21
EIG_SERIAL_MAXNS: 1500
***************************************************************************
                             Initialization                                
***************************************************************************
Number of processors               :  336
Mesh spacing in x-direction        :  0.188392 (Bohr)
Mesh spacing in y-direction        :  0.187763 (Bohr)
Mesh spacing in z direction        :  0.188642 (Bohr)
Number of symmetry adapted k-points:  10
Output printed to                  :  sprc-calc.out
Final eigenvalues printed to       :  sprc-calc.eigen
Total number of atom types         :  4
Total number of atoms              :  50
Total number of electrons          :  389
Atom type 1  (valence electrons)   :  H 1
Pseudopotential                    :  H.psp8
Pseudocharge radii of atom type 1  :  3.77 3.76 3.77 (x, y, z dir)
Number of atoms of type 1          :  1
Atom type 2  (valence electrons)   :  N 5
Pseudopotential                    :  N.psp8
Pseudocharge radii of atom type 2  :  6.78 6.76 6.79 (x, y, z dir)
Number of atoms of type 2          :  2
Atom type 3  (valence electrons)   :  O 6
Pseudopotential                    :  O.psp8
Pseudocharge radii of atom type 3  :  6.78 6.76 6.79 (x, y, z dir)
Number of atoms of type 3          :  31
Atom type 4  (valence electrons)   :  Ti 12
Pseudopotential                    :  Ti.psp8
Pseudocharge radii of atom type 4  :  6.78 6.76 6.79 (x, y, z dir)
Number of atoms of type 4          :  16
Estimated total memory usage       :  445.40 GB
Estimated memory per processor     :  1.33 GB
========================================================================================
                    Self Consistent Field (SCF#1)                     
========================================================================================
Iteration     Free Energy (Ha/atom)    Magnetization     SCF Error        Timing (sec)
1            -2.9229605473E+01         7.2833E+00        4.472E-01        310.193
2            -3.0930804584E+01         3.5616E+00        4.528E-01        75.707
3            -2.9916055519E+01         2.6560E+00        3.668E-01        74.609
4            -2.9576740860E+01         9.8692E+00        3.044E-01        74.383
5            -2.9703805401E+01         3.0992E+00        2.675E-01        89.024
6            -2.9699375308E+01         3.3284E+00        2.155E-01        92.258
7            -2.9792603782E+01        -3.5258E-01        2.231E-01        73.644
8            -2.9771650576E+01         1.3935E+00        1.673E-01        73.217
9            -2.9773842996E+01         2.4107E+00        1.316E-01        73.009
10           -2.9743512486E+01         1.9246E+00        1.260E-01        73.032
11           -2.9708583851E+01         6.1644E-01        1.257E-01        73.366
12           -2.9660841666E+01        -5.7707E-01        9.822E-02        73.693
13           -2.9629479297E+01         2.3271E+00        9.337E-02        74.075
14           -2.9607094095E+01         5.2575E-01        8.739E-02        73.207
15           -2.9572132384E+01         9.3428E-01        8.016E-02        73.969
16           -2.9553983756E+01         1.1668E+00        7.032E-02        73.338
17           -2.9539787279E+01         1.3877E+00        6.069E-02        73.307
18           -2.9514267825E+01         1.8505E+00        9.964E-02        73.579
19           -2.9501335535E+01         2.0303E+00        4.405E-02        74.298
20           -2.9474390558E+01         3.0155E+00        5.002E-02        75.965
21           -2.9457845715E+01         1.6998E+00        2.724E-02        74.490
22           -2.9438214419E+01         1.1532E+00        2.232E-02        73.734
23           -2.9426004831E+01         1.2364E+00        2.185E-02        73.388
24           -2.9417049769E+01         1.7458E+00        2.154E-02        73.912
25           -2.9394819885E+01         1.0948E+00        1.705E-02        73.971
26           -2.9386301226E+01         1.6127E+00        1.615E-02        72.988
27           -2.9366251257E+01         9.7808E-01        1.470E-02        73.492
28           -2.9360298861E+01         1.5912E+00        1.365E-02        73.642
29           -2.9350289424E+01         1.2038E+00        1.533E-02        73.359
30           -2.9350968561E+01         1.1901E+00        1.591E-02        73.782
31           -2.9346503383E+01         8.5585E-01        1.808E-02        73.226
32           -2.9346395201E+01         8.2720E-01        1.804E-02        73.470
33           -2.9345781830E+01         1.0207E+00        1.234E-02        73.047
34           -2.9345327517E+01         8.1715E-01        1.615E-02        73.744
35           -2.9342984735E+01         6.9564E-01        1.389E-02        73.798
36           -2.9334872010E+01         6.4732E-01        1.972E-02        73.688
37           -2.9335104682E+01         2.4524E-01        1.094E-02        74.351
38           -2.9331273772E+01         3.4577E-02        6.416E-03        73.159
39           -2.9329454473E+01        -5.0009E-02        5.575E-03        73.182
40           -2.9328673304E+01        -1.0798E-01        5.477E-03        83.139
41           -2.9328678254E+01        -8.6416E-02        4.677E-03        74.958
42           -2.9327973962E+01        -1.0494E-01        3.355E-03        75.232
43           -2.9327110811E+01        -8.2458E-02        3.738E-03        74.110
44           -2.9327224938E+01        -5.4270E-02        3.322E-03        75.332
45           -2.9327501508E+01         4.9978E-03        4.348E-03        103.626
46           -2.9326868746E+01         7.5284E-03        3.202E-03        72.910
47           -2.9326337409E+01         5.9775E-03        1.456E-03        72.882
48           -2.9326220074E+01         6.7316E-03        1.031E-03        73.658
49           -2.9325926288E+01        -2.6322E-03        1.260E-03        73.389
50           -2.9325839353E+01        -9.0711E-03        7.209E-04        77.971
51           -2.9325701943E+01        -1.4519E-02        7.974E-04        78.134
52           -2.9325557772E+01        -1.6575E-02        7.045E-04        73.238
53           -2.9325371870E+01        -1.6148E-02        2.508E-04        74.126
54           -2.9325265447E+01        -1.5606E-02        3.284E-04        73.577
55           -2.9325208793E+01        -1.4049E-02        2.108E-04        72.919
56           -2.9325164926E+01        -1.1942E-02        9.375E-05        72.690
Total number of SCF: 56    

k = [-0.250, -0.250, 0.000]
Occupation of state 213 = 0.000000000006715.
Occupation of state 237 = 0.000000000000000.

No.1 Exx outer loop: 
1            -2.9118450717E+01        -4.3556E-02        1.589E-02        117.737
2            -2.9110205612E+01         1.6252E-03        1.541E-02        116.647
3            -2.9137593060E+01         1.7187E-02        9.713E-02        113.060
4            -2.9113226532E+01         2.5951E-04        1.165E-02        113.066
5            -2.9118087646E+01         7.0036E-02        1.098E-02        113.068
6            -2.9120954911E+01        -2.6190E-02        8.226E-03        113.059
7            -2.9122683111E+01        -3.7651E-02        8.103E-03        112.946
8            -2.9122749709E+01        -5.1011E-02        7.624E-03        112.961
9            -2.9122737517E+01        -5.8769E-02        7.556E-03        113.045
10           -2.9122712041E+01        -6.6846E-02        7.158E-03        113.504
11           -2.9122256025E+01        -7.0440E-02        6.608E-03        113.122
12           -2.9126046128E+01        -6.0860E-03        3.453E-02        113.204
13           -2.9122095031E+01         3.7643E-03        8.693E-03        114.755
14           -2.9122146948E+01         5.6090E-03        7.652E-03        119.984
15           -2.9121697686E+01         3.9286E-03        5.691E-03        114.087
16           -2.9121409514E+01         2.6346E-03        4.194E-03        113.172
17           -2.9122257743E+01        -1.9595E-02        5.757E-03        115.084
18           -2.9122911372E+01        -1.2070E-02        4.699E-03        114.087
19           -2.9122829486E+01        -7.8450E-03        2.076E-03        113.163
20           -2.9122814703E+01        -8.3976E-03        1.474E-03        113.084
21           -2.9122315652E+01        -1.2771E-02        1.745E-03        113.216
22           -2.9121763021E+01        -1.1365E-02        1.364E-03        112.790
23           -2.9121676424E+01        -1.8649E-02        1.189E-03        113.561
24           -2.9121136360E+01        -2.2066E-02        6.977E-04        115.671
25           -2.9120814022E+01        -2.5808E-02        5.598E-04        113.561
26           -2.9120517230E+01        -3.3835E-02        1.345E-03        114.076
27           -2.9120579667E+01        -2.6994E-02        4.354E-04        113.659
28           -2.9120482787E+01        -3.0731E-02        9.396E-04        113.949
29           -2.9120489819E+01        -2.7525E-02        2.509E-04        113.205
30           -2.9120361303E+01        -2.9970E-02        3.565E-04        115.713
31           -2.9120315843E+01        -2.7592E-02        1.725E-04        114.955
32           -2.9120260032E+01        -2.7836E-02        1.026E-04        114.804
33           -2.9120266165E+01        -2.7345E-02        1.308E-04        117.016
34           -2.9120268754E+01        -2.7610E-02        4.986E-05        114.607
35           -2.9120273551E+01        -2.7753E-02        3.182E-05        112.861
36           -2.9120267630E+01        -2.7737E-02        2.545E-05        113.087
37           -2.9120261557E+01        -2.7717E-02        1.943E-05        112.969
38           -2.9120254828E+01        -2.7681E-02        8.889E-06        112.709
39           -2.9120252996E+01        -2.7626E-02        9.403E-06        112.751
40           -2.9120253316E+01        -2.7659E-02        4.004E-06        115.050
41           -2.9120251798E+01        -2.7665E-02        3.394E-06        116.134
42           -2.9120251929E+01        -2.7660E-02        3.439E-06        112.603
43           -2.9120251996E+01        -2.7686E-02        2.718E-06        112.872
44           -2.9120251873E+01        -2.7682E-02        1.287E-06        112.721
45           -2.9120252111E+01        -2.7643E-02        5.545E-06        112.661
46           -2.9120252071E+01        -2.7664E-02        2.552E-06        113.875
47           -2.9120252081E+01        -2.7676E-02        8.149E-07        112.383
Total number of SCF: 47    

k = [-0.250, -0.250, 0.000]
Occupation of state 213 = 0.000000000000012.
Occupation of state 237 = 0.000000000000000.
Exx outer loop error: 6.5956001776e-01 

No.2 Exx outer loop: 
1            -2.9120542304E+01        -4.4865E-02        1.477E-03        118.307
2            -2.9119840369E+01        -4.3049E-02        1.656E-03        113.055
3            -2.9120187755E+01         7.2699E-03        4.747E-03        113.002
4            -2.9120070633E+01        -3.3353E-02        1.491E-03        113.114
5            -2.9120396324E+01        -4.4538E-02        1.820E-03        112.861
6            -2.9120487548E+01        -4.7912E-02        2.069E-03        114.268
7            -2.9120896896E+01         8.6337E-03        3.171E-03        112.831
8            -2.9120858009E+01        -1.2742E-02        1.095E-03        112.931
9            -2.9120853097E+01        -2.4577E-02        3.539E-04        113.585
10           -2.9120747714E+01        -4.4374E-02        1.229E-03        113.233
11           -2.9120679025E+01        -4.3410E-02        6.748E-04        113.109
12           -2.9120631909E+01        -4.3043E-02        3.850E-04        113.300
13           -2.9120603719E+01        -4.5791E-02        3.027E-04        113.286
14           -2.9120586982E+01        -4.8762E-02        2.769E-04        113.562
15           -2.9120566375E+01        -4.8639E-02        1.421E-04        113.156
16           -2.9120542192E+01        -5.1124E-02        1.771E-04        112.793
17           -2.9120541951E+01        -5.1668E-02        2.050E-04        113.555
18           -2.9120542237E+01        -5.1762E-02        2.050E-04        112.846
19           -2.9120541300E+01        -5.1221E-02        1.735E-04        112.993
20           -2.9120541090E+01        -5.0153E-02        9.747E-05        112.967
21           -2.9120538270E+01        -5.1223E-02        1.415E-04        112.654
22           -2.9120540733E+01        -5.1297E-02        1.731E-04        114.583
23           -2.9120536666E+01        -5.1025E-02        1.554E-04        113.146
24           -2.9120532604E+01        -5.0204E-02        1.032E-04        113.607
25           -2.9120531559E+01        -5.0295E-02        1.188E-04        114.404
26           -2.9120529603E+01        -5.0341E-02        1.206E-04        113.983
27           -2.9120530492E+01        -5.0343E-02        1.210E-04        113.318
28           -2.9120529986E+01        -5.0480E-02        1.298E-04        113.189
29           -2.9120529562E+01        -5.0501E-02        1.301E-04        113.508
30           -2.9120530231E+01        -5.0496E-02        1.366E-04        112.958
31           -2.9120528772E+01        -5.0435E-02        1.236E-04        112.641
32           -2.9120531313E+01        -4.9915E-02        5.875E-05        112.644
33           -2.9120531387E+01        -4.9581E-02        4.086E-05        113.521
34           -2.9120531950E+01        -4.9914E-02        2.751E-05        112.851
35           -2.9120533888E+01        -5.0057E-02        2.470E-05        112.887
36           -2.9120532944E+01        -5.0130E-02        1.995E-05        113.307
37           -2.9120526122E+01        -5.0502E-02        2.429E-05        112.977
38           -2.9120522486E+01        -5.0269E-02        2.987E-05        114.283
39           -2.9120519280E+01        -5.0479E-02        1.033E-05        113.264
40           -2.9120518082E+01        -5.0416E-02        8.941E-06        112.660
41           -2.9120517857E+01        -5.0298E-02        2.941E-06        113.147
42           -2.9120517616E+01        -5.0239E-02        1.607E-06        112.627
43           -2.9120517084E+01        -5.0194E-02        2.617E-06        112.762
44           -2.9120516668E+01        -5.0148E-02        8.980E-07        112.816
Total number of SCF: 44    

k = [-0.250, -0.250, 0.000]
Occupation of state 213 = 0.000000000000015.
Occupation of state 237 = 0.000000000000000.
Exx outer loop error: 1.1812358259e-02 

No.3 Exx outer loop: 
1            -2.9120544068E+01        -6.5666E-02        5.580E-04        117.802
2            -2.9120498304E+01        -6.1535E-02        5.471E-04        115.086
3            -2.9120723348E+01         4.4337E-02        3.733E-03        113.442
4            -2.9120501436E+01        -3.4803E-02        6.970E-04        113.795
5            -2.9120548598E+01        -6.3042E-02        8.697E-04        113.772
6            -2.9120560035E+01        -5.7217E-02        8.469E-04        113.348
7            -2.9120676179E+01        -4.3105E-02        2.883E-04        116.889
8            -2.9120675539E+01        -5.0248E-02        2.263E-04        150.248
9            -2.9120695705E+01        -1.9031E-02        8.231E-04        112.704
10           -2.9120700432E+01        -1.6381E-02        9.236E-04        126.098
11           -2.9120677300E+01        -2.6083E-02        5.013E-04        112.824
12           -2.9120656236E+01        -2.0541E-02        5.600E-04        113.476
13           -2.9120608226E+01        -4.6432E-02        2.355E-04        113.065
14           -2.9120591842E+01        -4.5149E-02        1.127E-04        112.997
15           -2.9120580443E+01        -4.2501E-02        4.867E-05        124.652
16           -2.9120568028E+01        -4.0018E-02        8.209E-05        125.899
17           -2.9120549603E+01        -4.0577E-02        2.418E-05        116.359
18           -2.9120542797E+01        -4.0777E-02        2.212E-05        136.359
19           -2.9120539619E+01        -4.0879E-02        1.196E-05        137.958
20           -2.9120534539E+01        -4.1085E-02        9.218E-06        124.534
21           -2.9120530725E+01        -4.1340E-02        9.408E-06        127.995
22           -2.9120527051E+01        -4.1743E-02        1.279E-05        139.082
23           -2.9120526547E+01        -4.1604E-02        5.272E-06        129.727
24           -2.9120526639E+01        -4.1504E-02        3.251E-06        112.608
25           -2.9120526113E+01        -4.1834E-02        9.645E-06        112.975
26           -2.9120526410E+01        -4.1585E-02        2.329E-06        122.941
27           -2.9120526616E+01        -4.1699E-02        4.317E-06        115.266
28           -2.9120526844E+01        -4.1425E-02        4.687E-06        135.027
29           -2.9120526973E+01        -4.1338E-02        5.343E-06        135.708
30           -2.9120526703E+01        -4.1442E-02        6.366E-07        112.617
Total number of SCF: 30    

k = [-0.250, -0.250, 0.000]
Occupation of state 213 = 0.000000000000012.
Occupation of state 237 = 0.000000000000000.
Exx outer loop error: 2.1372511075e-03 

No.4 Exx outer loop: 
1            -2.9120539274E+01         2.2649E-02        1.764E-03        118.140
2            -2.9120640744E+01         3.3286E-02        1.271E-03        112.755
3            -2.9120967196E+01         2.1076E-01        2.851E-03        112.828
4            -2.9120954756E+01         1.5646E-02        6.448E-04        113.040
5            -2.9120930949E+01         1.3648E-02        6.871E-04        112.763
6            -2.9120868401E+01         4.3454E-02        3.583E-04        112.698
7            -2.9120835467E+01         5.5996E-02        2.808E-04        112.719
8            -2.9120777942E+01         4.6050E-02        2.264E-04        113.567
9            -2.9120725002E+01         5.1774E-02        1.412E-04        114.533
10           -2.9120648393E+01         4.8390E-02        1.237E-04        112.737
11           -2.9120593749E+01         5.2156E-02        7.624E-05        112.753
12           -2.9120575914E+01         4.8745E-02        5.275E-05        113.556
13           -2.9120545855E+01         4.8896E-02        4.649E-05        113.343
14           -2.9120545077E+01         4.8339E-02        2.872E-05        113.371
15           -2.9120542736E+01         4.9027E-02        2.006E-05        112.560
16           -2.9120547390E+01         4.8590E-02        1.991E-05        112.593
17           -2.9120546025E+01         4.9832E-02        1.091E-05        112.464
18           -2.9120545738E+01         4.9531E-02        7.891E-06        113.804
19           -2.9120542520E+01         4.9731E-02        3.980E-06        113.705
20           -2.9120540051E+01         4.9571E-02        3.144E-06        113.163
21           -2.9120539877E+01         4.9569E-02        2.102E-06        113.181
22           -2.9120539772E+01         4.9714E-02        2.624E-06        112.824
23           -2.9120540757E+01         4.9687E-02        1.096E-06        112.330
24           -2.9120540741E+01         4.9500E-02        2.329E-06        113.853
25           -2.9120541094E+01         4.9361E-02        2.998E-06        113.667
26           -2.9120540963E+01         4.9433E-02        2.216E-06        112.364
27           -2.9120540993E+01         4.9443E-02        1.777E-06        112.737
28           -2.9120541127E+01         4.9628E-02        1.319E-06        112.425
29           -2.9120541278E+01         4.9731E-02        2.253E-06        112.212
30           -2.9120541299E+01         4.9394E-02        2.904E-06        112.991
31           -2.9120541339E+01         4.9446E-02        2.106E-06        113.196
32           -2.9120541366E+01         4.9485E-02        1.450E-06        112.524
33           -2.9120541441E+01         4.9591E-02        3.248E-07        112.176
Total number of SCF: 33    

k = [-0.250, -0.250, 0.000]
Occupation of state 213 = 0.000000000000006.
Occupation of state 237 = 0.000000000000000.
Exx outer loop error: 3.6438710314e-03 

No.5 Exx outer loop: 
1            -2.9120602306E+01         2.6601E-01        3.897E-03        118.298
2            -2.9120981040E+01         1.3868E-01        1.758E-03        113.574
3            -2.9121124980E+01        -3.5892E-02        2.287E-03        113.622
4            -2.9121407479E+01         2.4964E-01        1.984E-03        113.057
5            -2.9121434028E+01         2.5092E-01        1.974E-03        112.780
6            -2.9121439359E+01         3.6355E-01        3.194E-03        112.661
7            -2.9121334809E+01        -7.9761E-03        1.134E-03        112.852
8            -2.9121284162E+01        -6.1881E-02        1.709E-03        112.827
9            -2.9121143894E+01         1.3664E-01        6.542E-04        113.584
10           -2.9120900879E+01         1.1123E-01        4.357E-04        112.822
11           -2.9120770563E+01         1.1139E-01        3.312E-04        112.813
12           -2.9120715717E+01         6.5232E-02        2.855E-04        112.721
13           -2.9120712180E+01         6.2164E-02        3.215E-04        113.570
14           -2.9120681246E+01         3.7134E-02        5.685E-04        113.695
15           -2.9120680127E+01         3.9599E-02        5.266E-04        112.654
16           -2.9120652606E+01         2.2957E-02        6.420E-04        113.461
17           -2.9120649153E+01         5.4136E-02        2.430E-04        112.814
18           -2.9120605078E+01         1.7676E-02        6.538E-04        112.814
19           -2.9120586106E+01         6.2683E-02        7.545E-05        113.196
20           -2.9120582877E+01         6.4618E-02        6.116E-05        112.961
21           -2.9120582044E+01         6.6526E-02        3.600E-05        112.807
22           -2.9120586321E+01         6.7251E-02        2.253E-05        113.215
23           -2.9120584383E+01         6.7622E-02        1.627E-05        113.088
24           -2.9120584893E+01         7.2314E-02        4.380E-05        113.504
25           -2.9120586073E+01         6.6554E-02        2.953E-05        112.683
26           -2.9120584205E+01         6.5932E-02        2.973E-05        112.641
27           -2.9120582529E+01         6.6277E-02        1.967E-05        112.795
28           -2.9120578284E+01         6.6155E-02        8.250E-06        112.588
29           -2.9120576696E+01         6.6425E-02        2.901E-06        116.880
30           -2.9120575574E+01         6.6933E-02        8.378E-06        114.536
31           -2.9120574940E+01         6.6908E-02        8.008E-06        112.587
32           -2.9120574579E+01         6.6952E-02        6.475E-06        112.919
33           -2.9120574543E+01         6.6872E-02        5.392E-06        112.449
34           -2.9120574071E+01         6.6438E-02        1.326E-06        112.408
35           -2.9120573955E+01         6.6641E-02        2.561E-06        112.533
36           -2.9120573494E+01         6.6724E-02        2.006E-06        113.491
37           -2.9120573443E+01         6.6639E-02        1.493E-06        113.046
38           -2.9120573315E+01         6.6350E-02        2.042E-06        112.692
39           -2.9120573311E+01         6.6312E-02        3.295E-06        113.072
40           -2.9120573459E+01         6.6656E-02        1.254E-06        112.984
41           -2.9120573303E+01         6.6557E-02        4.846E-07        112.255
Total number of SCF: 41    

k = [-0.250, -0.250, 0.000]
Occupation of state 213 = 0.000000000000001.
Occupation of state 237 = 0.000000000000000.
Exx outer loop error: 7.8500944038e-03 

No.6 Exx outer loop: 
1            -2.9120623264E+01         2.5045E-01        3.072E-03        117.715
2            -2.9120929447E+01         1.1467E-01        1.487E-03        124.190
3            -2.9120931262E+01         3.3623E-01        2.784E-03        116.280
4            -2.9120880247E+01         2.2787E-01        1.607E-03        123.360
5            -2.9120927095E+01         2.3399E-01        1.769E-03        146.610
6            -2.9121102015E+01         4.6893E-01        4.196E-03        121.737
7            -2.9121154171E+01         5.5197E-01        5.351E-03        136.906
8            -2.9121154399E+01         5.5968E-01        5.423E-03        117.121
9            -2.9121180059E+01         5.8453E-01        5.700E-03        146.902
10           -2.9120957849E+01         3.1197E-01        2.941E-03        122.854
11           -2.9120709270E+01        -9.0460E-02        1.686E-03        119.331
12           -2.9120715394E+01         2.3073E-02        6.131E-04        116.360
13           -2.9120644341E+01         4.6427E-03        6.452E-04        121.723
14           -2.9120623328E+01         2.8899E-02        3.424E-04        135.470
15           -2.9120608853E+01         5.3128E-02        8.658E-05        114.322
16           -2.9120598289E+01         5.0333E-02        7.271E-05        137.120
17           -2.9120600104E+01         5.2386E-02        5.063E-05        119.996
18           -2.9120600955E+01         5.4250E-02        2.506E-05        112.598
19           -2.9120599968E+01         5.3424E-02        2.855E-05        112.579
20           -2.9120598242E+01         5.2405E-02        3.862E-05        112.555
21           -2.9120596682E+01         5.1847E-02        4.409E-05        113.429
22           -2.9120598811E+01         5.2226E-02        4.064E-05        112.348
23           -2.9120598770E+01         5.1996E-02        4.531E-05        112.450
24           -2.9120598314E+01         5.3002E-02        3.033E-05        112.548
25           -2.9120597302E+01         5.2199E-02        3.733E-05        112.538
26           -2.9120596350E+01         5.1774E-02        4.207E-05        113.721
27           -2.9120594856E+01         5.1734E-02        4.025E-05        112.657
28           -2.9120594732E+01         5.3147E-02        1.978E-05        112.601
29           -2.9120594306E+01         5.3135E-02        1.854E-05        113.052
30           -2.9120592759E+01         5.3391E-02        1.270E-05        112.675
31           -2.9120589827E+01         5.1726E-02        2.382E-05        112.981
32           -2.9120589246E+01         5.1662E-02        2.142E-05        112.806
33           -2.9120589186E+01         5.1690E-02        2.157E-05        112.771
34           -2.9120589160E+01         5.1664E-02        2.041E-05        112.837
35           -2.9120588790E+01         5.0218E-02        3.521E-05        112.996
36           -2.9120591395E+01         5.3438E-02        4.598E-06        112.856
37           -2.9120592348E+01         5.3514E-02        3.555E-06        113.161
38           -2.9120591767E+01         5.3107E-02        3.498E-06        112.726
39           -2.9120590766E+01         5.2785E-02        5.686E-06        113.280
40           -2.9120590640E+01         5.2553E-02        7.864E-06        113.278
41           -2.9120590885E+01         5.3264E-02        2.048E-06        113.380
42           -2.9120590747E+01         5.3389E-02        1.201E-06        114.391
43           -2.9120590452E+01         5.3353E-02        1.105E-06        112.677
44           -2.9120590058E+01         5.3381E-02        6.622E-07        112.298
Total number of SCF: 44    

k = [-0.250, -0.250, 0.000]
Occupation of state 213 = 0.000000000000000.
Occupation of state 237 = 0.000000000000000.
Exx outer loop error: 6.1296343554e-03 

No.7 Exx outer loop: 
1            -2.9120605112E+01         1.2612E-01        1.369E-03        118.491
2            -2.9120713848E+01         5.8597E-02        6.176E-04        113.320
3            -2.9120847858E+01         3.3173E-01        3.200E-03        112.681
4            -2.9120858245E+01         2.7343E-01        2.597E-03        112.955
5            -2.9120838323E+01         1.1128E-01        9.975E-04        115.542
6            -2.9120828693E+01         2.4706E-01        2.255E-03        116.919
7            -2.9120894688E+01         3.4665E-01        3.090E-03        113.600
8            -2.9120786292E+01         1.7815E-01        1.294E-03        113.999
9            -2.9120707427E+01         5.5592E-02        2.144E-04        114.317
10           -2.9120699619E+01         6.9803E-02        9.607E-05        113.484
11           -2.9120678287E+01         4.1294E-02        3.148E-04        112.899
12           -2.9120673585E+01         3.9432E-02        2.923E-04        112.693
13           -2.9120663082E+01         4.4150E-02        1.942E-04        113.511
14           -2.9120640965E+01         4.4699E-02        1.217E-04        113.599
15           -2.9120624093E+01         4.1669E-02        9.894E-05        113.739
16           -2.9120615068E+01         4.3522E-02        4.937E-05        115.601
17           -2.9120606596E+01         4.2880E-02        2.793E-05        113.260
18           -2.9120602431E+01         4.3102E-02        1.114E-05        113.329
19           -2.9120602623E+01         4.2667E-02        1.358E-05        112.743
20           -2.9120600638E+01         4.2719E-02        8.300E-06        113.062
21           -2.9120600160E+01         4.2323E-02        1.157E-05        113.058
22           -2.9120598853E+01         4.1809E-02        1.316E-05        115.615
23           -2.9120597856E+01         4.1606E-02        1.115E-05        118.846
24           -2.9120597593E+01         4.1648E-02        9.285E-06        114.903
25           -2.9120597194E+01         4.0974E-02        1.515E-05        115.248
26           -2.9120597868E+01         4.2561E-02        3.174E-06        129.739
27           -2.9120597061E+01         4.4317E-02        2.146E-05        112.484
28           -2.9120597074E+01         4.4189E-02        1.935E-05        112.700
29           -2.9120597046E+01         4.4027E-02        1.732E-05        112.549
30           -2.9120597241E+01         4.3923E-02        1.555E-05        112.628
31           -2.9120596847E+01         4.3526E-02        1.210E-05        115.677
32           -2.9120597175E+01         4.3574E-02        1.169E-05        123.050
33           -2.9120597013E+01         4.2821E-02        4.505E-06        116.186
34           -2.9120596796E+01         4.3110E-02        7.188E-06        117.036
35           -2.9120596862E+01         4.2840E-02        2.479E-06        133.220
36           -2.9120596903E+01         4.3595E-02        8.541E-06        121.651
37           -2.9120596793E+01         4.3454E-02        5.584E-06        128.730
38           -2.9120596156E+01         4.3030E-02        1.450E-06        121.076
39           -2.9120595377E+01         4.3561E-02        7.115E-06        135.768
40           -2.9120595688E+01         4.3371E-02        4.688E-06        120.084
41           -2.9120595451E+01         4.3514E-02        6.774E-06        133.746
42           -2.9120595403E+01         4.3470E-02        5.917E-06        129.298
43           -2.9120595331E+01         4.3142E-02        1.786E-06        133.920
44           -2.9120595333E+01         4.3037E-02        6.319E-07        114.252
Total number of SCF: 44    

k = [-0.250, -0.250, 0.000]
Occupation of state 213 = 0.000000000000000.
Occupation of state 237 = 0.000000000000000.
Exx outer loop error: 2.8098987366e-03 

No.8 Exx outer loop: 
1            -2.9120599532E+01         7.0466E-02        6.347E-04        117.556
2            -2.9120635311E+01         3.3982E-02        2.950E-04        112.867
3            -2.9120747686E+01         1.8485E-01        1.516E-03        113.395
4            -2.9120668861E+01        -6.9242E-03        6.459E-04        112.768
5            -2.9120675800E+01         6.8791E-02        4.015E-04        112.684
6            -2.9120638905E+01        -6.2595E-02        1.228E-03        112.777
7            -2.9120642986E+01         5.7277E-02        2.313E-04        112.562
8            -2.9120619187E+01         2.4546E-02        1.478E-04        112.710
9            -2.9120608144E+01         3.5424E-02        2.050E-05        112.578
10           -2.9120603704E+01         3.5099E-02        1.904E-05        112.582
11           -2.9120602008E+01         3.6177E-02        6.894E-06        112.873
12           -2.9120599966E+01         3.4448E-02        2.036E-05        112.891
13           -2.9120598296E+01         3.4606E-02        1.366E-05        112.507
14           -2.9120597565E+01         3.4941E-02        6.416E-06        112.487
15           -2.9120598132E+01         3.6719E-02        1.668E-05        112.396
16           -2.9120597662E+01         3.5922E-02        8.074E-06        114.434
17           -2.9120598966E+01         3.7985E-02        3.157E-05        112.398
18           -2.9120598040E+01         3.6584E-02        1.626E-05        112.356
19           -2.9120598148E+01         3.6358E-02        1.406E-05        112.951
20           -2.9120597674E+01         3.4822E-02        2.988E-06        112.281
21           -2.9120597804E+01         3.4890E-02        2.361E-06        112.326
22           -2.9120597982E+01         3.4951E-02        1.530E-06        112.807
23           -2.9120597861E+01         3.4355E-02        6.035E-06        112.591
24           -2.9120597991E+01         3.4379E-02        5.686E-06        112.590
25           -2.9120598045E+01         3.4437E-02        5.035E-06        112.546
26           -2.9120597947E+01         3.4321E-02        6.337E-06        112.469
27           -2.9120598021E+01         3.4463E-02        4.713E-06        113.175
28           -2.9120598089E+01         3.4612E-02        2.525E-06        112.431
29           -2.9120598036E+01         3.4467E-02        3.446E-06        112.434
30           -2.9120598069E+01         3.4629E-02        1.108E-06        112.475
31           -2.9120597968E+01         3.4578E-02        1.301E-06        112.445
32           -2.9120597846E+01         3.4580E-02        6.540E-07        113.583
Total number of SCF: 32    

k = [-0.250, -0.250, 0.000]
Occupation of state 213 = 0.000000000000000.
Occupation of state 237 = 0.000000000000000.
Exx outer loop error: 1.5745250971e-03 

No.9 Exx outer loop: 
1            -2.9120598358E+01         4.3378E-02        3.211E-04        117.978
2            -2.9120607712E+01         2.2569E-02        1.801E-04        112.650
3            -2.9120677535E+01        -8.5991E-03        5.767E-04        113.243
4            -2.9120673566E+01         4.7448E-02        1.515E-04        112.700
5            -2.9120666811E+01         3.5573E-02        9.383E-05        113.148
6            -2.9120641083E+01         1.8269E-02        1.133E-04        117.658
7            -2.9120638386E+01         2.5520E-02        5.174E-05        112.710
8            -2.9120628122E+01         2.8596E-02        5.356E-05        114.043
9            -2.9120618409E+01         2.8222E-02        4.332E-05        112.477
10           -2.9120610908E+01         2.2234E-02        3.396E-05        112.669
11           -2.9120604645E+01         2.8835E-02        3.032E-05        113.052
12           -2.9120600694E+01         2.8538E-02        2.256E-05        112.576
13           -2.9120599716E+01         2.8033E-02        1.657E-05        112.495
14           -2.9120599618E+01         2.8151E-02        1.663E-05        112.434
15           -2.9120599557E+01         2.8006E-02        1.442E-05        112.431
16           -2.9120598652E+01         2.8230E-02        1.499E-05        113.142
17           -2.9120598079E+01         2.8109E-02        1.327E-05        112.341
18           -2.9120598104E+01         2.8329E-02        1.530E-05        112.590
19           -2.9120600550E+01         3.4536E-02        7.867E-05        113.115
20           -2.9120598268E+01         2.8954E-02        2.122E-05        113.165
21           -2.9120598515E+01         2.8729E-02        1.885E-05        118.548
22           -2.9120598895E+01         2.8761E-02        1.885E-05        124.142
23           -2.9120598872E+01         2.8757E-02        1.882E-05        115.259
24           -2.9120598968E+01         2.8655E-02        1.793E-05        127.738
25           -2.9120598666E+01         2.8095E-02        1.267E-05        134.620
26           -2.9120598283E+01         2.7712E-02        8.446E-06        112.623
27           -2.9120598809E+01         2.8443E-02        1.590E-05        126.188
28           -2.9120598856E+01         2.8252E-02        1.348E-05        112.462
29           -2.9120598827E+01         2.8143E-02        1.239E-05        112.678
30           -2.9120598729E+01         2.8214E-02        1.349E-05        112.377
31           -2.9120598882E+01         2.8500E-02        1.666E-05        112.420
32           -2.9120598797E+01         2.8319E-02        1.408E-05        112.394
33           -2.9120599027E+01         2.8307E-02        1.337E-05        115.758
34           -2.9120598203E+01         2.7447E-02        6.079E-06        112.579
35           -2.9120598148E+01         2.7338E-02        4.575E-06        112.360
36           -2.9120598109E+01         2.7442E-02        5.252E-06        112.281
37           -2.9120598069E+01         2.7587E-02        6.962E-06        112.554
38           -2.9120598247E+01         2.7678E-02        7.360E-06        112.618
39           -2.9120598453E+01         2.7600E-02        3.423E-06        119.004
40           -2.9120598471E+01         2.7539E-02        1.207E-06        112.414
41           -2.9120598435E+01         2.7469E-02        1.323E-06        112.466
42           -2.9120598566E+01         2.7533E-02        7.488E-07        112.564
Total number of SCF: 42    

k = [-0.250, -0.250, 0.000]
Occupation of state 213 = 0.000000000000000.
Occupation of state 237 = 0.000000000000000.
Exx outer loop error: 7.2213836669e-04 

No.10 Exx outer loop: 
1            -2.9120597646E+01         2.8062E-02        1.721E-04        117.623
2            -2.9120597810E+01         1.6519E-02        1.204E-04        112.813
3            -2.9120605206E+01         1.9123E-02        7.533E-05        112.688
4            -2.9120612228E+01         2.4690E-02        7.950E-05        118.732
5            -2.9120610779E+01         1.8163E-02        6.400E-05        116.802
6            -2.9120611359E+01         2.2989E-02        2.391E-05        114.615
7            -2.9120608189E+01         2.2407E-02        1.253E-05        112.969
8            -2.9120605553E+01         2.2370E-02        1.406E-05        132.851
9            -2.9120603588E+01         2.1953E-02        5.151E-06        120.792
10           -2.9120601238E+01         2.1762E-02        2.005E-06        121.144
11           -2.9120600231E+01         2.1613E-02        2.082E-06        118.066
12           -2.9120599706E+01         2.1613E-02        1.338E-06        120.151
13           -2.9120599955E+01         2.1928E-02        2.969E-06        133.216
14           -2.9120599680E+01         2.1554E-02        1.935E-06        128.796
15           -2.9120599593E+01         2.1450E-02        2.968E-06        127.638
16           -2.9120599540E+01         2.1551E-02        1.439E-06        131.895
17           -2.9120599605E+01         2.1668E-02        4.205E-07        117.730
Total number of SCF: 17    

k = [-0.250, -0.250, 0.000]
Occupation of state 213 = 0.000000000000000.
Occupation of state 237 = 0.000000000000000.
Exx outer loop error: 9.6641762695e-04 

No.11 Exx outer loop: 
1            -2.9120598742E+01         1.9554E-02        1.106E-04        117.334
2            -2.9120600713E+01         1.5927E-02        6.722E-05        112.597
3            -2.9120625485E+01         6.0831E-02        4.956E-04        112.577
4            -2.9120621610E+01         3.7439E-02        1.934E-04        112.940
5            -2.9120623758E+01         3.8033E-02        2.077E-04        113.242
6            -2.9120612364E+01         6.4873E-03        1.507E-04        112.633
7            -2.9120611264E+01         1.6412E-02        1.662E-05        112.725
8            -2.9120609705E+01         1.7321E-02        2.026E-05        112.546
9            -2.9120606647E+01         1.6802E-02        9.148E-06        112.683
10           -2.9120603235E+01         1.5429E-02        2.713E-05        114.722
11           -2.9120602484E+01         1.6164E-02        1.390E-05        114.388
12           -2.9120601856E+01         1.6550E-02        6.803E-06        112.481
13           -2.9120601355E+01         1.6509E-02        7.187E-06        112.899
14           -2.9120600403E+01         1.6769E-02        1.148E-06        113.060
15           -2.9120600104E+01         1.6750E-02        8.761E-07        112.244
Total number of SCF: 15    

k = [-0.250, -0.250, 0.000]
Occupation of state 213 = 0.000000000000000.
Occupation of state 237 = 0.000000000000000.
Exx outer loop error: 5.8157881261e-04 

No.12 Exx outer loop: 
1            -2.9120599875E+01         1.6553E-02        7.809E-05        136.600
2            -2.9120598358E+01         6.4842E-03        1.016E-04        125.649
3            -2.9120592615E+01         8.6205E-03        5.765E-05        140.956
4            -2.9120593656E+01         1.0796E-02        3.189E-05        117.681
5            -2.9120598511E+01         1.2587E-02        1.407E-05        120.537
6            -2.9120601092E+01         1.2324E-02        1.553E-05        135.626
7            -2.9120599786E+01         1.2341E-02        9.985E-06        112.708
8            -2.9120598189E+01         1.3086E-02        5.326E-06        129.229
9            -2.9120598858E+01         1.2669E-02        5.962E-06        117.102
10           -2.9120598931E+01         1.3151E-02        4.060E-06        114.121
11           -2.9120599154E+01         1.2685E-02        6.261E-06        113.226
12           -2.9120599499E+01         1.3928E-02        1.058E-05        113.742
13           -2.9120599006E+01         1.2521E-02        7.073E-06        128.117
14           -2.9120599241E+01         1.2983E-02        2.375E-06        112.532
15           -2.9120600130E+01         1.4667E-02        1.756E-05        112.502
16           -2.9120599498E+01         1.2547E-02        7.113E-06        119.582
17           -2.9120599747E+01         1.2353E-02        1.015E-05        114.595
18           -2.9120599506E+01         1.2484E-02        7.680E-06        114.944
19           -2.9120599903E+01         1.2086E-02        1.197E-05        116.026
20           -2.9120599890E+01         1.2157E-02        1.112E-05        132.935
21           -2.9120599806E+01         1.2068E-02        1.236E-05        112.644
22           -2.9120599542E+01         1.1899E-02        1.333E-05        112.336
23           -2.9120599329E+01         1.2033E-02        1.183E-05        112.306
24           -2.9120599564E+01         1.2573E-02        5.944E-06        112.419
25           -2.9120599951E+01         1.1802E-02        1.603E-05        112.574
26           -2.9120599927E+01         1.2127E-02        1.298E-05        113.422
27           -2.9120600269E+01         1.2230E-02        1.217E-05        112.424
28           -2.9120600183E+01         1.2306E-02        1.122E-05        112.475
29           -2.9120600050E+01         1.2174E-02        1.001E-05        112.709
30           -2.9120600042E+01         1.2173E-02        1.001E-05        112.326
31           -2.9120600041E+01         1.2159E-02        1.018E-05        112.357
32           -2.9120599726E+01         1.2195E-02        9.205E-06        112.455
33           -2.9120600003E+01         1.2465E-02        5.647E-06        112.378
34           -2.9120600018E+01         1.2564E-02        3.582E-06        114.328
35           -2.9120599779E+01         1.2986E-02        2.908E-06        112.259
36           -2.9120599941E+01         1.2858E-02        6.980E-07        112.137
Total number of SCF: 36    

k = [-0.250, -0.250, 0.000]
Occupation of state 213 = 0.000000000000000.
Occupation of state 237 = 0.000000000000000.
Exx outer loop error: 2.3609016884e-04 

No.13 Exx outer loop: 
1            -2.9120598595E+01         6.7207E-03        7.176E-05        142.159
2            -2.9120609235E+01         2.2144E-02        1.394E-04        112.530
3            -2.9120609363E+01         1.5184E-02        5.213E-05        112.594
4            -2.9120620164E+01        -4.7642E-04        1.339E-04        112.614
5            -2.9120618111E+01         1.5431E-02        7.639E-05        113.821
6            -2.9120614759E+01         8.7436E-03        1.741E-05        113.846
7            -2.9120606702E+01         1.2195E-02        3.006E-05        113.115
8            -2.9120601995E+01         9.7570E-03        7.049E-06        113.038
9            -2.9120599547E+01         1.0126E-02        1.413E-05        112.826
10           -2.9120601256E+01         9.6406E-03        3.780E-06        112.591
11           -2.9120600037E+01         8.1026E-03        1.934E-05        112.647
12           -2.9120600258E+01         9.4597E-03        1.671E-06        112.402
13           -2.9120600413E+01         9.3498E-03        2.714E-06        112.408
14           -2.9120600325E+01         9.4223E-03        1.960E-06        112.405
15           -2.9120600198E+01         9.8019E-03        3.719E-06        112.452
16           -2.9120600415E+01         9.6649E-03        1.526E-06        112.788
17           -2.9120600097E+01         9.1197E-03        5.444E-06        112.258
18           -2.9120600188E+01         9.3082E-03        2.743E-06        122.341
19           -2.9120600217E+01         9.5319E-03        3.135E-07        188.280
Total number of SCF: 19    

k = [-0.250, -0.250, 0.000]
Occupation of state 213 = 0.000000000000000.
Occupation of state 237 = 0.000000000000000.
Exx outer loop error: 3.0426659849e-04 

No.14 Exx outer loop: 
1            -2.9120599311E+01         4.7740E-03        5.582E-05        121.152
2            -2.9120606947E+01         1.5707E-02        9.988E-05        122.541
3            -2.9120604739E+01         9.5728E-03        1.554E-05        115.774
4            -2.9120605842E+01         1.0295E-02        1.387E-05        129.557
5            -2.9120603262E+01         5.4226E-03        4.091E-05        133.355
6            -2.9120605150E+01         1.2701E-02        5.337E-05        118.606
7            -2.9120604106E+01         1.0977E-02        3.405E-05        112.449
8            -2.9120601151E+01         6.8279E-03        8.870E-06        115.826
9            -2.9120602138E+01         9.6204E-03        2.773E-05        112.609
10           -2.9120600300E+01         6.7036E-03        3.366E-06        113.744
11           -2.9120600343E+01         6.8123E-03        1.635E-06        112.338
12           -2.9120600212E+01         6.6836E-03        1.669E-06        119.561
13           -2.9120600300E+01         6.7526E-03        4.726E-07        113.193
Total number of SCF: 13    

k = [-0.250, -0.250, 0.000]
Occupation of state 213 = 0.000000000000000.
Occupation of state 237 = 0.000000000000000.
Exx outer loop error: 1.7911410544e-06 
====================================================================
                    Energy and force calculation                    
====================================================================
Free energy per atom               : -2.9120599688E+01 (Ha/atom)
Total free energy                  : -1.4560299844E+03 (Ha)
Band structure energy              : -3.7931329534E+02 (Ha)
Exchange correlation energy        : -2.5833434886E+02 (Ha)
Self and correction energy         : -1.9198311285E+03 (Ha)
Entropy*kb*T                       : -4.4538311159E-03 (Ha)
Fermi level                        : -1.8827529844E-01 (Ha)
RMS force                          :  1.9658146657E-02 (Ha/Bohr)
Maximum force                      :  1.0415505064E-01 (Ha/Bohr)
Time for force calculation         :  1.648 (sec)
***************************************************************************
                               Timing info                                 
***************************************************************************
Total walltime                     :  146604.173 sec
___________________________________________________________________________

***************************************************************************
*             Material Physics & Mechanics Group, Georgia Tech            *
*                       PI: Phanish Suryanarayana                         *
*                Main Developers: Qimen Xu, Abhiraj Sharma                *
*     Collaborators: J.E. Pask (LLNL), A.J. Medford (GT), E. Chow (GT)    *
*  Acknowledgements: U.S. DOE (DE-SC0019410); U.S. NSF (1333500,1553212)  *
***************************************************************************
                                                                           

***************************************************************************
*                       SPARC (version May 02, 2022)                      *
*   Copyright (c) 2020 Material Physics & Mechanics Group, Georgia Tech   *
*           Distributed under GNU General Public License 3 (GPL)          *
*                   Start time: Mon Jun 13 08:43:14 2022                  *
***************************************************************************
                           Input parameters                                
***************************************************************************
CELL: 12.4338823950489 11.2657846029438 47.5378507412217 
LATVEC:
1.000000000000000 0.000000000000000 0.000000000000000 
-0.000130020950961 0.999999991547276 0.000000000000000 
0.000000000000000 -0.000000000000000 1.000000000000000 
FD_GRID: 66 60 252
FD_ORDER: 12
BC: P P D
KPOINT_GRID: 4 4 1
KPOINT_SHIFT: 0 0 0
SPIN_TYP: 1
ELEC_TEMP_TYPE: Gaussian
SMEARING: 0.007349864435
CHEB_DEGREE: 37
NSTATES: 237
EXCHANGE_CORRELATION: HSE
EXX_RANGE_FOCK: 0.106000
EXX_RANGE_PBE: 0.106000
CALC_STRESS: 0
CALC_PRES: 0
CHEFSI_BOUND_FLAG: 0
MAXIT_SCF: 100
MINIT_SCF: 3
MAXIT_POISSON: 3000
TOL_SCF: 1.00E-06
POISSON_SOLVER: AAR
TOL_POISSON: 1.00E-08
TOL_LANCZOS: 1.00E-02
TOL_PSEUDOCHARGE: 1.00E-08
MIXING_VARIABLE: density
MIXING_PRECOND: kerker
MIXING_PRECOND_MAG: none
TOL_PRECOND: 3.54E-05
PRECOND_KERKER_KTF: 1
PRECOND_KERKER_THRESH: 0.1
MIXING_PARAMETER: 0.3
MIXING_PARAMETER_MAG: 0.3
MIXING_HISTORY: 7
PULAY_FREQUENCY: 1
PULAY_RESTART: 0
REFERENCE_CUTOFF: 0.5
RHO_TRIGGER: 4
FIX_RAND: 0
VERBOSITY: 1
PRINT_FORCES: 1
PRINT_ATOMS: 1
PRINT_EIGEN: 1
PRINT_DENSITY: 0
PRINT_ENERGY_DENSITY: 0
TOL_FOCK: 5.00E-05
TOL_SCF_INIT: 1.00E-03
MAXIT_FOCK: 20
EXX_METHOD: FOURIER_SPACE
EXX_DIVERGENCE: AUXILIARY
EXX_MEM: 1
ACE_FLAG: 1
EXX_ACE_VALENCE_STATES: 10000
EXX_DOWNSAMPLING: 1 1 1
OUTPUT_FILE: sprc-calc
***************************************************************************
                                Cell                                       
***************************************************************************
Lattice vectors (Bohr):
12.433882395048860 0.000000000000000 0.000000000000000 
-0.001464788027397 11.265784507717260 0.000000000000000 
0.000000000000000 -0.000000000000000 47.537850741221717 
Volume                  :  6.6589804186E+03 (Bohr^3)
***************************************************************************
                           Parallelization                                 
***************************************************************************
NP_SPIN_PARAL: 2
NP_KPOINT_PARAL: 10
NP_BAND_PARAL: 1
NP_DOMAIN_PARAL: 2 1 8
NP_DOMAIN_PHI_PARAL: 4 4 21
EIG_SERIAL_MAXNS: 1500
***************************************************************************
                             Initialization                                
***************************************************************************
Number of processors               :  336
Mesh spacing in x-direction        :  0.188392 (Bohr)
Mesh spacing in y-direction        :  0.187763 (Bohr)
Mesh spacing in z direction        :  0.188642 (Bohr)
Number of symmetry adapted k-points:  10
Output printed to                  :  sprc-calc.out_01
Final eigenvalues printed to       :  sprc-calc.eigen_01
Total number of atom types         :  4
Total number of atoms              :  50
Total number of electrons          :  389
Atom type 1  (valence electrons)   :  H 1
Pseudopotential                    :  H.psp8
Pseudocharge radii of atom type 1  :  3.77 3.76 3.77 (x, y, z dir)
Number of atoms of type 1          :  1
Atom type 2  (valence electrons)   :  N 5
Pseudopotential                    :  N.psp8
Pseudocharge radii of atom type 2  :  6.78 6.76 6.79 (x, y, z dir)
Number of atoms of type 2          :  2
Atom type 3  (valence electrons)   :  O 6
Pseudopotential                    :  O.psp8
Pseudocharge radii of atom type 3  :  6.78 6.76 6.79 (x, y, z dir)
Number of atoms of type 3          :  31
Atom type 4  (valence electrons)   :  Ti 12
Pseudopotential                    :  Ti.psp8
Pseudocharge radii of atom type 4  :  6.78 6.76 6.79 (x, y, z dir)
Number of atoms of type 4          :  16
Estimated total memory usage       :  445.40 GB
Estimated memory per processor     :  1.33 GB
========================================================================================
                    Self Consistent Field (SCF#1)                     
========================================================================================
Iteration     Free Energy (Ha/atom)    Magnetization     SCF Error        Timing (sec)
1            -2.9229605473E+01         7.2833E+00        4.472E-01        325.070
2            -3.0930804584E+01         3.5616E+00        4.528E-01        78.239
3            -2.9916055519E+01         2.6560E+00        3.668E-01        78.439
4            -2.9576740859E+01         9.8692E+00        3.044E-01        78.297
5            -2.9703805402E+01         3.0992E+00        2.675E-01        78.216
6            -2.9699375308E+01         3.3284E+00        2.155E-01        78.324
7            -2.9792603783E+01        -3.5258E-01        2.231E-01        78.213
8            -2.9771650576E+01         1.3935E+00        1.673E-01        78.050
9            -2.9773842996E+01         2.4107E+00        1.316E-01        78.153
10           -2.9743512485E+01         1.9246E+00        1.260E-01        78.397
11           -2.9708583851E+01         6.1644E-01        1.257E-01        78.380
12           -2.9660841666E+01        -5.7707E-01        9.822E-02        78.323
13           -2.9629479297E+01         2.3271E+00        9.337E-02        78.208
14           -2.9607094103E+01         5.2575E-01        8.739E-02        78.441
15           -2.9572132392E+01         9.3428E-01        8.016E-02        78.202
16           -2.9553983754E+01         1.1668E+00        7.032E-02        78.795
17           -2.9539787263E+01         1.3877E+00        6.069E-02        78.072
18           -2.9514267779E+01         1.8505E+00        9.964E-02        78.173
19           -2.9501335497E+01         2.0303E+00        4.405E-02        78.067
20           -2.9474390401E+01         3.0155E+00        5.002E-02        80.213
21           -2.9457845699E+01         1.6998E+00        2.724E-02        78.172
22           -2.9438214364E+01         1.1532E+00        2.232E-02        78.235
23           -2.9426004804E+01         1.2364E+00        2.185E-02        78.279
24           -2.9417049698E+01         1.7458E+00        2.154E-02        78.095
25           -2.9394819819E+01         1.0948E+00        1.705E-02        78.526
26           -2.9386301147E+01         1.6127E+00        1.615E-02        78.423
27           -2.9366251225E+01         9.7808E-01        1.470E-02        78.217
28           -2.9360298818E+01         1.5912E+00        1.365E-02        78.154
29           -2.9350289449E+01         1.2038E+00        1.533E-02        77.999
30           -2.9350968585E+01         1.1901E+00        1.591E-02        78.239
31           -2.9346503159E+01         8.5583E-01        1.808E-02        78.001
32           -2.9346394805E+01         8.2717E-01        1.804E-02        77.935
33           -2.9345781026E+01         1.0207E+00        1.234E-02        78.185
34           -2.9345327085E+01         8.1710E-01        1.615E-02        78.178
35           -2.9342984351E+01         6.9556E-01        1.389E-02        78.232
36           -2.9334871567E+01         6.4704E-01        1.971E-02        78.105
37           -2.9335104809E+01         2.4520E-01        1.094E-02        78.323
38           -2.9331274228E+01         3.4516E-02        6.413E-03        78.317
39           -2.9329455489E+01        -4.9953E-02        5.571E-03        78.330
40           -2.9328672663E+01        -1.0794E-01        5.476E-03        78.270
41           -2.9328677755E+01        -8.6407E-02        4.674E-03        78.327
42           -2.9327973874E+01        -1.0487E-01        3.353E-03        78.155
43           -2.9327110518E+01        -8.2574E-02        3.730E-03        79.885
44           -2.9327225499E+01        -5.4162E-02        3.349E-03        78.180
45           -2.9327514795E+01         4.5364E-03        4.355E-03        78.118
46           -2.9326869667E+01         6.9918E-03        3.225E-03        78.048
47           -2.9326337385E+01         5.8216E-03        1.399E-03        78.098
48           -2.9326214373E+01         6.2254E-03        1.037E-03        78.937
49           -2.9325908073E+01        -2.6515E-03        1.250E-03        78.385
50           -2.9325839829E+01        -9.1913E-03        6.932E-04        77.901
Total number of SCF: 50    

k = [-0.250, -0.250, 0.000]
Occupation of state 213 = 0.000000000008125.
Occupation of state 237 = 0.000000000000000.

No.1 Exx outer loop: 
1            -2.9118463493E+01        -2.4572E-02        1.548E-02        115.574
2            -2.9109654625E+01        -1.9978E-02        1.532E-02        112.716
3            -2.9113523995E+01        -1.6681E-02        1.253E-02        111.361
4            -2.9118443736E+01         2.0677E-02        9.643E-03        127.606
5            -2.9118966593E+01        -1.1266E-02        8.798E-03        112.234
6            -2.9121191925E+01        -9.4786E-03        8.733E-03        111.157
7            -2.9119639013E+01        -2.5502E-02        6.053E-03        111.247
8            -2.9119305369E+01        -8.1883E-03        8.025E-03        111.333
9            -2.9121231545E+01        -1.8461E-02        4.232E-03        111.019
10           -2.9121290409E+01        -2.5152E-02        2.071E-03        110.956
11           -2.9120784174E+01        -3.6301E-02        3.099E-03        111.049
12           -2.9120847336E+01        -2.6367E-02        1.765E-03        111.116
13           -2.9121749678E+01        -2.2487E-02        7.347E-03        110.775
14           -2.9120857124E+01        -2.5651E-02        2.879E-03        110.871
15           -2.9120826943E+01        -2.9661E-02        9.319E-04        111.257
16           -2.9120718564E+01        -3.1628E-02        4.097E-04        111.278
17           -2.9120564774E+01        -3.2438E-02        4.056E-04        112.923
18           -2.9120525377E+01        -3.0224E-02        2.592E-04        115.097
19           -2.9120515679E+01        -2.9774E-02        3.275E-04        110.930
20           -2.9120483945E+01        -2.9916E-02        3.215E-04        110.927
21           -2.9120374275E+01        -3.0339E-02        1.761E-04        110.932
22           -2.9120310283E+01        -3.0721E-02        1.309E-04        111.221
23           -2.9120276173E+01        -3.1003E-02        4.664E-05        111.016
24           -2.9120265517E+01        -3.1384E-02        2.518E-05        110.793
25           -2.9120264975E+01        -3.1614E-02        1.964E-05        110.989
26           -2.9120257015E+01        -3.1868E-02        1.563E-05        110.800
27           -2.9120258483E+01        -3.1995E-02        1.427E-05        110.929
28           -2.9120252487E+01        -3.2091E-02        9.972E-06        110.715
29           -2.9120250591E+01        -3.2107E-02        9.081E-06        110.817
30           -2.9120252304E+01        -3.2128E-02        1.120E-05        111.262
31           -2.9120253041E+01        -3.2115E-02        5.793E-06        111.389
32           -2.9120252255E+01        -3.2098E-02        3.883E-06        111.630
33           -2.9120252596E+01        -3.2087E-02        3.461E-06        111.208
34           -2.9120251866E+01        -3.2078E-02        3.977E-06        111.272
35           -2.9120251821E+01        -3.2070E-02        1.592E-06        111.002
36           -2.9120251790E+01        -3.2063E-02        1.657E-06        110.596
37           -2.9120251797E+01        -3.2054E-02        3.126E-06        113.982
38           -2.9120251486E+01        -3.2052E-02        2.324E-06        114.306
39           -2.9120251491E+01        -3.2054E-02        1.686E-06        113.933
40           -2.9120251414E+01        -3.2049E-02        3.340E-07        113.615
Total number of SCF: 40    

k = [-0.250, -0.250, 0.000]
Occupation of state 213 = 0.000000000000012.
Occupation of state 237 = 0.000000000000000.
Exx outer loop error: 2.7458715829e-01 

No.2 Exx outer loop: 
1            -2.9120534541E+01        -6.4684E-02        1.513E-03        115.531
2            -2.9119822775E+01        -7.0836E-02        1.709E-03        111.164
3            -2.9120001440E+01        -7.3711E-02        2.452E-03        111.240
4            -2.9120504679E+01        -7.8575E-02        2.002E-03        111.239
5            -2.9121041128E+01        -8.8518E-02        1.874E-03        111.241
6            -2.9121049423E+01        -6.7202E-02        2.823E-03        111.187
7            -2.9120898587E+01        -6.5559E-02        2.910E-03        111.236
8            -2.9120826618E+01        -6.7952E-02        2.222E-03        111.201
9            -2.9120767957E+01        -7.4037E-02        1.482E-03        111.031
10           -2.9120721729E+01        -8.3941E-02        7.265E-04        111.204
11           -2.9120644530E+01        -8.5932E-02        9.246E-04        111.104
12           -2.9120612623E+01        -8.6617E-02        1.064E-03        110.933
13           -2.9120626673E+01        -8.5367E-02        1.234E-03        111.850
14           -2.9120581463E+01        -8.7248E-02        1.052E-03        110.990
15           -2.9120595352E+01        -8.6341E-02        1.042E-03        114.847
16           -2.9120603351E+01        -9.0886E-02        6.568E-04        111.331
17           -2.9120555604E+01        -1.0457E-01        3.365E-04        113.352
18           -2.9120553339E+01        -1.0235E-01        1.988E-04        111.033
19           -2.9120562627E+01        -1.0621E-01        1.068E-04        126.283
20           -2.9120563040E+01        -1.0830E-01        7.521E-05        111.059
21           -2.9120548965E+01        -1.1137E-01        3.617E-05        111.235
22           -2.9120534399E+01        -1.1288E-01        1.498E-05        111.079
23           -2.9120528813E+01        -1.1357E-01        2.122E-05        110.785
24           -2.9120527058E+01        -1.1375E-01        1.408E-05        110.751
25           -2.9120523989E+01        -1.1393E-01        1.551E-05        110.732
26           -2.9120522429E+01        -1.1397E-01        1.443E-05        114.722
27           -2.9120521731E+01        -1.1388E-01        5.336E-06        113.578
28           -2.9120518767E+01        -1.1417E-01        9.346E-06        113.527
29           -2.9120517999E+01        -1.1412E-01        8.407E-06        114.030
30           -2.9120517847E+01        -1.1418E-01        5.310E-06        114.678
31           -2.9120517075E+01        -1.1420E-01        7.034E-06        113.730
32           -2.9120517048E+01        -1.1422E-01        3.674E-06        113.704
33           -2.9120516407E+01        -1.1419E-01        3.819E-06        120.196
34           -2.9120516253E+01        -1.1421E-01        1.520E-06        113.590
35           -2.9120516089E+01        -1.1419E-01        1.414E-06        113.706
36           -2.9120515873E+01        -1.1418E-01        9.108E-07        113.653
Total number of SCF: 36    

k = [-0.250, -0.250, 0.000]
Occupation of state 213 = 0.000000000000014.
Occupation of state 237 = 0.000000000000000.
Exx outer loop error: 1.7896145112e-02 

No.3 Exx outer loop: 
1            -2.9120552092E+01        -2.3478E-01        1.340E-03        115.198
2            -2.9120703685E+01        -2.5462E-01        1.535E-03        115.766
3            -2.9120813065E+01        -3.1580E-01        2.177E-03        111.263
4            -2.9120826800E+01        -3.2937E-01        1.347E-03        112.706
5            -2.9120812052E+01        -2.6872E-01        1.393E-03        111.954
6            -2.9120730004E+01        -2.9930E-01        3.905E-04        111.983
7            -2.9120806953E+01        -3.1167E-01        3.203E-04        111.706
8            -2.9120853182E+01        -3.0861E-01        3.865E-04        111.843
9            -2.9120870707E+01        -3.2510E-01        2.699E-04        111.722
10           -2.9120821154E+01        -3.1821E-01        4.402E-04        111.941
11           -2.9120667159E+01        -3.2965E-01        1.483E-04        111.743
12           -2.9120594509E+01        -3.3908E-01        8.235E-05        111.547
13           -2.9120565256E+01        -3.3862E-01        5.941E-05        111.624
14           -2.9120552831E+01        -3.3571E-01        9.476E-05        111.504
15           -2.9120549305E+01        -3.3642E-01        4.112E-05        111.464
16           -2.9120530134E+01        -3.3779E-01        6.265E-05        111.286
17           -2.9120535375E+01        -3.3541E-01        3.416E-05        111.770
18           -2.9120523920E+01        -3.3595E-01        1.386E-05        111.280
19           -2.9120525937E+01        -3.3569E-01        1.337E-05        111.253
20           -2.9120526580E+01        -3.3632E-01        1.316E-05        111.464
21           -2.9120527677E+01        -3.3608E-01        4.221E-06        115.904
22           -2.9120528730E+01        -3.3601E-01        5.927E-06        119.430
23           -2.9120528609E+01        -3.3610E-01        1.539E-06        113.544
24           -2.9120529398E+01        -3.3625E-01        4.939E-06        113.800
25           -2.9120528920E+01        -3.3602E-01        4.199E-06        140.089
26           -2.9120529257E+01        -3.3620E-01        2.362E-06        134.167
27           -2.9120529339E+01        -3.3615E-01        6.639E-07        112.595
Total number of SCF: 27    

k = [-0.250, -0.250, 0.000]
Occupation of state 213 = 0.000000000000006.
Occupation of state 237 = 0.000000000000000.
Exx outer loop error: 3.6348101366e-03 

No.4 Exx outer loop: 
1            -2.9120600290E+01        -5.9608E-01        3.866E-03        116.076
2            -2.9121062896E+01        -4.7171E-01        1.997E-03        111.533
3            -2.9121388122E+01        -2.8332E-01        4.619E-03        111.532
4            -2.9121165095E+01        -4.0878E-01        1.941E-03        111.310
5            -2.9121073781E+01        -4.7629E-01        8.674E-04        111.339
6            -2.9121109277E+01        -5.4267E-01        1.470E-03        114.093
7            -2.9121114459E+01        -5.4105E-01        1.075E-03        111.495
8            -2.9121087158E+01        -5.4065E-01        7.251E-04        111.398
9            -2.9120957133E+01        -5.2736E-01        5.883E-04        111.569
10           -2.9120864451E+01        -5.3979E-01        3.441E-04        134.486
11           -2.9120746415E+01        -5.6766E-01        5.919E-04        111.416
12           -2.9120689907E+01        -5.3760E-01        3.996E-04        112.640
13           -2.9120614641E+01        -5.4795E-01        1.084E-04        111.402
14           -2.9120585904E+01        -5.4922E-01        6.734E-05        111.386
15           -2.9120565802E+01        -5.5170E-01        7.041E-05        111.332
16           -2.9120573130E+01        -5.4984E-01        3.382E-05        113.489
17           -2.9120562731E+01        -5.5098E-01        4.668E-05        111.585
18           -2.9120561184E+01        -5.4912E-01        2.028E-05        111.207
19           -2.9120563004E+01        -5.4957E-01        1.332E-05        111.362
20           -2.9120562708E+01        -5.5005E-01        2.475E-05        111.165
21           -2.9120561728E+01        -5.4892E-01        1.305E-05        111.474
22           -2.9120557274E+01        -5.4936E-01        5.219E-06        111.275
23           -2.9120557348E+01        -5.5076E-01        4.648E-05        111.121
24           -2.9120554547E+01        -5.4841E-01        2.118E-05        111.086
25           -2.9120554637E+01        -5.4887E-01        8.610E-06        111.330
26           -2.9120553838E+01        -5.4941E-01        8.793E-06        111.124
27           -2.9120552696E+01        -5.4923E-01        1.617E-06        111.173
28           -2.9120552579E+01        -5.4936E-01        4.273E-06        111.123
29           -2.9120552221E+01        -5.4913E-01        2.599E-06        111.659
30           -2.9120552086E+01        -5.4911E-01        2.964E-06        112.191
31           -2.9120552063E+01        -5.4920E-01        6.550E-07        111.395
Total number of SCF: 31    

k = [-0.250, -0.250, 0.000]
Occupation of state 213 = 0.000000000000000.
Occupation of state 237 = 0.000000000000000.
Exx outer loop error: 4.6503342311e-03 

No.5 Exx outer loop: 
1            -2.9120626651E+01        -7.6945E-01        3.731E-03        115.687
2            -2.9120990239E+01        -6.1284E-01        1.875E-03        111.202
3            -2.9120880853E+01        -6.4234E-01        1.330E-03        111.256
4            -2.9120819459E+01        -6.7244E-01        8.618E-04        111.574
5            -2.9120705879E+01        -6.9469E-01        6.439E-04        111.628
6            -2.9120662880E+01        -7.1396E-01        2.072E-04        111.405
7            -2.9120658414E+01        -7.0908E-01        1.244E-04        112.147
8            -2.9120638738E+01        -7.1196E-01        5.733E-05        111.567
9            -2.9120626741E+01        -7.1232E-01        4.885E-05        111.518
10           -2.9120604500E+01        -7.1397E-01        4.778E-05        111.182
11           -2.9120594514E+01        -7.1407E-01        3.689E-05        111.286
12           -2.9120589594E+01        -7.1225E-01        5.970E-05        111.155
13           -2.9120585458E+01        -7.1483E-01        7.273E-05        111.431
14           -2.9120576215E+01        -7.1226E-01        5.180E-05        111.225
15           -2.9120575138E+01        -7.1269E-01        3.272E-05        111.579
16           -2.9120572339E+01        -7.1304E-01        1.105E-05        110.895
17           -2.9120572596E+01        -7.1355E-01        1.209E-05        111.393
18           -2.9120570865E+01        -7.1254E-01        3.137E-05        111.247
19           -2.9120571463E+01        -7.1345E-01        5.183E-06        111.025
20           -2.9120570962E+01        -7.1345E-01        6.506E-06        111.282
21           -2.9120570487E+01        -7.1332E-01        4.744E-06        111.456
22           -2.9120569876E+01        -7.1319E-01        7.993E-06        111.068
23           -2.9120570154E+01        -7.1353E-01        3.231E-06        110.842
24           -2.9120570032E+01        -7.1348E-01        1.604E-06        112.575
25           -2.9120569852E+01        -7.1347E-01        7.095E-07        111.151
Total number of SCF: 25    

k = [-0.250, -0.250, 0.000]
Occupation of state 213 = 0.000000000000000.
Occupation of state 237 = 0.000000000000000.
Exx outer loop error: 5.4847284554e-03 

No.6 Exx outer loop: 
1            -2.9120587696E+01        -8.4864E-01        1.710E-03        116.024
2            -2.9120824919E+01        -7.7979E-01        1.001E-03        111.526
3            -2.9120727199E+01        -8.1259E-01        5.939E-04        111.501
4            -2.9120736582E+01        -8.1917E-01        5.472E-04        111.448
5            -2.9120705945E+01        -8.2561E-01        1.601E-04        112.014
6            -2.9120659566E+01        -8.3120E-01        9.143E-05        111.680
7            -2.9120627810E+01        -8.3333E-01        3.305E-04        111.330
8            -2.9120636372E+01        -8.3426E-01        5.206E-04        111.402
9            -2.9120614916E+01        -8.3314E-01        3.399E-04        112.110
10           -2.9120591693E+01        -8.3154E-01        2.900E-05        112.232
11           -2.9120586227E+01        -8.3123E-01        1.890E-05        111.485
12           -2.9120585062E+01        -8.3112E-01        1.343E-05        111.507
13           -2.9120578742E+01        -8.3102E-01        7.103E-06        111.349
14           -2.9120578622E+01        -8.3087E-01        8.252E-06        111.413
15           -2.9120578550E+01        -8.3080E-01        7.252E-06        112.379
16           -2.9120578935E+01        -8.3082E-01        7.947E-06        112.498
17           -2.9120576677E+01        -8.3075E-01        7.225E-06        111.075
18           -2.9120576831E+01        -8.3087E-01        3.773E-06        111.139
19           -2.9120575877E+01        -8.3085E-01        5.381E-06        110.978
20           -2.9120575991E+01        -8.3087E-01        5.948E-06        111.314
21           -2.9120576153E+01        -8.3095E-01        4.917E-06        111.156
22           -2.9120576046E+01        -8.3091E-01        6.165E-06        111.114
23           -2.9120576044E+01        -8.3090E-01        6.265E-06        111.542
24           -2.9120576024E+01        -8.3089E-01        7.505E-06        112.726
25           -2.9120575994E+01        -8.3088E-01        8.504E-06        110.980
26           -2.9120575904E+01        -8.3087E-01        8.073E-06        110.791
27           -2.9120575834E+01        -8.3084E-01        9.353E-06        110.929
28           -2.9120575805E+01        -8.3086E-01        8.552E-06        110.751
29           -2.9120575804E+01        -8.3086E-01        8.599E-06        110.950
30           -2.9120575716E+01        -8.3085E-01        9.074E-06        110.916
31           -2.9120575758E+01        -8.3093E-01        4.280E-06        110.878
32           -2.9120575706E+01        -8.3094E-01        3.494E-06        111.103
33           -2.9120575715E+01        -8.3093E-01        4.171E-06        110.936
34           -2.9120575753E+01        -8.3092E-01        6.257E-06        117.920
35           -2.9120575798E+01        -8.3091E-01        7.896E-06        113.676
36           -2.9120575761E+01        -8.3091E-01        7.610E-06        112.775
37           -2.9120575726E+01        -8.3089E-01        7.110E-06        115.453
38           -2.9120575495E+01        -8.3087E-01        6.999E-06        126.243
39           -2.9120575519E+01        -8.3088E-01        7.154E-06        138.141
40           -2.9120575583E+01        -8.3090E-01        3.994E-06        130.419
41           -2.9120575737E+01        -8.3090E-01        1.785E-06        135.191
42           -2.9120575857E+01        -8.3091E-01        4.960E-07        135.412
Total number of SCF: 42    

k = [-0.250, -0.250, 0.000]
Occupation of state 213 = 0.000000000000000.
Occupation of state 237 = 0.000000000000000.
Exx outer loop error: 4.0692183562e-03 

No.7 Exx outer loop: 
1            -2.9120569115E+01        -8.9663E-01        8.064E-04        115.861
2            -2.9120695442E+01        -8.6861E-01        7.748E-04        112.204
3            -2.9120610222E+01        -8.6880E-01        2.333E-03        113.711
4            -2.9120637462E+01        -8.8423E-01        8.915E-04        111.890
5            -2.9120674399E+01        -8.8948E-01        8.895E-04        111.672
6            -2.9120644874E+01        -8.7938E-01        4.334E-04        111.455
7            -2.9120630208E+01        -8.8424E-01        2.747E-04        111.446
8            -2.9120618561E+01        -8.8412E-01        2.849E-04        111.637
9            -2.9120612312E+01        -8.8637E-01        9.091E-05        111.555
10           -2.9120607183E+01        -8.8669E-01        5.810E-05        111.387
11           -2.9120602843E+01        -8.8704E-01        3.705E-05        111.847
12           -2.9120598012E+01        -8.8712E-01        3.053E-05        111.618
13           -2.9120591538E+01        -8.8720E-01        2.961E-05        111.454
14           -2.9120586718E+01        -8.8736E-01        1.360E-05        127.289
15           -2.9120586727E+01        -8.8742E-01        6.858E-06        111.678
16           -2.9120584598E+01        -8.8746E-01        5.429E-06        111.489
17           -2.9120581905E+01        -8.8757E-01        9.799E-06        112.223
18           -2.9120580835E+01        -8.8758E-01        5.342E-06        111.714
19           -2.9120580325E+01        -8.8756E-01        1.890E-06        112.539
20           -2.9120580444E+01        -8.8758E-01        2.342E-06        111.465
21           -2.9120580155E+01        -8.8759E-01        1.452E-06        111.633
22           -2.9120579837E+01        -8.8757E-01        8.874E-07        111.595
Total number of SCF: 22    

k = [-0.250, -0.250, 0.000]
Occupation of state 213 = 0.000000000000000.
Occupation of state 237 = 0.000000000000000.
Exx outer loop error: 4.1332127810e-03 

No.8 Exx outer loop: 
1            -2.9120572255E+01        -9.1728E-01        4.665E-04        115.674
2            -2.9120628845E+01        -9.0658E-01        4.823E-04        111.929
3            -2.9120760361E+01        -9.0454E-01        3.561E-03        111.238
4            -2.9120676744E+01        -9.0546E-01        2.157E-03        113.330
5            -2.9120717075E+01        -9.0512E-01        2.297E-03        111.857
6            -2.9120720051E+01        -9.0597E-01        2.870E-03        111.809
7            -2.9120725735E+01        -9.0640E-01        2.518E-03        112.682
8            -2.9120619665E+01        -9.1047E-01        2.985E-04        138.277
9            -2.9120592653E+01        -9.1092E-01        1.276E-04        114.149
10           -2.9120590141E+01        -9.1203E-01        7.462E-05        120.600
11           -2.9120595512E+01        -9.1243E-01        5.817E-05        114.578
12           -2.9120594942E+01        -9.1302E-01        5.510E-05        135.441
13           -2.9120591113E+01        -9.1333E-01        5.144E-05        111.315
14           -2.9120591904E+01        -9.1345E-01        3.904E-05        111.282
15           -2.9120590206E+01        -9.1348E-01        3.782E-05        135.575
16           -2.9120589223E+01        -9.1351E-01        3.821E-05        111.265
17           -2.9120595267E+01        -9.1343E-01        4.309E-05        111.452
18           -2.9120583622E+01        -9.1355E-01        4.087E-05        111.377
19           -2.9120580360E+01        -9.1361E-01        3.833E-05        111.550
20           -2.9120583743E+01        -9.1360E-01        3.222E-05        111.370
21           -2.9120582755E+01        -9.1363E-01        1.385E-05        111.203
22           -2.9120582395E+01        -9.1384E-01        1.585E-05        111.352
23           -2.9120581899E+01        -9.1376E-01        7.246E-06        111.402
24           -2.9120582654E+01        -9.1372E-01        3.226E-06        111.257
25           -2.9120582056E+01        -9.1371E-01        1.411E-06        111.194
26           -2.9120581301E+01        -9.1372E-01        2.009E-06        111.281
27           -2.9120580952E+01        -9.1374E-01        1.467E-06        111.622
28           -2.9120580861E+01        -9.1373E-01        4.396E-07        111.403
Total number of SCF: 28    

k = [-0.250, -0.250, 0.000]
Occupation of state 213 = 0.000000000000000.
Occupation of state 237 = 0.000000000000000.
Exx outer loop error: 1.7093746238e-03 

No.9 Exx outer loop: 
1            -2.9120574832E+01        -9.2796E-01        3.066E-04        116.119
2            -2.9120603861E+01        -9.2426E-01        3.365E-04        112.687
3            -2.9120646239E+01        -9.2110E-01        4.121E-04        112.427
4            -2.9120624442E+01        -9.2477E-01        7.963E-05        111.844
5            -2.9120607887E+01        -9.2627E-01        1.650E-04        111.729
6            -2.9120605553E+01        -9.2597E-01        1.817E-04        111.826
7            -2.9120609948E+01        -9.2661E-01        4.813E-04        111.558
8            -2.9120589122E+01        -9.2622E-01        1.200E-04        111.269
9            -2.9120587695E+01        -9.2673E-01        1.046E-05        111.328
10           -2.9120590759E+01        -9.2676E-01        9.108E-05        111.309
11           -2.9120585186E+01        -9.2681E-01        4.325E-05        111.525
12           -2.9120587559E+01        -9.2675E-01        4.425E-05        111.585
13           -2.9120588734E+01        -9.2686E-01        9.265E-05        111.313
14           -2.9120583805E+01        -9.2699E-01        8.043E-06        111.139
15           -2.9120583551E+01        -9.2700E-01        6.982E-06        111.378
16           -2.9120583582E+01        -9.2700E-01        1.476E-06        111.370
17           -2.9120583248E+01        -9.2699E-01        1.795E-06        112.010
18           -2.9120582574E+01        -9.2700E-01        2.697E-06        112.183
19           -2.9120582120E+01        -9.2702E-01        1.212E-06        111.568
20           -2.9120582062E+01        -9.2702E-01        1.324E-06        112.450
21           -2.9120581672E+01        -9.2701E-01        2.359E-06        112.410
22           -2.9120581591E+01        -9.2702E-01        7.811E-07        113.111
Total number of SCF: 22    

k = [-0.250, -0.250, 0.000]
Occupation of state 213 = 0.000000000000000.
Occupation of state 237 = 0.000000000000000.
Exx outer loop error: 1.0143142428e-03 

No.10 Exx outer loop: 
1            -2.9120577125E+01        -9.3445E-01        2.205E-04        117.710
2            -2.9120593278E+01        -9.3324E-01        2.268E-04        111.742
3            -2.9120708051E+01        -9.3046E-01        1.802E-03        111.247
4            -2.9120664472E+01        -9.3153E-01        1.060E-03        111.451
5            -2.9120632914E+01        -9.3393E-01        9.797E-04        111.721
6            -2.9120614387E+01        -9.3344E-01        7.272E-04        111.322
7            -2.9120589691E+01        -9.3348E-01        3.338E-04        111.482
8            -2.9120568825E+01        -9.3436E-01        2.329E-05        112.503
9            -2.9120580389E+01        -9.3416E-01        1.611E-05        111.479
10           -2.9120581156E+01        -9.3429E-01        1.780E-05        111.428
11           -2.9120580622E+01        -9.3420E-01        2.943E-05        111.373
12           -2.9120582297E+01        -9.3430E-01        3.295E-06        111.263
13           -2.9120581036E+01        -9.3434E-01        2.186E-06        111.313
14           -2.9120580914E+01        -9.3439E-01        6.526E-06        111.014
15           -2.9120580619E+01        -9.3436E-01        3.182E-06        111.695
16           -2.9120580611E+01        -9.3438E-01        1.749E-06        111.052
17           -2.9120580875E+01        -9.3438E-01        5.971E-06        111.175
18           -2.9120580837E+01        -9.3437E-01        3.567E-06        111.365
19           -2.9120580949E+01        -9.3435E-01        2.263E-06        122.473
20           -2.9120581070E+01        -9.3435E-01        1.947E-06        111.140
21           -2.9120581176E+01        -9.3435E-01        1.167E-06        111.151
22           -2.9120581237E+01        -9.3435E-01        4.233E-07        111.126
Total number of SCF: 22    

k = [-0.250, -0.250, 0.000]
Occupation of state 213 = 0.000000000000000.
Occupation of state 237 = 0.000000000000000.
Exx outer loop error: 2.2710789988e-04 

No.11 Exx outer loop: 
1            -2.9120577897E+01        -9.3870E-01        1.576E-04        115.811
2            -2.9120587932E+01        -9.3801E-01        1.381E-04        112.634
3            -2.9120586703E+01        -9.3804E-01        1.114E-04        111.849
4            -2.9120591457E+01        -9.3804E-01        5.438E-05        112.458
5            -2.9120589989E+01        -9.3855E-01        2.079E-05        111.810
6            -2.9120583370E+01        -9.3886E-01        3.492E-05        111.355
7            -2.9120580564E+01        -9.3846E-01        4.646E-05        111.295
8            -2.9120579563E+01        -9.3862E-01        6.841E-06        111.354
9            -2.9120579965E+01        -9.3877E-01        4.983E-06        111.497
10           -2.9120580112E+01        -9.3873E-01        2.218E-06        111.955
11           -2.9120580530E+01        -9.3875E-01        2.841E-06        111.381
12           -2.9120580908E+01        -9.3872E-01        1.876E-06        111.153
13           -2.9120581078E+01        -9.3872E-01        2.298E-06        111.194
14           -2.9120581142E+01        -9.3873E-01        3.799E-07        111.419
Total number of SCF: 14    

k = [-0.250, -0.250, 0.000]
Occupation of state 213 = 0.000000000000000.
Occupation of state 237 = 0.000000000000000.
Exx outer loop error: 3.3165171896e-04 

No.12 Exx outer loop: 
1            -2.9120578613E+01        -9.4137E-01        1.157E-04        115.507
2            -2.9120584996E+01        -9.4115E-01        9.159E-05        111.275
3            -2.9120581762E+01        -9.4087E-01        5.846E-05        115.820
4            -2.9120583618E+01        -9.4174E-01        3.372E-05        116.017
5            -2.9120582232E+01        -9.4130E-01        5.069E-05        111.396
6            -2.9120581476E+01        -9.4145E-01        1.410E-05        111.688
7            -2.9120580722E+01        -9.4152E-01        3.561E-06        111.829
8            -2.9120580395E+01        -9.4151E-01        3.598E-06        111.577
9            -2.9120580543E+01        -9.4151E-01        1.767E-06        111.666
10           -2.9120580953E+01        -9.4149E-01        1.269E-06        111.271
11           -2.9120581101E+01        -9.4149E-01        3.230E-06        111.491
12           -2.9120581161E+01        -9.4149E-01        2.013E-06        111.496
13           -2.9120581374E+01        -9.4150E-01        7.866E-07        111.142
Total number of SCF: 13    

k = [-0.250, -0.250, 0.000]
Occupation of state 213 = 0.000000000000000.
Occupation of state 237 = 0.000000000000000.
Exx outer loop error: 3.9914519229e-04 

No.13 Exx outer loop: 
1            -2.9120579392E+01        -9.4315E-01        9.802E-05        115.662
2            -2.9120584117E+01        -9.4333E-01        9.625E-05        111.271
3            -2.9120592268E+01        -9.4297E-01        8.835E-05        111.552
4            -2.9120591036E+01        -9.4283E-01        3.027E-05        111.657
5            -2.9120587407E+01        -9.4316E-01        2.027E-05        111.651
6            -2.9120594967E+01        -9.4320E-01        1.188E-04        111.929
7            -2.9120587929E+01        -9.4326E-01        7.308E-06        112.179
8            -2.9120590323E+01        -9.4320E-01        5.293E-05        116.638
9            -2.9120585717E+01        -9.4328E-01        1.386E-05        118.215
10           -2.9120583866E+01        -9.4334E-01        3.523E-06        113.862
11           -2.9120583271E+01        -9.4334E-01        1.081E-06        125.629
12           -2.9120582858E+01        -9.4334E-01        9.084E-07        129.096
Total number of SCF: 12    

k = [-0.250, -0.250, 0.000]
Occupation of state 213 = 0.000000000000000.
Occupation of state 237 = 0.000000000000000.
Exx outer loop error: 8.8896063460e-04 

No.14 Exx outer loop: 
1            -2.9120583220E+01        -9.4472E-01        5.131E-05        115.772
2            -2.9120582118E+01        -9.4424E-01        5.355E-05        111.339
3            -2.9120593438E+01        -9.4437E-01        2.149E-04        111.347
4            -2.9120582232E+01        -9.4477E-01        4.424E-05        111.878
5            -2.9120582715E+01        -9.4471E-01        1.360E-05        113.147
6            -2.9120583502E+01        -9.4462E-01        5.774E-06        111.342
7            -2.9120584094E+01        -9.4463E-01        3.985E-06        111.212
8            -2.9120584202E+01        -9.4462E-01        3.337E-06        111.205
9            -2.9120583483E+01        -9.4466E-01        2.511E-06        111.407
10           -2.9120583274E+01        -9.4466E-01        2.931E-06        111.172
11           -2.9120582979E+01        -9.4463E-01        3.973E-06        111.508
12           -2.9120582905E+01        -9.4466E-01        2.869E-06        112.137
13           -2.9120582279E+01        -9.4465E-01        3.435E-06        111.237
14           -2.9120581859E+01        -9.4463E-01        1.216E-06        114.403
15           -2.9120581811E+01        -9.4463E-01        8.086E-07        111.130
Total number of SCF: 15    

k = [-0.250, -0.250, 0.000]
Occupation of state 213 = 0.000000000000000.
Occupation of state 237 = 0.000000000000000.
Exx outer loop error: 4.3459366579e-04 

No.15 Exx outer loop: 
1            -2.9120581018E+01        -9.4564E-01        4.805E-05        119.725
2            -2.9120582651E+01        -9.4531E-01        3.298E-05        118.595
3            -2.9120583627E+01        -9.4551E-01        1.464E-05        114.090
4            -2.9120581136E+01        -9.4581E-01        1.579E-05        126.566
5            -2.9120582719E+01        -9.4526E-01        3.325E-05        133.093
6            -2.9120580348E+01        -9.4554E-01        3.496E-06        129.297
7            -2.9120580679E+01        -9.4544E-01        1.715E-05        111.590
8            -2.9120580797E+01        -9.4555E-01        2.077E-06        119.637
9            -2.9120580914E+01        -9.4554E-01        3.257E-06        134.306
10           -2.9120581136E+01        -9.4557E-01        3.673E-06        114.890
11           -2.9120581037E+01        -9.4555E-01        7.602E-07        111.989
Total number of SCF: 11    

k = [-0.250, -0.250, 0.000]
Occupation of state 213 = 0.000000000000000.
Occupation of state 237 = 0.000000000000000.
Exx outer loop error: 2.9686376250e-04 

No.16 Exx outer loop: 
1            -2.9120580984E+01        -9.4639E-01        3.394E-05        116.679
2            -2.9120580064E+01        -9.4575E-01        8.843E-05        111.475
3            -2.9120588700E+01        -9.4590E-01        5.340E-05        111.660
4            -2.9120585067E+01        -9.4613E-01        1.704E-05        111.512
5            -2.9120584392E+01        -9.4617E-01        6.580E-06        111.240
6            -2.9120583697E+01        -9.4620E-01        5.375E-06        111.600
7            -2.9120583765E+01        -9.4617E-01        6.286E-06        110.982
8            -2.9120582974E+01        -9.4623E-01        3.973E-06        115.332
9            -2.9120582772E+01        -9.4619E-01        5.197E-06        112.311
10           -2.9120582631E+01        -9.4619E-01        3.393E-06        111.733
11           -2.9120582501E+01        -9.4621E-01        1.381E-06        117.499
12           -2.9120582201E+01        -9.4624E-01        3.173E-06        122.822
13           -2.9120582073E+01        -9.4623E-01        9.378E-07        110.908
Total number of SCF: 13    

k = [-0.250, -0.250, 0.000]
Occupation of state 213 = 0.000000000000000.
Occupation of state 237 = 0.000000000000000.
Exx outer loop error: 4.5120337105e-04 

No.17 Exx outer loop: 
1            -2.9120582225E+01        -9.4666E-01        1.907E-05        127.383
2            -2.9120581790E+01        -9.4660E-01        2.853E-05        111.646
3            -2.9120588634E+01        -9.4662E-01        1.549E-04        128.270
4            -2.9120587048E+01        -9.4659E-01        2.123E-05        124.778
5            -2.9120585727E+01        -9.4662E-01        2.347E-05        111.174
6            -2.9120584991E+01        -9.4669E-01        4.739E-06        118.796
7            -2.9120583759E+01        -9.4670E-01        3.427E-06        117.916
8            -2.9120583197E+01        -9.4668E-01        2.477E-06        134.259
9            -2.9120582722E+01        -9.4671E-01        1.690E-06        111.211
10           -2.9120582399E+01        -9.4671E-01        1.212E-06        111.028
11           -2.9120582260E+01        -9.4669E-01        1.508E-06        111.255
12           -2.9120582022E+01        -9.4670E-01        9.028E-07        110.832
Total number of SCF: 12    

k = [-0.250, -0.250, 0.000]
Occupation of state 213 = 0.000000000000000.
Occupation of state 237 = 0.000000000000000.
Exx outer loop error: 6.4773189047e-05 

No.18 Exx outer loop: 
1            -2.9120581777E+01        -9.4709E-01        2.960E-05        115.764
2            -2.9120582766E+01        -9.4703E-01        4.138E-05        111.523
3            -2.9120583562E+01        -9.4692E-01        8.511E-05        111.640
4            -2.9120581247E+01        -9.4700E-01        6.024E-06        111.553
5            -2.9120581660E+01        -9.4709E-01        1.050E-05        111.286
6            -2.9120581652E+01        -9.4707E-01        2.983E-06        111.609
7            -2.9120581608E+01        -9.4709E-01        6.722E-06        111.111
8            -2.9120581425E+01        -9.4706E-01        1.023E-06        111.364
9            -2.9120581505E+01        -9.4706E-01        2.038E-06        111.526
10           -2.9120581535E+01        -9.4709E-01        1.246E-06        111.412
11           -2.9120581615E+01        -9.4706E-01        1.158E-06        111.434
12           -2.9120581631E+01        -9.4706E-01        3.414E-07        113.471
Total number of SCF: 12    

k = [-0.250, -0.250, 0.000]
Occupation of state 213 = 0.000000000000000.
Occupation of state 237 = 0.000000000000000.
Exx outer loop error: 1.4555398344e-04 

No.19 Exx outer loop: 
1            -2.9120581896E+01        -9.4743E-01        1.682E-05        116.464
2            -2.9120580934E+01        -9.4711E-01        4.503E-05        111.230
3            -2.9120582853E+01        -9.4722E-01        7.060E-06        111.122
4            -2.9120582001E+01        -9.4726E-01        1.145E-05        111.163
5            -2.9120581797E+01        -9.4727E-01        9.296E-06        111.581
6            -2.9120581547E+01        -9.4732E-01        4.848E-06        111.397
7            -2.9120581766E+01        -9.4736E-01        5.806E-06        111.327
8            -2.9120581547E+01        -9.4733E-01        5.024E-07        111.098
Total number of SCF: 8     

k = [-0.250, -0.250, 0.000]
Occupation of state 213 = 0.000000000000000.
Occupation of state 237 = 0.000000000000000.
Exx outer loop error: 4.4199395270e-05 
====================================================================
                    Energy and force calculation                    
====================================================================
Free energy per atom               : -2.9120581569E+01 (Ha/atom)
Total free energy                  : -1.4560290784E+03 (Ha)
Band structure energy              : -3.7921124707E+02 (Ha)
Exchange correlation energy        : -2.5833357285E+02 (Ha)
Self and correction energy         : -1.9198311285E+03 (Ha)
Entropy*kb*T                       : -4.2378039487E-03 (Ha)
Fermi level                        : -1.8818766065E-01 (Ha)
RMS force                          :  1.9693601480E-02 (Ha/Bohr)
Maximum force                      :  1.0397497095E-01 (Ha/Bohr)
Time for force calculation         :  1.768 (sec)
***************************************************************************
                               Timing info                                 
***************************************************************************
Total walltime                     :  171057.086 sec
___________________________________________________________________________

***************************************************************************
*             Material Physics & Mechanics Group, Georgia Tech            *
*                       PI: Phanish Suryanarayana                         *
*                Main Developers: Qimen Xu, Abhiraj Sharma                *
*     Collaborators: J.E. Pask (LLNL), A.J. Medford (GT), E. Chow (GT)    *
*  Acknowledgements: U.S. DOE (DE-SC0019410); U.S. NSF (1333500,1553212)  *
***************************************************************************
                                                                           
