***************************************************************************
*                       SPARC (version Dec 27, 2021)                      *
*   Copyright (c) 2020 Material Physics & Mechanics Group, Georgia Tech   *
*           Distributed under GNU General Public License 3 (GPL)          *
*                   Start time: Fri Jan 14 15:22:40 2022                  *
***************************************************************************
                           Input parameters                                
***************************************************************************
CELL: 12.4338823950489 11.2657846029438 47.5378507412217 
LATVEC:
1.000000000000000 0.000000000000000 0.000000000000000 
-0.000130020950961 0.999999991547276 0.000000000000000 
0.000000000000000 -0.000000000000000 1.000000000000000 
FD_GRID: 66 60 252
FD_ORDER: 12
BC: P P D
KPOINT_GRID: 4 4 1
KPOINT_SHIFT: 0 0 0
SPIN_TYP: 1
ELEC_TEMP_TYPE: Gaussian
SMEARING: 0.007349864435
CHEB_DEGREE: 37
NSTATES: 241
EXCHANGE_CORRELATION: HSE
CALC_STRESS: 0
CALC_PRES: 0
CHEFSI_BOUND_FLAG: 0
MAXIT_SCF: 100
MINIT_SCF: 3
MAXIT_POISSON: 3000
TOL_SCF: 1.00E-06
POISSON_SOLVER: AAR
TOL_POISSON: 1.00E-08
TOL_LANCZOS: 1.00E-02
TOL_PSEUDOCHARGE: 1.00E-08
MIXING_VARIABLE: density
MIXING_PRECOND: kerker
MIXING_PRECOND_MAG: none
TOL_PRECOND: 3.54E-05
PRECOND_KERKER_KTF: 1
PRECOND_KERKER_THRESH: 0.1
MIXING_PARAMETER: 0.3
MIXING_PARAMETER_MAG: 0.3
MIXING_HISTORY: 7
PULAY_FREQUENCY: 1
PULAY_RESTART: 0
REFERENCE_CUTOFF: 0.5
RHO_TRIGGER: 4
FIX_RAND: 0
VERBOSITY: 1
PRINT_FORCES: 1
PRINT_ATOMS: 1
PRINT_EIGEN: 1
PRINT_DENSITY: 0
PRINT_ENERGY_DENSITY: 0
TOL_FOCK: 5.00E-05
TOL_SCF_INIT: 1.00E-04
MAXIT_FOCK: 1000
EXX_METHOD: FOURIER_SPACE
EXX_DIVERGENCE: AUXILIARY
ACE_FLAG: 1
EXX_ACE_MEM: 1
EXX_ACE_VALENCE_STATES: 10000
EXX_DOWNSAMPLING: 1 1 1
EXX_RANGE_FOCK: 0.106000
EXX_RANGE_PBE: 0.106000
OUTPUT_FILE: sprc-calc
***************************************************************************
                                Cell                                       
***************************************************************************
Lattice vectors (Bohr):
12.433882395048860 0.000000000000000 0.000000000000000 
-0.001464788027397 11.265784507717260 0.000000000000000 
0.000000000000000 -0.000000000000000 47.537850741221717 
Volume                  :  6.6589804186E+03 (Bohr^3)
***************************************************************************
                           Parallelization                                 
***************************************************************************
NP_SPIN_PARAL: 2
NP_KPOINT_PARAL: 10
NP_BAND_PARAL: 1
NP_DOMAIN_PARAL: 2 1 8
NP_DOMAIN_PHI_PARAL: 4 4 21
EIG_SERIAL_MAXNS: 1500
***************************************************************************
                             Initialization                                
***************************************************************************
Number of processors               :  336
Mesh spacing in x-direction        :  0.188392 (Bohr)
Mesh spacing in y-direction        :  0.187763 (Bohr)
Mesh spacing in z direction        :  0.188642 (Bohr)
Number of symmetry adapted k-points:  10
Output printed to                  :  sprc-calc.out
Final eigenvalues printed to       :  sprc-calc.eigen
Total number of atom types         :  4
Total number of atoms              :  55
Total number of electrons          :  394
Atom type 1  (valence electrons)   :  H 1
Pseudopotential                    :  H.psp8
Pseudocharge radii of atom type 1  :  3.77 3.76 3.77 (x, y, z dir)
Number of atoms of type 1          :  6
Atom type 2  (valence electrons)   :  N 5
Pseudopotential                    :  N.psp8
Pseudocharge radii of atom type 2  :  6.78 6.76 6.79 (x, y, z dir)
Number of atoms of type 2          :  2
Atom type 3  (valence electrons)   :  O 6
Pseudopotential                    :  O.psp8
Pseudocharge radii of atom type 3  :  6.78 6.76 6.79 (x, y, z dir)
Number of atoms of type 3          :  31
Atom type 4  (valence electrons)   :  Ti 12
Pseudopotential                    :  Ti.psp8
Pseudocharge radii of atom type 4  :  6.78 6.76 6.79 (x, y, z dir)
Number of atoms of type 4          :  16
Estimated total memory usage       :  452.57 GB
Estimated memory per processor     :  1.35 GB
========================================================================================
                    Self Consistent Field (SCF#1)                     
========================================================================================
Iteration     Free Energy (Ha/atom)    Magnetization     SCF Error        Timing (sec)
1            -2.6599926189E+01         2.1916E+00        4.737E-01        329.004
2            -2.9032168587E+01        -1.3519E+00        4.596E-01        82.310
3            -2.7727819190E+01         4.2395E+00        4.030E-01        82.642
4            -2.6939017081E+01        -8.0279E+00        3.441E-01        82.068
5            -2.7016497811E+01        -3.6516E+00        3.315E-01        81.108
6            -2.7224245157E+01        -7.0156E+00        3.455E-01        81.192
7            -2.7085209547E+01        -5.6243E+00        3.046E-01        81.105
8            -2.6973019716E+01         1.4591E+00        2.459E-01        81.066
9            -2.6936155707E+01         3.3650E+00        2.106E-01        81.123
10           -2.6981322516E+01         4.1874E+00        2.085E-01        81.277
11           -2.6870868650E+01         3.9072E+00        1.671E-01        81.428
12           -2.6822667665E+01         4.5201E+00        1.494E-01        81.284
13           -2.6794074106E+01         3.9097E+00        1.163E-01        81.177
14           -2.6770260124E+01         3.6397E+00        8.553E-02        81.802
15           -2.6769273759E+01         1.7194E+00        6.740E-02        91.470
16           -2.6750687793E+01         1.3783E+00        5.156E-02        81.685
17           -2.6753048916E+01         2.8213E+00        3.737E-02        81.546
18           -2.6749002898E+01         1.7291E+00        3.281E-02        82.632
19           -2.6742648581E+01         5.7560E-01        2.916E-02        82.205
20           -2.6738254244E+01         5.1650E-01        2.976E-02        82.074
21           -2.6737123684E+01         4.8038E-01        2.937E-02        82.168
22           -2.6736960578E+01         8.6622E-01        2.866E-02        82.359
23           -2.6736386528E+01        -7.5791E-03        2.851E-02        82.160
24           -2.6734959009E+01         1.8216E-01        2.379E-02        82.315
25           -2.6733421988E+01         1.2667E+00        2.573E-02        83.067
26           -2.6728461275E+01         6.8156E-01        1.479E-02        82.012
27           -2.6724853119E+01         8.7071E-01        1.182E-02        81.616
28           -2.6719700016E+01         8.1940E-01        8.063E-03        81.455
29           -2.6718629433E+01         6.4152E-01        5.767E-03        81.480
30           -2.6717579679E+01         7.1553E-01        4.105E-03        81.607
31           -2.6716133087E+01         8.5285E-01        3.757E-03        81.555
32           -2.6715437858E+01         8.1992E-01        2.146E-03        81.406
33           -2.6715294358E+01         8.1717E-01        2.676E-03        82.438
34           -2.6715100556E+01         8.5093E-01        2.333E-03        81.411
35           -2.6715053730E+01         9.0973E-01        2.647E-03        81.363
36           -2.6714970313E+01         9.4662E-01        2.059E-03        82.890
37           -2.6714823921E+01         1.0117E+00        1.415E-03        81.441
38           -2.6714753281E+01         1.0525E+00        1.103E-03        81.442
39           -2.6714644114E+01         1.1275E+00        5.842E-04        81.356
40           -2.6714632130E+01         1.1900E+00        5.177E-04        83.572
41           -2.6714696452E+01         1.2269E+00        2.423E-03        81.255
42           -2.6714632750E+01         1.2012E+00        8.032E-04        82.350
43           -2.6714614336E+01         1.2053E+00        2.324E-04        81.248
44           -2.6714654039E+01         1.2503E+00        1.443E-03        81.091
45           -2.6714634767E+01         1.2564E+00        1.387E-03        81.100
46           -2.6714630497E+01         1.2577E+00        1.470E-03        81.276
47           -2.6714613384E+01         1.2410E+00        4.968E-04        81.742
48           -2.6714596457E+01         1.2429E+00        1.385E-04        81.796
49           -2.6714576152E+01         1.2541E+00        1.142E-04        81.077
50           -2.6714567257E+01         1.2586E+00        9.408E-05        80.737
Total number of SCF: 50    

k = [-0.250, -0.250, 0.000]
Occupation of state 217 = 0.000000000189614.
Occupation of state 241 = 0.000000000000000.

No.1 Exx outer loop: 
1            -2.6527152592E+01         1.8297E+00        1.543E-02        126.871
2            -2.6520122064E+01         1.6562E+00        1.492E-02        121.921
3            -2.6521738823E+01         1.7072E+00        1.117E-02        121.632
4            -2.6525553578E+01         1.7696E+00        1.109E-02        121.840
5            -2.6527060492E+01         1.5576E+00        8.374E-03        121.975
6            -2.6527872495E+01         1.6754E+00        6.076E-03        121.908
7            -2.6528523168E+01         1.7719E+00        1.050E-02        121.802
8            -2.6528227281E+01         1.7816E+00        9.975E-03        121.660
9            -2.6528520536E+01         1.8150E+00        7.720E-03        121.805
10           -2.6528916719E+01         1.8347E+00        1.466E-03        122.133
11           -2.6529103368E+01         1.8811E+00        1.798E-03        121.625
12           -2.6529043671E+01         1.8916E+00        2.540E-03        124.020
13           -2.6528906326E+01         1.8851E+00        1.622E-03        123.279
14           -2.6528805897E+01         1.8867E+00        1.779E-03        121.780
15           -2.6528819309E+01         1.8887E+00        1.134E-03        121.846
16           -2.6528617305E+01         1.8843E+00        3.863E-04        121.840
17           -2.6528596420E+01         1.8838E+00        2.498E-04        122.393
18           -2.6528521967E+01         1.8817E+00        2.126E-04        121.976
19           -2.6528534734E+01         1.8813E+00        1.005E-04        121.791
20           -2.6528546739E+01         1.8814E+00        7.117E-05        121.885
21           -2.6528531857E+01         1.8812E+00        6.499E-05        122.722
22           -2.6528521286E+01         1.8814E+00        6.511E-05        122.638
23           -2.6528513127E+01         1.8815E+00        7.093E-05        122.666
24           -2.6528513624E+01         1.8817E+00        2.487E-05        122.693
25           -2.6528504653E+01         1.8813E+00        2.976E-05        122.997
26           -2.6528506681E+01         1.8814E+00        1.107E-05        122.662
27           -2.6528503269E+01         1.8814E+00        8.726E-06        124.098
28           -2.6528501781E+01         1.8813E+00        8.676E-06        122.064
29           -2.6528500324E+01         1.8813E+00        1.003E-05        121.690
30           -2.6528500332E+01         1.8813E+00        4.863E-06        121.654
31           -2.6528499014E+01         1.8813E+00        3.218E-06        121.833
32           -2.6528499749E+01         1.8813E+00        2.397E-06        122.053
33           -2.6528499178E+01         1.8813E+00        1.997E-06        121.552
34           -2.6528499527E+01         1.8813E+00        3.445E-06        121.480
35           -2.6528499470E+01         1.8813E+00        7.854E-07        121.522
Total number of SCF: 35    

k = [-0.250, -0.250, 0.000]
Occupation of state 217 = 0.000000000000001.
Occupation of state 241 = 0.000000000000000.
Exx outer loop error: 6.0814276519e-01 

No.2 Exx outer loop: 
1            -2.6528860303E+01         1.9895E+00        3.962E-03        126.500
2            -2.6528315933E+01         1.9584E+00        2.364E-03        122.340
3            -2.6528996090E+01         1.9055E+00        8.546E-03        122.085
4            -2.6528789852E+01         1.9631E+00        1.539E-03        121.904
5            -2.6529143015E+01         1.9623E+00        2.735E-03        121.901
6            -2.6529288275E+01         1.9680E+00        2.211E-03        122.029
7            -2.6529301965E+01         1.9690E+00        1.421E-03        122.755
8            -2.6529096357E+01         1.9714E+00        5.859E-04        122.079
9            -2.6528892709E+01         1.9697E+00        1.082E-03        122.261
10           -2.6528884793E+01         1.9717E+00        3.216E-04        122.265
11           -2.6528868454E+01         1.9714E+00        1.345E-04        121.830
12           -2.6528861680E+01         1.9713E+00        5.926E-05        123.798
13           -2.6528842850E+01         1.9713E+00        4.002E-05        121.934
14           -2.6528829532E+01         1.9713E+00        2.880E-05        122.699
15           -2.6528821010E+01         1.9714E+00        1.973E-05        122.119
16           -2.6528818479E+01         1.9714E+00        4.146E-05        121.945
17           -2.6528815513E+01         1.9713E+00        3.838E-05        122.412
18           -2.6528809381E+01         1.9714E+00        2.329E-05        122.044
19           -2.6528804311E+01         1.9713E+00        1.977E-05        122.110
20           -2.6528803034E+01         1.9713E+00        1.758E-05        121.928
21           -2.6528802210E+01         1.9713E+00        1.748E-05        121.750
22           -2.6528802314E+01         1.9713E+00        3.096E-05        121.996
23           -2.6528802223E+01         1.9714E+00        5.438E-06        121.990
24           -2.6528802114E+01         1.9713E+00        8.225E-06        122.413
25           -2.6528801651E+01         1.9714E+00        3.411E-06        122.146
26           -2.6528801172E+01         1.9713E+00        1.084E-05        122.559
27           -2.6528800779E+01         1.9714E+00        2.252E-06        123.276
28           -2.6528800895E+01         1.9714E+00        1.887E-06        122.462
29           -2.6528800825E+01         1.9714E+00        1.741E-06        122.240
30           -2.6528800571E+01         1.9714E+00        7.385E-07        121.551
Total number of SCF: 30    

k = [-0.250, -0.250, 0.000]
Occupation of state 217 = 0.000000000000000.
Occupation of state 241 = 0.000000000000000.
Exx outer loop error: 1.3903956190e-02 

No.3 Exx outer loop: 
1            -2.6528867354E+01         1.9919E+00        2.077E-03        126.544
2            -2.6528812843E+01         1.9825E+00        8.829E-04        122.190
3            -2.6528877729E+01         1.9838E+00        9.850E-04        123.284
4            -2.6528918891E+01         1.9845E+00        3.861E-04        122.294
5            -2.6528926353E+01         1.9850E+00        5.741E-04        122.158
6            -2.6528927944E+01         1.9844E+00        2.616E-04        122.328
7            -2.6528922639E+01         1.9841E+00        9.555E-05        122.719
8            -2.6528902063E+01         1.9843E+00        6.803E-05        122.846
9            -2.6528879063E+01         1.9843E+00        6.408E-05        122.365
10           -2.6528843074E+01         1.9844E+00        3.677E-05        122.098
11           -2.6528838144E+01         1.9841E+00        1.212E-04        123.140
12           -2.6528837898E+01         1.9843E+00        3.613E-05        122.802
13           -2.6528836273E+01         1.9842E+00        3.570E-05        122.685
14           -2.6528836449E+01         1.9843E+00        1.650E-05        122.729
15           -2.6528833520E+01         1.9843E+00        1.082E-05        122.235
16           -2.6528831192E+01         1.9843E+00        6.488E-06        122.139
17           -2.6528829382E+01         1.9843E+00        5.651E-06        121.779
18           -2.6528828514E+01         1.9843E+00        4.466E-06        123.124
19           -2.6528828245E+01         1.9843E+00        1.125E-05        122.745
20           -2.6528828698E+01         1.9843E+00        3.429E-06        122.714
21           -2.6528828104E+01         1.9843E+00        2.668E-06        122.613
22           -2.6528828602E+01         1.9843E+00        1.993E-06        122.192
23           -2.6528828391E+01         1.9843E+00        5.533E-06        121.785
24           -2.6528828384E+01         1.9843E+00        1.551E-06        122.066
25           -2.6528828327E+01         1.9843E+00        1.359E-06        121.773
26           -2.6528828311E+01         1.9843E+00        1.112E-06        121.838
27           -2.6528828427E+01         1.9843E+00        7.231E-07        121.658
Total number of SCF: 27    

k = [-0.250, -0.250, 0.000]
Occupation of state 217 = 0.000000000000000.
Occupation of state 241 = 0.000000000000000.
Exx outer loop error: 2.5590777794e-03 

No.4 Exx outer loop: 
1            -2.6528853508E+01         1.9905E+00        1.497E-03        127.846
2            -2.6528842409E+01         1.9843E+00        7.294E-04        122.573
3            -2.6528820133E+01         1.9870E+00        1.191E-03        122.335
4            -2.6528880600E+01         1.9824E+00        1.692E-03        122.114
5            -2.6528943552E+01         1.9844E+00        3.112E-04        121.938
6            -2.6528943686E+01         1.9845E+00        3.061E-04        122.176
7            -2.6528899158E+01         1.9847E+00        9.855E-05        121.993
8            -2.6528874973E+01         1.9846E+00        4.399E-05        122.203
9            -2.6528857955E+01         1.9846E+00        2.223E-05        147.155
10           -2.6528852563E+01         1.9846E+00        1.760E-05        140.303
11           -2.6528848684E+01         1.9846E+00        1.963E-05        144.840
12           -2.6528843164E+01         1.9847E+00        1.110E-05        146.795
13           -2.6528842431E+01         1.9846E+00        9.171E-06        132.526
14           -2.6528840105E+01         1.9846E+00        2.946E-05        149.802
15           -2.6528841044E+01         1.9847E+00        5.683E-06        153.899
16           -2.6528840148E+01         1.9846E+00        9.195E-06        156.237
17           -2.6528838735E+01         1.9846E+00        6.589E-06        150.076
18           -2.6528837924E+01         1.9847E+00        1.389E-06        149.900
19           -2.6528837255E+01         1.9847E+00        1.066E-06        162.139
20           -2.6528837128E+01         1.9847E+00        4.728E-07        142.210
Total number of SCF: 20    

k = [-0.250, -0.250, 0.000]
Occupation of state 217 = 0.000000000000000.
Occupation of state 241 = 0.000000000000000.
Exx outer loop error: 1.4895613290e-03 

No.5 Exx outer loop: 
1            -2.6528850987E+01         1.9874E+00        1.228E-03        126.469
2            -2.6528843554E+01         1.9824E+00        7.761E-04        122.003
3            -2.6528852890E+01         1.9821E+00        2.337E-04        122.067
4            -2.6528882289E+01         1.9817E+00        3.412E-04        122.768
5            -2.6528877645E+01         1.9822E+00        6.299E-05        121.877
6            -2.6528874582E+01         1.9828E+00        1.094E-04        136.889
7            -2.6528875253E+01         1.9824E+00        1.258E-04        123.616
8            -2.6528863794E+01         1.9824E+00        6.054E-05        122.023
9            -2.6528851844E+01         1.9823E+00        3.871E-05        122.007
10           -2.6528843198E+01         1.9823E+00        4.009E-05        123.620
11           -2.6528844897E+01         1.9823E+00        2.340E-05        122.666
12           -2.6528841937E+01         1.9823E+00        1.855E-05        121.796
13           -2.6528842111E+01         1.9823E+00        1.163E-05        121.965
14           -2.6528843055E+01         1.9823E+00        9.785E-06        123.368
15           -2.6528843441E+01         1.9823E+00        1.033E-05        122.647
16           -2.6528843411E+01         1.9823E+00        7.257E-06        122.203
17           -2.6528842995E+01         1.9823E+00        6.595E-06        121.887
18           -2.6528842869E+01         1.9823E+00        2.523E-06        121.769
19           -2.6528842796E+01         1.9823E+00        3.052E-06        122.072
20           -2.6528842676E+01         1.9823E+00        2.236E-06        121.727
21           -2.6528842259E+01         1.9823E+00        2.228E-06        122.278
22           -2.6528841952E+01         1.9823E+00        3.441E-06        121.860
23           -2.6528841675E+01         1.9823E+00        8.381E-07        121.709
Total number of SCF: 23    

k = [-0.250, -0.250, 0.000]
Occupation of state 217 = 0.000000000000000.
Occupation of state 241 = 0.000000000000000.
Exx outer loop error: 1.1520808294e-03 

No.6 Exx outer loop: 
1            -2.6528851688E+01         1.9839E+00        1.058E-03        127.153
2            -2.6528844431E+01         1.9795E+00        7.464E-04        122.593
3            -2.6528913947E+01         1.9785E+00        1.777E-03        122.827
4            -2.6528927117E+01         1.9807E+00        2.732E-04        122.770
5            -2.6528925744E+01         1.9796E+00        1.678E-04        122.288
6            -2.6528863705E+01         1.9796E+00        8.353E-05        122.010
7            -2.6528857112E+01         1.9792E+00        1.341E-05        122.373
8            -2.6528851867E+01         1.9792E+00        3.615E-05        124.324
9            -2.6528848910E+01         1.9792E+00        1.069E-05        122.062
10           -2.6528847094E+01         1.9792E+00        4.145E-06        121.740
11           -2.6528846126E+01         1.9793E+00        3.558E-06        122.250
12           -2.6528845550E+01         1.9793E+00        3.006E-06        122.662
13           -2.6528845011E+01         1.9792E+00        3.056E-06        121.867
14           -2.6528844812E+01         1.9792E+00        1.543E-06        122.115
15           -2.6528844745E+01         1.9793E+00        1.145E-06        121.937
16           -2.6528844682E+01         1.9792E+00        1.084E-06        121.912
17           -2.6528844571E+01         1.9792E+00        5.525E-07        121.825
Total number of SCF: 17    

k = [-0.250, -0.250, 0.000]
Occupation of state 217 = 0.000000000000000.
Occupation of state 241 = 0.000000000000000.
Exx outer loop error: 7.9250212778e-04 

No.7 Exx outer loop: 
1            -2.6528852951E+01         1.9803E+00        9.027E-04        127.157
2            -2.6528845662E+01         1.9764E+00        5.805E-04        122.170
3            -2.6528860180E+01         1.9736E+00        3.793E-04        122.478
4            -2.6528913312E+01         1.9740E+00        1.419E-03        122.104
5            -2.6528941306E+01         1.9741E+00        6.948E-04        121.941
6            -2.6528930103E+01         1.9736E+00        1.113E-03        122.144
7            -2.6528913592E+01         1.9758E+00        1.970E-04        122.036
8            -2.6528885157E+01         1.9760E+00        4.772E-05        122.305
9            -2.6528866576E+01         1.9759E+00        4.807E-05        121.897
10           -2.6528860885E+01         1.9760E+00        2.973E-05        121.903
11           -2.6528854792E+01         1.9760E+00        2.259E-05        123.664
12           -2.6528853591E+01         1.9760E+00        7.880E-06        122.150
13           -2.6528852327E+01         1.9760E+00        5.889E-06        121.760
14           -2.6528851436E+01         1.9760E+00        8.528E-06        121.785
15           -2.6528848539E+01         1.9761E+00        5.185E-06        121.977
16           -2.6528847570E+01         1.9760E+00        4.032E-06        122.155
17           -2.6528847533E+01         1.9760E+00        2.188E-06        122.806
18           -2.6528847266E+01         1.9760E+00        8.375E-07        121.464
Total number of SCF: 18    

k = [-0.250, -0.250, 0.000]
Occupation of state 217 = 0.000000000000000.
Occupation of state 241 = 0.000000000000000.
Exx outer loop error: 8.6999418139e-04 

No.8 Exx outer loop: 
1            -2.6528854838E+01         1.9769E+00        8.431E-04        126.808
2            -2.6528847958E+01         1.9734E+00        6.626E-04        122.230
3            -2.6528891098E+01         1.9735E+00        5.088E-04        122.184
4            -2.6528881489E+01         1.9729E+00        1.305E-04        123.121
5            -2.6528879825E+01         1.9734E+00        1.574E-04        121.922
6            -2.6528895212E+01         1.9733E+00        8.637E-05        122.072
7            -2.6528885936E+01         1.9730E+00        4.453E-05        122.994
8            -2.6528868000E+01         1.9732E+00        3.099E-05        122.879
9            -2.6528858639E+01         1.9730E+00        2.217E-05        122.883
10           -2.6528852691E+01         1.9730E+00        1.969E-05        121.854
11           -2.6528848872E+01         1.9730E+00        1.044E-05        122.646
12           -2.6528847369E+01         1.9730E+00        1.495E-05        122.235
13           -2.6528847772E+01         1.9730E+00        7.449E-06        122.063
14           -2.6528848720E+01         1.9730E+00        5.344E-06        123.581
15           -2.6528849051E+01         1.9730E+00        6.447E-06        122.014
16           -2.6528848573E+01         1.9730E+00        2.330E-06        121.584
17           -2.6528848310E+01         1.9730E+00        1.194E-06        121.647
18           -2.6528848246E+01         1.9730E+00        1.685E-06        121.909
19           -2.6528848320E+01         1.9730E+00        2.434E-06        121.641
20           -2.6528848279E+01         1.9730E+00        4.710E-07        121.576
Total number of SCF: 20    

k = [-0.250, -0.250, 0.000]
Occupation of state 217 = 0.000000000000000.
Occupation of state 241 = 0.000000000000000.
Exx outer loop error: 1.5036840996e-04 

No.9 Exx outer loop: 
1            -2.6528854497E+01         1.9738E+00        7.311E-04        126.497
2            -2.6528848800E+01         1.9707E+00        5.214E-04        122.189
3            -2.6528899563E+01         1.9685E+00        9.917E-04        121.946
4            -2.6528886343E+01         1.9689E+00        7.940E-04        122.259
5            -2.6528906219E+01         1.9682E+00        1.189E-03        122.355
6            -2.6528899889E+01         1.9687E+00        3.599E-04        121.958
7            -2.6528889100E+01         1.9695E+00        8.346E-04        121.905
8            -2.6528884091E+01         1.9704E+00        1.311E-04        122.089
9            -2.6528877235E+01         1.9705E+00        1.107E-04        122.056
10           -2.6528866044E+01         1.9705E+00        7.164E-05        121.990
11           -2.6528861231E+01         1.9704E+00        4.246E-05        122.091
12           -2.6528857723E+01         1.9704E+00        2.062E-05        122.238
13           -2.6528855741E+01         1.9703E+00        2.330E-05        121.791
14           -2.6528853486E+01         1.9704E+00        8.490E-06        121.937
15           -2.6528852091E+01         1.9704E+00        1.594E-05        122.733
16           -2.6528851582E+01         1.9704E+00        1.198E-05        122.058
17           -2.6528850623E+01         1.9704E+00        8.311E-06        121.900
18           -2.6528851089E+01         1.9704E+00        6.221E-06        123.094
19           -2.6528850564E+01         1.9704E+00        3.420E-06        123.393
20           -2.6528850883E+01         1.9704E+00        2.565E-06        122.289
21           -2.6528851127E+01         1.9704E+00        3.574E-06        122.185
22           -2.6528850603E+01         1.9704E+00        1.694E-06        122.098
23           -2.6528850344E+01         1.9704E+00        8.439E-07        121.573
Total number of SCF: 23    

k = [-0.250, -0.250, 0.000]
Occupation of state 217 = 0.000000000000000.
Occupation of state 241 = 0.000000000000000.
Exx outer loop error: 5.8605011181e-04 

No.10 Exx outer loop: 
1            -2.6528856009E+01         1.9711E+00        6.710E-04        126.918
2            -2.6528850920E+01         1.9687E+00        5.360E-04        123.348
3            -2.6528874861E+01         1.9678E+00        1.878E-04        122.105
4            -2.6528902448E+01         1.9673E+00        4.842E-04        122.316
5            -2.6528881200E+01         1.9683E+00        1.181E-04        122.307
6            -2.6528867558E+01         1.9685E+00        6.699E-05        122.390
7            -2.6528865983E+01         1.9681E+00        6.738E-05        122.352
8            -2.6528855233E+01         1.9684E+00        3.224E-05        122.029
9            -2.6528853743E+01         1.9683E+00        1.058E-05        122.060
10           -2.6528852683E+01         1.9683E+00        1.615E-05        122.630
11           -2.6528851574E+01         1.9683E+00        3.183E-06        121.979
12           -2.6528851209E+01         1.9683E+00        2.386E-06        122.100
13           -2.6528850971E+01         1.9683E+00        1.533E-06        123.810
14           -2.6528851118E+01         1.9683E+00        1.254E-06        122.188
15           -2.6528851288E+01         1.9683E+00        4.562E-06        121.719
16           -2.6528851308E+01         1.9683E+00        8.175E-07        121.734
Total number of SCF: 16    

k = [-0.250, -0.250, 0.000]
Occupation of state 217 = 0.000000000000000.
Occupation of state 241 = 0.000000000000000.
Exx outer loop error: 1.8224542396e-04 

No.11 Exx outer loop: 
1            -2.6528856317E+01         1.9691E+00        5.769E-04        126.830
2            -2.6528851906E+01         1.9669E+00        4.037E-04        122.207
3            -2.6528871551E+01         1.9673E+00        1.689E-04        123.245
4            -2.6528866226E+01         1.9660E+00        5.496E-05        122.060
5            -2.6528866064E+01         1.9667E+00        5.096E-05        122.147
6            -2.6528863092E+01         1.9666E+00        5.471E-05        122.106
7            -2.6528861190E+01         1.9667E+00        1.084E-04        122.243
8            -2.6528860061E+01         1.9667E+00        1.127E-04        121.903
9            -2.6528860350E+01         1.9667E+00        9.730E-05        122.515
10           -2.6528861136E+01         1.9667E+00        1.040E-04        122.173
11           -2.6528859269E+01         1.9663E+00        3.110E-05        121.954
12           -2.6528858831E+01         1.9667E+00        8.909E-05        122.066
13           -2.6528859320E+01         1.9666E+00        7.841E-05        122.104
14           -2.6528859441E+01         1.9667E+00        7.978E-05        122.455
15           -2.6528860076E+01         1.9667E+00        8.252E-05        121.917
16           -2.6528857599E+01         1.9666E+00        8.918E-05        121.966
17           -2.6528861801E+01         1.9667E+00        9.069E-05        123.512
18           -2.6528862139E+01         1.9667E+00        8.662E-05        122.886
19           -2.6528863796E+01         1.9667E+00        8.938E-05        121.748
20           -2.6528863740E+01         1.9667E+00        9.860E-05        122.802
21           -2.6528866040E+01         1.9666E+00        1.095E-04        122.282
22           -2.6528860873E+01         1.9665E+00        1.039E-04        122.631
23           -2.6528860610E+01         1.9664E+00        5.092E-05        122.888
24           -2.6528860599E+01         1.9667E+00        4.151E-05        123.059
25           -2.6528855494E+01         1.9667E+00        1.276E-05        122.890
26           -2.6528855471E+01         1.9668E+00        6.694E-06        122.873
27           -2.6528854151E+01         1.9667E+00        9.811E-06        121.909
28           -2.6528852158E+01         1.9668E+00        1.141E-05        121.883
29           -2.6528851406E+01         1.9667E+00        2.831E-06        122.463
30           -2.6528852051E+01         1.9668E+00        1.111E-05        121.745
31           -2.6528851880E+01         1.9668E+00        5.747E-06        121.803
32           -2.6528851844E+01         1.9668E+00        1.256E-05        123.443
33           -2.6528851706E+01         1.9668E+00        1.145E-05        121.792
34           -2.6528851764E+01         1.9668E+00        1.285E-05        121.687
35           -2.6528851672E+01         1.9668E+00        1.297E-05        121.951
36           -2.6528851845E+01         1.9668E+00        1.808E-05        122.102
37           -2.6528851777E+01         1.9668E+00        1.885E-05        121.726
38           -2.6528851712E+01         1.9668E+00        1.541E-05        122.499
39           -2.6528851618E+01         1.9668E+00        1.349E-05        122.746
40           -2.6528851489E+01         1.9668E+00        1.052E-05        122.705
41           -2.6528851644E+01         1.9668E+00        1.522E-05        123.051
42           -2.6528851779E+01         1.9668E+00        1.656E-05        121.964
43           -2.6528851894E+01         1.9668E+00        1.270E-05        121.875
44           -2.6528851868E+01         1.9668E+00        1.270E-05        122.131
45           -2.6528851710E+01         1.9668E+00        3.630E-06        121.692
46           -2.6528851685E+01         1.9668E+00        2.169E-06        121.748
47           -2.6528851807E+01         1.9668E+00        9.873E-06        123.787
48           -2.6528851782E+01         1.9668E+00        7.936E-06        121.870
49           -2.6528851748E+01         1.9667E+00        2.495E-06        121.942
50           -2.6528851842E+01         1.9668E+00        3.889E-06        121.996
51           -2.6528851945E+01         1.9668E+00        3.699E-06        123.170
52           -2.6528851960E+01         1.9668E+00        2.730E-06        121.905
53           -2.6528852047E+01         1.9668E+00        1.729E-06        121.841
54           -2.6528852352E+01         1.9668E+00        4.676E-06        121.837
55           -2.6528852348E+01         1.9668E+00        4.112E-06        121.804
56           -2.6528852337E+01         1.9668E+00        2.815E-06        121.847
57           -2.6528852326E+01         1.9668E+00        8.326E-07        121.921
Total number of SCF: 57    

k = [-0.250, -0.250, 0.000]
Occupation of state 217 = 0.000000000000000.
Occupation of state 241 = 0.000000000000000.
Exx outer loop error: 5.8919315981e-05 

No.12 Exx outer loop: 
1            -2.6528856726E+01         1.9675E+00        5.288E-04        126.809
2            -2.6528852832E+01         1.9659E+00        4.109E-04        122.935
3            -2.6528856037E+01         1.9669E+00        2.466E-04        122.472
4            -2.6528859170E+01         1.9658E+00        1.105E-04        122.067
5            -2.6528860468E+01         1.9657E+00        1.736E-04        122.170
6            -2.6528859047E+01         1.9660E+00        1.528E-04        122.289
7            -2.6528858016E+01         1.9658E+00        2.592E-04        121.929
8            -2.6528859113E+01         1.9657E+00        2.935E-04        122.785
9            -2.6528858202E+01         1.9659E+00        9.648E-05        122.084
10           -2.6528856101E+01         1.9659E+00        5.284E-05        122.175
11           -2.6528856118E+01         1.9658E+00        1.239E-05        123.874
12           -2.6528856436E+01         1.9657E+00        7.362E-06        122.129
13           -2.6528855809E+01         1.9658E+00        5.894E-06        122.766
14           -2.6528855127E+01         1.9657E+00        3.553E-06        122.841
15           -2.6528854936E+01         1.9657E+00        2.350E-06        123.408
16           -2.6528854728E+01         1.9657E+00        2.079E-06        123.031
17           -2.6528854405E+01         1.9657E+00        1.188E-06        122.686
18           -2.6528853993E+01         1.9657E+00        3.240E-06        122.768
19           -2.6528853862E+01         1.9657E+00        3.349E-06        121.770
20           -2.6528853608E+01         1.9657E+00        2.147E-06        121.799
21           -2.6528853627E+01         1.9657E+00        1.673E-06        121.742
22           -2.6528853608E+01         1.9657E+00        1.633E-06        122.498
23           -2.6528853595E+01         1.9657E+00        1.720E-06        122.775
24           -2.6528853570E+01         1.9657E+00        9.822E-07        122.483
Total number of SCF: 24    

k = [-0.250, -0.250, 0.000]
Occupation of state 217 = 0.000000000000000.
Occupation of state 241 = 0.000000000000000.
Exx outer loop error: 2.9985090590e-04 

No.13 Exx outer loop: 
1            -2.6528857585E+01         1.9665E+00        5.035E-04        126.562
2            -2.6528853816E+01         1.9652E+00        4.673E-04        122.133
3            -2.6528882617E+01         1.9605E+00        4.906E-04        122.964
4            -2.6528888745E+01         1.9630E+00        8.335E-04        123.061
5            -2.6528894208E+01         1.9628E+00        8.276E-04        122.202
6            -2.6528884005E+01         1.9625E+00        9.355E-04        122.035
7            -2.6528906974E+01         1.9643E+00        2.528E-04        123.051
8            -2.6528899380E+01         1.9652E+00        1.241E-04        124.290
9            -2.6528879093E+01         1.9652E+00        9.627E-05        122.919
10           -2.6528863828E+01         1.9648E+00        7.179E-05        121.935
11           -2.6528860136E+01         1.9650E+00        1.582E-05        122.044
12           -2.6528858154E+01         1.9650E+00        1.862E-05        122.396
13           -2.6528857846E+01         1.9651E+00        3.201E-05        121.898
14           -2.6528855898E+01         1.9651E+00        1.788E-05        121.811
15           -2.6528856260E+01         1.9651E+00        1.812E-05        122.017
16           -2.6528855634E+01         1.9651E+00        1.215E-05        122.476
17           -2.6528855610E+01         1.9651E+00        5.927E-06        122.024
18           -2.6528855336E+01         1.9651E+00        5.272E-06        122.068
19           -2.6528854897E+01         1.9651E+00        2.396E-06        145.528
20           -2.6528854600E+01         1.9651E+00        3.014E-06        135.513
21           -2.6528854625E+01         1.9651E+00        1.964E-06        148.771
22           -2.6528854371E+01         1.9651E+00        2.675E-06        143.334
23           -2.6528854277E+01         1.9651E+00        2.043E-06        135.738
24           -2.6528854308E+01         1.9651E+00        5.032E-07        146.259
Total number of SCF: 24    

k = [-0.250, -0.250, 0.000]
Occupation of state 217 = 0.000000000000000.
Occupation of state 241 = 0.000000000000000.
Exx outer loop error: 4.1803927529e-05 
====================================================================
                    Energy and force calculation                    
====================================================================
Free energy per atom               : -2.6528852048E+01 (Ha/atom)
Total free energy                  : -1.4590868627E+03 (Ha)
Band structure energy              : -3.6514539182E+02 (Ha)
Exchange correlation energy        : -2.6036779081E+02 (Ha)
Self and correction energy         : -1.9271032939E+03 (Ha)
Entropy*kb*T                       : -4.1204618722E-03 (Ha)
Fermi level                        : -1.4502959996E-01 (Ha)
RMS force                          :  1.9705685603E-02 (Ha/Bohr)
Maximum force                      :  1.0538640546E-01 (Ha/Bohr)
Time for force calculation         :  1.962 (sec)
***************************************************************************
                               Timing info                                 
***************************************************************************
Total walltime                     :  130089.216 sec
___________________________________________________________________________

***************************************************************************
*             Material Physics & Mechanics Group, Georgia Tech            *
*                       PI: Phanish Suryanarayana                         *
*                Main Developers: Qimen Xu, Abhiraj Sharma                *
*     Collaborators: J.E. Pask (LLNL), A.J. Medford (GT), E. Chow (GT)    *
*  Acknowledgements: U.S. DOE (DE-SC0019410); U.S. NSF (1333500,1553212)  *
***************************************************************************
                                                                           

***************************************************************************
*                       SPARC (version May 02, 2022)                      *
*   Copyright (c) 2020 Material Physics & Mechanics Group, Georgia Tech   *
*           Distributed under GNU General Public License 3 (GPL)          *
*                   Start time: Wed Jun 15 16:11:20 2022                  *
***************************************************************************
                           Input parameters                                
***************************************************************************
CELL: 12.4338823950489 11.2657846029438 47.5378507412217 
LATVEC:
1.000000000000000 0.000000000000000 0.000000000000000 
-0.000130020950961 0.999999991547276 0.000000000000000 
0.000000000000000 -0.000000000000000 1.000000000000000 
FD_GRID: 66 60 252
FD_ORDER: 12
BC: P P D
KPOINT_GRID: 4 4 1
KPOINT_SHIFT: 0 0 0
SPIN_TYP: 1
ELEC_TEMP_TYPE: Gaussian
SMEARING: 0.007349864435
CHEB_DEGREE: 37
NSTATES: 241
EXCHANGE_CORRELATION: HSE
EXX_RANGE_FOCK: 0.106000
EXX_RANGE_PBE: 0.106000
CALC_STRESS: 0
CALC_PRES: 0
CHEFSI_BOUND_FLAG: 0
MAXIT_SCF: 100
MINIT_SCF: 3
MAXIT_POISSON: 3000
TOL_SCF: 1.00E-06
POISSON_SOLVER: AAR
TOL_POISSON: 1.00E-08
TOL_LANCZOS: 1.00E-02
TOL_PSEUDOCHARGE: 1.00E-08
MIXING_VARIABLE: density
MIXING_PRECOND: kerker
MIXING_PRECOND_MAG: none
TOL_PRECOND: 3.54E-05
PRECOND_KERKER_KTF: 1
PRECOND_KERKER_THRESH: 0.1
MIXING_PARAMETER: 0.3
MIXING_PARAMETER_MAG: 0.3
MIXING_HISTORY: 7
PULAY_FREQUENCY: 1
PULAY_RESTART: 0
REFERENCE_CUTOFF: 0.5
RHO_TRIGGER: 4
FIX_RAND: 0
VERBOSITY: 1
PRINT_FORCES: 1
PRINT_ATOMS: 1
PRINT_EIGEN: 1
PRINT_DENSITY: 0
PRINT_ENERGY_DENSITY: 0
TOL_FOCK: 5.00E-05
TOL_SCF_INIT: 1.00E-03
MAXIT_FOCK: 20
EXX_METHOD: FOURIER_SPACE
EXX_DIVERGENCE: AUXILIARY
EXX_MEM: 1
ACE_FLAG: 1
EXX_ACE_VALENCE_STATES: 10000
EXX_DOWNSAMPLING: 1 1 1
OUTPUT_FILE: sprc-calc
***************************************************************************
                                Cell                                       
***************************************************************************
Lattice vectors (Bohr):
12.433882395048860 0.000000000000000 0.000000000000000 
-0.001464788027397 11.265784507717260 0.000000000000000 
0.000000000000000 -0.000000000000000 47.537850741221717 
Volume                  :  6.6589804186E+03 (Bohr^3)
***************************************************************************
                           Parallelization                                 
***************************************************************************
NP_SPIN_PARAL: 2
NP_KPOINT_PARAL: 10
NP_BAND_PARAL: 1
NP_DOMAIN_PARAL: 2 1 8
NP_DOMAIN_PHI_PARAL: 4 4 21
EIG_SERIAL_MAXNS: 1500
***************************************************************************
                             Initialization                                
***************************************************************************
Number of processors               :  336
Mesh spacing in x-direction        :  0.188392 (Bohr)
Mesh spacing in y-direction        :  0.187763 (Bohr)
Mesh spacing in z direction        :  0.188642 (Bohr)
Number of symmetry adapted k-points:  10
Output printed to                  :  sprc-calc.out_01
Final eigenvalues printed to       :  sprc-calc.eigen_01
Total number of atom types         :  4
Total number of atoms              :  55
Total number of electrons          :  394
Atom type 1  (valence electrons)   :  H 1
Pseudopotential                    :  H.psp8
Pseudocharge radii of atom type 1  :  3.77 3.76 3.77 (x, y, z dir)
Number of atoms of type 1          :  6
Atom type 2  (valence electrons)   :  N 5
Pseudopotential                    :  N.psp8
Pseudocharge radii of atom type 2  :  6.78 6.76 6.79 (x, y, z dir)
Number of atoms of type 2          :  2
Atom type 3  (valence electrons)   :  O 6
Pseudopotential                    :  O.psp8
Pseudocharge radii of atom type 3  :  6.78 6.76 6.79 (x, y, z dir)
Number of atoms of type 3          :  31
Atom type 4  (valence electrons)   :  Ti 12
Pseudopotential                    :  Ti.psp8
Pseudocharge radii of atom type 4  :  6.78 6.76 6.79 (x, y, z dir)
Number of atoms of type 4          :  16
Estimated total memory usage       :  452.57 GB
Estimated memory per processor     :  1.35 GB
========================================================================================
                    Self Consistent Field (SCF#1)                     
========================================================================================
Iteration     Free Energy (Ha/atom)    Magnetization     SCF Error        Timing (sec)
1            -2.6599926189E+01         2.1916E+00        4.737E-01        343.589
2            -2.9032168587E+01        -1.3519E+00        4.596E-01        83.257
3            -2.7727819192E+01         4.2395E+00        4.030E-01        83.145
4            -2.6939017081E+01        -8.0279E+00        3.441E-01        82.657
5            -2.7016497811E+01        -3.6516E+00        3.315E-01        100.183
6            -2.7224245156E+01        -7.0156E+00        3.455E-01        86.917
7            -2.7085209545E+01        -5.6243E+00        3.046E-01        94.439
8            -2.6973019716E+01         1.4591E+00        2.459E-01        82.873
9            -2.6936155708E+01         3.3650E+00        2.106E-01        83.202
10           -2.6981322510E+01         4.1874E+00        2.085E-01        82.902
11           -2.6870868645E+01         3.9072E+00        1.671E-01        99.814
12           -2.6822667654E+01         4.5201E+00        1.494E-01        98.649
13           -2.6794074101E+01         3.9097E+00        1.163E-01        82.734
14           -2.6770260123E+01         3.6397E+00        8.553E-02        82.761
15           -2.6769273759E+01         1.7194E+00        6.740E-02        83.007
16           -2.6750687793E+01         1.3783E+00        5.156E-02        83.050
17           -2.6753048915E+01         2.8213E+00        3.737E-02        84.015
18           -2.6749002897E+01         1.7291E+00        3.281E-02        83.343
19           -2.6742648581E+01         5.7559E-01        2.916E-02        83.072
20           -2.6738254245E+01         5.1650E-01        2.976E-02        83.463
21           -2.6737123686E+01         4.8038E-01        2.937E-02        86.386
22           -2.6736960580E+01         8.6622E-01        2.866E-02        83.102
23           -2.6736386532E+01        -7.5792E-03        2.851E-02        84.920
24           -2.6734959012E+01         1.8216E-01        2.379E-02        86.870
25           -2.6733422009E+01         1.2667E+00        2.573E-02        100.951
26           -2.6728461281E+01         6.8156E-01        1.479E-02        83.586
27           -2.6724853138E+01         8.7071E-01        1.182E-02        83.439
28           -2.6719700018E+01         8.1941E-01        8.063E-03        82.982
29           -2.6718629426E+01         6.4152E-01        5.767E-03        107.161
30           -2.6717579689E+01         7.1553E-01        4.105E-03        82.974
31           -2.6716133111E+01         8.5285E-01        3.757E-03        83.904
32           -2.6715437855E+01         8.1992E-01        2.146E-03        90.118
33           -2.6715294368E+01         8.1717E-01        2.676E-03        83.059
34           -2.6715100555E+01         8.5093E-01        2.333E-03        83.064
35           -2.6715053732E+01         9.0972E-01        2.647E-03        82.893
36           -2.6714970328E+01         9.4662E-01        2.060E-03        83.148
37           -2.6714823933E+01         1.0117E+00        1.416E-03        82.912
38           -2.6714753294E+01         1.0525E+00        1.103E-03        82.947
39           -2.6714644126E+01         1.1275E+00        5.842E-04        82.683
Total number of SCF: 39    

k = [-0.250, -0.250, 0.000]
Occupation of state 217 = 0.000000000113025.
Occupation of state 241 = 0.000000000000000.

No.1 Exx outer loop: 
1            -2.6527626114E+01         1.5311E+00        1.902E-02        129.886
2            -2.6519845193E+01         1.4494E+00        1.686E-02        125.759
3            -2.6522884257E+01         1.4369E+00        1.294E-02        127.396
4            -2.6533813449E+01         1.8595E+00        3.946E-02        125.820
5            -2.6533004985E+01         1.8749E+00        3.869E-02        126.171
6            -2.6524805247E+01         1.5483E+00        1.041E-02        126.025
7            -2.6526905697E+01         1.6774E+00        9.877E-03        126.024
8            -2.6528882060E+01         1.7264E+00        4.192E-03        125.778
9            -2.6528553645E+01         1.8183E+00        6.350E-03        126.076
10           -2.6529098269E+01         1.7513E+00        2.803E-03        125.964
11           -2.6529170042E+01         1.8465E+00        4.537E-03        125.630
12           -2.6529864214E+01         1.6917E+00        5.822E-03        125.777
13           -2.6529391593E+01         1.8397E+00        3.254E-03        125.673
14           -2.6529080481E+01         1.8198E+00        1.751E-03        125.899
15           -2.6529156838E+01         1.8390E+00        2.167E-03        125.598
16           -2.6529268719E+01         1.8280E+00        1.509E-03        125.630
17           -2.6529284113E+01         1.8351E+00        1.485E-03        125.576
18           -2.6529191480E+01         1.8360E+00        1.173E-03        125.536
19           -2.6529112793E+01         1.8375E+00        8.476E-04        125.829
20           -2.6529001311E+01         1.8409E+00        6.984E-04        126.086
21           -2.6528910336E+01         1.8400E+00        4.079E-04        125.770
22           -2.6528678847E+01         1.8366E+00        2.422E-04        125.788
23           -2.6528609005E+01         1.8364E+00        1.870E-04        125.598
24           -2.6528513019E+01         1.8359E+00        1.231E-04        125.673
25           -2.6528515299E+01         1.8364E+00        8.666E-05        125.589
26           -2.6528475682E+01         1.8366E+00        4.895E-05        125.715
27           -2.6528465413E+01         1.8367E+00        4.610E-05        127.876
28           -2.6528455675E+01         1.8367E+00        3.319E-05        128.765
29           -2.6528453583E+01         1.8369E+00        2.212E-05        125.642
30           -2.6528447880E+01         1.8368E+00        1.630E-05        125.393
31           -2.6528456683E+01         1.8369E+00        1.129E-05        125.495
32           -2.6528456141E+01         1.8368E+00        9.834E-06        125.624
33           -2.6528454228E+01         1.8368E+00        7.539E-06        125.539
34           -2.6528452554E+01         1.8367E+00        4.777E-06        125.434
35           -2.6528452384E+01         1.8367E+00        3.429E-06        125.889
36           -2.6528453242E+01         1.8367E+00        2.820E-06        125.685
37           -2.6528452248E+01         1.8366E+00        3.381E-06        125.670
38           -2.6528452630E+01         1.8367E+00        4.842E-06        125.868
39           -2.6528452753E+01         1.8367E+00        3.381E-06        127.913
40           -2.6528452712E+01         1.8367E+00        3.629E-06        125.682
41           -2.6528452797E+01         1.8367E+00        2.528E-06        125.705
42           -2.6528452225E+01         1.8366E+00        4.323E-06        130.592
43           -2.6528451985E+01         1.8366E+00        8.208E-06        136.520
44           -2.6528451972E+01         1.8367E+00        9.103E-06        125.477
45           -2.6528451933E+01         1.8367E+00        6.257E-06        125.613
46           -2.6528451979E+01         1.8367E+00        7.088E-06        132.940
47           -2.6528452011E+01         1.8367E+00        6.818E-06        130.416
48           -2.6528452096E+01         1.8367E+00        7.817E-06        125.901
49           -2.6528452111E+01         1.8367E+00        7.739E-06        125.487
50           -2.6528452005E+01         1.8367E+00        7.584E-06        125.694
51           -2.6528451730E+01         1.8367E+00        9.399E-06        125.570
52           -2.6528452082E+01         1.8367E+00        6.174E-06        125.864
53           -2.6528452245E+01         1.8367E+00        2.883E-06        125.708
54           -2.6528451928E+01         1.8367E+00        5.157E-06        125.650
55           -2.6528451877E+01         1.8367E+00        6.477E-06        126.728
56           -2.6528451838E+01         1.8367E+00        5.622E-06        125.707
57           -2.6528451844E+01         1.8367E+00        4.756E-06        125.734
58           -2.6528451811E+01         1.8367E+00        6.782E-06        130.196
59           -2.6528451881E+01         1.8367E+00        3.725E-06        125.464
60           -2.6528451833E+01         1.8366E+00        3.970E-06        127.078
61           -2.6528451990E+01         1.8366E+00        1.161E-06        126.178
62           -2.6528452140E+01         1.8367E+00        2.859E-06        125.654
63           -2.6528452219E+01         1.8367E+00        1.276E-06        125.733
64           -2.6528452125E+01         1.8367E+00        1.606E-06        125.409
65           -2.6528452077E+01         1.8367E+00        7.016E-07        125.181
Total number of SCF: 65    

k = [-0.250, -0.250, 0.000]
Occupation of state 217 = 0.000000000000002.
Occupation of state 241 = 0.000000000000000.
Exx outer loop error: 5.1522028231e-01 

No.2 Exx outer loop: 
1            -2.6528819444E+01         1.9851E+00        4.155E-03        130.169
2            -2.6528315808E+01         1.9357E+00        2.602E-03        125.838
3            -2.6529050984E+01         1.8909E+00        1.063E-02        125.787
4            -2.6528762189E+01         1.9539E+00        2.264E-03        125.747
5            -2.6529275319E+01         1.9143E+00        6.614E-03        125.198
6            -2.6529199610E+01         1.9458E+00        3.509E-03        125.622
7            -2.6529675596E+01         1.9179E+00        5.002E-03        125.304
8            -2.6529758680E+01         1.9198E+00        4.354E-03        125.948
9            -2.6529493149E+01         1.9545E+00        3.253E-03        125.706
10           -2.6529407929E+01         1.9549E+00        1.995E-03        126.202
11           -2.6529142938E+01         1.9569E+00        8.038E-04        125.453
12           -2.6529079657E+01         1.9589E+00        4.328E-04        125.287
13           -2.6529014763E+01         1.9597E+00        6.162E-04        125.930
14           -2.6528916543E+01         1.9602E+00        3.030E-04        127.302
15           -2.6528857470E+01         1.9602E+00        2.614E-04        125.698
16           -2.6528822153E+01         1.9603E+00        1.742E-04        125.396
17           -2.6528756098E+01         1.9601E+00        8.512E-05        125.338
18           -2.6528738476E+01         1.9600E+00        6.472E-05        125.261
19           -2.6528735180E+01         1.9602E+00        8.125E-05        125.429
20           -2.6528733852E+01         1.9602E+00        7.791E-05        125.210
21           -2.6528733644E+01         1.9602E+00        8.019E-05        125.399
22           -2.6528734152E+01         1.9603E+00        4.799E-05        125.130
23           -2.6528739436E+01         1.9604E+00        4.418E-05        126.024
24           -2.6528745046E+01         1.9604E+00        2.477E-05        125.237
25           -2.6528748680E+01         1.9604E+00        2.252E-05        125.168
26           -2.6528748897E+01         1.9604E+00        1.029E-05        124.967
27           -2.6528750595E+01         1.9604E+00        7.434E-06        113.657
28           -2.6528750833E+01         1.9604E+00        6.124E-06        113.631
29           -2.6528750923E+01         1.9604E+00        2.931E-06        135.663
30           -2.6528750308E+01         1.9604E+00        9.034E-06        113.651
31           -2.6528750286E+01         1.9604E+00        2.616E-06        113.942
32           -2.6528749696E+01         1.9604E+00        1.281E-06        113.563
33           -2.6528749482E+01         1.9604E+00        3.100E-06        113.568
34           -2.6528749354E+01         1.9604E+00        2.041E-06        113.530
35           -2.6528749381E+01         1.9604E+00        1.674E-06        113.784
36           -2.6528749183E+01         1.9604E+00        8.695E-07        113.352
Total number of SCF: 36    

k = [-0.250, -0.250, 0.000]
Occupation of state 217 = 0.000000000000000.
Occupation of state 241 = 0.000000000000000.
Exx outer loop error: 1.6441320452e-02 

No.3 Exx outer loop: 
1            -2.6528817428E+01         1.9899E+00        2.075E-03        117.448
2            -2.6528770780E+01         1.9781E+00        9.595E-04        113.774
3            -2.6529173665E+01         1.9594E+00        7.978E-03        113.498
4            -2.6528934971E+01         1.9793E+00        2.665E-03        114.315
5            -2.6528987311E+01         1.9770E+00        6.298E-04        113.742
6            -2.6528984473E+01         1.9778E+00        4.900E-04        113.706
7            -2.6528972700E+01         1.9778E+00        2.805E-03        113.597
8            -2.6528960071E+01         1.9805E+00        8.012E-04        113.690
9            -2.6528938837E+01         1.9811E+00        2.623E-04        113.938
10           -2.6528937158E+01         1.9812E+00        2.219E-04        113.443
11           -2.6528936347E+01         1.9811E+00        1.920E-04        113.513
12           -2.6528920604E+01         1.9811E+00        1.873E-04        113.722
13           -2.6528874718E+01         1.9811E+00        1.026E-04        114.005
14           -2.6528826264E+01         1.9810E+00        4.677E-04        115.071
15           -2.6528837353E+01         1.9811E+00        8.654E-05        113.594
16           -2.6528788601E+01         1.9811E+00        6.862E-05        113.423
17           -2.6528778733E+01         1.9812E+00        3.744E-05        113.768
18           -2.6528775273E+01         1.9812E+00        2.214E-05        113.567
19           -2.6528778919E+01         1.9811E+00        8.208E-06        113.555
20           -2.6528776367E+01         1.9811E+00        1.783E-05        113.423
21           -2.6528777598E+01         1.9811E+00        1.077E-05        113.804
22           -2.6528775821E+01         1.9811E+00        5.816E-06        113.362
23           -2.6528776547E+01         1.9811E+00        4.108E-06        113.712
24           -2.6528775564E+01         1.9811E+00        1.171E-05        113.396
25           -2.6528775828E+01         1.9811E+00        2.687E-06        113.779
26           -2.6528775002E+01         1.9811E+00        3.449E-06        117.830
27           -2.6528775381E+01         1.9811E+00        1.726E-06        113.517
28           -2.6528774818E+01         1.9811E+00        2.149E-06        121.921
29           -2.6528774752E+01         1.9811E+00        6.357E-07        114.846
Total number of SCF: 29    

k = [-0.250, -0.250, 0.000]
Occupation of state 217 = 0.000000000000000.
Occupation of state 241 = 0.000000000000000.
Exx outer loop error: 3.3611101518e-03 

No.4 Exx outer loop: 
1            -2.6528800590E+01         1.9893E+00        1.472E-03        134.954
2            -2.6528789727E+01         1.9827E+00        7.533E-04        113.622
3            -2.6528882084E+01         1.9820E+00        2.388E-03        113.690
4            -2.6528959050E+01         1.9839E+00        6.144E-04        113.447
5            -2.6528967347E+01         1.9824E+00        1.124E-03        124.214
6            -2.6528904222E+01         1.9827E+00        1.131E-04        113.745
7            -2.6528882628E+01         1.9827E+00        1.259E-04        113.757
8            -2.6528835610E+01         1.9830E+00        9.696E-05        113.641
9            -2.6528810900E+01         1.9832E+00        6.265E-05        129.387
10           -2.6528803128E+01         1.9832E+00        3.493E-05        117.951
11           -2.6528798623E+01         1.9833E+00        3.983E-05        113.565
12           -2.6528795382E+01         1.9832E+00        1.884E-05        113.580
13           -2.6528791546E+01         1.9832E+00        1.482E-05        113.561
14           -2.6528789107E+01         1.9832E+00        1.071E-05        127.528
15           -2.6528785552E+01         1.9832E+00        7.801E-06        113.562
16           -2.6528782367E+01         1.9832E+00        5.815E-06        113.662
17           -2.6528780274E+01         1.9832E+00        1.151E-05        113.225
18           -2.6528781021E+01         1.9832E+00        4.749E-06        113.850
19           -2.6528780531E+01         1.9832E+00        4.713E-06        113.376
20           -2.6528781035E+01         1.9832E+00        1.783E-06        113.629
21           -2.6528780727E+01         1.9832E+00        2.421E-06        115.257
22           -2.6528780458E+01         1.9832E+00        5.527E-06        113.880
23           -2.6528780442E+01         1.9832E+00        2.223E-06        113.523
24           -2.6528780435E+01         1.9832E+00        1.481E-06        113.845
25           -2.6528780186E+01         1.9832E+00        1.646E-06        117.387
26           -2.6528780149E+01         1.9832E+00        2.955E-06        113.802
27           -2.6528780224E+01         1.9832E+00        7.951E-07        113.461
Total number of SCF: 27    

k = [-0.250, -0.250, 0.000]
Occupation of state 217 = 0.000000000000000.
Occupation of state 241 = 0.000000000000000.
Exx outer loop error: 9.8803382008e-04 

No.5 Exx outer loop: 
1            -2.6528794253E+01         1.9866E+00        1.194E-03        118.237
2            -2.6528786777E+01         1.9815E+00        7.146E-04        113.893
3            -2.6529032886E+01         1.9734E+00        3.333E-03        113.848
4            -2.6529003682E+01         1.9781E+00        2.853E-03        113.825
5            -2.6528992504E+01         1.9812E+00        1.012E-03        113.937
6            -2.6528973465E+01         1.9806E+00        1.080E-03        114.199
7            -2.6528922718E+01         1.9818E+00        4.584E-04        113.909
8            -2.6528880042E+01         1.9812E+00        2.688E-04        114.069
9            -2.6528849306E+01         1.9810E+00        7.214E-05        113.752
10           -2.6528818976E+01         1.9813E+00        2.228E-04        114.067
11           -2.6528808817E+01         1.9814E+00        1.292E-04        113.775
12           -2.6528803568E+01         1.9815E+00        9.708E-05        113.544
13           -2.6528799655E+01         1.9815E+00        7.348E-05        113.756
14           -2.6528793684E+01         1.9815E+00        1.714E-05        113.838
15           -2.6528789356E+01         1.9815E+00        6.503E-05        113.879
16           -2.6528789250E+01         1.9815E+00        8.450E-06        115.439
17           -2.6528787732E+01         1.9815E+00        4.952E-06        113.605
18           -2.6528785535E+01         1.9815E+00        6.303E-06        113.622
19           -2.6528785359E+01         1.9815E+00        4.755E-06        113.955
20           -2.6528784085E+01         1.9814E+00        1.057E-05        113.979
21           -2.6528783906E+01         1.9815E+00        4.440E-06        113.962
22           -2.6528783587E+01         1.9815E+00        6.508E-06        113.659
23           -2.6528783620E+01         1.9815E+00        2.737E-06        113.565
24           -2.6528783515E+01         1.9815E+00        4.733E-06        113.376
25           -2.6528783346E+01         1.9815E+00        4.052E-06        113.668
26           -2.6528783062E+01         1.9815E+00        4.366E-06        113.423
27           -2.6528783067E+01         1.9815E+00        4.266E-06        113.314
28           -2.6528783129E+01         1.9815E+00        1.933E-06        113.554
29           -2.6528783095E+01         1.9815E+00        1.689E-06        113.653
30           -2.6528783069E+01         1.9815E+00        1.281E-06        129.921
31           -2.6528783108E+01         1.9815E+00        9.897E-07        113.398
Total number of SCF: 31    

k = [-0.250, -0.250, 0.000]
Occupation of state 217 = 0.000000000000000.
Occupation of state 241 = 0.000000000000000.
Exx outer loop error: 9.9740908923e-04 

No.6 Exx outer loop: 
1            -2.6528793167E+01         1.9833E+00        1.044E-03        117.137
2            -2.6528785756E+01         1.9788E+00        7.126E-04        113.799
3            -2.6528840143E+01         1.9768E+00        1.174E-03        113.891
4            -2.6528872933E+01         1.9785E+00        3.132E-04        114.028
5            -2.6528869239E+01         1.9791E+00        1.981E-04        113.892
6            -2.6528848473E+01         1.9787E+00        1.914E-04        114.173
7            -2.6528834994E+01         1.9783E+00        1.294E-04        115.396
8            -2.6528822654E+01         1.9786E+00        5.215E-05        114.255
9            -2.6528807269E+01         1.9785E+00        1.435E-04        118.868
10           -2.6528801660E+01         1.9787E+00        3.465E-05        113.768
11           -2.6528795220E+01         1.9787E+00        2.022E-05        113.668
12           -2.6528789208E+01         1.9787E+00        2.334E-05        114.405
13           -2.6528786512E+01         1.9787E+00        4.357E-05        113.485
14           -2.6528787391E+01         1.9786E+00        1.574E-05        113.377
15           -2.6528787645E+01         1.9786E+00        5.241E-06        113.646
16           -2.6528786237E+01         1.9786E+00        4.005E-06        113.471
17           -2.6528785985E+01         1.9787E+00        6.934E-06        113.359
18           -2.6528785816E+01         1.9787E+00        4.438E-06        113.461
19           -2.6528785597E+01         1.9787E+00        3.029E-06        114.031
20           -2.6528785321E+01         1.9787E+00        1.178E-06        113.983
21           -2.6528785013E+01         1.9787E+00        2.864E-06        113.837
22           -2.6528785072E+01         1.9787E+00        1.063E-06        113.984
23           -2.6528784981E+01         1.9787E+00        6.053E-07        114.351
Total number of SCF: 23    

k = [-0.250, -0.250, 0.000]
Occupation of state 217 = 0.000000000000000.
Occupation of state 241 = 0.000000000000000.
Exx outer loop error: 6.0397804425e-04 

No.7 Exx outer loop: 
1            -2.6528793522E+01         1.9799E+00        9.066E-04        117.612
2            -2.6528786077E+01         1.9759E+00        5.938E-04        116.956
3            -2.6528855834E+01         1.9703E+00        7.225E-04        136.613
4            -2.6528904753E+01         1.9735E+00        3.974E-04        113.679
5            -2.6528898222E+01         1.9761E+00        3.737E-04        138.496
6            -2.6528837699E+01         1.9756E+00        1.141E-04        134.010
7            -2.6528818055E+01         1.9749E+00        1.016E-04        113.646
8            -2.6528806733E+01         1.9753E+00        1.509E-04        114.008
9            -2.6528793840E+01         1.9756E+00        3.904E-05        135.231
10           -2.6528791678E+01         1.9758E+00        1.148E-04        113.554
11           -2.6528793678E+01         1.9757E+00        7.553E-05        114.539
12           -2.6528796289E+01         1.9755E+00        1.009E-04        114.002
13           -2.6528795396E+01         1.9757E+00        2.914E-05        115.468
14           -2.6528795521E+01         1.9756E+00        1.871E-05        113.737
15           -2.6528793606E+01         1.9756E+00        7.206E-06        126.474
16           -2.6528792821E+01         1.9756E+00        1.094E-05        113.485
17           -2.6528792207E+01         1.9756E+00        1.536E-05        124.127
18           -2.6528789796E+01         1.9757E+00        1.346E-05        119.105
19           -2.6528788512E+01         1.9756E+00        1.005E-05        113.607
20           -2.6528787674E+01         1.9756E+00        4.631E-06        116.834
21           -2.6528786820E+01         1.9756E+00        1.065E-06        114.028
22           -2.6528786458E+01         1.9756E+00        8.358E-07        137.957
Total number of SCF: 22    

k = [-0.250, -0.250, 0.000]
Occupation of state 217 = 0.000000000000000.
Occupation of state 241 = 0.000000000000000.
Exx outer loop error: 6.7556057540e-04 

No.8 Exx outer loop: 
1            -2.6528793901E+01         1.9766E+00        7.938E-04        117.192
2            -2.6528786839E+01         1.9731E+00        4.909E-04        113.571
3            -2.6528861389E+01         1.9673E+00        1.039E-03        113.467
4            -2.6528888754E+01         1.9694E+00        3.277E-03        115.711
5            -2.6528850589E+01         1.9719E+00        5.556E-04        113.735
6            -2.6528857268E+01         1.9726E+00        8.088E-05        113.752
7            -2.6528845245E+01         1.9728E+00        6.231E-05        113.635
8            -2.6528814909E+01         1.9728E+00        8.135E-05        113.719
9            -2.6528797057E+01         1.9726E+00        1.383E-04        114.115
10           -2.6528789057E+01         1.9726E+00        4.612E-05        113.511
11           -2.6528786897E+01         1.9728E+00        1.386E-05        113.508
12           -2.6528786833E+01         1.9728E+00        1.572E-05        113.692
13           -2.6528787605E+01         1.9728E+00        1.498E-05        113.047
14           -2.6528788493E+01         1.9728E+00        1.174E-05        113.739
15           -2.6528788741E+01         1.9727E+00        7.913E-06        113.353
16           -2.6528789312E+01         1.9728E+00        2.855E-06        113.413
17           -2.6528788601E+01         1.9727E+00        7.446E-06        113.368
18           -2.6528787749E+01         1.9728E+00        3.081E-06        113.208
19           -2.6528787049E+01         1.9727E+00        4.597E-06        113.436
20           -2.6528787315E+01         1.9728E+00        2.480E-06        114.585
21           -2.6528787492E+01         1.9728E+00        1.815E-06        113.308
22           -2.6528787276E+01         1.9728E+00        4.409E-06        113.641
23           -2.6528787197E+01         1.9728E+00        4.357E-06        113.884
24           -2.6528787146E+01         1.9728E+00        3.368E-06        113.491
25           -2.6528787158E+01         1.9728E+00        1.764E-06        113.524
26           -2.6528787129E+01         1.9728E+00        3.144E-06        113.543
27           -2.6528787141E+01         1.9728E+00        1.015E-06        113.170
28           -2.6528787165E+01         1.9728E+00        2.984E-07        113.142
Total number of SCF: 28    

k = [-0.250, -0.250, 0.000]
Occupation of state 217 = 0.000000000000000.
Occupation of state 241 = 0.000000000000000.
Exx outer loop error: 8.9844951576e-05 

No.9 Exx outer loop: 
1            -2.6528793546E+01         1.9735E+00        7.354E-04        117.144
2            -2.6528787526E+01         1.9707E+00        5.300E-04        113.446
3            -2.6528847493E+01         1.9672E+00        4.673E-04        113.788
4            -2.6528898390E+01         1.9686E+00        4.017E-04        113.983
5            -2.6528843692E+01         1.9722E+00        2.797E-04        113.794
6            -2.6528817301E+01         1.9716E+00        2.213E-04        113.637
7            -2.6528807831E+01         1.9697E+00        7.848E-05        113.401
8            -2.6528800697E+01         1.9701E+00        2.582E-05        113.378
9            -2.6528795005E+01         1.9702E+00        2.089E-05        113.384
10           -2.6528792126E+01         1.9702E+00        9.214E-06        113.197
11           -2.6528790247E+01         1.9702E+00        7.761E-06        113.714
12           -2.6528790117E+01         1.9702E+00        7.699E-06        113.556
13           -2.6528789337E+01         1.9702E+00        1.708E-06        113.374
14           -2.6528788712E+01         1.9703E+00        2.027E-06        115.073
15           -2.6528788603E+01         1.9702E+00        1.931E-06        113.226
16           -2.6528788265E+01         1.9702E+00        7.286E-07        113.137
Total number of SCF: 16    

k = [-0.250, -0.250, 0.000]
Occupation of state 217 = 0.000000000000000.
Occupation of state 241 = 0.000000000000000.
Exx outer loop error: 4.3956505107e-04 

No.10 Exx outer loop: 
1            -2.6528793885E+01         1.9710E+00        6.609E-04        118.288
2            -2.6528788577E+01         1.9685E+00        4.811E-04        113.597
3            -2.6528829659E+01         1.9644E+00        1.033E-03        113.623
4            -2.6528808800E+01         1.9650E+00        8.536E-04        115.276
5            -2.6528794807E+01         1.9669E+00        2.799E-04        113.572
6            -2.6528823136E+01         1.9664E+00        4.481E-04        113.552
7            -2.6528811021E+01         1.9680E+00        9.189E-05        113.512
8            -2.6528801651E+01         1.9681E+00        2.481E-05        113.416
9            -2.6528798923E+01         1.9683E+00        3.406E-05        113.467
10           -2.6528797930E+01         1.9683E+00        2.897E-05        113.419
11           -2.6528795795E+01         1.9683E+00        3.803E-05        113.370
12           -2.6528794160E+01         1.9683E+00        2.011E-05        113.964
13           -2.6528792637E+01         1.9683E+00        1.048E-05        113.463
14           -2.6528791416E+01         1.9683E+00        6.667E-06        113.647
15           -2.6528790060E+01         1.9682E+00        3.174E-06        113.558
16           -2.6528790108E+01         1.9682E+00        2.860E-06        113.393
17           -2.6528789471E+01         1.9682E+00        4.095E-06        113.855
18           -2.6528789329E+01         1.9683E+00        3.957E-06        113.611
19           -2.6528788957E+01         1.9682E+00        1.267E-06        113.283
20           -2.6528789080E+01         1.9682E+00        4.763E-06        115.158
21           -2.6528788887E+01         1.9682E+00        2.056E-06        113.178
22           -2.6528788988E+01         1.9683E+00        1.021E-06        113.907
23           -2.6528788822E+01         1.9682E+00        1.683E-06        113.346
24           -2.6528788913E+01         1.9682E+00        5.645E-07        112.840
Total number of SCF: 24    

k = [-0.250, -0.250, 0.000]
Occupation of state 217 = 0.000000000000000.
Occupation of state 241 = 0.000000000000000.
Exx outer loop error: 1.8105700469e-04 

No.11 Exx outer loop: 
1            -2.6528794044E+01         1.9689E+00        6.147E-04        117.437
2            -2.6528789125E+01         1.9671E+00        5.178E-04        115.477
3            -2.6528850259E+01         1.9637E+00        2.519E-04        113.715
4            -2.6528914963E+01         1.9637E+00        2.829E-04        113.696
5            -2.6528885142E+01         1.9667E+00        2.649E-04        113.648
6            -2.6528798103E+01         1.9687E+00        1.947E-04        113.562
7            -2.6528795084E+01         1.9677E+00        8.114E-05        113.566
8            -2.6528793599E+01         1.9670E+00        2.458E-05        113.293
9            -2.6528792149E+01         1.9668E+00        1.565E-05        113.422
10           -2.6528792647E+01         1.9668E+00        5.464E-06        113.573
11           -2.6528790773E+01         1.9667E+00        7.537E-06        113.444
12           -2.6528789378E+01         1.9668E+00        3.297E-06        113.421
13           -2.6528789723E+01         1.9668E+00        4.077E-06        114.791
14           -2.6528790212E+01         1.9668E+00        1.268E-06        113.522
15           -2.6528789925E+01         1.9667E+00        6.567E-06        117.435
16           -2.6528789846E+01         1.9667E+00        2.356E-06        113.698
17           -2.6528789642E+01         1.9668E+00        1.034E-06        123.674
18           -2.6528789390E+01         1.9668E+00        1.356E-06        122.210
19           -2.6528789278E+01         1.9668E+00        4.083E-07        135.517
Total number of SCF: 19    

k = [-0.250, -0.250, 0.000]
Occupation of state 217 = 0.000000000000000.
Occupation of state 241 = 0.000000000000000.
Exx outer loop error: 1.6384398541e-05 
====================================================================
                    Energy and force calculation                    
====================================================================
Free energy per atom               : -2.6528786992E+01 (Ha/atom)
Total free energy                  : -1.4590832846E+03 (Ha)
Band structure energy              : -3.6514270840E+02 (Ha)
Exchange correlation energy        : -2.6036340816E+02 (Ha)
Self and correction energy         : -1.9271032939E+03 (Ha)
Entropy*kb*T                       : -4.2447547739E-03 (Ha)
Fermi level                        : -1.4500805442E-01 (Ha)
RMS force                          :  1.9634300446E-02 (Ha/Bohr)
Maximum force                      :  1.0547729786E-01 (Ha/Bohr)
Time for force calculation         :  4.795 (sec)
***************************************************************************
                               Timing info                                 
***************************************************************************
Total walltime                     :  113674.718 sec
___________________________________________________________________________

***************************************************************************
*             Material Physics & Mechanics Group, Georgia Tech            *
*                       PI: Phanish Suryanarayana                         *
*                Main Developers: Qimen Xu, Abhiraj Sharma                *
*     Collaborators: J.E. Pask (LLNL), A.J. Medford (GT), E. Chow (GT)    *
*  Acknowledgements: U.S. DOE (DE-SC0019410); U.S. NSF (1333500,1553212)  *
***************************************************************************
                                                                           
