***************************************************************************
*                       SPARC (version Dec 27, 2021)                      *
*   Copyright (c) 2020 Material Physics & Mechanics Group, Georgia Tech   *
*           Distributed under GNU General Public License 3 (GPL)          *
*                   Start time: Fri Jan 14 22:31:44 2022                  *
***************************************************************************
                           Input parameters                                
***************************************************************************
CELL: 12.4338823950489 16.8986769044157 47.5378507412217 
LATVEC:
1.000000000000000 0.000000000000000 0.000000000000000 
-0.000130020950961 0.999999991547276 0.000000000000000 
0.000000000000000 -0.000000000000000 1.000000000000000 
FD_GRID: 66 89 252
FD_ORDER: 12
BC: P P D
KPOINT_GRID: 2 2 1
KPOINT_SHIFT: 0 0 0
SPIN_TYP: 1
ELEC_TEMP_TYPE: Gaussian
SMEARING: 0.007349864435
CHEB_DEGREE: 37
NSTATES: 260
EXCHANGE_CORRELATION: HSE
CALC_STRESS: 0
CALC_PRES: 0
CHEFSI_BOUND_FLAG: 0
MAXIT_SCF: 100
MINIT_SCF: 3
MAXIT_POISSON: 3000
TOL_SCF: 1.00E-06
POISSON_SOLVER: AAR
TOL_POISSON: 1.00E-08
TOL_LANCZOS: 1.00E-02
TOL_PSEUDOCHARGE: 1.00E-08
MIXING_VARIABLE: density
MIXING_PRECOND: kerker
MIXING_PRECOND_MAG: none
TOL_PRECOND: 3.57E-05
PRECOND_KERKER_KTF: 1
PRECOND_KERKER_THRESH: 0.1
MIXING_PARAMETER: 0.3
MIXING_PARAMETER_MAG: 0.3
MIXING_HISTORY: 7
PULAY_FREQUENCY: 1
PULAY_RESTART: 0
REFERENCE_CUTOFF: 0.5
RHO_TRIGGER: 4
FIX_RAND: 0
VERBOSITY: 1
PRINT_FORCES: 1
PRINT_ATOMS: 1
PRINT_EIGEN: 1
PRINT_DENSITY: 0
PRINT_ENERGY_DENSITY: 0
TOL_FOCK: 5.00E-05
TOL_SCF_INIT: 1.00E-04
MAXIT_FOCK: 1000
EXX_METHOD: FOURIER_SPACE
EXX_DIVERGENCE: AUXILIARY
ACE_FLAG: 1
EXX_ACE_MEM: 1
EXX_ACE_VALENCE_STATES: 10000
EXX_DOWNSAMPLING: 1 1 1
EXX_RANGE_FOCK: 0.106000
EXX_RANGE_PBE: 0.106000
OUTPUT_FILE: sprc-calc
***************************************************************************
                                Cell                                       
***************************************************************************
Lattice vectors (Bohr):
12.433882395048860 0.000000000000000 0.000000000000000 
-0.002197182041095 16.898676761575889 0.000000000000000 
0.000000000000000 -0.000000000000000 47.537850741221725 
Volume                  :  9.9884706279E+03 (Bohr^3)
***************************************************************************
                           Parallelization                                 
***************************************************************************
NP_SPIN_PARAL: 2
NP_KPOINT_PARAL: 4
NP_BAND_PARAL: 1
NP_DOMAIN_PARAL: 2 3 7
NP_DOMAIN_PHI_PARAL: 4 6 14
EIG_SERIAL_MAXNS: 1500
***************************************************************************
                             Initialization                                
***************************************************************************
Number of processors               :  336
Mesh spacing in x-direction        :  0.188392 (Bohr)
Mesh spacing in y-direction        :  0.189873 (Bohr)
Mesh spacing in z direction        :  0.188642 (Bohr)
Number of symmetry adapted k-points:  4
Output printed to                  :  sprc-calc.out
Final eigenvalues printed to       :  sprc-calc.eigen
Total number of atom types         :  2
Total number of atoms              :  53
Total number of electrons          :  426
Atom type 1  (valence electrons)   :  O 6
Pseudopotential                    :  O.psp8
Pseudocharge radii of atom type 1  :  6.78 6.84 6.79 (x, y, z dir)
Number of atoms of type 1          :  35
Atom type 2  (valence electrons)   :  Ti 12
Pseudopotential                    :  Ti.psp8
Pseudocharge radii of atom type 2  :  6.78 6.84 6.79 (x, y, z dir)
Number of atoms of type 2          :  18
Estimated total memory usage       :  307.30 GB
Estimated memory per processor     :  936.52 MB
========================================================================================
                    Self Consistent Field (SCF#1)                     
========================================================================================
Iteration     Free Energy (Ha/atom)    Magnetization     SCF Error        Timing (sec)
1            -3.0606033026E+01         6.0309E+00        4.529E-01        204.806
2            -3.0850336485E+01        -5.4643E+00        3.532E-01        51.298
3            -3.0879060983E+01         6.7623E+00        2.627E-01        57.936
4            -3.1047230775E+01         5.1096E+00        1.839E-01        57.540
5            -3.1054925761E+01        -1.4783E+00        1.299E-01        56.211
6            -3.1060738691E+01        -1.6034E+00        1.040E-01        49.315
7            -3.1055749723E+01        -1.6536E-01        7.463E-02        50.173
8            -3.1025882218E+01        -1.2365E+00        6.694E-02        49.577
9            -3.0983603207E+01        -1.7485E+00        4.756E-02        49.508
10           -3.0936790450E+01        -1.4162E+00        3.938E-02        50.089
11           -3.0882873407E+01        -1.5203E+00        2.609E-02        49.631
12           -3.0850453730E+01        -1.5067E+00        2.236E-02        49.471
13           -3.0819308569E+01        -1.5904E+00        1.708E-02        49.587
14           -3.0793001163E+01        -1.6161E+00        1.248E-02        49.617
15           -3.0783037472E+01        -1.6294E+00        1.043E-02        50.095
16           -3.0762598447E+01        -1.6804E+00        8.285E-03        49.414
17           -3.0750358948E+01        -1.6804E+00        6.734E-03        49.516
18           -3.0738232992E+01        -1.6495E+00        6.038E-03        49.484
19           -3.0732306345E+01        -1.6518E+00        5.300E-03        49.629
20           -3.0723047879E+01        -1.5939E+00        4.423E-03        49.425
21           -3.0718248911E+01        -1.6116E+00        3.457E-03        49.987
22           -3.0713361799E+01        -1.6043E+00        2.731E-03        49.421
23           -3.0713212655E+01        -1.5841E+00        2.010E-03        49.597
24           -3.0711015918E+01        -1.6095E+00        2.739E-03        49.142
25           -3.0711228022E+01        -1.6078E+00        2.076E-03        49.777
26           -3.0710669005E+01        -1.5806E+00        9.785E-04        49.448
27           -3.0710208090E+01        -1.5972E+00        1.533E-03        49.305
28           -3.0709640302E+01        -1.5677E+00        4.430E-04        49.976
29           -3.0709467523E+01        -1.5567E+00        3.955E-04        49.279
30           -3.0709397158E+01        -1.5536E+00        2.390E-04        53.376
31           -3.0709323386E+01        -1.5488E+00        1.654E-04        52.232
32           -3.0709283664E+01        -1.5465E+00        1.471E-04        49.506
33           -3.0709242430E+01        -1.5440E+00        8.784E-05        50.403
Total number of SCF: 33    

k = [0.000, 0.000, 0.000]
Occupation of state 234 = 0.000000000000000.
Occupation of state 260 = 0.000000000000000.

No.1 Exx outer loop: 
1            -3.0494535217E+01        -1.9349E+00        1.478E-02        78.002
2            -3.0486782846E+01        -1.9538E+00        1.346E-02        78.334
3            -3.0491065076E+01        -1.9580E+00        9.342E-03        77.196
4            -3.0495433036E+01        -1.9451E+00        5.795E-03        75.588
5            -3.0496811764E+01        -1.9541E+00        2.558E-03        75.369
6            -3.0497286173E+01        -1.9694E+00        1.203E-03        75.242
7            -3.0497508241E+01        -1.9658E+00        7.862E-04        75.246
8            -3.0496936312E+01        -1.9668E+00        3.750E-04        75.904
9            -3.0496752289E+01        -1.9649E+00        3.210E-04        75.216
10           -3.0496690630E+01        -1.9667E+00        2.238E-04        75.436
11           -3.0496606051E+01        -1.9669E+00        1.836E-04        75.436
12           -3.0496530796E+01        -1.9670E+00        1.419E-04        75.618
13           -3.0496459033E+01        -1.9671E+00        1.106E-04        75.289
14           -3.0496423728E+01        -1.9675E+00        8.769E-05        75.000
15           -3.0496426439E+01        -1.9674E+00        8.065E-05        75.180
16           -3.0496407616E+01        -1.9673E+00        7.339E-05        75.228
17           -3.0496366330E+01        -1.9669E+00        3.696E-05        75.128
18           -3.0496345817E+01        -1.9669E+00        2.825E-05        75.107
19           -3.0496335424E+01        -1.9673E+00        3.202E-05        75.301
20           -3.0496323005E+01        -1.9668E+00        3.033E-05        75.464
21           -3.0496322246E+01        -1.9667E+00        2.467E-05        75.405
22           -3.0496314253E+01        -1.9666E+00        2.197E-05        75.513
23           -3.0496313370E+01        -1.9669E+00        1.028E-05        75.253
24           -3.0496306922E+01        -1.9667E+00        6.443E-06        75.872
25           -3.0496303124E+01        -1.9667E+00        4.811E-06        75.273
26           -3.0496300100E+01        -1.9667E+00        2.791E-06        78.131
27           -3.0496299618E+01        -1.9667E+00        2.917E-06        76.637
28           -3.0496299836E+01        -1.9667E+00        1.376E-06        75.355
29           -3.0496299360E+01        -1.9667E+00        1.291E-06        75.389
30           -3.0496298923E+01        -1.9667E+00        8.533E-07        74.816
Total number of SCF: 30    

k = [0.000, 0.000, 0.000]
Occupation of state 234 = 0.000000000000000.
Occupation of state 260 = 0.000000000000000.
Exx outer loop error: 6.6451792431e-01 

No.2 Exx outer loop: 
1            -3.0496716741E+01        -1.9863E+00        2.281E-03        79.495
2            -3.0496055148E+01        -1.9841E+00        2.039E-03        75.593
3            -3.0496703947E+01        -1.9851E+00        1.319E-03        75.543
4            -3.0497198678E+01        -1.9857E+00        7.226E-04        75.647
5            -3.0497145457E+01        -1.9849E+00        2.645E-04        75.933
6            -3.0497008527E+01        -1.9847E+00        1.881E-04        75.640
7            -3.0496893715E+01        -1.9847E+00        1.330E-04        75.835
8            -3.0496866229E+01        -1.9848E+00        9.191E-05        75.527
9            -3.0496831440E+01        -1.9848E+00        8.367E-05        76.184
10           -3.0496796292E+01        -1.9843E+00        8.957E-05        75.505
11           -3.0496762010E+01        -1.9846E+00        5.979E-05        75.539
12           -3.0496742966E+01        -1.9846E+00        3.753E-05        75.455
13           -3.0496711652E+01        -1.9847E+00        3.306E-05        75.575
14           -3.0496697996E+01        -1.9847E+00        2.069E-05        75.384
15           -3.0496685058E+01        -1.9847E+00        2.308E-05        75.278
16           -3.0496687287E+01        -1.9847E+00        1.242E-05        75.434
17           -3.0496680599E+01        -1.9847E+00        9.499E-06        75.815
18           -3.0496674193E+01        -1.9847E+00        7.606E-06        75.346
19           -3.0496670621E+01        -1.9847E+00        6.613E-06        75.520
20           -3.0496667608E+01        -1.9847E+00        4.483E-06        75.297
21           -3.0496666416E+01        -1.9847E+00        2.982E-06        75.910
22           -3.0496666406E+01        -1.9847E+00        2.500E-06        75.211
23           -3.0496666291E+01        -1.9847E+00        1.587E-06        80.607
24           -3.0496666179E+01        -1.9847E+00        1.243E-06        77.547
25           -3.0496666009E+01        -1.9847E+00        1.070E-06        75.426
26           -3.0496665831E+01        -1.9847E+00        1.244E-06        75.099
27           -3.0496665826E+01        -1.9847E+00        6.489E-07        74.934
Total number of SCF: 27    

k = [0.000, 0.000, 0.000]
Occupation of state 234 = 0.000000000000000.
Occupation of state 260 = 0.000000000000000.
Exx outer loop error: 1.1802039734e-02 

No.3 Exx outer loop: 
1            -3.0496739596E+01        -1.9885E+00        9.807E-04        79.782
2            -3.0496677907E+01        -1.9869E+00        7.243E-04        75.803
3            -3.0496982120E+01        -1.9903E+00        9.854E-04        75.600
4            -3.0497061801E+01        -1.9892E+00        5.749E-04        75.658
5            -3.0496927266E+01        -1.9876E+00        2.155E-04        75.774
6            -3.0496861867E+01        -1.9866E+00        1.630E-04        75.596
7            -3.0496856840E+01        -1.9871E+00        1.075E-04        75.546
8            -3.0496870880E+01        -1.9874E+00        1.296E-04        75.441
9            -3.0496817881E+01        -1.9865E+00        1.319E-04        75.788
10           -3.0496848304E+01        -1.9860E+00        2.483E-04        75.434
11           -3.0496831114E+01        -1.9856E+00        3.016E-04        75.864
12           -3.0496828830E+01        -1.9856E+00        2.906E-04        75.552
13           -3.0496807953E+01        -1.9864E+00        1.134E-04        75.253
14           -3.0496790540E+01        -1.9866E+00        6.931E-05        75.378
15           -3.0496769823E+01        -1.9866E+00        7.715E-05        75.443
16           -3.0496750858E+01        -1.9866E+00        7.851E-05        75.455
17           -3.0496738537E+01        -1.9865E+00        7.149E-05        75.615
18           -3.0496735692E+01        -1.9865E+00        6.917E-05        75.347
19           -3.0496736225E+01        -1.9865E+00        6.037E-05        75.715
20           -3.0496738474E+01        -1.9865E+00        4.153E-05        75.244
21           -3.0496730406E+01        -1.9866E+00        2.315E-05        75.969
22           -3.0496726611E+01        -1.9866E+00        2.455E-05        75.363
23           -3.0496715616E+01        -1.9866E+00        1.566E-05        80.050
24           -3.0496709520E+01        -1.9866E+00        1.083E-05        76.508
25           -3.0496704439E+01        -1.9865E+00        1.070E-05        77.002
26           -3.0496699243E+01        -1.9865E+00        4.482E-06        75.546
27           -3.0496695018E+01        -1.9865E+00        3.365E-06        75.383
28           -3.0496692758E+01        -1.9865E+00        3.241E-06        75.265
29           -3.0496692588E+01        -1.9865E+00        9.148E-06        75.856
30           -3.0496691927E+01        -1.9865E+00        1.087E-06        75.496
31           -3.0496692246E+01        -1.9865E+00        1.908E-06        75.393
32           -3.0496691961E+01        -1.9865E+00        1.618E-06        75.198
33           -3.0496691974E+01        -1.9865E+00        5.886E-07        75.332
Total number of SCF: 33    

k = [0.000, 0.000, 0.000]
Occupation of state 234 = 0.000000000000000.
Occupation of state 260 = 0.000000000000000.
Exx outer loop error: 1.1172294428e-03 

No.4 Exx outer loop: 
1            -3.0496723234E+01        -1.9886E+00        6.889E-04        78.371
2            -3.0496714968E+01        -1.9863E+00        3.758E-04        75.705
3            -3.0496998161E+01        -1.9857E+00        4.661E-04        75.582
4            -3.0496927145E+01        -1.9869E+00        1.293E-04        76.148
5            -3.0496913389E+01        -1.9836E+00        5.480E-04        75.644
6            -3.0496872970E+01        -1.9846E+00        2.934E-04        75.469
7            -3.0496859076E+01        -1.9858E+00        8.804E-05        75.581
8            -3.0496848307E+01        -1.9846E+00        3.036E-04        75.514
9            -3.0496792576E+01        -1.9861E+00        4.376E-05        75.674
10           -3.0496781397E+01        -1.9859E+00        9.575E-05        75.551
11           -3.0496751562E+01        -1.9864E+00        2.456E-05        75.842
12           -3.0496736372E+01        -1.9864E+00        1.645E-05        75.503
13           -3.0496719814E+01        -1.9864E+00        1.180E-05        75.744
14           -3.0496711600E+01        -1.9864E+00        9.669E-06        75.391
15           -3.0496706671E+01        -1.9863E+00        4.805E-06        75.440
16           -3.0496703593E+01        -1.9864E+00        3.457E-06        75.765
17           -3.0496701499E+01        -1.9864E+00        2.424E-06        78.363
18           -3.0496700455E+01        -1.9864E+00        2.034E-06        76.112
19           -3.0496699651E+01        -1.9864E+00        1.191E-06        76.949
20           -3.0496699164E+01        -1.9864E+00        9.959E-07        74.922
Total number of SCF: 20    

k = [0.000, 0.000, 0.000]
Occupation of state 234 = 0.000000000000000.
Occupation of state 260 = 0.000000000000000.
Exx outer loop error: 9.6932919045e-06 
====================================================================
                    Energy and force calculation                    
====================================================================
Free energy per atom               : -3.0496670622E+01 (Ha/atom)
Total free energy                  : -1.6163235430E+03 (Ha)
Band structure energy              : -4.1779692143E+02 (Ha)
Exchange correlation energy        : -2.8438183283E+02 (Ha)
Self and correction energy         : -2.1238988712E+03 (Ha)
Entropy*kb*T                       : -3.2824769416E-03 (Ha)
Fermi level                        : -1.8215731542E-01 (Ha)
RMS force                          :  2.8518900496E-02 (Ha/Bohr)
Maximum force                      :  1.0524390698E-01 (Ha/Bohr)
Time for force calculation         :  0.963 (sec)
***************************************************************************
                               Timing info                                 
***************************************************************************
Total walltime                     :  16341.463 sec
___________________________________________________________________________

***************************************************************************
*             Material Physics & Mechanics Group, Georgia Tech            *
*                       PI: Phanish Suryanarayana                         *
*                Main Developers: Qimen Xu, Abhiraj Sharma                *
*     Collaborators: J.E. Pask (LLNL), A.J. Medford (GT), E. Chow (GT)    *
*  Acknowledgements: U.S. DOE (DE-SC0019410); U.S. NSF (1333500,1553212)  *
***************************************************************************
                                                                           

***************************************************************************
*                       SPARC (version Mar 30, 2022)                      *
*   Copyright (c) 2020 Material Physics & Mechanics Group, Georgia Tech   *
*           Distributed under GNU General Public License 3 (GPL)          *
*                   Start time: Wed Apr 13 15:46:54 2022                  *
***************************************************************************
                           Input parameters                                
***************************************************************************
CELL: 12.4338823950489 16.8986769044157 47.5378507412217 
LATVEC:
1.000000000000000 0.000000000000000 0.000000000000000 
-0.000130020950961 0.999999991547276 0.000000000000000 
0.000000000000000 -0.000000000000000 1.000000000000000 
FD_GRID: 66 89 252
FD_ORDER: 12
BC: P P D
KPOINT_GRID: 2 2 1
KPOINT_SHIFT: 0 0 0
SPIN_TYP: 1
ELEC_TEMP_TYPE: Gaussian
SMEARING: 0.007349864435
CHEB_DEGREE: 37
NSTATES: 260
EXCHANGE_CORRELATION: HSE
CALC_STRESS: 0
CALC_PRES: 0
CHEFSI_BOUND_FLAG: 0
MAXIT_SCF: 100
MINIT_SCF: 3
MAXIT_POISSON: 3000
TOL_SCF: 1.00E-06
POISSON_SOLVER: AAR
TOL_POISSON: 1.00E-08
TOL_LANCZOS: 1.00E-02
TOL_PSEUDOCHARGE: 1.00E-08
MIXING_VARIABLE: density
MIXING_PRECOND: kerker
MIXING_PRECOND_MAG: none
TOL_PRECOND: 3.57E-05
PRECOND_KERKER_KTF: 1
PRECOND_KERKER_THRESH: 0.1
MIXING_PARAMETER: 0.3
MIXING_PARAMETER_MAG: 0.3
MIXING_HISTORY: 7
PULAY_FREQUENCY: 1
PULAY_RESTART: 0
REFERENCE_CUTOFF: 0.5
RHO_TRIGGER: 4
FIX_RAND: 0
VERBOSITY: 1
PRINT_FORCES: 1
PRINT_ATOMS: 1
PRINT_EIGEN: 1
PRINT_DENSITY: 0
PRINT_ENERGY_DENSITY: 0
TOL_FOCK: 5.00E-05
TOL_SCF_INIT: 1.00E-04
MAXIT_FOCK: 1000
EXX_METHOD: FOURIER_SPACE
EXX_DIVERGENCE: AUXILIARY
ACE_FLAG: 1
EXX_ACE_MEM: 1
EXX_ACE_VALENCE_STATES: 10000
EXX_DOWNSAMPLING: 1 1 1
EXX_RANGE_FOCK: 0.106000
EXX_RANGE_PBE: 0.106000
OUTPUT_FILE: sprc-calc
***************************************************************************
                                Cell                                       
***************************************************************************
Lattice vectors (Bohr):
12.433882395048860 0.000000000000000 0.000000000000000 
-0.002197182041095 16.898676761575889 0.000000000000000 
0.000000000000000 -0.000000000000000 47.537850741221725 
Volume                  :  9.9884706279E+03 (Bohr^3)
***************************************************************************
                           Parallelization                                 
***************************************************************************
NP_SPIN_PARAL: 2
NP_KPOINT_PARAL: 4
NP_BAND_PARAL: 1
NP_DOMAIN_PARAL: 2 3 7
NP_DOMAIN_PHI_PARAL: 4 6 14
EIG_SERIAL_MAXNS: 1500
***************************************************************************
                             Initialization                                
***************************************************************************
Number of processors               :  336
Mesh spacing in x-direction        :  0.188392 (Bohr)
Mesh spacing in y-direction        :  0.189873 (Bohr)
Mesh spacing in z direction        :  0.188642 (Bohr)
Number of symmetry adapted k-points:  4
Output printed to                  :  sprc-calc.out_01
Final eigenvalues printed to       :  sprc-calc.eigen_01
Total number of atom types         :  2
Total number of atoms              :  53
Total number of electrons          :  426
Atom type 1  (valence electrons)   :  O 6
Pseudopotential                    :  O.psp8
Pseudocharge radii of atom type 1  :  6.78 6.84 6.79 (x, y, z dir)
Number of atoms of type 1          :  35
Atom type 2  (valence electrons)   :  Ti 12
Pseudopotential                    :  Ti.psp8
Pseudocharge radii of atom type 2  :  6.78 6.84 6.79 (x, y, z dir)
Number of atoms of type 2          :  18
Estimated total memory usage       :  307.30 GB
Estimated memory per processor     :  936.52 MB
========================================================================================
                    Self Consistent Field (SCF#1)                     
========================================================================================
Iteration     Free Energy (Ha/atom)    Magnetization     SCF Error        Timing (sec)
1            -3.0606033026E+01         6.0309E+00        4.529E-01        194.940
2            -3.0850336485E+01        -5.4643E+00        3.532E-01        49.379
3            -3.0879060983E+01         6.7623E+00        2.627E-01        49.912
4            -3.1047230775E+01         5.1096E+00        1.839E-01        49.449
5            -3.1054925761E+01        -1.4783E+00        1.299E-01        49.820
6            -3.1060738691E+01        -1.6034E+00        1.040E-01        49.398
7            -3.1055749723E+01        -1.6536E-01        7.463E-02        49.400
8            -3.1025882218E+01        -1.2365E+00        6.694E-02        49.421
9            -3.0983603208E+01        -1.7485E+00        4.756E-02        49.384
10           -3.0936790450E+01        -1.4162E+00        3.938E-02        50.424
11           -3.0882873408E+01        -1.5203E+00        2.609E-02        49.352
12           -3.0850453732E+01        -1.5067E+00        2.236E-02        49.746
13           -3.0819308569E+01        -1.5904E+00        1.708E-02        50.191
14           -3.0793001164E+01        -1.6161E+00        1.248E-02        49.428
15           -3.0783037472E+01        -1.6294E+00        1.043E-02        49.493
16           -3.0762598449E+01        -1.6804E+00        8.285E-03        49.533
17           -3.0750358947E+01        -1.6804E+00        6.734E-03        49.361
18           -3.0738232993E+01        -1.6495E+00        6.038E-03        49.874
19           -3.0732306348E+01        -1.6518E+00        5.300E-03        49.550
20           -3.0723047880E+01        -1.5939E+00        4.423E-03        49.388
21           -3.0718248911E+01        -1.6116E+00        3.457E-03        49.843
22           -3.0713361800E+01        -1.6043E+00        2.731E-03        49.292
23           -3.0713212652E+01        -1.5841E+00        2.010E-03        49.338
24           -3.0711015918E+01        -1.6095E+00        2.739E-03        49.340
25           -3.0711228021E+01        -1.6078E+00        2.076E-03        49.007
26           -3.0710669005E+01        -1.5806E+00        9.785E-04        49.981
27           -3.0710208091E+01        -1.5972E+00        1.533E-03        49.548
28           -3.0709640302E+01        -1.5677E+00        4.430E-04        49.224
29           -3.0709467524E+01        -1.5567E+00        3.955E-04        50.150
30           -3.0709397159E+01        -1.5536E+00        2.390E-04        49.163
31           -3.0709323386E+01        -1.5488E+00        1.654E-04        51.108
32           -3.0709283664E+01        -1.5465E+00        1.471E-04        53.161
33           -3.0709242433E+01        -1.5440E+00        8.785E-05        50.440
Total number of SCF: 33    

k = [0.000, 0.000, 0.000]
Occupation of state 234 = 0.000000000000000.
Occupation of state 260 = 0.000000000000000.

No.1 Exx outer loop: 
1            -3.0494502138E+01        -1.9349E+00        1.478E-02        79.259
2            -3.0486741361E+01        -1.9538E+00        1.346E-02        82.807
3            -3.0491016643E+01        -1.9580E+00        9.342E-03        76.730
4            -3.0495381994E+01        -1.9451E+00        5.795E-03        76.676
5            -3.0496756574E+01        -1.9541E+00        2.558E-03        76.594
6            -3.0497226035E+01        -1.9694E+00        1.203E-03        76.445
7            -3.0497446402E+01        -1.9658E+00        7.862E-04        82.581
8            -3.0496873245E+01        -1.9668E+00        3.750E-04        76.483
9            -3.0496688597E+01        -1.9649E+00        3.210E-04        76.467
10           -3.0496626728E+01        -1.9667E+00        2.238E-04        76.966
11           -3.0496542012E+01        -1.9669E+00        1.836E-04        77.657
12           -3.0496466878E+01        -1.9670E+00        1.418E-04        76.725
13           -3.0496395266E+01        -1.9671E+00        1.106E-04        76.811
14           -3.0496360085E+01        -1.9675E+00        8.769E-05        76.281
15           -3.0496362769E+01        -1.9674E+00        8.065E-05        76.158
16           -3.0496343947E+01        -1.9673E+00        7.341E-05        76.575
17           -3.0496302707E+01        -1.9669E+00        3.696E-05        76.375
18           -3.0496282218E+01        -1.9669E+00        2.825E-05        76.331
19           -3.0496271854E+01        -1.9673E+00        3.198E-05        76.671
20           -3.0496259473E+01        -1.9668E+00        3.027E-05        76.551
21           -3.0496258688E+01        -1.9667E+00        2.466E-05        76.688
22           -3.0496250722E+01        -1.9666E+00        2.192E-05        76.626
23           -3.0496249842E+01        -1.9669E+00        1.023E-05        77.551
24           -3.0496243395E+01        -1.9667E+00        6.436E-06        129.397
25           -3.0496239540E+01        -1.9667E+00        4.774E-06        84.194
26           -3.0496236593E+01        -1.9667E+00        2.783E-06        78.352
27           -3.0496236169E+01        -1.9667E+00        2.548E-06        77.337
28           -3.0496236335E+01        -1.9667E+00        1.367E-06        76.683
29           -3.0496235870E+01        -1.9667E+00        1.234E-06        83.522
30           -3.0496235473E+01        -1.9667E+00        1.488E-06        81.536
31           -3.0496235344E+01        -1.9667E+00        9.283E-07        91.581
Total number of SCF: 31    

k = [0.000, 0.000, 0.000]
Occupation of state 234 = 0.000000000000000.
Occupation of state 260 = 0.000000000000000.
Exx outer loop error: 6.6451443025e-01 

No.2 Exx outer loop: 
1            -3.0496652682E+01        -1.9863E+00        2.280E-03        93.258
2            -3.0495988827E+01        -1.9841E+00        2.038E-03        78.930
3            -3.0496623004E+01        -1.9851E+00        1.327E-03        87.640
4            -3.0496954696E+01        -1.9857E+00        7.090E-04        77.807
5            -3.0496916127E+01        -1.9842E+00        3.511E-04        94.298
6            -3.0496900617E+01        -1.9847E+00        1.965E-04        106.587
7            -3.0496790038E+01        -1.9836E+00        2.473E-04        89.525
8            -3.0496787448E+01        -1.9848E+00        1.614E-04        87.759
9            -3.0496763221E+01        -1.9848E+00        1.340E-04        107.809
10           -3.0496679978E+01        -1.9844E+00        6.715E-05        87.034
11           -3.0496640871E+01        -1.9847E+00        4.763E-05        79.281
12           -3.0496624367E+01        -1.9847E+00        2.983E-05        83.230
13           -3.0496613492E+01        -1.9848E+00        3.592E-05        109.985
14           -3.0496611017E+01        -1.9847E+00        1.858E-05        105.329
15           -3.0496606387E+01        -1.9847E+00        1.645E-05        104.869
16           -3.0496606145E+01        -1.9847E+00        1.602E-05        145.578
17           -3.0496603878E+01        -1.9847E+00        1.402E-05        76.753
18           -3.0496596732E+01        -1.9847E+00        1.052E-05        76.820
19           -3.0496593209E+01        -1.9847E+00        4.331E-06        76.631
20           -3.0496594387E+01        -1.9847E+00        4.295E-06        76.576
21           -3.0496593990E+01        -1.9847E+00        3.998E-06        76.852
22           -3.0496592237E+01        -1.9847E+00        1.884E-06        76.657
23           -3.0496591397E+01        -1.9847E+00        1.740E-06        76.525
24           -3.0496591540E+01        -1.9847E+00        1.387E-06        76.690
25           -3.0496591378E+01        -1.9847E+00        1.061E-06        77.873
26           -3.0496591141E+01        -1.9847E+00        1.157E-06        76.520
27           -3.0496591145E+01        -1.9847E+00        1.114E-06        76.562
28           -3.0496591064E+01        -1.9847E+00        1.122E-06        76.398
29           -3.0496591349E+01        -1.9847E+00        1.509E-06        77.109
30           -3.0496590449E+01        -1.9847E+00        1.620E-06        76.511
31           -3.0496590510E+01        -1.9847E+00        1.643E-06        76.405
32           -3.0496590344E+01        -1.9847E+00        2.130E-06        76.582
33           -3.0496590385E+01        -1.9847E+00        9.106E-07        76.184
Total number of SCF: 33    

k = [0.000, 0.000, 0.000]
Occupation of state 234 = 0.000000000000000.
Occupation of state 260 = 0.000000000000000.
Exx outer loop error: 1.1316924952e-02 

No.3 Exx outer loop: 
1            -3.0496663018E+01        -1.9886E+00        9.902E-04        79.299
2            -3.0496602300E+01        -1.9867E+00        7.241E-04        77.546
3            -3.0496962487E+01        -1.9847E+00        6.664E-04        76.891
4            -3.0496754057E+01        -1.9779E+00        1.187E-03        76.964
5            -3.0496679051E+01        -1.9879E+00        2.231E-04        76.883
6            -3.0496665210E+01        -1.9858E+00        3.120E-04        76.894
7            -3.0496618058E+01        -1.9863E+00        2.151E-04        77.872
8            -3.0496607974E+01        -1.9856E+00        3.365E-04        76.883
9            -3.0496635175E+01        -1.9866E+00        1.915E-04        76.970
10           -3.0496637268E+01        -1.9866E+00        2.024E-04        79.219
11           -3.0496644674E+01        -1.9867E+00        1.759E-04        76.915
12           -3.0496665358E+01        -1.9868E+00        1.377E-04        76.877
13           -3.0496684929E+01        -1.9867E+00        9.255E-05        76.942
14           -3.0496680710E+01        -1.9866E+00        1.009E-04        79.111
15           -3.0496692551E+01        -1.9862E+00        1.220E-04        76.760
16           -3.0496697486E+01        -1.9863E+00        1.145E-04        76.910
17           -3.0496696067E+01        -1.9864E+00        6.659E-05        76.980
18           -3.0496677329E+01        -1.9865E+00        5.802E-05        76.941
19           -3.0496644998E+01        -1.9862E+00        7.114E-05        78.112
20           -3.0496641863E+01        -1.9863E+00        4.546E-05        76.941
21           -3.0496628965E+01        -1.9864E+00        3.944E-05        77.041
22           -3.0496622404E+01        -1.9866E+00        1.414E-05        76.789
23           -3.0496616873E+01        -1.9866E+00        1.438E-05        76.728
24           -3.0496620203E+01        -1.9865E+00        7.065E-06        76.777
25           -3.0496618566E+01        -1.9865E+00        5.396E-06        77.111
26           -3.0496618097E+01        -1.9865E+00        4.790E-06        77.024
27           -3.0496616398E+01        -1.9865E+00        3.279E-06        76.764
28           -3.0496614645E+01        -1.9866E+00        3.429E-06        76.643
29           -3.0496614848E+01        -1.9865E+00        1.742E-06        76.759
30           -3.0496613390E+01        -1.9866E+00        1.801E-06        76.650
31           -3.0496613536E+01        -1.9865E+00        8.085E-07        77.480
Total number of SCF: 31    

k = [0.000, 0.000, 0.000]
Occupation of state 234 = 0.000000000000000.
Occupation of state 260 = 0.000000000000000.
Exx outer loop error: 2.0089427622e-03 

No.4 Exx outer loop: 
1            -3.0496645548E+01        -1.9884E+00        6.692E-04        79.442
2            -3.0496635068E+01        -1.9867E+00        3.709E-04        95.217
3            -3.0496831409E+01        -1.9871E+00        2.786E-04        78.491
4            -3.0496851885E+01        -1.9866E+00        1.497E-04        77.354
5            -3.0496750502E+01        -1.9855E+00        1.746E-04        79.688
6            -3.0496714676E+01        -1.9871E+00        2.044E-04        76.957
7            -3.0496707423E+01        -1.9864E+00        6.701E-05        76.935
8            -3.0496681015E+01        -1.9864E+00        4.966E-05        76.916
9            -3.0496669947E+01        -1.9864E+00        4.135E-05        84.248
10           -3.0496662375E+01        -1.9864E+00        3.021E-05        77.150
11           -3.0496654442E+01        -1.9864E+00        2.405E-05        80.557
12           -3.0496637856E+01        -1.9863E+00        1.008E-05        80.298
13           -3.0496632292E+01        -1.9865E+00        1.834E-05        82.221
14           -3.0496632821E+01        -1.9864E+00        7.186E-06        87.863
15           -3.0496630258E+01        -1.9864E+00        1.263E-05        77.360
16           -3.0496628711E+01        -1.9863E+00        1.069E-05        77.262
17           -3.0496621848E+01        -1.9863E+00        1.545E-05        80.050
18           -3.0496618880E+01        -1.9863E+00        5.201E-06        76.857
19           -3.0496618019E+01        -1.9864E+00        2.385E-06        109.485
20           -3.0496617635E+01        -1.9863E+00        2.286E-06        77.282
21           -3.0496617058E+01        -1.9863E+00        5.711E-06        79.456
22           -3.0496616841E+01        -1.9863E+00        2.848E-06        78.096
23           -3.0496616873E+01        -1.9864E+00        1.126E-06        76.773
24           -3.0496616663E+01        -1.9863E+00        6.340E-07        108.323
Total number of SCF: 24    

k = [0.000, 0.000, 0.000]
Occupation of state 234 = 0.000000000000000.
Occupation of state 260 = 0.000000000000000.
Exx outer loop error: 5.4091426371e-04 

No.5 Exx outer loop: 
1            -3.0496635107E+01        -1.9873E+00        5.529E-04        80.137
2            -3.0496629051E+01        -1.9852E+00        2.383E-04        77.028
3            -3.0496776698E+01        -1.9888E+00        6.461E-04        77.008
4            -3.0496763525E+01        -1.9859E+00        1.278E-04        77.058
5            -3.0496697472E+01        -1.9854E+00        5.220E-05        77.758
6            -3.0496675482E+01        -1.9848E+00        1.014E-04        77.525
7            -3.0496667495E+01        -1.9855E+00        4.878E-05        79.180
8            -3.0496664771E+01        -1.9848E+00        8.463E-05        76.810
9            -3.0496655698E+01        -1.9853E+00        2.203E-05        76.925
10           -3.0496652934E+01        -1.9853E+00        1.808E-05        76.807
11           -3.0496651932E+01        -1.9853E+00        1.447E-05        76.838
12           -3.0496647932E+01        -1.9853E+00        1.950E-05        77.051
13           -3.0496634552E+01        -1.9854E+00        2.154E-05        77.129
14           -3.0496626931E+01        -1.9852E+00        5.445E-06        77.008
15           -3.0496625139E+01        -1.9852E+00        8.593E-06        77.225
16           -3.0496622996E+01        -1.9853E+00        4.613E-06        77.577
17           -3.0496622341E+01        -1.9853E+00        3.753E-06        76.831
18           -3.0496622042E+01        -1.9853E+00        7.525E-06        76.853
19           -3.0496620862E+01        -1.9853E+00        4.794E-06        76.698
20           -3.0496620660E+01        -1.9853E+00        2.829E-06        76.781
21           -3.0496619327E+01        -1.9853E+00        1.169E-06        76.805
22           -3.0496618778E+01        -1.9853E+00        1.024E-06        76.774
23           -3.0496617958E+01        -1.9853E+00        1.506E-06        77.154
24           -3.0496617622E+01        -1.9853E+00        1.231E-06        85.222
25           -3.0496617475E+01        -1.9853E+00        8.901E-07        76.391
Total number of SCF: 25    

k = [0.000, 0.000, 0.000]
Occupation of state 234 = 0.000000000000000.
Occupation of state 260 = 0.000000000000000.
Exx outer loop error: 8.1061187191e-04 

No.6 Exx outer loop: 
1            -3.0496630671E+01        -1.9854E+00        4.805E-04        91.436
2            -3.0496625113E+01        -1.9838E+00        1.868E-04        79.068
3            -3.0496721772E+01        -1.9850E+00        1.866E-04        100.366
4            -3.0496708029E+01        -1.9843E+00        6.172E-05        84.247
5            -3.0496670473E+01        -1.9840E+00        4.665E-05        92.434
6            -3.0496664651E+01        -1.9834E+00        8.938E-05        94.376
7            -3.0496663199E+01        -1.9840E+00        2.723E-05        80.014
8            -3.0496651637E+01        -1.9837E+00        2.385E-05        78.859
9            -3.0496642670E+01        -1.9837E+00        1.795E-05        106.572
10           -3.0496636846E+01        -1.9840E+00        2.013E-05        76.988
11           -3.0496632321E+01        -1.9838E+00        1.969E-05        96.388
12           -3.0496627469E+01        -1.9838E+00        9.496E-06        78.021
13           -3.0496624314E+01        -1.9838E+00        6.511E-06        76.794
14           -3.0496622847E+01        -1.9838E+00        4.056E-06        76.818
15           -3.0496621631E+01        -1.9838E+00        3.160E-06        76.722
16           -3.0496621391E+01        -1.9838E+00        2.408E-06        77.737
17           -3.0496621791E+01        -1.9838E+00        2.167E-06        76.416
18           -3.0496621770E+01        -1.9838E+00        2.224E-06        76.631
19           -3.0496621154E+01        -1.9839E+00        5.721E-06        76.597
20           -3.0496621305E+01        -1.9839E+00        4.806E-06        76.545
21           -3.0496621813E+01        -1.9839E+00        7.465E-06        76.510
22           -3.0496621484E+01        -1.9839E+00        4.425E-06        77.121
23           -3.0496620717E+01        -1.9839E+00        4.110E-06        76.689
24           -3.0496620510E+01        -1.9838E+00        1.146E-06        76.526
25           -3.0496619927E+01        -1.9839E+00        1.039E-06        76.627
26           -3.0496619486E+01        -1.9839E+00        8.968E-07        76.293
Total number of SCF: 26    

k = [0.000, 0.000, 0.000]
Occupation of state 234 = 0.000000000000000.
Occupation of state 260 = 0.000000000000000.
Exx outer loop error: 2.1209539142e-04 

No.7 Exx outer loop: 
1            -3.0496631633E+01        -1.9837E+00        4.463E-04        79.268
2            -3.0496625050E+01        -1.9823E+00        1.776E-04        76.834
3            -3.0496723797E+01        -1.9828E+00        2.574E-04        76.972
4            -3.0496704311E+01        -1.9835E+00        2.331E-04        76.825
5            -3.0496685279E+01        -1.9823E+00        7.358E-05        78.131
6            -3.0496681535E+01        -1.9827E+00        9.132E-05        77.034
7            -3.0496678922E+01        -1.9824E+00        2.654E-05        78.045
8            -3.0496663513E+01        -1.9824E+00        2.070E-05        80.665
9            -3.0496646817E+01        -1.9824E+00        1.546E-05        76.978
10           -3.0496636956E+01        -1.9823E+00        2.326E-05        77.047
11           -3.0496632858E+01        -1.9824E+00        8.005E-06        76.825
12           -3.0496629125E+01        -1.9824E+00        6.143E-06        76.746
13           -3.0496625687E+01        -1.9825E+00        9.892E-06        77.996
14           -3.0496624925E+01        -1.9824E+00        4.502E-06        76.731
15           -3.0496623948E+01        -1.9825E+00        4.186E-06        76.695
16           -3.0496623634E+01        -1.9824E+00        5.380E-06        76.590
17           -3.0496622805E+01        -1.9825E+00        3.389E-06        77.524
18           -3.0496622030E+01        -1.9824E+00        1.576E-06        76.842
19           -3.0496620926E+01        -1.9824E+00        1.968E-06        77.243
20           -3.0496620021E+01        -1.9824E+00        9.985E-07        76.375
Total number of SCF: 20    

k = [0.000, 0.000, 0.000]
Occupation of state 234 = 0.000000000000000.
Occupation of state 260 = 0.000000000000000.
Exx outer loop error: 3.7889285843e-04 

No.8 Exx outer loop: 
1            -3.0496631369E+01        -1.9823E+00        4.279E-04        80.580
2            -3.0496624588E+01        -1.9811E+00        1.813E-04        77.996
3            -3.0496721585E+01        -1.9797E+00        1.994E-04        78.757
4            -3.0496712373E+01        -1.9812E+00        5.971E-05        76.988
5            -3.0496691034E+01        -1.9813E+00        5.199E-05        77.024
6            -3.0496679029E+01        -1.9812E+00        3.486E-05        76.933
7            -3.0496660932E+01        -1.9812E+00        2.773E-05        76.966
8            -3.0496639929E+01        -1.9812E+00        3.211E-05        76.829
9            -3.0496631992E+01        -1.9815E+00        1.707E-05        76.844
10           -3.0496630365E+01        -1.9814E+00        1.193E-05        76.875
11           -3.0496625161E+01        -1.9815E+00        9.507E-06        76.785
12           -3.0496623291E+01        -1.9814E+00        7.631E-06        81.165
13           -3.0496622213E+01        -1.9813E+00        8.915E-06        77.014
14           -3.0496623408E+01        -1.9814E+00        5.710E-06        76.814
15           -3.0496624485E+01        -1.9813E+00        6.014E-06        76.738
16           -3.0496624620E+01        -1.9814E+00        3.710E-06        87.730
17           -3.0496623020E+01        -1.9814E+00        4.435E-06        81.279
18           -3.0496622740E+01        -1.9813E+00        4.908E-06        76.723
19           -3.0496623190E+01        -1.9813E+00        3.890E-06        82.977
20           -3.0496623145E+01        -1.9813E+00        4.780E-06        77.563
21           -3.0496622942E+01        -1.9813E+00        5.460E-06        77.210
22           -3.0496622850E+01        -1.9813E+00        2.886E-06        77.392
23           -3.0496621986E+01        -1.9813E+00        2.215E-06        77.752
24           -3.0496620957E+01        -1.9813E+00        2.264E-06        99.746
25           -3.0496620382E+01        -1.9813E+00        3.796E-06        79.725
26           -3.0496620116E+01        -1.9813E+00        1.371E-06        78.493
27           -3.0496619966E+01        -1.9813E+00        2.467E-06        76.770
28           -3.0496619670E+01        -1.9813E+00        1.986E-06        76.496
29           -3.0496619585E+01        -1.9813E+00        9.890E-07        76.213
Total number of SCF: 29    

k = [0.000, 0.000, 0.000]
Occupation of state 234 = 0.000000000000000.
Occupation of state 260 = 0.000000000000000.
Exx outer loop error: 6.9563411969e-04 

No.9 Exx outer loop: 
1            -3.0496629560E+01        -1.9811E+00        4.114E-04        80.144
2            -3.0496624062E+01        -1.9806E+00        1.886E-04        78.347
3            -3.0496728082E+01        -1.9832E+00        2.694E-04        76.843
4            -3.0496700306E+01        -1.9829E+00        2.503E-04        77.558
5            -3.0496671062E+01        -1.9813E+00        8.264E-05        82.428
6            -3.0496654990E+01        -1.9804E+00        3.195E-05        100.582
7            -3.0496643818E+01        -1.9807E+00        3.481E-05        76.988
8            -3.0496639846E+01        -1.9806E+00        2.198E-05        77.368
9            -3.0496641173E+01        -1.9806E+00        1.861E-05        82.833
10           -3.0496639063E+01        -1.9806E+00        1.304E-05        95.133
11           -3.0496635276E+01        -1.9806E+00        1.050E-05        76.932
12           -3.0496630130E+01        -1.9806E+00        6.181E-06        76.953
13           -3.0496627942E+01        -1.9806E+00        4.943E-06        76.883
14           -3.0496625373E+01        -1.9806E+00        1.181E-05        76.840
15           -3.0496625987E+01        -1.9806E+00        6.708E-06        76.901
16           -3.0496625317E+01        -1.9806E+00        9.124E-06        76.652
17           -3.0496625112E+01        -1.9805E+00        1.481E-05        76.616
18           -3.0496625061E+01        -1.9805E+00        1.428E-05        76.561
19           -3.0496625185E+01        -1.9805E+00        1.465E-05        76.743
20           -3.0496624615E+01        -1.9805E+00        1.719E-05        77.773
21           -3.0496624538E+01        -1.9805E+00        1.757E-05        77.175
22           -3.0496624868E+01        -1.9806E+00        6.089E-06        76.778
23           -3.0496624315E+01        -1.9806E+00        6.109E-06        76.885
24           -3.0496623379E+01        -1.9806E+00        6.032E-06        78.979
25           -3.0496623026E+01        -1.9806E+00        7.664E-06        76.793
26           -3.0496623094E+01        -1.9806E+00        6.026E-06        76.868
27           -3.0496624626E+01        -1.9806E+00        3.274E-06        76.785
28           -3.0496624809E+01        -1.9806E+00        3.500E-06        76.709
29           -3.0496624782E+01        -1.9806E+00        3.382E-06        76.907
30           -3.0496623490E+01        -1.9806E+00        3.148E-06        76.803
31           -3.0496623018E+01        -1.9806E+00        2.257E-06        76.835
32           -3.0496621407E+01        -1.9806E+00        2.014E-06        77.851
33           -3.0496620885E+01        -1.9806E+00        1.349E-06        76.657
34           -3.0496620189E+01        -1.9806E+00        1.554E-06        76.824
35           -3.0496619860E+01        -1.9806E+00        5.519E-07        76.405
Total number of SCF: 35    

k = [0.000, 0.000, 0.000]
Occupation of state 234 = 0.000000000000000.
Occupation of state 260 = 0.000000000000000.
Exx outer loop error: 2.0390298019e-04 

No.10 Exx outer loop: 
1            -3.0496629552E+01        -1.9811E+00        3.985E-04        92.258
2            -3.0496624193E+01        -1.9801E+00        1.851E-04        79.630
3            -3.0496932511E+01        -1.9912E+00        1.807E-03        103.604
4            -3.0496804657E+01        -1.9859E+00        6.481E-04        77.446
5            -3.0496723903E+01        -1.9812E+00        1.659E-04        86.692
6            -3.0496723721E+01        -1.9843E+00        4.392E-04        108.384
7            -3.0496658872E+01        -1.9817E+00        1.652E-04        76.836
8            -3.0496643938E+01        -1.9804E+00        5.677E-05        76.700
9            -3.0496645084E+01        -1.9807E+00        6.954E-05        77.047
10           -3.0496638521E+01        -1.9808E+00        7.634E-05        107.288
11           -3.0496636463E+01        -1.9807E+00        7.103E-05        76.884
12           -3.0496631195E+01        -1.9807E+00        6.060E-05        76.975
13           -3.0496627205E+01        -1.9806E+00        5.063E-05        77.022
14           -3.0496623470E+01        -1.9807E+00        4.398E-05        77.003
15           -3.0496627223E+01        -1.9805E+00        1.949E-05        85.138
16           -3.0496626688E+01        -1.9806E+00        2.551E-05        76.959
17           -3.0496629246E+01        -1.9806E+00        1.408E-05        76.909
18           -3.0496629059E+01        -1.9806E+00        1.648E-05        77.016
19           -3.0496630463E+01        -1.9806E+00        1.367E-05        77.038
20           -3.0496631083E+01        -1.9806E+00        1.063E-05        88.034
21           -3.0496630893E+01        -1.9806E+00        5.430E-06        94.826
22           -3.0496628025E+01        -1.9806E+00        4.957E-06        76.756
23           -3.0496625571E+01        -1.9806E+00        3.298E-06        76.730
24           -3.0496624516E+01        -1.9806E+00        1.983E-06        76.693
25           -3.0496623640E+01        -1.9806E+00        1.622E-06        76.672
26           -3.0496622990E+01        -1.9806E+00        1.569E-06        76.647
27           -3.0496622164E+01        -1.9806E+00        1.030E-06        76.717
28           -3.0496621609E+01        -1.9806E+00        1.432E-06        76.653
29           -3.0496621368E+01        -1.9806E+00        8.592E-07        76.607
Total number of SCF: 29    

k = [0.000, 0.000, 0.000]
Occupation of state 234 = 0.000000000000000.
Occupation of state 260 = 0.000000000000000.
Exx outer loop error: 2.8030805779e-04 

No.11 Exx outer loop: 
1            -3.0496630663E+01        -1.9814E+00        3.688E-04        121.949
2            -3.0496625610E+01        -1.9808E+00        1.743E-04        148.136
3            -3.0496716847E+01        -1.9807E+00        2.177E-04        108.424
4            -3.0496725576E+01        -1.9823E+00        2.244E-04        77.126
5            -3.0496802668E+01        -1.9808E+00        3.145E-04        77.885
6            -3.0496813783E+01        -1.9807E+00        3.501E-04        76.713
7            -3.0496749742E+01        -1.9817E+00        1.311E-04        118.299
8            -3.0496719018E+01        -1.9811E+00        7.331E-05        153.150
9            -3.0496690678E+01        -1.9812E+00        4.841E-05        114.082
10           -3.0496694292E+01        -1.9817E+00        6.127E-05        152.057
11           -3.0496669020E+01        -1.9814E+00        2.384E-05        156.907
12           -3.0496654461E+01        -1.9813E+00        2.290E-05        159.146
13           -3.0496644627E+01        -1.9813E+00        1.494E-05        139.596
14           -3.0496639007E+01        -1.9813E+00        1.027E-05        170.167
15           -3.0496635209E+01        -1.9812E+00        7.282E-06        111.310
16           -3.0496631525E+01        -1.9813E+00        6.470E-06        84.564
17           -3.0496628229E+01        -1.9812E+00        4.496E-06        77.106
18           -3.0496625987E+01        -1.9813E+00        3.724E-06        77.041
19           -3.0496623700E+01        -1.9813E+00        1.910E-06        78.723
20           -3.0496622598E+01        -1.9812E+00        1.961E-06        76.494
21           -3.0496621713E+01        -1.9812E+00        2.731E-06        77.773
22           -3.0496621699E+01        -1.9813E+00        1.273E-06        76.872
23           -3.0496621433E+01        -1.9813E+00        6.712E-07        76.831
Total number of SCF: 23    

k = [0.000, 0.000, 0.000]
Occupation of state 234 = 0.000000000000000.
Occupation of state 260 = 0.000000000000000.
Exx outer loop error: 3.2924040879e-04 

No.12 Exx outer loop: 
1            -3.0496629221E+01        -1.9822E+00        3.328E-04        79.631
2            -3.0496625514E+01        -1.9821E+00        1.510E-04        77.530
3            -3.0496655786E+01        -1.9823E+00        1.537E-04        82.207
4            -3.0496670714E+01        -1.9814E+00        1.376E-04        78.989
5            -3.0496682055E+01        -1.9831E+00        1.389E-04        77.968
6            -3.0496671919E+01        -1.9825E+00        3.043E-05        77.169
7            -3.0496661389E+01        -1.9823E+00        3.300E-05        77.091
8            -3.0496651152E+01        -1.9822E+00        2.246E-05        77.055
9            -3.0496647781E+01        -1.9823E+00        1.396E-05        93.342
10           -3.0496638456E+01        -1.9824E+00        1.238E-05        76.850
11           -3.0496636651E+01        -1.9824E+00        8.543E-06        76.745
12           -3.0496632352E+01        -1.9823E+00        5.495E-06        87.535
13           -3.0496629230E+01        -1.9824E+00        6.216E-06        78.250
14           -3.0496627766E+01        -1.9824E+00        3.705E-06        77.640
15           -3.0496625291E+01        -1.9824E+00        2.686E-06        79.868
16           -3.0496623875E+01        -1.9824E+00        1.745E-06        85.284
17           -3.0496622795E+01        -1.9824E+00        1.405E-06        108.032
18           -3.0496622187E+01        -1.9824E+00        1.076E-06        76.705
19           -3.0496621933E+01        -1.9824E+00        8.976E-07        76.530
Total number of SCF: 19    

k = [0.000, 0.000, 0.000]
Occupation of state 234 = 0.000000000000000.
Occupation of state 260 = 0.000000000000000.
Exx outer loop error: 7.4438788696e-05 

No.13 Exx outer loop: 
1            -3.0496628542E+01        -1.9834E+00        2.898E-04        79.388
2            -3.0496625535E+01        -1.9835E+00        1.216E-04        77.105
3            -3.0496662356E+01        -1.9833E+00        9.793E-05        81.546
4            -3.0496630730E+01        -1.9838E+00        1.779E-05        93.677
5            -3.0496635352E+01        -1.9837E+00        1.129E-05        76.908
6            -3.0496632902E+01        -1.9837E+00        6.707E-06        76.814
7            -3.0496632467E+01        -1.9837E+00        6.386E-06        76.685
8            -3.0496630638E+01        -1.9838E+00        6.885E-06        77.728
9            -3.0496631395E+01        -1.9837E+00        5.861E-06        77.644
10           -3.0496630225E+01        -1.9838E+00        5.959E-06        76.790
11           -3.0496629938E+01        -1.9837E+00        6.566E-06        76.679
12           -3.0496630182E+01        -1.9837E+00        6.902E-06        76.878
13           -3.0496629398E+01        -1.9837E+00        7.145E-06        76.723
14           -3.0496629291E+01        -1.9837E+00        6.177E-06        76.693
15           -3.0496626955E+01        -1.9837E+00        3.024E-06        76.907
16           -3.0496626412E+01        -1.9837E+00        2.995E-06        76.799
17           -3.0496624247E+01        -1.9837E+00        2.657E-06        76.859
18           -3.0496623970E+01        -1.9837E+00        1.549E-06        76.689
19           -3.0496623805E+01        -1.9837E+00        1.580E-06        77.736
20           -3.0496623366E+01        -1.9837E+00        1.818E-06        76.806
21           -3.0496622899E+01        -1.9837E+00        1.255E-06        76.893
22           -3.0496622353E+01        -1.9837E+00        1.012E-06        76.743
23           -3.0496622096E+01        -1.9837E+00        4.808E-07        76.474
Total number of SCF: 23    

k = [0.000, 0.000, 0.000]
Occupation of state 234 = 0.000000000000000.
Occupation of state 260 = 0.000000000000000.
Exx outer loop error: 4.0033692192e-04 

No.14 Exx outer loop: 
1            -3.0496627590E+01        -1.9847E+00        2.468E-04        79.676
2            -3.0496625325E+01        -1.9847E+00        9.220E-05        79.318
3            -3.0496713528E+01        -1.9855E+00        1.884E-04        79.545
4            -3.0496702602E+01        -1.9847E+00        9.663E-05        105.810
5            -3.0496698584E+01        -1.9851E+00        4.024E-05        83.472
6            -3.0496672251E+01        -1.9854E+00        3.998E-05        77.487
7            -3.0496647860E+01        -1.9849E+00        4.483E-05        76.923
8            -3.0496652709E+01        -1.9849E+00        4.513E-05        89.055
9            -3.0496654822E+01        -1.9853E+00        2.510E-05        105.616
10           -3.0496643625E+01        -1.9850E+00        1.275E-05        77.473
11           -3.0496636684E+01        -1.9850E+00        9.643E-06        87.142
12           -3.0496632852E+01        -1.9849E+00        1.383E-05        84.875
13           -3.0496631000E+01        -1.9849E+00        1.159E-05        102.012
14           -3.0496628263E+01        -1.9849E+00        9.780E-06        76.836
15           -3.0496627526E+01        -1.9850E+00        1.212E-05        78.836
16           -3.0496624914E+01        -1.9850E+00        3.294E-06        103.922
17           -3.0496623569E+01        -1.9850E+00        1.293E-06        76.598
18           -3.0496623247E+01        -1.9850E+00        1.099E-06        76.825
19           -3.0496622790E+01        -1.9850E+00        7.037E-07        76.424
Total number of SCF: 19    

k = [0.000, 0.000, 0.000]
Occupation of state 234 = 0.000000000000000.
Occupation of state 260 = 0.000000000000000.
Exx outer loop error: 2.9086456471e-04 

No.15 Exx outer loop: 
1            -3.0496626912E+01        -1.9858E+00        2.078E-04        79.420
2            -3.0496624899E+01        -1.9857E+00        6.838E-05        76.929
3            -3.0496645282E+01        -1.9855E+00        1.255E-04        77.032
4            -3.0496643636E+01        -1.9860E+00        4.207E-05        76.976
5            -3.0496637826E+01        -1.9861E+00        1.784E-05        76.920
6            -3.0496631684E+01        -1.9861E+00        1.971E-05        77.855
7            -3.0496627927E+01        -1.9860E+00        1.026E-05        76.992
8            -3.0496627961E+01        -1.9860E+00        6.762E-06        77.018
9            -3.0496627465E+01        -1.9860E+00        5.484E-06        77.010
10           -3.0496627041E+01        -1.9860E+00        3.020E-06        76.801
11           -3.0496626562E+01        -1.9860E+00        2.453E-06        76.798
12           -3.0496625452E+01        -1.9859E+00        1.735E-06        76.835
13           -3.0496624291E+01        -1.9860E+00        2.726E-06        76.582
14           -3.0496624378E+01        -1.9860E+00        1.343E-06        77.018
15           -3.0496623335E+01        -1.9860E+00        2.410E-06        76.981
16           -3.0496623271E+01        -1.9860E+00        1.354E-06        77.149
17           -3.0496623148E+01        -1.9860E+00        9.975E-07        76.344
Total number of SCF: 17    

k = [0.000, 0.000, 0.000]
Occupation of state 234 = 0.000000000000000.
Occupation of state 260 = 0.000000000000000.
Exx outer loop error: 2.4051289816e-04 

No.16 Exx outer loop: 
1            -3.0496627325E+01        -1.9868E+00        1.692E-04        79.502
2            -3.0496624993E+01        -1.9863E+00        6.897E-05        77.024
3            -3.0496696171E+01        -1.9887E+00        2.815E-04        76.830
4            -3.0496694200E+01        -1.9886E+00        2.599E-04        78.416
5            -3.0496691339E+01        -1.9880E+00        1.829E-04        77.100
6            -3.0496653174E+01        -1.9874E+00        9.868E-05        77.128
7            -3.0496627952E+01        -1.9869E+00        2.169E-05        76.882
8            -3.0496624933E+01        -1.9868E+00        1.963E-05        76.655
9            -3.0496619709E+01        -1.9867E+00        1.566E-05        76.608
10           -3.0496618542E+01        -1.9867E+00        1.161E-05        76.619
11           -3.0496619178E+01        -1.9867E+00        7.283E-06        76.757
12           -3.0496619807E+01        -1.9867E+00        5.569E-06        76.758
13           -3.0496618952E+01        -1.9867E+00        3.855E-06        76.789
14           -3.0496619450E+01        -1.9867E+00        8.325E-06        76.661
15           -3.0496619125E+01        -1.9867E+00        4.412E-06        76.581
16           -3.0496620318E+01        -1.9867E+00        3.995E-06        77.732
17           -3.0496620317E+01        -1.9867E+00        2.721E-06        76.725
18           -3.0496621046E+01        -1.9867E+00        1.523E-06        76.846
19           -3.0496621923E+01        -1.9867E+00        1.565E-06        76.604
20           -3.0496622068E+01        -1.9867E+00        8.349E-07        76.469
Total number of SCF: 20    

k = [0.000, 0.000, 0.000]
Occupation of state 234 = 0.000000000000000.
Occupation of state 260 = 0.000000000000000.
Exx outer loop error: 5.9640973264e-04 

No.17 Exx outer loop: 
1            -3.0496624928E+01        -1.9870E+00        1.541E-04        89.561
2            -3.0496623411E+01        -1.9871E+00        3.607E-05        78.537
3            -3.0496626746E+01        -1.9875E+00        5.975E-05        76.877
4            -3.0496631761E+01        -1.9870E+00        4.160E-05        84.753
5            -3.0496625755E+01        -1.9870E+00        2.137E-05        80.605
6            -3.0496621509E+01        -1.9872E+00        1.709E-05        77.333
7            -3.0496621496E+01        -1.9871E+00        6.982E-06        76.947
8            -3.0496623842E+01        -1.9871E+00        3.113E-06        76.883
9            -3.0496624894E+01        -1.9871E+00        2.313E-06        87.403
10           -3.0496624631E+01        -1.9872E+00        3.541E-06        104.628
11           -3.0496624565E+01        -1.9871E+00        1.468E-06        76.854
12           -3.0496624059E+01        -1.9872E+00        1.631E-06        77.083
13           -3.0496623671E+01        -1.9871E+00        9.466E-07        86.403
Total number of SCF: 13    

k = [0.000, 0.000, 0.000]
Occupation of state 234 = 0.000000000000000.
Occupation of state 260 = 0.000000000000000.
Exx outer loop error: 7.8194809558e-04 

No.18 Exx outer loop: 
1            -3.0496626637E+01        -1.9875E+00        1.328E-04        79.451
2            -3.0496624449E+01        -1.9874E+00        2.873E-05        101.946
3            -3.0496635616E+01        -1.9867E+00        1.083E-04        76.882
4            -3.0496633416E+01        -1.9870E+00        5.099E-05        76.868
5            -3.0496628791E+01        -1.9875E+00        3.412E-05        77.902
6            -3.0496632702E+01        -1.9874E+00        1.412E-05        76.854
7            -3.0496632211E+01        -1.9874E+00        1.080E-05        77.054
8            -3.0496629986E+01        -1.9874E+00        6.980E-06        76.812
9            -3.0496628956E+01        -1.9874E+00        6.243E-06        77.473
10           -3.0496628005E+01        -1.9874E+00        5.314E-06        76.808
11           -3.0496627837E+01        -1.9874E+00        3.343E-06        76.745
12           -3.0496626695E+01        -1.9874E+00        1.887E-06        79.846
13           -3.0496625944E+01        -1.9874E+00        1.742E-06        76.810
14           -3.0496626499E+01        -1.9873E+00        1.604E-05        78.793
15           -3.0496625784E+01        -1.9874E+00        1.129E-05        76.857
16           -3.0496624920E+01        -1.9874E+00        9.482E-06        76.814
17           -3.0496623720E+01        -1.9874E+00        3.868E-06        76.719
18           -3.0496622812E+01        -1.9874E+00        6.805E-07        76.525
Total number of SCF: 18    

k = [0.000, 0.000, 0.000]
Occupation of state 234 = 0.000000000000000.
Occupation of state 260 = 0.000000000000000.
Exx outer loop error: 8.2099620869e-04 

No.19 Exx outer loop: 
1            -3.0496625493E+01        -1.9878E+00        1.127E-04        79.342
2            -3.0496623831E+01        -1.9875E+00        3.694E-05        87.697
3            -3.0496628600E+01        -1.9879E+00        4.433E-05        77.165
4            -3.0496634180E+01        -1.9877E+00        1.746E-05        77.026
5            -3.0496628378E+01        -1.9876E+00        1.848E-05        76.975
6            -3.0496621954E+01        -1.9876E+00        1.512E-05        76.755
7            -3.0496618886E+01        -1.9876E+00        1.350E-05        114.554
8            -3.0496618463E+01        -1.9876E+00        4.925E-06        88.198
9            -3.0496619099E+01        -1.9876E+00        3.196E-06        77.145
10           -3.0496621594E+01        -1.9876E+00        1.822E-06        76.730
11           -3.0496621820E+01        -1.9876E+00        1.534E-06        87.286
12           -3.0496622055E+01        -1.9876E+00        8.365E-07        96.364
Total number of SCF: 12    

k = [0.000, 0.000, 0.000]
Occupation of state 234 = 0.000000000000000.
Occupation of state 260 = 0.000000000000000.
Exx outer loop error: 1.3388949069e-04 

No.20 Exx outer loop: 
1            -3.0496623923E+01        -1.9878E+00        1.038E-04        79.730
2            -3.0496622535E+01        -1.9877E+00        1.923E-05        76.819
3            -3.0496629000E+01        -1.9873E+00        7.731E-05        77.002
4            -3.0496623310E+01        -1.9877E+00        8.260E-06        76.756
5            -3.0496623587E+01        -1.9876E+00        1.162E-05        76.610
6            -3.0496623147E+01        -1.9877E+00        4.340E-06        76.637
7            -3.0496623219E+01        -1.9877E+00        4.343E-06        77.086
8            -3.0496622904E+01        -1.9877E+00        1.269E-06        76.617
9            -3.0496622771E+01        -1.9877E+00        5.587E-07        76.796
Total number of SCF: 9     

k = [0.000, 0.000, 0.000]
Occupation of state 234 = 0.000000000000000.
Occupation of state 260 = 0.000000000000000.
Exx outer loop error: 1.1906126247e-04 

No.21 Exx outer loop: 
1            -3.0496625010E+01        -1.9880E+00        8.992E-05        79.371
2            -3.0496623480E+01        -1.9876E+00        2.844E-05        77.390
3            -3.0496625264E+01        -1.9877E+00        4.881E-06        78.906
4            -3.0496624614E+01        -1.9878E+00        2.162E-06        82.851
5            -3.0496624378E+01        -1.9878E+00        2.410E-06        79.775
6            -3.0496624156E+01        -1.9878E+00        1.520E-06        76.813
7            -3.0496623737E+01        -1.9878E+00        1.119E-06        77.401
8            -3.0496623394E+01        -1.9878E+00        1.158E-06        78.815
9            -3.0496623062E+01        -1.9878E+00        1.101E-06        76.526
10           -3.0496622933E+01        -1.9878E+00        4.737E-07        76.379
Total number of SCF: 10    

k = [0.000, 0.000, 0.000]
Occupation of state 234 = 0.000000000000000.
Occupation of state 260 = 0.000000000000000.
Exx outer loop error: 1.7813017808e-04 

No.22 Exx outer loop: 
1            -3.0496625070E+01        -1.9880E+00        8.209E-05        81.086
2            -3.0496623329E+01        -1.9877E+00        2.296E-05        76.633
3            -3.0496623467E+01        -1.9878E+00        8.947E-07        76.417
Total number of SCF: 3     

k = [0.000, 0.000, 0.000]
Occupation of state 234 = 0.000000000000000.
Occupation of state 260 = 0.000000000000000.
Exx outer loop error: 5.5334703225e-05 

No.23 Exx outer loop: 
1            -3.0496626515E+01        -1.9881E+00        7.787E-05        88.555
2            -3.0496623781E+01        -1.9875E+00        4.375E-05        77.774
3            -3.0496622304E+01        -1.9877E+00        9.414E-06        77.258
4            -3.0496621789E+01        -1.9878E+00        2.750E-06        76.898
5            -3.0496622094E+01        -1.9878E+00        1.888E-06        76.939
6            -3.0496622657E+01        -1.9878E+00        9.026E-07        95.407
Total number of SCF: 6     

k = [0.000, 0.000, 0.000]
Occupation of state 234 = 0.000000000000000.
Occupation of state 260 = 0.000000000000000.
Exx outer loop error: 1.9367974196e-04 

No.24 Exx outer loop: 
1            -3.0496623450E+01        -1.9877E+00        7.550E-05        79.430
2            -3.0496622941E+01        -1.9879E+00        3.175E-05        86.497
3            -3.0496624831E+01        -1.9877E+00        5.679E-06        77.684
4            -3.0496625264E+01        -1.9877E+00        6.350E-06        76.847
5            -3.0496624451E+01        -1.9877E+00        4.875E-06        74.013
6            -3.0496623261E+01        -1.9877E+00        5.946E-06        77.108
7            -3.0496623219E+01        -1.9877E+00        3.962E-06        107.612
8            -3.0496623411E+01        -1.9877E+00        1.777E-06        98.481
9            -3.0496623536E+01        -1.9877E+00        2.036E-06        80.949
10           -3.0496623536E+01        -1.9877E+00        1.517E-06        76.622
11           -3.0496623440E+01        -1.9877E+00        1.155E-06        76.745
12           -3.0496623243E+01        -1.9877E+00        9.988E-07        77.570
Total number of SCF: 12    

k = [0.000, 0.000, 0.000]
Occupation of state 234 = 0.000000000000000.
Occupation of state 260 = 0.000000000000000.
Exx outer loop error: 2.4642558972e-04 

No.25 Exx outer loop: 
1            -3.0496624986E+01        -1.9878E+00        6.127E-05        79.309
2            -3.0496623553E+01        -1.9877E+00        1.176E-05        80.139
3            -3.0496628346E+01        -1.9877E+00        1.157E-05        76.627
4            -3.0496628004E+01        -1.9877E+00        4.457E-06        77.147
5            -3.0496627080E+01        -1.9877E+00        2.757E-06        76.839
6            -3.0496626004E+01        -1.9877E+00        2.462E-06        76.964
7            -3.0496624515E+01        -1.9877E+00        2.082E-06        76.846
8            -3.0496623518E+01        -1.9877E+00        1.488E-06        76.950
9            -3.0496623275E+01        -1.9877E+00        1.228E-06        77.743
10           -3.0496622980E+01        -1.9877E+00        8.671E-07        76.542
Total number of SCF: 10    

k = [0.000, 0.000, 0.000]
Occupation of state 234 = 0.000000000000000.
Occupation of state 260 = 0.000000000000000.
Exx outer loop error: 8.0528409659e-05 

No.26 Exx outer loop: 
1            -3.0496624584E+01        -1.9878E+00        5.606E-05        79.914
2            -3.0496623128E+01        -1.9876E+00        1.238E-05        78.739
3            -3.0496623691E+01        -1.9877E+00        3.827E-06        81.789
4            -3.0496623209E+01        -1.9877E+00        1.922E-06        76.694
5            -3.0496623029E+01        -1.9877E+00        1.238E-06        78.637
6            -3.0496622531E+01        -1.9877E+00        7.866E-07        76.470
Total number of SCF: 6     

k = [0.000, 0.000, 0.000]
Occupation of state 234 = 0.000000000000000.
Occupation of state 260 = 0.000000000000000.
Exx outer loop error: 2.3066549796e-04 

No.27 Exx outer loop: 
1            -3.0496623683E+01        -1.9877E+00        5.274E-05        79.531
2            -3.0496622643E+01        -1.9876E+00        9.751E-06        76.772
3            -3.0496623269E+01        -1.9876E+00        8.741E-06        78.624
4            -3.0496624943E+01        -1.9876E+00        2.773E-06        82.888
5            -3.0496623603E+01        -1.9876E+00        1.804E-06        85.574
6            -3.0496622551E+01        -1.9876E+00        1.743E-06        77.041
7            -3.0496622406E+01        -1.9876E+00        9.126E-07        85.217
Total number of SCF: 7     

k = [0.000, 0.000, 0.000]
Occupation of state 234 = 0.000000000000000.
Occupation of state 260 = 0.000000000000000.
Exx outer loop error: 3.0987859996e-04 

No.28 Exx outer loop: 
1            -3.0496623148E+01        -1.9877E+00        4.774E-05        79.369
2            -3.0496622510E+01        -1.9876E+00        8.872E-06        81.268
3            -3.0496623142E+01        -1.9875E+00        7.717E-06        81.237
4            -3.0496623074E+01        -1.9876E+00        2.898E-06        84.795
5            -3.0496623019E+01        -1.9876E+00        2.037E-06        83.023
6            -3.0496622713E+01        -1.9876E+00        1.000E-06        91.731
Total number of SCF: 6     

k = [0.000, 0.000, 0.000]
Occupation of state 234 = 0.000000000000000.
Occupation of state 260 = 0.000000000000000.
Exx outer loop error: 1.1314682675e-05 
====================================================================
                    Energy and force calculation                    
====================================================================
Free energy per atom               : -3.0496621611E+01 (Ha/atom)
Total free energy                  : -1.6163209454E+03 (Ha)
Band structure energy              : -4.1759909974E+02 (Ha)
Exchange correlation energy        : -2.8439186299E+02 (Ha)
Self and correction energy         : -2.1238988712E+03 (Ha)
Entropy*kb*T                       : -2.7545554883E-03 (Ha)
Fermi level                        : -1.8237965888E-01 (Ha)
RMS force                          :  2.9117207856E-02 (Ha/Bohr)
Maximum force                      :  1.0524130835E-01 (Ha/Bohr)
Time for force calculation         :  0.942 (sec)
***************************************************************************
                               Timing info                                 
***************************************************************************
Total walltime                     :  87109.429 sec
___________________________________________________________________________

***************************************************************************
*             Material Physics & Mechanics Group, Georgia Tech            *
*                       PI: Phanish Suryanarayana                         *
*                Main Developers: Qimen Xu, Abhiraj Sharma                *
*     Collaborators: J.E. Pask (LLNL), A.J. Medford (GT), E. Chow (GT)    *
*  Acknowledgements: U.S. DOE (DE-SC0019410); U.S. NSF (1333500,1553212)  *
***************************************************************************
                                                                           
