***************************************************************************
*                       SPARC (version Nov 19, 2021)                      *
*   Copyright (c) 2020 Material Physics & Mechanics Group, Georgia Tech   *
*           Distributed under GNU General Public License 3 (GPL)          *
*                   Start time: Tue Dec 14 14:40:07 2021                  *
***************************************************************************
                           Input parameters                                
***************************************************************************
CELL: 18.8972612583693 18.8972612583693 19.9649376222059 
LATVEC:
1.000000000000000 0.000000000000000 0.000000000000000 
0.000000000000000 1.000000000000000 0.000000000000000 
0.000000000000000 0.000000000000000 1.000000000000000 
FD_GRID: 100 100 106
FD_ORDER: 12
BC: P P D
KPOINT_GRID: 1 1 1
KPOINT_SHIFT: 0 0 0
SPIN_TYP: 0
ELEC_TEMP_TYPE: Gaussian
SMEARING: 0.007349864435
CHEB_DEGREE: 36
NSTATES: 11
EXCHANGE_CORRELATION: HSE
CALC_STRESS: 0
CALC_PRES: 0
CHEFSI_BOUND_FLAG: 0
MAXIT_SCF: 100
MINIT_SCF: 3
MAXIT_POISSON: 3000
TOL_SCF: 1.00E-06
POISSON_SOLVER: AAR
TOL_POISSON: 1.00E-08
TOL_LANCZOS: 1.00E-02
TOL_PSEUDOCHARGE: 1.00E-08
MIXING_VARIABLE: density
MIXING_PRECOND: kerker
TOL_PRECOND: 3.56E-05
PRECOND_KERKER_KTF: 1
PRECOND_KERKER_THRESH: 0.1
MIXING_PARAMETER: 0.3
MIXING_HISTORY: 7
PULAY_FREQUENCY: 1
PULAY_RESTART: 0
REFERENCE_CUTOFF: 0.5
RHO_TRIGGER: 4
FIX_RAND: 0
VERBOSITY: 1
PRINT_FORCES: 1
PRINT_ATOMS: 1
PRINT_EIGEN: 1
PRINT_DENSITY: 0
PRINT_ENERGY_DENSITY: 0
TOL_FOCK: 5.00E-05
TOL_SCF_INIT: 1.00E-04
MAXIT_FOCK: 1000
EXX_METHOD: FOURIER_SPACE
EXX_DIVERGENCE: AUXILIARY
ACE_FLAG: 1
EXX_ACE_MEM: 1
EXX_ACE_VALENCE_STATES: 10000
EXX_DOWNSAMPLING: 1 1 1
EXX_RANGE_FOCK: 0.106000
EXX_RANGE_PBE: 0.106000
OUTPUT_FILE: sprc-calc
***************************************************************************
                                Cell                                       
***************************************************************************
Lattice vectors (Bohr):
18.897261258369284 0.000000000000000 0.000000000000000 
0.000000000000000 18.897261258369284 0.000000000000000 
0.000000000000000 0.000000000000000 19.964937622205888 
Volume                  :  7.1296086589E+03 (Bohr^3)
***************************************************************************
                           Parallelization                                 
***************************************************************************
NP_SPIN_PARAL: 1
NP_KPOINT_PARAL: 1
NP_BAND_PARAL: 1
NP_DOMAIN_PARAL: 6 7 8
NP_DOMAIN_PHI_PARAL: 6 7 8
EIG_SERIAL_MAXNS: 1500
***************************************************************************
                             Initialization                                
***************************************************************************
Number of processors               :  336
Mesh spacing in x-direction        :  0.188973 (Bohr)
Mesh spacing in y-direction        :  0.188973 (Bohr)
Mesh spacing in z direction        :  0.188348 (Bohr)
Number of symmetry adapted k-points:  1
Output printed to                  :  sprc-calc.out
Final eigenvalues printed to       :  sprc-calc.eigen
Total number of atom types         :  1
Total number of atoms              :  2
Total number of electrons          :  10
Atom type 1  (valence electrons)   :  N 5
Pseudopotential                    :  N.psp8
Pseudocharge radii of atom type 1  :  6.99 6.99 6.78 (x, y, z dir)
Number of atoms of type 1          :  2
Estimated total memory usage       :  11.47 GB
Estimated memory per processor     :  34.97 MB
===================================================================
                    Self Consistent Field (SCF#1)                     
===================================================================
Iteration     Free Energy (Ha/atom)   SCF Error        Timing (sec)
1            -1.0466633649E+01        1.513E-01        0.399
2            -1.0439926304E+01        1.018E-01        0.167
3            -1.0380269183E+01        2.852E-02        0.160
4            -1.0367928578E+01        1.447E-02        0.158
5            -1.0369346952E+01        5.556E-03        0.165
6            -1.0369282915E+01        1.908E-03        0.161
7            -1.0368099703E+01        1.045E-03        0.152
8            -1.0366746551E+01        6.184E-04        0.152
9            -1.0366406630E+01        3.431E-04        0.148
10           -1.0366104229E+01        2.447E-04        0.182
11           -1.0365982048E+01        1.644E-04        0.139
12           -1.0365903052E+01        1.222E-04        0.128
13           -1.0365854742E+01        9.469E-05        0.053
Total number of SCF: 13    

k = [0.000, 0.000, 0.000]
Occupation of state 10 = 0.000000000000000.
Occupation of state 11 = 0.000000000000000.

No.1 Exx outer loop: 
1            -1.0243961728E+01        6.177E-03        0.182
2            -1.0240685287E+01        1.243E-02        0.187
3            -1.0242678652E+01        1.186E-02        0.181
4            -1.0243404970E+01        1.215E-02        0.173
5            -1.0239777093E+01        1.474E-02        0.219
6            -1.0257815771E+01        8.264E-03        0.167
7            -1.0257703877E+01        8.169E-03        0.187
8            -1.0254883140E+01        6.815E-03        0.167
9            -1.0249701226E+01        7.366E-03        0.163
10           -1.0258939876E+01        9.924E-03        0.192
11           -1.0247132867E+01        1.166E-03        0.205
12           -1.0246035575E+01        3.723E-04        0.168
13           -1.0245981702E+01        2.821E-04        0.159
14           -1.0245855216E+01        2.131E-04        0.166
15           -1.0245891253E+01        8.161E-05        0.136
16           -1.0245870402E+01        5.907E-05        0.163
17           -1.0245851332E+01        5.023E-05        0.203
18           -1.0245877336E+01        4.599E-05        0.128
19           -1.0245845922E+01        2.740E-05        0.153
20           -1.0245814884E+01        1.372E-05        0.135
21           -1.0245809224E+01        8.504E-06        0.119
22           -1.0245807472E+01        9.022E-06        0.115
23           -1.0245803423E+01        6.426E-06        0.116
24           -1.0245798082E+01        3.524E-06        0.128
25           -1.0245802328E+01        1.788E-06        0.117
26           -1.0245802847E+01        1.393E-06        0.103
27           -1.0245802534E+01        9.879E-07        0.055
Total number of SCF: 27    

k = [0.000, 0.000, 0.000]
Occupation of state 10 = 0.000000000000000.
Occupation of state 11 = 0.000000000000000.
Exx outer loop error: 3.0556721829e-01 

No.2 Exx outer loop: 
1            -1.0245760318E+01        3.841E-04        0.163
2            -1.0245508839E+01        9.450E-04        0.187
3            -1.0245513972E+01        1.081E-03        0.137
4            -1.0245981859E+01        5.164E-04        0.146
5            -1.0246257714E+01        3.166E-04        0.152
6            -1.0246081278E+01        3.138E-04        0.137
7            -1.0246079887E+01        3.326E-04        0.138
8            -1.0246352426E+01        4.286E-04        0.136
9            -1.0246266614E+01        3.434E-04        0.132
10           -1.0246441758E+01        4.427E-04        0.142
11           -1.0246213156E+01        2.356E-04        0.133
12           -1.0246137547E+01        1.814E-04        0.140
13           -1.0245959232E+01        6.274E-05        0.151
14           -1.0245915709E+01        3.342E-05        0.152
15           -1.0245847273E+01        2.737E-05        0.132
16           -1.0245856923E+01        1.040E-05        0.130
17           -1.0245866414E+01        8.131E-06        0.117
18           -1.0245861260E+01        3.593E-06        0.739
19           -1.0245862785E+01        2.432E-06        0.127
20           -1.0245861101E+01        1.303E-06        0.110
21           -1.0245862237E+01        1.330E-06        0.108
22           -1.0245861499E+01        4.628E-07        0.056
Total number of SCF: 22    

k = [0.000, 0.000, 0.000]
Occupation of state 10 = 0.000000000000000.
Occupation of state 11 = 0.000000000000000.
Exx outer loop error: 1.1975096828e-03 

No.3 Exx outer loop: 
1            -1.0245856583E+01        3.367E-05        0.148
2            -1.0245839208E+01        9.697E-05        0.120
3            -1.0245854546E+01        9.944E-05        0.142
4            -1.0245852189E+01        8.556E-05        0.126
5            -1.0245849785E+01        1.021E-04        0.152
6            -1.0245842149E+01        8.011E-05        0.114
7            -1.0245848515E+01        8.208E-05        0.147
8            -1.0245849924E+01        8.660E-05        0.129
9            -1.0245842998E+01        8.739E-05        0.159
10           -1.0245883745E+01        2.276E-05        0.123
11           -1.0245863494E+01        4.490E-06        0.168
12           -1.0245864983E+01        3.377E-06        0.125
13           -1.0245863591E+01        1.955E-06        0.112
14           -1.0245862945E+01        1.315E-06        0.110
15           -1.0245862791E+01        1.027E-06        0.100
16           -1.0245863245E+01        1.109E-06        0.089
17           -1.0245862589E+01        7.127E-07        0.054
Total number of SCF: 17    

k = [0.000, 0.000, 0.000]
Occupation of state 10 = 0.000000000000000.
Occupation of state 11 = 0.000000000000000.
Exx outer loop error: 9.0720718173e-05 

No.4 Exx outer loop: 
1            -1.0245863561E+01        4.019E-06        0.157
2            -1.0245861560E+01        1.252E-05        0.094
3            -1.0245861859E+01        1.103E-05        0.094
4            -1.0245861535E+01        1.233E-05        0.096
5            -1.0245862181E+01        7.604E-06        0.087
6            -1.0245862213E+01        6.588E-06        0.094
7            -1.0245862737E+01        4.659E-06        0.091
8            -1.0245862719E+01        5.127E-06        0.092
9            -1.0245862528E+01        4.904E-06        0.664
10           -1.0245862781E+01        6.973E-07        0.128
Total number of SCF: 10    

k = [0.000, 0.000, 0.000]
Occupation of state 10 = 0.000000000000000.
Occupation of state 11 = 0.000000000000000.
Exx outer loop error: 9.9631247821e-06 
====================================================================
                    Energy and force calculation                    
====================================================================
Free energy per atom               : -1.0245861006E+01 (Ha/atom)
Total free energy                  : -2.0491722012E+01 (Ha)
Band structure energy              : -6.1673217854E+00 (Ha)
Exchange correlation energy        : -3.7120102996E+00 (Ha)
Self and correction energy         : -3.3138195944E+01 (Ha)
Entropy*kb*T                       : -6.9761356539E-11 (Ha)
Fermi level                        : -7.2320631757E-02 (Ha)
RMS force                          :  3.3206317518E-02 (Ha/Bohr)
Maximum force                      :  3.3206317518E-02 (Ha/Bohr)
Time for force calculation         :  0.006 (sec)
***************************************************************************
                               Timing info                                 
***************************************************************************
Total walltime                     :  18.514 sec
___________________________________________________________________________

***************************************************************************
*             Material Physics & Mechanics Group, Georgia Tech            *
*                       PI: Phanish Suryanarayana                         *
*                Main Developers: Qimen Xu, Abhiraj Sharma                *
*     Collaborators: J.E. Pask (LLNL), A.J. Medford (GT), E. Chow (GT)    *
*  Acknowledgements: U.S. DOE (DE-SC0019410); U.S. NSF (1333500,1553212)  *
***************************************************************************
                                                                           

***************************************************************************
*                       SPARC (version Dec 27, 2021)                      *
*   Copyright (c) 2020 Material Physics & Mechanics Group, Georgia Tech   *
*           Distributed under GNU General Public License 3 (GPL)          *
*                   Start time: Wed Jan 12 12:35:38 2022                  *
***************************************************************************
                           Input parameters                                
***************************************************************************
CELL: 18.8972612583693 18.8972612583693 19.9649376222059 
LATVEC:
1.000000000000000 0.000000000000000 0.000000000000000 
0.000000000000000 1.000000000000000 0.000000000000000 
0.000000000000000 0.000000000000000 1.000000000000000 
FD_GRID: 100 100 106
FD_ORDER: 12
BC: D D D
SPIN_TYP: 0
ELEC_TEMP_TYPE: Gaussian
SMEARING: 0.007349864435
CHEB_DEGREE: 36
NSTATES: 11
EXCHANGE_CORRELATION: HSE
CALC_STRESS: 0
CALC_PRES: 0
CHEFSI_BOUND_FLAG: 0
MAXIT_SCF: 100
MINIT_SCF: 3
MAXIT_POISSON: 3000
TOL_SCF: 1.00E-06
POISSON_SOLVER: AAR
TOL_POISSON: 1.00E-08
TOL_LANCZOS: 1.00E-02
TOL_PSEUDOCHARGE: 1.00E-08
MIXING_VARIABLE: density
MIXING_PRECOND: kerker
TOL_PRECOND: 3.56E-05
PRECOND_KERKER_KTF: 1
PRECOND_KERKER_THRESH: 0.1
MIXING_PARAMETER: 0.3
MIXING_HISTORY: 7
PULAY_FREQUENCY: 1
PULAY_RESTART: 0
REFERENCE_CUTOFF: 0.5
RHO_TRIGGER: 4
FIX_RAND: 0
VERBOSITY: 1
PRINT_FORCES: 1
PRINT_ATOMS: 1
PRINT_EIGEN: 1
PRINT_DENSITY: 0
PRINT_ENERGY_DENSITY: 0
TOL_FOCK: 5.00E-05
TOL_SCF_INIT: 1.00E-04
MAXIT_FOCK: 1000
EXX_METHOD: FOURIER_SPACE
EXX_DIVERGENCE: AUXILIARY
ACE_FLAG: 1
EXX_ACE_MEM: 1
EXX_ACE_VALENCE_STATES: 10000
EXX_DOWNSAMPLING: 1 1 1
EXX_RANGE_FOCK: 0.106000
EXX_RANGE_PBE: 0.106000
OUTPUT_FILE: sprc-calc
***************************************************************************
                                Cell                                       
***************************************************************************
Lattice vectors (Bohr):
18.897261258369284 0.000000000000000 0.000000000000000 
0.000000000000000 18.897261258369284 0.000000000000000 
0.000000000000000 0.000000000000000 19.964937622205888 
Volume                  :  7.1296086589E+03 (Bohr^3)
***************************************************************************
                           Parallelization                                 
***************************************************************************
NP_SPIN_PARAL: 1
NP_KPOINT_PARAL: 1
NP_BAND_PARAL: 1
NP_DOMAIN_PARAL: 6 7 8
NP_DOMAIN_PHI_PARAL: 6 7 8
EIG_SERIAL_MAXNS: 1500
***************************************************************************
                             Initialization                                
***************************************************************************
Number of processors               :  336
Mesh spacing in x-direction        :  0.188973 (Bohr)
Mesh spacing in y-direction        :  0.188973 (Bohr)
Mesh spacing in z direction        :  0.188348 (Bohr)
Output printed to                  :  sprc-calc.out_01
Final eigenvalues printed to       :  sprc-calc.eigen_01
Total number of atom types         :  1
Total number of atoms              :  2
Total number of electrons          :  10
Atom type 1  (valence electrons)   :  N 5
Pseudopotential                    :  N.psp8
Pseudocharge radii of atom type 1  :  6.99 6.99 6.78 (x, y, z dir)
Number of atoms of type 1          :  2
Estimated total memory usage       :  11.70 GB
Estimated memory per processor     :  35.67 MB
===================================================================
                    Self Consistent Field (SCF#1)                     
===================================================================
Iteration     Free Energy (Ha/atom)   SCF Error        Timing (sec)
1            -1.0458665572E+01        1.499E-01        0.347
2            -1.0440833379E+01        1.021E-01        0.134
3            -1.0379324981E+01        2.566E-02        0.134
4            -1.0368026100E+01        1.338E-02        0.138
5            -1.0369490012E+01        4.250E-03        0.152
6            -1.0368933916E+01        1.839E-03        0.139
7            -1.0367201887E+01        8.210E-04        0.125
8            -1.0365860371E+01        5.743E-04        0.124
9            -1.0365753561E+01        2.647E-04        0.125
10           -1.0365702274E+01        1.212E-04        0.115
11           -1.0365648873E+01        7.786E-05        0.046
Total number of SCF: 11    

k = [0.000, 0.000, 0.000]
Occupation of state 10 = 0.000000000000000.
Occupation of state 11 = 0.000000000000000.

No.1 Exx outer loop: 
1            -1.0244212557E+01        6.084E-03        0.262
2            -1.0240733685E+01        1.241E-02        0.135
3            -1.0243896299E+01        7.022E-03        0.128
4            -1.0245183742E+01        5.120E-03        0.137
5            -1.0246934435E+01        2.506E-03        0.120
6            -1.0247134941E+01        1.640E-03        0.133
7            -1.0245689481E+01        1.394E-03        0.127
8            -1.0245681239E+01        1.177E-03        0.134
9            -1.0246080546E+01        1.971E-04        0.128
10           -1.0246134067E+01        2.143E-04        0.126
11           -1.0245892958E+01        6.072E-05        0.126
12           -1.0245827468E+01        3.678E-05        0.119
13           -1.0245805858E+01        2.171E-05        0.115
14           -1.0245796632E+01        1.536E-05        0.109
15           -1.0245795021E+01        1.174E-05        0.109
16           -1.0245797450E+01        8.258E-06        0.115
17           -1.0245796877E+01        4.316E-06        0.106
18           -1.0245797338E+01        3.168E-06        0.096
19           -1.0245798766E+01        2.467E-06        0.101
20           -1.0245800662E+01        1.621E-06        0.099
21           -1.0245800577E+01        9.646E-07        0.061
Total number of SCF: 21    

k = [0.000, 0.000, 0.000]
Occupation of state 10 = 0.000000000000000.
Occupation of state 11 = 0.000000000000000.
Exx outer loop error: 3.0714568019e-01 

No.2 Exx outer loop: 
1            -1.0245788739E+01        3.790E-04        0.155
2            -1.0245519406E+01        9.337E-04        0.123
3            -1.0245449033E+01        1.065E-03        0.118
4            -1.0245825033E+01        4.775E-04        0.123
5            -1.0245872836E+01        3.020E-04        0.117
6            -1.0245839533E+01        3.057E-04        0.117
7            -1.0246081444E+01        1.677E-04        0.115
8            -1.0246071828E+01        1.479E-04        0.114
9            -1.0246135700E+01        2.022E-04        0.112
10           -1.0246085501E+01        1.704E-04        0.115
11           -1.0245966875E+01        7.370E-05        0.153
12           -1.0245871014E+01        1.919E-05        0.169
13           -1.0245866766E+01        1.226E-05        0.121
14           -1.0245861157E+01        1.092E-05        0.112
15           -1.0245864172E+01        5.703E-06        0.131
16           -1.0245861463E+01        4.916E-06        0.136
17           -1.0245862353E+01        3.221E-06        0.108
18           -1.0245860499E+01        2.350E-06        0.112
19           -1.0245858832E+01        1.300E-06        0.100
20           -1.0245858498E+01        9.319E-07        0.053
Total number of SCF: 20    

k = [0.000, 0.000, 0.000]
Occupation of state 10 = 0.000000000000000.
Occupation of state 11 = 0.000000000000000.
Exx outer loop error: 1.1428334697e-03 

No.3 Exx outer loop: 
1            -1.0245856221E+01        3.388E-05        0.163
2            -1.0245837082E+01        9.538E-05        0.096
3            -1.0245835546E+01        1.094E-04        0.104
4            -1.0245856201E+01        9.068E-05        0.105
5            -1.0245842144E+01        9.079E-05        0.109
6            -1.0245828933E+01        1.175E-04        0.111
7            -1.0245843170E+01        5.204E-05        0.111
8            -1.0245849191E+01        2.861E-05        0.109
9            -1.0245858361E+01        8.475E-06        0.102
10           -1.0245856854E+01        1.764E-06        0.101
11           -1.0245858825E+01        7.871E-07        0.050
Total number of SCF: 11    

k = [0.000, 0.000, 0.000]
Occupation of state 10 = 0.000000000000000.
Occupation of state 11 = 0.000000000000000.
Exx outer loop error: 7.8563052979e-05 

No.4 Exx outer loop: 
1            -1.0245859361E+01        4.234E-06        0.164
2            -1.0245857493E+01        1.232E-05        0.094
3            -1.0245856999E+01        1.082E-05        0.100
4            -1.0245857665E+01        1.011E-05        0.084
5            -1.0245857717E+01        9.601E-06        0.090
6            -1.0245857417E+01        1.046E-05        0.092
7            -1.0245857892E+01        9.099E-06        0.080
8            -1.0245857897E+01        8.914E-06        0.092
9            -1.0245857990E+01        7.759E-06        0.098
10           -1.0245858929E+01        7.791E-07        0.053
Total number of SCF: 10    

k = [0.000, 0.000, 0.000]
Occupation of state 10 = 0.000000000000000.
Occupation of state 11 = 0.000000000000000.
Exx outer loop error: 6.4481511486e-06 
====================================================================
                    Energy and force calculation                    
====================================================================
Free energy per atom               : -1.0245857928E+01 (Ha/atom)
Total free energy                  : -2.0491715857E+01 (Ha)
Band structure energy              : -6.1596652339E+00 (Ha)
Exchange correlation energy        : -5.6524548833E+00 (Ha)
Self and correction energy         : -3.3138195944E+01 (Ha)
Entropy*kb*T                       : -6.9761239768E-11 (Ha)
Fermi level                        : -7.1558779224E-02 (Ha)
RMS force                          :  3.3207297444E-02 (Ha/Bohr)
Maximum force                      :  3.3207297444E-02 (Ha/Bohr)
Time for force calculation         :  0.007 (sec)
***************************************************************************
                               Timing info                                 
***************************************************************************
Total walltime                     :  12.886 sec
___________________________________________________________________________

***************************************************************************
*             Material Physics & Mechanics Group, Georgia Tech            *
*                       PI: Phanish Suryanarayana                         *
*                Main Developers: Qimen Xu, Abhiraj Sharma                *
*     Collaborators: J.E. Pask (LLNL), A.J. Medford (GT), E. Chow (GT)    *
*  Acknowledgements: U.S. DOE (DE-SC0019410); U.S. NSF (1333500,1553212)  *
***************************************************************************
                                                                           
