                Step[ FC]     Time          Energy          fmax
*Force-consistent energies used in optimization.
BFGSLineSearch:    0[  0] 14:51:58   -40438.689537*       5.9131
BFGSLineSearch:    1[  2] 15:04:38   -40439.292290*       5.0592
BFGSLineSearch:    2[  3] 15:11:15   -40441.637503*      10.9129
BFGSLineSearch:    3[  5] 15:21:42   -40442.190937*       7.5347
BFGSLineSearch:    4[  6] 15:27:59   -40443.336072*       7.4722
BFGSLineSearch:    5[  8] 15:41:37   -40444.035412*       4.8830
BFGSLineSearch:    6[  9] 15:49:35   -40444.649470*       8.2389
BFGSLineSearch:    7[ 11] 16:05:25   -40445.745747*       3.6679
BFGSLineSearch:    8[ 13] 16:22:52   -40446.078770*       3.2935
BFGSLineSearch:    9[ 15] 16:38:53   -40446.411175*       1.9055
BFGSLineSearch:   10[ 17] 16:52:28   -40446.705870*       1.8130
BFGSLineSearch:   11[ 19] 17:05:37   -40446.920775*       1.2551
BFGSLineSearch:   12[ 21] 17:22:35   -40447.015608*       2.0171
BFGSLineSearch:   13[ 22] 17:30:01   -40447.125396*       0.9406
BFGSLineSearch:   14[ 24] 17:43:31   -40447.208170*       0.4817
BFGSLineSearch:   15[ 26] 17:55:48   -40447.258749*       1.2250
BFGSLineSearch:   16[ 28] 18:07:35   -40447.282167*       1.1138
BFGSLineSearch:   17[ 30] 18:19:11   -40447.308892*       0.3647
BFGSLineSearch:   18[ 31] 18:25:30   -40447.343433*       0.8448
BFGSLineSearch:   19[ 33] 18:36:55   -40447.387429*       0.8221
                Step[ FC]     Time          Energy          fmax
*Force-consistent energies used in optimization.
BFGSLineSearch:    0[  0] 19:19:08   -40447.387434*       0.8195
BFGSLineSearch:    1[  2] 19:30:52   -40447.403954*       0.4583
BFGSLineSearch:    2[  3] 19:39:20   -40447.426096*       0.4444
BFGSLineSearch:    3[  5] 19:55:09   -40447.452459*       0.4937
BFGSLineSearch:    4[  6] 20:02:30   -40447.462265*       1.1633
BFGSLineSearch:    5[  8] 20:17:35   -40447.470833*       0.2138
BFGSLineSearch:    6[  9] 20:23:16   -40447.482011*       0.3638
BFGSLineSearch:    7[ 10] 20:29:12   -40447.489742*       0.4666
BFGSLineSearch:    8[ 11] 20:34:00   -40447.498588*       0.3262
BFGSLineSearch:    9[ 12] 20:39:39   -40447.503067*       0.1526
BFGSLineSearch:   10[ 13] 20:45:09   -40447.508016*       0.2454
BFGSLineSearch:   11[ 14] 20:51:14   -40447.510829*       0.0987
BFGSLineSearch:   12[ 15] 20:55:13   -40447.514099*       0.0909
BFGSLineSearch:   13[ 16] 20:59:55   -40447.516629*       0.0890
BFGSLineSearch:   14[ 17] 21:07:23   -40447.519115*       0.1019
BFGSLineSearch:   15[ 18] 21:12:42   -40447.521137*       0.0796
BFGSLineSearch:   16[ 19] 21:17:08   -40447.522764*       0.2277
BFGSLineSearch:   17[ 20] 21:21:33   -40447.524161*       0.1999
BFGSLineSearch:   18[ 21] 21:26:04   -40447.525326*       0.0617
BFGSLineSearch:   19[ 22] 21:31:50   -40447.526313*       0.1557
BFGSLineSearch:   20[ 24] 21:42:10   -40447.526946*       0.0584
BFGSLineSearch:   21[ 25] 21:46:07   -40447.527557*       0.2665
BFGSLineSearch:   22[ 26] 21:51:43   -40447.528417*       0.0697
BFGSLineSearch:   23[ 27] 21:56:17   -40447.529164*       0.0708
BFGSLineSearch:   24[ 28] 22:00:38   -40447.529794*       0.0769
BFGSLineSearch:   25[ 30] 22:10:30   -40447.530408*       0.0845
BFGSLineSearch:   26[ 33] 22:28:16   -40447.531979*       0.2486
BFGSLineSearch:   27[ 36] 22:46:25   -40447.533606*       0.0792
BFGSLineSearch:   28[ 37] 22:50:19   -40447.534871*       0.1259
                Step[ FC]     Time          Energy          fmax
*Force-consistent energies used in optimization.
BFGSLineSearch:    0[  0] 23:50:46   -40447.534868*       0.1190
BFGSLineSearch:    1[  1] 00:00:59   -40447.535683*       0.1832
BFGSLineSearch:    2[  4] 00:39:45   -40447.537247*       0.2726
BFGSLineSearch:    3[  5] 00:49:52   -40447.538298*       0.1702
BFGSLineSearch:    4[  8] 01:13:10   -40447.538626*       0.1936
BFGSLineSearch:    5[ 10] 01:32:40   -40447.539520*       0.1973
BFGSLineSearch:    6[ 11] 01:44:40   -40447.540678*       0.1057
BFGSLineSearch:    7[ 14] 02:12:09   -40447.541636*       0.3333
BFGSLineSearch:    8[ 15] 02:22:20   -40447.542535*       0.1453
BFGSLineSearch:    9[ 16] 02:32:31   -40447.542950*       0.0703
BFGSLineSearch:   10[ 30] 03:34:30   -40447.543065*       0.0615
BFGSLineSearch:   11[ 31] 03:42:04   -40447.543854*       0.0524
BFGSLineSearch:   12[ 34] 04:17:06   -40447.544719*       0.1716
                Step[ FC]     Time          Energy          fmax
*Force-consistent energies used in optimization.
BFGSLineSearch:    0[  0] 09:19:09   -40447.544734*       0.1685
BFGSLineSearch:    1[  1] 09:30:29   -40447.545448*       0.0755
BFGSLineSearch:    2[  3] 09:52:45   -40447.545643*       0.0565
BFGSLineSearch:    3[  6] 10:18:29   -40447.546663*       0.1085
BFGSLineSearch:    4[  9] 10:46:56   -40447.547336*       0.0535
BFGSLineSearch:    5[ 12] 11:22:40   -40447.547845*       0.0807
BFGSLineSearch:    6[ 14] 11:48:01   -40447.548104*       0.1019
BFGSLineSearch:    7[ 15] 12:02:34   -40447.549162*       0.0964
BFGSLineSearch:    8[ 37] 13:48:13   -40447.549231*       0.1181
                Step[ FC]     Time          Energy          fmax
*Force-consistent energies used in optimization.
BFGSLineSearch:    0[  0] 10:16:42   -40447.549197*       0.1145
BFGSLineSearch:    1[  3] 10:41:28   -40447.550272*       0.1744
BFGSLineSearch:    2[  5] 11:06:47   -40447.550997*       0.0661
BFGSLineSearch:    3[  6] 11:16:30   -40447.551609*       0.1403
BFGSLineSearch:    4[  9] 11:51:17   -40447.552956*       0.0495
